
Loading the model ...
  input file   : /home/rstudio/projects/pomdp-ram/notebook/ram_pomdp_soln/3e0208ee730.pomdpx
  loading time : 7.51s 

SARSOP initializing ...
  initialization time : 719.72s

-------------------------------------------------------------------------------
 Time   |#Trial |#Backup |LBound    |UBound    |Precision  |#Alphas |#Beliefs  
-------------------------------------------------------------------------------
 719.72  0       0        1.46421    2.46664    1.00244     120      1        
 720.72  1       57       1.74153    1.89623    0.154707    42       15       
 721.28  2       137      1.75903    1.89623    0.137205    46       18       
 721.32  2       150      1.75903    1.89623    0.137205    55       18       
 721.67  3       217      1.77078    1.89623    0.125451    48       20       
 721.75  3       250      1.77078    1.89623    0.125451    52       20       
 722.05  4       300      1.78418    1.89623    0.112048    44       21       
 722.45  5       381      1.79494    1.89623    0.101284    45       23       
 722.5   5       400      1.79494    1.89623    0.101284    59       23       
 722.87  6       463      1.80337    1.89623    0.0928567   45       25       
 722.95  6       500      1.80337    1.89623    0.0928567   55       25       
 723.22  7       550      1.81157    1.89623    0.0846559   48       26       
 723.66  8       627      1.81793    1.89623    0.0782954   46       28       
 723.72  8       650      1.81793    1.89623    0.0782954   55       28       
 724.13  9       709      1.82307    1.89622    0.0731575   46       30       
 724.46  10      750      1.82307    1.89622    0.0731575   59       32       
 724.62  10      800      1.82717    1.89622    0.0690569   55       32       
 725.08  11      873      1.83193    1.89622    0.0642929   43       34       
 725.14  11      900      1.83193    1.89622    0.0642929   49       34       
 725.44  12      955      1.83672    1.89622    0.0594995   43       35       
 725.95  13      1037     1.83971    1.89622    0.0565091   16       37       
 725.98  13      1050     1.83971    1.89622    0.0565091   16       37       
 726.43  14      1119     1.84353    1.89622    0.0526958   14       39       
 726.48  14      1150     1.84353    1.89622    0.0526958   13       39       
 726.91  15      1201     1.84605    1.89622    0.0501735   14       41       
 727.26  16      1283     1.84776    1.89622    0.0484621   13       42       
 727.29  16      1300     1.84776    1.89622    0.0484621   11       42       
 727.63  17      1365     1.85012    1.89622    0.0461039   11       43       
 727.7   17      1400     1.85012    1.89622    0.0461039   11       43       
 727.82  18      1450     1.85219    1.89622    0.0440276   11       43       
 728.13  19      1529     1.85455    1.89622    0.0416721   11       44       
 728.17  19      1550     1.85455    1.89622    0.0416721   12       44       
 728.49  20      1611     1.85661    1.89622    0.0396165   11       45       
 728.56  20      1650     1.85661    1.89622    0.0396165   13       45       
 728.87  21      1700     1.85875    1.89622    0.0374728   12       46       
 729.48  22      1775     1.86017    1.89622    0.0360518   11       48       
 729.53  22      1800     1.86017    1.89622    0.0360518   10       48       
 729.65  23      1857     1.86202    1.89622    0.034199    12       48       
 730.05  24      1939     1.8633     1.89622    0.0329218   13       49       
 730.09  24      1950     1.8633     1.89622    0.0329218   13       49       
 730.25  25      2021     1.8648     1.89622    0.0314195   12       49       
 730.31  25      2050     1.8648     1.89622    0.0314195   11       49       
 730.66  26      2103     1.86584    1.89622    0.0303808   11       50       
 730.84  27      2185     1.86706    1.89622    0.0291592   12       50       
 730.87  27      2200     1.86706    1.89622    0.0291592   13       50       
 731.73  28      2267     1.86817    1.89622    0.0280505   12       53       
 731.79  28      2300     1.86817    1.89622    0.0280505   12       53       
 732.15  29      2350     1.86922    1.89622    0.0270053   13       54       
 732.94  30      2431     1.87015    1.89622    0.0260673   11       56       
 732.98  30      2450     1.87015    1.89622    0.0260673   12       56       
 733.74  31      2513     1.87124    1.89622    0.024984    12       58       
 733.81  31      2550     1.87124    1.89622    0.024984    12       58       
 734.61  32      2600     1.87209    1.89622    0.0241332   11       60       
 735.1   33      2677     1.87278    1.89622    0.0234378   14       61       
 735.16  33      2700     1.87278    1.89622    0.0234378   13       61       
 736.68  34      2761     1.8737     1.89622    0.0225203   11       65       
 736.76  34      2800     1.8737     1.89622    0.0225203   12       65       
 737.26  35      2850     1.87465    1.89622    0.0215757   13       66       
 738.26  36      2925     1.87508    1.89622    0.0211434   13       68       
 738.32  36      2950     1.87508    1.89622    0.0211434   13       68       
 739.18  37      3009     1.8758     1.89622    0.0204188   12       70       
 740.11  38      3050     1.8758     1.89622    0.0204188   16       72       
 740.26  38      3100     1.87657    1.89622    0.0196481   11       72       
 741.39  39      3175     1.8772     1.89622    0.019024    14       74       
 741.45  39      3200     1.8772     1.89622    0.019024    14       74       
 742.1   40      3257     1.87765    1.89622    0.0185733   15       75       
 743.39  41      3341     1.87807    1.89622    0.0181478   15       77       
 743.43  41      3350     1.87807    1.89622    0.0181478   14       77       
 744.76  42      3423     1.87836    1.89622    0.0178599   15       80       
 744.83  42      3450     1.87836    1.89622    0.0178599   14       80       
 746.36  43      3507     1.87883    1.89622    0.0173898   13       83       
 748.08  44      3591     1.87936    1.89622    0.0168559   15       86       
 748.12  44      3600     1.87936    1.89622    0.0168559   14       86       
 749.4   45      3673     1.87971    1.89622    0.0165099   15       88       
 749.47  45      3700     1.87971    1.89622    0.0165099   15       88       
 751.36  46      3757     1.88014    1.89622    0.0160813   16       91       
 752.9   47      3839     1.88045    1.89622    0.0157699   16       93       
 752.96  47      3850     1.88045    1.89622    0.0157699   16       93       
 754.57  48      3921     1.88074    1.89622    0.0154757   16       95       
 754.66  48      3950     1.88074    1.89622    0.0154757   15       95       
 757.89  49      4005     1.88102    1.89622    0.0152003   16       100      
 758.93  50      4087     1.88133    1.89622    0.014886    18       101      
 758.99  50      4100     1.88133    1.89622    0.014886    15       101      
 761.43  51      4171     1.88166    1.89622    0.0145543   16       104      
 761.52  51      4200     1.88166    1.89622    0.0145543   15       104      
 762.58  52      4255     1.88201    1.89622    0.0142037   16       105      
 764.06  53      4339     1.88227    1.89622    0.0139444   17       107      
 764.11  53      4350     1.88227    1.89622    0.0139444   16       107      
 765.08  54      4421     1.88248    1.89622    0.0137357   17       108      
 765.17  54      4450     1.88248    1.89622    0.0137357   17       108      
 767.8   55      4505     1.88268    1.89621    0.0135302   18       111      
 769.87  56      4587     1.88294    1.89621    0.0132714   17       113      
 769.93  56      4600     1.88294    1.89621    0.0132714   16       113      
 772.75  57      4671     1.88317    1.89621    0.0130489   18       116      
 772.84  57      4700     1.88317    1.89621    0.0130489   18       116      
 776.73  58      4755     1.88347    1.89621    0.0127418   16       120      
 779.37  59      4839     1.88369    1.89621    0.0125207   18       122      
 779.44  59      4850     1.88369    1.89621    0.0125207   17       122      
 782.86  60      4923     1.88387    1.89621    0.0123479   17       125      
 782.96  60      4950     1.88387    1.89621    0.0123479   16       125      
 784.88  61      5007     1.88413    1.89621    0.0120877   17       127      
 786.28  62      5089     1.88432    1.89621    0.0118975   17       128      
 786.35  62      5100     1.88432    1.89621    0.0118975   17       128      
 788.79  63      5171     1.88448    1.89621    0.011731    16       130      
 788.89  63      5200     1.88448    1.89621    0.011731    15       130      
 790.14  64      5253     1.88464    1.89621    0.0115698   16       131      
 793.96  65      5337     1.88478    1.89621    0.0114264   17       134      
 794.04  65      5350     1.88478    1.89621    0.0114264   18       134      
 797.99  66      5421     1.88496    1.89621    0.0112505   17       138      
 798.09  66      5450     1.88496    1.89621    0.0112505   17       138      
 800.35  67      5503     1.88513    1.89621    0.011077    15       140      
 802.95  68      5585     1.88527    1.89621    0.0109364   16       142      
 803.03  68      5600     1.88527    1.89621    0.0109364   18       142      
 806.96  69      5669     1.88542    1.89621    0.0107931   16       145      
 807.07  69      5700     1.88542    1.89621    0.0107931   15       145      
 809.8   70      5753     1.88556    1.89621    0.0106473   17       147      
 813.28  71      5835     1.88572    1.89621    0.0104896   15       150      
 813.35  71      5850     1.88572    1.89621    0.0104896   15       150      
 815.65  72      5917     1.88582    1.89621    0.010393    20       152      
 815.77  72      5950     1.88582    1.89621    0.010393    22       152      
 818.5   73      6001     1.88588    1.89621    0.0103253   17       154      
 821.49  74      6085     1.88595    1.89621    0.0102582   19       156      
 821.57  74      6100     1.88595    1.89621    0.0102582   19       156      
 823.05  75      6167     1.88604    1.89621    0.0101631   16       157      
 823.17  75      6200     1.88604    1.89621    0.0101631   18       157      
 824.68  76      6250     1.88613    1.89621    0.0100767   21       158      
 828.82  77      6333     1.8862     1.8962     0.0100001   20       161      
 828.91  77      6350     1.8862     1.8962     0.0100001   22       161      
 831.97  78      6415     1.88626    1.8962     0.00994329  20       163      
 832.09  78      6450     1.88626    1.8962     0.00994329  20       163      
 834.75  79      6500     1.88635    1.8962     0.00985237  20       165      
 836.51  80      6581     1.88645    1.8962     0.00975316  19       166      
 836.6   80      6600     1.88645    1.8962     0.00975316  19       166      
 840.91  81      6665     1.88653    1.8962     0.00967329  18       169      
 841.03  81      6700     1.88653    1.8962     0.00967329  20       169      
 842.62  82      6750     1.88661    1.8962     0.00958583  17       170      
 845.91  83      6831     1.88668    1.8962     0.00951453  20       172      
 846.01  83      6850     1.88668    1.8962     0.00951453  20       172      
 847.8   84      6913     1.88677    1.8962     0.00943013  20       173      
 847.93  84      6950     1.88677    1.8962     0.00943013  21       173      
 851.49  85      7000     1.88683    1.8962     0.00936784  21       175      
 854.94  86      7081     1.88688    1.8962     0.00931639  22       177      
 855.03  86      7100     1.88688    1.8962     0.00931639  22       177      
 856.99  87      7163     1.88693    1.8962     0.00926783  23       178      
 857.13  87      7200     1.88693    1.8962     0.00926783  23       178      
 860.34  88      7250     1.88698    1.8962     0.00921734  22       180      
 862.35  89      7329     1.88703    1.8962     0.00916573  22       181      
 862.45  89      7350     1.88703    1.8962     0.00916573  22       181      
 866.19  90      7413     1.88707    1.89619    0.00912198  25       183      
 866.34  90      7450     1.88707    1.89619    0.00912198  25       183      
 869.63  91      7500     1.88716    1.89619    0.00903001  22       185      
 874.3   92      7579     1.88724    1.89619    0.00895633  20       188      
 874.4   92      7600     1.88724    1.89619    0.00895633  20       188      
 876.33  93      7661     1.88729    1.89619    0.00890747  19       189      
 877.82  93      7700     1.88729    1.89619    0.00890747  20       190      
 881.82  94      7750     1.88732    1.89619    0.00886792  20       192      
 884.67  95      7829     1.88738    1.89619    0.00880667  20       194      
 884.77  95      7850     1.88738    1.89619    0.00880667  20       194      
 886.83  96      7911     1.88743    1.89619    0.00876307  23       195      
 886.98  96      7950     1.88743    1.89619    0.00876307  24       195      
 889.04  97      8000     1.88745    1.89619    0.00873639  22       196      
 891.15  98      8075     1.8875     1.89619    0.00868924  20       197      
 891.26  98      8100     1.8875     1.89619    0.00868924  20       197      
 893.44  99      8157     1.88755    1.89619    0.00864329  20       198      
 896.82  100     8241     1.88759    1.89619    0.00859772  21       200      
 896.9   100     8250     1.88759    1.89619    0.00859772  21       200      
 900.62  101     8323     1.88763    1.89619    0.00855285  24       202      
 900.75  101     8350     1.88763    1.89619    0.00855285  24       202      
 901     102     8405     1.88766    1.89618    0.00852488  21       202      
 904.5   103     8489     1.8877     1.89618    0.00848123  23       204      
 904.58  103     8500     1.8877     1.89618    0.00848123  23       204      
 908.58  104     8573     1.88777    1.89618    0.00841251  19       206      
 908.7   104     8600     1.88777    1.89618    0.00841251  19       206      
 910.99  105     8655     1.88784    1.89618    0.00833766  20       207      
 913.41  106     8737     1.88789    1.89618    0.0082904   20       208      
 913.5   106     8750     1.88789    1.89618    0.0082904   20       208      
 915.6   107     8819     1.88791    1.89618    0.00826706  23       209      
 915.73  107     8850     1.88791    1.89618    0.00826706  23       209      
 919.09  108     8903     1.88794    1.89618    0.00823803  24       211      
 921.47  109     8985     1.88796    1.89617    0.00821215  23       212      
 921.57  109     9000     1.88796    1.89617    0.00821215  23       212      
 926.27  110     9067     1.888      1.89617    0.00816977  26       215      
 926.42  110     9100     1.888      1.89617    0.00816977  26       215      
 928.94  111     9150     1.88802    1.89617    0.00815643  27       216      
 933.2   112     9233     1.88806    1.89617    0.00811474  23       218      
 933.31  112     9250     1.88806    1.89617    0.00811474  23       218      
 935.56  113     9315     1.88809    1.89617    0.00807284  23       219      
 935.7   113     9350     1.88809    1.89617    0.00807284  23       219      
 938.01  114     9400     1.88813    1.89616    0.00803482  28       220      
 942.54  115     9479     1.88815    1.89616    0.00800876  27       222      
 942.66  115     9500     1.88815    1.89616    0.00800876  27       222      
 947.41  116     9563     1.88818    1.89616    0.00797834  27       224      
 947.57  116     9600     1.88818    1.89616    0.00797834  27       224      
 951.91  117     9650     1.88821    1.89616    0.00794618  23       226      
 956.01  118     9729     1.88824    1.89616    0.00791905  23       228      
 956.13  118     9750     1.88824    1.89616    0.00791905  23       228      
 960.48  119     9813     1.88826    1.89616    0.00789137  27       230      
 960.64  119     9850     1.88826    1.89616    0.00789137  27       230      
 965.02  120     9900     1.88829    1.89615    0.00786457  28       232      
 969.51  121     9979     1.88832    1.89615    0.00782677  28       235      
 969.63  121     10000    1.88832    1.89615    0.00782677  28       235      
 974.4   122     10061    1.88835    1.89615    0.00779826  25       237      
 976.91  122     10100    1.88835    1.89615    0.00779826  25       238      
 979.77  123     10150    1.88838    1.89615    0.00777412  26       239      
 982.69  124     10225    1.88839    1.89615    0.00775486  24       240      
 982.83  124     10250    1.88839    1.89615    0.00775486  24       240      
 985.68  125     10307    1.88842    1.89615    0.00772518  23       241      
 990.19  126     10391    1.88844    1.89614    0.00770066  24       243      
 990.29  126     10400    1.88844    1.89614    0.00770066  24       243      
 993.35  127     10473    1.88847    1.89614    0.00767124  25       244      
 993.49  127     10500    1.88847    1.89614    0.00767124  25       244      
 999.05  128     10555    1.88849    1.89614    0.00765191  26       246      
 1004.25 129     10637    1.88851    1.89614    0.00762811  24       248      
 1004.35 129     10650    1.88851    1.89614    0.00762811  24       248      
 1007.42 130     10719    1.88853    1.89614    0.00760155  25       249      
 1007.57 130     10750    1.88853    1.89614    0.00760155  25       249      
 1007.83 131     10801    1.88856    1.89613    0.00757853  23       249      
 1013.29 132     10885    1.88857    1.89613    0.00755699  25       251      
 1013.41 132     10900    1.88857    1.89613    0.00755699  25       251      
 1018.89 133     10967    1.8886     1.89613    0.00753042  25       253      
 1019.06 133     11000    1.8886     1.89613    0.00753042  25       253      
 1024.34 134     11050    1.88862    1.89613    0.0075086   25       255      
 1029.66 135     11131    1.88866    1.89613    0.00746904  24       257      
 1029.8  135     11150    1.88866    1.89613    0.00746904  24       257      
 1036.77 136     11215    1.88868    1.89613    0.0074495   27       260      
 1036.94 136     11250    1.88868    1.89613    0.0074495   27       260      
 1042.18 137     11300    1.88869    1.89612    0.00743544  28       262      
 1047.51 138     11383    1.88871    1.89612    0.00741452  30       264      
 1047.65 138     11400    1.88871    1.89612    0.00741452  30       264      
 1047.98 139     11465    1.88872    1.89612    0.00740085  32       264      
 1048.17 139     11500    1.88872    1.89612    0.00740085  32       264      
 1054.09 140     11550    1.88873    1.89612    0.00738716  32       266      
 1057.1  141     11629    1.88876    1.89612    0.00736318  29       267      
 1057.26 141     11650    1.88876    1.89612    0.00736318  29       267      
 1063.54 142     11711    1.88877    1.89612    0.00734779  28       269      
 1063.73 142     11750    1.88877    1.89612    0.00734779  28       269      
 1069.55 143     11800    1.88879    1.89612    0.00732445  27       271      
 1075.77 144     11879    1.88882    1.89611    0.00729709  26       273      
 1075.93 144     11900    1.88882    1.89611    0.00729709  26       273      
 1083.84 145     11963    1.88883    1.89611    0.00727956  30       276      
 1084.03 145     12000    1.88883    1.89611    0.00727956  30       276      
 1089.84 146     12050    1.88885    1.89611    0.00726503  32       278      
 1095.14 147     12129    1.88886    1.89611    0.00724835  28       280      
 1095.29 147     12150    1.88886    1.89611    0.00724835  28       280      
 1100.42 148     12211    1.88888    1.89611    0.00722843  29       282      
 1106.14 148     12250    1.88888    1.89611    0.00722843  30       284      
 1109.86 149     12300    1.88889    1.89611    0.00721814  30       285      
 1116.63 150     12375    1.88891    1.8961     0.0071991   30       287      
 1116.79 150     12400    1.88891    1.8961     0.0071991   30       287      
 1125.61 151     12459    1.88892    1.8961     0.00718548  31       290      
 1129.24 152     12500    1.88892    1.8961     0.00718548  33       291      
 1129.54 152     12550    1.88893    1.8961     0.00717366  35       291      
 1133.49 153     12623    1.88893    1.8961     0.00716817  37       292      
 1133.68 153     12650    1.88893    1.8961     0.00716817  37       292      
 1137.52 154     12707    1.88894    1.8961     0.0071638   39       293      
 1141.12 155     12789    1.88894    1.8961     0.0071584   39       294      
 1141.26 155     12800    1.88894    1.8961     0.0071584   39       294      
 1145.08 156     12871    1.88895    1.8961     0.00714742  38       295      
 1145.27 156     12900    1.88895    1.8961     0.00714742  38       295      
 1149.27 157     12953    1.88896    1.8961     0.00713951  38       296      
 1156.44 158     13035    1.88897    1.8961     0.00713187  38       298      
 1156.59 158     13050    1.88897    1.8961     0.00713187  38       298      
 1164.39 159     13119    1.88898    1.8961     0.00712104  37       300      
 1164.61 159     13150    1.88898    1.8961     0.00712104  37       300      
 1171.54 160     13203    1.88898    1.8961     0.00711229  34       302      
 1180.68 161     13287    1.889      1.8961     0.0070957   31       305      
 1180.83 161     13300    1.889      1.8961     0.0070957   31       305      
 1184.84 162     13369    1.88901    1.89609    0.00708787  38       306      
 1185.06 162     13400    1.88901    1.89609    0.00708787  38       306      
 1191.83 163     13451    1.88902    1.89609    0.00707571  32       308      
 1196.25 164     13533    1.88903    1.89609    0.00706544  31       309      
 1196.42 164     13550    1.88903    1.89609    0.00706544  31       309      
 1200.26 165     13615    1.88904    1.89609    0.00705393  30       310      
 1200.47 165     13650    1.88904    1.89609    0.00705393  30       310      
 1208.64 166     13700    1.88905    1.89609    0.00704655  30       312      
 1216.05 167     13783    1.88905    1.89609    0.00703793  32       314      
 1216.23 167     13800    1.88905    1.89609    0.00703793  32       314      
 1219.61 168     13865    1.88906    1.89609    0.00703154  34       315      
 1219.83 168     13900    1.88906    1.89609    0.00703154  34       315      
 1232.74 169     13950    1.88907    1.89609    0.00701929  31       319      
 1237.23 170     14031    1.88908    1.89609    0.00700683  31       320      
 1237.41 170     14050    1.88908    1.89609    0.00700683  31       320      
 1241.8  171     14113    1.88909    1.89609    0.00700052  36       321      
 1242.05 171     14150    1.88909    1.89609    0.00700052  36       321      
 1246.43 172     14200    1.88909    1.89609    0.00699507  38       322      
 1254.22 173     14279    1.8891     1.89608    0.00698442  32       324      
 1254.39 173     14300    1.8891     1.89608    0.00698442  32       324      
 1261.49 174     14363    1.88911    1.89608    0.0069712   30       326      
 1261.72 174     14400    1.88911    1.89608    0.0069712   30       326      
 1265.79 175     14450    1.88912    1.89608    0.00695924  26       327      
 1273.55 176     14527    1.88914    1.89608    0.00693425  27       330      
 1273.74 176     14550    1.88914    1.89608    0.00693425  27       330      
 1280.69 177     14611    1.88916    1.89608    0.00691739  29       332      
 1283.53 177     14650    1.88916    1.89608    0.00691739  30       333      
 1287.46 178     14700    1.88917    1.89607    0.00690338  31       334      
 1291.47 179     14775    1.88918    1.89607    0.00689037  28       335      
 1291.66 179     14800    1.88918    1.89607    0.00689037  28       335      
 1298.76 180     14857    1.88919    1.89607    0.00688196  31       337      
 1307.32 181     14941    1.8892     1.89607    0.00687542  30       339      
 1307.46 181     14950    1.8892     1.89607    0.00687542  30       339      
 1307.9  182     15023    1.8892     1.89607    0.00686845  35       339      
 1308.12 182     15050    1.8892     1.89607    0.00686845  35       339      
 1316.43 183     15105    1.88921    1.89607    0.00686034  34       341      
 1316.89 184     15187    1.88922    1.89607    0.00684866  34       341      
 1317.05 184     15200    1.88922    1.89607    0.00684866  34       341      
 1325.23 185     15271    1.88923    1.89607    0.00683782  34       343      
 1325.5  185     15300    1.88923    1.89607    0.00683782  34       343      
 1332.5  186     15355    1.88924    1.89607    0.00682202  32       345      
 1339.48 187     15439    1.88925    1.89606    0.00681193  34       347      
 1339.65 187     15450    1.88925    1.89606    0.00681193  34       347      
 1344.1  188     15521    1.88926    1.89606    0.00680479  35       348      
 1344.32 188     15550    1.88926    1.89606    0.00680479  35       348      
 1351.82 189     15603    1.88927    1.89606    0.00679692  41       350      
 1363.44 190     15685    1.88927    1.89606    0.00678925  43       355      
 1363.63 190     15700    1.88927    1.89606    0.00678925  43       355      
 1371.38 191     15769    1.88928    1.89606    0.00678101  43       357      
 1371.62 191     15800    1.88928    1.89606    0.00678101  43       357      
 1376.13 192     15851    1.88929    1.89606    0.00677324  41       358      
 1376.66 193     15933    1.88929    1.89606    0.00676744  38       358      
 1376.85 193     15950    1.88929    1.89606    0.00676744  38       358      
 1384.67 194     16015    1.8893     1.89606    0.00676126  40       360      
 1384.92 194     16050    1.8893     1.89606    0.00676126  40       360      
 1389.02 195     16100    1.8893     1.89606    0.00675465  38       361      
 1401.34 196     16181    1.88931    1.89606    0.00674717  41       364      
 1401.54 196     16200    1.88931    1.89606    0.00674717  41       364      
 1408.91 197     16263    1.88932    1.89606    0.006739    40       366      
 1409.2  197     16300    1.88932    1.89606    0.006739    40       366      
 1417.42 198     16350    1.88933    1.89606    0.00672844  40       368      
 1422.84 199     16429    1.88933    1.89606    0.00672035  37       369      
 1423.06 199     16450    1.88933    1.89606    0.00672035  37       369      
 1428.25 200     16511    1.88934    1.89605    0.00671452  38       370      
 1428.57 200     16550    1.88934    1.89605    0.00671452  39       370      
 1433.71 201     16600    1.88934    1.89605    0.00670981  37       371      
 1442.91 202     16677    1.88935    1.89605    0.00669955  38       373      
 1443.13 202     16700    1.88935    1.89605    0.00669955  38       373      
 1447.8  203     16759    1.88936    1.89605    0.0066932   41       374      
 1452.3  204     16800    1.88936    1.89605    0.0066932   41       375      
 1452.7  204     16850    1.88936    1.89605    0.00668708  42       375      
 1457.43 205     16923    1.88937    1.89605    0.00668035  42       376      
 1457.67 205     16950    1.88937    1.89605    0.00668035  42       376      
 1469.51 206     17007    1.88937    1.89605    0.00667174  39       379      
 1470.05 207     17089    1.88939    1.89605    0.00666045  34       379      
 1470.22 207     17100    1.88939    1.89605    0.00666045  34       379      
 1478.85 208     17171    1.88939    1.89605    0.00665527  34       381      
 1479.11 208     17200    1.88939    1.89605    0.00665527  34       381      
 1487.69 209     17255    1.8894     1.89605    0.00664998  39       383      
 1496.95 210     17339    1.8894     1.89604    0.00663966  37       385      
 1497.14 210     17350    1.8894     1.89604    0.00663966  37       385      
 1509.99 211     17421    1.88941    1.89604    0.00663245  37       388      
 1510.25 211     17450    1.88941    1.89604    0.00663245  37       388      
 1515.25 212     17503    1.88941    1.89604    0.00662498  37       389      
 1519.81 213     17585    1.88942    1.89604    0.00661671  36       390      
 1520    213     17600    1.88942    1.89604    0.00661671  36       390      
 1524.78 214     17669    1.88943    1.89604    0.00660322  32       391      
 1525.02 214     17700    1.88943    1.89604    0.00660322  32       391      
 1534.8  215     17751    1.88944    1.89604    0.00659681  33       393      
 1548.52 216     17833    1.88944    1.89603    0.00659293  32       396      
 1548.72 216     17850    1.88944    1.89603    0.00659293  32       396      
 1553.41 217     17915    1.88945    1.89603    0.00658524  34       397      
 1553.7  217     17950    1.88945    1.89603    0.00658524  34       397      
 1559.58 218     18000    1.88945    1.89603    0.00658057  37       398      
 1560.16 219     18079    1.88946    1.89603    0.00657528  38       398      
 1560.4  219     18100    1.88946    1.89603    0.00657528  38       398      
 1569.36 220     18161    1.88946    1.89603    0.00657231  39       400      
 1573.07 220     18200    1.88946    1.89603    0.00657231  37       401      
 1577.97 221     18250    1.88946    1.89603    0.00656713  37       402      
 1582.56 222     18325    1.88947    1.89603    0.00655847  35       403      
 1582.81 222     18350    1.88947    1.89603    0.00655847  35       403      
 1590.7  223     18409    1.88947    1.89603    0.00655353  36       405      
 1599.84 224     18450    1.88947    1.89603    0.00655353  39       407      
 1600.24 224     18500    1.88948    1.89602    0.00654402  41       407      
 1607.78 225     18573    1.88948    1.89602    0.00654131  41       409      
 1608.06 225     18600    1.88948    1.89602    0.00654131  41       409      
 1619.66 226     18655    1.88948    1.89602    0.00653764  44       411      
 1620.3  227     18737    1.88948    1.89602    0.0065332   44       411      
 1620.51 227     18750    1.88948    1.89602    0.0065332   44       411      
 1626.16 228     18819    1.88949    1.89602    0.00652984  47       412      
 1626.46 228     18850    1.88949    1.89602    0.00652984  47       412      
 1635.74 229     18901    1.88949    1.89602    0.00652732  46       414      
 1645.47 230     18985    1.88949    1.89602    0.00652198  45       416      
 1645.69 230     19000    1.88949    1.89602    0.00652198  46       416      
 1651.21 231     19067    1.8895     1.89602    0.00651679  42       417      
 1651.53 231     19100    1.8895     1.89602    0.00651679  42       417      
 1661.84 232     19151    1.8895     1.89601    0.00651358  47       419      
 1676.46 233     19233    1.8895     1.89601    0.00650847  52       422      
 1676.71 233     19250    1.8895     1.89601    0.00650847  52       422      
 1677.31 234     19315    1.88951    1.89601    0.006504    51       422      
 1677.66 234     19350    1.88951    1.89601    0.006504    51       422      
 1683.28 235     19400    1.88951    1.89601    0.00649973  53       423      
 1692.28 236     19481    1.88951    1.89601    0.00649677  60       425      
 1692.55 236     19500    1.88951    1.89601    0.00649677  60       425      
 1703.68 237     19563    1.88952    1.89601    0.00649294  56       427      
 1704.06 237     19600    1.88952    1.89601    0.00649294  56       427      
 1714.47 238     19650    1.88952    1.89601    0.0064907   58       429      
 1720.94 239     19729    1.88952    1.89601    0.00648685  56       430      
 1721.24 239     19750    1.88952    1.89601    0.00648685  56       430      
 1728.24 240     19811    1.88952    1.89601    0.00648381  58       431      
 1728.68 240     19850    1.88952    1.89601    0.00648381  57       431      
 1735.11 241     19900    1.88953    1.89601    0.00648096  52       432      
 1740.8  242     19975    1.88953    1.89601    0.00647853  51       433      
 1741.11 242     20000    1.88953    1.89601    0.00647853  51       433      
 1747.04 243     20057    1.88953    1.89601    0.00647556  49       434      
 1759.03 244     20139    1.88953    1.89601    0.00647194  51       436      
 1759.27 244     20150    1.88953    1.89601    0.00647194  51       436      
 1766.42 245     20221    1.88954    1.89601    0.00646672  49       437      
 1766.78 245     20250    1.88954    1.89601    0.00646672  49       437      
 1773.89 246     20303    1.88954    1.896      0.00646361  49       438      
 1779.42 247     20385    1.88954    1.896      0.00645774  46       439      
 1779.67 247     20400    1.88954    1.896      0.00645774  46       439      
 1785.95 248     20467    1.88955    1.896      0.00645448  46       440      
 1786.31 248     20500    1.88955    1.896      0.00645448  46       440      
 1800.55 249     20551    1.88955    1.896      0.00645095  46       443      
 1817.12 250     20635    1.88955    1.896      0.00644762  49       446      
 1817.38 250     20650    1.88955    1.896      0.00644762  49       446      
 1822.59 251     20717    1.88955    1.896      0.00644282  49       447      
 1822.94 251     20750    1.88955    1.896      0.00644282  49       447      
 1829.23 252     20800    1.88956    1.896      0.00643961  51       448      
 1834.6  253     20881    1.88956    1.896      0.00643796  50       449      
 1834.89 253     20900    1.88956    1.896      0.00643796  50       449      
 1851.29 254     20965    1.88956    1.89599    0.00643514  52       453      
 1851.68 254     21000    1.88956    1.89599    0.00643514  52       453      
 1858.29 255     21050    1.88956    1.89599    0.00643256  55       454      
 1869.74 256     21129    1.88956    1.89599    0.00642518  60       458      
 1870.07 256     21150    1.88956    1.89599    0.00642518  60       458      
 1877.21 257     21211    1.88957    1.89599    0.00642191  63       459      
 1877.68 257     21250    1.88957    1.89599    0.00642191  63       459      
 1884    258     21300    1.88957    1.89599    0.00641972  57       460      
 1891.33 259     21375    1.88957    1.89599    0.00641775  57       461      
 1891.68 259     21400    1.88957    1.89599    0.00641775  57       461      
 1914.4  260     21459    1.88957    1.89598    0.00641379  61       465      
 1920.93 261     21500    1.88957    1.89598    0.00641379  63       466      
 1921.53 261     21550    1.88957    1.89598    0.00640963  64       466      
 1940.46 262     21623    1.88957    1.89598    0.00640423  66       470      
 1940.86 262     21650    1.88957    1.89598    0.00640423  66       470      
 1951.94 263     21705    1.88958    1.89598    0.00640001  61       472      
 1963.99 264     21789    1.88958    1.89598    0.00639796  60       474      
 1964.27 264     21800    1.88958    1.89598    0.00639796  60       474      
 1965.07 265     21871    1.88958    1.89598    0.00639529  58       474      
 1965.45 265     21900    1.88958    1.89598    0.00639529  58       474      
 1978.54 266     21955    1.88958    1.89598    0.00639315  54       476      
 1989.28 267     22037    1.88959    1.89597    0.00638753  55       478      
 1989.57 267     22050    1.88959    1.89597    0.00638753  55       478      
 2007.64 268     22119    1.88959    1.89597    0.006386    54       481      
 2008.04 268     22150    1.88959    1.89597    0.006386    54       481      
 2014.95 269     22201    1.88959    1.89597    0.00638451  57       482      
 2021.43 270     22283    1.88959    1.89597    0.0063813   55       483      
 2021.74 270     22300    1.88959    1.89597    0.0063813   55       483      
 2033.5  271     22367    1.88959    1.89597    0.00637929  54       485      
 2033.92 271     22400    1.88959    1.89597    0.00637929  54       485      
 2044.84 272     22451    1.8896     1.89597    0.0063762   51       487      
 2051.07 273     22533    1.8896     1.89597    0.00637177  49       488      
 2051.32 273     22550    1.8896     1.89597    0.00637177  49       488      
 2057.71 274     22615    1.8896     1.89597    0.00636874  50       489      
 2058.08 274     22650    1.8896     1.89597    0.00636874  50       489      
 2064.95 275     22700    1.88961    1.89597    0.006365    50       491      
 2065.64 276     22779    1.88961    1.89597    0.00635963  46       491      
 2065.9  276     22800    1.88961    1.89597    0.00635963  46       491      
 2083.03 277     22863    1.88961    1.89597    0.00635488  45       494      
 2083.41 277     22900    1.88961    1.89597    0.00635488  46       494      
 2094.39 278     22950    1.88962    1.89597    0.0063495   44       496      
 2099.92 279     23029    1.88962    1.89597    0.006345    42       497      
 2100.2  279     23050    1.88962    1.89597    0.006345    42       497      
 2115.54 280     23113    1.88963    1.89597    0.00633925  45       500      
 2115.9  280     23150    1.88963    1.89597    0.00633925  45       500      
 2122.06 281     23200    1.88963    1.89597    0.00633458  46       501      
 2132.85 282     23279    1.88963    1.89596    0.00633034  44       503      
 2133.11 282     23300    1.88963    1.89596    0.00633034  44       503      
 2139.61 283     23361    1.88964    1.89596    0.00632708  43       504      
 2139.99 283     23400    1.88964    1.89596    0.00632708  43       504      
 2151.04 284     23450    1.88964    1.89596    0.00631984  42       506      
 2151.69 285     23527    1.88965    1.89596    0.00631649  44       506      
 2151.97 285     23550    1.88965    1.89596    0.00631649  44       506      
 2163.24 286     23611    1.88965    1.89596    0.00631177  46       508      
 2169.33 286     23650    1.88965    1.89596    0.00631177  46       509      
 2176.3  287     23700    1.88965    1.89596    0.00630919  50       510      
 2188.84 288     23777    1.88966    1.89596    0.00630523  49       512      
 2189.11 288     23800    1.88966    1.89596    0.00630523  49       512      
 2200.28 289     23859    1.88966    1.89596    0.00629688  53       514      
 2216.97 290     23900    1.88966    1.89596    0.00629688  53       517      
 2217.54 290     23950    1.88966    1.89596    0.00629334  54       517      
 2234.92 291     24025    1.88967    1.89596    0.00629     53       520      
 2235.23 291     24050    1.88967    1.89596    0.00629     53       520      
 2240.9  292     24107    1.88967    1.89596    0.00628777  53       521      
 2241.63 293     24189    1.88967    1.89596    0.00628341  49       521      
 2241.85 293     24200    1.88967    1.89596    0.00628341  49       521      
 2248.19 294     24271    1.88967    1.89596    0.0062811   51       522      
 2248.55 294     24300    1.88967    1.89596    0.0062811   51       522      
 2249.13 295     24353    1.88968    1.89595    0.00627929  51       522      
 2255.96 296     24435    1.88968    1.89595    0.00627715  52       523      
 2256.2  296     24450    1.88968    1.89595    0.00627715  52       523      
 2262.87 297     24517    1.88968    1.89595    0.00627569  56       524      
 2263.24 297     24550    1.88968    1.89595    0.00627569  56       524      
 2273.05 298     24601    1.88968    1.89595    0.00627458  58       526      
 2285.23 299     24683    1.88968    1.89595    0.00627127  57       528      
 2285.51 299     24700    1.88968    1.89595    0.00627127  57       528      
 2307.18 300     24769    1.88968    1.89595    0.00626823  58       532      
 2307.54 300     24800    1.88968    1.89595    0.00626823  58       532      
 2308.22 301     24851    1.88969    1.89595    0.00626645  58       532      
 2322.54 302     24933    1.88969    1.89595    0.00626394  58       534      
 2322.83 302     24950    1.88969    1.89595    0.00626394  58       534      
 2323.6  303     25015    1.88969    1.89595    0.0062619   59       534      
 2324.03 303     25050    1.88969    1.89595    0.0062619   59       534      
 2337.7  304     25100    1.88969    1.89595    0.00625703  54       536      
 2345.04 305     25181    1.8897     1.89595    0.00625203  51       537      
 2345.32 305     25200    1.8897     1.89595    0.00625203  51       537      
 2358.19 306     25263    1.8897     1.89595    0.00624658  50       539      
 2358.61 306     25300    1.8897     1.89595    0.00624658  50       539      
 2376.91 307     25350    1.88971    1.89595    0.00624017  54       542      
 2384.26 308     25427    1.88971    1.89595    0.00623453  50       543      
 2384.58 308     25450    1.88971    1.89595    0.00623453  50       543      
 2385.22 309     25509    1.88971    1.89595    0.00623319  52       543      
 2391.36 310     25550    1.88971    1.89595    0.00623319  51       544      
 2391.94 310     25600    1.88971    1.89594    0.00623041  53       544      
 2403.98 311     25675    1.88972    1.89594    0.00622773  55       546      
 2404.31 311     25700    1.88972    1.89594    0.00622773  55       546      
 2416.52 312     25759    1.88972    1.89594    0.00622569  59       548      
 2424.47 313     25800    1.88972    1.89594    0.00622569  57       549      
 2425.04 313     25850    1.88972    1.89594    0.00622214  56       549      
 2435.87 314     25925    1.88972    1.89594    0.00621841  49       551      
 2436.2  314     25950    1.88972    1.89594    0.00621841  49       551      
 2443.92 315     26007    1.88973    1.89594    0.00621484  45       552      
 2455.71 316     26091    1.88973    1.89594    0.00621202  46       554      
 2455.93 316     26100    1.88973    1.89594    0.00621202  46       554      
 2463.72 317     26173    1.88973    1.89594    0.00620694  47       555      
 2464.04 317     26200    1.88973    1.89594    0.00620694  47       555      
 2477.57 318     26257    1.88974    1.89594    0.00620126  44       557      
 2485.23 319     26339    1.88974    1.89594    0.0061973   44       558      
 2485.47 319     26350    1.88974    1.89594    0.0061973   44       558      
 2498.6  320     26421    1.88974    1.89594    0.00619422  47       560      
 2498.93 320     26450    1.88974    1.89594    0.00619422  47       560      
 2504.29 321     26503    1.88975    1.89594    0.00618746  46       561      
 2511.56 322     26585    1.88975    1.89594    0.00618492  43       562      
 2511.82 322     26600    1.88975    1.89594    0.00618492  43       562      
 2520.09 323     26667    1.88976    1.89594    0.00618123  47       564      
 2520.47 323     26700    1.88976    1.89594    0.00618123  47       564      
 2528.27 324     26750    1.88976    1.89594    0.00617874  46       565      
 2535.57 325     26831    1.88976    1.89594    0.00617609  48       566      
 2535.85 325     26850    1.88976    1.89594    0.00617609  48       566      
 2536.54 326     26913    1.88976    1.89594    0.00617277  50       566      
 2536.97 326     26950    1.88976    1.89594    0.00617277  50       566      
 2551.35 327     27000    1.88976    1.89594    0.00617073  49       568      
 2576.79 328     27081    1.88977    1.89594    0.00616693  48       572      
 2577.07 328     27100    1.88977    1.89594    0.00616693  48       572      
 2577.78 329     27163    1.88977    1.89593    0.00616257  47       572      
 2578.22 329     27200    1.88977    1.89593    0.00616257  47       572      
 2590.02 330     27250    1.88978    1.89593    0.00615724  44       574      
 2596.23 331     27331    1.88978    1.89593    0.0061534   45       575      
 2596.51 331     27350    1.88978    1.89593    0.0061534   45       575      
 2610.96 332     27413    1.88978    1.89593    0.00614837  47       577      
 2611.39 332     27450    1.88978    1.89593    0.00614837  47       577      
 2624.18 333     27500    1.88979    1.89593    0.00613899  48       579      
 2631.2  334     27577    1.88979    1.89592    0.00613199  49       580      
 2631.52 334     27600    1.88979    1.89592    0.00613199  49       580      
 2638.22 335     27659    1.88979    1.89592    0.00612785  50       581      
 2651.34 336     27700    1.88979    1.89592    0.00612785  53       583      
 2651.93 336     27750    1.8898     1.89592    0.00612395  55       583      
 2659.1  337     27823    1.8898     1.89592    0.00612123  56       584      
 2659.46 337     27850    1.8898     1.89592    0.00612123  56       584      
 2666.78 338     27905    1.8898     1.89592    0.00612032  54       585      
 2673.22 339     27987    1.8898     1.89592    0.00611784  54       586      
 2673.49 339     28000    1.8898     1.89592    0.00611784  55       586      
 2687.85 340     28069    1.8898     1.89592    0.00611625  54       588      
 2688.24 340     28100    1.8898     1.89592    0.00611625  54       588      
 2695.83 341     28151    1.8898     1.89592    0.00611362  57       589      
 2711.23 342     28233    1.88981    1.89592    0.00611218  59       591      
 2711.53 342     28250    1.88981    1.89592    0.00611218  59       591      
 2719.88 343     28315    1.88981    1.89592    0.00611047  60       592      
 2720.3  343     28350    1.88981    1.89592    0.00611047  60       592      
 2728.07 344     28400    1.88981    1.89592    0.00610911  59       593      
 2745.79 345     28479    1.88981    1.89592    0.00610467  58       596      
 2746.12 345     28500    1.88981    1.89592    0.00610467  58       596      
 2754.17 346     28561    1.88981    1.89592    0.0061024   57       597      
 2754.65 346     28600    1.88981    1.89592    0.0061024   57       597      
 2769.3  347     28650    1.88981    1.89591    0.00610022  60       599      
 2777.6  348     28727    1.88982    1.89591    0.00609807  54       600      
 2777.93 348     28750    1.88982    1.89591    0.00609807  54       600      
 2792.71 349     28809    1.88982    1.89591    0.00609587  56       602      
 2804.94 349     28850    1.88982    1.89591    0.00609587  59       604      
 2805.98 350     28900    1.88982    1.89591    0.00609277  61       604      
 2814.73 351     28975    1.88982    1.89591    0.00609146  60       605      
 2815.12 351     29000    1.88982    1.89591    0.00609146  60       605      
 2815.92 352     29057    1.88982    1.89591    0.00608921  60       605      
 2829.91 353     29141    1.88982    1.89591    0.00608718  63       607      
 2830.2  353     29150    1.88982    1.89591    0.00608718  63       607      
 2845.17 354     29223    1.88983    1.89591    0.00608505  69       609      
 2845.56 354     29250    1.88983    1.89591    0.00608505  69       609      
 2859.92 355     29307    1.88983    1.89591    0.00608363  70       611      
 2874.98 356     29389    1.88983    1.89591    0.00608194  71       613      
 2875.28 356     29400    1.88983    1.89591    0.00608194  71       613      
 2894.01 357     29473    1.88983    1.89591    0.00607735  74       616      
 2894.42 357     29500    1.88983    1.89591    0.00607735  74       616      
 2907.7  358     29557    1.88983    1.89591    0.00607526  70       618      
 2916.77 359     29639    1.88983    1.89591    0.00607422  72       619      
 2917.06 359     29650    1.88983    1.89591    0.00607422  72       619      
 2925.17 360     29721    1.88983    1.89591    0.00607322  72       620      
 2925.59 360     29750    1.88983    1.89591    0.00607322  72       620      
 2941.59 361     29803    1.88983    1.8959     0.0060707   71       622      
 2949.14 362     29885    1.88983    1.8959     0.00606911  73       623      
 2949.49 362     29900    1.88983    1.8959     0.00606911  73       623      
 2965.06 363     29967    1.88983    1.8959     0.00606816  74       625      
 2965.52 363     30000    1.88983    1.8959     0.00606816  74       625      
 2982.31 364     30050    1.88984    1.8959     0.00606766  75       627      
 2983.3  365     30131    1.88984    1.8959     0.00606563  74       627      
 2983.66 365     30150    1.88984    1.8959     0.00606563  74       627      
 2990.06 366     30213    1.88984    1.8959     0.00606461  71       628      
 2990.56 366     30250    1.88984    1.8959     0.00606461  71       628      
 3007.05 367     30300    1.88984    1.8959     0.00606292  72       630      
 3020.15 368     30379    1.88984    1.8959     0.00606088  75       632      
 3020.55 368     30400    1.88984    1.8959     0.00606088  75       632      
 3021.42 369     30461    1.88984    1.8959     0.00605996  72       632      
 3021.99 369     30500    1.88984    1.8959     0.00605996  73       632      
 3038.21 370     30550    1.88984    1.8959     0.0060589   72       634      
 3060.85 371     30627    1.88985    1.8959     0.00605452  75       637      
 3061.29 371     30650    1.88985    1.8959     0.00605452  75       637      
 3062.14 372     30709    1.88985    1.8959     0.00605226  74       637      
 3076.19 373     30750    1.88985    1.8959     0.00605226  73       639      
 3076.92 373     30800    1.88985    1.8959     0.00605071  70       639      
 3077.93 374     30873    1.88985    1.8959     0.0060494   73       639      
 3078.37 374     30900    1.88985    1.8959     0.0060494   73       639      
 3087.96 375     30957    1.88985    1.8959     0.00604789  75       640      
 3103.55 376     31039    1.88985    1.8959     0.00604693  79       642      
 3103.88 376     31050    1.88985    1.8959     0.00604693  79       642      
 3104.85 377     31121    1.88985    1.8959     0.0060461   78       642      
 3105.31 377     31150    1.88985    1.8959     0.0060461   78       642      
 3106.14 378     31203    1.88985    1.8959     0.00604492  72       642      
 3122.79 379     31285    1.88985    1.8959     0.00604298  74       644      
 3123.19 379     31300    1.88985    1.8959     0.00604298  74       644      
 3132.08 380     31367    1.88985    1.8959     0.00604173  74       645      
 3132.56 380     31400    1.88985    1.8959     0.00604173  74       645      
 3141.26 381     31450    1.88985    1.8959     0.00604076  71       646      
 3150.69 382     31531    1.88986    1.8959     0.00603959  64       647      
 3151.08 382     31550    1.88986    1.8959     0.00603959  64       647      
 3166.79 383     31615    1.88986    1.89589    0.00603848  67       649      
 3167.29 383     31650    1.88986    1.89589    0.00603848  67       649      
 3168.04 384     31700    1.88986    1.89589    0.00603757  64       649      
 3182.71 385     31781    1.88986    1.89589    0.00603672  68       651      
 3183.07 385     31800    1.88986    1.89589    0.00603672  68       651      
 3198.27 386     31865    1.88986    1.89589    0.00603584  67       653      
 3198.75 386     31900    1.88986    1.89589    0.00603584  67       653      
 3212.79 387     31950    1.88986    1.89589    0.00603445  66       655      
 3221.67 388     32031    1.88986    1.89589    0.00603255  61       656      
 3222.03 388     32050    1.88986    1.89589    0.00603255  61       656      
 3231.22 389     32113    1.88986    1.89589    0.00602865  60       657      
 3231.7  389     32150    1.88986    1.89589    0.00602865  60       657      
 3239.86 390     32200    1.88986    1.89589    0.00602675  58       658      
 3253.57 391     32277    1.88987    1.89589    0.00602409  61       660      
 3253.94 391     32300    1.88987    1.89589    0.00602409  61       660      
 3254.73 392     32359    1.88987    1.89589    0.00602221  60       660      
 3278.81 392     32400    1.88987    1.89589    0.00602221  61       663      
 3279.91 393     32450    1.88987    1.89589    0.00601978  63       663      
 3295.7  394     32525    1.88987    1.89589    0.00601613  61       665      
 3296.1  394     32550    1.88987    1.89589    0.00601613  61       665      
 3304.38 395     32607    1.88987    1.89589    0.00601473  61       666      
 3313.91 396     32689    1.88988    1.89589    0.00601222  58       667      
 3314.22 396     32700    1.88988    1.89589    0.00601222  58       667      
 3325.78 397     32771    1.88988    1.89589    0.00601035  56       668      
 3326.22 397     32800    1.88988    1.89589    0.00601035  56       668      
 3334.95 398     32853    1.88988    1.89589    0.00600931  59       669      
 3350.15 399     32935    1.88988    1.89589    0.00600706  60       671      
 3350.49 399     32950    1.88988    1.89589    0.00600706  60       671      
 3359.87 400     33017    1.88988    1.89589    0.00600494  61       672      
 3360.34 400     33050    1.88988    1.89589    0.00600494  61       672      
 3368.75 401     33100    1.88988    1.89589    0.00600264  60       673      
 3378.46 402     33181    1.88989    1.89589    0.00600077  59       674      
 3378.82 402     33200    1.88989    1.89589    0.00600077  59       674      
 3387.74 403     33263    1.88989    1.89589    0.00599869  58       675      
 3388.27 403     33300    1.88989    1.89589    0.00599869  58       675      
 3395.44 404     33350    1.88989    1.89588    0.00599667  59       676      
 3410.75 405     33427    1.88989    1.89588    0.00598933  62       678      
 3411.15 405     33450    1.88989    1.89588    0.00598933  62       678      
 3427.19 406     33509    1.88989    1.89588    0.00598715  62       680      
 3442.17 406     33550    1.88989    1.89588    0.00598715  60       683      
 3443.41 407     33600    1.8899     1.89588    0.00598222  61       683      
 3453.35 408     33675    1.8899     1.89588    0.0059808   61       684      
 3453.78 408     33700    1.8899     1.89588    0.0059808   61       684      
 3470.87 409     33759    1.8899     1.89588    0.00597984  64       686      
 3483.91 409     33800    1.8899     1.89588    0.00597984  64       688      
 3485.19 410     33850    1.8899     1.89588    0.00597882  64       688      
 3501.41 411     33927    1.8899     1.89588    0.00597688  66       690      
 3501.83 411     33950    1.8899     1.89588    0.00597688  66       690      
 3511.21 412     34009    1.8899     1.89587    0.00597589  71       692      
 3525.89 412     34050    1.8899     1.89587    0.00597589  73       694      
 3527.23 413     34100    1.8899     1.89587    0.00597457  72       694      
 3536.68 414     34175    1.8899     1.89587    0.00597333  72       695      
 3537.13 414     34200    1.8899     1.89587    0.00597333  72       695      
 3547.17 415     34257    1.8899     1.89587    0.00597215  76       696      
 3557.49 416     34339    1.8899     1.89587    0.00597125  75       697      
 3557.83 416     34350    1.8899     1.89587    0.00597125  75       697      
 3568.85 417     34421    1.8899     1.89587    0.00596978  75       698      
 3569.33 417     34450    1.8899     1.89587    0.00596978  75       698      
 3586.32 418     34505    1.8899     1.89587    0.00596826  73       700      
 3587.42 419     34587    1.8899     1.89587    0.00596777  70       700      
 3587.79 419     34600    1.8899     1.89587    0.00596777  70       700      
 3597.22 420     34669    1.8899     1.89587    0.00596662  66       701      
 3597.71 420     34700    1.8899     1.89587    0.00596662  66       701      
 3612.26 421     34753    1.88991    1.89587    0.00596538  67       703      
 3638.9  422     34837    1.88991    1.89587    0.00596396  71       706      
 3639.26 422     34850    1.88991    1.89587    0.00596396  71       706      
 3647.46 423     34919    1.88991    1.89587    0.00596274  70       707      
 3647.97 423     34950    1.88991    1.89587    0.00596274  70       707      
 3657.58 424     35001    1.88991    1.89587    0.0059614   70       708      
 3663.19 425     35083    1.88991    1.89587    0.00596021  73       709      
 3663.6  425     35100    1.88991    1.89587    0.00596021  73       709      
 3674.04 426     35167    1.88991    1.89587    0.00595789  75       710      
 3674.58 426     35200    1.88991    1.89587    0.00595789  76       710      
 3716.8  427     35253    1.88991    1.89587    0.00595623  74       715      
 3739.68 428     35337    1.88991    1.89587    0.00595491  74       717      
 3740.05 428     35350    1.88991    1.89587    0.00595491  74       717      
 3759.99 429     35419    1.88991    1.89587    0.00595314  76       719      
 3760.51 429     35450    1.88991    1.89587    0.00595314  76       719      
 3788.17 430     35501    1.88992    1.89587    0.00595223  74       721      
 3804.54 431     35583    1.88992    1.89587    0.00595114  77       722      
 3804.95 431     35600    1.88992    1.89587    0.00595114  77       722      
 3825.71 432     35667    1.88992    1.89587    0.00594959  74       724      
 3826.32 432     35700    1.88992    1.89587    0.00594959  74       724      
 3841.47 433     35751    1.88992    1.89587    0.00594752  70       725      
 3854.27 434     35833    1.88992    1.89587    0.00594615  69       726      
 3854.64 434     35850    1.88992    1.89587    0.00594615  69       726      
 3865.33 435     35915    1.88992    1.89587    0.00594446  67       727      
 3865.86 435     35950    1.88992    1.89587    0.00594446  67       727      
 3866.73 436     36000    1.88992    1.89587    0.00594339  68       727      
 3867.8  437     36079    1.88992    1.89587    0.00594178  65       727      
 3868.22 437     36100    1.88992    1.89587    0.00594178  65       727      
 3879.99 438     36161    1.88992    1.89586    0.00594075  63       728      
 3889.46 438     36200    1.88992    1.89586    0.00594075  64       729      
 3899.21 439     36250    1.88993    1.89586    0.00593574  67       730      
 3908.24 440     36325    1.88993    1.89586    0.00593542  68       731      
 3908.67 440     36350    1.88993    1.89586    0.00593542  68       731      
 3909.54 441     36407    1.88993    1.89586    0.00593463  64       731      
 3937.88 442     36489    1.88993    1.89586    0.00593345  69       733      
 3938.24 442     36500    1.88993    1.89586    0.00593345  69       733      
 3954.75 443     36571    1.88993    1.89586    0.00593193  67       734      
 3955.25 443     36600    1.88993    1.89586    0.00593193  67       734      
 3970.58 444     36653    1.88993    1.89586    0.00593084  69       735      
 3990.86 445     36735    1.88993    1.89586    0.00592956  70       737      
 3991.24 445     36750    1.88993    1.89586    0.00592956  70       737      
 4003.64 446     36817    1.88993    1.89586    0.00592836  70       738      
 4004.2  446     36850    1.88993    1.89586    0.00592836  70       738      
 4016.54 447     36900    1.88993    1.89586    0.00592713  68       740      
 4027.19 448     36981    1.88994    1.89586    0.00592506  69       741      
 4027.59 448     37000    1.88994    1.89586    0.00592506  69       741      
 4053.82 449     37067    1.88994    1.89586    0.00591979  71       744      
 4054.37 449     37100    1.88994    1.89586    0.00591979  71       744      
 4078.69 450     37151    1.88994    1.89586    0.00591819  71       747      
 4102.09 451     37233    1.88994    1.89585    0.00591702  72       749      
 4102.5  451     37250    1.88994    1.89585    0.00591702  72       749      
 4114.93 452     37315    1.88994    1.89585    0.00591535  74       750      
 4115.51 452     37350    1.88994    1.89585    0.00591535  74       750      
 4134.26 453     37400    1.88994    1.89585    0.00591396  76       752      
 4144.78 454     37481    1.88994    1.89585    0.00591188  75       753      
 4145.18 454     37500    1.88994    1.89585    0.00591188  75       753      
 4155.67 455     37563    1.88994    1.89585    0.00591098  77       754      
 4156.26 455     37600    1.88994    1.89585    0.00591098  78       754      
 4166.38 456     37650    1.88994    1.89585    0.00591026  78       755      
 4183    457     37729    1.88994    1.89585    0.00590926  81       757      
 4183.47 457     37750    1.88994    1.89585    0.00590926  81       757      
 4194.83 458     37811    1.88994    1.89585    0.00590821  82       758      
 4195.45 458     37850    1.88994    1.89585    0.00590821  81       758      
 4205.72 459     37900    1.88994    1.89585    0.00590716  82       759      
 4221.57 460     37977    1.88994    1.89585    0.00590651  80       761      
 4222.07 460     38000    1.88994    1.89585    0.00590651  80       761      
 4235.13 461     38059    1.88995    1.89585    0.00590442  77       762      
 4255.98 462     38100    1.88995    1.89585    0.00590442  77       764      
 4256.84 462     38150    1.88995    1.89585    0.00590144  76       764      
 4269.59 463     38223    1.88995    1.89585    0.00589957  77       765      
 4270.09 463     38250    1.88995    1.89585    0.00589957  77       765      
 4292.7  464     38305    1.88995    1.89585    0.00589624  81       768      
 4316.56 465     38389    1.88995    1.89584    0.00589172  83       771      
 4316.91 465     38400    1.88995    1.89584    0.00589172  83       771      
 4327    466     38471    1.88995    1.89584    0.00589042  83       772      
 4327.54 466     38500    1.88995    1.89584    0.00589042  83       772      
 4345.57 467     38555    1.88995    1.89584    0.00588933  80       774      
 4355.89 468     38637    1.88995    1.89584    0.00588725  79       775      
 4356.32 468     38650    1.88995    1.89584    0.00588725  79       775      
 4384.63 469     38723    1.88996    1.89584    0.00588617  80       778      
 4385.11 469     38750    1.88996    1.89584    0.00588617  80       778      
 4407.13 470     38807    1.88996    1.89584    0.00588576  81       780      
 4421.92 471     38889    1.88996    1.89584    0.00588531  81       781      
 4422.28 471     38900    1.88996    1.89584    0.00588531  81       781      
 4432.69 472     38971    1.88996    1.89584    0.00588376  80       782      
 4433.26 472     39000    1.88996    1.89584    0.00588376  80       782      
 4434.22 473     39053    1.88996    1.89584    0.0058828   81       782      
 4454.85 474     39137    1.88996    1.89584    0.00588114  79       784      
 4455.23 474     39150    1.88996    1.89584    0.00588114  79       784      
 4466.49 475     39219    1.88996    1.89584    0.00587991  80       785      
 4467.01 475     39250    1.88996    1.89584    0.00587991  80       785      
 4476.59 476     39301    1.88996    1.89584    0.00587798  75       786      
 4487.85 477     39383    1.88996    1.89584    0.00587689  75       787      
 4488.27 477     39400    1.88996    1.89584    0.00587689  75       787      
 4517.19 478     39467    1.88996    1.89584    0.00587359  78       792      
 4517.77 478     39500    1.88996    1.89584    0.00587359  78       792      
 4547.5  479     39550    1.88996    1.89584    0.00587128  78       795      
 4557.95 480     39631    1.88997    1.89584    0.00587038  75       796      
 4558.38 480     39650    1.88997    1.89584    0.00587038  75       796      
 4566.92 481     39713    1.88997    1.89583    0.00586907  74       797      
 4567.51 481     39750    1.88997    1.89583    0.00586907  74       797      
 4582.15 482     39800    1.88997    1.89583    0.00586888  76       799      
 4595.04 483     39879    1.88997    1.89583    0.00586771  74       800      
 4595.52 483     39900    1.88997    1.89583    0.00586771  74       800      
 4615.57 484     39961    1.88997    1.89583    0.00586669  75       802      
 4616.31 484     40000    1.88997    1.89583    0.00586669  77       802      
 4627.33 485     40050    1.88997    1.89583    0.00586561  80       803      
 4638.39 486     40125    1.88997    1.89583    0.00586246  77       804      
 4638.9  486     40150    1.88997    1.89583    0.00586246  77       804      
 4665.57 487     40209    1.88997    1.89583    0.0058619   79       807      
 4689.63 488     40250    1.88997    1.89583    0.0058619   78       809      
 4690.61 488     40300    1.88997    1.89583    0.00586051  77       809      
 4702.99 489     40373    1.88997    1.89583    0.00585906  76       810      
 4703.53 489     40400    1.88997    1.89583    0.00585906  76       810      
 4720.14 490     40455    1.88997    1.89583    0.00585715  78       811      
 4733.04 491     40537    1.88997    1.89583    0.0058563   78       812      
 4733.5  491     40550    1.88997    1.89583    0.0058563   78       812      
 4746.84 492     40619    1.88997    1.89583    0.00585521  83       813      
 4747.4  492     40650    1.88997    1.89583    0.00585521  83       813      
 4758.49 493     40701    1.88997    1.89583    0.00585419  83       814      
 4771.93 494     40783    1.88997    1.89583    0.00585402  82       815      
 4772.41 494     40800    1.88997    1.89583    0.00585402  82       815      
 4797.59 495     40867    1.88997    1.89583    0.00585337  81       817      
 4798.2  495     40900    1.88997    1.89583    0.00585337  81       817      
 4819.49 496     40951    1.88998    1.89583    0.00585187  83       819      
 4829.4  497     41033    1.88998    1.89583    0.00585126  80       820      
 4829.85 497     41050    1.88998    1.89583    0.00585126  80       820      
 4841.84 498     41115    1.88998    1.89583    0.00585104  81       821      
 4842.48 498     41150    1.88998    1.89583    0.00585104  81       821      
 4855.7  499     41200    1.88998    1.89583    0.00585012  80       822      
 4869.03 500     41279    1.88998    1.89583    0.00584918  81       823      
 4869.54 500     41300    1.88998    1.89583    0.00584918  81       823      
 4893.72 501     41361    1.88998    1.89583    0.00584839  80       825      
 4894.41 501     41400    1.88998    1.89583    0.00584839  79       825      
 4907.42 502     41450    1.88998    1.89582    0.00584481  80       826      
 4919.1  503     41525    1.88998    1.89582    0.00584414  86       827      
 4919.65 503     41550    1.88998    1.89582    0.00584414  86       827      
 4934.41 504     41607    1.88998    1.89582    0.00584352  85       828      
 4944.92 505     41689    1.88998    1.89582    0.00584172  84       829      
 4945.34 505     41700    1.88998    1.89582    0.00584172  84       829      
 4957.78 506     41771    1.88998    1.89582    0.00584059  84       830      
 4958.4  506     41800    1.88998    1.89582    0.00584059  84       830      
 4981    507     41853    1.88998    1.89582    0.00583935  86       832      
 5000.54 508     41935    1.88998    1.89582    0.0058387   88       834      
 5001    508     41950    1.88998    1.89582    0.0058387   88       834      
 5013.01 509     42017    1.88998    1.89582    0.00583845  92       835      
 5013.66 509     42050    1.88998    1.89582    0.00583845  93       835      
 5014.75 510     42100    1.88998    1.89582    0.0058381   91       835      
 5027.27 511     42181    1.88998    1.89582    0.00583797  92       836      
 5027.77 511     42200    1.88998    1.89582    0.00583797  92       836      
 5050.81 512     42265    1.88998    1.89582    0.00583753  94       839      
 5051.49 512     42300    1.88998    1.89582    0.00583753  94       839      
 5052.57 513     42350    1.88998    1.89582    0.00583594  95       839      
 5065.25 514     42429    1.88998    1.89582    0.0058355   100      840      
 5065.8  514     42450    1.88998    1.89582    0.0058355   103      840      
 5088.33 515     42511    1.88998    1.89582    0.00583534  98       842      
 5089.1  515     42550    1.88998    1.89582    0.00583534  99       842      
 5090.26 516     42600    1.88998    1.89582    0.00583441  98       842      
 5101.49 517     42675    1.88999    1.89582    0.00583342  94       843      
 5102.09 517     42700    1.88999    1.89582    0.00583342  94       843      
 5103.29 518     42757    1.88999    1.89582    0.00583251  96       843      
 5104.77 519     42839    1.88999    1.89582    0.00583194  96       843      
 5105.21 519     42850    1.88999    1.89582    0.00583194  96       843      
 5128.85 520     42921    1.88999    1.89582    0.00583127  96       845      
 5129.47 520     42950    1.88999    1.89582    0.00583127  96       845      
 5145.76 521     43003    1.88999    1.89582    0.00583069  98       846      
 5163.69 522     43085    1.88999    1.89582    0.00582962  98       847      
 5164.27 522     43100    1.88999    1.89582    0.00582962  98       847      
 5176.69 523     43167    1.88999    1.89581    0.00582672  102      848      
 5177.39 523     43200    1.88999    1.89581    0.00582672  102      848      
 5198.6  524     43251    1.88999    1.89581    0.00582625  101      850      
 5210.78 525     43333    1.88999    1.89581    0.0058249   99       851      
 5211.32 525     43350    1.88999    1.89581    0.0058249   99       851      
 5230.81 526     43415    1.88999    1.89581    0.00581754  101      854      
 5231.56 526     43450    1.88999    1.89581    0.00581754  101      854      
 5258.39 527     43500    1.88999    1.89581    0.00581541  100      856      
 5273.44 528     43579    1.88999    1.89581    0.00581492  99       857      
 5273.97 528     43600    1.88999    1.89581    0.00581492  99       857      
 5286.78 529     43661    1.88999    1.89581    0.00581378  97       858      
 5287.67 529     43700    1.88999    1.89581    0.00581378  97       858      
 5297.89 530     43750    1.88999    1.89581    0.00581335  93       859      
 5321.64 531     43827    1.88999    1.89581    0.00581303  97       861      
 5322.22 531     43850    1.88999    1.89581    0.00581303  97       861      
 5323.46 532     43909    1.88999    1.89581    0.00581238  98       861      
 5345.15 532     43950    1.88999    1.89581    0.00581238  97       863      
 5347.1  533     44000    1.88999    1.89581    0.00581217  96       863      
 5369.9  534     44075    1.88999    1.89581    0.00581109  96       865      
 5370.47 534     44100    1.88999    1.89581    0.00581109  96       865      
 5385.72 535     44157    1.89       1.89581    0.00581016  94       866      
 5414.32 536     44241    1.89       1.8958     0.00580927  93       868      
 5414.75 536     44250    1.89       1.8958     0.00580927  94       868      
 5433.48 537     44325    1.89       1.8958     0.00580822  92       870      
 5434.06 537     44350    1.89       1.8958     0.00580822  92       870      
 5444.68 538     44407    1.89       1.8958     0.00580741  91       871      
 5468.4  539     44489    1.89       1.8958     0.00580666  89       873      
 5468.9  539     44500    1.89       1.8958     0.00580666  89       873      
 5470.13 540     44571    1.89       1.8958     0.00580602  91       873      
 5470.75 540     44600    1.89       1.8958     0.00580602  91       873      
 5482    541     44653    1.89       1.8958     0.00580555  88       874      
 5494.58 542     44735    1.89       1.8958     0.00580382  89       875      
 5495.06 542     44750    1.89       1.8958     0.00580382  89       875      
 5507.87 543     44817    1.89       1.8958     0.00580282  89       876      
 5508.55 543     44850    1.89       1.8958     0.00580282  89       876      
 5519.64 544     44900    1.89       1.8958     0.0058023   88       877      
 5521.03 545     44981    1.89       1.8958     0.00580183  90       877      
 5521.54 545     45000    1.89       1.8958     0.00580183  90       877      
 5535.48 546     45063    1.89       1.8958     0.0058015   91       878      
 5536.17 546     45100    1.89       1.8958     0.0058015   92       878      
 5559.74 547     45150    1.89       1.8958     0.00580063  87       880      
 5574.34 548     45227    1.89       1.8958     0.00580012  89       882      
 5574.92 548     45250    1.89       1.8958     0.00580012  89       882      
 5588.39 549     45309    1.89       1.8958     0.00579951  91       883      
 5602.44 550     45350    1.89       1.8958     0.00579951  92       884      
 5603.49 550     45400    1.89       1.8958     0.00579885  93       884      
 5604.82 551     45473    1.89       1.8958     0.00579758  92       884      
 5605.6  551     45500    1.89       1.8958     0.00579758  92       884      
 5617.63 552     45557    1.89       1.8958     0.00579728  91       885      
 5628.81 553     45641    1.89       1.8958     0.00579685  93       886      
 5629.23 553     45650    1.89       1.8958     0.00579685  93       886      
 5650.61 554     45725    1.89       1.8958     0.00579631  92       888      
 5651.21 554     45750    1.89       1.8958     0.00579631  92       888      
 5665.08 555     45807    1.89       1.8958     0.00579282  94       889      
 5678.59 556     45889    1.89       1.8958     0.00579258  92       890      
 5679.05 556     45900    1.89       1.8958     0.00579258  92       890      
 5693.39 557     45971    1.89       1.8958     0.0057923   94       891      
 5694.09 557     46000    1.89       1.8958     0.0057923   94       891      
 5704.48 558     46053    1.89       1.8958     0.00579123  90       892      
 5727    559     46137    1.89001    1.8958     0.00579051  93       894      
 5727.48 559     46150    1.89001    1.8958     0.00579051  93       894      
 5750.27 560     46219    1.89001    1.8958     0.00578993  94       896      
 5750.96 560     46250    1.89001    1.8958     0.00578993  94       896      
 5802.8  561     46303    1.89001    1.8958     0.00578683  91       900      
 5815.53 562     46385    1.89001    1.8958     0.00578617  89       901      
 5816.06 562     46400    1.89001    1.8958     0.00578617  89       901      
 5817.35 563     46467    1.89001    1.8958     0.00578559  90       901      
 5818.04 563     46500    1.89001    1.8958     0.00578559  90       901      
 5819.2  564     46550    1.89001    1.89579    0.00578473  94       901      
 5842.27 565     46633    1.89001    1.89579    0.00578431  98       903      
 5842.81 565     46650    1.89001    1.89579    0.00578431  98       903      
 5844.12 566     46715    1.89001    1.89579    0.00578373  99       903      
 5845.08 566     46750    1.89001    1.89579    0.00578373  99       903      
 5858.78 567     46800    1.89001    1.89579    0.00578302  101      904      
 5873.32 568     46879    1.89001    1.89579    0.00578249  101      905      
 5873.93 568     46900    1.89001    1.89579    0.00578249  101      905      
 5875.24 569     46961    1.89001    1.89579    0.00578208  101      905      
 5876.05 569     47000    1.89001    1.89579    0.00578208  101      905      
 5893.41 570     47050    1.89001    1.89579    0.00578148  103      906      
 5906.71 571     47127    1.89001    1.89579    0.00578081  101      907      
 5907.31 571     47150    1.89001    1.89579    0.00578081  101      907      
 5924.19 572     47209    1.89001    1.89579    0.00578001  103      908      
 5928.51 573     47289    1.89001    1.89579    0.00577727  105      910      
 5929.02 573     47300    1.89001    1.89579    0.00577727  105      910      
 5944.08 574     47371    1.89001    1.89579    0.00577556  107      911      
 5944.81 574     47400    1.89001    1.89579    0.00577556  107      911      
 5960.86 575     47453    1.89001    1.89579    0.00577525  107      912      
 5995.48 576     47535    1.89001    1.89579    0.00577321  102      914      
 5995.99 576     47550    1.89001    1.89579    0.00577321  102      914      
 6008.09 577     47617    1.89001    1.89578    0.00577004  104      915      
 6008.85 577     47650    1.89001    1.89578    0.00577004  104      915      
 6031.09 578     47701    1.89001    1.89578    0.00576981  101      917      
 6052.59 579     47783    1.89001    1.89578    0.00576924  102      919      
 6053.16 579     47800    1.89001    1.89578    0.00576924  102      919      
 6060.7  580     47865    1.89001    1.89578    0.00576815  105      920      
 6061.48 580     47900    1.89001    1.89578    0.00576815  105      920      
 6075.13 581     47950    1.89002    1.89578    0.00576767  104      921      
 6076.86 582     48029    1.89002    1.89578    0.00576549  104      921      
 6077.59 582     48050    1.89002    1.89578    0.00576549  104      921      
 6104.77 583     48111    1.89002    1.89578    0.00576518  104      923      
 6105.64 583     48150    1.89002    1.89578    0.00576518  105      923      
 6113.53 584     48200    1.89002    1.89578    0.00576449  104      924      
 6139.13 585     48275    1.89002    1.89578    0.00576275  106      926      
 6139.83 585     48300    1.89002    1.89578    0.00576275  106      926      
 6141.22 586     48357    1.89002    1.89578    0.00576185  106      926      
 6159.11 587     48439    1.89002    1.89578    0.00576046  103      928      
 6159.66 587     48450    1.89002    1.89578    0.00576046  103      928      
 6188.42 588     48521    1.89002    1.89578    0.00575989  104      930      
 6189.15 588     48550    1.89002    1.89578    0.00575989  104      930      
 6215.4  589     48605    1.89002    1.89578    0.00575883  108      932      
 6226.08 590     48687    1.89002    1.89578    0.00575874  100      933      
 6226.64 590     48700    1.89002    1.89578    0.00575874  100      933      
 6241.63 591     48771    1.89002    1.89578    0.00575789  101      934      
 6242.35 591     48800    1.89002    1.89578    0.00575789  101      934      
 6257.14 592     48853    1.89002    1.89578    0.00575718  105      936      
 6273.89 593     48935    1.89002    1.89578    0.00575698  106      937      
 6274.5  593     48950    1.89002    1.89578    0.00575698  106      937      
 6324.99 594     49019    1.89002    1.89578    0.00575573  107      942      
 6325.8  594     49050    1.89002    1.89578    0.00575573  107      942      
 6352.15 595     49103    1.89002    1.89578    0.0057552   108      944      
 6378.64 596     49187    1.89002    1.89578    0.00575422  104      946      
 6379.22 596     49200    1.89002    1.89578    0.00575422  104      946      
 6398.05 597     49269    1.89002    1.89578    0.00575379  103      947      
 6398.91 597     49300    1.89002    1.89578    0.00575379  103      947      
 6419.34 598     49351    1.89002    1.89578    0.0057535   104      948      
 6436.31 599     49435    1.89002    1.89578    0.00575267  100      949      
 6436.95 599     49450    1.89002    1.89578    0.00575267  100      949      
 6438.47 600     49517    1.89002    1.89578    0.00575218  100      949      
 6439.27 600     49550    1.89002    1.89578    0.00575218  100      949      
 6452.6  601     49600    1.89002    1.89578    0.00575106  101      950      
 6477.69 602     49681    1.89003    1.89578    0.00574878  99       952      
 6478.31 602     49700    1.89003    1.89578    0.00574878  99       952      
 6479.73 603     49763    1.89003    1.89578    0.00574812  99       952      
 6480.57 603     49800    1.89003    1.89578    0.00574812  100      952      
 6520.9  604     49850    1.89003    1.89577    0.00574785  101      955      
 6548.65 605     49927    1.89003    1.89577    0.00574674  101      957      
 6549.35 605     49950    1.89003    1.89577    0.00574674  101      957      
 6561.65 606     50009    1.89003    1.89577    0.00574492  101      958      
 6573.63 607     50050    1.89003    1.89577    0.00574492  102      959      
 6574.86 607     50100    1.89003    1.89577    0.00574475  104      959      
 6586.27 608     50173    1.89003    1.89577    0.00574361  106      960      
 6587.05 608     50200    1.89003    1.89577    0.00574361  106      960      
 6588.51 609     50255    1.89003    1.89577    0.00574313  107      960      
 6622.77 610     50337    1.89003    1.89577    0.00574083  106      962      
 6623.33 610     50350    1.89003    1.89577    0.00574083  106      962      
 6624.95 611     50419    1.89003    1.89577    0.00574015  104      962      
 6625.81 611     50450    1.89003    1.89577    0.00574015  104      962      
 6641.34 612     50501    1.89003    1.89577    0.00573986  102      963      
 6672.98 613     50583    1.89003    1.89577    0.00573766  103      966      
 6673.58 613     50600    1.89003    1.89577    0.00573766  103      966      
 6698.15 614     50665    1.89003    1.89577    0.00573571  108      968      
 6698.99 614     50700    1.89003    1.89577    0.00573571  108      968      
 6700.32 615     50750    1.89003    1.89577    0.00573548  110      968      
 6714.43 616     50829    1.89003    1.89577    0.00573408  105      969      
 6715.12 616     50850    1.89003    1.89577    0.00573408  105      969      
 6732.8  617     50911    1.89003    1.89577    0.00573398  107      970      
 6733.78 617     50950    1.89003    1.89577    0.00573398  110      970      
 6749.85 618     51000    1.89003    1.89577    0.00573369  115      971      
 6765.02 619     51075    1.89003    1.89577    0.00573342  115      972      
 6765.81 619     51100    1.89003    1.89577    0.00573342  115      972      
 6795.21 620     51159    1.89003    1.89577    0.00573296  119      974      
 6810.91 621     51200    1.89003    1.89577    0.00573296  118      975      
 6812.18 621     51250    1.89003    1.89577    0.00573196  115      975      
 6824.32 622     51323    1.89003    1.89577    0.00573147  114      976      
 6825.11 622     51350    1.89003    1.89577    0.00573147  114      976      
 6842.2  623     51405    1.89003    1.89577    0.0057311   109      977      
 6875.28 624     51487    1.89003    1.89577    0.00573101  114      979      
 6875.93 624     51500    1.89003    1.89577    0.00573101  114      979      
 6892.68 625     51569    1.89004    1.89577    0.00573054  111      980      
 6893.5  625     51600    1.89004    1.89577    0.00573054  111      980      
 6906.75 626     51653    1.89004    1.89577    0.00573016  107      981      
 6920.94 627     51735    1.89004    1.89577    0.00572981  108      982      
 6921.56 627     51750    1.89004    1.89577    0.00572981  108      982      
 6923.12 628     51817    1.89004    1.89577    0.00572947  107      982      
 6923.98 628     51850    1.89004    1.89577    0.00572947  107      982      
 6953.51 629     51900    1.89004    1.89576    0.00572905  110      984      
 6995.57 630     51985    1.89004    1.89576    0.0057284   108      987      
 6996.18 630     52000    1.89004    1.89576    0.0057284   108      987      
 7012.59 631     52067    1.89004    1.89576    0.00572791  107      988      
 7013.44 631     52100    1.89004    1.89576    0.00572791  107      988      
 7055.4  632     52153    1.89004    1.89576    0.00572705  108      991      
 7092.52 633     52237    1.89004    1.89576    0.00572672  108      993      
 7093.14 633     52250    1.89004    1.89576    0.00572672  108      993      
 7094.8  634     52319    1.89004    1.89576    0.00572634  107      993      
 7095.63 634     52350    1.89004    1.89576    0.00572634  107      993      
 7097.02 635     52401    1.89004    1.89576    0.00572578  106      993      
 7098.74 636     52483    1.89004    1.89576    0.00572536  102      993      
 7099.39 636     52500    1.89004    1.89576    0.00572536  102      993      
 7114.44 637     52565    1.89004    1.89576    0.00572311  104      994      
 7115.27 637     52600    1.89004    1.89576    0.00572311  104      994      
 7116.81 638     52650    1.89004    1.89576    0.00572285  102      994      
 7132.05 639     52731    1.89004    1.89576    0.00572255  106      995      
 7132.75 639     52750    1.89004    1.89576    0.00572255  106      995      
 7134.39 640     52813    1.89004    1.89576    0.00572215  102      995      
 7135.31 640     52850    1.89004    1.89576    0.00572215  102      995      
 7157.01 641     52900    1.89004    1.89576    0.00572165  106      996      
 7176.6  642     52977    1.89004    1.89576    0.00572116  105      997      
 7177.34 642     53000    1.89004    1.89576    0.00572116  105      997      
 7187.87 643     53059    1.89004    1.89576    0.0057208   109      998      
 7202.69 644     53100    1.89004    1.89576    0.0057208   107      999      
 7203.96 644     53150    1.89004    1.89576    0.00572045  105      999      
 7237.1  645     53223    1.89004    1.89576    0.00571953  108      1001     
 7237.95 645     53250    1.89004    1.89576    0.00571953  108      1001     
 7255.74 646     53305    1.89004    1.89576    0.00571934  107      1002     
 7274.08 647     53387    1.89004    1.89576    0.00571863  107      1003     
 7274.72 647     53400    1.89004    1.89576    0.00571863  107      1003     
 7322.75 648     53469    1.89004    1.89576    0.00571596  109      1006     
 7323.58 648     53500    1.89004    1.89576    0.00571596  109      1006     
 7338.62 649     53553    1.89004    1.89576    0.00571508  111      1007     
 7359.43 650     53635    1.89004    1.89576    0.00571493  113      1008     
 7360.07 650     53650    1.89004    1.89576    0.00571493  113      1008     
 7373.18 651     53717    1.89004    1.89576    0.00571404  109      1009     
 7374.04 651     53750    1.89004    1.89576    0.00571404  109      1009     
 7389.88 652     53800    1.89004    1.89576    0.00571395  106      1010     
 7440.03 653     53885    1.89004    1.89576    0.00571356  102      1013     
 7440.69 653     53900    1.89004    1.89576    0.00571356  102      1013     
 7491.99 654     53969    1.89004    1.89576    0.00571302  104      1016     
 7492.83 654     54000    1.89004    1.89576    0.00571302  104      1016     
 7540.67 655     54055    1.89004    1.89576    0.00571286  106      1019     
 7557.99 656     54137    1.89004    1.89576    0.00571228  108      1020     
 7558.63 656     54150    1.89004    1.89576    0.00571228  108      1020     
 7586    657     54221    1.89004    1.89576    0.00571136  109      1022     
 7586.87 657     54250    1.89004    1.89576    0.00571136  109      1022     
 7604.66 658     54303    1.89004    1.89576    0.00571129  109      1023     
 7632.18 659     54387    1.89005    1.89575    0.00570948  109      1025     
 7632.84 659     54400    1.89005    1.89575    0.00570948  109      1025     
 7651.68 660     54469    1.89005    1.89575    0.00570908  110      1026     
 7652.66 660     54500    1.89005    1.89575    0.00570908  110      1026     
 7677.38 661     54551    1.89005    1.89575    0.0057086   110      1027     
 7690.65 662     54633    1.89005    1.89575    0.00570814  110      1028     
 7691.37 662     54650    1.89005    1.89575    0.00570814  110      1028     
 7713.58 663     54715    1.89005    1.89575    0.00570595  117      1030     
 7714.61 663     54750    1.89005    1.89575    0.00570595  117      1030     
 7747.48 664     54800    1.89005    1.89575    0.0057058   121      1032     
 7787.39 665     54879    1.89005    1.89575    0.0057053   121      1034     
 7788.18 665     54900    1.89005    1.89575    0.0057053   121      1034     
 7789.83 666     54961    1.89005    1.89575    0.00570512  124      1034     
 7790.92 666     55000    1.89005    1.89575    0.00570512  124      1034     
 7815.48 667     55050    1.89005    1.89575    0.00570489  124      1036     
 7817.51 668     55127    1.89005    1.89575    0.00570421  122      1036     
 7818.41 668     55150    1.89005    1.89575    0.00570421  122      1036     
 7820.18 669     55209    1.89005    1.89575    0.00570386  119      1036     
 7850.4  669     55250    1.89005    1.89575    0.00570386  119      1038     
 7852.9  670     55300    1.89005    1.89575    0.00570349  122      1038     
 7866.89 671     55375    1.89005    1.89575    0.00570335  124      1039     
 7867.8  671     55400    1.89005    1.89575    0.00570335  124      1039     
 7869.53 672     55457    1.89005    1.89575    0.00570287  123      1039     
 7916.31 673     55500    1.89005    1.89575    0.00570287  126      1042     
 7917.88 673     55550    1.89005    1.89575    0.00570262  126      1042     
 7945.11 674     55627    1.89005    1.89575    0.00570189  123      1044     
 7946.01 674     55650    1.89005    1.89575    0.00570189  123      1044     
 7947.79 675     55709    1.89005    1.89575    0.00570183  123      1044     
 7974.75 675     55750    1.89005    1.89575    0.00570183  126      1046     
 7977.29 676     55800    1.89005    1.89575    0.00570159  124      1046     
 8014.58 677     55875    1.89005    1.89575    0.00569936  124      1048     
 8015.48 677     55900    1.89005    1.89575    0.00569936  124      1048     
 8031.58 678     55957    1.89005    1.89575    0.00569873  127      1049     
 8051.33 679     56039    1.89005    1.89575    0.00569798  124      1050     
 8052.06 679     56050    1.89005    1.89575    0.00569798  124      1050     
 8087.23 680     56121    1.89005    1.89575    0.00569689  123      1052     
 8088.1  680     56150    1.89005    1.89575    0.00569689  123      1052     
 8119.94 681     56203    1.89005    1.89575    0.00569671  129      1054     
 8160.23 682     56285    1.89005    1.89575    0.00569519  129      1056     
 8161.04 682     56300    1.89005    1.89575    0.00569519  129      1056     
 8163.03 683     56367    1.89005    1.89575    0.00569421  133      1056     
 8164.09 683     56400    1.89005    1.89575    0.00569421  133      1056     
 8179.47 684     56450    1.89005    1.89575    0.0056939   135      1057     
 8203.27 685     56531    1.89005    1.89574    0.00569281  131      1058     
 8204.12 685     56550    1.89005    1.89574    0.00569281  131      1058     
 8207.93 686     56611    1.89005    1.89574    0.00569034  130      1059     
 8209.04 686     56650    1.89005    1.89574    0.00569034  130      1059     
 8234.93 687     56700    1.89005    1.89574    0.00568987  131      1060     
 8255.02 688     56775    1.89005    1.89574    0.00568953  127      1061     
 8255.97 688     56800    1.89005    1.89574    0.00568953  127      1061     
 8267.74 689     56857    1.89005    1.89574    0.00568875  128      1063     
 8307.62 690     56941    1.89005    1.89574    0.00568856  131      1065     
 8308.34 690     56950    1.89005    1.89574    0.00568856  131      1065     
 8326.27 691     57023    1.89005    1.89574    0.00568789  132      1066     
 8327.21 691     57050    1.89005    1.89574    0.00568789  132      1066     
 8328.92 692     57105    1.89005    1.89574    0.00568661  133      1066     
 8356.2  693     57187    1.89005    1.89574    0.00568627  134      1067     
 8356.98 693     57200    1.89005    1.89574    0.00568627  134      1067     
 8378.77 694     57269    1.89005    1.89574    0.00568597  133      1068     
 8379.8  694     57300    1.89005    1.89574    0.00568597  133      1068     
 8381.5  695     57351    1.89005    1.89574    0.00568538  134      1068     
 8418.12 696     57433    1.89005    1.89574    0.0056837   133      1070     
 8418.99 696     57450    1.89005    1.89574    0.0056837   133      1070     
 8437.88 697     57515    1.89005    1.89574    0.00568345  136      1071     
 8438.93 697     57550    1.89005    1.89574    0.00568345  136      1071     
 8457.17 698     57600    1.89005    1.89574    0.00568239  131      1072     
 8485.17 699     57681    1.89005    1.89574    0.00568165  128      1074     
 8486.05 699     57700    1.89005    1.89574    0.00568165  128      1074     
 8504.36 700     57765    1.89005    1.89574    0.00568146  131      1075     
 8505.46 700     57800    1.89005    1.89574    0.00568146  131      1075     
 8541.86 701     57850    1.89005    1.89574    0.00568134  130      1077     
 8544.06 702     57931    1.89005    1.89573    0.00567902  130      1077     
 8544.94 702     57950    1.89005    1.89573    0.00567902  130      1077     
 8592.23 703     58013    1.89005    1.89573    0.00567843  133      1079     
 8593.45 703     58050    1.89005    1.89573    0.00567843  133      1079     
 8614.13 704     58100    1.89006    1.89573    0.0056775   132      1080     
 8637.99 705     58177    1.89006    1.89573    0.00567722  132      1081     
 8638.86 705     58200    1.89006    1.89573    0.00567722  132      1081     
 8660.08 706     58259    1.89006    1.89573    0.00567684  134      1082     
 8694.3  706     58300    1.89006    1.89573    0.00567684  136      1084     
 8696.94 707     58350    1.89006    1.89573    0.00567668  137      1084     
 8752.65 708     58427    1.89006    1.89573    0.00567643  137      1087     
 8753.66 708     58450    1.89006    1.89573    0.00567643  138      1087     
 8775.63 709     58509    1.89006    1.89573    0.00567619  138      1088     
 8777.06 710     58550    1.89006    1.89573    0.00567619  139      1088     
 8778.83 710     58600    1.89006    1.89573    0.00567605  139      1088     
 8855.29 711     58673    1.89006    1.89573    0.00567532  141      1091     
 8856.41 711     58700    1.89006    1.89573    0.00567532  141      1091     
 8888.2  712     58755    1.89006    1.89573    0.00567337  142      1092     
 8913.06 713     58837    1.89006    1.89573    0.00567316  142      1093     
 8913.97 713     58850    1.89006    1.89573    0.00567316  142      1093     
 8933.98 714     58921    1.89006    1.89573    0.00567299  144      1094     
 8935.13 714     58950    1.89006    1.89573    0.00567299  144      1094     
 8964.95 715     59003    1.89006    1.89573    0.00567262  148      1095     
 9013.43 716     59087    1.89006    1.89573    0.00567237  146      1097     
 9014.39 716     59100    1.89006    1.89573    0.00567237  146      1097     
 9041.07 717     59169    1.89006    1.89573    0.00567217  143      1098     
 9042.32 717     59200    1.89006    1.89573    0.00567217  143      1098     
 9066.88 718     59251    1.89006    1.89573    0.00567206  145      1099     
 9115.33 719     59333    1.89006    1.89573    0.00567144  140      1101     
 9116.24 719     59350    1.89006    1.89573    0.00567144  140      1101     
 9159.53 720     59415    1.89006    1.89573    0.00567138  143      1103     
 9160.89 720     59450    1.89006    1.89573    0.00567138  143      1103     
 9184.53 721     59500    1.89006    1.89573    0.00567035  142      1104     
 9225.31 722     59579    1.89006    1.89573    0.0056699   139      1107     
 9226.42 722     59600    1.89006    1.89573    0.0056699   139      1107     
 9262.69 723     59661    1.89006    1.89573    0.0056685   138      1109     
 9264.17 723     59700    1.89006    1.89573    0.0056685   138      1109     
 9266.18 724     59750    1.89006    1.89573    0.00566844  138      1109     
 9268.52 725     59825    1.89006    1.89573    0.00566831  137      1109     
 9269.65 725     59850    1.89006    1.89573    0.00566831  137      1109     
 9297.11 726     59907    1.89006    1.89573    0.00566504  138      1111     
 9299.61 727     59989    1.89006    1.89572    0.00566444  138      1111     
 9300.51 727     60000    1.89006    1.89572    0.00566444  138      1111     
 9302.85 728     60071    1.89006    1.89572    0.00566427  137      1111     
 9304.28 728     60100    1.89006    1.89572    0.00566427  137      1111     
 9345.74 729     60155    1.89006    1.89572    0.00566416  135      1113     
 9383.83 730     60239    1.89006    1.89572    0.00566356  139      1115     
 9384.67 730     60250    1.89006    1.89572    0.00566356  139      1115     
 9410.68 731     60321    1.89006    1.89572    0.00566315  138      1116     
 9411.82 731     60350    1.89006    1.89572    0.00566315  138      1116     
 9452.61 732     60405    1.89006    1.89572    0.00566293  137      1118     
 9479.13 733     60487    1.89006    1.89572    0.00566248  137      1119     
 9480    733     60500    1.89006    1.89572    0.00566248  137      1119     
 9497.61 734     60569    1.89006    1.89572    0.00566219  130      1120     
 9498.71 734     60600    1.89006    1.89572    0.00566219  130      1120     
 9519.43 735     60651    1.89006    1.89572    0.0056619   127      1121     
 9570.36 736     60737    1.89006    1.89572    0.00566057  130      1124     
 9571.29 736     60750    1.89006    1.89572    0.00566057  130      1124     
 9590.6  737     60819    1.89006    1.89572    0.00565992  133      1125     
 9591.84 737     60850    1.89006    1.89572    0.00565992  133      1125     
 9593.9  738     60901    1.89006    1.89572    0.00565969  130      1125     
 9637.8  739     60983    1.89006    1.89572    0.00565931  132      1127     
 9638.79 739     61000    1.89006    1.89572    0.00565931  132      1127     
 9655.81 740     61065    1.89006    1.89572    0.00565877  137      1128     
 9657.09 740     61100    1.89006    1.89572    0.00565877  137      1128     
 9678.71 741     61150    1.89006    1.89572    0.00565714  136      1129     
 9681.05 742     61229    1.89006    1.89572    0.00565693  137      1129     
 9682.03 742     61250    1.89006    1.89572    0.00565693  137      1129     
 9684.06 743     61311    1.89006    1.89572    0.00565679  135      1129     
 9685.33 743     61350    1.89006    1.89572    0.00565679  137      1129     
 9700.73 744     61400    1.89006    1.89572    0.0056566   139      1130     
 9733.63 745     61477    1.89006    1.89572    0.00565606  143      1132     
 9734.74 745     61500    1.89006    1.89572    0.00565606  143      1132     
 9774.85 746     61561    1.89006    1.89572    0.00565595  139      1134     
 9776.24 746     61600    1.89006    1.89572    0.00565595  139      1134     
 9797.23 747     61650    1.89006    1.89572    0.00565584  140      1135     
 9818.22 748     61725    1.89006    1.89572    0.0056551   141      1136     
 9819.39 748     61750    1.89006    1.89572    0.0056551   141      1136     
 9842.13 749     61807    1.89006    1.89572    0.00565499  140      1137     
 9860.33 750     61889    1.89006    1.89572    0.00565476  141      1138     
 9861.23 750     61900    1.89006    1.89572    0.00565476  141      1138     
 9894.39 751     61971    1.89006    1.89572    0.00565448  141      1140     
 9895.56 751     62000    1.89006    1.89572    0.00565448  141      1140     
 9929.49 752     62055    1.89006    1.89572    0.00565377  140      1142     
 9932.07 753     62137    1.89006    1.89572    0.00565325  139      1142     
 9933.02 753     62150    1.89006    1.89572    0.00565325  139      1142     
 9966.36 754     62219    1.89006    1.89572    0.00565272  139      1144     
 9967.65 754     62250    1.89006    1.89572    0.00565272  139      1144     
 10001.9 755     62301    1.89006    1.89572    0.00565192  133      1146     
-------------------------------------------------------------------------------

SARSOP finishing ...
  Preset timeout reached
  Timeout     : 10000.000000s
  Actual Time : 10001.940000s

-------------------------------------------------------------------------------
 Time   |#Trial |#Backup |LBound    |UBound    |Precision  |#Alphas |#Beliefs  
-------------------------------------------------------------------------------
 10001.9 755     62301    1.89006    1.89572    0.00565192  133      1146     
-------------------------------------------------------------------------------

Writing out policy ...
  output file : ram_pomdp_soln/3e0208ee730.policyx

