
Loading the model ...
  input file   : /home/rstudio/projects/pomdp-ram/notebook/ram_pomdp_soln/3e059c2d0d7.pomdpx
  loading time : 8.21s 

SARSOP initializing ...
  initialization time : 943.27s

-------------------------------------------------------------------------------
 Time   |#Trial |#Backup |LBound    |UBound    |Precision  |#Alphas |#Beliefs  
-------------------------------------------------------------------------------
 943.27  0       0        1.51734    2.51556    0.998225    120      1        
 945.5   1       61       1.7526     1.93805    0.185456    43       13       
 947.01  1       100      1.7526     1.93805    0.185456    57       17       
 947.57  2       150      1.77235    1.938      0.165655    54       17       
 948.99  3       221      1.78455    1.938      0.153452    53       19       
 949.14  3       250      1.78455    1.938      0.153452    68       19       
 950.87  4       301      1.7939     1.938      0.144099    23       21       
 951.28  5       381      1.80163    1.938      0.136364    17       21       
 951.35  5       400      1.80163    1.938      0.136364    18       21       
 953.73  6       463      1.81507    1.93799    0.122918    11       24       
 953.84  6       500      1.81507    1.93799    0.122918    11       24       
 955.47  7       550      1.82814    1.93799    0.109853    11       26       
 957.51  8       627      1.83899    1.93799    0.0989997   11       28       
 957.59  8       650      1.83899    1.93799    0.0989997   11       28       
 961.34  9       709      1.84688    1.93798    0.0911032   10       31       
 963.87  10      750      1.84688    1.93798    0.0911032   12       33       
 964.1   10      800      1.85321    1.93797    0.0847597   12       33       
 969.87  11      873      1.85724    1.93796    0.0807261   10       36       
 969.97  11      900      1.85724    1.93796    0.0807261   11       36       
 974.3   12      955      1.85949    1.93795    0.0784624   11       38       
 975.9   13      1037     1.864      1.93795    0.073945    11       39       
 975.95  13      1050     1.864      1.93795    0.073945    10       39       
 979.66  14      1119     1.86777    1.93794    0.0701755   9        41       
 979.76  14      1150     1.86777    1.93794    0.0701755   10       41       
 984.75  15      1201     1.87062    1.93794    0.0673133   10       43       
 990.42  16      1283     1.87222    1.93794    0.0657141   12       45       
 990.5   16      1300     1.87222    1.93794    0.0657141   12       45       
 995.34  17      1365     1.87463    1.93793    0.0632987   12       47       
 995.47  17      1400     1.87463    1.93793    0.0632987   13       47       
 1001.82 18      1450     1.87775    1.93792    0.060173    11       49       
 1013.55 19      1529     1.88083    1.93792    0.0570866   12       53       
 1013.64 19      1550     1.88083    1.93792    0.0570866   12       53       
 1024.94 20      1611     1.88311    1.93791    0.0548042   10       56       
 1028.94 20      1650     1.88311    1.93791    0.0548042   12       57       
 1033.27 21      1700     1.88435    1.93791    0.0535629   13       58       
 1040.08 22      1775     1.8861     1.93791    0.0518038   13       60       
 1040.2  22      1800     1.8861     1.93791    0.0518038   14       60       
 1049.28 23      1857     1.88801    1.9379     0.0498966   12       62       
 1052.13 24      1939     1.88964    1.9379     0.0482647   11       63       
 1052.2  24      1950     1.88964    1.9379     0.0482647   13       63       
 1062.23 25      2021     1.89113    1.9379     0.046767    11       65       
 1062.37 25      2050     1.89113    1.9379     0.046767    10       65       
 1070.46 26      2103     1.89249    1.93789    0.045396    11       67       
 1081.55 27      2185     1.89411    1.93788    0.0437777   13       69       
 1081.65 27      2200     1.89411    1.93788    0.0437777   14       69       
 1090.33 28      2267     1.89537    1.93788    0.0425123   14       71       
 1090.5  28      2300     1.89537    1.93788    0.0425123   14       71       
 1108.31 29      2350     1.89689    1.93788    0.0409854   12       74       
 1117.97 30      2431     1.89818    1.93787    0.0396973   12       76       
 1118.07 30      2450     1.89818    1.93787    0.0396973   13       76       
 1127.58 31      2513     1.89928    1.93787    0.0385935   14       78       
 1127.76 31      2550     1.89928    1.93787    0.0385935   13       78       
 1140.95 32      2600     1.8998     1.93787    0.0380698   14       80       
 1160.72 33      2677     1.9007     1.93786    0.0371635   13       84       
 1160.84 33      2700     1.9007     1.93786    0.0371635   13       84       
 1175.11 34      2759     1.90137    1.93786    0.0364904   13       86       
 1178.95 35      2800     1.90137    1.93786    0.0364904   13       87       
 1179.23 35      2850     1.90214    1.93786    0.0357198   12       87       
 1194.41 36      2923     1.90273    1.93786    0.0351297   15       89       
 1194.56 36      2950     1.90273    1.93786    0.0351297   14       89       
 1202.53 37      3005     1.90304    1.93785    0.0348126   15       90       
 1206.82 38      3087     1.90339    1.93785    0.0344634   15       91       
 1206.91 38      3100     1.90339    1.93785    0.0344634   15       91       
 1231.87 39      3169     1.9039     1.93784    0.0339388   15       94       
 1232.05 39      3200     1.9039     1.93784    0.0339388   16       94       
 1249.12 40      3251     1.90431    1.93784    0.0335362   17       96       
 1266.55 41      3335     1.90483    1.93784    0.0330105   15       99       
 1266.66 41      3350     1.90483    1.93784    0.0330105   15       99       
 1284.18 42      3417     1.90532    1.93784    0.0325209   15       101      
 1284.36 42      3450     1.90532    1.93784    0.0325209   13       101      
 1288.9  43      3500     1.90579    1.93784    0.0320472   14       102      
 1298.93 44      3581     1.90637    1.93783    0.0314673   15       103      
 1299.06 44      3600     1.90637    1.93783    0.0314673   15       103      
 1314.04 45      3663     1.90686    1.93783    0.0309726   11       105      
 1314.26 45      3700     1.90686    1.93783    0.0309726   12       105      
 1323.95 46      3750     1.9072     1.93783    0.0306305   14       106      
 1348.69 47      3827     1.90768    1.93783    0.0301437   14       109      
 1348.83 47      3850     1.90768    1.93783    0.0301437   14       109      
 1359.56 48      3909     1.90817    1.93782    0.0296592   13       110      
 1364.74 49      3950     1.90817    1.93782    0.0296592   17       111      
 1365.08 49      4000     1.9085     1.93782    0.0293229   14       111      
 1376.83 50      4073     1.90877    1.93782    0.029053    16       112      
 1377.01 50      4100     1.90877    1.93782    0.029053    15       112      
 1393.95 51      4155     1.9092     1.93782    0.0286165   15       114      
 1406.92 52      4237     1.90944    1.93782    0.0283748   17       115      
 1407.04 52      4250     1.90944    1.93782    0.0283748   17       115      
 1426.01 53      4319     1.90958    1.93781    0.0282337   15       117      
 1426.21 53      4350     1.90958    1.93781    0.0282337   17       117      
 1437.09 54      4403     1.91003    1.9378     0.0277761   15       119      
 1454.58 55      4485     1.9105     1.9378     0.0273      11       121      
 1454.7  55      4500     1.9105     1.9378     0.0273      11       121      
 1467.15 56      4567     1.91079    1.93779    0.0269919   16       122      
 1467.35 56      4600     1.91079    1.93779    0.0269919   15       122      
 1498.42 57      4651     1.9113     1.93778    0.0264771   16       125      
 1510.39 58      4733     1.91161    1.93777    0.0261627   15       126      
 1510.52 58      4750     1.91161    1.93777    0.0261627   14       126      
 1539.02 59      4815     1.91192    1.93776    0.0258444   16       128      
 1539.25 59      4850     1.91192    1.93776    0.0258444   18       128      
 1560.08 60      4900     1.91231    1.93776    0.025446    15       130      
 1594.53 61      4981     1.9127     1.93775    0.0250491   15       133      
 1594.66 61      5000     1.9127     1.93775    0.0250491   15       133      
 1600.62 62      5063     1.91304    1.93775    0.0247057   15       134      
 1600.84 62      5100     1.91304    1.93775    0.0247057   14       134      
 1635.35 63      5150     1.91343    1.93774    0.0243045   20       137      
 1642.13 64      5227     1.91365    1.93773    0.0240812   20       138      
 1642.32 64      5250     1.91365    1.93773    0.0240812   20       138      
 1672.1  65      5309     1.91379    1.93773    0.0239362   16       140      
 1693.77 66      5350     1.91379    1.93773    0.0239362   18       142      
 1694.15 66      5400     1.91402    1.93773    0.023704    17       142      
 1715.77 67      5473     1.91429    1.93772    0.0234328   16       144      
 1715.96 67      5500     1.91429    1.93772    0.0234328   17       144      
 1747.41 68      5555     1.91454    1.93772    0.0231729   19       146      
 1754.51 69      5637     1.91474    1.93771    0.022972    19       147      
 1754.65 69      5650     1.91474    1.93771    0.022972    19       147      
 1761.71 70      5719     1.91488    1.93771    0.0228289   19       148      
 1761.93 70      5750     1.91488    1.93771    0.0228289   18       148      
 1797.43 71      5801     1.91506    1.9377     0.022645    17       150      
 1841.44 72      5883     1.91513    1.93769    0.0225575   21       153      
 1841.61 72      5900     1.91513    1.93769    0.0225575   20       153      
 1880.29 73      5965     1.91526    1.93768    0.0224206   20       155      
 1880.55 73      6000     1.91526    1.93768    0.0224206   19       155      
 1899.69 74      6050     1.91539    1.93768    0.0222896   19       156      
 1962.31 75      6129     1.91546    1.93767    0.0222125   21       159      
 1962.5  75      6150     1.91546    1.93767    0.0222125   20       159      
 1970.65 76      6211     1.91554    1.93767    0.0221301   23       160      
 1970.96 76      6250     1.91554    1.93767    0.0221301   24       160      
 1994.54 77      6300     1.9156     1.93767    0.022063    24       161      
 2028.12 78      6375     1.91569    1.93766    0.021972    23       163      
 2028.35 78      6400     1.91569    1.93766    0.021972    23       163      
 2061.65 79      6459     1.91581    1.93766    0.0218495   22       165      
 2089.59 80      6500     1.91581    1.93766    0.0218495   21       166      
 2090.01 80      6550     1.91604    1.93766    0.0216155   19       166      
 2098.15 81      6623     1.91625    1.93766    0.0214092   20       167      
 2098.36 81      6650     1.91625    1.93766    0.0214092   18       167      
 2119.69 82      6705     1.91637    1.93766    0.0212875   20       168      
 2149.17 83      6787     1.91646    1.93766    0.021199    20       169      
 2149.34 83      6800     1.91646    1.93766    0.021199    19       169      
 2186.62 84      6869     1.91658    1.93765    0.0210698   21       171      
 2186.87 84      6900     1.91658    1.93765    0.0210698   20       171      
 2210.82 85      6951     1.91669    1.93765    0.0209521   21       172      
 2268.94 86      7035     1.91679    1.93764    0.0208526   21       175      
 2269.11 86      7050     1.91679    1.93764    0.0208526   21       175      
 2298.79 87      7119     1.917      1.93764    0.0206466   19       177      
 2299.04 87      7150     1.917      1.93764    0.0206466   17       177      
 2325.53 88      7201     1.91716    1.93764    0.0204784   18       178      
 2334.73 89      7283     1.91731    1.93764    0.0203316   19       179      
 2334.91 89      7300     1.91731    1.93764    0.0203316   18       179      
 2386.17 90      7365     1.91735    1.93763    0.0202776   20       181      
 2386.44 90      7400     1.91735    1.93763    0.0202776   20       181      
 2447.47 91      7450     1.91747    1.93762    0.0201543   21       184      
 2470.92 92      7529     1.91755    1.93762    0.0200679   24       185      
 2471.14 92      7550     1.91755    1.93762    0.0200679   23       185      
 2505.75 93      7611     1.91763    1.93762    0.0199935   23       187      
 2533.15 93      7650     1.91763    1.93762    0.0199935   23       188      
 2563.61 94      7700     1.91768    1.93761    0.0199293   22       189      
 2648.94 95      7775     1.91772    1.9376     0.019879    26       192      
 2649.19 95      7800     1.91772    1.9376     0.019879    26       192      
 2687.5  96      7857     1.91778    1.9376     0.0198151   24       194      
 2749.22 97      7939     1.91783    1.9376     0.0197651   28       196      
 2749.43 97      7950     1.91783    1.9376     0.0197651   28       196      
 2784.83 98      8021     1.91787    1.93759    0.0197162   32       197      
 2785.14 98      8050     1.91787    1.93759    0.0197162   32       197      
 2826.17 99      8105     1.91794    1.93759    0.0196508   23       199      
 2919.55 100     8187     1.91806    1.93758    0.0195191   24       202      
 2919.73 100     8200     1.91806    1.93758    0.0195191   24       202      
 2987.97 101     8269     1.91812    1.93758    0.0194564   21       204      
 2988.25 101     8300     1.91812    1.93758    0.0194564   20       204      
 2999.11 102     8351     1.91817    1.93757    0.0194058   21       205      
 3041.44 103     8433     1.91827    1.93757    0.0192991   22       207      
 3041.65 103     8450     1.91827    1.93757    0.0192991   20       207      
 3111.3  104     8515     1.91832    1.93757    0.0192522   23       209      
 3111.62 104     8550     1.91832    1.93757    0.0192522   22       209      
 3156.71 105     8600     1.9184     1.93756    0.0191563   21       211      
 3189.98 106     8679     1.91845    1.93756    0.0191095   22       212      
 3190.22 106     8700     1.91845    1.93756    0.0191095   23       212      
 3320.54 107     8761     1.91848    1.93756    0.0190726   25       215      
 3351.19 107     8800     1.91848    1.93756    0.0190726   25       216      
 3362.78 108     8850     1.91853    1.93755    0.0190176   27       217      
 3462.91 109     8927     1.91859    1.93755    0.018956    24       220      
 3463.18 109     8950     1.91859    1.93755    0.018956    25       220      
 3602.96 110     9009     1.91863    1.93754    0.0189032   25       223      
 3710.45 111     9050     1.91863    1.93754    0.0189032   26       226      
 3711.01 111     9100     1.91872    1.93754    0.0188187   26       226      
 3834.99 112     9175     1.91875    1.93753    0.018772    29       231      
 3835.26 112     9200     1.91875    1.93753    0.018772    29       231      
 3917.05 113     9257     1.91887    1.93753    0.0186515   24       233      
 3974.22 114     9339     1.91896    1.93753    0.0185632   24       235      
 3974.42 114     9350     1.91896    1.93753    0.0185632   23       235      
 4023.68 115     9421     1.91904    1.93752    0.0184886   25       236      
 4024    115     9450     1.91904    1.93752    0.0184886   25       236      
 4133.79 116     9503     1.91908    1.93752    0.0184347   23       238      
 4134.55 117     9585     1.91914    1.93752    0.0183754   23       238      
 4134.76 117     9600     1.91914    1.93752    0.0183754   23       238      
 4221.79 118     9667     1.91918    1.93751    0.018335    24       240      
 4222.13 118     9700     1.91918    1.93751    0.018335    24       240      
 4236.24 119     9750     1.91923    1.93751    0.0182849   27       241      
 4342.84 120     9831     1.91927    1.93751    0.0182377   28       243      
 4343.09 120     9850     1.91927    1.93751    0.0182377   28       243      
 4405.54 121     9913     1.91932    1.93751    0.0181865   29       244      
 4405.9  121     9950     1.91932    1.93751    0.0181865   27       244      
 4459.07 122     10000    1.91935    1.93751    0.0181553   25       246      
 4504.76 123     10077    1.91939    1.9375     0.0181098   27       248      
 4505.04 123     10100    1.91939    1.9375     0.0181098   27       248      
 4544.31 124     10159    1.91945    1.9375     0.0180504   31       249      
 4628.04 125     10200    1.91945    1.9375     0.0180504   28       251      
 4628.67 125     10250    1.91948    1.9375     0.0180219   29       251      
 4756.51 126     10323    1.91949    1.93749    0.0179981   29       254      
 4756.85 126     10350    1.91949    1.93749    0.0179981   28       254      
 4811.21 127     10405    1.91951    1.93749    0.0179762   27       255      
 4882.38 128     10487    1.91953    1.93749    0.0179588   33       257      
 4882.61 128     10500    1.91953    1.93749    0.0179588   33       257      
 4937.36 129     10569    1.91954    1.93749    0.0179407   33       258      
 4937.72 129     10600    1.91954    1.93749    0.0179407   33       258      
 4990.16 130     10651    1.91956    1.93749    0.0179257   32       259      
 5003.46 131     10733    1.91957    1.93748    0.0179101   30       260      
 5003.73 131     10750    1.91957    1.93748    0.0179101   30       260      
 5070    132     10815    1.91961    1.93748    0.0178656   28       261      
 5070.39 132     10850    1.91961    1.93748    0.0178656   28       261      
 5118.78 133     10900    1.91965    1.93748    0.0178242   25       262      
 5195.55 134     10979    1.91969    1.93747    0.0177861   28       264      
 5195.85 134     11000    1.91969    1.93747    0.0177861   28       264      
 5242.89 135     11061    1.91972    1.93747    0.0177531   28       265      
 5296.1  135     11100    1.91972    1.93747    0.0177531   26       266      
 5354.18 136     11150    1.91975    1.93747    0.0177168   27       267      
 5419.78 137     11225    1.91979    1.93747    0.017672    27       268      
 5420.12 137     11250    1.91979    1.93747    0.017672    27       268      
 5492.25 138     11307    1.91981    1.93747    0.0176558   29       270      
 5605.73 139     11389    1.91983    1.93747    0.0176342   31       272      
 5605.97 139     11400    1.91983    1.93747    0.0176342   31       272      
 5620.57 140     11471    1.91985    1.93747    0.0176115   35       273      
 5620.95 140     11500    1.91985    1.93747    0.0176115   35       273      
 5748.17 141     11553    1.91987    1.93746    0.0175944   37       275      
 5801.73 142     11635    1.91989    1.93746    0.0175737   35       276      
 5802.02 142     11650    1.91989    1.93746    0.0175737   35       276      
 5816.97 143     11717    1.9199     1.93746    0.0175627   34       277      
 5817.33 143     11750    1.9199     1.93746    0.0175627   34       277      
 5895.97 144     11800    1.91991    1.93746    0.0175432   34       279      
 6127.8  145     11881    1.91994    1.93746    0.0175203   36       283      
 6128.12 145     11900    1.91994    1.93746    0.0175203   35       283      
 6195.25 146     11963    1.91996    1.93744    0.0174801   34       285      
 6195.67 146     12000    1.91996    1.93744    0.0174801   34       285      
 6250.37 147     12050    1.91999    1.93744    0.0174465   32       286      
 6367.53 148     12127    1.92003    1.93743    0.0174034   36       288      
 6367.88 148     12150    1.92003    1.93743    0.0174034   36       288      
 6384.54 149     12209    1.92005    1.93743    0.0173741   34       289      
 6553.62 150     12250    1.92005    1.93743    0.0173741   31       292      
 6554.25 150     12300    1.92008    1.93742    0.0173371   32       292      
 6638.47 151     12373    1.92013    1.93742    0.0172889   31       294      
 6638.85 151     12400    1.92013    1.93742    0.0172889   32       294      
 6842.16 152     12455    1.92014    1.93741    0.0172653   33       297      
 6927.64 153     12537    1.92017    1.93741    0.017239    34       299      
 6927.93 153     12550    1.92017    1.93741    0.017239    33       299      
 6995.5  154     12619    1.9202     1.9374     0.0172065   32       300      
 6995.96 154     12650    1.9202     1.9374     0.0172065   32       300      
 7125.48 155     12701    1.92023    1.9374     0.0171751   33       302      
 7143.73 156     12783    1.92024    1.9374     0.0171583   32       303      
 7144.03 156     12800    1.92024    1.9374     0.0171583   32       303      
 7283.12 157     12865    1.92027    1.9374     0.0171341   34       305      
 7283.56 157     12900    1.92027    1.9374     0.0171341   34       305      
 7438.09 158     12950    1.92028    1.9374     0.0171207   35       307      
 7456.12 159     13029    1.9203     1.9374     0.0170928   34       308      
 7456.51 159     13050    1.9203     1.9374     0.0170928   34       308      
 7550.27 160     13111    1.92032    1.9374     0.0170744   32       310      
 7550.78 160     13150    1.92032    1.9374     0.0170744   33       310      
 7662.93 161     13200    1.92034    1.93739    0.0170509   32       312      
 7822.27 162     13277    1.92036    1.93739    0.017027    36       314      
 7822.66 162     13300    1.92036    1.93739    0.017027    36       314      
 7990.26 163     13359    1.92039    1.93739    0.0170026   36       316      
 8091.25 164     13400    1.92039    1.93739    0.0170026   38       318      
 8092    164     13450    1.92039    1.93738    0.0169899   39       318      
 8168.41 165     13523    1.92041    1.93738    0.0169751   41       319      
 8168.87 165     13550    1.92041    1.93738    0.0169751   41       319      
 8256.71 166     13605    1.92042    1.93738    0.0169665   42       321      
 8347.75 167     13687    1.92043    1.93738    0.0169564   41       323      
 8348.08 167     13700    1.92043    1.93738    0.0169564   41       323      
 8486.93 168     13769    1.92044    1.93738    0.0169416   37       325      
 8487.35 168     13800    1.92044    1.93738    0.0169416   37       325      
 8542.15 169     13851    1.92045    1.93738    0.0169333   36       326      
 8809.46 170     13935    1.92046    1.93738    0.0169152   34       330      
 8809.78 170     13950    1.92046    1.93738    0.0169152   34       330      
 8872.9  171     14017    1.92048    1.93737    0.016895    31       331      
 8873.32 171     14050    1.92048    1.93737    0.016895    31       331      
 8943.21 172     14100    1.92049    1.93737    0.0168828   35       332      
 9097.36 173     14181    1.92051    1.93736    0.0168503   39       335      
 9097.68 173     14200    1.92051    1.93736    0.0168503   39       335      
 9183.51 174     14263    1.92053    1.93736    0.0168282   35       337      
 9183.94 174     14300    1.92053    1.93736    0.0168282   35       337      
 9269.08 175     14350    1.92055    1.93735    0.0168061   34       339      
 9337.18 176     14427    1.92057    1.93735    0.0167803   32       340      
 9337.53 176     14450    1.92057    1.93735    0.0167803   31       340      
 9352.5  177     14509    1.92059    1.93735    0.0167597   33       341      
 9429.98 178     14550    1.92059    1.93735    0.0167597   30       342      
 9430.59 178     14600    1.92062    1.93735    0.0167262   28       342      
 9543.72 179     14673    1.92064    1.93734    0.0167024   35       344      
 9544.09 179     14700    1.92064    1.93734    0.0167024   35       344      
 9619.36 180     14755    1.92066    1.93734    0.0166815   35       346      
 9641.04 181     14837    1.92067    1.93734    0.0166703   35       347      
 9641.34 181     14850    1.92067    1.93734    0.0166703   33       347      
 9701.2  182     14919    1.92069    1.93734    0.016648    34       348      
 9701.61 182     14950    1.92069    1.93734    0.016648    34       348      
 9809.71 183     15001    1.92071    1.93734    0.0166268   34       350      
 9892.58 184     15083    1.92072    1.93733    0.0166097   38       352      
 9892.89 184     15100    1.92072    1.93733    0.0166097   38       352      
 9909.37 185     15165    1.92074    1.93733    0.0165893   38       353      
 9909.88 185     15200    1.92074    1.93733    0.0165893   38       353      
 9931.61 186     15250    1.92075    1.93733    0.0165769   37       354      
 10090.5 187     15329    1.92077    1.93732    0.0165545   30       356      
-------------------------------------------------------------------------------

SARSOP finishing ...
  Preset timeout reached
  Timeout     : 10000.000000s
  Actual Time : 10090.480000s

-------------------------------------------------------------------------------
 Time   |#Trial |#Backup |LBound    |UBound    |Precision  |#Alphas |#Beliefs  
-------------------------------------------------------------------------------
 10090.5 187     15329    1.92077    1.93732    0.0165545   30       356      
-------------------------------------------------------------------------------

Writing out policy ...
  output file : ram_pomdp_soln/3e059c2d0d7.policyx

