
Loading the model ...
  input file   : /home/rstudio/projects/pomdp-ram/notebook/ram_pomdp_soln/3e057a7016e.pomdpx
  loading time : 7.38s 

SARSOP initializing ...
  initialization time : 533.01s

-------------------------------------------------------------------------------
 Time   |#Trial |#Backup |LBound    |UBound    |Precision  |#Alphas |#Beliefs  
-------------------------------------------------------------------------------
 533.01  0       0        2.72646    3.6439     0.91744     120      1        
 534.58  1       50       2.77771    2.80775    0.0300415   63       26       
 537.34  2       119      2.78161    2.8077     0.0260913   67       56       
 541.15  2       150      2.78161    2.8077     0.0260913   27       86       
 542.47  3       200      2.78642    2.80764    0.0212183   22       94       
 545.23  4       250      2.78862    2.80764    0.019017    14       110      
 548.86  5       307      2.79589    2.80761    0.0117221   15       127      
 559.03  6       377      2.79689    2.80758    0.0106953   19       158      
 559.12  6       400      2.79689    2.80758    0.0106953   16       158      
 563.16  7       450      2.79816    2.80758    0.00941862  16       170      
 567.1   8       511      2.79893    2.80756    0.00862255  14       180      
 573.08  9       577      2.80096    2.80756    0.00660058  17       196      
 580.13  9       600      2.80096    2.80756    0.00660058  16       212      
 583.76  10      650      2.80141    2.8075     0.00608194  14       219      
 598.6   11      721      2.80172    2.80749    0.00577293  17       242      
 606.47  11      750      2.80172    2.80749    0.00577293  17       253      
 609.33  12      800      2.80207    2.80744    0.00537369  21       258      
 612.05  13      863      2.80226    2.80744    0.00518092  17       264      
 620.86  14      931      2.80244    2.80743    0.00499074  18       278      
 624.04  14      950      2.80244    2.80743    0.00499074  19       283      
 627.7   15      1001     2.80255    2.80743    0.0048806   21       289      
 639.65  16      1067     2.80277    2.80742    0.00465269  18       308      
 658.21  17      1131     2.80373    2.80742    0.00368647  20       328      
 666.35  17      1150     2.80373    2.80742    0.00368647  19       336      
 671.21  18      1205     2.8039     2.80741    0.00350994  22       342      
 684.67  19      1277     2.80399    2.80741    0.00342285  24       357      
 689.29  19      1300     2.80399    2.80741    0.00342285  24       362      
 692.72  20      1350     2.80413    2.80741    0.00327679  20       366      
 697.77  21      1423     2.8042     2.8074     0.00320508  22       372      
 708.48  21      1450     2.8042     2.8074     0.00320508  23       382      
 717.71  22      1500     2.80427    2.8074     0.00312709  22       390      
 723.55  23      1565     2.80436    2.8074     0.00304149  22       396      
 734.42  24      1633     2.8044     2.80739    0.00299464  19       405      
 737.1   24      1650     2.8044     2.80739    0.00299464  20       408      
 741.55  25      1701     2.80445    2.80739    0.00293943  25       415      
 752.85  26      1769     2.80461    2.80738    0.00276512  25       424      
 755.76  26      1800     2.80461    2.80738    0.00276512  26       426      
 767.57  27      1850     2.8047     2.80738    0.00267114  23       437      
 779.93  28      1911     2.80501    2.80738    0.00236863  27       446      
 797.88  29      1983     2.80503    2.80737    0.00234344  27       459      
 804.89  29      2000     2.80503    2.80737    0.00234344  30       464      
 812.76  30      2055     2.80509    2.80737    0.00227485  26       470      
 828.05  31      2127     2.80512    2.80737    0.00224607  26       481      
 838.76  31      2150     2.80512    2.80737    0.00224607  28       488      
 851.55  32      2201     2.80517    2.80736    0.00218965  28       496      
 864.56  33      2273     2.80519    2.80736    0.00217004  30       504      
 874.48  33      2300     2.80519    2.80736    0.00217004  32       510      
 884.24  34      2350     2.8052     2.80736    0.0021577   29       515      
 889     35      2419     2.80522    2.80736    0.00213699  27       518      
 905.92  35      2450     2.80522    2.80736    0.00213699  29       528      
 923.56  36      2500     2.80526    2.80735    0.00209383  31       539      
 943.21  37      2563     2.80528    2.80735    0.00206831  26       551      
 953.01  38      2633     2.8053     2.80735    0.00205307  32       556      
 953.22  38      2650     2.8053     2.80735    0.00205307  31       556      
 959.49  39      2703     2.80531    2.80735    0.0020346   28       560      
 971.98  40      2773     2.80535    2.80735    0.00199632  29       567      
 981.92  40      2800     2.80535    2.80735    0.00199632  30       573      
 1001    41      2850     2.80537    2.80734    0.00197846  31       584      
 1012.79 42      2913     2.80538    2.80734    0.00196018  29       591      
 1025.52 43      2985     2.8054     2.80734    0.00194377  30       599      
 1035.51 43      3000     2.8054     2.80734    0.00194377  30       604      
 1046.15 44      3053     2.80541    2.80732    0.00191298  31       610      
 1057.2  45      3121     2.80543    2.80732    0.00189213  29       615      
 1057.46 45      3150     2.80543    2.80732    0.00189213  29       615      
 1066.26 46      3200     2.80543    2.80732    0.00188752  27       619      
 1074.37 47      3259     2.80544    2.80732    0.00187702  31       624      
 1108.8  48      3327     2.80544    2.80731    0.00186942  33       640      
 1109.05 48      3350     2.80544    2.80731    0.00186942  34       640      
 1120.13 49      3400     2.80545    2.80731    0.00186486  28       645      
 1153.62 50      3465     2.80562    2.80731    0.00168916  30       660      
 1171.92 50      3500     2.80562    2.80731    0.00168916  31       669      
 1187.8  51      3550     2.80563    2.80731    0.00168153  26       676      
 1194.16 52      3611     2.80564    2.80731    0.00167099  27       680      
 1202.08 53      3683     2.80565    2.80731    0.00166386  26       684      
 1213.42 53      3700     2.80565    2.80731    0.00166386  27       689      
 1227.43 54      3753     2.80565    2.80727    0.00162126  29       695      
 1240.7  55      3825     2.80565    2.80727    0.0016178   30       701      
 1240.95 55      3850     2.80565    2.80727    0.0016178   32       701      
 1246.13 56      3900     2.80566    2.80727    0.00161444  28       705      
 1262.24 57      3969     2.80566    2.80727    0.00160769  28       712      
 1273.13 57      4000     2.80566    2.80727    0.00160769  30       718      
 1281.67 58      4050     2.80569    2.80727    0.00157458  31       722      
 1283.28 59      4113     2.8057     2.80726    0.00156442  35       724      
 1294.09 60      4185     2.80571    2.80726    0.0015538   30       729      
 1294.31 60      4200     2.80571    2.80726    0.0015538   31       729      
 1300.75 61      4257     2.80571    2.80726    0.00155203  34       732      
 1307.51 62      4329     2.80572    2.80726    0.00153927  36       735      
 1307.75 62      4350     2.80572    2.80726    0.00153927  35       735      
 1314.34 63      4403     2.80572    2.80726    0.00153803  32       738      
 1323.44 64      4475     2.80574    2.80726    0.00151426  33       742      
 1323.7  64      4500     2.80574    2.80726    0.00151426  35       742      
 1335.44 65      4550     2.80574    2.80725    0.00151241  33       747      
 1342.91 66      4619     2.80575    2.80725    0.00150383  34       751      
 1345.82 66      4650     2.80575    2.80725    0.00150383  33       752      
 1359.26 67      4700     2.80575    2.80725    0.00149861  34       759      
 1368.33 68      4763     2.80576    2.80725    0.00149287  37       763      
 1393.81 69      4835     2.80576    2.80725    0.00149138  36       773      
 1394.05 69      4850     2.80576    2.80725    0.00149138  36       773      
 1400.36 70      4907     2.8058     2.80724    0.00144419  41       776      
 1416.29 71      4979     2.8058     2.80724    0.00144367  42       782      
 1416.56 71      5000     2.8058     2.80724    0.00144367  41       782      
 1423.6  72      5051     2.8058     2.80724    0.00144165  43       785      
 1467.71 73      5125     2.8058     2.80724    0.00144014  36       802      
 1468    73      5150     2.8058     2.80724    0.00144014  36       802      
 1483.9  74      5200     2.8058     2.80724    0.00143923  35       808      
 1492.93 75      5271     2.8058     2.80724    0.00143794  33       812      
 1493.22 75      5300     2.8058     2.80724    0.00143794  34       812      
 1500.87 76      5350     2.80581    2.80724    0.00143488  35       815      
 1507.37 77      5415     2.80581    2.80724    0.00143435  35       818      
 1513.89 77      5450     2.80581    2.80724    0.00143435  39       821      
 1514.29 78      5500     2.80581    2.80724    0.00142941  41       821      
 1519.82 79      5559     2.80581    2.80724    0.0014286   43       824      
 1539.57 80      5633     2.80581    2.80724    0.00142493  36       832      
 1539.83 80      5650     2.80581    2.80724    0.00142493  36       832      
 1548.94 81      5705     2.80581    2.80724    0.00142414  34       836      
 1559.58 82      5777     2.80581    2.80724    0.00142379  40       840      
 1559.88 82      5800     2.80581    2.80724    0.00142379  40       840      
 1564.29 83      5850     2.80582    2.80724    0.00142281  39       842      
 1579.74 84      5919     2.80582    2.80724    0.00142229  41       848      
 1596.83 84      5950     2.80582    2.80724    0.00142229  40       855      
 1605.72 85      6000     2.80582    2.80724    0.0014189   35       858      
 1620.11 86      6059     2.80582    2.80724    0.00141845  42       863      
 1630.28 87      6131     2.80582    2.80724    0.00141779  43       867      
 1630.58 87      6150     2.80582    2.80724    0.00141779  43       867      
 1635.1  88      6201     2.80582    2.80724    0.00141412  39       869      
 1642.59 89      6273     2.80582    2.80724    0.00141284  42       872      
 1642.92 89      6300     2.80582    2.80724    0.00141284  43       872      
 1655.84 90      6350     2.80582    2.80724    0.00141238  44       877      
 1666.08 91      6415     2.80582    2.80724    0.00141211  45       881      
 1674.16 92      6450     2.80582    2.80724    0.00141211  48       884      
 1674.58 92      6500     2.80582    2.80724    0.00141131  50       884      
 1685.16 93      6555     2.80582    2.80724    0.00141092  48       888      
 1700.3  94      6625     2.80582    2.80724    0.00141073  48       893      
 1706.3  94      6650     2.80582    2.80724    0.00141073  47       895      
 1726.81 95      6700     2.80583    2.80723    0.00139998  46       902      
 1737.8  96      6767     2.80583    2.80723    0.0013993   47       906      
 1743.59 96      6800     2.80583    2.80723    0.0013993   50       908      
 1750.66 97      6850     2.80583    2.80723    0.00139778  46       911      
 1759.13 98      6913     2.80584    2.80723    0.00139494  42       914      
 1769.81 99      6983     2.80584    2.80723    0.00139301  34       918      
 1770.1  99      7000     2.80584    2.80723    0.00139301  33       918      
 1781.48 100     7055     2.80584    2.80723    0.00138739  39       922      
 1786.77 101     7127     2.80584    2.80723    0.00138654  39       924      
 1809.54 101     7150     2.80584    2.80723    0.00138654  40       932      
 1819.78 102     7200     2.80591    2.80723    0.00131623  43       936      
 1826.6  103     7271     2.80591    2.80723    0.0013137   43       939      
 1826.91 103     7300     2.80591    2.80723    0.0013137   40       939      
 1832.66 104     7350     2.80591    2.80723    0.00131314  40       942      
 1860.05 105     7419     2.80591    2.80723    0.00131056  43       952      
 1860.37 105     7450     2.80591    2.80723    0.00131056  43       952      
 1865.66 106     7500     2.80592    2.80723    0.00130995  44       954      
 1877.63 107     7565     2.80592    2.80722    0.00130869  43       959      
 1889.1  107     7600     2.80592    2.80722    0.00130869  42       963      
 1892.76 108     7650     2.80592    2.80722    0.00130804  42       964      
 1901.99 109     7711     2.80592    2.80722    0.00130678  39       968      
 1915.95 110     7785     2.80592    2.80722    0.00130598  39       973      
 1916.22 110     7800     2.80592    2.80722    0.00130598  39       973      
 1925.74 111     7855     2.80592    2.80722    0.00130541  40       976      
 1970.68 112     7927     2.80592    2.80722    0.00130521  39       991      
 1970.99 112     7950     2.80592    2.80722    0.00130521  39       991      
 1987.58 113     8000     2.80592    2.80722    0.00130492  39       996      
 2003.56 114     8069     2.80592    2.80722    0.0013026   38       1001     
 2003.89 114     8100     2.80592    2.80722    0.0013026   39       1001     
 2007.93 115     8150     2.80592    2.80722    0.00130155  41       1003     
 2023.6  116     8215     2.80592    2.80722    0.00130134  43       1009     
 2029.28 116     8250     2.80592    2.80722    0.00130134  44       1011     
 2029.78 117     8300     2.80592    2.80722    0.00130097  45       1011     
 2040.02 118     8357     2.80592    2.80722    0.00129664  51       1014     
 2045.54 119     8427     2.80592    2.80722    0.00129624  51       1016     
 2045.96 119     8450     2.80592    2.80722    0.00129624  53       1016     
 2055.49 120     8500     2.80592    2.80722    0.00129604  56       1019     
 2059.14 121     8569     2.80592    2.80722    0.00129486  51       1021     
 2106.63 121     8600     2.80592    2.80722    0.00129486  51       1035     
 2118.23 122     8650     2.80592    2.80722    0.0012931   52       1039     
 2132.03 123     8713     2.80593    2.80722    0.0012928   52       1043     
 2139.2  124     8750     2.80593    2.80722    0.0012928   51       1046     
 2139.71 124     8800     2.80593    2.80722    0.00129227  52       1046     
 2147.29 125     8857     2.80593    2.80722    0.00129022  53       1048     
 2166.45 126     8929     2.80593    2.80722    0.00128988  53       1054     
 2166.78 126     8950     2.80593    2.80722    0.00128988  52       1054     
 2178.72 127     9003     2.80593    2.80722    0.00128952  51       1058     
 2182.6  128     9073     2.80593    2.80722    0.00128901  51       1059     
 2182.98 128     9100     2.80593    2.80722    0.00128901  51       1059     
 2189.35 129     9150     2.80593    2.80722    0.0012883   52       1062     
 2234.95 130     9215     2.80593    2.80722    0.00128804  48       1076     
 2241.22 131     9250     2.80593    2.80722    0.00128804  47       1078     
 2241.73 131     9300     2.80593    2.80722    0.00128801  49       1078     
 2253.89 132     9357     2.80593    2.80722    0.00128764  46       1082     
 2314.5  133     9429     2.80593    2.80722    0.00128728  51       1100     
 2314.92 133     9450     2.80593    2.80722    0.00128728  50       1100     
 2339.99 134     9500     2.80593    2.80721    0.00128672  51       1108     
 2398.08 135     9569     2.80593    2.80721    0.00128436  50       1124     
 2402.31 135     9600     2.80593    2.80721    0.00128436  51       1125     
 2425.58 136     9650     2.80594    2.80721    0.00126844  52       1133     
 2446.53 137     9711     2.80594    2.80721    0.00126677  53       1139     
 2468.2  138     9781     2.80594    2.8072     0.00125759  53       1145     
 2524.24 138     9800     2.80594    2.8072     0.00125759  53       1160     
 2580.85 139     9851     2.80594    2.8072     0.00125735  53       1175     
 2607.7  140     9921     2.80595    2.8072     0.00125288  55       1182     
 2637.59 140     9950     2.80595    2.8072     0.00125288  60       1190     
 2676.19 141     10000    2.80595    2.8072     0.00125232  51       1200     
 2701.62 142     10063    2.80595    2.8072     0.00125209  53       1207     
 2741.38 143     10133    2.80595    2.8072     0.00125157  51       1218     
 2741.78 143     10150    2.80595    2.8072     0.00125157  53       1218     
 2761.13 144     10203    2.80595    2.8072     0.00125143  55       1224     
 2795.78 145     10273    2.80595    2.8072     0.00125133  56       1233     
 2796.24 145     10300    2.80595    2.8072     0.00125133  55       1233     
 2807.29 146     10350    2.80595    2.8072     0.00125114  51       1236     
 2833.51 147     10419    2.80595    2.8072     0.00124989  46       1243     
 2853.77 147     10450    2.80595    2.8072     0.00124989  46       1248     
 2869.14 148     10500    2.80595    2.8072     0.00124714  44       1252     
 2890.12 149     10561    2.80595    2.8072     0.00124566  45       1258     
 2913.28 150     10633    2.80595    2.80718    0.00123103  44       1264     
 2913.67 150     10650    2.80595    2.80718    0.00123103  46       1264     
 2928.41 151     10703    2.80595    2.80718    0.00122877  47       1268     
 2937.62 152     10773    2.80595    2.80718    0.0012285   46       1271     
 2938.03 152     10800    2.80595    2.80718    0.0012285   46       1271     
 2950.92 153     10850    2.80596    2.80718    0.00122802  44       1274     
 2965.99 154     10913    2.80596    2.80718    0.00122766  46       1278     
 3018.99 155     10983    2.80596    2.80718    0.00122326  43       1292     
 3038.88 155     11000    2.80596    2.80718    0.00122326  41       1297     
 3057.06 156     11055    2.80596    2.80718    0.0012206   42       1302     
 3074.89 157     11127    2.80596    2.80718    0.00121913  43       1307     
 3075.34 157     11150    2.80596    2.80718    0.00121913  43       1307     
 3092.01 158     11200    2.80596    2.80718    0.00121886  43       1311     
 3104.65 159     11269    2.80596    2.80718    0.00121794  46       1315     
 3105.1  159     11300    2.80596    2.80718    0.00121794  46       1315     
 3112.77 160     11350    2.80596    2.80718    0.00121777  44       1317     
 3120.3  161     11409    2.80596    2.80718    0.00121771  47       1319     
 3127.62 162     11477    2.80596    2.80718    0.0012172   48       1321     
 3152.01 162     11500    2.80596    2.80718    0.0012172   45       1327     
 3167.85 163     11550    2.80596    2.80718    0.0012168   44       1331     
 3215.71 164     11619    2.80596    2.80718    0.00121635  42       1342     
 3238.45 164     11650    2.80596    2.80718    0.00121635  40       1347     
 3247.61 165     11700    2.80596    2.80718    0.00121615  43       1349     
 3283.46 166     11757    2.80596    2.80718    0.00121598  46       1357     
 3296.4  167     11827    2.80598    2.80717    0.00119484  44       1360     
 3296.85 167     11850    2.80598    2.80717    0.00119484  42       1360     
 3301.99 168     11900    2.80598    2.80717    0.00119466  43       1361     
 3316.96 169     11969    2.80598    2.80717    0.00119389  47       1366     
 3344.99 169     12000    2.80598    2.80717    0.00119389  47       1372     
 3349.96 170     12050    2.80598    2.80717    0.0011914   49       1374     
 3371.28 171     12105    2.80598    2.80717    0.00119056  50       1379     
 3425.91 172     12175    2.80598    2.80717    0.00119012  47       1392     
 3426.36 172     12200    2.80598    2.80717    0.00119012  47       1392     
 3447.6  173     12250    2.80598    2.80717    0.00118966  47       1397     
 3460.41 174     12311    2.80598    2.80717    0.00118954  48       1400     
 3484.06 175     12381    2.80598    2.80717    0.00118905  48       1406     
 3484.53 175     12400    2.80598    2.80717    0.00118905  48       1406     
 3502.65 176     12451    2.80598    2.80717    0.00118884  54       1410     
 3515.35 177     12519    2.80598    2.80717    0.00118865  53       1413     
 3525.57 177     12550    2.80598    2.80717    0.00118865  51       1415     
 3537.7  178     12600    2.80598    2.80717    0.0011836   48       1418     
 3581.18 179     12657    2.80598    2.80717    0.00118335  49       1428     
 3620.71 180     12727    2.80598    2.80717    0.00118319  50       1436     
 3634.39 180     12750    2.80598    2.80717    0.00118319  50       1439     
 3662.47 181     12800    2.80598    2.80717    0.00118309  51       1445     
 3680.08 182     12867    2.80598    2.80717    0.00118233  50       1449     
 3710.48 182     12900    2.80598    2.80717    0.00118233  46       1456     
 3714.55 183     12950    2.80599    2.80717    0.00118063  46       1457     
 3734.59 184     13005    2.80599    2.80716    0.00117264  47       1461     
 3751.22 185     13075    2.80599    2.80716    0.00117232  49       1465     
 3751.69 185     13100    2.80599    2.80716    0.00117232  49       1465     
 3771.7  186     13150    2.80599    2.80716    0.00117205  52       1469     
 3784.7  187     13213    2.80599    2.80716    0.0011716   50       1472     
 3800.77 188     13281    2.80599    2.80716    0.00117155  47       1475     
 3801.28 188     13300    2.80599    2.80716    0.00117155  47       1475     
 3821.7  189     13353    2.80599    2.80716    0.00117119  49       1480     
 3838.29 190     13423    2.80599    2.80716    0.00117045  49       1484     
 3851.28 190     13450    2.80599    2.80716    0.00117045  49       1487     
 3882.63 191     13500    2.80599    2.80716    0.00117021  50       1493     
 3904.48 192     13561    2.80599    2.80716    0.00117002  50       1498     
 3946.22 193     13629    2.80599    2.80716    0.00116986  49       1506     
 3946.7  193     13650    2.80599    2.80716    0.00116986  49       1506     
 3985.94 194     13700    2.80599    2.80716    0.00116944  55       1515     
 4041.18 195     13767    2.80603    2.80716    0.00113536  54       1526     
 4057.98 195     13800    2.80603    2.80716    0.00113536  53       1529     
 4066.27 196     13850    2.80603    2.80716    0.00113515  53       1531     
 4088.67 197     13909    2.80603    2.80716    0.00113499  54       1535     
 4106.14 198     13981    2.80603    2.80716    0.00113359  64       1539     
 4106.71 198     14000    2.80603    2.80716    0.00113359  58       1539     
 4119.6  199     14051    2.80603    2.80716    0.00113302  61       1542     
 4181.96 200     14121    2.80603    2.80716    0.00113273  62       1554     
 4182.58 200     14150    2.80603    2.80716    0.00113273  63       1554     
 4214.79 201     14200    2.80603    2.80716    0.00113253  62       1560     
 4235.25 202     14265    2.80603    2.80716    0.00113241  64       1564     
 4242.3  203     14333    2.80603    2.80716    0.00113234  59       1565     
 4242.86 203     14350    2.80603    2.80716    0.00113234  58       1565     
 4263.43 204     14405    2.80603    2.80716    0.00113228  59       1569     
 4294.64 205     14475    2.80603    2.80716    0.00113211  63       1575     
 4295.23 205     14500    2.80603    2.80716    0.00113211  63       1575     
 4312.05 206     14550    2.80603    2.80716    0.00113204  60       1578     
 4330.16 207     14617    2.80603    2.80716    0.00113134  59       1582     
 4342.63 207     14650    2.80603    2.80716    0.00113134  60       1584     
 4343.44 208     14700    2.80603    2.80716    0.00113132  58       1584     
 4358.97 209     14757    2.80603    2.80716    0.00113112  64       1587     
 4393.2  210     14827    2.80603    2.80716    0.00113107  66       1593     
 4393.78 210     14850    2.80603    2.80716    0.00113107  65       1593     
 4400.16 211     14900    2.80603    2.80716    0.00113044  64       1595     
 4403.99 212     14963    2.80603    2.80716    0.001129    65       1596     
 4408.08 213     15031    2.80603    2.80716    0.0011288   66       1597     
 4408.64 213     15050    2.80603    2.80716    0.0011288   66       1597     
 4419.73 214     15100    2.80603    2.80716    0.00112849  69       1599     
 4426.75 215     15167    2.80603    2.80716    0.00112844  66       1600     
 4453.69 215     15200    2.80603    2.80716    0.00112844  64       1605     
 4460.54 216     15250    2.80603    2.80716    0.00112827  62       1606     
 4475.81 217     15309    2.80603    2.80716    0.0011281   63       1609     
 4499.8  218     15379    2.80603    2.80716    0.00112484  61       1613     
 4500.36 218     15400    2.80603    2.80716    0.00112484  60       1613     
 4506.77 219     15450    2.80603    2.80716    0.00112479  63       1614     
 4516.72 220     15515    2.80603    2.80716    0.00112461  62       1616     
 4523.27 221     15550    2.80603    2.80716    0.00112461  60       1617     
 4523.99 221     15600    2.80603    2.80716    0.00112437  59       1617     
 4546.43 222     15655    2.80603    2.80716    0.00112432  60       1621     
 4566.04 223     15723    2.80603    2.80716    0.00112425  63       1624     
 4593.42 223     15750    2.80603    2.80716    0.00112425  65       1629     
 4638.19 224     15800    2.80603    2.80716    0.00112417  65       1637     
 4683.85 225     15861    2.80603    2.80716    0.0011241   69       1645     
 4737.04 226     15929    2.80603    2.80716    0.00112401  72       1654     
 4737.66 226     15950    2.80603    2.80716    0.00112401  72       1654     
 4780.88 227     16000    2.80603    2.80716    0.00112392  71       1661     
 4804.85 228     16067    2.80603    2.80716    0.00112383  68       1665     
 4816.72 228     16100    2.80603    2.80716    0.00112383  68       1667     
 4826.82 229     16150    2.80603    2.80716    0.00112374  67       1669     
 4836.56 230     16203    2.80603    2.80716    0.0011237   66       1671     
 4866.88 231     16271    2.80603    2.80716    0.00112368  66       1676     
 4867.61 231     16300    2.80603    2.80716    0.00112368  66       1676     
 4891.76 232     16350    2.80603    2.80716    0.00112362  68       1680     
 4901.85 233     16411    2.80603    2.80716    0.0011231   71       1682     
 4943.87 234     16481    2.80603    2.80716    0.00112301  69       1688     
 4944.53 234     16500    2.80603    2.80716    0.00112301  68       1688     
 4960.83 235     16550    2.80603    2.80715    0.00112151  70       1691     
 4961.85 236     16617    2.80603    2.80715    0.00112139  70       1691     
 4967.75 236     16650    2.80603    2.80715    0.00112139  72       1692     
 4975.15 237     16700    2.80603    2.80715    0.00112137  72       1693     
 4992.36 238     16759    2.80603    2.80715    0.00112119  69       1696     
 5005.48 239     16827    2.80603    2.80715    0.00112116  69       1698     
 5006.19 239     16850    2.80603    2.80715    0.00112116  69       1698     
 5027.51 240     16900    2.80603    2.80715    0.00112087  68       1701     
 5045.99 241     16967    2.80603    2.80715    0.00112079  67       1704     
 5052.8  241     17000    2.80603    2.80715    0.00112079  68       1706     
 5053.72 242     17050    2.80603    2.80715    0.00112052  68       1706     
 5068.91 243     17103    2.80603    2.80715    0.00112044  67       1708     
 5080.11 244     17171    2.80603    2.80715    0.00112026  69       1710     
 5080.77 244     17200    2.80603    2.80715    0.00112026  69       1710     
 5092.01 245     17250    2.80603    2.80715    0.00112017  72       1712     
 5110.46 246     17311    2.80603    2.80715    0.00112007  76       1715     
 5125.01 247     17381    2.80603    2.80715    0.00111984  75       1718     
 5125.69 247     17400    2.80603    2.80715    0.00111984  75       1718     
 5146.09 248     17451    2.80603    2.80715    0.00111975  74       1721     
 5188.75 249     17519    2.80603    2.80715    0.0011197   72       1727     
 5196.03 249     17550    2.80603    2.80715    0.0011197   73       1728     
 5211.54 250     17600    2.80603    2.80715    0.00111949  72       1730     
 5265.35 251     17655    2.80603    2.80715    0.00111946  71       1739     
 5321.48 252     17723    2.80603    2.80715    0.00111936  73       1748     
 5322.16 252     17750    2.80603    2.80715    0.00111936  76       1748     
 5335.35 253     17800    2.80603    2.80715    0.00111917  72       1750     
 5352.9  254     17859    2.80603    2.80715    0.00111884  75       1753     
 5377.2  255     17929    2.80603    2.80715    0.00111713  70       1757     
 5377.74 255     17950    2.80603    2.80715    0.00111713  69       1757     
 5384.71 256     18000    2.80603    2.80715    0.00111687  73       1759     
 5423.34 257     18067    2.80603    2.80715    0.0011164   67       1766     
 5457.79 257     18100    2.80603    2.80715    0.0011164   68       1772     
 5458.64 258     18150    2.80603    2.80715    0.00111619  72       1772     
 5479.02 259     18205    2.80603    2.80715    0.00111615  73       1776     
 5495.37 260     18273    2.80603    2.80715    0.00111607  75       1779     
 5495.96 260     18300    2.80603    2.80715    0.00111607  75       1779     
 5536.22 261     18350    2.80603    2.80715    0.00111594  77       1787     
 5548.89 262     18407    2.80603    2.80715    0.00111241  73       1790     
 5579.21 263     18479    2.80603    2.80715    0.00111221  74       1796     
 5579.89 263     18500    2.80603    2.80715    0.00111221  74       1796     
 5593.12 264     18550    2.80603    2.80715    0.00111215  73       1799     
 5603.93 265     18615    2.80603    2.80715    0.00111213  74       1801     
 5626.63 266     18683    2.80604    2.80715    0.00111196  72       1805     
 5627.17 266     18700    2.80604    2.80715    0.00111196  72       1805     
 5638.29 267     18751    2.80604    2.80715    0.00111195  70       1807     
 5650.84 268     18819    2.80604    2.80715    0.00111182  75       1810     
 5651.51 268     18850    2.80604    2.80715    0.00111182  75       1810     
 5664.34 269     18900    2.80604    2.80715    0.00111179  77       1812     
 5674.88 270     18955    2.80604    2.80715    0.00111165  72       1814     
 5689.19 271     19021    2.80604    2.80715    0.00111157  73       1816     
 5689.96 271     19050    2.80604    2.80715    0.00111157  73       1816     
 5699.84 272     19100    2.80604    2.80715    0.00111155  75       1818     
 5700.75 273     19155    2.80604    2.80715    0.00111148  71       1818     
 5745.67 274     19223    2.80604    2.80715    0.00110748  73       1826     
 5746.31 274     19250    2.80604    2.80715    0.00110748  74       1826     
 5789.08 275     19300    2.80604    2.80715    0.00110732  67       1833     
 5802.05 276     19361    2.80604    2.80715    0.00110598  69       1835     
 5818.73 277     19431    2.80604    2.80715    0.00110589  73       1838     
 5819.33 277     19450    2.80604    2.80715    0.00110589  72       1838     
 5835.01 278     19501    2.80604    2.80715    0.0011057   75       1841     
 5849.27 279     19569    2.80604    2.80715    0.00110551  70       1844     
 5849.92 279     19600    2.80604    2.80715    0.00110551  70       1844     
 5857.35 280     19650    2.80604    2.80715    0.00110548  69       1845     
 5869.02 281     19703    2.80604    2.80715    0.00110546  68       1847     
 5883.92 282     19771    2.80604    2.80715    0.00110532  63       1850     
 5905.14 282     19800    2.80604    2.80715    0.00110532  63       1853     
 5974.23 283     19850    2.80604    2.80715    0.00110525  69       1864     
 5993.04 284     19905    2.80604    2.80711    0.00107106  69       1867     
 6003.88 285     19975    2.80604    2.80711    0.00107064  70       1869     
 6004.54 285     20000    2.80604    2.80711    0.00107064  69       1869     
 6039.23 286     20050    2.80604    2.80711    0.00106311  67       1875     
 6046.83 287     20111    2.80604    2.80711    0.00106304  67       1876     
 6056.2  288     20183    2.80604    2.80711    0.00106296  66       1878     
 6056.79 288     20200    2.80604    2.80711    0.00106296  67       1878     
 6075.73 289     20253    2.80604    2.80711    0.00106295  71       1881     
 6129.76 290     20323    2.80604    2.80711    0.0010629   72       1889     
 6156.03 290     20350    2.80604    2.80711    0.0010629   71       1893     
 6174.37 291     20400    2.80604    2.8071     0.00105944  69       1896     
 6182.7  292     20461    2.80604    2.8071     0.00105925  63       1898     
 6226.36 293     20531    2.80605    2.8071     0.00105044  69       1906     
 6227.04 293     20550    2.80605    2.8071     0.00105044  66       1906     
 6232.95 294     20601    2.80605    2.8071     0.00105031  68       1908     
 6236.4  295     20669    2.80605    2.8071     0.00105029  71       1909     
 6237.14 295     20700    2.80605    2.8071     0.00105029  71       1909     
 6254.93 296     20750    2.80605    2.8071     0.00105023  74       1912     
 6294.74 297     20807    2.80605    2.8071     0.00105021  72       1918     
 6321.86 298     20875    2.80605    2.8071     0.00105015  72       1922     
 6322.5  298     20900    2.80605    2.8071     0.00105015  72       1922     
 6341.17 299     20950    2.80605    2.8071     0.00105003  74       1926     
 6364.14 300     21021    2.80605    2.8071     0.00104987  72       1930     
 6364.78 300     21050    2.80605    2.8071     0.00104987  74       1930     
 6378.15 301     21100    2.80605    2.8071     0.00104858  70       1932     
 6389.99 302     21159    2.80605    2.8071     0.00104853  68       1934     
 6410.94 303     21231    2.80605    2.8071     0.00104844  69       1938     
 6411.68 303     21250    2.80605    2.8071     0.00104844  72       1938     
 6433.29 304     21300    2.80605    2.8071     0.00104843  74       1941     
 6450.88 305     21369    2.80605    2.8071     0.0010484   70       1944     
 6470.83 305     21400    2.80605    2.8071     0.0010484   71       1947     
 6479.89 306     21450    2.80605    2.8071     0.00104807  69       1949     
 6487.18 307     21505    2.80605    2.8071     0.00104736  69       1951     
 6498.74 308     21573    2.80605    2.8071     0.00104724  69       1953     
 6499.34 308     21600    2.80605    2.8071     0.00104724  70       1953     
 6502.88 309     21650    2.80605    2.8071     0.00104721  71       1954     
 6515.72 310     21711    2.80605    2.8071     0.00104717  72       1957     
 6528.97 311     21781    2.80605    2.8071     0.00104707  75       1960     
 6529.56 311     21800    2.80605    2.8071     0.00104707  75       1960     
 6544.45 312     21851    2.80606    2.8071     0.00104682  74       1963     
 6551.6  313     21919    2.80606    2.8071     0.00104677  73       1964     
 6552.26 313     21950    2.80606    2.8071     0.00104677  72       1964     
 6562.43 314     22000    2.80606    2.8071     0.0010467   76       1966     
 6588.3  315     22059    2.80606    2.8071     0.00104646  74       1970     
 6594.93 316     22127    2.80606    2.8071     0.0010463   74       1972     
 6595.54 316     22150    2.80606    2.8071     0.0010463   75       1972     
 6606.48 317     22200    2.80606    2.8071     0.00104616  73       1974     
 6615.87 318     22263    2.80607    2.80709    0.00102033  73       1976     
 6622.68 319     22331    2.80607    2.80709    0.00102001  72       1977     
 6623.28 319     22350    2.80607    2.80709    0.00102001  72       1977     
 6636.28 320     22400    2.80607    2.80709    0.00101885  72       1979     
 6646.3  321     22469    2.80607    2.80709    0.00101872  77       1981     
 6692.31 321     22500    2.80607    2.80709    0.00101872  73       1988     
 6709.09 322     22550    2.80607    2.80709    0.00101867  75       1991     
 6759.81 323     22609    2.80607    2.80709    0.00101863  79       1999     
 6857.79 324     22681    2.80607    2.80709    0.00101847  84       2015     
 6858.42 324     22700    2.80607    2.80709    0.00101847  84       2015     
 6873.67 325     22751    2.80607    2.80709    0.0010184   85       2018     
 6892.61 326     22821    2.80608    2.80709    0.0010098   84       2021     
 6893.33 326     22850    2.80608    2.80709    0.0010098   84       2021     
 6897.5  327     22900    2.80608    2.80709    0.00100976  82       2022     
 6909.94 328     22959    2.80608    2.80709    0.00100975  82       2024     
 6925.36 329     23029    2.80608    2.80709    0.00100972  87       2027     
 6997.05 329     23050    2.80608    2.80709    0.00100972  89       2037     
 7031    330     23100    2.80608    2.80708    0.00100537  88       2042     
 7055.79 331     23169    2.80608    2.80708    0.00100526  81       2046     
 7064.82 331     23200    2.80608    2.80708    0.00100526  81       2047     
 7087.42 332     23250    2.80608    2.80708    0.00100522  83       2050     
 7097.94 333     23309    2.80608    2.80708    0.0010052   82       2052     
 7191.83 334     23379    2.80608    2.80708    0.00100514  85       2068     
 7192.52 334     23400    2.80608    2.80708    0.00100514  85       2068     
 7218.98 335     23450    2.80608    2.80708    0.00100512  87       2072     
 7273.36 336     23519    2.80608    2.80708    0.0010051   89       2080     
 7294.87 336     23550    2.80608    2.80708    0.0010051   89       2083     
 7316.04 337     23600    2.80608    2.80708    0.00100499  89       2087     
 7355.95 338     23663    2.80608    2.80708    0.00100489  91       2094     
 7393.2  339     23731    2.80608    2.80708    0.00100166  89       2099     
 7393.9  339     23750    2.80608    2.80708    0.00100166  90       2099     
 7401.81 340     23800    2.80608    2.80708    0.00100128  90       2101     
 7439.38 341     23871    2.80608    2.80708    0.00100032  88       2107     
 7440.19 341     23900    2.80608    2.80708    0.00100032  89       2107     
 7482.11 342     23950    2.80608    2.80708    0.00100024  85       2114     
 7500.94 343     24015    2.80608    2.80708    0.000999929 84       2117     
 7531.11 344     24083    2.80608    2.80708    0.000999795 87       2122     
 7531.85 344     24100    2.80608    2.80708    0.000999795 90       2122     
 7581.68 345     24151    2.80608    2.80708    0.000999743 86       2129     
 7627.6  346     24221    2.80608    2.80708    0.000999734 86       2135     
 7628.36 346     24250    2.80608    2.80708    0.000999734 86       2135     
 7660.86 347     24300    2.80608    2.80708    0.000999686 84       2140     
 7680.5  348     24363    2.80608    2.80708    0.000999664 86       2143     
 7692.71 349     24433    2.80608    2.80708    0.000999631 86       2145     
 7693.39 349     24450    2.80608    2.80708    0.000999631 86       2145     
 7700.92 350     24501    2.80608    2.80708    0.000999574 85       2146     
 7715.3  351     24571    2.80608    2.80708    0.000999488 89       2149     
 7716.15 351     24600    2.80608    2.80708    0.000999488 89       2149     
 7724.42 352     24650    2.80608    2.80708    0.000999307 83       2150     
 7740.6  353     24709    2.80608    2.80708    0.000999298 86       2152     
 7776.96 354     24779    2.80608    2.80708    0.000999287 88       2157     
 7777.84 354     24800    2.80608    2.80708    0.000999287 88       2157     
 7801.92 355     24850    2.80608    2.80708    0.000999285 89       2160     
 7810.57 356     24915    2.80608    2.80708    0.000999272 91       2161     
 7821.91 357     24983    2.80608    2.80708    0.000999207 87       2163     
 7822.63 357     25000    2.80608    2.80708    0.000999207 88       2163     
 7836.4  358     25053    2.80608    2.80708    0.000999182 91       2165     
 7862.17 359     25123    2.80608    2.80708    0.000999168 89       2169     
 7862.99 359     25150    2.80608    2.80708    0.000999168 90       2169     
 7883.23 360     25200    2.80608    2.80708    0.000999048 92       2172     
 7888.21 361     25259    2.80608    2.80708    0.000998909 90       2173     
 7911.82 362     25329    2.80608    2.80708    0.000997805 91       2176     
 7912.6  362     25350    2.80608    2.80708    0.000997805 91       2176     
 7940.99 363     25400    2.80608    2.80708    0.000997701 92       2180     
 7953.63 364     25467    2.80608    2.80708    0.000997671 92       2182     
 7966.78 364     25500    2.80608    2.80708    0.000997671 92       2184     
 7967.95 365     25550    2.80608    2.80708    0.00099767  96       2184     
 7988.8  366     25605    2.80608    2.80708    0.000997634 90       2187     
 8058.2  367     25673    2.80608    2.80708    0.000997519 95       2196     
 8059.04 367     25700    2.80608    2.80708    0.000997519 95       2196     
 8085.86 368     25750    2.80608    2.80708    0.000997473 94       2200     
 8104.32 369     25815    2.80608    2.80708    0.000997463 94       2203     
 8179.16 370     25850    2.80608    2.80708    0.000997463 99       2213     
 8180.37 370     25900    2.80608    2.80708    0.000997457 101      2213     
 8227.34 371     25955    2.80608    2.80708    0.000997375 103      2219     
 8296.98 372     26025    2.80608    2.80708    0.00099737  103      2228     
 8297.88 372     26050    2.80608    2.80708    0.00099737  103      2228     
 8329.66 373     26100    2.80608    2.80708    0.000997342 105      2232     
 8363.7  374     26161    2.80608    2.80708    0.000997329 102      2237     
 8411.08 375     26231    2.80608    2.80708    0.000997325 103      2243     
 8411.95 375     26250    2.80608    2.80708    0.000997325 104      2243     
 8426.43 376     26301    2.80608    2.80708    0.000997289 102      2245     
 8439.93 377     26371    2.80608    2.80708    0.0009972   101      2247     
 8440.94 377     26400    2.80608    2.80708    0.0009972   100      2247     
 8472.77 378     26450    2.80608    2.80707    0.000986718 100      2251     
 8492.89 379     26513    2.80608    2.80707    0.000986403 100      2255     
 8504.76 380     26585    2.80608    2.80707    0.000986261 101      2257     
 8551.1  380     26600    2.80608    2.80707    0.000986261 104      2264     
 8580.54 381     26657    2.80609    2.80707    0.000974489 104      2268     
 8588.18 382     26725    2.80609    2.80707    0.000974431 102      2269     
 8588.92 382     26750    2.80609    2.80707    0.000974431 102      2269     
 8617.26 383     26800    2.80609    2.80707    0.000974311 98       2273     
 8630.42 384     26863    2.80609    2.80707    0.000974298 101      2275     
 8647.22 385     26931    2.80609    2.80707    0.000974117 105      2277     
 8693.03 385     26950    2.80609    2.80707    0.000974117 107      2283     
 8715.78 386     27001    2.80609    2.80706    0.000963166 106      2286     
 8727.97 387     27073    2.80609    2.80705    0.000962133 107      2288     
 8728.72 387     27100    2.80609    2.80705    0.000962133 107      2288     
 8747.78 388     27150    2.80609    2.80705    0.000962042 101      2291     
 8767.51 389     27215    2.80609    2.80705    0.000961906 101      2294     
 8792.44 390     27250    2.80609    2.80705    0.000961906 100      2298     
 8793.43 390     27300    2.80609    2.80705    0.000961899 100      2298     
 8804.87 391     27357    2.80609    2.80705    0.000961896 99       2300     
 8825.72 392     27427    2.80609    2.80705    0.000961855 105      2303     
 8826.43 392     27450    2.80609    2.80705    0.000961855 105      2303     
 8843.08 393     27500    2.80609    2.80705    0.000961773 104      2306     
 8867.72 394     27569    2.80609    2.80705    0.000961671 101      2310     
 8871.44 394     27600    2.80609    2.80705    0.000961671 103      2311     
 8896.3  395     27650    2.80609    2.80705    0.000961537 100      2315     
 8932.58 396     27711    2.80609    2.80705    0.00096146  99       2321     
 8973.7  397     27781    2.80609    2.80705    0.00096145  99       2327     
 8974.44 397     27800    2.80609    2.80705    0.00096145  99       2327     
 8999.25 398     27851    2.80609    2.80705    0.000961442 93       2331     
 9013.97 399     27923    2.80609    2.80705    0.000961376 97       2334     
 9014.71 399     27950    2.80609    2.80705    0.000961376 97       2334     
 9033.16 400     28000    2.80609    2.80705    0.000961299 95       2337     
 9046.53 401     28063    2.80609    2.80705    0.000961279 90       2339     
 9054.22 402     28131    2.80609    2.80705    0.000961249 91       2340     
 9054.92 402     28150    2.80609    2.80705    0.000961249 91       2340     
 9073.44 403     28201    2.80609    2.80705    0.000961238 90       2343     
 9084.54 404     28271    2.80609    2.80705    0.000961229 92       2345     
 9085.28 404     28300    2.80609    2.80705    0.000961229 92       2345     
 9110    405     28350    2.80609    2.80705    0.000961183 92       2349     
 9132.14 406     28411    2.80609    2.80705    0.000961182 98       2352     
 9159.57 407     28481    2.80609    2.80705    0.000961157 99       2356     
 9160.43 407     28500    2.80609    2.80705    0.000961157 99       2356     
 9189.92 408     28551    2.80609    2.80705    0.000961129 97       2360     
 9208.3  409     28621    2.80609    2.80705    0.000961064 97       2363     
 9209.12 409     28650    2.80609    2.80705    0.000961064 95       2363     
 9230.01 410     28700    2.80609    2.80705    0.000957978 95       2366     
 9247.41 411     28759    2.80609    2.80705    0.000957954 95       2368     
 9272.61 412     28829    2.80609    2.80705    0.000957933 95       2371     
 9273.4  412     28850    2.80609    2.80705    0.000957933 94       2371     
 9285.46 413     28900    2.80609    2.80705    0.000957868 95       2373     
 9298.07 414     28969    2.80609    2.80705    0.00095782  94       2375     
 9298.88 414     29000    2.80609    2.80705    0.00095782  94       2375     
 9319.71 415     29050    2.80609    2.80705    0.000957731 91       2378     
 9339.68 416     29111    2.80609    2.80705    0.000956656 96       2381     
 9366.12 417     29181    2.80609    2.80705    0.000956651 97       2384     
 9367.02 417     29200    2.80609    2.80705    0.000956651 97       2384     
 9397.43 418     29251    2.80609    2.80705    0.000956623 96       2388     
 9410.38 419     29321    2.80609    2.80705    0.000956541 98       2390     
 9411.23 419     29350    2.80609    2.80705    0.000956541 98       2390     
 9412.35 420     29400    2.80609    2.80705    0.00095652  100      2390     
 9430.19 421     29461    2.80609    2.80705    0.000956499 99       2393     
 9560.09 422     29531    2.80609    2.80705    0.000956463 100      2411     
 9561.01 422     29550    2.80609    2.80705    0.000956463 100      2411     
 9589.34 423     29600    2.80609    2.80705    0.00095646  104      2414     
 9618.44 424     29669    2.80609    2.80705    0.000956445 100      2418     
 9619.32 424     29700    2.80609    2.80705    0.000956445 100      2418     
 9624.54 425     29750    2.80609    2.80705    0.000956344 96       2419     
 9642.05 426     29805    2.80609    2.80705    0.00095633  96       2421     
 9655.15 427     29875    2.80609    2.80705    0.000956315 92       2423     
 9655.92 427     29900    2.80609    2.80705    0.000956315 92       2423     
 9674    428     29950    2.80609    2.80705    0.000956311 92       2425     
 9726.44 429     30013    2.80609    2.80705    0.000956301 95       2432     
 9785.61 430     30083    2.80609    2.80705    0.000956106 95       2441     
 9786.39 430     30100    2.80609    2.80705    0.000956106 96       2441     
 9799.77 431     30151    2.80609    2.80705    0.000956105 97       2443     
 9815.13 432     30221    2.80609    2.80705    0.00095609  92       2445     
 9815.98 432     30250    2.80609    2.80705    0.00095609  92       2445     
 9837.45 433     30300    2.80609    2.80705    0.000956089 92       2448     
 9846.61 434     30359    2.80609    2.80705    0.000956088 94       2449     
 9906.47 435     30429    2.80609    2.80705    0.000956053 97       2456     
 9907.45 435     30450    2.80609    2.80705    0.000956053 98       2456     
 9923.68 436     30500    2.80609    2.80705    0.00095598  99       2458     
 9948.19 437     30565    2.80609    2.80705    0.000955947 96       2461     
 9965.21 438     30633    2.80609    2.80705    0.000955944 101      2463     
 9966.02 438     30650    2.80609    2.80705    0.000955944 101      2463     
 9992.83 439     30705    2.80609    2.80705    0.000955943 102      2467     
 10006.5 440     30775    2.80609    2.80705    0.000955873 103      2469     
-------------------------------------------------------------------------------

SARSOP finishing ...
  Preset timeout reached
  Timeout     : 10000.000000s
  Actual Time : 10006.540000s

-------------------------------------------------------------------------------
 Time   |#Trial |#Backup |LBound    |UBound    |Precision  |#Alphas |#Beliefs  
-------------------------------------------------------------------------------
 10006.5 440     30775    2.80609    2.80705    0.000955873 103      2469     
-------------------------------------------------------------------------------

Writing out policy ...
  output file : ram_pomdp_soln/3e057a7016e.policyx

