
Loading the model ...
  input file   : /home/rstudio/projects/pomdp-ram/notebook/ram_pomdp_soln/3e079f00b51.pomdpx
  loading time : 8.13s 

SARSOP initializing ...
  initialization time : 1065.48s

-------------------------------------------------------------------------------
 Time   |#Trial |#Backup |LBound    |UBound    |Precision  |#Alphas |#Beliefs  
-------------------------------------------------------------------------------
 1065.48 0       0        1.43911    1.9825     0.543398    120      1        
 1066.44 1       67       1.5244     1.60292    0.0785171   58       16       
 1066.55 1       100      1.5244     1.60292    0.0785171   68       16       
 1066.89 2       151      1.54139    1.60292    0.0615313   55       18       
 1067.18 3       235      1.55081    1.60292    0.0521041   57       18       
 1067.23 3       250      1.55081    1.60292    0.0521041   61       18       
 1067.69 4       321      1.56017    1.60292    0.0427488   59       21       
 1067.79 4       350      1.56017    1.60292    0.0427488   66       21       
 1068.11 5       407      1.56758    1.60292    0.0353348   58       22       
 1068.36 6       450      1.56758    1.60292    0.0353348   68       23       
 1068.59 6       500      1.57315    1.60292    0.0297679   65       23       
 1069.05 7       579      1.57755    1.60292    0.0253713   59       25       
 1069.13 7       600      1.57755    1.60292    0.0253713   69       25       
 1069.75 8       665      1.58102    1.60292    0.0218987   57       29       
 1069.87 8       700      1.58102    1.60292    0.0218987   59       29       
 1070.09 9       751      1.58396    1.60292    0.0189613   58       29       
 1070.61 10      837      1.58621    1.60292    0.0167085   58       31       
 1070.65 10      850      1.58621    1.60292    0.0167085   60       31       
 1071.23 11      923      1.58787    1.60292    0.0150444   61       34       
 1071.34 11      950      1.58787    1.60292    0.0150444   66       34       
 1071.97 12      1011     1.58996    1.60292    0.0129571   19       37       
 1072.14 12      1050     1.58996    1.60292    0.0129571   16       38       
 1072.67 13      1100     1.59125    1.60292    0.0116667   15       41       
 1073.37 14      1183     1.59243    1.60292    0.0104841   13       44       
 1073.41 14      1200     1.59243    1.60292    0.0104841   12       44       
 1074.01 15      1271     1.59346    1.60292    0.00945714  11       47       
 1074.08 15      1300     1.59346    1.60292    0.00945714  11       47       
 1074.99 16      1359     1.59452    1.60292    0.00839625  10       51       
 1075.2  16      1400     1.59452    1.60292    0.00839625  8        52       
 1075.7  17      1450     1.59545    1.60292    0.00746973  8        54       
 1076.49 18      1535     1.59605    1.60292    0.00686625  10       57       
 1076.53 18      1550     1.59605    1.60292    0.00686625  10       57       
 1077.24 19      1623     1.5967     1.60292    0.00621852  9        59       
 1077.31 19      1650     1.5967     1.60292    0.00621852  9        59       
 1078.31 20      1711     1.59718    1.60292    0.00573374  9        63       
 1078.41 20      1750     1.59718    1.60292    0.00573374  8        63       
 1079.7  21      1800     1.59761    1.60292    0.00530875  10       67       
 1080.33 22      1885     1.59805    1.60292    0.00486689  9        69       
 1080.39 22      1900     1.59805    1.60292    0.00486689  9        69       
 1080.85 23      1973     1.59836    1.60292    0.00455586  11       70       
 1080.92 23      2000     1.59836    1.60292    0.00455586  11       70       
 1081.32 24      2061     1.59875    1.60292    0.0041714   9        71       
 1081.42 24      2100     1.59875    1.60292    0.0041714   10       71       
 1082.66 25      2150     1.59908    1.60292    0.00383423  11       75       
 1083.08 26      2237     1.59937    1.60292    0.00354582  9        76       
 1083.13 26      2250     1.59937    1.60292    0.00354582  9        76       
 1084.21 27      2325     1.59961    1.60292    0.00331273  11       79       
 1084.29 27      2350     1.59961    1.60292    0.00331273  11       79       
 1085.21 28      2413     1.59982    1.60292    0.00309405  11       81       
 1085.31 28      2450     1.59982    1.60292    0.00309405  11       81       
 1087.78 29      2501     1.60002    1.60292    0.00289626  13       87       
 1089.67 30      2589     1.60023    1.60292    0.00268837  10       91       
 1089.71 30      2600     1.60023    1.60292    0.00268837  10       91       
 1091.23 31      2677     1.60041    1.60292    0.00251224  13       94       
 1091.31 31      2700     1.60041    1.60292    0.00251224  13       94       
 1093.82 32      2765     1.60055    1.60292    0.00236586  12       99       
 1093.93 32      2800     1.60055    1.60292    0.00236586  13       99       
 1095.18 33      2853     1.60069    1.60292    0.00222879  12       101      
 1097.76 34      2941     1.60082    1.60292    0.00209981  14       105      
 1097.81 34      2950     1.60082    1.60292    0.00209981  14       105      
 1100.36 35      3029     1.6009     1.60292    0.00201306  13       109      
 1100.44 35      3050     1.6009     1.60292    0.00201306  13       109      
 1102.07 36      3117     1.60104    1.60292    0.00188195  12       111      
 1102.18 36      3150     1.60104    1.60292    0.00188195  12       111      
 1103.78 37      3205     1.60111    1.60292    0.0018072   15       113      
 1107.9  38      3293     1.6012     1.60292    0.00171714  15       118      
 1107.96 38      3300     1.6012     1.60292    0.00171714  15       118      
 1112.19 39      3381     1.60124    1.60292    0.00167768  15       123      
 1112.28 39      3400     1.60124    1.60292    0.00167768  15       123      
 1115.25 40      3469     1.60129    1.60292    0.00163196  17       126      
 1115.38 40      3500     1.60129    1.60292    0.00163196  17       126      
 1117.49 41      3557     1.60134    1.60292    0.00157589  16       128      
 1120.24 41      3600     1.60134    1.60292    0.00157589  14       131      
 1120.46 42      3650     1.60141    1.60292    0.00150719  15       131      
 1124.8  43      3733     1.60148    1.60292    0.00144184  13       135      
 1124.89 43      3750     1.60148    1.60292    0.00144184  13       135      
 1127.83 44      3821     1.60152    1.60292    0.00140258  15       138      
 1127.95 44      3850     1.60152    1.60292    0.00140258  15       138      
 1130.21 45      3909     1.60155    1.60292    0.0013672   17       140      
 1131.42 45      3950     1.60155    1.60292    0.0013672   16       141      
 1133.84 46      4000     1.60159    1.60292    0.00132443  16       143      
 1139.2  47      4085     1.60163    1.60292    0.00128637  18       148      
 1139.29 47      4100     1.60163    1.60292    0.00128637  18       148      
 1145.37 48      4175     1.60167    1.60292    0.00124722  19       153      
 1145.5  48      4200     1.60167    1.60292    0.00124722  19       153      
 1149.49 49      4263     1.6017     1.60292    0.00121751  18       156      
 1149.63 49      4300     1.6017     1.60292    0.00121751  17       156      
 1153.54 50      4351     1.60172    1.60292    0.00119327  17       159      
 1159.48 51      4439     1.60175    1.60292    0.00116353  17       163      
 1159.58 51      4450     1.60175    1.60292    0.00116353  17       163      
 1165.83 52      4529     1.60182    1.60292    0.00110254  17       167      
 1165.93 52      4550     1.60182    1.60292    0.00110254  17       167      
 1170.37 53      4617     1.60185    1.60292    0.00106604  17       171      
 1170.51 53      4650     1.60185    1.60292    0.00106604  17       171      
 1172.87 54      4705     1.60189    1.60292    0.00102714  16       173      
 1175.12 55      4793     1.60192    1.60292    0.000994799 17       175      
 1175.18 55      4800     1.60192    1.60292    0.000994799 17       175      
 1179.54 56      4881     1.60195    1.60292    0.00096949  18       179      
 1179.64 56      4900     1.60195    1.60292    0.00096949  18       179      
 1187.77 57      4969     1.60197    1.60292    0.000948224 19       185      
 1187.91 57      5000     1.60197    1.60292    0.000948224 19       185      
 1195.73 58      5057     1.60201    1.60292    0.000905784 20       191      
 1204.1  58      5100     1.60201    1.60292    0.000905784 17       197      
 1204.37 59      5150     1.60204    1.60292    0.000882499 19       197      
 1211.99 60      5233     1.60206    1.60292    0.000854187 16       202      
 1212.09 60      5250     1.60206    1.60292    0.000854187 16       202      
 1220.17 61      5321     1.60209    1.60292    0.000831693 17       207      
 1220.3  61      5350     1.60209    1.60292    0.000831693 17       207      
 1223.72 62      5409     1.60212    1.60292    0.000800897 19       209      
 1228.87 62      5450     1.60212    1.60292    0.000800897 18       212      
 1232.23 63      5500     1.60214    1.60292    0.000774549 19       214      
 1243.05 64      5587     1.60217    1.60292    0.000746701 19       220      
 1243.15 64      5600     1.60217    1.60292    0.000746701 19       220      
 1252.78 65      5675     1.60219    1.60292    0.000727856 21       225      
 1252.92 65      5700     1.60219    1.60292    0.000727856 21       225      
 1262.39 66      5765     1.60221    1.60292    0.000703542 20       230      
 1262.56 66      5800     1.60221    1.60292    0.000703542 21       230      
 1273.79 67      5855     1.60223    1.60292    0.000688367 21       236      
 1284.92 68      5900     1.60223    1.60292    0.000688367 23       241      
 1285.2  68      5950     1.60226    1.60292    0.00066086  20       241      
 1294.1  69      6033     1.60227    1.60292    0.00064632  21       246      
 1294.23 69      6050     1.60227    1.60292    0.00064632  21       246      
 1306.36 70      6123     1.6023     1.60292    0.000621799 21       252      
 1306.51 70      6150     1.6023     1.60292    0.000621799 21       252      
 1314.52 71      6211     1.60231    1.60292    0.000605089 21       256      
 1316.74 71      6250     1.60231    1.60292    0.000605089 20       257      
 1324.74 72      6300     1.60233    1.60292    0.000586553 21       261      
 1337.03 73      6387     1.60235    1.60292    0.000569089 19       267      
 1337.15 73      6400     1.60235    1.60292    0.000569089 19       267      
 1344.52 74      6475     1.60237    1.60292    0.000549829 20       271      
 1344.66 74      6500     1.60237    1.60292    0.000549829 20       271      
 1355.48 75      6563     1.60238    1.60292    0.00053475  20       276      
 1355.66 75      6600     1.60238    1.60292    0.00053475  22       276      
 1364.28 76      6653     1.6024     1.60292    0.000520073 22       280      
 1375.17 77      6743     1.60241    1.60292    0.000505092 23       285      
 1375.27 77      6750     1.60241    1.60292    0.000505092 23       285      
 1388.02 78      6833     1.60243    1.60292    0.000491408 19       290      
 1388.17 78      6850     1.60243    1.60292    0.000491408 19       290      
 1395.08 79      6921     1.60244    1.60292    0.000472801 17       293      
 1395.25 79      6950     1.60244    1.60292    0.000472801 17       293      
 1416.59 80      7011     1.60246    1.60292    0.00045855  19       302      
 1416.8  80      7050     1.60246    1.60292    0.00045855  21       302      
 1429.89 81      7101     1.60247    1.60292    0.000445202 20       307      
 1443.86 82      7191     1.60248    1.60292    0.000436881 21       312      
 1443.98 82      7200     1.60248    1.60292    0.000436881 21       312      
 1455.3  83      7281     1.60249    1.60292    0.000422915 24       316      
 1455.46 83      7300     1.60249    1.60292    0.000422915 24       316      
 1463.96 84      7371     1.6025     1.60292    0.000414281 23       319      
 1464.13 84      7400     1.6025     1.60292    0.000414281 23       319      
 1470.03 85      7461     1.60251    1.60292    0.000405878 20       322      
 1470.23 85      7500     1.60251    1.60292    0.000405878 21       322      
 1481.73 86      7551     1.60252    1.60292    0.000393701 21       327      
 1496.79 87      7641     1.60254    1.60292    0.000381953 21       333      
 1496.91 87      7650     1.60254    1.60292    0.000381953 21       333      
 1513.96 88      7731     1.60255    1.60292    0.000371488 20       340      
 1514.11 88      7750     1.60255    1.60292    0.000371488 20       340      
 1529.59 89      7821     1.60255    1.60292    0.00036257  21       346      
 1529.77 89      7850     1.60255    1.60292    0.00036257  21       346      
 1546.82 90      7911     1.60256    1.60292    0.000353418 21       353      
 1547.03 90      7950     1.60256    1.60292    0.000353418 21       353      
 1555.79 91      8001     1.60257    1.60292    0.000342781 22       357      
 1567.49 92      8091     1.60258    1.60292    0.000336918 23       362      
 1567.62 92      8100     1.60258    1.60292    0.000336918 23       362      
 1579.54 93      8181     1.60259    1.60292    0.000327167 22       367      
 1579.7  93      8200     1.60259    1.60292    0.000327167 22       367      
 1587.02 94      8271     1.6026     1.60292    0.000320299 23       370      
 1587.22 94      8300     1.6026     1.60292    0.000320299 23       370      
 1599.12 95      8361     1.6026     1.60292    0.00031505  23       375      
 1599.34 95      8400     1.6026     1.60292    0.00031505  21       375      
 1607.12 96      8451     1.60261    1.60292    0.000307893 23       378      
 1618.77 97      8541     1.60262    1.60292    0.000302214 22       382      
 1618.91 97      8550     1.60262    1.60292    0.000302214 22       382      
 1630.05 98      8631     1.60262    1.60292    0.000295066 22       386      
 1630.22 98      8650     1.60262    1.60292    0.000295066 22       386      
 1647.95 99      8721     1.60263    1.60292    0.000289925 20       393      
 1648.15 99      8750     1.60263    1.60292    0.000289925 20       393      
 1659.72 100     8811     1.60263    1.60292    0.000284162 23       398      
 1659.94 100     8850     1.60263    1.60292    0.000284162 21       398      
 1672.66 101     8901     1.60264    1.60292    0.000276985 23       403      
 1688.37 102     8991     1.60265    1.60292    0.00027199  24       408      
 1688.51 102     9000     1.60265    1.60292    0.00027199  24       408      
 1694.67 103     9081     1.60265    1.60292    0.000267726 24       410      
 1694.85 103     9100     1.60265    1.60292    0.000267726 24       410      
 1704.21 104     9171     1.60265    1.60292    0.000264508 27       413      
 1704.43 104     9200     1.60265    1.60292    0.000264508 27       413      
 1716.29 105     9261     1.60266    1.60292    0.000261463 25       417      
 1716.54 105     9300     1.60266    1.60292    0.000261463 24       417      
 1728.16 106     9351     1.60266    1.60292    0.000259311 22       421      
 1741.18 107     9441     1.60266    1.60292    0.000255598 24       425      
 1741.33 107     9450     1.60266    1.60292    0.000255598 24       425      
 1750.81 108     9531     1.60266    1.60292    0.000252714 24       428      
 1751.02 108     9550     1.60266    1.60292    0.000252714 24       428      
 1760.61 109     9621     1.60267    1.60292    0.000248614 24       431      
 1760.82 109     9650     1.60267    1.60292    0.000248614 24       431      
 1778.05 110     9711     1.60267    1.60292    0.000245221 25       436      
 1778.31 110     9750     1.60267    1.60292    0.000245221 26       436      
 1795.52 111     9803     1.60268    1.60292    0.000239816 25       441      
 1809.86 112     9893     1.60268    1.60292    0.000235432 23       446      
 1810    112     9900     1.60268    1.60292    0.000235432 23       446      
 1815.44 113     9983     1.60269    1.60292    0.000229761 24       448      
 1815.61 113     10000    1.60269    1.60292    0.000229761 24       448      
 1824.02 114     10073    1.60269    1.60292    0.000224211 25       451      
 1824.23 114     10100    1.60269    1.60292    0.000224211 25       451      
 1838.67 115     10163    1.6027     1.60292    0.000220847 27       456      
 1838.91 115     10200    1.6027     1.60292    0.000220847 29       456      
 1859.53 116     10253    1.6027     1.60292    0.000217326 22       463      
 1871.69 117     10343    1.6027     1.60292    0.000212382 24       467      
 1871.84 117     10350    1.6027     1.60292    0.000212382 24       467      
 1887.61 118     10433    1.60271    1.60292    0.000209537 24       472      
 1887.8  118     10450    1.60271    1.60292    0.000209537 24       472      
 1899.64 119     10523    1.60271    1.60292    0.000206135 24       476      
 1899.86 119     10550    1.60271    1.60292    0.000206135 24       476      
 1909.72 120     10613    1.60271    1.60292    0.000203705 25       479      
 1909.97 120     10650    1.60271    1.60292    0.000203705 27       479      
 1922.45 121     10703    1.60272    1.60292    0.000201838 30       483      
 1929.92 122     10793    1.60272    1.60292    0.000199409 25       486      
 1930.08 122     10800    1.60272    1.60292    0.000199409 25       486      
 1942.81 123     10883    1.60272    1.60292    0.000196842 24       490      
 1943.01 123     10900    1.60272    1.60292    0.000196842 24       490      
 1959.45 124     10973    1.60272    1.60292    0.000194443 24       495      
 1959.68 124     11000    1.60272    1.60292    0.000194443 24       495      
 1982.56 125     11063    1.60273    1.60292    0.00019158  23       501      
 1982.86 125     11100    1.60273    1.60292    0.00019158  25       501      
 2002.17 126     11155    1.60273    1.60292    0.000188916 24       506      
 2017.16 127     11200    1.60273    1.60292    0.000188916 27       510      
 2017.57 127     11250    1.60273    1.60292    0.000185326 25       510      
 2036.61 128     11335    1.60273    1.60292    0.000182782 26       515      
 2036.81 128     11350    1.60273    1.60292    0.000182782 26       515      
 2051.04 129     11425    1.60274    1.60292    0.000180529 26       519      
 2051.28 129     11450    1.60274    1.60292    0.000180529 26       519      
 2066.05 130     11515    1.60274    1.60292    0.000178606 26       523      
 2066.32 130     11550    1.60274    1.60292    0.000178606 27       523      
 2076.38 131     11605    1.60274    1.60292    0.000176681 25       526      
 2095.44 131     11650    1.60274    1.60292    0.000176681 26       531      
 2095.89 132     11700    1.60274    1.60292    0.000174318 25       531      
 2107.21 133     11787    1.60275    1.60292    0.000171765 25       534      
 2107.41 133     11800    1.60275    1.60292    0.000171765 25       534      
 2119.74 134     11877    1.60275    1.60292    0.000169731 26       537      
 2119.97 134     11900    1.60275    1.60292    0.000169731 26       537      
 2139.29 135     11967    1.60275    1.60292    0.000168389 26       542      
 2139.57 135     12000    1.60275    1.60292    0.000168389 26       542      
 2150.59 136     12057    1.60275    1.60292    0.000166593 25       545      
 2165.99 136     12100    1.60275    1.60292    0.000166593 27       549      
 2170.93 137     12150    1.60275    1.60292    0.000164978 27       550      
 2190.35 138     12237    1.60275    1.60292    0.000163524 26       555      
 2190.57 138     12250    1.60275    1.60292    0.000163524 26       555      
 2207.04 139     12327    1.60276    1.60292    0.000161565 25       559      
 2207.28 139     12350    1.60276    1.60292    0.000161565 25       559      
 2228.89 140     12419    1.60276    1.60292    0.00015985  26       564      
 2229.16 140     12450    1.60276    1.60292    0.00015985  26       564      
 2246.9  141     12511    1.60276    1.60292    0.000158341 27       568      
 2247.22 141     12550    1.60276    1.60292    0.000158341 29       568      
 2267.61 142     12601    1.60276    1.60292    0.00015713  28       573      
 2284.84 143     12691    1.60276    1.60292    0.00015577  28       577      
 2285.06 143     12700    1.60276    1.60292    0.00015577  28       577      
 2301.2  144     12781    1.60276    1.60292    0.000154341 25       581      
 2301.44 144     12800    1.60276    1.60292    0.000154341 25       581      
 2318.84 145     12871    1.60276    1.60292    0.000153033 29       585      
 2319.12 145     12900    1.60276    1.60292    0.000153033 29       585      
 2331.56 146     12961    1.60277    1.60292    0.000151772 28       588      
 2331.89 146     13000    1.60277    1.60292    0.000151772 30       588      
 2355.18 147     13053    1.60277    1.60292    0.000150689 30       593      
 2377.08 148     13143    1.60277    1.60292    0.000149472 29       598      
 2377.29 148     13150    1.60277    1.60292    0.000149472 29       598      
 2392.03 149     13233    1.60277    1.60292    0.000148197 29       601      
 2392.28 149     13250    1.60277    1.60292    0.000148197 29       601      
 2411.57 150     13323    1.60277    1.60292    0.000147276 29       605      
 2411.85 150     13350    1.60277    1.60292    0.000147276 29       605      
 2428.57 151     13413    1.60277    1.60292    0.000146566 31       609      
 2428.91 151     13450    1.60277    1.60292    0.000146566 32       609      
 2442.48 152     13503    1.60277    1.60292    0.000146013 33       612      
 2470.41 153     13593    1.60277    1.60292    0.000145368 31       618      
 2470.63 153     13600    1.60277    1.60292    0.000145368 31       618      
 2490.96 154     13683    1.60277    1.60292    0.000144391 28       622      
 2491.22 154     13700    1.60277    1.60292    0.000144391 28       622      
 2505.33 155     13775    1.60277    1.60292    0.000142547 26       625      
 2505.6  155     13800    1.60277    1.60292    0.000142547 26       625      
 2517.69 156     13865    1.60278    1.60292    0.000141119 27       628      
 2517.98 156     13900    1.60278    1.60292    0.000141119 28       628      
 2543.35 157     13955    1.60278    1.60292    0.000139901 30       634      
 2560.27 158     14000    1.60278    1.60292    0.000139901 30       638      
 2560.69 158     14050    1.60278    1.60292    0.000138776 30       638      
 2571.83 159     14135    1.60278    1.60292    0.000137233 28       641      
 2572.06 159     14150    1.60278    1.60292    0.000137233 28       641      
 2589.55 160     14225    1.60278    1.60292    0.000135986 29       645      
 2589.82 160     14250    1.60278    1.60292    0.000135986 29       645      
 2607.22 161     14315    1.60278    1.60292    0.000134966 29       649      
 2607.53 161     14350    1.60278    1.60292    0.000134966 30       649      
 2620.34 162     14405    1.60278    1.60292    0.000133852 32       652      
 2633.68 163     14450    1.60278    1.60292    0.000133852 32       655      
 2634.1  163     14500    1.60278    1.60292    0.00013281  31       655      
 2650.86 164     14585    1.60279    1.60292    0.000131794 30       659      
 2651.12 164     14600    1.60279    1.60292    0.000131794 30       659      
 2663.52 165     14675    1.60279    1.60292    0.000130488 29       662      
 2663.8  165     14700    1.60279    1.60292    0.000130488 29       662      
 2678.19 166     14765    1.60279    1.60292    0.000129808 28       665      
 2678.52 166     14800    1.60279    1.60292    0.000129808 28       665      
 2703.11 167     14855    1.60279    1.60292    0.000128266 29       670      
 2724.96 168     14900    1.60279    1.60292    0.000128266 28       675      
 2725.38 168     14950    1.60279    1.60292    0.00012703  27       675      
 2738.87 169     15035    1.60279    1.60292    0.00012604  29       678      
 2739.12 169     15050    1.60279    1.60292    0.00012604  29       678      
 2761.38 170     15125    1.60279    1.60292    0.000125143 30       683      
 2761.67 170     15150    1.60279    1.60292    0.000125143 30       683      
 2780.21 171     15215    1.60279    1.60292    0.000124303 30       687      
 2780.53 171     15250    1.60279    1.60292    0.000124303 31       687      
 2799.04 172     15305    1.60279    1.60292    0.000123646 30       691      
 2804.36 173     15350    1.60279    1.60292    0.000123646 31       692      
 2804.82 173     15400    1.60279    1.60292    0.000122876 29       692      
 2819.81 174     15485    1.6028     1.60292    0.000122048 30       695      
 2820.06 174     15500    1.6028     1.60292    0.000122048 30       695      
 2838.98 175     15575    1.6028     1.60292    0.000121272 31       699      
 2839.29 175     15600    1.6028     1.60292    0.000121272 31       699      
 2856.15 176     15665    1.6028     1.60292    0.0001204   31       703      
 2856.48 176     15700    1.6028     1.60292    0.0001204   31       703      
 2876.32 177     15755    1.6028     1.60292    0.000119563 31       707      
 2891.37 178     15800    1.6028     1.60292    0.000119563 31       710      
 2891.83 178     15850    1.6028     1.60292    0.00011874  32       710      
 2905.22 179     15935    1.6028     1.60292    0.000117893 34       713      
 2905.49 179     15950    1.6028     1.60292    0.000117893 33       713      
 2931.15 180     16025    1.6028     1.60292    0.000117184 34       718      
 2931.47 180     16050    1.6028     1.60292    0.000117184 35       718      
 2940.82 181     16115    1.6028     1.60292    0.000116571 34       720      
 2941.19 181     16150    1.6028     1.60292    0.000116571 34       720      
 2961.86 182     16205    1.6028     1.60292    0.000115994 34       724      
 2977.93 183     16250    1.6028     1.60292    0.000115994 36       727      
 2978.43 183     16300    1.6028     1.60292    0.000115484 33       727      
 2994.48 184     16385    1.6028     1.60292    0.000114903 31       730      
 2994.75 184     16400    1.6028     1.60292    0.000114903 31       730      
 3009.05 185     16475    1.6028     1.60292    0.0001144   31       733      
 3009.36 185     16500    1.6028     1.60292    0.0001144   31       733      
 3025.02 186     16565    1.6028     1.60292    0.000113979 32       736      
 3025.38 186     16600    1.6028     1.60292    0.000113979 32       736      
 3040.52 187     16655    1.6028     1.60292    0.000113539 34       739      
 3050.02 188     16743    1.6028     1.60292    0.000113139 33       741      
 3050.27 188     16750    1.6028     1.60292    0.000113139 33       741      
 3076.22 189     16833    1.6028     1.60292    0.000112746 33       746      
 3076.53 189     16850    1.6028     1.60292    0.000112746 33       746      
 3091.98 190     16923    1.6028     1.60292    0.0001124   33       749      
 3092.34 190     16950    1.6028     1.60292    0.0001124   33       749      
 3113.17 191     17013    1.60281    1.60292    0.000111781 31       753      
 3113.54 191     17050    1.60281    1.60292    0.000111781 31       753      
 3127.79 192     17103    1.60281    1.60292    0.000111066 30       756      
 3149.07 193     17193    1.60281    1.60292    0.000110379 31       760      
 3149.33 193     17200    1.60281    1.60292    0.000110379 31       760      
 3192.96 194     17283    1.60281    1.60292    0.000109989 31       768      
 3193.26 194     17300    1.60281    1.60292    0.000109989 31       768      
 3215.61 195     17371    1.60281    1.60292    0.000109211 31       772      
 3215.96 195     17400    1.60281    1.60292    0.000109211 31       772      
 3232.97 196     17461    1.60281    1.60292    0.000108631 30       775      
 3233.38 196     17500    1.60281    1.60292    0.000108631 32       775      
 3244.64 197     17550    1.60281    1.60292    0.000108077 29       777      
 3256.95 198     17637    1.60281    1.60292    0.000107727 30       779      
 3257.24 198     17650    1.60281    1.60292    0.000107727 30       779      
 3268.63 199     17725    1.60281    1.60292    0.000107547 34       781      
 3268.97 199     17750    1.60281    1.60292    0.000107547 34       781      
 3297.56 200     17815    1.60281    1.60292    0.000107315 33       786      
 3297.95 200     17850    1.60281    1.60292    0.000107315 33       786      
 3310.48 201     17905    1.60281    1.60292    0.000106986 34       788      
 3338.29 202     17993    1.60281    1.60292    0.000106668 31       793      
 3338.58 202     18000    1.60281    1.60292    0.000106668 31       793      
 3355.33 203     18081    1.60281    1.60292    0.000106222 30       796      
 3355.67 203     18100    1.60281    1.60292    0.000106222 30       796      
 3373.16 204     18171    1.60281    1.60292    0.000105905 30       799      
 3373.54 204     18200    1.60281    1.60292    0.000105905 30       799      
 3385.05 205     18259    1.60281    1.60292    0.000105636 30       801      
 3391.19 205     18300    1.60281    1.60292    0.000105636 30       802      
 3410.93 206     18350    1.60281    1.60292    0.000105358 29       805      
 3429.43 207     18439    1.60281    1.60292    0.000105052 31       808      
 3429.74 207     18450    1.60281    1.60292    0.000105052 31       808      
 3459.07 208     18529    1.60281    1.60292    0.000104727 30       813      
 3459.42 208     18550    1.60281    1.60292    0.000104727 30       813      
 3489.83 209     18619    1.60281    1.60292    0.000104529 34       818      
 3490.25 209     18650    1.60281    1.60292    0.000104529 34       818      
 3520.22 210     18707    1.60281    1.60292    0.000104363 36       823      
 3533.05 210     18750    1.60281    1.60292    0.000104363 38       825      
 3533.71 211     18800    1.60281    1.60292    0.00010411  37       825      
 3567.25 212     18883    1.60281    1.60292    0.000103921 36       830      
 3567.59 212     18900    1.60281    1.60292    0.000103921 36       830      
 3587.59 213     18971    1.60281    1.60292    0.000103721 36       833      
 3588    213     19000    1.60281    1.60292    0.000103721 36       833      
 3615.25 214     19061    1.60281    1.60292    0.000103481 36       837      
 3615.73 214     19100    1.60281    1.60292    0.000103481 37       837      
 3635.47 215     19151    1.60281    1.60292    0.00010315  32       840      
 3651.11 216     19241    1.60281    1.60292    0.000102836 33       842      
 3651.41 216     19250    1.60281    1.60292    0.000102836 33       842      
 3664.08 217     19331    1.60281    1.60292    0.000102558 32       844      
 3664.46 217     19350    1.60281    1.60292    0.000102558 32       844      
 3693.19 218     19421    1.60281    1.60292    0.000102318 31       848      
 3693.61 218     19450    1.60281    1.60292    0.000102318 31       848      
 3720.86 219     19509    1.60281    1.60292    0.000102113 33       852      
 3728.44 219     19550    1.60281    1.60292    0.000102113 35       853      
 3750.19 220     19600    1.60281    1.60292    0.000101967 33       856      
 3765.18 221     19687    1.60282    1.60292    0.000101847 40       858      
 3765.52 221     19700    1.60282    1.60292    0.000101847 40       858      
 3779.39 222     19777    1.60282    1.60292    0.000101737 37       860      
 3779.79 222     19800    1.60282    1.60292    0.000101737 37       860      
 3802.49 223     19865    1.60282    1.60292    0.00010156  35       863      
 3803.03 223     19900    1.60282    1.60292    0.00010156  35       863      
 3819.25 224     19953    1.60282    1.60292    0.000101416 37       865      
 3855.29 225     20043    1.60282    1.60292    0.00010129  37       870      
 3855.6  225     20050    1.60282    1.60292    0.00010129  37       870      
 3870.07 226     20131    1.60282    1.60292    0.000101154 36       872      
 3870.48 226     20150    1.60282    1.60292    0.000101154 36       872      
 3893.75 227     20221    1.60282    1.60292    0.000100999 35       875      
 3894.19 227     20250    1.60282    1.60292    0.000100999 35       875      
 3915.06 228     20311    1.60282    1.60292    0.00010091  39       878      
 3915.59 228     20350    1.60282    1.60292    0.00010091  37       878      
 3939.23 229     20400    1.60282    1.60292    0.000100817 37       881      
 3946.4  230     20487    1.60282    1.60292    0.000100753 38       882      
 3946.79 230     20500    1.60282    1.60292    0.000100753 38       882      
 3975.96 231     20577    1.60282    1.60292    0.000100653 36       886      
 3976.35 231     20600    1.60282    1.60292    0.000100653 36       886      
 3992.29 232     20665    1.60282    1.60292    0.000100544 36       888      
 3992.8  232     20700    1.60282    1.60292    0.000100544 36       888      
 4017.75 233     20755    1.60282    1.60292    0.000100269 36       891      
 4053.17 234     20843    1.60282    1.60292    0.00010002  35       897      
 4053.45 234     20850    1.60282    1.60292    0.00010002  35       897      
 4065.35 235     20931    1.60282    1.60292    9.93814e-05 33       899      
 4065.68 235     20950    1.60282    1.60292    9.93814e-05 33       899      
 4083.33 236     21019    1.60282    1.60292    9.87709e-05 32       902      
 4083.71 236     21050    1.60282    1.60292    9.87709e-05 32       902      
 4094.42 237     21107    1.60282    1.60292    9.83784e-05 33       904      
 4119.24 237     21150    1.60282    1.60292    9.83784e-05 34       908      
 4119.94 238     21200    1.60282    1.60292    9.80854e-05 32       908      
 4133.47 239     21283    1.60282    1.60292    9.77576e-05 33       910      
 4133.84 239     21300    1.60282    1.60292    9.77576e-05 33       910      
 4151.2  240     21371    1.60282    1.60292    9.74189e-05 32       913      
 4151.59 240     21400    1.60282    1.60292    9.74189e-05 32       913      
 4164.41 241     21459    1.60282    1.60292    9.71481e-05 32       915      
 4164.94 241     21500    1.60282    1.60292    9.71481e-05 34       915      
 4177.95 242     21550    1.60282    1.60292    9.69093e-05 32       917      
 4191.19 243     21637    1.60282    1.60292    9.66069e-05 30       919      
 4191.53 243     21650    1.60282    1.60292    9.66069e-05 30       919      
 4221.89 244     21727    1.60282    1.60292    9.62887e-05 30       924      
 4222.24 244     21750    1.60282    1.60292    9.62887e-05 30       924      
 4247.02 245     21815    1.60282    1.60292    9.6116e-05  34       928      
 4247.45 245     21850    1.60282    1.60292    9.6116e-05  34       928      
 4271.82 246     21903    1.60282    1.60292    9.59016e-05 34       932      
 4291.74 247     21991    1.60282    1.60292    9.56578e-05 32       935      
 4292.06 247     22000    1.60282    1.60292    9.56578e-05 32       935      
 4304.46 248     22079    1.60282    1.60292    9.54468e-05 33       937      
 4304.91 248     22100    1.60282    1.60292    9.54468e-05 33       937      
 4312.31 249     22167    1.60282    1.60292    9.52275e-05 34       938      
 4312.71 249     22200    1.60282    1.60292    9.52275e-05 34       938      
 4333.98 250     22257    1.60282    1.60292    9.50577e-05 34       941      
 4345.58 250     22300    1.60282    1.60292    9.50577e-05 36       943      
 4346.23 251     22350    1.60282    1.60292    9.48735e-05 34       943      
 4367.47 252     22433    1.60282    1.60292    9.4633e-05  33       946      
 4367.86 252     22450    1.60282    1.60292    9.4633e-05  33       946      
 4380.1  253     22521    1.60282    1.60292    9.43457e-05 32       948      
 4380.54 253     22550    1.60282    1.60292    9.43457e-05 32       948      
 4399.66 254     22609    1.60282    1.60292    9.4068e-05  32       951      
 4400.15 254     22650    1.60282    1.60292    9.4068e-05  32       951      
 4420.51 255     22700    1.60282    1.60292    9.38427e-05 36       954      
 4445.76 256     22787    1.60282    1.60292    9.36515e-05 37       958      
 4446.13 256     22800    1.60282    1.60292    9.36515e-05 37       958      
 4467.48 257     22875    1.60282    1.60292    9.35112e-05 41       961      
 4467.94 257     22900    1.60282    1.60292    9.35112e-05 41       961      
 4502.33 258     22965    1.60282    1.60292    9.33742e-05 41       966      
 4502.83 258     23000    1.60282    1.60292    9.33742e-05 41       966      
 4544.97 259     23055    1.60282    1.60292    9.32314e-05 40       972      
 4560.39 260     23143    1.60282    1.60292    9.30899e-05 39       974      
 4560.76 260     23150    1.60282    1.60292    9.30899e-05 39       974      
 4594.7  261     23231    1.60282    1.60292    9.29901e-05 39       979      
 4595.13 261     23250    1.60282    1.60292    9.29901e-05 39       979      
 4629.33 262     23319    1.60282    1.60292    9.28494e-05 36       984      
 4629.83 262     23350    1.60282    1.60292    9.28494e-05 36       984      
 4664.42 263     23407    1.60282    1.60292    9.2688e-05  35       989      
 4693.76 263     23450    1.60282    1.60292    9.2688e-05  36       993      
 4694.44 264     23500    1.60282    1.60292    9.25833e-05 37       993      
 4714.32 265     23583    1.60282    1.60292    9.24768e-05 34       996      
 4714.7  265     23600    1.60282    1.60292    9.24768e-05 34       996      
 4752.74 266     23673    1.60282    1.60292    9.23159e-05 34       1001     
 4753.24 266     23700    1.60282    1.60292    9.23159e-05 34       1001     
 4767.87 267     23761    1.60282    1.60292    9.21967e-05 37       1003     
 4768.4  267     23800    1.60282    1.60292    9.21967e-05 36       1003     
 4799.24 268     23850    1.60282    1.60292    9.2102e-05  36       1007     
 4829.05 269     23937    1.60282    1.60292    9.199e-05   38       1011     
 4829.4  269     23950    1.60282    1.60292    9.199e-05   38       1011     
 4856.82 270     24025    1.60283    1.60292    9.18531e-05 38       1015     
 4857.32 270     24050    1.60283    1.60292    9.18531e-05 38       1015     
 4887.1  271     24113    1.60283    1.60292    9.17491e-05 39       1019     
 4887.61 271     24150    1.60283    1.60292    9.17491e-05 39       1019     
 4926    272     24203    1.60283    1.60292    9.1589e-05  36       1024     
 4963.6  273     24291    1.60283    1.60292    9.14306e-05 36       1029     
 4963.95 273     24300    1.60283    1.60292    9.14306e-05 36       1029     
 5000.09 274     24379    1.60283    1.60292    9.13093e-05 38       1034     
 5000.52 274     24400    1.60283    1.60292    9.13093e-05 38       1034     
 5030.55 275     24467    1.60283    1.60292    9.12367e-05 39       1038     
 5031.12 275     24500    1.60283    1.60292    9.12367e-05 39       1038     
 5062.28 276     24555    1.60283    1.60292    9.1117e-05  38       1042     
 5092.15 277     24643    1.60283    1.60292    9.10298e-05 39       1046     
 5092.5  277     24650    1.60283    1.60292    9.10298e-05 39       1046     
 5121.93 278     24731    1.60283    1.60292    9.09221e-05 38       1050     
 5122.36 278     24750    1.60283    1.60292    9.09221e-05 38       1050     
 5151.92 279     24819    1.60283    1.60292    9.08353e-05 40       1054     
 5152.4  279     24850    1.60283    1.60292    9.08353e-05 40       1054     
 5182.49 280     24907    1.60283    1.60292    9.07346e-05 37       1058     
 5197.03 281     24950    1.60283    1.60292    9.07346e-05 36       1060     
 5197.65 281     25000    1.60283    1.60292    9.06316e-05 35       1060     
 5229.23 282     25081    1.60283    1.60292    9.05307e-05 34       1064     
 5229.68 282     25100    1.60283    1.60292    9.05307e-05 34       1064     
 5253.61 283     25169    1.60283    1.60292    9.04079e-05 34       1067     
 5254.1  283     25200    1.60283    1.60292    9.04079e-05 34       1067     
 5288.48 284     25257    1.60283    1.60292    9.02656e-05 34       1071     
 5314.23 285     25300    1.60283    1.60292    9.02656e-05 34       1074     
 5314.94 285     25350    1.60283    1.60292    9.01628e-05 34       1074     
 5338.02 286     25431    1.60283    1.60292    9.00575e-05 34       1077     
 5338.55 286     25450    1.60283    1.60292    9.00575e-05 34       1077     
 5361.31 287     25519    1.60283    1.60292    8.99529e-05 34       1080     
 5361.81 287     25550    1.60283    1.60292    8.99529e-05 34       1080     
 5385.51 288     25607    1.60283    1.60292    8.98706e-05 34       1083     
 5411.88 288     25650    1.60283    1.60292    8.98706e-05 34       1086     
 5412.72 289     25700    1.60283    1.60292    8.97752e-05 32       1086     
 5438.23 290     25783    1.60283    1.60292    8.96869e-05 33       1089     
 5438.66 290     25800    1.60283    1.60292    8.96869e-05 33       1089     
 5464.23 291     25871    1.60283    1.60292    8.95719e-05 34       1092     
 5464.72 291     25900    1.60283    1.60292    8.95719e-05 34       1092     
 5472.29 292     25957    1.60283    1.60292    8.94862e-05 34       1093     
 5487.91 293     26000    1.60283    1.60292    8.94862e-05 35       1095     
 5488.58 293     26050    1.60283    1.60292    8.93753e-05 34       1095     
 5513.61 294     26131    1.60283    1.60292    8.92994e-05 34       1098     
 5514.09 294     26150    1.60283    1.60292    8.92994e-05 34       1098     
 5537.91 295     26219    1.60283    1.60292    8.92489e-05 35       1101     
 5538.42 295     26250    1.60283    1.60292    8.92489e-05 35       1101     
 5552.81 296     26305    1.60283    1.60292    8.9197e-05  36       1103     
 5589.15 297     26393    1.60283    1.60292    8.9137e-05  37       1107     
 5589.55 297     26400    1.60283    1.60292    8.9137e-05  37       1107     
 5607.32 298     26479    1.60283    1.60292    8.9085e-05  35       1109     
 5607.82 298     26500    1.60283    1.60292    8.9085e-05  35       1109     
 5635.31 299     26567    1.60283    1.60292    8.90239e-05 36       1112     
 5635.96 299     26600    1.60283    1.60292    8.90239e-05 36       1112     
 5661.71 300     26655    1.60283    1.60292    8.89623e-05 35       1115     
 5688.48 301     26741    1.60283    1.60292    8.88946e-05 35       1118     
 5688.93 301     26750    1.60283    1.60292    8.88946e-05 35       1118     
 5730.98 302     26829    1.60283    1.60292    8.88486e-05 37       1123     
 5731.44 302     26850    1.60283    1.60292    8.88486e-05 37       1123     
 5759.4  303     26915    1.60283    1.60292    8.8798e-05  38       1126     
 5760.04 303     26950    1.60283    1.60292    8.8798e-05  38       1126     
 5795.4  304     27003    1.60283    1.60292    8.87504e-05 38       1130     
 5823.44 305     27089    1.60283    1.60292    8.87222e-05 38       1133     
 5823.93 305     27100    1.60283    1.60292    8.87222e-05 38       1133     
 5840.03 306     27175    1.60283    1.60292    8.86992e-05 38       1135     
 5840.56 306     27200    1.60283    1.60292    8.86992e-05 38       1135     
 5866.57 307     27261    1.60283    1.60292    8.86723e-05 38       1138     
 5867.19 307     27300    1.60283    1.60292    8.86723e-05 38       1138     
 5896.33 308     27350    1.60283    1.60292    8.86425e-05 37       1141     
 5932.04 309     27435    1.60283    1.60292    8.85992e-05 38       1145     
 5932.53 309     27450    1.60283    1.60292    8.85992e-05 38       1145     
 5960.55 310     27521    1.60283    1.60292    8.85599e-05 41       1148     
 5961.12 310     27550    1.60283    1.60292    8.85599e-05 41       1148     
 5989.42 311     27607    1.60283    1.60292    8.85191e-05 40       1151     
 5997.46 312     27650    1.60283    1.60292    8.85191e-05 42       1152     
 5998.25 312     27700    1.60283    1.60292    8.84702e-05 42       1152     
 6025.36 313     27781    1.60283    1.60292    8.8422e-05  39       1155     
 6025.84 313     27800    1.60283    1.60292    8.8422e-05  39       1155     
 6054.94 314     27867    1.60283    1.60292    8.83905e-05 38       1158     
 6055.55 314     27900    1.60283    1.60292    8.83905e-05 38       1158     
 6097.17 315     27957    1.60283    1.60292    8.83328e-05 39       1162     
 6116.06 315     28000    1.60283    1.60292    8.83328e-05 39       1164     
 6116.88 316     28050    1.60283    1.60292    8.82786e-05 38       1164     
 6154.41 317     28133    1.60283    1.60292    8.8215e-05  39       1168     
 6154.87 317     28150    1.60283    1.60292    8.8215e-05  39       1168     
 6182.84 318     28221    1.60283    1.60292    8.81487e-05 40       1171     
 6183.54 318     28250    1.60283    1.60292    8.81487e-05 40       1171     
 6202.55 319     28307    1.60283    1.60292    8.81042e-05 41       1173     
 6211.82 320     28350    1.60283    1.60292    8.81042e-05 41       1174     
 6212.61 320     28400    1.60283    1.60292    8.80788e-05 41       1174     
 6238.89 321     28481    1.60283    1.60292    8.80583e-05 41       1177     
 6239.38 321     28500    1.60283    1.60292    8.80583e-05 41       1177     
 6256.99 322     28567    1.60283    1.60292    8.80237e-05 43       1179     
 6257.63 322     28600    1.60283    1.60292    8.80237e-05 43       1179     
 6286.57 323     28655    1.60283    1.60292    8.79636e-05 41       1182     
 6307.56 324     28741    1.60283    1.60292    8.7914e-05  40       1184     
 6308.07 324     28750    1.60283    1.60292    8.7914e-05  40       1184     
 6329.34 325     28827    1.60283    1.60292    8.78833e-05 40       1186     
 6329.89 325     28850    1.60283    1.60292    8.78833e-05 40       1186     
 6357.95 326     28913    1.60283    1.60292    8.78534e-05 40       1189     
 6358.57 326     28950    1.60283    1.60292    8.78534e-05 40       1189     
 6373.39 327     29000    1.60283    1.60292    8.78259e-05 43       1191     
 6403.43 328     29087    1.60283    1.60292    8.78077e-05 42       1194     
 6403.91 328     29100    1.60283    1.60292    8.78077e-05 42       1194     
 6435.91 329     29173    1.60283    1.60292    8.77948e-05 45       1197     
 6436.54 329     29200    1.60283    1.60292    8.77948e-05 45       1197     
 6455    330     29259    1.60283    1.60292    8.77825e-05 45       1199     
 6464.1  330     29300    1.60283    1.60292    8.77825e-05 46       1200     
 6476.15 331     29350    1.60283    1.60292    8.77585e-05 47       1201     
 6494.35 332     29431    1.60283    1.60292    8.77044e-05 44       1203     
 6494.87 332     29450    1.60283    1.60292    8.77044e-05 44       1203     
 6513.7  333     29517    1.60283    1.60292    8.76622e-05 45       1205     
 6514.39 333     29550    1.60283    1.60292    8.76622e-05 45       1205     
 6543.01 334     29603    1.60283    1.60292    8.76353e-05 43       1208     
 6584.53 335     29691    1.60283    1.60292    8.75983e-05 43       1212     
 6584.99 335     29700    1.60283    1.60292    8.75983e-05 43       1212     
 6613.25 336     29779    1.60283    1.60292    8.75605e-05 44       1215     
 6613.81 336     29800    1.60283    1.60292    8.75605e-05 44       1215     
 6634.46 337     29865    1.60283    1.60292    8.75159e-05 42       1217     
 6635.1  337     29900    1.60283    1.60292    8.75159e-05 42       1217     
 6666.54 338     29953    1.60283    1.60292    8.74679e-05 41       1220     
 6679.1  339     30039    1.60283    1.60292    8.74409e-05 41       1221     
 6679.67 339     30050    1.60283    1.60292    8.74409e-05 41       1221     
 6712.76 340     30127    1.60283    1.60292    8.74137e-05 42       1224     
 6713.33 340     30150    1.60283    1.60292    8.74137e-05 42       1224     
 6746.02 341     30215    1.60283    1.60292    8.73915e-05 44       1227     
 6746.72 341     30250    1.60283    1.60292    8.73915e-05 43       1227     
 6768    342     30301    1.60283    1.60292    8.73579e-05 41       1229     
 6779.34 343     30387    1.60283    1.60292    8.73231e-05 41       1230     
 6779.82 343     30400    1.60283    1.60292    8.73231e-05 41       1230     
 6799.58 344     30473    1.60283    1.60292    8.72845e-05 41       1232     
 6800.16 344     30500    1.60283    1.60292    8.72845e-05 41       1232     
 6821.92 345     30561    1.60283    1.60292    8.72543e-05 42       1234     
 6822.73 345     30600    1.60283    1.60292    8.72543e-05 42       1234     
 6835.04 346     30650    1.60283    1.60292    8.72238e-05 42       1235     
 6858.39 347     30735    1.60283    1.60292    8.72039e-05 45       1237     
 6858.93 347     30750    1.60283    1.60292    8.72039e-05 45       1237     
 6870.13 348     30821    1.60283    1.60292    8.7184e-05  43       1238     
 6870.76 348     30850    1.60283    1.60292    8.7184e-05  43       1238     
 6880.71 349     30907    1.60283    1.60292    8.71669e-05 43       1239     
 6900.11 350     30950    1.60283    1.60292    8.71669e-05 44       1241     
 6900.9  350     31000    1.60283    1.60292    8.71482e-05 46       1241     
 6921.89 351     31079    1.60283    1.60292    8.71367e-05 46       1243     
 6922.52 351     31100    1.60283    1.60292    8.71367e-05 46       1243     
 6946.83 352     31165    1.60283    1.60292    8.71047e-05 42       1245     
 6947.5  352     31200    1.60283    1.60292    8.71047e-05 42       1245     
 6978.35 353     31253    1.60283    1.60292    8.70083e-05 42       1248     
 6998.47 354     31339    1.60283    1.60292    8.69183e-05 43       1250     
 6998.97 354     31350    1.60283    1.60292    8.69183e-05 43       1250     
 7019.61 355     31425    1.60283    1.60292    8.68657e-05 41       1252     
 7020.13 355     31450    1.60283    1.60292    8.68657e-05 41       1252     
 7030.3  356     31511    1.60283    1.60292    8.68325e-05 40       1253     
 7030.94 356     31550    1.60283    1.60292    8.68325e-05 40       1253     
 7040.59 357     31600    1.60283    1.60292    8.67489e-05 38       1254     
 7066.7  358     31685    1.60283    1.60292    8.66726e-05 37       1256     
 7067.13 358     31700    1.60283    1.60292    8.66726e-05 37       1256     
 7087.81 359     31771    1.60283    1.60292    8.6588e-05  37       1258     
 7088.33 359     31800    1.60283    1.60292    8.6588e-05  37       1258     
 7106.59 360     31857    1.60283    1.60292    8.65208e-05 38       1260     
 7149.26 360     31900    1.60283    1.60292    8.65208e-05 38       1264     
 7150.2  361     31950    1.60283    1.60292    8.64658e-05 40       1264     
 7169.79 362     32031    1.60283    1.60292    8.63872e-05 38       1266     
 7170.29 362     32050    1.60283    1.60292    8.63872e-05 38       1266     
 7207    363     32119    1.60283    1.60292    8.63255e-05 38       1269     
 7207.53 363     32150    1.60283    1.60292    8.63255e-05 38       1269     
 7238.65 364     32207    1.60283    1.60292    8.62414e-05 38       1272     
 7259.39 365     32250    1.60283    1.60292    8.62414e-05 36       1274     
 7260.31 365     32300    1.60283    1.60292    8.61438e-05 37       1274     
 7272.71 366     32379    1.60283    1.60292    8.60876e-05 37       1275     
 7273.32 366     32400    1.60283    1.60292    8.60876e-05 37       1275     
 7307.62 367     32465    1.60283    1.60292    8.60565e-05 37       1278     
 7308.26 367     32500    1.60283    1.60292    8.60565e-05 37       1278     
 7333.95 368     32551    1.60283    1.60292    8.60347e-05 38       1280     
 7354.21 369     32637    1.60283    1.60292    8.60177e-05 41       1282     
 7354.69 369     32650    1.60283    1.60292    8.60177e-05 41       1282     
 7375.81 370     32723    1.60283    1.60292    8.6e-05     42       1284     
 7376.35 370     32750    1.60283    1.60292    8.6e-05     42       1284     
 7399.6  371     32811    1.60283    1.60292    8.5971e-05  44       1286     
 7400.32 371     32850    1.60283    1.60292    8.5971e-05  42       1286     
 7426.35 372     32900    1.60283    1.60292    8.59249e-05 39       1288     
 7447.6  373     32985    1.60283    1.60292    8.58373e-05 38       1290     
 7448.12 373     33000    1.60283    1.60292    8.58373e-05 38       1290     
 7470.63 374     33071    1.60283    1.60292    8.57537e-05 37       1292     
 7471.21 374     33100    1.60283    1.60292    8.57537e-05 37       1292     
 7491.39 375     33157    1.60283    1.60292    8.56762e-05 37       1294     
 7502.23 376     33200    1.60283    1.60292    8.56762e-05 37       1295     
 7503.02 376     33250    1.60283    1.60292    8.5609e-05  37       1295     
 7526.21 377     33329    1.60283    1.60292    8.55593e-05 37       1297     
 7526.74 377     33350    1.60283    1.60292    8.55593e-05 37       1297     
 7539.9  378     33415    1.60283    1.60292    8.55263e-05 38       1298     
 7540.53 378     33450    1.60283    1.60292    8.55263e-05 38       1298     
 7576.39 379     33503    1.60283    1.60292    8.54916e-05 37       1301     
 7597.88 380     33589    1.60283    1.60292    8.54313e-05 36       1303     
 7598.34 380     33600    1.60283    1.60292    8.54313e-05 36       1303     
 7609.86 381     33675    1.60283    1.60292    8.53863e-05 39       1304     
 7610.42 381     33700    1.60283    1.60292    8.53863e-05 38       1304     
 7633.25 382     33761    1.60283    1.60292    8.53579e-05 40       1306     
 7633.97 382     33800    1.60283    1.60292    8.53579e-05 39       1306     
 7658.11 383     33850    1.60283    1.60292    8.53336e-05 39       1308     
 7685.33 384     33933    1.60283    1.60292    8.52866e-05 39       1311     
 7685.86 384     33950    1.60283    1.60292    8.52866e-05 39       1311     
 7698.24 385     34019    1.60283    1.60292    8.52025e-05 38       1312     
 7698.89 385     34050    1.60283    1.60292    8.52025e-05 38       1312     
 7711.4  386     34105    1.60283    1.60292    8.51467e-05 37       1313     
 7724.8  387     34191    1.60283    1.60292    8.51204e-05 40       1314     
 7725.26 387     34200    1.60283    1.60292    8.51204e-05 40       1314     
 7746.35 388     34277    1.60283    1.60292    8.51057e-05 44       1316     
 7746.94 388     34300    1.60283    1.60292    8.51057e-05 44       1316     
 7757.69 389     34363    1.60283    1.60292    8.50958e-05 47       1317     
 7758.4  389     34400    1.60283    1.60292    8.50958e-05 47       1317     
 7780.33 390     34450    1.60283    1.60292    8.50774e-05 42       1319     
 7795.84 391     34535    1.60283    1.60292    8.5054e-05  42       1320     
 7796.47 391     34550    1.60283    1.60292    8.5054e-05  42       1320     
 7820.89 392     34623    1.60283    1.60292    8.50165e-05 41       1322     
 7821.5  392     34650    1.60283    1.60292    8.50165e-05 41       1322     
 7833.76 393     34709    1.60283    1.60292    8.49865e-05 40       1323     
 7845.73 393     34750    1.60283    1.60292    8.49865e-05 40       1324     
 7857.62 394     34800    1.60283    1.60292    8.49581e-05 39       1325     
 7882.98 395     34881    1.60283    1.60292    8.49425e-05 41       1327     
 7883.57 395     34900    1.60283    1.60292    8.49425e-05 41       1327     
 7904.89 396     34967    1.60283    1.60292    8.4922e-05  40       1329     
 7905.57 396     35000    1.60283    1.60292    8.4922e-05  40       1329     
 7917.08 397     35053    1.60283    1.60292    8.49002e-05 42       1330     
 7939.97 398     35141    1.60283    1.60292    8.48524e-05 40       1332     
 7940.48 398     35150    1.60283    1.60292    8.48524e-05 40       1332     
 7952.87 399     35227    1.60283    1.60292    8.48119e-05 40       1333     
 7953.53 399     35250    1.60283    1.60292    8.48119e-05 40       1333     
 7966.11 400     35313    1.60283    1.60292    8.47727e-05 40       1334     
 7966.88 400     35350    1.60283    1.60292    8.47727e-05 39       1334     
 7981.24 401     35400    1.60283    1.60292    8.47406e-05 40       1335     
 8005.86 402     35487    1.60283    1.60292    8.46997e-05 41       1337     
 8006.39 402     35500    1.60283    1.60292    8.46997e-05 41       1337     
 8041.33 403     35573    1.60283    1.60292    8.4668e-05  41       1340     
 8042.07 403     35600    1.60283    1.60292    8.4668e-05  41       1340     
 8064.39 404     35659    1.60283    1.60292    8.46345e-05 41       1342     
 8075.43 404     35700    1.60283    1.60292    8.46345e-05 41       1343     
 8087.27 405     35750    1.60283    1.60292    8.46003e-05 41       1344     
 8118.92 406     35833    1.60283    1.60292    8.45484e-05 40       1347     
 8119.38 406     35850    1.60283    1.60292    8.45484e-05 40       1347     
 8137.25 407     35919    1.60283    1.60292    8.4498e-05  42       1349     
 8137.75 407     35950    1.60283    1.60292    8.4498e-05  42       1349     
 8153.48 408     36005    1.60283    1.60292    8.44445e-05 41       1351     
 8172.16 409     36091    1.60283    1.60292    8.44013e-05 42       1353     
 8172.67 409     36100    1.60283    1.60292    8.44013e-05 42       1353     
 8182.91 410     36177    1.60283    1.60292    8.4372e-05  42       1354     
 8183.42 410     36200    1.60283    1.60292    8.4372e-05  42       1354     
 8199.45 411     36263    1.60283    1.60292    8.43269e-05 42       1356     
 8200.02 411     36300    1.60283    1.60292    8.43269e-05 42       1356     
 8209.02 412     36350    1.60283    1.60292    8.42852e-05 43       1357     
 8227.7  413     36435    1.60283    1.60292    8.42506e-05 41       1359     
 8228.16 413     36450    1.60283    1.60292    8.42506e-05 41       1359     
 8236.96 414     36521    1.60283    1.60292    8.42113e-05 42       1360     
 8237.44 414     36550    1.60283    1.60292    8.42113e-05 42       1360     
 8256.76 415     36607    1.60283    1.60292    8.41602e-05 41       1362     
 8266.26 416     36650    1.60283    1.60292    8.41602e-05 40       1363     
 8266.95 416     36700    1.60283    1.60292    8.40752e-05 41       1363     
 8284.3  417     36779    1.60283    1.60292    8.40037e-05 39       1365     
 8284.76 417     36800    1.60283    1.60292    8.40037e-05 39       1365     
 8302.99 418     36865    1.60283    1.60292    8.39426e-05 37       1367     
 8303.58 418     36900    1.60283    1.60292    8.39426e-05 37       1367     
 8341.34 419     36951    1.60283    1.60292    8.38897e-05 38       1371     
 8367.86 420     37037    1.60283    1.60292    8.38471e-05 38       1374     
 8368.3  420     37050    1.60283    1.60292    8.38471e-05 38       1374     
 8395.63 421     37125    1.60283    1.60292    8.37661e-05 40       1377     
 8396.25 421     37150    1.60283    1.60292    8.37661e-05 40       1377     
 8426.99 422     37211    1.60283    1.60292    8.37137e-05 40       1380     
 8427.6  422     37250    1.60283    1.60292    8.37137e-05 40       1380     
 8453.62 423     37300    1.60283    1.60292    8.36624e-05 40       1383     
 8492.1  424     37383    1.60283    1.60292    8.36267e-05 40       1387     
 8492.54 424     37400    1.60283    1.60292    8.36267e-05 40       1387     
 8521.17 425     37469    1.60283    1.60292    8.35603e-05 41       1390     
 8521.68 425     37500    1.60283    1.60292    8.35603e-05 41       1390     
 8558.67 426     37555    1.60283    1.60292    8.35053e-05 40       1394     
 8605.13 427     37643    1.60283    1.60292    8.3432e-05  41       1399     
 8605.6  427     37650    1.60283    1.60292    8.3432e-05  41       1399     
 8642.34 428     37729    1.60283    1.60292    8.33073e-05 40       1403     
 8642.81 428     37750    1.60283    1.60292    8.33073e-05 40       1403     
 8670.74 429     37813    1.60283    1.60292    8.32156e-05 40       1406     
 8671.29 429     37850    1.60283    1.60292    8.32156e-05 40       1406     
 8698.9  430     37900    1.60283    1.60292    8.3092e-05  40       1409     
 8719.86 431     37983    1.60283    1.60292    8.30138e-05 40       1411     
 8720.36 431     38000    1.60283    1.60292    8.30138e-05 40       1411     
 8748.27 432     38069    1.60283    1.60292    8.29592e-05 40       1414     
 8748.88 432     38100    1.60283    1.60292    8.29592e-05 40       1414     
 8768.38 433     38155    1.60283    1.60292    8.28281e-05 38       1416     
 8808.73 434     38243    1.60283    1.60292    8.26968e-05 38       1420     
 8809.13 434     38250    1.60283    1.60292    8.26968e-05 38       1420     
 8838.04 435     38329    1.60283    1.60292    8.26155e-05 38       1423     
 8838.53 435     38350    1.60283    1.60292    8.26155e-05 38       1423     
 8880.23 436     38415    1.60283    1.60292    8.25247e-05 38       1427     
 8880.79 436     38450    1.60283    1.60292    8.25247e-05 38       1427     
 8910.67 437     38501    1.60283    1.60292    8.24226e-05 38       1430     
 8921.39 438     38585    1.60283    1.60292    8.23576e-05 37       1431     
 8921.91 438     38600    1.60283    1.60292    8.23576e-05 37       1431     
 8952.87 439     38671    1.60283    1.60292    8.22637e-05 38       1434     
 8953.45 439     38700    1.60283    1.60292    8.22637e-05 38       1434     
 8984.07 440     38757    1.60283    1.60292    8.21823e-05 39       1437     
 9007.14 441     38841    1.60283    1.60292    8.21211e-05 39       1439     
 9007.54 441     38850    1.60283    1.60292    8.21211e-05 39       1439     
 9028.38 442     38925    1.60283    1.60292    8.2078e-05  39       1441     
 9028.87 442     38950    1.60283    1.60292    8.2078e-05  39       1441     
 9049.59 443     39009    1.60283    1.60292    8.20397e-05 39       1443     
 9083.04 443     39050    1.60283    1.60292    8.20397e-05 40       1446     
 9094.11 444     39100    1.60283    1.60292    8.19815e-05 40       1447     
 9116.03 445     39181    1.60283    1.60292    8.19119e-05 41       1449     
 9116.64 445     39200    1.60283    1.60292    8.19119e-05 41       1449     
 9140.35 446     39265    1.60283    1.60292    8.1832e-05  40       1451     
 9141.12 446     39300    1.60283    1.60292    8.1832e-05  40       1451     
 9168.58 447     39351    1.60284    1.60292    8.17881e-05 41       1454     
 9199.19 448     39437    1.60284    1.60292    8.17573e-05 41       1457     
 9199.67 448     39450    1.60284    1.60292    8.17573e-05 41       1457     
 9220.97 449     39523    1.60284    1.60292    8.17054e-05 40       1459     
 9221.53 449     39550    1.60284    1.60292    8.17054e-05 40       1459     
 9241.87 450     39609    1.60284    1.60292    8.16528e-05 41       1461     
 9250.96 450     39650    1.60284    1.60292    8.16528e-05 41       1462     
 9260.89 451     39700    1.60284    1.60292    8.1596e-05  39       1463     
 9280.25 452     39781    1.60284    1.60292    8.15552e-05 38       1465     
 9280.74 452     39800    1.60284    1.60292    8.15552e-05 38       1465     
 9291.44 453     39865    1.60284    1.60292    8.15238e-05 39       1466     
 9292.07 453     39900    1.60284    1.60292    8.15238e-05 39       1466     
 9304.74 454     39950    1.60284    1.60292    8.1497e-05  39       1467     
 9325.25 455     40035    1.60284    1.60292    8.14661e-05 38       1469     
 9325.72 455     40050    1.60284    1.60292    8.14661e-05 38       1469     
 9337.11 456     40119    1.60284    1.60292    8.14083e-05 38       1470     
 9337.68 456     40150    1.60284    1.60292    8.14083e-05 38       1470     
 9368.31 457     40205    1.60284    1.60292    8.13638e-05 38       1473     
 9389.05 458     40289    1.60284    1.60292    8.1337e-05  39       1475     
 9389.53 458     40300    1.60284    1.60292    8.1337e-05  39       1475     
 9410.25 459     40373    1.60284    1.60292    8.13113e-05 38       1477     
 9410.79 459     40400    1.60284    1.60292    8.13113e-05 38       1477     
 9432.06 460     40459    1.60284    1.60292    8.12794e-05 39       1479     
 9452.83 460     40500    1.60284    1.60292    8.12794e-05 40       1481     
 9464.47 461     40550    1.60284    1.60292    8.12279e-05 38       1482     
 9487.28 462     40631    1.60284    1.60292    8.11966e-05 41       1484     
 9487.82 462     40650    1.60284    1.60292    8.11966e-05 41       1484     
 9511.13 463     40717    1.60284    1.60292    8.11755e-05 40       1486     
 9511.78 463     40750    1.60284    1.60292    8.11755e-05 40       1486     
 9522.13 464     40801    1.60284    1.60292    8.11378e-05 39       1487     
 9546.36 465     40885    1.60284    1.60292    8.1112e-05  40       1489     
 9546.93 465     40900    1.60284    1.60292    8.1112e-05  40       1489     
 9559.58 466     40969    1.60284    1.60292    8.10983e-05 41       1490     
 9560.24 466     41000    1.60284    1.60292    8.10983e-05 41       1490     
 9592.57 467     41055    1.60284    1.60292    8.10621e-05 41       1493     
 9614.66 468     41139    1.60284    1.60292    8.10192e-05 40       1495     
 9615.11 468     41150    1.60284    1.60292    8.10192e-05 40       1495     
 9646.09 469     41227    1.60284    1.60292    8.09617e-05 40       1498     
 9646.69 469     41250    1.60284    1.60292    8.09617e-05 40       1498     
 9680.32 470     41313    1.60284    1.60292    8.09228e-05 40       1501     
 9681    470     41350    1.60284    1.60292    8.09228e-05 40       1501     
 9702.07 471     41400    1.60284    1.60292    8.08901e-05 40       1503     
 9714.33 472     41483    1.60284    1.60292    8.08705e-05 40       1504     
 9714.86 472     41500    1.60284    1.60292    8.08705e-05 40       1504     
 9735.41 473     41567    1.60284    1.60292    8.08613e-05 42       1506     
 9736.07 473     41600    1.60284    1.60292    8.08613e-05 42       1506     
 9757.97 474     41653    1.60284    1.60292    8.08489e-05 40       1508     
 9768.26 475     41737    1.60284    1.60292    8.08211e-05 41       1509     
 9768.75 475     41750    1.60284    1.60292    8.08211e-05 41       1509     
 9789.59 476     41823    1.60284    1.60292    8.07853e-05 41       1511     
 9790.19 476     41850    1.60284    1.60292    8.07853e-05 41       1511     
 9812.06 477     41909    1.60284    1.60292    8.07605e-05 42       1513     
 9822.98 477     41950    1.60284    1.60292    8.07605e-05 43       1514     
 9834.23 478     42000    1.60284    1.60292    8.07434e-05 41       1515     
 9858.15 479     42081    1.60284    1.60292    8.07175e-05 40       1517     
 9858.74 479     42100    1.60284    1.60292    8.07175e-05 40       1517     
 9880.58 480     42165    1.60284    1.60292    8.0678e-05  41       1519     
 9881.32 480     42200    1.60284    1.60292    8.0678e-05  41       1519     
 9891.99 481     42250    1.60284    1.60292    8.06249e-05 40       1520     
 9923.98 482     42335    1.60284    1.60292    8.05876e-05 41       1523     
 9924.51 482     42350    1.60284    1.60292    8.05876e-05 41       1523     
 9937.27 483     42419    1.60284    1.60292    8.0566e-05  42       1524     
 9937.93 483     42450    1.60284    1.60292    8.0566e-05  42       1524     
 9958.91 484     42503    1.60284    1.60292    8.05452e-05 40       1526     
 9970.97 485     42587    1.60284    1.60292    8.05279e-05 42       1527     
 9971.54 485     42600    1.60284    1.60292    8.05279e-05 42       1527     
 10002.8 486     42671    1.60284    1.60292    8.05107e-05 43       1530     
-------------------------------------------------------------------------------

SARSOP finishing ...
  Preset timeout reached
  Timeout     : 10000.000000s
  Actual Time : 10002.790000s

-------------------------------------------------------------------------------
 Time   |#Trial |#Backup |LBound    |UBound    |Precision  |#Alphas |#Beliefs  
-------------------------------------------------------------------------------
 10002.8 486     42671    1.60284    1.60292    8.05107e-05 43       1530     
-------------------------------------------------------------------------------

Writing out policy ...
  output file : ram_pomdp_soln/3e079f00b51.policyx

