
Loading the model ...
  input file   : /home/rstudio/projects/pomdp-ram/notebook/ram_pomdp_soln/3e07cbb70bc.pomdpx
  loading time : 8.43s 

SARSOP initializing ...
  initialization time : 434.52s

-------------------------------------------------------------------------------
 Time   |#Trial |#Backup |LBound    |UBound    |Precision  |#Alphas |#Beliefs  
-------------------------------------------------------------------------------
 434.52  0       0        1.85919    2.72063    0.861448    120      1        
 437.38  3       67       2.23746    2.46434    0.226881    67       21       
 442.74  4       100      2.26932    2.46284    0.193521    37       31       
 456.24  6       150      2.32748    2.46259    0.135109    28       48       
 470.15  8       209      2.34397    2.46218    0.118205    25       59       
 490.84  10      267      2.36866    2.4619     0.0932381   24       71       
 543.72  11      300      2.37411    2.46168    0.0875715   24       91       
 560.21  13      350      2.38445    2.46146    0.0770138   23       98       
 651.26  15      400      2.39356    2.46123    0.0676711   26       120      
 726.55  17      459      2.39814    2.461      0.0628679   25       135      
 885.61  19      511      2.40478    2.46079    0.0560109   26       160      
 1126.33 20      550      2.40529    2.46059    0.0552964   35       185      
 1150.18 22      601      2.40745    2.46053    0.053081    33       190      
 1456.04 24      657      2.40912    2.46039    0.0512715   33       218      
 1806.9  26      713      2.40971    2.46016    0.0504533   34       245      
 2164.83 27      750      2.40989    2.46011    0.0502147   39       268      
 2615.49 29      800      2.41145    2.45995    0.0485032   50       290      
 3065.72 31      850      2.41177    2.45977    0.0479924   44       310      
 3360.76 33      909      2.41252    2.45974    0.0472175   37       324      
 3961.68 34      950      2.4129     2.45972    0.0468185   47       349      
 4677.76 36      1000     2.41311    2.45967    0.0465577   59       370      
 5753.38 38      1053     2.41366    2.45963    0.0459754   48       392      
 7130.82 40      1109     2.41379    2.45958    0.0457916   47       418      
 8580.87 41      1150     2.41382    2.45957    0.0457515   49       444      
 9987.28 43      1200     2.41395    2.45956    0.0456109   57       465      
 11271.2 45      1250     2.41438    2.45935    0.0449699   55       485      
-------------------------------------------------------------------------------

SARSOP finishing ...
  Preset timeout reached
  Timeout     : 10000.000000s
  Actual Time : 11271.210000s

-------------------------------------------------------------------------------
 Time   |#Trial |#Backup |LBound    |UBound    |Precision  |#Alphas |#Beliefs  
-------------------------------------------------------------------------------
 11271.2 45      1250     2.41438    2.45935    0.0449699   55       485      
-------------------------------------------------------------------------------

Writing out policy ...
  output file : ram_pomdp_soln/3e07cbb70bc.policyx

