
Loading the model ...
  input file   : /home/rstudio/projects/pomdp-ram/notebook/ram_pomdp_soln/3e0a74b019.pomdpx
  loading time : 8.32s 

SARSOP initializing ...
  initialization time : 448.94s

-------------------------------------------------------------------------------
 Time   |#Trial |#Backup |LBound    |UBound    |Precision  |#Alphas |#Beliefs  
-------------------------------------------------------------------------------
 448.94  0       0        2.12019    3.60857    1.48838     120      1        
 456.22  2       50       2.73617    2.91945    0.18328     64       25       
 479.89  4       107      2.80568    2.91893    0.113249    32       50       
 517.19  5       150      2.81632    2.91892    0.102601    29       73       
 595.31  7       217      2.83881    2.91804    0.0792335   32       102      
 640.68  8       253      2.84237    2.918      0.0756316   26       117      
 765.16  9       300      2.84995    2.91789    0.0679439   30       145      
 956.04  11      369      2.85187    2.91752    0.0656413   31       170      
 1112.48 12      407      2.85317    2.9174     0.0642303   29       189      
 1385.75 13      450      2.85365    2.91721    0.0635605   35       214      
 1770.9  15      519      2.85742    2.91717    0.0597458   32       241      
 2110.77 16      561      2.85802    2.91707    0.0590545   35       261      
 2493.39 17      600      2.85848    2.91705    0.0585733   40       281      
 3056.9  18      650      2.85881    2.91675    0.0579461   50       311      
 3755.52 20      719      2.85925    2.9167     0.0574464   47       335      
 4286.43 21      757      2.85953    2.91662    0.0570814   42       354      
 5021.37 22      800      2.8609     2.91643    0.055535    52       377      
 5988.44 23      850      2.861      2.91639    0.0553982   56       403      
 6764.48 25      917      2.86149    2.91633    0.0548421   52       427      
 7439.11 26      957      2.86166    2.9163     0.0546388   70       447      
 8146.01 27      1000     2.86184    2.91614    0.0542941   60       469      
 9467.43 28      1050     2.86187    2.91611    0.0542401   63       497      
 10582   30      1119     2.86208    2.91608    0.053994    64       521      
-------------------------------------------------------------------------------

SARSOP finishing ...
  Preset timeout reached
  Timeout     : 10000.000000s
  Actual Time : 10582.010000s

-------------------------------------------------------------------------------
 Time   |#Trial |#Backup |LBound    |UBound    |Precision  |#Alphas |#Beliefs  
-------------------------------------------------------------------------------
 10582   30      1119     2.86208    2.91608    0.053994    64       521      
-------------------------------------------------------------------------------

Writing out policy ...
  output file : ram_pomdp_soln/3e0a74b019.policyx

