
Loading the model ...
  input file   : /home/rstudio/projects/pomdp-ram/notebook/ram_pomdp_soln/3e11dbae8f7.pomdpx
  loading time : 8.71s 

SARSOP initializing ...
  initialization time : 2449.11s

-------------------------------------------------------------------------------
 Time   |#Trial |#Backup |LBound    |UBound    |Precision  |#Alphas |#Beliefs  
-------------------------------------------------------------------------------
 2449.11 0       0        1.63004    2.15195    0.521912    120      1        
 2454.98 1       75       1.68989    1.79582    0.10593     32       13       
 2455.13 1       100      1.68989    1.79582    0.10593     34       13       
 2456.86 2       155      1.71052    1.79577    0.0852489   34       16       
 2459.59 3       235      1.72339    1.79574    0.0723492   33       20       
 2459.68 3       250      1.72339    1.79574    0.0723492   36       20       
 2464.08 4       317      1.73512    1.79574    0.0606125   14       25       
 2464.25 4       350      1.73512    1.79574    0.0606125   9        25       
 2467.17 5       400      1.74116    1.79572    0.0545625   7        28       
 2470.82 6       479      1.74754    1.79572    0.0481766   8        31       
 2470.92 6       500      1.74754    1.79572    0.0481766   6        31       
 2475.31 7       561      1.75448    1.79572    0.0412391   7        34       
 2477.01 7       600      1.75448    1.79572    0.0412391   7        35       
 2478.93 8       650      1.75715    1.79572    0.0385639   7        36       
 2487.1  9       727      1.76218    1.79571    0.0335373   9        40       
 2487.23 9       750      1.76218    1.79571    0.0335373   7        40       
 2497.07 10      809      1.76458    1.79571    0.0311347   11       44       
 2508.52 10      850      1.76458    1.79571    0.0311347   11       48       
 2508.89 11      900      1.7681     1.7957     0.0276013   9        48       
 2518.45 12      977      1.76948    1.7957     0.0262138   10       51       
 2518.58 12      1000     1.76948    1.7957     0.0262138   10       51       
 2535.65 13      1061     1.77174    1.7957     0.0239546   10       56       
 2542.87 13      1100     1.77174    1.7957     0.0239546   9        58       
 2551.43 14      1150     1.77293    1.79569    0.0227675   9        60       
 2565.3  15      1229     1.77472    1.79569    0.020972    11       63       
 2565.43 15      1250     1.77472    1.79569    0.020972    11       63       
 2589.21 16      1313     1.77584    1.79569    0.0198472   9        68       
 2589.41 16      1350     1.77584    1.79569    0.0198472   9        68       
 2599.81 17      1400     1.77639    1.79569    0.0192975   13       70       
 2621.99 18      1481     1.77755    1.79569    0.0181435   12       74       
 2622.13 18      1500     1.77755    1.79569    0.0181435   12       74       
 2645.41 19      1565     1.77871    1.79569    0.0169789   11       78       
 2645.62 19      1600     1.77871    1.79569    0.0169789   11       78       
 2669.24 20      1650     1.77925    1.79568    0.016432    13       82       
 2701.98 21      1733     1.77969    1.79568    0.015988    13       87       
 2702.11 21      1750     1.77969    1.79568    0.015988    13       87       
 2735.19 22      1817     1.78011    1.79568    0.01557     13       92       
 2735.39 22      1850     1.78011    1.79568    0.01557     13       92       
 2773.08 23      1903     1.78139    1.79568    0.0142904   15       97       
 2788.54 24      1987     1.7824     1.79568    0.0132781   12       99       
 2788.65 24      2000     1.7824     1.79568    0.0132781   12       99       
 2827.5  25      2071     1.78308    1.79568    0.012604    11       104      
 2827.69 25      2100     1.78308    1.79568    0.012604    12       104      
 2861.01 26      2155     1.78396    1.79568    0.0117208   12       108      
 2905.17 27      2239     1.78444    1.79568    0.0112379   14       113      
 2905.28 27      2250     1.78444    1.79568    0.0112379   14       113      
 2949.37 28      2325     1.78473    1.79567    0.0109381   14       118      
 2949.56 28      2350     1.78473    1.79567    0.0109381   15       118      
 2997.83 29      2411     1.78514    1.79567    0.010532    15       123      
 3018.35 29      2450     1.78514    1.79567    0.010532    15       125      
 3047.76 30      2500     1.78544    1.79566    0.0102179   16       128      
 3110.16 31      2583     1.78559    1.79565    0.0100624   16       134      
 3110.31 31      2600     1.78559    1.79565    0.0100624   16       134      
 3164.97 32      2669     1.78572    1.79565    0.00992192  17       139      
 3165.22 32      2700     1.78572    1.79565    0.00992192  19       139      
 3221.77 33      2755     1.78633    1.79564    0.00931643  15       144      
 3256.97 34      2839     1.78677    1.79564    0.00886766  15       147      
 3257.11 34      2850     1.78677    1.79564    0.00886766  15       147      
 3315.98 35      2925     1.7873     1.79563    0.00833561  15       152      
 3316.19 35      2950     1.7873     1.79563    0.00833561  16       152      
 3378.29 36      3011     1.78758    1.79562    0.00804383  17       157      
 3404.51 36      3050     1.78758    1.79562    0.00804383  17       159      
 3443.21 37      3100     1.78774    1.79561    0.00786591  18       162      
 3497.62 38      3183     1.78792    1.7956     0.00768395  20       166      
 3497.81 38      3200     1.78792    1.7956     0.00768395  20       166      
 3563.83 39      3269     1.78804    1.7956     0.00755742  19       171      
 3564.11 39      3300     1.78804    1.7956     0.00755742  20       171      
 3636.77 40      3355     1.78819    1.79559    0.00740314  17       176      
 3695.04 41      3441     1.78827    1.79558    0.00731322  20       180      
 3695.19 41      3450     1.78827    1.79558    0.00731322  21       180      
 3756.01 42      3527     1.78861    1.79558    0.00697227  20       184      
 3756.23 42      3550     1.78861    1.79558    0.00697227  20       184      
 3846.81 43      3613     1.7888     1.79557    0.00676771  16       190      
 3847.14 43      3650     1.7888     1.79557    0.00676771  16       190      
 3894.4  44      3700     1.78915    1.79556    0.0064175   16       193      
 3971.09 45      3783     1.78933    1.79556    0.00622963  19       198      
 3971.28 45      3800     1.78933    1.79556    0.00622963  19       198      
 4054.53 46      3871     1.78947    1.79555    0.0060784   18       203      
 4054.8  46      3900     1.78947    1.79555    0.0060784   18       203      
 4116.92 47      3957     1.7896     1.79554    0.00593704  19       207      
 4184.76 47      4000     1.7896     1.79554    0.00593704  20       211      
 4218.42 48      4050     1.78966    1.79552    0.00586368  21       213      
 4357.76 49      4139     1.78969    1.79551    0.00582135  23       221      
 4357.95 49      4150     1.78969    1.79551    0.00582135  23       221      
 4451.72 50      4225     1.7899     1.7955     0.00559525  23       226      
 4451.98 50      4250     1.7899     1.7955     0.00559525  23       226      
 4620.03 51      4315     1.78997    1.79547    0.00550037  19       235      
 4620.37 51      4350     1.78997    1.79547    0.00550037  19       235      
 4718.3  52      4401     1.7902     1.79546    0.00526364  20       240      
 4850.06 53      4491     1.79029    1.79545    0.00515824  18       247      
 4850.24 53      4500     1.79029    1.79545    0.00515824  18       247      
 4933.82 54      4579     1.79035    1.79543    0.00508449  21       251      
 4934.1  54      4600     1.79035    1.79543    0.00508449  22       251      
 5073.08 55      4667     1.79038    1.79543    0.00504791  22       258      
 5073.42 55      4700     1.79038    1.79543    0.00504791  23       258      
 5149.63 56      4753     1.79042    1.79542    0.00499895  22       262      
 5230.51 57      4839     1.79046    1.79541    0.00495622  23       266      
 5230.71 57      4850     1.79046    1.79541    0.00495622  24       266      
 5333.3  58      4925     1.79063    1.7954     0.00477765  23       271      
 5333.59 58      4950     1.79063    1.7954     0.00477765  23       271      
 5418.7  59      5009     1.79074    1.7954     0.00465819  22       275      
 5461.82 59      5050     1.79074    1.7954     0.00465819  23       277      
 5483.93 60      5100     1.79086    1.79539    0.00453073  22       278      
 5593.2  61      5179     1.79089    1.79539    0.00450812  22       283      
 5593.47 61      5200     1.79089    1.79539    0.00450812  22       283      
 5696.37 62      5265     1.79098    1.79538    0.0044088   22       288      
 5696.74 62      5300     1.79098    1.79538    0.0044088   23       288      
 5787.56 63      5350     1.791      1.79538    0.00437553  23       292      
 5855.33 64      5433     1.79105    1.79538    0.00432876  22       295      
 5855.59 64      5450     1.79105    1.79538    0.00432876  22       295      
 5950.46 65      5519     1.79109    1.79537    0.00428131  25       299      
 5950.87 65      5550     1.79109    1.79537    0.00428131  25       299      
 6043.35 66      5603     1.79114    1.79536    0.00422655  23       303      
 6165.92 67      5687     1.79118    1.79536    0.00418105  23       308      
 6166.17 67      5700     1.79118    1.79536    0.00418105  23       308      
 6290.94 68      5773     1.7912     1.79536    0.00415868  23       313      
 6291.25 68      5800     1.7912     1.79536    0.00415868  24       313      
 6439.41 69      5859     1.79135    1.79535    0.00399997  20       319      
 6566.92 69      5900     1.79135    1.79535    0.00399997  20       324      
 6567.7  70      5950     1.79147    1.79534    0.00387453  23       324      
 6698.07 71      6029     1.7916     1.79534    0.00374108  20       329      
 6698.36 71      6050     1.7916     1.79534    0.00374108  20       329      
 6852.93 72      6115     1.79169    1.79533    0.00364179  20       335      
 6853.32 72      6150     1.79169    1.79533    0.00364179  20       335      
 6964.37 73      6200     1.79175    1.79533    0.00357591  21       339      
 7132.11 74      6285     1.79179    1.79532    0.00353233  22       345      
 7132.38 74      6300     1.79179    1.79532    0.00353233  22       345      
 7252.21 75      6371     1.79183    1.79532    0.00348738  22       350      
 7252.58 75      6400     1.79183    1.79532    0.00348738  22       350      
 7398.26 76      6457     1.79186    1.79531    0.00345098  23       355      
 7543.3  77      6541     1.79188    1.79531    0.00342925  23       360      
 7543.54 77      6550     1.79188    1.79531    0.00342925  23       360      
 7636.93 78      6625     1.79192    1.79531    0.00338644  25       363      
 7637.3  78      6650     1.79192    1.79531    0.00338644  25       363      
 7815.61 79      6711     1.79199    1.7953     0.00331894  24       369      
 7908.39 79      6750     1.79199    1.7953     0.00331894  24       372      
 7966.56 80      6800     1.79202    1.7953     0.00328065  24       374      
 8086.83 81      6879     1.79206    1.7953     0.00324537  22       378      
 8087.15 81      6900     1.79206    1.7953     0.00324537  23       378      
 8270.43 82      6965     1.79209    1.7953     0.00320975  22       384      
 8270.86 82      7000     1.79209    1.7953     0.00320975  23       384      
 8392.72 83      7050     1.79211    1.7953     0.0031896   22       388      
 8514.9  84      7133     1.79213    1.79529    0.00316711  24       392      
 8515.19 84      7150     1.79213    1.79529    0.00316711  23       392      
 8674.99 85      7219     1.79218    1.79529    0.00311479  23       397      
 8675.43 85      7250     1.79218    1.79529    0.00311479  23       397      
 8783.5  86      7303     1.79221    1.79529    0.00308166  25       401      
 8911.07 87      7387     1.79223    1.79529    0.00305677  25       405      
 8911.39 87      7400     1.79223    1.79529    0.00305677  25       405      
 9066.12 88      7473     1.79227    1.79529    0.0030158   22       410      
 9066.48 88      7500     1.79227    1.79529    0.0030158   22       410      
 9158.39 89      7557     1.79229    1.79529    0.00299771  26       413      
 9348.49 90      7600     1.79229    1.79529    0.00299771  24       419      
 9349.25 90      7650     1.7923     1.79529    0.00298125  24       419      
 9505.22 91      7729     1.79232    1.79528    0.0029628   24       424      
 9505.55 91      7750     1.79232    1.79528    0.0029628   24       424      
 9652.84 92      7815     1.79233    1.79528    0.00295001  28       429      
 9653.25 92      7850     1.79233    1.79528    0.00295001  28       429      
 9741.26 93      7900     1.79234    1.79528    0.00293613  26       432      
 9878.18 94      7985     1.79243    1.79528    0.00284601  25       437      
 9878.5  94      8000     1.79243    1.79528    0.00284601  25       437      
 9964.28 95      8069     1.79249    1.79528    0.00278907  25       440      
 9964.68 95      8100     1.79249    1.79528    0.00278907  25       440      
 10122.5 96      8155     1.79252    1.79527    0.00275595  25       446      
-------------------------------------------------------------------------------

SARSOP finishing ...
  Preset timeout reached
  Timeout     : 10000.000000s
  Actual Time : 10122.520000s

-------------------------------------------------------------------------------
 Time   |#Trial |#Backup |LBound    |UBound    |Precision  |#Alphas |#Beliefs  
-------------------------------------------------------------------------------
 10122.5 96      8155     1.79252    1.79527    0.00275595  25       446      
-------------------------------------------------------------------------------

Writing out policy ...
  output file : ram_pomdp_soln/3e11dbae8f7.policyx

