
Loading the model ...
  input file   : /home/rstudio/projects/pomdp-ram/notebook/ram_pomdp_soln/3e14ef6d14d.pomdpx
  loading time : 7.86s 

SARSOP initializing ...
  initialization time : 939.91s

-------------------------------------------------------------------------------
 Time   |#Trial |#Backup |LBound    |UBound    |Precision  |#Alphas |#Beliefs  
-------------------------------------------------------------------------------
 939.91  0       0        1.59459    2.2416     0.64701     120      1        
 944.23  1       77       1.72326    1.84078    0.117517    40       17       
 944.37  1       100      1.72326    1.84078    0.117517    54       17       
 945.99  2       163      1.73526    1.84073    0.105471    36       20       
 946.15  2       200      1.73526    1.84073    0.105471    47       20       
 948.3   3       251      1.747      1.8406     0.0936011   37       23       
 951.34  4       339      1.75651    1.8406     0.0840859   14       26       
 951.38  4       350      1.75651    1.8406     0.0840859   15       26       
 953.34  5       427      1.76442    1.8405     0.076079    11       28       
 953.42  5       450      1.76442    1.8405     0.076079    14       28       
 955.48  6       515      1.77093    1.84049    0.0695545   10       30       
 955.59  6       550      1.77093    1.84049    0.0695545   9        30       
 957.84  7       603      1.77683    1.84039    0.0635605   10       32       
 958.89  8       691      1.78155    1.84039    0.0588467   10       33       
 958.93  8       700      1.78155    1.84039    0.0588467   10       33       
 960.97  9       779      1.78357    1.84038    0.0568147   11       34       
 961.06  9       800      1.78357    1.84038    0.0568147   11       34       
 965.96  10      867      1.78674    1.84038    0.0536407   11       37       
 966.08  10      900      1.78674    1.84038    0.0536407   11       37       
 969.21  11      955      1.79039    1.84033    0.0499393   10       39       
 970.59  12      1043     1.79353    1.84033    0.0467982   13       40       
 970.62  12      1050     1.79353    1.84033    0.0467982   11       40       
 974.2   13      1131     1.79568    1.84031    0.0446318   12       42       
 974.27  13      1150     1.79568    1.84031    0.0446318   14       42       
 979.41  14      1219     1.797      1.8403     0.0432968   13       44       
 979.53  14      1250     1.797      1.8403     0.0432968   12       44       
 981.11  15      1307     1.79877    1.84029    0.0415216   14       45       
 986.66  15      1350     1.79877    1.84029    0.0415216   16       47       
 989.91  16      1400     1.80004    1.84029    0.0402528   14       48       
 991.99  17      1485     1.80164    1.84029    0.0386472   15       49       
 992.07  17      1500     1.80164    1.84029    0.0386472   15       49       
 994.07  18      1573     1.80287    1.84028    0.0374085   13       50       
 994.19  18      1600     1.80287    1.84028    0.0374085   12       50       
 996.14  19      1661     1.80435    1.84028    0.0359312   11       51       
 996.3   19      1700     1.80435    1.84028    0.0359312   12       51       
 1007.15 20      1751     1.80556    1.84027    0.0347098   13       54       
 1011.52 21      1841     1.80726    1.84027    0.0330119   9        56       
 1011.57 21      1850     1.80726    1.84027    0.0330119   11       56       
 1015.76 22      1929     1.80827    1.84027    0.0319995   13       57       
 1015.86 22      1950     1.80827    1.84027    0.0319995   13       57       
 1018.42 23      2017     1.80899    1.84027    0.0312757   13       58       
 1018.58 23      2050     1.80899    1.84027    0.0312757   13       58       
 1022.82 24      2105     1.80964    1.84027    0.0306312   13       59       
 1029.63 25      2150     1.80964    1.84027    0.0306312   15       61       
 1029.94 25      2200     1.81093    1.84026    0.0293297   10       61       
 1034.68 26      2283     1.81158    1.84025    0.0286628   15       62       
 1034.77 26      2300     1.81158    1.84025    0.0286628   14       62       
 1039.56 27      2371     1.81184    1.84021    0.0283708   13       64       
 1039.69 27      2400     1.81184    1.84021    0.0283708   16       64       
 1042.48 28      2459     1.81253    1.84021    0.0276822   12       65       
 1042.64 28      2500     1.81253    1.84021    0.0276822   15       65       
 1047.54 29      2550     1.81298    1.84021    0.0272331   14       66       
 1050.54 30      2635     1.81331    1.84021    0.026898    13       67       
 1050.62 30      2650     1.81331    1.84021    0.026898    15       67       
 1060.79 31      2723     1.81369    1.84019    0.0264968   14       69       
 1060.92 31      2750     1.81369    1.84019    0.0264968   15       69       
 1069.25 32      2813     1.81466    1.84019    0.0255246   13       71       
 1069.41 32      2850     1.81466    1.84019    0.0255246   13       71       
 1080.73 33      2901     1.81508    1.84017    0.0250849   16       73       
 1086.76 34      2989     1.81559    1.84017    0.0245761   17       74       
 1086.84 34      3000     1.81559    1.84017    0.0245761   17       74       
 1093.16 35      3079     1.81617    1.84016    0.0239869   16       76       
 1093.28 35      3100     1.81617    1.84016    0.0239869   15       76       
 1111.43 36      3169     1.81657    1.84014    0.0235752   17       79       
 1111.6  36      3200     1.81657    1.84014    0.0235752   16       79       
 1118.16 37      3257     1.81686    1.84014    0.0232877   17       80       
 1124.29 37      3300     1.81686    1.84014    0.0232877   18       81       
 1124.69 38      3350     1.817      1.84014    0.0231383   20       81       
 1137.85 39      3435     1.81722    1.84014    0.0229214   20       84       
 1137.95 39      3450     1.81722    1.84014    0.0229214   20       84       
 1150.88 40      3523     1.8177     1.84014    0.0224377   17       86       
 1151.02 40      3550     1.8177     1.84014    0.0224377   16       86       
 1154.86 41      3611     1.81798    1.84014    0.022152    15       87       
 1155.05 41      3650     1.81798    1.84014    0.022152    15       87       
 1155.37 42      3700     1.81816    1.84013    0.0219682   15       87       
 1173.27 43      3789     1.81856    1.84012    0.0215623   15       90       
 1173.36 43      3800     1.81856    1.84012    0.0215623   15       90       
 1180.9  44      3877     1.81913    1.84011    0.0209779   17       91       
 1181.04 44      3900     1.81913    1.84011    0.0209779   16       91       
 1192.51 45      3965     1.81933    1.84011    0.0207803   16       93       
 1192.69 45      4000     1.81933    1.84011    0.0207803   16       93       
 1200.89 46      4053     1.81964    1.8401     0.0204518   12       94       
 1227.42 47      4143     1.81981    1.84009    0.0202801   16       97       
 1227.5  47      4150     1.81981    1.84009    0.0202801   16       97       
 1240.16 48      4233     1.82029    1.84009    0.019799    15       99       
 1240.28 48      4250     1.82029    1.84009    0.019799    18       99       
 1249.34 49      4321     1.8205     1.84009    0.0195871   20       100      
 1249.51 49      4350     1.8205     1.84009    0.0195871   20       100      
 1249.91 50      4409     1.82067    1.84008    0.0194119   17       100      
 1250.15 50      4450     1.82067    1.84008    0.0194119   19       100      
 1259.73 51      4500     1.82084    1.84008    0.0192374   17       101      
 1270.19 52      4585     1.82093    1.84007    0.0191415   19       102      
 1270.31 52      4600     1.82093    1.84007    0.0191415   19       102      
 1270.79 53      4673     1.82107    1.84007    0.0190023   18       102      
 1270.95 53      4700     1.82107    1.84007    0.0190023   18       102      
 1284.2  54      4763     1.82121    1.84006    0.0188499   19       104      
 1284.42 54      4800     1.82121    1.84006    0.0188499   20       104      
 1303.71 55      4851     1.82127    1.84005    0.018786    19       106      
 1324.12 56      4939     1.82139    1.84005    0.0186585   18       108      
 1324.23 56      4950     1.82139    1.84005    0.0186585   19       108      
 1345.1  57      5029     1.82142    1.84005    0.0186267   25       110      
 1345.26 57      5050     1.82142    1.84005    0.0186267   25       110      
 1361.7  58      5117     1.82145    1.84005    0.0185914   26       112      
 1361.93 58      5150     1.82145    1.84005    0.0185914   26       112      
 1367.27 59      5207     1.82162    1.84004    0.0184205   22       113      
 1399.35 59      5250     1.82162    1.84004    0.0184205   22       116      
 1399.86 60      5300     1.82175    1.84003    0.0182828   24       116      
 1416.51 61      5385     1.82195    1.84003    0.0180782   19       118      
 1416.63 61      5400     1.82195    1.84003    0.0180782   19       118      
 1428.46 62      5473     1.82223    1.84003    0.0177961   19       119      
 1428.64 62      5500     1.82223    1.84003    0.0177961   19       119      
 1446.14 63      5563     1.82257    1.84003    0.0174593   17       121      
 1446.35 63      5600     1.82257    1.84003    0.0174593   17       121      
 1446.79 64      5651     1.82284    1.84003    0.0171837   20       121      
 1452.08 65      5739     1.82306    1.84003    0.0169676   22       122      
 1452.2  65      5750     1.82306    1.84003    0.0169676   22       122      
 1467.3  66      5827     1.82316    1.84001    0.0168538   22       123      
 1467.48 66      5850     1.82316    1.84001    0.0168538   22       123      
 1482.21 67      5915     1.82324    1.84001    0.0167712   24       124      
 1482.45 67      5950     1.82324    1.84001    0.0167712   24       124      
 1482.9  68      6003     1.82334    1.84001    0.0166711   22       124      
 1503.08 69      6093     1.8235     1.84001    0.0165082   21       126      
 1503.17 69      6100     1.8235     1.84001    0.0165082   21       126      
 1518.09 70      6181     1.82358    1.84001    0.0164277   23       127      
 1518.24 70      6200     1.82358    1.84001    0.0164277   23       127      
 1538.13 71      6271     1.82373    1.84       0.0162732   21       129      
 1538.33 71      6300     1.82373    1.84       0.0162732   21       129      
 1558.04 72      6359     1.82398    1.84       0.0160154   21       131      
 1558.29 72      6400     1.82398    1.84       0.0160154   20       131      
 1573.23 73      6450     1.82412    1.84       0.0158783   17       132      
 1597.5  74      6537     1.8243     1.84       0.0156953   17       134      
 1597.63 74      6550     1.8243     1.84       0.0156953   17       134      
 1604.37 75      6625     1.82444    1.83999    0.0155478   16       135      
 1604.55 75      6650     1.82444    1.83999    0.0155478   18       135      
 1620.25 76      6713     1.82452    1.83999    0.0154647   18       136      
 1620.47 76      6750     1.82452    1.83999    0.0154647   18       136      
 1634.38 77      6801     1.82459    1.83999    0.0153991   21       137      
 1669.84 78      6889     1.82461    1.83998    0.0153694   22       139      
 1669.97 78      6900     1.82461    1.83998    0.0153694   22       139      
 1689.32 79      6977     1.82465    1.83997    0.015318    22       140      
 1689.51 79      7000     1.82465    1.83997    0.015318    22       140      
 1696.51 80      7065     1.82468    1.83996    0.0152765   23       141      
 1696.76 80      7100     1.82468    1.83996    0.0152765   23       141      
 1713.79 81      7153     1.82472    1.83996    0.0152319   21       142      
 1746.12 82      7243     1.82477    1.83995    0.0151824   22       144      
 1746.22 82      7250     1.82477    1.83995    0.0151824   22       144      
 1769.49 83      7333     1.8248     1.83994    0.0151406   27       146      
 1769.66 83      7350     1.8248     1.83994    0.0151406   27       146      
 1788.5  84      7421     1.82482    1.83994    0.0151227   29       147      
 1788.74 84      7450     1.82482    1.83994    0.0151227   29       147      
 1812.01 85      7511     1.825      1.83994    0.0149351   18       149      
 1812.3  85      7550     1.825      1.83994    0.0149351   19       149      
 1833.78 86      7600     1.82512    1.83993    0.0148173   17       150      
 1834.43 87      7687     1.8252     1.83993    0.0147346   19       150      
 1834.58 87      7700     1.8252     1.83993    0.0147346   19       150      
 1853.3  88      7775     1.82528    1.83993    0.0146485   18       151      
 1853.5  88      7800     1.82528    1.83993    0.0146485   18       151      
 1875.56 89      7863     1.82533    1.83993    0.0145992   22       153      
 1875.82 89      7900     1.82533    1.83993    0.0145992   22       153      
 1883.28 90      7953     1.82542    1.83993    0.0145043   21       154      
 1903.71 91      8041     1.82547    1.83992    0.0144481   25       155      
 1903.84 91      8050     1.82547    1.83992    0.0144481   25       155      
 1922.43 92      8129     1.82552    1.83991    0.0143936   25       156      
 1922.63 92      8150     1.82552    1.83991    0.0143936   25       156      
 1927.99 93      8217     1.82554    1.83991    0.014371    25       157      
 1928.25 93      8250     1.82554    1.83991    0.014371    25       157      
 1928.71 94      8305     1.8256     1.8399     0.0142963   24       157      
 1929.33 95      8393     1.82563    1.83989    0.0142676   26       157      
 1929.45 95      8400     1.82563    1.83989    0.0142676   26       157      
 1952.03 96      8481     1.82563    1.83989    0.0142583   25       158      
 1952.21 96      8500     1.82563    1.83989    0.0142583   25       158      
 2003.99 97      8569     1.82565    1.83989    0.0142432   29       160      
 2004.26 97      8600     1.82565    1.83989    0.0142432   29       160      
 2011.92 98      8657     1.82567    1.83989    0.0142204   29       161      
 2027.78 98      8700     1.82567    1.83989    0.0142204   29       162      
 2028.33 99      8750     1.82568    1.83989    0.0142095   30       162      
 2048.28 100     8833     1.82569    1.83989    0.0141931   32       163      
 2048.49 100     8850     1.82569    1.83989    0.0141931   32       163      
 2069.59 101     8921     1.82571    1.83988    0.0141759   32       164      
 2069.88 101     8950     1.82571    1.83988    0.0141759   32       164      
 2087.84 102     9011     1.8258     1.83988    0.0140848   27       165      
 2088.13 102     9050     1.8258     1.83988    0.0140848   27       165      
 2126.87 103     9100     1.82589    1.83988    0.0139956   25       167      
 2151.61 104     9189     1.82597    1.83988    0.0139085   23       169      
 2151.75 104     9200     1.82597    1.83988    0.0139085   23       169      
 2159.06 105     9277     1.82603    1.83988    0.0138469   22       170      
 2159.26 105     9300     1.82603    1.83988    0.0138469   22       170      
 2164.47 106     9365     1.82608    1.83988    0.0137988   21       171      
 2164.72 106     9400     1.82608    1.83988    0.0137988   21       171      
 2184.5  107     9453     1.82614    1.83988    0.0137381   20       172      
 2193.27 108     9541     1.82616    1.83987    0.0137162   22       173      
 2193.41 108     9550     1.82616    1.83987    0.0137162   22       173      
 2218.27 109     9629     1.8262     1.83987    0.0136732   25       174      
 2218.46 109     9650     1.8262     1.83987    0.0136732   26       174      
 2226.92 110     9717     1.82628    1.83987    0.0135889   23       175      
 2227.18 110     9750     1.82628    1.83987    0.0135889   24       175      
 2248.86 111     9805     1.8263     1.83987    0.0135676   27       176      
 2274.96 112     9893     1.82634    1.83987    0.0135224   25       178      
 2275.09 112     9900     1.82634    1.83987    0.0135224   25       178      
 2297.54 113     9981     1.82638    1.83986    0.0134836   25       179      
 2297.79 113     10000    1.82638    1.83986    0.0134836   25       179      
 2298.38 114     10069    1.8264     1.83986    0.0134618   27       179      
 2298.66 114     10100    1.8264     1.83986    0.0134618   27       179      
 2322.47 115     10157    1.82642    1.83986    0.0134431   29       180      
 2330.73 115     10200    1.82642    1.83986    0.0134431   29       181      
 2331.32 116     10250    1.82643    1.83986    0.0134289   29       181      
 2351.62 117     10333    1.82644    1.83986    0.013422    32       182      
 2351.81 117     10350    1.82644    1.83986    0.013422    32       182      
 2372.55 118     10421    1.82644    1.83984    0.0133983   31       183      
 2372.87 118     10450    1.82644    1.83984    0.0133983   31       183      
 2413.09 119     10511    1.82646    1.83984    0.0133792   36       185      
 2413.42 119     10550    1.82646    1.83984    0.0133792   36       185      
 2441.73 120     10601    1.82653    1.83983    0.0133058   31       187      
 2460.99 121     10689    1.82659    1.83983    0.0132422   32       188      
 2461.15 121     10700    1.82659    1.83983    0.0132422   32       188      
 2469.79 122     10777    1.82664    1.83983    0.0131915   28       189      
 2470.02 122     10800    1.82664    1.83983    0.0131915   28       189      
 2478.85 123     10865    1.82671    1.83983    0.0131228   28       190      
 2479.12 123     10900    1.82671    1.83983    0.0131228   28       190      
 2516.32 124     10953    1.82673    1.83983    0.013093    27       192      
 2536.18 125     11043    1.8268     1.83983    0.0130263   22       193      
 2536.3  125     11050    1.8268     1.83983    0.0130263   22       193      
 2557.81 126     11131    1.82683    1.83982    0.0129978   23       194      
 2557.98 126     11150    1.82683    1.83982    0.0129978   23       194      
 2558.5  127     11219    1.82688    1.83982    0.012948    24       194      
 2558.74 127     11250    1.82688    1.83982    0.012948    24       194      
 2577.84 128     11307    1.8269     1.83981    0.0129179   24       195      
 2620.15 128     11350    1.8269     1.83981    0.0129179   25       197      
 2633    129     11400    1.82692    1.83981    0.0128898   24       198      
 2667.3  130     11485    1.82695    1.83981    0.0128645   27       199      
 2667.48 130     11500    1.82695    1.83981    0.0128645   27       199      
 2704.63 131     11575    1.82697    1.83981    0.0128393   28       201      
 2704.85 131     11600    1.82697    1.83981    0.0128393   28       201      
 2705.39 132     11663    1.82698    1.83981    0.0128237   31       201      
 2705.69 132     11700    1.82698    1.83981    0.0128237   31       201      
 2714.82 133     11751    1.82699    1.83981    0.0128138   32       202      
 2748.22 134     11841    1.82706    1.83981    0.012749    31       204      
 2748.38 134     11850    1.82706    1.83981    0.012749    31       204      
 2771.58 135     11929    1.82711    1.8398     0.0126943   26       205      
 2771.8  135     11950    1.82711    1.8398     0.0126943   26       205      
 2782.03 136     12017    1.82715    1.8398     0.0126567   24       206      
 2782.32 136     12050    1.82715    1.8398     0.0126567   24       206      
 2782.82 137     12105    1.82717    1.8398     0.0126284   22       206      
 2847.4  138     12150    1.82717    1.8398     0.0126284   22       209      
 2847.9  138     12200    1.82722    1.8398     0.0125828   22       209      
 2857.6  139     12283    1.82725    1.83979    0.012543    20       210      
 2857.8  139     12300    1.82725    1.83979    0.012543    20       210      
 2883.81 140     12371    1.8273     1.83979    0.0124899   22       211      
 2884.04 140     12400    1.8273     1.83979    0.0124899   22       211      
 2915.46 141     12459    1.82733    1.83979    0.0124622   22       213      
 2915.79 141     12500    1.82733    1.83979    0.0124622   22       213      
 2974.86 142     12550    1.82736    1.83979    0.0124254   28       215      
 3006.44 143     12637    1.82737    1.83978    0.0124084   28       217      
 3006.63 143     12650    1.82737    1.83978    0.0124084   28       217      
 3088.95 144     12725    1.82739    1.83978    0.0123949   29       220      
 3089.22 144     12750    1.82739    1.83978    0.0123949   29       220      
 3124.65 145     12815    1.8274     1.83978    0.0123747   28       222      
 3124.94 145     12850    1.8274     1.83978    0.0123747   28       222      
 3146.95 146     12903    1.82742    1.83978    0.0123575   29       223      
 3180.74 147     12993    1.82743    1.83977    0.0123427   29       225      
 3180.89 147     13000    1.82743    1.83977    0.0123427   29       225      
 3181.74 148     13081    1.82744    1.83977    0.0123314   27       225      
 3181.99 148     13100    1.82744    1.83977    0.0123314   27       225      
 3225.31 149     13169    1.82746    1.83977    0.0123137   29       226      
 3225.66 149     13200    1.82746    1.83977    0.0123137   29       226      
 3226.31 150     13257    1.82747    1.83977    0.012302    29       226      
 3276.29 150     13300    1.82747    1.83977    0.012302    29       228      
 3277.09 151     13350    1.82747    1.83977    0.012297    32       228      
 3305.52 152     13433    1.82748    1.83977    0.0122915   31       229      
 3305.74 152     13450    1.82748    1.83977    0.0122915   31       229      
 3364.73 153     13523    1.82749    1.83977    0.0122766   33       232      
 3365.02 153     13550    1.82749    1.83977    0.0122766   33       232      
 3396.84 154     13611    1.82751    1.83976    0.0122493   32       233      
 3397.23 154     13650    1.82751    1.83976    0.0122493   32       233      
 3435.69 155     13701    1.82755    1.83976    0.0122088   29       234      
 3471.12 156     13789    1.82759    1.83976    0.012168    26       235      
 3471.3  156     13800    1.82759    1.83976    0.012168    26       235      
 3513.36 157     13877    1.82762    1.83976    0.012133    25       237      
 3513.6  157     13900    1.82762    1.83976    0.012133    25       237      
 3553.45 158     13965    1.82764    1.83975    0.0121135   26       238      
 3553.79 158     14000    1.82764    1.83975    0.0121135   26       238      
 3554.4  159     14053    1.82768    1.83975    0.0120727   25       238      
 3638.24 160     14141    1.82769    1.83974    0.0120529   27       240      
 3638.42 160     14150    1.82769    1.83974    0.0120529   27       240      
 3664.24 161     14231    1.82771    1.83974    0.0120325   26       242      
 3664.47 161     14250    1.82771    1.83974    0.0120325   26       242      
 3676.43 162     14319    1.82773    1.83974    0.0120121   26       243      
 3676.74 162     14350    1.82773    1.83974    0.0120121   26       243      
 3715.05 163     14407    1.82775    1.83974    0.0119941   25       244      
 3748.12 163     14450    1.82775    1.83974    0.0119941   25       245      
 3748.94 164     14500    1.82776    1.83974    0.0119783   28       245      
 3785.31 165     14585    1.8278     1.83974    0.0119373   26       246      
 3785.51 165     14600    1.8278     1.83974    0.0119373   26       246      
 3816.1  166     14673    1.82784    1.83974    0.0119012   25       247      
 3816.37 166     14700    1.82784    1.83974    0.0119012   25       247      
 3861.59 167     14763    1.82786    1.83974    0.0118771   26       249      
 3861.94 167     14800    1.82786    1.83974    0.0118771   26       249      
 3910.6  168     14851    1.82789    1.83974    0.011847    27       251      
 3944.54 169     14939    1.82791    1.83974    0.0118261   25       252      
 3944.72 169     14950    1.82791    1.83974    0.0118261   25       252      
 3945.4  170     15027    1.82793    1.83974    0.0118103   25       252      
 3945.66 170     15050    1.82793    1.83974    0.0118103   25       252      
 3946.27 171     15115    1.82794    1.83973    0.011791    26       252      
 3946.61 171     15150    1.82794    1.83973    0.011791    26       252      
 3971.15 172     15205    1.82796    1.83973    0.011776    30       254      
 4004.14 173     15293    1.82797    1.83973    0.0117595   28       255      
 4004.3  173     15300    1.82797    1.83973    0.0117595   28       255      
 4029.85 174     15383    1.82799    1.83973    0.0117391   29       257      
 4030.09 174     15400    1.82799    1.83973    0.0117391   29       257      
 4112.82 175     15471    1.82801    1.83973    0.011719    26       259      
 4113.18 175     15500    1.82801    1.83973    0.011719    26       259      
 4113.9  176     15559    1.82803    1.83973    0.0116974   26       259      
 4114.32 176     15600    1.82803    1.83973    0.0116974   26       259      
 4178.05 177     15650    1.82805    1.83973    0.0116757   29       260      
 4178.95 178     15737    1.82808    1.83972    0.0116439   28       260      
 4179.15 178     15750    1.82808    1.83972    0.0116439   28       260      
 4321.82 179     15827    1.82811    1.83972    0.0116117   30       263      
 4322.15 179     15850    1.82811    1.83972    0.0116117   30       263      
 4338.3  180     15915    1.82815    1.83972    0.0115678   28       264      
 4338.66 180     15950    1.82815    1.83972    0.0115678   28       264      
 4381.85 181     16003    1.82819    1.83972    0.0115342   30       265      
 4382.74 182     16091    1.8282     1.83972    0.0115185   31       265      
 4382.94 182     16100    1.8282     1.83972    0.0115185   31       265      
 4401.8  183     16179    1.82821    1.83972    0.0115056   30       266      
 4402.07 183     16200    1.82821    1.83972    0.0115056   30       266      
 4465.18 184     16267    1.82823    1.83971    0.0114872   29       267      
 4465.51 184     16300    1.82823    1.83971    0.0114872   29       267      
 4550.46 185     16357    1.82823    1.83971    0.011481    32       269      
 4619.32 185     16400    1.82823    1.83971    0.011481    32       270      
 4620.23 186     16450    1.82824    1.83971    0.0114745   35       270      
 4653.31 187     16535    1.82826    1.83971    0.0114544   35       272      
 4653.57 187     16550    1.82826    1.83971    0.0114544   35       272      
 4832.38 188     16625    1.82828    1.83971    0.0114258   34       275      
 4832.71 188     16650    1.82828    1.83971    0.0114258   34       275      
 4849.98 189     16713    1.8283     1.83971    0.0114119   33       276      
 4850.39 189     16750    1.8283     1.83971    0.0114119   33       276      
 4908.74 190     16801    1.8283     1.83971    0.0114027   35       277      
 4945.72 191     16889    1.82832    1.83971    0.0113855   36       278      
 4945.95 191     16900    1.82832    1.83971    0.0113855   36       278      
 5109.6  192     16977    1.82833    1.83971    0.011376    37       281      
 5109.94 192     17000    1.82833    1.83971    0.011376    37       281      
 5110.76 193     17065    1.82834    1.83971    0.0113701   36       281      
 5111.2  193     17100    1.82834    1.83971    0.0113701   36       281      
 5178.3  194     17153    1.82834    1.8397     0.0113563   39       282      
 5195.62 195     17241    1.82835    1.8397     0.011349    37       283      
 5195.85 195     17250    1.82835    1.8397     0.011349    37       283      
 5269.25 196     17329    1.82835    1.83969    0.0113416   38       284      
 5269.58 196     17350    1.82835    1.83969    0.0113416   38       284      
 5286.41 197     17417    1.82835    1.83969    0.0113387   45       285      
 5286.86 197     17450    1.82835    1.83969    0.0113387   45       285      
 5287.62 198     17505    1.82836    1.83969    0.0113357   43       285      
 5288.64 199     17593    1.82836    1.83969    0.0113311   46       285      
 5288.87 199     17600    1.82836    1.83969    0.0113311   46       285      
 5289.86 200     17681    1.82836    1.83969    0.0113278   47       285      
 5290.19 200     17700    1.82836    1.83969    0.0113278   47       285      
 5373.14 201     17769    1.82836    1.83969    0.0113266   48       286      
 5373.59 201     17800    1.82836    1.83969    0.0113266   48       286      
 5463.79 202     17859    1.82837    1.83969    0.011323    46       287      
 5464.37 202     17900    1.82837    1.83969    0.011323    46       287      
 5726.68 203     17950    1.82837    1.83969    0.0113205   47       290      
 5746.95 204     18037    1.82837    1.83969    0.011316    46       291      
 5747.23 204     18050    1.82837    1.83969    0.011316    46       291      
 5830.78 205     18125    1.82838    1.83969    0.0113113   44       292      
 5831.16 205     18150    1.82838    1.83969    0.0113113   44       292      
 5910.33 206     18213    1.82838    1.83968    0.0112998   44       293      
 5910.81 206     18250    1.82838    1.83968    0.0112998   44       293      
 6056.09 207     18303    1.82838    1.83968    0.0112972   46       296      
 6102.39 208     18391    1.82839    1.83968    0.0112919   45       297      
 6102.65 208     18400    1.82839    1.83968    0.0112919   45       297      
 6112.22 209     18479    1.82839    1.83967    0.0112824   47       298      
 6112.53 209     18500    1.82839    1.83967    0.0112824   47       298      
 6125.82 210     18567    1.82839    1.83967    0.0112809   49       299      
 6126.25 210     18600    1.82839    1.83967    0.0112809   49       299      
 6179.18 211     18657    1.82841    1.83967    0.0112604   41       300      
 6179.66 211     18700    1.82841    1.83967    0.0112604   38       300      
 6180.29 212     18750    1.82843    1.83967    0.0112437   36       300      
 6181.22 213     18833    1.82845    1.83967    0.0112261   32       300      
 6181.48 213     18850    1.82845    1.83967    0.0112261   32       300      
 6182.29 214     18921    1.82846    1.83967    0.0112072   33       300      
 6182.64 214     18950    1.82846    1.83967    0.0112072   33       300      
 6183.34 215     19009    1.82847    1.83967    0.0111967   36       300      
 6183.79 215     19050    1.82847    1.83967    0.0111967   36       300      
 6230.75 216     19100    1.82849    1.83967    0.0111832   33       301      
 6240.63 217     19185    1.82849    1.83967    0.0111736   29       302      
 6240.85 217     19200    1.82849    1.83967    0.0111736   29       302      
 6241.54 218     19273    1.8285     1.83967    0.0111653   30       302      
 6241.9  218     19300    1.8285     1.83967    0.0111653   30       302      
 6273.54 219     19361    1.82851    1.83967    0.0111589   35       303      
 6273.93 219     19400    1.82851    1.83967    0.0111589   35       303      
 6274.64 220     19450    1.82851    1.83967    0.011154    35       303      
 6275.57 221     19537    1.82852    1.83967    0.0111463   38       303      
 6275.82 221     19550    1.82852    1.83967    0.0111463   38       303      
 6285.98 222     19625    1.82853    1.83967    0.0111401   38       304      
 6286.3  222     19650    1.82853    1.83967    0.0111401   38       304      
 6324.41 223     19713    1.82854    1.83967    0.0111289   33       306      
 6324.82 223     19750    1.82854    1.83967    0.0111289   33       306      
 6325.39 224     19801    1.82855    1.83966    0.0111089   30       306      
 6367.51 225     19889    1.82856    1.83965    0.0110971   30       308      
 6367.7  225     19900    1.82856    1.83965    0.0110971   30       308      
 6375.5  226     19977    1.82856    1.83965    0.0110882   29       309      
 6375.8  226     20000    1.82856    1.83965    0.0110882   29       309      
 6376.5  227     20065    1.82857    1.83965    0.0110805   27       309      
 6376.86 227     20100    1.82857    1.83965    0.0110805   27       309      
 6420.56 228     20153    1.82858    1.83965    0.0110759   30       311      
 6421.35 229     20241    1.82858    1.83965    0.0110697   31       311      
 6421.53 229     20250    1.82858    1.83965    0.0110697   31       311      
 6437.19 230     20331    1.82859    1.83965    0.0110567   35       313      
 6437.45 230     20350    1.82859    1.83965    0.0110567   35       313      
 6478.5  231     20419    1.82861    1.83964    0.0110348   33       314      
 6478.84 231     20450    1.82861    1.83964    0.0110348   33       314      
 6479.51 232     20507    1.82862    1.83964    0.011015    33       314      
 6488.27 232     20550    1.82862    1.83964    0.011015    34       315      
 6489.15 233     20600    1.82863    1.83964    0.0110072   35       315      
 6544.53 234     20683    1.82864    1.83964    0.0110007   38       317      
 6544.77 234     20700    1.82864    1.83964    0.0110007   39       317      
 6576.46 235     20773    1.82865    1.83964    0.0109866   35       318      
 6576.77 235     20800    1.82865    1.83964    0.0109866   35       318      
 6577.42 236     20861    1.82866    1.83964    0.010974    33       318      
 6577.8  236     20900    1.82866    1.83964    0.010974    33       318      
 6586.14 237     20950    1.82868    1.83963    0.0109578   28       319      
 6595.36 238     21037    1.82869    1.83963    0.0109434   29       320      
 6595.57 238     21050    1.82869    1.83963    0.0109434   29       320      
 6596.33 239     21125    1.82869    1.83963    0.0109341   31       320      
 6596.63 239     21150    1.82869    1.83963    0.0109341   31       320      
 6605.07 240     21213    1.8287     1.83963    0.0109245   34       321      
 6605.44 240     21250    1.8287     1.83963    0.0109245   34       321      
 6606.05 241     21301    1.82871    1.83963    0.0109166   33       321      
 6614.88 242     21391    1.82872    1.83963    0.0109056   33       322      
 6615.06 242     21400    1.82872    1.83963    0.0109056   33       322      
 6624.32 243     21479    1.82873    1.83962    0.0108891   31       323      
 6624.59 243     21500    1.82873    1.83962    0.0108891   31       323      
 6662.99 244     21567    1.82875    1.83961    0.0108643   30       324      
 6663.35 244     21600    1.82875    1.83961    0.0108643   30       324      
 6698.82 245     21655    1.82876    1.83961    0.0108503   30       325      
 6699.64 246     21743    1.82877    1.83961    0.0108384   32       325      
 6699.82 246     21750    1.82877    1.83961    0.0108384   32       325      
 6737.93 247     21831    1.82877    1.8396     0.0108327   33       326      
 6738.19 247     21850    1.82877    1.8396     0.0108327   33       326      
 6746.25 248     21919    1.82878    1.8396     0.0108219   34       327      
 6746.61 248     21950    1.82878    1.8396     0.0108219   34       327      
 6788.33 249     22007    1.82879    1.8396     0.0108155   36       328      
 6819.09 249     22050    1.82879    1.8396     0.0108155   38       329      
 6820.04 250     22100    1.82879    1.8396     0.0108089   39       329      
 6860.17 251     22185    1.8288     1.8396     0.0108039   39       330      
 6860.41 251     22200    1.8288     1.8396     0.0108039   39       330      
 6902.34 252     22275    1.8288     1.8396     0.0107958   37       331      
 6902.66 252     22300    1.8288     1.8396     0.0107958   37       331      
 6911.67 253     22363    1.82881    1.8396     0.0107859   36       332      
 6912.08 253     22400    1.82881    1.8396     0.0107859   36       332      
 6960.96 254     22451    1.82882    1.8396     0.0107761   31       334      
 6961.83 255     22539    1.82883    1.8396     0.0107632   33       334      
 6962.05 255     22550    1.82883    1.8396     0.0107632   33       334      
 6962.86 256     22627    1.82884    1.8396     0.0107596   31       334      
 6963.15 256     22650    1.82884    1.8396     0.0107596   31       334      
 6963.91 257     22715    1.82885    1.8396     0.0107484   32       334      
 6964.29 257     22750    1.82885    1.8396     0.0107484   32       334      
 7012.95 258     22803    1.82886    1.83959    0.0107373   29       336      
 7022.97 259     22891    1.82886    1.83959    0.010733    32       337      
 7023.22 259     22900    1.82886    1.83959    0.010733    32       337      
 7024.06 260     22979    1.82887    1.83959    0.0107256   33       337      
 7024.36 260     23000    1.82887    1.83959    0.0107256   33       337      
 7076.41 261     23067    1.82887    1.83959    0.0107171   34       338      
 7076.8  261     23100    1.82887    1.83959    0.0107171   34       338      
 7123.82 262     23157    1.82888    1.83959    0.0107099   35       339      
 7179.86 262     23200    1.82888    1.83959    0.0107099   36       340      
 7228.83 263     23250    1.82888    1.83959    0.0107074   37       341      
 7229.82 264     23335    1.82889    1.83959    0.0107049   38       341      
 7230.08 264     23350    1.82889    1.83959    0.0107049   38       341      
 7241.58 265     23423    1.82889    1.83959    0.0107037   39       342      
 7241.94 265     23450    1.82889    1.83959    0.0107037   39       342      
 7242.7  266     23511    1.82889    1.83959    0.0107023   39       342      
 7243.15 266     23550    1.82889    1.83959    0.0107023   39       342      
 7302.21 267     23600    1.82889    1.83959    0.0106994   44       343      
 7370.07 268     23687    1.82889    1.83959    0.0106965   43       345      
 7370.32 268     23700    1.82889    1.83959    0.0106965   43       345      
 7440    269     23777    1.8289     1.83959    0.0106879   40       347      
 7440.32 269     23800    1.8289     1.83959    0.0106879   40       347      
 7452.22 270     23865    1.82891    1.83959    0.0106806   39       348      
 7452.65 270     23900    1.82891    1.83959    0.0106806   39       348      
 7565.11 271     23955    1.82891    1.83959    0.0106764   39       350      
 7615.51 272     24043    1.82892    1.83959    0.0106742   42       351      
 7615.71 272     24050    1.82892    1.83959    0.0106742   42       351      
 7675.02 273     24131    1.82893    1.83959    0.0106602   37       353      
 7675.32 273     24150    1.82893    1.83959    0.0106602   37       353      
 7676.15 274     24219    1.82894    1.83959    0.0106502   39       353      
 7676.57 274     24250    1.82894    1.83959    0.0106502   39       353      
 7733.46 275     24307    1.82894    1.83959    0.0106463   38       354      
 7782.27 275     24350    1.82894    1.83959    0.0106463   38       355      
 7783.31 276     24400    1.82895    1.83959    0.0106376   38       355      
 7841.64 277     24483    1.82895    1.83959    0.0106356   41       356      
 7841.93 277     24500    1.82895    1.83959    0.0106356   41       356      
 7906.45 278     24573    1.82896    1.83959    0.0106308   45       359      
 7906.8  278     24600    1.82896    1.83959    0.0106308   45       359      
 7979.2  279     24661    1.82896    1.83959    0.0106267   44       361      
 7979.71 279     24700    1.82896    1.83959    0.0106267   44       361      
 8033.09 280     24750    1.82897    1.83958    0.0106141   43       362      
 8224.56 281     24839    1.82897    1.83958    0.0106118   48       365      
 8224.83 281     24850    1.82897    1.83958    0.0106118   48       365      
 8240.01 282     24927    1.82897    1.83958    0.0106075   47       366      
 8240.4  282     24950    1.82897    1.83958    0.0106075   47       366      
 8241.38 283     25015    1.82897    1.83958    0.010604    47       366      
 8241.88 283     25050    1.82897    1.83958    0.010604    47       366      
 8256.33 284     25103    1.82898    1.83958    0.0106009   47       367      
 8324.51 285     25193    1.82898    1.83958    0.0105995   50       368      
 8324.74 285     25200    1.82898    1.83958    0.0105995   50       368      
 8390.98 286     25279    1.82898    1.83958    0.0105985   50       369      
 8391.35 286     25300    1.82898    1.83958    0.0105985   50       369      
 8517.51 287     25367    1.82898    1.83956    0.010582    51       371      
 8517.99 287     25400    1.82898    1.83956    0.010582    51       371      
 8518.77 288     25455    1.82898    1.83956    0.0105793   54       371      
 8600.23 289     25500    1.82898    1.83956    0.0105793   54       373      
 8601.08 289     25550    1.82898    1.83956    0.0105779   56       373      
 8656.47 290     25633    1.82898    1.83956    0.010577    58       374      
 8656.83 290     25650    1.82898    1.83956    0.010577    58       374      
 8778.41 291     25723    1.82898    1.83956    0.0105762   60       376      
 8778.85 291     25750    1.82898    1.83956    0.0105762   60       376      
 8779.84 292     25811    1.82898    1.83956    0.0105749   61       376      
 8780.4  292     25850    1.82898    1.83956    0.0105749   61       376      
 8796.51 293     25901    1.82899    1.83956    0.0105725   61       377      
 8869.99 294     25991    1.82899    1.83956    0.0105691   60       379      
 8870.26 294     26000    1.82899    1.83956    0.0105691   60       379      
 8930.92 295     26079    1.82899    1.83956    0.0105657   59       380      
 8931.29 295     26100    1.82899    1.83956    0.0105657   59       380      
 8982.76 296     26167    1.82899    1.83955    0.0105604   59       381      
 8983.26 296     26200    1.82899    1.83955    0.0105604   59       381      
 8996.05 297     26255    1.829      1.83955    0.010555    61       382      
 9058.39 298     26343    1.829      1.83955    0.010553    61       383      
 9058.64 298     26350    1.829      1.83955    0.010553    60       383      
 9137.05 299     26433    1.829      1.83955    0.0105489   54       385      
 9137.39 299     26450    1.829      1.83955    0.0105489   54       385      
 9184.08 300     26523    1.82901    1.83955    0.0105377   53       386      
 9184.5  300     26550    1.82901    1.83955    0.0105377   53       386      
 9248.16 301     26611    1.82902    1.83955    0.0105311   49       387      
 9248.72 301     26650    1.82902    1.83955    0.0105311   49       387      
 9249.55 302     26700    1.82903    1.83955    0.0105214   46       387      
 9320.82 303     26785    1.82903    1.83955    0.0105159   47       388      
 9321.12 303     26800    1.82903    1.83955    0.0105159   47       388      
 9394.33 304     26873    1.82904    1.83955    0.0105099   47       389      
 9394.73 304     26900    1.82904    1.83955    0.0105099   47       389      
 9395.58 305     26961    1.82905    1.83955    0.0105016   44       389      
 9396.17 305     27000    1.82905    1.83955    0.0105016   44       389      
 9396.96 306     27050    1.82905    1.83955    0.0104982   44       389      
 9478.95 307     27137    1.82905    1.83955    0.0104945   41       391      
 9479.22 307     27150    1.82905    1.83955    0.0104945   41       391      
 9549.26 308     27225    1.82906    1.83955    0.0104892   40       392      
 9549.64 308     27250    1.82906    1.83955    0.0104892   40       392      
 9831.45 309     27315    1.82906    1.83955    0.0104864   46       396      
 9831.97 309     27350    1.82906    1.83955    0.0104864   46       396      
 9894.72 310     27405    1.82906    1.83954    0.0104844   44       397      
 9972.22 311     27493    1.82907    1.83954    0.0104791   44       398      
 9972.47 311     27500    1.82907    1.83954    0.0104791   44       398      
 9973.52 312     27581    1.82907    1.83954    0.0104762   41       398      
 9973.87 312     27600    1.82907    1.83954    0.0104762   41       398      
 10111.5 313     27671    1.82907    1.83954    0.0104758   48       400      
-------------------------------------------------------------------------------

SARSOP finishing ...
  Preset timeout reached
  Timeout     : 10000.000000s
  Actual Time : 10111.540000s

-------------------------------------------------------------------------------
 Time   |#Trial |#Backup |LBound    |UBound    |Precision  |#Alphas |#Beliefs  
-------------------------------------------------------------------------------
 10111.5 313     27671    1.82907    1.83954    0.0104758   48       400      
-------------------------------------------------------------------------------

Writing out policy ...
  output file : ram_pomdp_soln/3e14ef6d14d.policyx

