
Loading the model ...
  input file   : /home/rstudio/projects/pomdp-ram/notebook/ram_pomdp_soln/3e151d3d83f.pomdpx
  loading time : 8.22s 

SARSOP initializing ...
  initialization time : 1060.76s

-------------------------------------------------------------------------------
 Time   |#Trial |#Backup |LBound    |UBound    |Precision  |#Alphas |#Beliefs  
-------------------------------------------------------------------------------
 1060.76 0       0        1.3889     1.55379    0.164895    120      1        
 1063.02 1       50       1.39021    1.41193    0.0217162   36       16       
 1064.46 1       100      1.39406    1.41165    0.0175916   51       16       
 1067.96 2       199      1.39657    1.41152    0.014949    49       26       
 1067.97 2       200      1.39657    1.41152    0.014949    50       26       
 1071.14 3       299      1.39855    1.41148    0.0129254   20       35       
 1071.15 3       300      1.39855    1.41148    0.0129254   15       35       
 1076.6  4       397      1.39998    1.41147    0.0114932   16       47       
 1076.64 4       400      1.39998    1.41147    0.0114932   15       47       
 1081.02 5       497      1.40121    1.41147    0.0102537   13       54       
 1081.05 5       500      1.40121    1.41147    0.0102537   13       54       
 1085.91 6       597      1.40216    1.41147    0.009306    14       61       
 1085.94 6       600      1.40216    1.41147    0.009306    14       61       
 1092.09 7       697      1.40305    1.41147    0.00841228  11       68       
 1092.12 7       700      1.40305    1.41147    0.00841228  11       68       
 1094.5  8       795      1.40376    1.41147    0.00770383  12       71       
 1094.54 8       800      1.40376    1.41147    0.00770383  12       71       
 1096.59 9       893      1.40427    1.41146    0.00719484  11       73       
 1096.64 9       900      1.40427    1.41146    0.00719484  11       73       
 1100.56 10      993      1.40477    1.41146    0.0066936   10       77       
 1100.61 10      1000     1.40477    1.41146    0.0066936   10       77       
 1107.32 11      1091     1.40513    1.41136    0.00622798  13       84       
 1113.69 11      1100     1.40513    1.41136    0.00622798  13       91       
 1121.61 12      1189     1.4055     1.41135    0.0058468   13       97       
 1121.77 12      1200     1.4055     1.41135    0.0058468   12       97       
 1131.36 13      1289     1.40584    1.41135    0.00550634  14       104      
 1131.6  13      1300     1.40584    1.41135    0.00550634  13       104      
 1137.33 14      1389     1.4061     1.41134    0.00524784  14       108      
 1137.41 14      1400     1.4061     1.41134    0.00524784  13       108      
 1143.32 15      1489     1.40634    1.41134    0.00500228  14       112      
 1143.4  15      1500     1.40634    1.41134    0.00500228  13       112      
 1151.95 16      1589     1.40653    1.41134    0.00481216  15       117      
 1152.04 16      1600     1.40653    1.41134    0.00481216  14       117      
 1165.78 17      1689     1.40671    1.41133    0.00461878  13       124      
 1166    17      1700     1.40671    1.41133    0.00461878  13       124      
 1174.56 18      1789     1.4069     1.41132    0.00442295  15       130      
 1174.85 18      1800     1.4069     1.41132    0.00442295  15       130      
 1181.66 19      1889     1.40707    1.41132    0.00425225  14       134      
 1186.02 19      1900     1.40707    1.41132    0.00425225  13       137      
 1193.95 20      1977     1.40712    1.41131    0.00418625  15       141      
 1194.15 20      2000     1.40712    1.41131    0.00418625  15       141      
 1207.03 21      2077     1.40723    1.41131    0.00407299  16       148      
 1207.16 21      2100     1.40723    1.41131    0.00407299  16       148      
 1214.28 22      2177     1.40737    1.41131    0.00393959  16       151      
 1214.6  22      2200     1.40737    1.41131    0.00393959  16       151      
 1227.03 23      2277     1.40749    1.4113     0.00381073  16       157      
 1227.26 23      2300     1.40749    1.4113     0.00381073  16       157      
 1234.37 24      2377     1.40761    1.4113     0.00369293  18       160      
 1234.53 24      2400     1.40761    1.4113     0.00369293  18       160      
 1252.5  25      2477     1.40769    1.4113     0.00361007  19       167      
 1252.66 25      2500     1.40769    1.4113     0.00361007  19       167      
 1262.3  26      2577     1.40777    1.4113     0.00353181  16       171      
 1262.62 26      2600     1.40777    1.4113     0.00353181  16       171      
 1275.75 27      2677     1.40786    1.4113     0.00344005  16       177      
 1275.98 27      2700     1.40786    1.4113     0.00344005  16       177      
 1288.55 28      2777     1.40795    1.4113     0.00334613  17       182      
 1288.71 28      2800     1.40795    1.4113     0.00334613  17       182      
 1298.24 29      2877     1.40805    1.4113     0.00324886  18       186      
 1298.38 29      2900     1.40805    1.4113     0.00324886  18       186      
 1305.71 30      2977     1.40815    1.4113     0.00315153  16       189      
 1307.73 30      3000     1.40815    1.4113     0.00315153  16       190      
 1316.28 31      3077     1.40824    1.4113     0.00305957  17       194      
 1316.43 31      3100     1.40824    1.4113     0.00305957  17       194      
 1325.34 32      3177     1.40831    1.4113     0.00299047  19       198      
 1325.49 32      3200     1.40831    1.4113     0.00299047  19       198      
 1334.64 33      3277     1.40838    1.4113     0.00292227  18       202      
 1334.79 33      3300     1.40838    1.4113     0.00292227  18       202      
 1349.04 34      3377     1.40845    1.4113     0.00285257  19       207      
 1349.21 34      3400     1.40845    1.4113     0.00285257  19       207      
 1356.77 35      3477     1.40852    1.4113     0.00277974  19       210      
 1356.94 35      3500     1.40852    1.4113     0.00277974  19       210      
 1366.6  36      3577     1.40859    1.4113     0.00270423  16       213      
 1366.76 36      3600     1.40859    1.4113     0.00270423  16       213      
 1374.85 37      3675     1.40867    1.4113     0.00262968  18       216      
 1375.02 37      3700     1.40867    1.4113     0.00262968  18       216      
 1383.88 38      3773     1.40873    1.4113     0.00256535  16       219      
 1384.05 38      3800     1.40873    1.4113     0.00256535  16       219      
 1396.59 39      3871     1.40878    1.4113     0.00251438  19       223      
 1396.79 39      3900     1.40878    1.4113     0.00251438  19       223      
 1409.67 40      3971     1.40884    1.4113     0.00245999  21       227      
 1409.9  40      4000     1.40884    1.4113     0.00245999  21       227      
 1413.99 41      4061     1.40886    1.41129    0.00242862  22       228      
 1414.62 41      4100     1.40886    1.41129    0.00242862  22       228      
 1425.68 42      4161     1.4089     1.41129    0.00239085  21       231      
 1426.34 42      4200     1.4089     1.41129    0.00239085  21       231      
 1457.82 43      4261     1.40893    1.41129    0.00235211  19       240      
 1458.22 43      4300     1.40893    1.41129    0.00235211  19       240      
 1469.11 44      4361     1.40898    1.41129    0.00230826  18       243      
 1469.4  44      4400     1.40898    1.41129    0.00230826  18       243      
 1480.88 45      4459     1.40901    1.41129    0.00227477  19       246      
 1481.12 45      4500     1.40901    1.41129    0.00227477  19       246      
 1492.48 46      4559     1.40905    1.41129    0.00223927  19       249      
 1492.74 46      4600     1.40905    1.41129    0.00223927  19       249      
 1504.56 47      4657     1.40907    1.41129    0.00221232  20       252      
 1504.83 47      4700     1.40907    1.41129    0.00221232  20       252      
 1516.51 48      4755     1.4091     1.41129    0.00218942  22       255      
 1516.79 48      4800     1.4091     1.41129    0.00218942  23       255      
 1528.7  49      4855     1.40912    1.41129    0.00216947  20       258      
 1528.99 49      4900     1.40912    1.41129    0.00216947  21       258      
 1533.8  50      4953     1.40914    1.41129    0.00214605  18       259      
 1550.13 50      5000     1.40914    1.41129    0.00214605  18       263      
 1555.27 51      5051     1.40916    1.41129    0.00213009  18       264      
 1564.09 52      5100     1.40916    1.41129    0.00213009  21       266      
 1564.53 52      5150     1.40918    1.41129    0.00210835  20       266      
 1576.52 53      5247     1.40919    1.41129    0.00209089  18       269      
 1576.65 53      5250     1.40919    1.41129    0.00209089  18       269      
 1590.87 54      5345     1.40921    1.41129    0.00207288  19       272      
 1591.01 54      5350     1.40921    1.41129    0.00207288  19       272      
 1611.74 55      5445     1.40923    1.41128    0.00205524  20       276      
 1611.88 55      5450     1.40923    1.41128    0.00205524  20       276      
 1627.75 56      5543     1.40925    1.41128    0.00203683  22       279      
 1627.91 56      5550     1.40925    1.41128    0.00203683  22       279      
 1646.98 57      5641     1.40926    1.41128    0.00202389  23       283      
 1647.14 57      5650     1.40926    1.41128    0.00202389  23       283      
 1672.56 58      5739     1.40928    1.41128    0.00200566  23       287      
 1672.73 58      5750     1.40928    1.41128    0.00200566  23       287      
 1693.58 59      5837     1.40929    1.41128    0.00199379  24       291      
 1693.8  59      5850     1.40929    1.41128    0.00199379  24       291      
 1711.71 60      5937     1.40931    1.41128    0.00197666  24       294      
 1711.91 60      5950     1.40931    1.41128    0.00197666  24       294      
 1727.05 61      6035     1.40932    1.41128    0.00196628  27       296      
 1727.25 61      6050     1.40932    1.41128    0.00196628  27       296      
 1749.45 62      6133     1.40933    1.41128    0.0019544   27       299      
 1749.71 62      6150     1.40933    1.41128    0.0019544   27       299      
 1768.91 63      6231     1.40934    1.41128    0.00194674  26       302      
 1769.15 63      6250     1.40934    1.41128    0.00194674  26       302      
 1782.86 64      6331     1.40935    1.41128    0.00193687  31       304      
 1783.09 64      6350     1.40935    1.41128    0.00193687  31       304      
 1801.01 65      6429     1.40935    1.41128    0.0019315   30       307      
 1801.27 65      6450     1.40935    1.41128    0.0019315   30       307      
 1828.14 66      6527     1.40936    1.41128    0.00192447  30       311      
 1828.42 66      6550     1.40936    1.41128    0.00192447  30       311      
 1837.92 67      6625     1.40936    1.41128    0.00192044  30       312      
 1838.19 67      6650     1.40936    1.41128    0.00192044  30       312      
 1857.51 68      6723     1.40937    1.41128    0.00191457  29       315      
 1857.77 68      6750     1.40937    1.41128    0.00191457  29       315      
 1877.99 69      6821     1.40937    1.41128    0.00190989  27       318      
 1878.3  69      6850     1.40937    1.41128    0.00190989  27       318      
 1900.7  70      6919     1.40938    1.41128    0.00189981  27       321      
 1900.94 70      6950     1.40938    1.41128    0.00189981  27       321      
 1915.04 71      7017     1.40939    1.41128    0.00189033  24       324      
 1915.33 71      7050     1.40939    1.41128    0.00189033  24       324      
 1939.41 72      7115     1.4094     1.41128    0.00187753  24       329      
 1942.63 72      7150     1.4094     1.41128    0.00187753  24       330      
 1957.39 73      7213     1.40942    1.41128    0.00186321  23       333      
 1957.82 73      7250     1.40942    1.41128    0.00186321  23       333      
 1983.15 74      7311     1.40943    1.41128    0.00185233  24       338      
 1983.51 74      7350     1.40943    1.41128    0.00185233  24       338      
 1999.36 75      7409     1.40945    1.41128    0.00183499  23       341      
 1999.65 75      7450     1.40945    1.41128    0.00183499  23       341      
 2023.23 76      7509     1.40946    1.41128    0.00182303  21       346      
 2023.52 76      7550     1.40946    1.41128    0.00182303  21       346      
 2035.99 77      7607     1.40947    1.41128    0.00180759  22       348      
 2036.31 77      7650     1.40947    1.41128    0.00180759  22       348      
 2058.22 78      7705     1.40948    1.41128    0.00179773  23       352      
 2058.54 78      7750     1.40948    1.41128    0.00179773  23       352      
 2070.19 79      7803     1.4095     1.41128    0.00178141  22       354      
 2080.92 79      7850     1.4095     1.41128    0.00178141  24       356      
 2087.88 80      7901     1.40951    1.41128    0.00177275  24       357      
 2107.13 81      7950     1.40951    1.41128    0.00177275  27       360      
 2107.69 81      8000     1.40952    1.41128    0.00176095  25       360      
 2126.63 82      8097     1.40953    1.41128    0.00175415  27       363      
 2126.83 82      8100     1.40953    1.41128    0.00175415  27       363      
 2145.39 83      8193     1.40953    1.41128    0.00174725  26       366      
 2145.57 83      8200     1.40953    1.41128    0.00174725  26       366      
 2170.35 84      8291     1.40954    1.41128    0.00174256  26       370      
 2170.55 84      8300     1.40954    1.41128    0.00174256  26       370      
 2197.78 85      8389     1.40955    1.41128    0.00173285  27       374      
 2198.01 85      8400     1.40955    1.41128    0.00173285  27       374      
 2217    86      8487     1.40955    1.41128    0.00172699  28       377      
 2217.22 86      8500     1.40955    1.41128    0.00172699  28       377      
 2229.55 87      8585     1.40956    1.41128    0.00172053  25       379      
 2229.77 87      8600     1.40956    1.41128    0.00172053  25       379      
 2244.14 88      8681     1.40956    1.41128    0.00171597  27       381      
 2244.41 88      8700     1.40956    1.41128    0.00171597  27       381      
 2260.5  89      8777     1.40957    1.41128    0.00170722  26       383      
 2260.78 89      8800     1.40957    1.41128    0.00170722  26       383      
 2280.58 90      8875     1.40958    1.41128    0.00170139  23       386      
 2280.86 90      8900     1.40958    1.41128    0.00170139  23       386      
 2287.68 91      8971     1.40959    1.41128    0.00169473  24       387      
 2287.99 91      9000     1.40959    1.41128    0.00169473  24       387      
 2302.15 92      9069     1.40959    1.41128    0.0016903   26       389      
 2302.44 92      9100     1.40959    1.41128    0.0016903   26       389      
 2314.87 93      9165     1.4096     1.41128    0.00168112  27       391      
 2315.19 93      9200     1.4096     1.41128    0.00168112  27       391      
 2333.18 94      9261     1.4096     1.41128    0.00167643  27       394      
 2333.52 94      9300     1.4096     1.41128    0.00167643  27       394      
 2344.96 95      9357     1.40961    1.41128    0.00167213  27       396      
 2345.3  95      9400     1.40961    1.41128    0.00167213  27       396      
 2357.1  96      9453     1.40961    1.41128    0.00166534  28       398      
 2369.22 96      9500     1.40961    1.41128    0.00166534  26       400      
 2369.86 97      9550     1.40962    1.41128    0.00165947  26       400      
 2386.78 98      9647     1.40962    1.41128    0.00165536  28       403      
 2386.95 98      9650     1.40962    1.41128    0.00165536  28       403      
 2397.96 99      9743     1.40963    1.41128    0.0016511   29       405      
 2398.14 99      9750     1.40963    1.41128    0.0016511   29       405      
 2422.05 100     9841     1.40963    1.41128    0.00164799  26       409      
 2422.23 100     9850     1.40963    1.41128    0.00164799  26       409      
 2429.18 101     9937     1.40963    1.41128    0.00164322  25       410      
 2429.39 101     9950     1.40963    1.41128    0.00164322  25       410      
 2448.44 102     10033    1.40964    1.41128    0.00163909  25       413      
 2448.7  102     10050    1.40964    1.41128    0.00163909  25       413      
 2454.26 103     10129    1.40964    1.41128    0.00163593  26       414      
 2454.52 103     10150    1.40964    1.41128    0.00163593  26       414      
 2464.98 104     10225    1.40965    1.41128    0.00163262  25       416      
 2465.25 104     10250    1.40965    1.41128    0.00163262  25       416      
 2476.12 105     10321    1.40965    1.41128    0.001631    27       418      
 2476.44 105     10350    1.40965    1.41128    0.001631    27       418      
 2489.48 106     10417    1.40965    1.41128    0.0016281   28       420      
 2489.78 106     10450    1.40965    1.41128    0.0016281   28       420      
 2503.98 107     10513    1.40966    1.41128    0.00162276  30       422      
 2504.32 107     10550    1.40966    1.41128    0.00162276  30       422      
 2511.15 108     10603    1.40966    1.41127    0.00161463  30       423      
 2536.75 108     10650    1.40966    1.41127    0.00161463  29       427      
 2537.87 109     10700    1.40966    1.41127    0.00161     30       427      
 2571.62 110     10797    1.40966    1.41127    0.0016065   31       432      
 2571.81 110     10800    1.40966    1.41127    0.0016065   31       432      
 2607.02 111     10895    1.40967    1.41127    0.00160399  32       437      
 2607.21 111     10900    1.40967    1.41127    0.00160399  32       437      
 2630.62 112     10991    1.40967    1.41127    0.0016009   32       440      
 2630.84 112     11000    1.40967    1.41127    0.0016009   32       440      
 2638.3  113     11081    1.40967    1.41127    0.00159807  32       441      
 2638.57 113     11100    1.40967    1.41127    0.00159807  32       441      
 2653.79 114     11177    1.40967    1.41127    0.00159629  33       443      
 2654.1  114     11200    1.40967    1.41127    0.00159629  33       443      
 2683.97 115     11275    1.40967    1.41127    0.0015936   32       447      
 2684.34 115     11300    1.40967    1.41127    0.0015936   32       447      
 2711.76 116     11373    1.40968    1.41127    0.00158999  30       450      
 2712.13 116     11400    1.40968    1.41127    0.00158999  30       450      
 2727.59 117     11469    1.40968    1.41127    0.00158716  32       452      
 2727.94 117     11500    1.40968    1.41127    0.00158716  32       452      
 2735.67 118     11555    1.40968    1.41126    0.00158075  32       453      
 2750.28 119     11643    1.40968    1.41126    0.00157427  32       455      
 2750.96 119     11650    1.40968    1.41126    0.00157427  32       455      
 2766.73 120     11733    1.40968    1.41125    0.00156911  35       457      
 2768.01 120     11750    1.40968    1.41125    0.00156911  35       457      
 2810.29 121     11831    1.40969    1.41125    0.00156658  34       462      
 2810.82 121     11850    1.40969    1.41125    0.00156658  34       462      
 2860.79 122     11931    1.40969    1.41125    0.00156436  38       468      
 2861.1  122     11950    1.40969    1.41125    0.00156436  38       468      
 2890.22 123     12029    1.40969    1.41125    0.00155709  41       471      
 2891.54 123     12050    1.40969    1.41125    0.00155709  41       471      
 2917.58 124     12125    1.40969    1.41125    0.00155394  37       474      
 2918.17 124     12150    1.40969    1.41125    0.00155394  37       474      
 2956.41 125     12223    1.4097     1.41125    0.00155209  39       478      
 2956.79 125     12250    1.4097     1.41125    0.00155209  39       478      
 2985.7  126     12321    1.4097     1.41125    0.00154817  42       481      
 2987.12 126     12350    1.4097     1.41125    0.00154817  42       481      
 3017.33 127     12417    1.4097     1.41125    0.0015455   38       484      
 3017.99 127     12450    1.4097     1.41125    0.0015455   38       484      
 3043.39 128     12513    1.4097     1.41125    0.00154384  38       487      
 3043.82 128     12550    1.4097     1.41125    0.00154384  38       487      
 3071.12 129     12611    1.4097     1.41125    0.00154258  36       490      
 3071.56 129     12650    1.4097     1.41125    0.00154258  36       490      
 3091.71 130     12707    1.40971    1.41125    0.00154147  37       492      
 3109.39 130     12750    1.40971    1.41125    0.00154147  38       494      
 3151.89 131     12803    1.40971    1.41124    0.00153379  42       498      
 3182.36 131     12850    1.40971    1.41124    0.00153379  40       501      
 3184.44 132     12900    1.40971    1.41124    0.00153184  40       501      
 3216.3  133     12995    1.40971    1.41124    0.00153106  40       504      
 3216.79 133     13000    1.40971    1.41124    0.00153106  40       504      
 3270.47 134     13091    1.40971    1.41124    0.00153057  39       510      
 3271.05 134     13100    1.40971    1.41124    0.00153057  39       510      
 3351.31 135     13189    1.40971    1.41124    0.00152851  42       518      
 3351.63 135     13200    1.40971    1.41124    0.00152851  42       518      
 3378.6  136     13285    1.40971    1.41124    0.00152713  38       520      
 3378.94 136     13300    1.40971    1.41124    0.00152713  38       520      
 3413.77 137     13383    1.40972    1.41124    0.00152592  36       523      
 3414.05 137     13400    1.40972    1.41124    0.00152592  36       523      
 3433.08 138     13481    1.40972    1.41124    0.00152472  36       526      
 3433.37 138     13500    1.40972    1.41124    0.00152472  36       526      
 3448.6  139     13577    1.40972    1.41124    0.00152372  38       528      
 3448.94 139     13600    1.40972    1.41124    0.00152372  38       528      
 3472.03 140     13673    1.40972    1.41124    0.00152288  34       531      
 3472.38 140     13700    1.40972    1.41124    0.00152288  34       531      
 3498.08 141     13771    1.40972    1.41124    0.00152145  33       534      
 3498.49 141     13800    1.40972    1.41124    0.00152145  33       534      
 3514.49 142     13867    1.40972    1.41124    0.00151989  35       536      
 3514.88 142     13900    1.40972    1.41124    0.00151989  35       536      
 3531.91 143     13963    1.40972    1.41124    0.00151642  37       538      
 3532.33 143     14000    1.40972    1.41124    0.00151642  37       538      
 3573.54 144     14061    1.40973    1.41124    0.00151302  36       543      
 3574.09 144     14100    1.40973    1.41124    0.00151302  36       543      
 3619.43 145     14157    1.40973    1.41124    0.00151067  31       548      
 3619.91 145     14200    1.40973    1.41124    0.00151067  31       548      
 3644.94 146     14255    1.40973    1.41124    0.00150897  33       551      
 3645.43 146     14300    1.40973    1.41124    0.00150897  36       551      
 3655.91 147     14351    1.40973    1.41124    0.00150609  38       552      
 3685.02 148     14447    1.40974    1.41124    0.00150401  38       555      
 3685.24 148     14450    1.40974    1.41124    0.00150401  38       555      
 3711.98 149     14545    1.40974    1.41124    0.00150293  41       558      
 3712.22 149     14550    1.40974    1.41124    0.00150293  41       558      
 3731.53 150     14641    1.40974    1.41124    0.00150232  43       560      
 3731.81 150     14650    1.40974    1.41124    0.00150232  43       560      
 3756.02 151     14737    1.40974    1.41124    0.00150152  42       563      
 3756.33 151     14750    1.40974    1.41124    0.00150152  42       563      
 3772.35 152     14833    1.40974    1.41124    0.00150098  43       565      
 3772.68 152     14850    1.40974    1.41124    0.00150098  43       565      
 3824.77 153     14933    1.40974    1.41124    0.00150038  44       571      
 3825.11 153     14950    1.40974    1.41124    0.00150038  44       571      
 3849.21 154     15029    1.40974    1.41124    0.00149798  47       574      
 3849.56 154     15050    1.40974    1.41124    0.00149798  47       574      
 3864.9  155     15125    1.40974    1.41124    0.00149694  48       576      
 3865.3  155     15150    1.40974    1.41124    0.00149694  48       576      
 3888.83 156     15223    1.40974    1.41124    0.00149658  46       579      
 3889.25 156     15250    1.40974    1.41124    0.00149658  46       579      
 3924.05 157     15321    1.40974    1.41124    0.00149647  49       583      
 3924.53 157     15350    1.40974    1.41124    0.00149647  49       583      
 3942.44 158     15417    1.40974    1.41124    0.00149612  49       585      
 3942.94 158     15450    1.40974    1.41124    0.00149612  49       585      
 3972.63 159     15515    1.40974    1.41124    0.0014957   48       588      
 3973.11 159     15550    1.40974    1.41124    0.0014957   48       588      
 3993.58 160     15611    1.40974    1.41124    0.00149525  45       590      
 3994.18 160     15650    1.40974    1.41124    0.00149525  45       590      
 4027.84 161     15709    1.40974    1.41124    0.00149495  43       593      
 4028.39 161     15750    1.40974    1.41124    0.00149495  43       593      
 4047.86 162     15805    1.40975    1.41124    0.00149458  45       595      
 4048.45 162     15850    1.40975    1.41124    0.00149458  45       595      
 4082.53 163     15903    1.40975    1.41124    0.00149427  47       598      
 4103.75 163     15950    1.40975    1.41124    0.00149427  48       600      
 4117.69 164     16001    1.40975    1.41124    0.00149377  43       601      
 4139.25 165     16097    1.40975    1.41124    0.00149321  43       603      
 4139.52 165     16100    1.40975    1.41124    0.00149321  43       603      
 4159.96 166     16193    1.40975    1.41124    0.00149262  44       605      
 4160.26 166     16200    1.40975    1.41124    0.00149262  44       605      
 4173.68 167     16289    1.40975    1.41124    0.00149038  43       606      
 4174.02 167     16300    1.40975    1.41124    0.00149038  43       606      
 4199.9  168     16385    1.40975    1.41124    0.00148895  38       608      
 4200.25 168     16400    1.40975    1.41124    0.00148895  38       608      
 4235.23 169     16483    1.40975    1.41124    0.0014877   33       611      
 4235.61 169     16500    1.40975    1.41124    0.0014877   33       611      
 4265.95 170     16579    1.40975    1.41124    0.00148664  34       614      
 4266.32 170     16600    1.40975    1.41124    0.00148664  34       614      
 4289.03 171     16675    1.40975    1.41124    0.00148578  32       616      
 4289.44 171     16700    1.40975    1.41124    0.00148578  32       616      
 4315.59 172     16771    1.40976    1.41124    0.00148423  30       618      
 4316.04 172     16800    1.40976    1.41124    0.00148423  30       618      
 4345.4  173     16867    1.40976    1.41124    0.00148185  33       620      
 4345.83 173     16900    1.40976    1.41124    0.00148185  33       620      
 4375.93 174     16963    1.40976    1.41124    0.00147911  30       623      
 4376.38 174     17000    1.40976    1.41124    0.00147911  30       623      
 4396.61 175     17059    1.40976    1.41124    0.00147768  30       625      
 4397.03 175     17100    1.40976    1.41124    0.00147768  30       625      
 4424.6  176     17155    1.40976    1.41124    0.00147665  34       628      
 4425.09 176     17200    1.40976    1.41124    0.00147665  37       628      
 4442.85 177     17251    1.40976    1.41124    0.00147443  35       630      
 4480.38 178     17300    1.40976    1.41124    0.00147443  37       634      
 4481.11 178     17350    1.40977    1.41124    0.00147263  37       634      
 4501.4  179     17445    1.40977    1.41124    0.00147156  36       636      
 4501.66 179     17450    1.40977    1.41124    0.00147156  36       636      
 4532.16 180     17541    1.40977    1.41124    0.00147085  38       639      
 4532.49 180     17550    1.40977    1.41124    0.00147085  38       639      
 4553.36 181     17637    1.40977    1.41124    0.00147006  35       641      
 4553.65 181     17650    1.40977    1.41124    0.00147006  35       641      
 4596.26 182     17735    1.40977    1.41124    0.00146913  39       645      
 4596.56 182     17750    1.40977    1.41124    0.00146913  39       645      
 4624.99 183     17831    1.40977    1.41124    0.0014658   36       648      
 4625.34 183     17850    1.40977    1.41124    0.0014658   36       648      
 4654.88 184     17927    1.40977    1.41124    0.00146383  33       651      
 4655.26 184     17950    1.40977    1.41124    0.00146383  33       651      
 4666.9  185     18023    1.40978    1.41124    0.00146219  28       652      
 4667.27 185     18050    1.40978    1.41124    0.00146219  28       652      
 4709.81 186     18119    1.40978    1.41124    0.00145955  32       656      
 4710.24 186     18150    1.40978    1.41124    0.00145955  32       656      
 4751.07 187     18215    1.40978    1.41124    0.00145733  31       660      
 4751.55 187     18250    1.40978    1.41124    0.00145733  31       660      
 4783.25 188     18311    1.40978    1.41124    0.00145592  33       663      
 4783.78 188     18350    1.40978    1.41124    0.00145592  33       663      
 4818.87 189     18407    1.40978    1.41124    0.00145493  36       666      
 4819.45 189     18450    1.40978    1.41124    0.00145493  36       666      
 4864.9  190     18503    1.40978    1.41124    0.00145231  36       670      
 4887.18 190     18550    1.40978    1.41124    0.00145231  38       672      
 4888.47 191     18600    1.40979    1.41124    0.00145125  40       672      
 4923.51 192     18695    1.40979    1.41124    0.00145035  41       675      
 4923.82 192     18700    1.40979    1.41124    0.00145035  41       675      
 4943.25 193     18793    1.40979    1.41124    0.00144943  40       677      
 4943.6  193     18800    1.40979    1.41124    0.00144943  40       677      
 4977.58 194     18889    1.40979    1.41124    0.00144848  40       680      
 4977.93 194     18900    1.40979    1.41124    0.00144848  40       680      
 4991.78 195     18985    1.40979    1.41124    0.00144621  42       681      
 4992.19 195     19000    1.40979    1.41124    0.00144621  42       681      
 5046.01 196     19081    1.40979    1.41124    0.00144433  43       685      
 5046.42 196     19100    1.40979    1.41124    0.00144433  43       685      
 5076.46 197     19177    1.40979    1.41124    0.00144349  42       688      
 5076.89 197     19200    1.40979    1.41124    0.00144349  42       688      
 5110.75 198     19273    1.40979    1.41124    0.0014424   41       691      
 5111.21 198     19300    1.40979    1.41124    0.0014424   41       691      
 5136.38 199     19369    1.4098     1.41124    0.00144017  40       693      
 5136.88 199     19400    1.4098     1.41124    0.00144017  40       693      
 5165.49 200     19465    1.4098     1.41124    0.00143896  39       695      
 5166.08 200     19500    1.4098     1.41124    0.00143896  39       695      
 5205.53 201     19561    1.4098     1.41124    0.00143811  37       698      
 5206.15 201     19600    1.4098     1.41124    0.00143811  37       698      
 5230.76 202     19657    1.4098     1.41124    0.00143706  33       700      
 5231.37 202     19700    1.4098     1.41124    0.00143706  34       700      
 5253.32 203     19753    1.4098     1.41124    0.0014353   37       702      
 5301.5  203     19800    1.4098     1.41124    0.0014353   37       706      
 5302.65 204     19850    1.4098     1.41124    0.00143352  37       706      
 5326.28 205     19945    1.4098     1.41124    0.00143263  37       708      
 5326.57 205     19950    1.4098     1.41124    0.00143263  37       708      
 5350.44 206     20041    1.4098     1.41124    0.00143167  37       710      
 5350.81 206     20050    1.4098     1.41124    0.00143167  37       710      
 5373.45 207     20137    1.40981    1.41124    0.00143005  40       712      
 5373.89 207     20150    1.40981    1.41124    0.00143005  40       712      
 5428.85 208     20235    1.40981    1.41124    0.00142828  37       716      
 5429.23 208     20250    1.40981    1.41124    0.00142828  37       716      
 5451.29 209     20331    1.40981    1.41124    0.00142707  39       718      
 5451.71 209     20350    1.40981    1.41124    0.00142707  39       718      
 5472.79 210     20427    1.40981    1.41124    0.00142519  42       720      
 5473.23 210     20450    1.40981    1.41124    0.00142519  42       720      
 5483.07 211     20523    1.40981    1.41124    0.0014237   37       721      
 5483.53 211     20550    1.40981    1.41124    0.0014237   37       721      
 5513.42 212     20619    1.40981    1.41123    0.00142264  38       724      
 5513.93 212     20650    1.40981    1.41123    0.00142264  38       724      
 5536.01 213     20715    1.40981    1.41123    0.00142077  40       726      
 5536.63 213     20750    1.40981    1.41123    0.00142077  40       726      
 5560.58 214     20811    1.40982    1.41123    0.00141977  40       728      
 5561.13 214     20850    1.40982    1.41123    0.00141977  40       728      
 5581.66 215     20907    1.40982    1.41123    0.00141914  38       730      
 5582.24 215     20950    1.40982    1.41123    0.00141914  38       730      
 5614.77 216     21003    1.40982    1.41123    0.00141842  37       733      
 5646.49 216     21050    1.40982    1.41123    0.00141842  40       736      
 5647.64 217     21100    1.40982    1.41123    0.0014166   39       736      
 5669.38 218     21195    1.40982    1.41123    0.00141537  39       738      
 5669.76 218     21200    1.40982    1.41123    0.00141537  39       738      
 5691.66 219     21291    1.40982    1.41123    0.00141468  37       740      
 5692.01 219     21300    1.40982    1.41123    0.00141468  37       740      
 5740.18 220     21387    1.40982    1.41123    0.0014131   39       745      
 5740.56 220     21400    1.40982    1.41123    0.0014131   39       745      
 5771.72 221     21483    1.40982    1.41123    0.0014118   42       748      
 5773.28 221     21500    1.40982    1.41123    0.0014118   42       748      
 5803.57 222     21579    1.40982    1.41123    0.00141033  41       751      
 5804.33 222     21600    1.40982    1.41123    0.00141033  41       751      
 5823.43 223     21675    1.40982    1.41123    0.00140912  39       753      
 5823.88 223     21700    1.40982    1.41123    0.00140912  39       753      
 5849.56 224     21771    1.40983    1.41123    0.00140758  39       756      
 5850.04 224     21800    1.40983    1.41123    0.00140758  39       756      
 5878.78 225     21867    1.40983    1.41123    0.00140591  39       759      
 5879.3  225     21900    1.40983    1.41123    0.00140591  39       759      
 5897.79 226     21963    1.40983    1.41123    0.00140416  38       761      
 5898.39 226     22000    1.40983    1.41123    0.00140416  38       761      
 5927.39 227     22059    1.40983    1.41123    0.00140314  41       764      
 5928.06 227     22100    1.40983    1.41123    0.00140314  41       764      
 5964.56 228     22155    1.40983    1.41123    0.00140202  44       768      
 5975.02 228     22200    1.40983    1.41123    0.00140202  42       769      
 5997.02 229     22251    1.40983    1.41123    0.00140125  41       771      
 6006.93 230     22337    1.40983    1.41123    0.00139844  41       772      
 6010.52 230     22350    1.40983    1.41123    0.00139844  41       772      
 6066.69 231     22433    1.40983    1.41123    0.00139542  44       779      
 6067.95 231     22450    1.40983    1.41123    0.00139542  44       779      
 6105.16 232     22529    1.40983    1.41123    0.00139394  41       783      
 6106.18 232     22550    1.40983    1.41123    0.00139394  43       783      
 6134.76 233     22625    1.40984    1.41123    0.00139232  41       786      
 6135.2  233     22650    1.40984    1.41123    0.00139232  41       786      
 6171.4  234     22721    1.40984    1.41123    0.0013911   43       790      
 6171.95 234     22750    1.40984    1.41123    0.0013911   43       790      
 6183.97 235     22817    1.40984    1.41123    0.00139001  44       791      
 6184.49 235     22850    1.40984    1.41123    0.00139001  44       791      
 6227.16 236     22915    1.40984    1.41123    0.00138913  44       796      
 6227.71 236     22950    1.40984    1.41123    0.00138913  44       796      
 6257.89 237     23011    1.40984    1.41123    0.00138844  46       799      
 6258.51 237     23050    1.40984    1.41123    0.00138844  46       799      
 6266.81 238     23107    1.40984    1.41123    0.00138772  46       800      
 6267.45 238     23150    1.40984    1.41123    0.00138772  46       800      
 6284.06 239     23203    1.40984    1.41123    0.00138665  42       802      
 6310.65 239     23250    1.40984    1.41123    0.00138665  41       805      
 6311.79 240     23300    1.40984    1.41123    0.00138586  42       805      
 6333.04 241     23395    1.40984    1.41123    0.00138501  42       807      
 6333.37 241     23400    1.40984    1.41123    0.00138501  42       807      
 6353.82 242     23489    1.40984    1.41123    0.00138428  42       809      
 6354.2  242     23500    1.40984    1.41123    0.00138428  42       809      
 6374.79 243     23585    1.40984    1.41123    0.00138357  44       811      
 6375.18 243     23600    1.40984    1.41123    0.00138357  44       811      
 6401.05 244     23681    1.40984    1.41123    0.00138281  43       814      
 6401.48 244     23700    1.40984    1.41123    0.00138281  43       814      
 6434.95 245     23777    1.40984    1.41123    0.00138222  39       818      
 6435.4  245     23800    1.40984    1.41123    0.00138222  39       818      
 6457.67 246     23873    1.40984    1.41123    0.00138147  41       821      
 6458.16 246     23900    1.40984    1.41123    0.00138147  41       821      
 6474.68 247     23969    1.40985    1.41123    0.00138098  45       823      
 6475.18 247     24000    1.40985    1.41123    0.00138098  45       823      
 6483.9  248     24065    1.40985    1.41123    0.00138012  47       824      
 6484.44 248     24100    1.40985    1.41123    0.00138012  47       824      
 6506.79 249     24161    1.40985    1.41123    0.00137966  49       827      
 6507.4  249     24200    1.40985    1.41123    0.00137966  49       827      
 6516.24 250     24255    1.40985    1.41123    0.00137915  49       828      
 6524.98 250     24300    1.40985    1.41123    0.00137915  50       829      
 6533.31 251     24350    1.40985    1.41123    0.00137858  51       830      
 6574.11 252     24447    1.40985    1.41123    0.00137793  50       836      
 6574.43 252     24450    1.40985    1.41123    0.00137793  50       836      
 6598.49 253     24543    1.40985    1.41123    0.00137739  49       839      
 6598.85 253     24550    1.40985    1.41123    0.00137739  49       839      
 6605.66 254     24639    1.40985    1.41123    0.00137693  49       840      
 6606.04 254     24650    1.40985    1.41123    0.00137693  49       840      
 6627.82 255     24735    1.40985    1.41123    0.00137587  47       843      
 6628.23 255     24750    1.40985    1.41123    0.00137587  47       843      
 6635.72 256     24829    1.40985    1.41123    0.00137546  45       844      
 6636.15 256     24850    1.40985    1.41123    0.00137546  45       844      
 6655.33 257     24925    1.40985    1.41123    0.00137419  42       847      
 6655.79 257     24950    1.40985    1.41123    0.00137419  42       847      
 6663.45 258     25021    1.40985    1.41123    0.0013734   42       848      
 6663.97 258     25050    1.40985    1.41123    0.0013734   42       848      
 6671.37 259     25115    1.40985    1.41123    0.00137248  42       849      
 6671.89 259     25150    1.40985    1.41123    0.00137248  42       849      
 6679.36 260     25211    1.40985    1.41123    0.001372    42       850      
 6680.01 260     25250    1.40985    1.41123    0.001372    42       850      
 6699.47 261     25307    1.40985    1.41123    0.00137126  43       853      
 6700.09 261     25350    1.40985    1.41123    0.00137126  43       853      
 6719.37 262     25405    1.40985    1.41123    0.00137084  45       856      
 6726.21 262     25450    1.40985    1.41123    0.00137084  46       857      
 6738.72 263     25501    1.40986    1.41123    0.00137015  45       859      
 6752.69 264     25597    1.40986    1.41123    0.00136967  46       861      
 6753    264     25600    1.40986    1.41123    0.00136967  46       861      
 6768.38 265     25693    1.40986    1.41123    0.00136918  45       863      
 6768.75 265     25700    1.40986    1.41123    0.00136918  45       863      
 6784.56 266     25787    1.40986    1.41123    0.00136832  44       865      
 6786.46 266     25800    1.40986    1.41123    0.00136832  44       865      
 6808.04 267     25883    1.40986    1.41123    0.00136781  45       868      
 6809.02 267     25900    1.40986    1.41123    0.00136781  45       868      
 6832.59 268     25981    1.40986    1.41123    0.00136723  47       872      
 6833    268     26000    1.40986    1.41123    0.00136723  47       872      
 6847.9  269     26077    1.40986    1.41123    0.00136664  42       874      
 6848.41 269     26100    1.40986    1.41123    0.00136664  42       874      
 6869.86 270     26173    1.40986    1.41123    0.00136634  44       877      
 6870.33 270     26200    1.40986    1.41123    0.00136634  44       877      
 6883.81 271     26269    1.40986    1.41123    0.00136596  44       879      
 6884.32 271     26300    1.40986    1.41123    0.00136596  44       879      
 6900.16 272     26365    1.40986    1.41123    0.00136558  44       881      
 6900.71 272     26400    1.40986    1.41123    0.00136558  44       881      
 6923.26 273     26461    1.40986    1.41123    0.00136499  42       884      
 6923.9  273     26500    1.40986    1.41123    0.00136499  42       884      
 6939.9  274     26555    1.40986    1.41123    0.00136425  42       886      
 6947.77 274     26600    1.40986    1.41123    0.00136425  44       887      
 6962.1  275     26651    1.40986    1.41122    0.00136333  45       889      
 6963.28 276     26745    1.40986    1.41122    0.00136257  44       889      
 6963.62 276     26750    1.40986    1.41122    0.00136257  44       889      
 6986.16 277     26841    1.40986    1.41122    0.001362    49       892      
 6986.53 277     26850    1.40986    1.41122    0.001362    49       892      
 6995.36 278     26935    1.40986    1.41122    0.00136156  50       893      
 6995.77 278     26950    1.40986    1.41122    0.00136156  50       893      
 7027.69 279     27031    1.40986    1.41122    0.0013611   53       897      
 7028.15 279     27050    1.40986    1.41122    0.0013611   53       897      
 7060.31 280     27127    1.40986    1.41122    0.00136073  53       901      
 7060.78 280     27150    1.40986    1.41122    0.00136073  53       901      
 7077.91 281     27223    1.40986    1.41122    0.00136012  54       903      
 7079.91 281     27250    1.40986    1.41122    0.00136012  54       903      
 7109.34 282     27321    1.40986    1.41122    0.00135975  52       907      
 7109.9  282     27350    1.40986    1.41122    0.00135975  52       907      
 7142.67 283     27417    1.40986    1.41122    0.00135918  54       911      
 7143.31 283     27450    1.40986    1.41122    0.00135918  54       911      
 7171.47 284     27513    1.40987    1.41122    0.00135489  54       914      
 7175.03 284     27550    1.40987    1.41122    0.00135489  54       914      
 7214.35 285     27609    1.40987    1.41122    0.00135432  57       918      
 7216.14 285     27650    1.40987    1.41122    0.00135432  59       918      
 7235.33 286     27703    1.40987    1.41122    0.00135371  57       920      
 7262.46 287     27750    1.40987    1.41122    0.00135371  55       923      
 7263.46 287     27800    1.40987    1.41122    0.00135309  53       923      
 7291.98 288     27893    1.40987    1.41122    0.0013524   55       926      
 7292.39 288     27900    1.40987    1.41122    0.0013524   55       926      
 7293.8  289     27989    1.40987    1.41122    0.00135216  55       926      
 7294.24 289     28000    1.40987    1.41122    0.00135216  55       926      
 7311.57 290     28085    1.40987    1.41122    0.00135193  54       928      
 7312.03 290     28100    1.40987    1.41122    0.00135193  54       928      
 7341.24 291     28181    1.40987    1.41122    0.00135126  55       931      
 7341.75 291     28200    1.40987    1.41122    0.00135126  55       931      
 7359.74 292     28277    1.40987    1.41122    0.00135071  52       933      
 7360.28 292     28300    1.40987    1.41122    0.00135071  52       933      
 7378.17 293     28373    1.40987    1.41122    0.00135043  51       935      
 7378.75 293     28400    1.40987    1.41122    0.00135043  51       935      
 7391.2  294     28467    1.40987    1.41122    0.00135002  51       936      
 7391.91 294     28500    1.40987    1.41122    0.00135002  51       936      
 7409.88 295     28563    1.40987    1.41122    0.00134972  51       938      
 7410.58 295     28600    1.40987    1.41122    0.00134972  51       938      
 7421.21 296     28657    1.40987    1.41122    0.00134939  52       939      
 7421.93 296     28700    1.40987    1.41122    0.00134939  52       939      
 7430.61 297     28753    1.40987    1.41122    0.0013492   54       940      
 7451.55 297     28800    1.40987    1.41122    0.0013492   55       942      
 7453.11 298     28850    1.40987    1.41122    0.00134907  54       942      
 7465.99 299     28945    1.40987    1.41122    0.00134901  54       943      
 7466.39 299     28950    1.40987    1.41122    0.00134901  54       943      
 7487.16 300     29041    1.40987    1.41122    0.0013489   57       945      
 7487.65 300     29050    1.40987    1.41122    0.0013489   57       945      
 7523.24 301     29137    1.40987    1.41122    0.00134839  57       948      
 7523.74 301     29150    1.40987    1.41122    0.00134839  57       948      
 7556.48 302     29233    1.40987    1.41122    0.0013481   56       951      
 7557.01 302     29250    1.40987    1.41122    0.0013481   56       951      
 7582.32 303     29327    1.40987    1.41122    0.00134758  54       953      
 7582.91 303     29350    1.40987    1.41122    0.00134758  54       953      
 7624.45 304     29423    1.40987    1.41122    0.00134738  55       956      
 7625.11 304     29450    1.40987    1.41122    0.00134738  55       956      
 7648.86 305     29517    1.40987    1.41122    0.00134726  55       958      
 7649.56 305     29550    1.40987    1.41122    0.00134726  55       958      
 7664.16 306     29613    1.40987    1.41122    0.00134715  52       959      
 7664.91 306     29650    1.40987    1.41122    0.00134715  52       959      
 7689.9  307     29709    1.40987    1.41122    0.00134703  56       961      
 7690.71 307     29750    1.40987    1.41122    0.00134703  56       961      
 7705.56 308     29803    1.40987    1.41122    0.00134672  58       962      
 7745.16 308     29850    1.40987    1.41122    0.00134672  59       965      
 7746.98 309     29900    1.40987    1.41122    0.00134593  59       965      
 7772.76 310     29995    1.40987    1.41122    0.00134568  58       967      
 7773.2  310     30000    1.40987    1.41122    0.00134568  58       967      
 7789.8  311     30091    1.40987    1.41122    0.00134546  54       968      
 7790.26 311     30100    1.40987    1.41122    0.00134546  54       968      
 7838.31 312     30189    1.40987    1.41122    0.00134506  57       972      
 7838.81 312     30200    1.40987    1.41122    0.00134506  57       972      
 7852.66 313     30285    1.40987    1.41122    0.00134492  59       973      
 7853.19 313     30300    1.40987    1.41122    0.00134492  59       973      
 7868.04 314     30379    1.40987    1.41122    0.00134473  57       974      
 7868.62 314     30400    1.40987    1.41122    0.00134473  57       974      
 7884.13 315     30473    1.40987    1.41122    0.00134453  56       975      
 7884.75 315     30500    1.40987    1.41122    0.00134453  56       975      
 7900.87 316     30569    1.40987    1.41122    0.00134432  57       976      
 7901.58 316     30600    1.40987    1.41122    0.00134432  57       976      
 7912.12 317     30665    1.40987    1.41122    0.0013441   53       977      
 7914.75 317     30700    1.40987    1.41122    0.0013441   53       977      
 7930.05 318     30759    1.40987    1.41122    0.00134398  52       978      
 7930.87 318     30800    1.40987    1.41122    0.00134398  52       978      
 7953.13 319     30855    1.40987    1.41122    0.00134373  53       980      
 7965.9  319     30900    1.40987    1.41122    0.00134373  53       981      
 7991.94 320     30951    1.40987    1.41122    0.00134293  53       983      
 8020.72 321     31047    1.40988    1.41122    0.00134244  55       985      
 8021.14 321     31050    1.40988    1.41122    0.00134244  55       985      
 8031.92 322     31143    1.40988    1.41122    0.00134212  55       986      
 8032.37 322     31150    1.40988    1.41122    0.00134212  55       986      
 8051.7  323     31239    1.40988    1.41122    0.00134188  54       988      
 8052.17 323     31250    1.40988    1.41122    0.00134188  54       988      
 8076.78 324     31333    1.40988    1.41122    0.0013415   54       990      
 8077.32 324     31350    1.40988    1.41122    0.0013415   54       990      
 8089.16 325     31427    1.40988    1.41122    0.00134092  55       991      
 8089.74 325     31450    1.40988    1.41122    0.00134092  55       991      
 8127.1  326     31523    1.40988    1.41122    0.00134035  57       994      
 8127.73 326     31550    1.40988    1.41122    0.00134035  57       994      
 8150.99 327     31617    1.40988    1.41122    0.00134001  60       996      
 8151.69 327     31650    1.40988    1.41122    0.00134001  60       996      
 8164.93 328     31711    1.40988    1.41122    0.00133986  59       997      
 8165.71 328     31750    1.40988    1.41122    0.00133986  59       997      
 8179.85 329     31805    1.40988    1.41122    0.00133978  60       998      
 8180.69 329     31850    1.40988    1.41122    0.00133978  61       998      
 8203.44 330     31901    1.40988    1.41122    0.00133968  61       1000     
 8217.92 331     31997    1.40988    1.41122    0.00133927  63       1001     
 8218.37 331     32000    1.40988    1.41122    0.00133927  63       1001     
 8233.57 332     32091    1.40988    1.41122    0.00133915  60       1002     
 8234.06 332     32100    1.40988    1.41122    0.00133915  60       1002     
 8271.89 333     32187    1.40988    1.41122    0.00133887  56       1005     
 8272.42 333     32200    1.40988    1.41122    0.00133887  56       1005     
 8321.36 334     32283    1.40988    1.41122    0.00133858  58       1009     
 8321.96 334     32300    1.40988    1.41122    0.00133858  58       1009     
 8363.44 335     32379    1.40988    1.41122    0.00133819  60       1012     
 8364.07 335     32400    1.40988    1.41122    0.00133819  60       1012     
 8365.44 336     32473    1.40988    1.41122    0.00133788  58       1012     
 8366.08 336     32500    1.40988    1.41122    0.00133788  58       1012     
 8380.84 337     32567    1.40988    1.41122    0.00133771  57       1013     
 8381.58 337     32600    1.40988    1.41122    0.00133771  57       1013     
 8404.92 338     32663    1.40988    1.41122    0.0013376   58       1015     
 8405.72 338     32700    1.40988    1.41122    0.0013376   58       1015     
 8433.32 339     32757    1.40988    1.41122    0.00133746  59       1017     
 8434.22 339     32800    1.40988    1.41122    0.00133746  58       1017     
 8435.56 340     32851    1.40988    1.41122    0.00133736  57       1017     
 8465.32 341     32945    1.40988    1.41122    0.00133714  57       1019     
 8465.8  341     32950    1.40988    1.41122    0.00133714  57       1019     
 8489.97 342     33041    1.40988    1.41122    0.00133662  53       1021     
 8490.47 342     33050    1.40988    1.41122    0.00133662  53       1021     
 8527.33 343     33137    1.40988    1.41122    0.0013364   55       1024     
 8527.86 343     33150    1.40988    1.41122    0.0013364   55       1024     
 8566.77 344     33233    1.40988    1.41122    0.00133606  56       1027     
 8567.39 344     33250    1.40988    1.41122    0.00133606  56       1027     
 8604.43 345     33329    1.40988    1.41122    0.00133584  55       1029     
 8605.11 345     33350    1.40988    1.41122    0.00133584  55       1029     
 8625.78 346     33425    1.40988    1.41122    0.00133573  56       1030     
 8626.57 346     33450    1.40988    1.41122    0.00133573  56       1030     
 8686.49 347     33521    1.40988    1.41122    0.00133547  58       1034     
 8687.29 347     33550    1.40988    1.41122    0.00133547  58       1034     
 8733.63 348     33615    1.40988    1.41122    0.00133489  58       1037     
 8735.07 348     33650    1.40988    1.41122    0.00133489  58       1037     
 8770.06 349     33709    1.40988    1.41122    0.00133436  58       1039     
 8770.93 349     33750    1.40988    1.41122    0.00133436  58       1039     
 8824.76 350     33805    1.40988    1.41122    0.00133402  59       1043     
 8825.75 350     33850    1.40988    1.41122    0.00133402  58       1043     
 8844.9  351     33900    1.40988    1.41122    0.00133373  59       1044     
 8889.82 352     33995    1.40988    1.41122    0.00133359  63       1047     
 8890.38 352     34000    1.40988    1.41122    0.00133359  63       1047     
 8930.19 353     34089    1.40988    1.41122    0.00133348  61       1049     
 8930.78 353     34100    1.40988    1.41122    0.00133348  61       1049     
 8950.26 354     34183    1.40988    1.41122    0.00133323  61       1050     
 8950.94 354     34200    1.40988    1.41122    0.00133323  61       1050     
 8986.77 355     34279    1.40988    1.41122    0.00133297  65       1052     
 8987.53 355     34300    1.40988    1.41122    0.00133297  65       1052     
 9031.89 356     34375    1.40988    1.41122    0.00133272  63       1055     
 9032.67 356     34400    1.40988    1.41122    0.00133272  63       1055     
 9073.74 357     34469    1.40988    1.41122    0.00133229  64       1057     
 9074.56 357     34500    1.40988    1.41122    0.00133229  64       1057     
 9108.12 358     34563    1.40988    1.41122    0.00133207  65       1059     
 9109.05 358     34600    1.40988    1.41122    0.00133207  65       1059     
 9185.62 359     34659    1.40988    1.41121    0.00133073  67       1064     
 9189.24 359     34700    1.40988    1.41121    0.00133073  67       1064     
 9228.98 360     34755    1.40988    1.41121    0.00133058  68       1066     
 9258.99 360     34800    1.40988    1.41121    0.00133058  69       1068     
 9277.8  361     34850    1.40988    1.41121    0.00133021  70       1069     
 9298.65 362     34943    1.40988    1.41121    0.00133001  71       1070     
 9299.27 362     34950    1.40988    1.41121    0.00133001  71       1070     
 9336.12 363     35039    1.40988    1.41121    0.00132977  70       1072     
 9336.75 363     35050    1.40988    1.41121    0.00132977  70       1072     
 9388.54 364     35135    1.40988    1.41121    0.00132949  71       1075     
 9391.29 364     35150    1.40988    1.41121    0.00132949  71       1075     
 9413.01 365     35229    1.40988    1.41121    0.00132935  70       1076     
 9413.79 365     35250    1.40988    1.41121    0.00132935  70       1076     
 9469.08 366     35325    1.40988    1.41121    0.00132931  72       1079     
 9470.05 366     35350    1.40988    1.41121    0.00132931  72       1079     
 9489.44 367     35419    1.40988    1.41121    0.00132923  72       1080     
 9490.35 367     35450    1.40988    1.41121    0.00132923  72       1080     
 9492.2  368     35513    1.40988    1.41121    0.00132904  71       1080     
 9493.18 368     35550    1.40988    1.41121    0.00132904  71       1080     
 9547.87 369     35609    1.40988    1.41121    0.00132855  71       1083     
 9548.84 369     35650    1.40988    1.41121    0.00132855  71       1083     
 9583.03 370     35707    1.40988    1.41121    0.00132837  74       1085     
 9584.25 370     35750    1.40988    1.41121    0.00132837  74       1085     
 9655.47 371     35803    1.40988    1.41121    0.00132827  73       1089     
 9686.76 371     35850    1.40988    1.41121    0.00132827  74       1091     
 9689.15 372     35900    1.40988    1.41121    0.00132818  75       1091     
 9741.89 373     35995    1.40989    1.41121    0.00132809  73       1094     
 9742.53 373     36000    1.40989    1.41121    0.00132809  73       1094     
 9781.52 374     36093    1.40989    1.41121    0.00132791  73       1096     
 9782.17 374     36100    1.40989    1.41121    0.00132791  73       1096     
 9818.86 375     36189    1.40989    1.41121    0.00132778  73       1098     
 9820.32 375     36200    1.40989    1.41121    0.00132778  73       1098     
 9871.09 376     36285    1.40989    1.41121    0.00132767  78       1101     
 9871.93 376     36300    1.40989    1.41121    0.00132767  78       1101     
 9944.64 377     36381    1.40989    1.41121    0.00132759  75       1105     
 9945.43 377     36400    1.40989    1.41121    0.00132759  75       1105     
 9964.71 378     36475    1.40989    1.41121    0.00132752  78       1106     
 9965.64 378     36500    1.40989    1.41121    0.00132752  78       1106     
 10022.2 379     36571    1.40989    1.41121    0.00132719  75       1109     
-------------------------------------------------------------------------------

SARSOP finishing ...
  Preset timeout reached
  Timeout     : 10000.000000s
  Actual Time : 10022.190000s

-------------------------------------------------------------------------------
 Time   |#Trial |#Backup |LBound    |UBound    |Precision  |#Alphas |#Beliefs  
-------------------------------------------------------------------------------
 10022.2 379     36571    1.40989    1.41121    0.00132719  75       1109     
-------------------------------------------------------------------------------

Writing out policy ...
  output file : ram_pomdp_soln/3e151d3d83f.policyx

