
Loading the model ...
  input file   : /home/rstudio/projects/pomdp-ram/notebook/ram_pomdp_soln/3e16474d84.pomdpx
  loading time : 8.41s 

SARSOP initializing ...
  initialization time : 399.13s

-------------------------------------------------------------------------------
 Time   |#Trial |#Backup |LBound    |UBound    |Precision  |#Alphas |#Beliefs  
-------------------------------------------------------------------------------
 399.13  0       0        1.89754    2.48583    0.588287    120      1        
 400.09  3       51       2.27734    2.44493    0.167588    34       27       
 401.19  5       100      2.34548    2.44456    0.0990781   37       46       
 402.63  8       155      2.38072    2.44453    0.0638137   33       63       
 403.8   10      203      2.39519    2.44445    0.0492685   62       76       
 407.18  12      250      2.40467    2.44431    0.0396422   34       102      
 409.75  14      300      2.41066    2.44427    0.0336156   50       116      
 415.99  17      355      2.4139     2.44409    0.0301839   54       139      
 422.97  19      400      2.41758    2.44406    0.0264798   41       164      
 433.05  22      450      2.41982    2.44394    0.0241204   46       191      
 438.59  24      511      2.42106    2.44388    0.0228176   47       207      
 448.71  26      555      2.42206    2.44379    0.0217279   36       229      
 462.04  28      600      2.42241    2.44374    0.0213295   44       252      
 483.14  30      650      2.42263    2.44369    0.021061    48       280      
 498.09  33      700      2.42414    2.44368    0.0195384   42       305      
 516.53  35      761      2.42466    2.44361    0.0189498   42       330      
 537.5   37      809      2.42496    2.44354    0.0185794   45       354      
 562.64  39      857      2.42506    2.44351    0.0184559   54       378      
 588.57  41      905      2.42518    2.44346    0.0182762   46       400      
 618.27  43      953      2.42529    2.4434     0.0181104   48       423      
 651.17  45      1001     2.42534    2.44339    0.0180465   53       446      
 667.66  47      1055     2.42575    2.44338    0.0176343   56       462      
 697.76  49      1103     2.42581    2.44336    0.0175453   50       484      
 733.27  51      1153     2.42593    2.44334    0.0174145   56       509      
 773.24  53      1203     2.42599    2.44325    0.0172588   66       534      
 813     55      1253     2.42604    2.44325    0.0172099   67       558      
 858.84  57      1301     2.42608    2.4432     0.0171168   71       582      
 906.04  59      1350     2.42611    2.44318    0.0170664   76       605      
 966     61      1400     2.42613    2.44317    0.0170359   84       630      
 1023.91 63      1450     2.42616    2.44313    0.0169784   92       653      
 1092.09 65      1500     2.42617    2.44313    0.0169581   97       677      
 1163.78 67      1550     2.42619    2.44312    0.0169297   89       702      
 1247.19 69      1600     2.4262     2.44311    0.0169082   84       727      
 1325.42 71      1650     2.42621    2.44308    0.0168656   81       751      
 1412.66 73      1700     2.42624    2.44306    0.0168123   82       775      
 1507.85 75      1750     2.42627    2.44305    0.0167829   86       798      
 1617.12 78      1800     2.42628    2.443      0.016713    87       823      
 1721.24 80      1861     2.42633    2.44299    0.0166613   104      846      
 1829.57 82      1909     2.42653    2.44293    0.0164012   104      869      
 1937.02 84      1957     2.42655    2.44293    0.0163731   115      891      
 2055.36 86      2005     2.42656    2.44292    0.0163589   117      913      
 2166.95 88      2053     2.42658    2.44292    0.016338    115      935      
 2295.52 90      2101     2.42658    2.44291    0.016331    110      957      
 2418.26 92      2151     2.42658    2.44291    0.0163261   117      980      
 2545.33 94      2200     2.42659    2.44291    0.0163196   109      1001     
 2677.29 96      2250     2.42661    2.4429     0.016291    110      1021     
 2774.38 98      2300     2.42703    2.44289    0.01586     91       1044     
 2858.58 100     2350     2.42706    2.44289    0.0158277   87       1067     
 2951.19 102     2401     2.42707    2.44288    0.0158078   91       1090     
 3064.01 104     2453     2.42711    2.44287    0.0157605   100      1115     
 3153.08 106     2501     2.42712    2.44284    0.015727    104      1136     
 3252.97 108     2551     2.42712    2.44283    0.015713    94       1158     
 3352.44 110     2603     2.42712    2.44282    0.0156983   103      1178     
 3459.74 112     2653     2.42713    2.44282    0.015692    104      1199     
 3581.47 114     2705     2.42714    2.44282    0.0156774   109      1223     
 3710.18 116     2755     2.42714    2.44281    0.0156709   114      1246     
 3842.21 118     2803     2.42715    2.4428     0.0156552   117      1269     
 3972.12 120     2853     2.42716    2.4428     0.0156359   124      1291     
 4131.54 122     2905     2.42717    2.4428     0.0156314   115      1315     
 4277.98 124     2953     2.42717    2.44279    0.0156194   129      1336     
 4434.2  126     3003     2.42718    2.44279    0.0156118   125      1358     
 4593.3  128     3053     2.42719    2.44278    0.0155958   133      1380     
 4747.12 130     3103     2.42719    2.44278    0.0155909   134      1402     
 4929.01 132     3153     2.42719    2.44276    0.0155709   145      1425     
 5100.61 134     3203     2.42719    2.44276    0.0155666   141      1447     
 5293.96 136     3253     2.42719    2.44276    0.015563    127      1470     
 5500.57 138     3301     2.42723    2.44275    0.0155197   146      1493     
 5703.18 140     3351     2.42724    2.44275    0.0155113   147      1515     
 5920.99 142     3400     2.42724    2.44275    0.0155083   160      1538     
 6150.64 144     3450     2.42724    2.44274    0.015504    156      1562     
 6383.4  146     3500     2.42724    2.44274    0.0155017   155      1586     
 6610.89 148     3550     2.42724    2.44274    0.0154963   164      1609     
 6834.28 150     3600     2.42724    2.44274    0.0154935   185      1630     
 7094.87 152     3650     2.42724    2.44273    0.0154912   196      1654     
 7374.64 154     3700     2.42724    2.44272    0.0154783   194      1678     
 7625.55 157     3761     2.42725    2.44272    0.0154719   183      1700     
 7894.21 159     3809     2.42725    2.44271    0.0154661   181      1722     
 8130.99 161     3859     2.42725    2.4427     0.0154455   178      1744     
 8373.29 163     3907     2.42726    2.44269    0.0154395   163      1764     
 8672.53 165     3957     2.42726    2.44267    0.0154129   159      1787     
 8959.91 167     4005     2.42726    2.44267    0.0154024   165      1808     
 9284.49 169     4053     2.42726    2.44266    0.0153988   169      1831     
 9587.69 171     4101     2.42727    2.44266    0.0153959   159      1851     
 9913.68 173     4150     2.42727    2.44266    0.0153893   154      1874     
 10247.8 175     4200     2.42728    2.44265    0.0153677   160      1896     
-------------------------------------------------------------------------------

SARSOP finishing ...
  Preset timeout reached
  Timeout     : 10000.000000s
  Actual Time : 10247.770000s

-------------------------------------------------------------------------------
 Time   |#Trial |#Backup |LBound    |UBound    |Precision  |#Alphas |#Beliefs  
-------------------------------------------------------------------------------
 10247.8 175     4200     2.42728    2.44265    0.0153677   160      1896     
-------------------------------------------------------------------------------

Writing out policy ...
  output file : ram_pomdp_soln/3e16474d84.policyx

