
Loading the model ...
  input file   : /home/rstudio/projects/pomdp-ram/notebook/ram_pomdp_soln/3e17ed1c023.pomdpx
  loading time : 8.05s 

SARSOP initializing ...
  initialization time : 271.50s

-------------------------------------------------------------------------------
 Time   |#Trial |#Backup |LBound    |UBound    |Precision  |#Alphas |#Beliefs  
-------------------------------------------------------------------------------
 271.5   0       0        3.1717     4.39276    1.22106     120      1        
 275.59  2       50       3.35574    3.44244    0.0867043   62       34       
 280.38  3       109      3.39634    3.44227    0.0459291   73       54       
 288.48  4       151      3.39825    3.44224    0.0439919   69       74       
 302.05  5       200      3.40659    3.44222    0.0356221   69       102      
 320.17  6       250      3.40992    3.44214    0.0322223   47       127      
 346     7       300      3.41031    3.44212    0.0318102   46       154      
 381.91  8       350      3.41071    3.4421     0.031388    64       178      
 411.34  10      419      3.41311    3.44208    0.0289669   58       201      
 443.69  11      467      3.41332    3.44205    0.0287267   58       224      
 476.04  12      513      3.41386    3.44162    0.0277608   54       246      
 517.88  13      561      3.41413    3.44162    0.0274896   65       267      
 559.52  14      609      3.41417    3.44161    0.0274434   71       288      
 619.5   15      655      3.41417    3.44161    0.0274383   82       309      
 670.74  16      701      3.41462    3.44153    0.0269133   85       331      
 732.68  17      750      3.4148     3.44153    0.0267238   94       354      
 808.12  18      800      3.41552    3.44152    0.0260015   108      379      
 881.49  19      850      3.41571    3.44148    0.0257627   126      404      
 968.47  20      900      3.41572    3.44146    0.0257474   127      427      
 1047.92 21      950      3.41574    3.44146    0.0257195   145      453      
 1162.26 22      1000     3.41607    3.44142    0.025346    111      480      
 1279.69 23      1050     3.41609    3.4414     0.0253102   116      506      
 1382.03 24      1100     3.4161     3.44133    0.025221    131      532      
 1516.68 25      1150     3.4161     3.44129    0.0251831   129      557      
 1636.02 26      1200     3.4161     3.44128    0.0251762   143      579      
 1758.89 27      1250     3.41611    3.44128    0.025173    148      601      
 1918.25 28      1300     3.41611    3.44128    0.0251703   131      623      
 2073.49 30      1373     3.41611    3.44128    0.0251688   141      643      
 2222.32 31      1421     3.41611    3.44128    0.0251669   146      664      
 2376.48 32      1469     3.41612    3.44128    0.0251512   152      684      
 2543.11 33      1519     3.41612    3.44127    0.0251404   170      705      
 2706.56 34      1565     3.41613    3.44127    0.0251403   174      724      
 2947.65 35      1613     3.41613    3.44127    0.0251399   148      744      
 3183.03 36      1659     3.41613    3.44126    0.0251345   155      764      
 3359.27 37      1705     3.41613    3.44126    0.0251328   161      784      
 3584.87 38      1751     3.41613    3.44126    0.0251268   174      804      
 3810.37 39      1800     3.41649    3.44125    0.0247649   167      827      
 4033.76 40      1850     3.41653    3.44124    0.0247082   176      849      
 4277.97 41      1900     3.41654    3.44124    0.0247047   176      872      
 4552.85 42      1950     3.41654    3.44124    0.0247036   187      894      
 4787.22 43      2000     3.41654    3.44124    0.024701    210      916      
 5028.96 44      2050     3.41654    3.44124    0.024701    235      938      
 5399.24 45      2100     3.41655    3.44124    0.0246864   241      961      
 5706.61 46      2150     3.41655    3.44124    0.0246858   226      984      
 5983.04 48      2221     3.41655    3.44124    0.0246823   237      1004     
 6245.93 49      2267     3.41655    3.44124    0.0246821   247      1023     
 6413.34 50      2313     3.41655    3.44124    0.0246819   252      1042     
 6668.67 51      2359     3.41655    3.44123    0.0246802   259      1061     
 6850.21 52      2405     3.41655    3.44123    0.0246798   271      1080     
 7021.09 53      2453     3.41655    3.44123    0.0246792   278      1100     
 7194.35 54      2500     3.41656    3.44123    0.0246775   281      1119     
 7529.65 55      2550     3.41656    3.44123    0.0246752   274      1140     
 7968.6  56      2600     3.41656    3.44123    0.0246752   266      1162     
 8335.55 57      2650     3.41656    3.44123    0.024675    282      1185     
 8853.34 58      2700     3.41657    3.44123    0.0246658   283      1208     
 9330.73 59      2750     3.41657    3.44123    0.0246656   269      1231     
 9852.01 61      2821     3.41657    3.44123    0.0246653   260      1250     
 10354.4 62      2867     3.41657    3.44123    0.0246645   255      1269     
-------------------------------------------------------------------------------

SARSOP finishing ...
  Preset timeout reached
  Timeout     : 10000.000000s
  Actual Time : 10354.440000s

-------------------------------------------------------------------------------
 Time   |#Trial |#Backup |LBound    |UBound    |Precision  |#Alphas |#Beliefs  
-------------------------------------------------------------------------------
 10354.4 62      2867     3.41657    3.44123    0.0246645   255      1269     
-------------------------------------------------------------------------------

Writing out policy ...
  output file : ram_pomdp_soln/3e17ed1c023.policyx

