
Loading the model ...
  input file   : /home/rstudio/projects/pomdp-ram/notebook/ram_pomdp_soln/3e245529ccb.pomdpx
  loading time : 9.28s 

SARSOP initializing ...
  initialization time : 1275.07s

-------------------------------------------------------------------------------
 Time   |#Trial |#Backup |LBound    |UBound    |Precision  |#Alphas |#Beliefs  
-------------------------------------------------------------------------------
 1275.07 0       0        1.42168    1.72625    0.304573    120      1        
 1278.86 1       85       1.43839    1.48517    0.0467815   78       22       
 1279.9  1       100      1.43839    1.48517    0.0467815   93       26       
 1283.04 2       173      1.44632    1.48516    0.0388413   92       35       
 1283.31 2       200      1.44632    1.48516    0.0388413   96       35       
 1284.17 3       261      1.45221    1.48516    0.0329473   16       37       
 1284.31 3       300      1.45221    1.48516    0.0329473   12       37       
 1285.27 4       351      1.45779    1.48516    0.0273731   18       40       
 1286.61 5       441      1.46201    1.48516    0.0231533   16       43       
 1286.66 5       450      1.46201    1.48516    0.0231533   17       43       
 1289.13 6       531      1.46439    1.48516    0.020772    13       49       
 1289.2  6       550      1.46439    1.48516    0.020772    12       49       
 1290.89 7       621      1.46665    1.48516    0.0185117   13       52       
 1291    7       650      1.46665    1.48516    0.0185117   13       52       
 1292.2  8       711      1.46845    1.48516    0.016709    15       54       
 1292.36 8       750      1.46845    1.48516    0.016709    12       54       
 1293.75 9       801      1.46966    1.48516    0.015496    14       56       
 1297.48 10      893      1.471      1.48516    0.0141556   14       61       
 1297.54 10      900      1.471      1.48516    0.0141556   15       61       
 1300.19 11      983      1.47221    1.48516    0.0129502   15       64       
 1300.28 11      1000     1.47221    1.48516    0.0129502   15       64       
 1303.5  12      1075     1.47369    1.48516    0.0114618   14       67       
 1303.61 12      1100     1.47369    1.48516    0.0114618   15       67       
 1311.33 13      1167     1.47485    1.48516    0.0103064   13       75       
 1311.47 13      1200     1.47485    1.48516    0.0103064   13       75       
 1316.26 14      1259     1.47571    1.48516    0.00944476  13       79       
 1316.47 14      1300     1.47571    1.48516    0.00944476  10       79       
 1322.11 15      1351     1.47638    1.48516    0.00877233  12       83       
 1326.17 16      1443     1.47702    1.48516    0.00813504  12       86       
 1326.22 16      1450     1.47702    1.48516    0.00813504  12       86       
 1332.8  17      1535     1.4776     1.48516    0.00756087  14       90       
 1332.89 17      1550     1.4776     1.48516    0.00756087  16       90       
 1338.94 18      1627     1.47815    1.48516    0.00700564  12       93       
 1339.05 18      1650     1.47815    1.48516    0.00700564  15       93       
 1345.77 19      1719     1.47862    1.48516    0.00653518  15       97       
 1345.92 19      1750     1.47862    1.48516    0.00653518  16       97       
 1351.59 20      1811     1.47905    1.48516    0.00610644  13       100      
 1351.77 20      1850     1.47905    1.48516    0.00610644  12       100      
 1356.84 21      1903     1.47942    1.48516    0.00573407  14       103      
 1362.22 22      1995     1.47972    1.48516    0.00543559  13       106      
 1362.28 22      2000     1.47972    1.48516    0.00543559  14       106      
 1368.15 23      2087     1.47998    1.48516    0.00517742  16       109      
 1368.25 23      2100     1.47998    1.48516    0.00517742  18       109      
 1376.33 24      2179     1.48018    1.48516    0.00497815  16       113      
 1376.47 24      2200     1.48018    1.48516    0.00497815  18       113      
 1387.38 25      2271     1.48034    1.48516    0.00481425  16       118      
 1387.55 25      2300     1.48034    1.48516    0.00481425  17       118      
 1390.35 26      2363     1.48051    1.48516    0.00464635  15       119      
 1390.53 26      2400     1.48051    1.48516    0.00464635  15       119      
 1397.64 27      2455     1.48066    1.48516    0.00449378  15       122      
 1405.64 27      2500     1.48066    1.48516    0.00449378  15       125      
 1406.01 28      2550     1.48081    1.48516    0.00434918  19       125      
 1413.64 29      2639     1.48093    1.48516    0.00422235  16       128      
 1413.76 29      2650     1.48093    1.48516    0.00422235  16       128      
 1422.61 30      2731     1.48104    1.48516    0.00411564  18       131      
 1422.77 30      2750     1.48104    1.48516    0.00411564  19       131      
 1434.49 31      2823     1.48112    1.48516    0.00403773  18       135      
 1434.68 31      2850     1.48112    1.48516    0.00403773  18       135      
 1447.32 32      2917     1.48122    1.48516    0.00393672  17       139      
 1447.53 32      2950     1.48122    1.48516    0.00393672  18       139      
 1461.08 33      3009     1.48133    1.48515    0.00382693  18       144      
 1461.32 33      3050     1.48133    1.48515    0.00382693  18       144      
 1467.88 34      3101     1.48145    1.48515    0.00370293  15       146      
 1480.4  35      3193     1.48157    1.48515    0.00358752  16       150      
 1480.5  35      3200     1.48157    1.48515    0.00358752  17       150      
 1489.84 36      3285     1.48167    1.48515    0.00348958  16       153      
 1489.97 36      3300     1.48167    1.48515    0.00348958  18       153      
 1503.26 37      3377     1.48175    1.48515    0.00340332  19       157      
 1503.42 37      3400     1.48175    1.48515    0.00340332  20       157      
 1513.57 38      3469     1.48183    1.48515    0.00332371  18       160      
 1513.77 38      3500     1.48183    1.48515    0.00332371  19       160      
 1524.59 39      3561     1.4819     1.48515    0.00325751  17       163      
 1524.82 39      3600     1.4819     1.48515    0.00325751  16       163      
 1535.5  40      3653     1.48196    1.48515    0.00319867  16       166      
 1551.38 41      3745     1.482      1.48515    0.00315515  18       170      
 1551.49 41      3750     1.482      1.48515    0.00315515  19       170      
 1568.7  42      3837     1.48205    1.48515    0.0031075   19       174      
 1568.84 42      3850     1.48205    1.48515    0.0031075   20       174      
 1581.64 43      3929     1.4821     1.48515    0.00305193  21       177      
 1581.86 43      3950     1.4821     1.48515    0.00305193  22       177      
 1594.39 44      4021     1.48216    1.48515    0.00299484  20       180      
 1594.62 44      4050     1.48216    1.48515    0.00299484  21       180      
 1610.4  45      4113     1.48221    1.48515    0.00294649  19       184      
 1610.65 45      4150     1.48221    1.48515    0.00294649  21       184      
 1623.54 46      4205     1.48225    1.48515    0.00290088  18       187      
 1636.2  46      4250     1.48225    1.48515    0.00290088  19       190      
 1636.71 47      4300     1.4823     1.48515    0.00285396  21       190      
 1649.2  48      4389     1.48234    1.48515    0.00281696  21       193      
 1649.36 48      4400     1.48234    1.48515    0.00281696  21       193      
 1662.94 49      4481     1.48237    1.48515    0.00278201  22       196      
 1663.14 49      4500     1.48237    1.48515    0.00278201  22       196      
 1677.83 50      4573     1.4824     1.48515    0.0027591   22       199      
 1678.07 50      4600     1.4824     1.48515    0.0027591   23       199      
 1698    51      4665     1.48242    1.48515    0.00273679  21       203      
 1698.28 51      4700     1.48242    1.48515    0.00273679  22       203      
 1708.79 52      4757     1.48244    1.48515    0.00271035  19       205      
 1714.31 52      4800     1.48244    1.48515    0.00271035  20       206      
 1725.9  53      4850     1.48248    1.48515    0.00267623  22       208      
 1758.72 54      4941     1.4825     1.48515    0.00265139  20       214      
 1758.84 54      4950     1.4825     1.48515    0.00265139  20       214      
 1770.62 55      5033     1.48253    1.48515    0.00261917  23       217      
 1770.79 55      5050     1.48253    1.48515    0.00261917  22       217      
 1786.98 56      5125     1.48257    1.48515    0.00258557  21       221      
 1787.19 56      5150     1.48257    1.48515    0.00258557  24       221      
 1800.97 57      5217     1.4826     1.48515    0.0025521   19       224      
 1801.22 57      5250     1.4826     1.48515    0.0025521   20       224      
 1816.32 58      5309     1.48263    1.48515    0.00252396  23       227      
 1816.64 58      5350     1.48263    1.48515    0.00252396  22       227      
 1831.86 59      5401     1.48266    1.48515    0.00249238  21       230      
 1856.75 60      5493     1.48269    1.48515    0.00246705  20       235      
 1856.89 60      5500     1.48269    1.48515    0.00246705  20       235      
 1871.52 61      5585     1.48271    1.48515    0.0024425   23       238      
 1871.71 61      5600     1.48271    1.48515    0.0024425   23       238      
 1895.88 62      5677     1.48273    1.48515    0.00242517  23       243      
 1896.12 62      5700     1.48273    1.48515    0.00242517  23       243      
 1931.08 63      5769     1.48275    1.48515    0.00240667  24       250      
 1931.38 63      5800     1.48275    1.48515    0.00240667  24       250      
 1960.56 64      5861     1.48276    1.48515    0.00239175  25       255      
 1960.9  64      5900     1.48276    1.48515    0.00239175  24       255      
 1992.65 65      5953     1.48278    1.48515    0.00237452  23       261      
 2016.18 66      6045     1.4828     1.48515    0.00235747  23       265      
 2016.33 66      6050     1.4828     1.48515    0.00235747  23       265      
 2042.45 67      6137     1.48282    1.48515    0.00233748  22       269      
 2042.62 67      6150     1.48282    1.48515    0.00233748  24       269      
 2064.02 68      6229     1.48284    1.48515    0.0023134   20       273      
 2064.23 68      6250     1.48284    1.48515    0.0023134   20       273      
 2080.97 69      6321     1.48286    1.48515    0.00229018  23       276      
 2081.24 69      6350     1.48286    1.48515    0.00229018  25       276      
 2103.95 70      6413     1.48288    1.48515    0.0022734   24       280      
 2104.24 70      6450     1.48288    1.48515    0.0022734   24       280      
 2120.08 71      6505     1.4829     1.48515    0.00225665  26       283      
 2132.97 72      6550     1.4829     1.48515    0.00225665  28       285      
 2133.49 72      6600     1.48292    1.48515    0.00223677  28       285      
 2158.32 73      6687     1.48293    1.48515    0.00221862  28       289      
 2158.52 73      6700     1.48293    1.48515    0.00221862  30       289      
 2183.09 74      6779     1.48295    1.48515    0.00220421  29       293      
 2183.35 74      6800     1.48295    1.48515    0.00220421  28       293      
 2210.24 75      6871     1.48296    1.48515    0.0021895   27       297      
 2210.52 75      6900     1.48296    1.48515    0.0021895   26       297      
 2236.1  76      6963     1.48298    1.48515    0.0021775   24       301      
 2236.45 76      7000     1.48298    1.48515    0.0021775   25       301      
 2256.6  77      7053     1.48299    1.48515    0.00216552  26       304      
 2277.6  78      7145     1.483      1.48515    0.00215573  26       307      
 2277.78 78      7150     1.483      1.48515    0.00215573  28       307      
 2312.73 79      7237     1.48301    1.48515    0.00214438  25       312      
 2312.96 79      7250     1.48301    1.48515    0.00214438  27       312      
 2340.73 80      7329     1.48302    1.48515    0.00213209  22       316      
 2340.98 80      7350     1.48302    1.48515    0.00213209  22       316      
 2362.82 81      7419     1.48303    1.48515    0.00212237  24       319      
 2363.13 81      7450     1.48303    1.48515    0.00212237  24       319      
 2393.26 82      7511     1.48304    1.48515    0.00211044  23       323      
 2393.63 82      7550     1.48304    1.48515    0.00211044  26       323      
 2420.06 83      7601     1.48305    1.48515    0.0021013   23       326      
 2457.63 84      7693     1.48306    1.48515    0.00209342  28       330      
 2457.83 84      7700     1.48306    1.48515    0.00209342  27       330      
 2500.61 85      7785     1.48307    1.48515    0.00208367  26       335      
 2500.87 85      7800     1.48307    1.48515    0.00208367  26       335      
 2537.73 86      7877     1.48308    1.48515    0.00207675  28       339      
 2538.04 86      7900     1.48308    1.48515    0.00207675  29       339      
 2562.72 87      7967     1.48308    1.48515    0.00206843  25       342      
 2563.06 87      8000     1.48308    1.48515    0.00206843  25       342      
 2583.57 88      8057     1.48309    1.48515    0.00206136  24       344      
 2602.1  88      8100     1.48309    1.48515    0.00206136  27       346      
 2612.03 89      8150     1.4831     1.48515    0.00205416  25       347      
 2656.56 90      8239     1.48311    1.48515    0.00204638  26       351      
 2656.82 90      8250     1.48311    1.48515    0.00204638  26       351      
 2689.8  91      8329     1.48311    1.48515    0.00204172  29       354      
 2690.1  91      8350     1.48311    1.48515    0.00204172  29       354      
 2737.28 92      8421     1.48312    1.48515    0.0020348   25       358      
 2737.57 92      8450     1.48312    1.48515    0.0020348   25       358      
 2771.96 93      8515     1.48312    1.48515    0.00202736  28       363      
 2772.3  93      8550     1.48312    1.48515    0.00202736  28       363      
 2794.82 94      8605     1.48313    1.48515    0.0020215   26       366      
 2816.47 95      8650     1.48313    1.48515    0.0020215   28       369      
 2817.04 95      8700     1.48314    1.48515    0.00201612  29       369      
 2833.08 96      8785     1.48314    1.48515    0.00200742  31       371      
 2833.34 96      8800     1.48314    1.48515    0.00200742  31       371      
 2871.12 97      8877     1.48315    1.48515    0.00199792  28       376      
 2871.43 97      8900     1.48315    1.48515    0.00199792  29       376      
 2902.37 98      8967     1.48316    1.48515    0.0019904   27       380      
 2902.72 98      9000     1.48316    1.48515    0.0019904   28       380      
 2926.78 99      9057     1.48317    1.48515    0.001984    27       383      
 2934.87 99      9100     1.48317    1.48515    0.001984    32       384      
 2943.66 100     9150     1.48317    1.48515    0.00197852  32       385      
 2961.23 101     9237     1.48318    1.48515    0.00197454  30       387      
 2961.48 101     9250     1.48318    1.48515    0.00197454  31       387      
 2979.03 102     9327     1.48318    1.48515    0.00197149  32       389      
 2979.39 102     9350     1.48318    1.48515    0.00197149  30       389      
 3006.21 103     9417     1.48318    1.48515    0.0019676   29       392      
 3006.61 103     9450     1.48318    1.48515    0.0019676   30       392      
 3014.52 104     9507     1.48319    1.48515    0.00196391  30       393      
 3042.04 104     9550     1.48319    1.48515    0.00196391  30       396      
 3060.57 105     9600     1.48319    1.48515    0.00196088  32       398      
 3078.57 106     9689     1.48319    1.48515    0.0019583   33       400      
 3078.83 106     9700     1.48319    1.48515    0.0019583   34       400      
 3103.02 107     9779     1.4832     1.48515    0.00195544  33       403      
 3103.34 107     9800     1.4832     1.48515    0.00195544  33       403      
 3122    108     9869     1.4832     1.48515    0.00195281  32       405      
 3122.36 108     9900     1.4832     1.48515    0.00195281  33       405      
 3140.35 109     9959     1.4832     1.48515    0.00195035  31       407      
 3140.78 109     10000    1.4832     1.48515    0.00195035  33       407      
 3177.96 110     10051    1.48321    1.48515    0.00194579  30       411      
 3205.85 111     10141    1.48321    1.48515    0.00194186  29       414      
 3206.1  111     10150    1.48321    1.48515    0.00194186  30       414      
 3223.25 112     10231    1.48321    1.48515    0.00193792  30       416      
 3223.55 112     10250    1.48321    1.48515    0.00193792  30       416      
 3245.88 113     10321    1.48322    1.48515    0.00193405  30       418      
 3246.26 113     10350    1.48322    1.48515    0.00193405  30       418      
 3267.58 114     10411    1.48322    1.48515    0.00193027  29       420      
 3268.02 114     10450    1.48322    1.48515    0.00193027  29       420      
 3299.23 115     10501    1.48322    1.48515    0.00192652  28       423      
 3308.84 116     10591    1.48323    1.48515    0.00192286  29       424      
 3309.09 116     10600    1.48323    1.48515    0.00192286  29       424      
 3329.28 117     10681    1.48323    1.48515    0.0019202   29       426      
 3329.62 117     10700    1.48323    1.48515    0.0019202   30       426      
 3354.92 118     10771    1.48323    1.48515    0.00191741  31       428      
 3355.33 118     10800    1.48323    1.48515    0.00191741  32       428      
 3396.29 119     10861    1.48324    1.48515    0.00191424  31       432      
 3396.76 119     10900    1.48324    1.48515    0.00191424  31       432      
 3434.55 120     10953    1.48324    1.48515    0.00191162  32       435      
 3471.62 121     11043    1.48324    1.48515    0.00190991  34       438      
 3471.92 121     11050    1.48324    1.48515    0.00190991  34       438      
 3506.77 122     11133    1.48324    1.48515    0.00190803  32       441      
 3507.15 122     11150    1.48324    1.48515    0.00190803  34       441      
 3544.67 123     11225    1.48324    1.48515    0.00190537  36       444      
 3545.08 123     11250    1.48324    1.48515    0.00190537  36       444      
 3584.52 124     11315    1.48325    1.48515    0.00190342  36       447      
 3585.01 124     11350    1.48325    1.48515    0.00190342  36       447      
 3601.48 125     11405    1.48325    1.48515    0.00190185  37       448      
 3629.45 126     11450    1.48325    1.48515    0.00190185  37       450      
 3630.22 126     11500    1.48325    1.48515    0.00190045  36       450      
 3644.52 127     11585    1.48325    1.48515    0.00189903  34       451      
 3644.87 127     11600    1.48325    1.48515    0.00189903  34       451      
 3683.3  128     11675    1.48325    1.48515    0.00189652  32       454      
 3683.71 128     11700    1.48325    1.48515    0.00189652  33       454      
 3713.9  129     11765    1.48326    1.48515    0.00189422  33       456      
 3714.37 129     11800    1.48326    1.48515    0.00189422  33       456      
 3743.07 130     11855    1.48326    1.48515    0.00189256  36       458      
 3796.45 131     11900    1.48326    1.48515    0.00189256  37       462      
 3797.25 131     11950    1.48326    1.48515    0.00189112  36       462      
 3846.16 132     12035    1.48326    1.48515    0.00188925  33       465      
 3846.54 132     12050    1.48326    1.48515    0.00188925  34       465      
 3874.51 133     12125    1.48326    1.48515    0.00188711  27       467      
 3874.92 133     12150    1.48326    1.48515    0.00188711  28       467      
 3935.19 134     12215    1.48327    1.48515    0.00188362  28       472      
 3935.67 134     12250    1.48327    1.48515    0.00188362  29       472      
 3988.39 135     12305    1.48327    1.48515    0.00188133  37       476      
 4022.42 136     12350    1.48327    1.48515    0.00188133  37       478      
 4023.04 136     12400    1.48327    1.48515    0.00187929  36       478      
 4043.28 137     12485    1.48327    1.48515    0.00187704  30       480      
 4043.57 137     12500    1.48327    1.48515    0.00187704  31       480      
 4060.68 138     12575    1.48327    1.48515    0.00187487  32       482      
 4061.04 138     12600    1.48327    1.48515    0.00187487  32       482      
 4081.85 139     12667    1.48328    1.48515    0.00187279  31       484      
 4082.27 139     12700    1.48328    1.48515    0.00187279  34       484      
 4119.24 140     12757    1.48328    1.48515    0.00187038  33       488      
 4137.22 140     12800    1.48328    1.48515    0.00187038  34       490      
 4147.33 141     12850    1.48328    1.48515    0.00186744  31       491      
 4190.62 142     12937    1.48328    1.48515    0.00186444  32       495      
 4190.91 142     12950    1.48328    1.48515    0.00186444  30       495      
 4212.81 143     13027    1.48329    1.48515    0.00186008  31       497      
 4213.19 143     13050    1.48329    1.48515    0.00186008  31       497      
 4235.31 144     13117    1.48329    1.48515    0.00185626  28       499      
 4235.73 144     13150    1.48329    1.48515    0.00185626  29       499      
 4267.49 145     13207    1.4833     1.48515    0.00185255  31       502      
 4292.11 145     13250    1.4833     1.48515    0.00185255  32       504      
 4303.58 146     13300    1.4833     1.48515    0.00184937  33       505      
 4339.11 147     13387    1.4833     1.48515    0.00184564  29       508      
 4339.41 147     13400    1.4833     1.48515    0.00184564  30       508      
 4361.99 148     13477    1.48331    1.48515    0.00184225  32       510      
 4362.4  148     13500    1.48331    1.48515    0.00184225  33       510      
 4402.09 149     13567    1.48331    1.48515    0.00183971  33       513      
 4402.57 149     13600    1.48331    1.48515    0.00183971  34       513      
 4435.57 150     13657    1.48331    1.48515    0.00183721  31       516      
 4460.34 150     13700    1.48331    1.48515    0.00183721  31       518      
 4472.06 151     13750    1.48331    1.48515    0.00183496  31       519      
 4507.41 152     13837    1.48332    1.48515    0.00183166  32       522      
 4507.74 152     13850    1.48332    1.48515    0.00183166  32       522      
 4550.75 153     13927    1.48332    1.48515    0.00182871  31       526      
 4551.17 153     13950    1.48332    1.48515    0.00182871  32       526      
 4588.87 154     14017    1.48332    1.48515    0.00182639  33       529      
 4589.37 154     14050    1.48332    1.48515    0.00182639  33       529      
 4633.6  155     14107    1.48332    1.48515    0.00182415  32       533      
 4656.77 155     14150    1.48332    1.48515    0.00182415  33       535      
 4685.14 156     14200    1.48333    1.48515    0.00182168  33       537      
 4726.83 157     14289    1.48333    1.48515    0.00181919  38       540      
 4727.21 157     14300    1.48333    1.48515    0.00181919  37       540      
 4796.53 158     14383    1.48333    1.48515    0.001817    40       545      
 4796.93 158     14400    1.48333    1.48515    0.001817    40       545      
 4833.61 159     14473    1.48333    1.48515    0.0018142   39       548      
 4834.11 159     14500    1.48333    1.48515    0.0018142   40       548      
 4869.09 160     14563    1.48334    1.48515    0.0018116   39       551      
 4869.64 160     14600    1.48334    1.48515    0.0018116   39       551      
 4896.22 161     14653    1.48334    1.48515    0.00180968  39       553      
 4938.37 162     14743    1.48334    1.48515    0.0018078   39       556      
 4938.71 162     14750    1.48334    1.48515    0.0018078   38       556      
 4984.96 163     14833    1.48334    1.48515    0.00180623  37       559      
 4985.38 163     14850    1.48334    1.48515    0.00180623  37       559      
 5035.86 164     14923    1.48334    1.48515    0.00180485  34       562      
 5036.37 164     14950    1.48334    1.48515    0.00180485  36       562      
 5084.62 165     15013    1.48334    1.48515    0.00180347  33       565      
 5085.19 165     15050    1.48334    1.48515    0.00180347  36       565      
 5118.72 166     15103    1.48335    1.48515    0.00180201  36       567      
 5161.61 167     15193    1.48335    1.48515    0.00179975  35       570      
 5161.96 167     15200    1.48335    1.48515    0.00179975  35       570      
 5209.82 168     15283    1.48335    1.48515    0.00179796  36       573      
 5210.24 168     15300    1.48335    1.48515    0.00179796  36       573      
 5264.41 169     15373    1.48335    1.48515    0.00179615  35       576      
 5264.97 169     15400    1.48335    1.48515    0.00179615  35       576      
 5336.74 170     15463    1.48335    1.48515    0.00179428  34       580      
 5337.39 170     15500    1.48335    1.48515    0.00179428  35       580      
 5377.75 171     15551    1.48336    1.48515    0.00179258  37       582      
 5432.9  172     15641    1.48336    1.48515    0.0017906   34       585      
 5433.36 172     15650    1.48336    1.48515    0.0017906   36       585      
 5501.07 173     15731    1.48336    1.48515    0.00178888  37       588      
 5501.5  173     15750    1.48336    1.48515    0.00178888  37       588      
 5552.87 174     15821    1.48336    1.48515    0.00178752  35       591      
 5553.41 174     15850    1.48336    1.48515    0.00178752  36       591      
 5569.01 175     15909    1.48336    1.48515    0.00178566  38       592      
 5569.65 175     15950    1.48336    1.48515    0.00178566  37       592      
 5584.36 176     16000    1.48336    1.48515    0.00178425  38       593      
 5651.78 177     16089    1.48336    1.48515    0.00178287  39       598      
 5652.16 177     16100    1.48336    1.48515    0.00178287  38       598      
 5671    178     16179    1.48337    1.48515    0.00178167  39       599      
 5671.47 178     16200    1.48337    1.48515    0.00178167  39       599      
 5712.91 179     16269    1.48337    1.48515    0.00178043  39       602      
 5713.45 179     16300    1.48337    1.48515    0.00178043  38       602      
 5745.2  180     16359    1.48337    1.48515    0.00177898  42       604      
 5745.84 180     16400    1.48337    1.48515    0.00177898  41       604      
 5787.47 181     16450    1.48337    1.48515    0.00177796  40       607      
 5817.52 182     16537    1.48337    1.48515    0.00177685  43       609      
 5817.92 182     16550    1.48337    1.48515    0.00177685  42       609      
 5849.52 183     16627    1.48337    1.48515    0.00177607  43       611      
 5850.04 183     16650    1.48337    1.48515    0.00177607  43       611      
 5895.62 184     16717    1.48337    1.48515    0.00177517  42       614      
 5896.27 184     16750    1.48337    1.48515    0.00177517  41       614      
 5963.41 185     16809    1.48337    1.48515    0.00177425  47       618      
 5964.18 185     16850    1.48337    1.48515    0.00177425  42       618      
 5986.15 186     16900    1.48337    1.48515    0.0017733   44       619      
 5987.35 187     16985    1.48337    1.48515    0.00177274  48       619      
 5987.78 187     17000    1.48337    1.48515    0.00177274  46       619      
 6015.72 188     17073    1.48338    1.48515    0.00177213  47       621      
 6016.26 188     17100    1.48338    1.48515    0.00177213  46       621      
 6031.05 189     17161    1.48338    1.48515    0.00177132  47       622      
 6031.73 189     17200    1.48338    1.48515    0.00177132  47       622      
 6062.52 190     17251    1.48338    1.48515    0.00177068  46       624      
 6092.6  191     17341    1.48338    1.48515    0.00176978  43       626      
 6093.04 191     17350    1.48338    1.48515    0.00176978  41       626      
 6119.44 192     17429    1.48338    1.48515    0.00176893  40       628      
 6119.93 192     17450    1.48338    1.48515    0.00176893  40       628      
 6161.4  193     17519    1.48338    1.48515    0.00176784  40       631      
 6162.02 193     17550    1.48338    1.48515    0.00176784  40       631      
 6192.25 194     17609    1.48338    1.48515    0.00176691  41       633      
 6192.93 194     17650    1.48338    1.48515    0.00176691  43       633      
 6206.96 195     17700    1.48338    1.48515    0.00176549  43       634      
 6235.04 196     17789    1.48338    1.48515    0.00176451  44       636      
 6235.44 196     17800    1.48338    1.48515    0.00176451  44       636      
 6270.93 197     17877    1.48338    1.48515    0.00176365  46       639      
 6271.46 197     17900    1.48338    1.48515    0.00176365  46       639      
 6312.14 198     17967    1.48338    1.48515    0.0017626   43       642      
 6312.75 198     18000    1.48338    1.48515    0.0017626   43       642      
 6328.01 199     18057    1.48338    1.48515    0.00176175  46       643      
 6342.98 199     18100    1.48338    1.48515    0.00176175  45       644      
 6344.2  200     18150    1.48339    1.48515    0.00176086  42       644      
 6408.87 201     18235    1.48339    1.48515    0.00175961  44       649      
 6409.32 201     18250    1.48339    1.48515    0.00175961  44       649      
 6424.18 202     18323    1.48339    1.48515    0.00175895  46       650      
 6424.74 202     18350    1.48339    1.48515    0.00175895  46       650      
 6438.51 203     18411    1.48339    1.48515    0.00175839  49       651      
 6439.26 203     18450    1.48339    1.48515    0.00175839  49       651      
 6455.31 204     18500    1.48339    1.48515    0.00175784  45       652      
 6512.6  205     18591    1.48339    1.48515    0.00175732  47       656      
 6513.01 205     18600    1.48339    1.48515    0.00175732  45       656      
 6526    206     18679    1.48339    1.48515    0.0017564   45       657      
 6526.51 206     18700    1.48339    1.48515    0.0017564   46       657      
 6568.82 207     18769    1.48339    1.48515    0.00175564  51       660      
 6569.46 207     18800    1.48339    1.48515    0.00175564  49       660      
 6596.77 208     18857    1.48339    1.48515    0.00175483  45       662      
 6626.75 208     18900    1.48339    1.48515    0.00175483  47       664      
 6628.12 209     18950    1.48339    1.48515    0.0017541   46       664      
 6658.45 210     19035    1.48339    1.48515    0.00175362  48       666      
 6658.92 210     19050    1.48339    1.48515    0.00175362  46       666      
 6700.59 211     19125    1.48339    1.48515    0.00175289  44       669      
 6701.17 211     19150    1.48339    1.48515    0.00175289  46       669      
 6717.23 212     19213    1.48339    1.48515    0.00175235  49       670      
 6717.97 212     19250    1.48339    1.48515    0.00175235  48       670      
 6765.39 213     19303    1.48339    1.48515    0.001752    50       673      
 6796.27 214     19391    1.48339    1.48515    0.00175161  51       675      
 6796.71 214     19400    1.48339    1.48515    0.00175161  51       675      
 6811.56 215     19479    1.4834     1.48515    0.00175078  47       676      
 6812.12 215     19500    1.4834     1.48515    0.00175078  48       676      
 6899.59 216     19571    1.4834     1.48515    0.00174996  48       682      
 6900.26 216     19600    1.4834     1.48515    0.00174996  49       682      
 6932.99 217     19659    1.4834     1.48515    0.00174898  44       684      
 6933.82 217     19700    1.4834     1.48515    0.00174898  47       684      
 6968.23 218     19750    1.4834     1.48515    0.00174842  46       686      
 7002.6  219     19839    1.4834     1.48515    0.00174775  44       688      
 7003.07 219     19850    1.4834     1.48515    0.00174775  45       688      
 7037.32 220     19927    1.4834     1.48515    0.00174717  48       690      
 7037.96 220     19950    1.4834     1.48515    0.00174717  47       690      
 7079.65 221     20015    1.4834     1.48515    0.00174652  47       692      
 7080.4  221     20050    1.4834     1.48515    0.00174652  46       692      
 7149.01 222     20105    1.4834     1.48515    0.00174554  46       696      
 7188.35 223     20150    1.4834     1.48515    0.00174554  45       698      
 7189.57 223     20200    1.4834     1.48515    0.00174478  44       698      
 7236.27 224     20285    1.4834     1.48515    0.00174388  45       700      
 7236.78 224     20300    1.4834     1.48515    0.00174388  47       700      
 7317.15 225     20375    1.4834     1.48515    0.00174305  50       704      
 7317.9  225     20400    1.4834     1.48515    0.00174305  51       704      
 7351.91 226     20463    1.4834     1.48515    0.0017422   50       706      
 7352.76 226     20500    1.4834     1.48515    0.0017422   52       706      
 7376.27 227     20551    1.4834     1.48515    0.00174161  49       707      
 7409.61 228     20641    1.4834     1.48515    0.00174127  50       709      
 7410.18 228     20650    1.4834     1.48515    0.00174127  49       709      
 7486.31 229     20733    1.4834     1.48515    0.00174059  47       713      
 7486.87 229     20750    1.4834     1.48515    0.00174059  49       713      
 7534.66 230     20823    1.48341    1.48514    0.00173988  50       716      
 7535.38 230     20850    1.48341    1.48514    0.00173988  49       716      
 7598.11 231     20913    1.48341    1.48514    0.00173916  51       719      
 7598.92 231     20950    1.48341    1.48514    0.00173916  51       719      
 7621.03 232     21001    1.48341    1.48514    0.00173841  49       720      
 7663.51 233     21091    1.48341    1.48514    0.00173775  53       722      
 7664.05 233     21100    1.48341    1.48514    0.00173775  52       722      
 7704.34 234     21179    1.48341    1.48514    0.00173707  53       724      
 7704.98 234     21200    1.48341    1.48514    0.00173707  52       724      
 7741.55 235     21267    1.48341    1.48514    0.00173627  51       726      
 7742.36 235     21300    1.48341    1.48514    0.00173627  51       726      
 7765.55 236     21355    1.48341    1.48514    0.00173567  49       727      
 7840.36 237     21400    1.48341    1.48514    0.00173567  49       730      
 7841.58 237     21450    1.48341    1.48514    0.00173534  50       730      
 7893.8  238     21533    1.48341    1.48514    0.00173505  52       732      
 7894.43 238     21550    1.48341    1.48514    0.00173505  52       732      
 7942.05 239     21621    1.48341    1.48514    0.00173446  49       734      
 7942.85 239     21650    1.48341    1.48514    0.00173446  50       734      
 7971.27 240     21709    1.48341    1.48514    0.00173392  50       735      
 7972.42 240     21750    1.48341    1.48514    0.00173392  52       735      
 8016.3  241     21800    1.48341    1.48514    0.00173325  55       737      
 8044.33 242     21885    1.48341    1.48514    0.00173295  59       738      
 8044.93 242     21900    1.48341    1.48514    0.00173295  59       738      
 8083.85 243     21973    1.48341    1.48514    0.0017326   59       740      
 8084.54 243     22000    1.48341    1.48514    0.0017326   59       740      
 8107.95 244     22061    1.48341    1.48514    0.00173226  54       741      
 8108.79 244     22100    1.48341    1.48514    0.00173226  54       741      
 8130.26 245     22150    1.48341    1.48514    0.00173199  58       742      
 8180.06 246     22239    1.48341    1.48514    0.00173182  58       744      
 8180.67 246     22250    1.48341    1.48514    0.00173182  58       744      
 8207.87 247     22327    1.48341    1.48514    0.00173159  59       745      
 8208.61 247     22350    1.48341    1.48514    0.00173159  59       745      
 8283.03 248     22417    1.48341    1.48514    0.00173137  56       748      
 8283.77 248     22450    1.48341    1.48514    0.00173137  56       748      
 8321.11 249     22505    1.48341    1.48514    0.00173118  58       750      
 8396.74 250     22593    1.48341    1.48514    0.00173075  58       753      
 8397.28 250     22600    1.48341    1.48514    0.00173075  58       753      
 8419.27 251     22681    1.48341    1.48514    0.00173036  56       754      
 8419.91 251     22700    1.48341    1.48514    0.00173036  56       754      
 8497.19 252     22769    1.48341    1.48514    0.00172976  54       757      
 8498.02 252     22800    1.48341    1.48514    0.00172976  54       757      
 8625.55 253     22859    1.48341    1.48514    0.00172908  55       761      
 8626.65 253     22900    1.48341    1.48514    0.00172908  55       761      
 8732.13 254     22950    1.48341    1.48514    0.00172847  56       764      
 8761.78 255     23037    1.48342    1.48514    0.0017281   55       765      
 8762.48 255     23050    1.48342    1.48514    0.0017281   55       765      
 8849.19 256     23127    1.48342    1.48514    0.0017276   54       768      
 8849.85 256     23150    1.48342    1.48514    0.0017276   54       768      
 8904.51 257     23215    1.48342    1.48514    0.00172686  55       770      
 8905.49 257     23250    1.48342    1.48514    0.00172686  54       770      
 8956.43 258     23303    1.48342    1.48514    0.00172633  52       772      
 9011.16 259     23391    1.48342    1.48514    0.00172599  53       774      
 9011.78 259     23400    1.48342    1.48514    0.00172599  53       774      
 9132.7  260     23479    1.48342    1.48514    0.00172454  53       780      
 9133.36 260     23500    1.48342    1.48514    0.00172454  52       780      
 9272.28 261     23569    1.48342    1.48514    0.00172172  51       787      
 9273.14 261     23600    1.48342    1.48514    0.00172172  51       787      
 9365.93 262     23659    1.48342    1.48514    0.00172061  56       791      
 9367.02 262     23700    1.48342    1.48514    0.00172061  54       791      
 9421.35 263     23750    1.48342    1.48514    0.00172005  56       793      
 9497.73 264     23837    1.48342    1.48514    0.00171959  57       796      
 9498.38 264     23850    1.48342    1.48514    0.00171959  57       796      
 9554.54 265     23925    1.48342    1.48514    0.0017192   57       799      
 9555.3  265     23950    1.48342    1.48514    0.0017192   57       799      
 9579.32 266     24013    1.48342    1.48514    0.00171884  59       800      
 9580.21 266     24050    1.48342    1.48514    0.00171884  59       800      
 9624.09 267     24103    1.48342    1.48514    0.00171842  58       802      
 9671.45 268     24193    1.48342    1.48514    0.00171803  60       804      
 9672.03 268     24200    1.48342    1.48514    0.00171803  60       804      
 9728.52 269     24283    1.48342    1.48514    0.00171764  57       807      
 9729.14 269     24300    1.48342    1.48514    0.00171764  57       807      
 9770.05 270     24371    1.48342    1.48514    0.00171726  58       809      
 9770.79 270     24400    1.48342    1.48514    0.00171726  58       809      
 9823.86 271     24461    1.48342    1.48514    0.00171683  61       812      
 9824.77 271     24500    1.48342    1.48514    0.00171683  60       812      
 9876.32 272     24551    1.48342    1.48514    0.00171636  60       815      
 9908.18 273     24641    1.48342    1.48514    0.0017161   67       817      
 9908.72 273     24650    1.48342    1.48514    0.0017161   67       817      
 9925.01 274     24729    1.48342    1.48514    0.00171584  61       818      
 9925.69 274     24750    1.48342    1.48514    0.00171584  61       818      
 9946.31 275     24817    1.48342    1.48514    0.00171567  62       819      
 9947.14 275     24850    1.48342    1.48514    0.00171567  62       819      
 9961.41 276     24905    1.48342    1.48514    0.00171548  63       820      
 9985.52 277     24993    1.48342    1.48514    0.00171492  63       822      
 9986.08 277     25000    1.48342    1.48514    0.00171492  61       822      
 10002.5 278     25081    1.48342    1.48514    0.00171433  61       823      
-------------------------------------------------------------------------------

SARSOP finishing ...
  Preset timeout reached
  Timeout     : 10000.000000s
  Actual Time : 10002.460000s

-------------------------------------------------------------------------------
 Time   |#Trial |#Backup |LBound    |UBound    |Precision  |#Alphas |#Beliefs  
-------------------------------------------------------------------------------
 10002.5 278     25081    1.48342    1.48514    0.00171433  61       823      
-------------------------------------------------------------------------------

Writing out policy ...
  output file : ram_pomdp_soln/3e245529ccb.policyx

