
Loading the model ...
  input file   : /home/rstudio/projects/pomdp-ram/notebook/ram_pomdp_soln/3e251d3d83f.pomdpx
  loading time : 8.05s 

SARSOP initializing ...
  initialization time : 1104.44s

-------------------------------------------------------------------------------
 Time   |#Trial |#Backup |LBound    |UBound    |Precision  |#Alphas |#Beliefs  
-------------------------------------------------------------------------------
 1104.44 0       0        1.3889     1.5423     0.153404    120      1        
 1117.22 0       50       1.39021    1.40793    0.0177158   39       21       
 1120.33 1       101      1.39179    1.40733    0.0155325   62       21       
 1139.54 1       150      1.39179    1.40733    0.0155325   40       34       
 1142.05 2       203      1.39301    1.40713    0.0141212   36       35       
 1158.71 2       250      1.39301    1.40713    0.0141212   35       43       
 1161.53 3       303      1.39398    1.40705    0.0130724   34       45       
 1233.58 3       350      1.39398    1.40705    0.0130724   37       69       
 1238.09 4       403      1.39479    1.40697    0.012183    34       71       
 1265.7  4       450      1.39479    1.40697    0.012183    35       78       
 1269.29 5       503      1.39535    1.40693    0.0115798   32       80       
 1435.48 5       550      1.39535    1.40693    0.0115798   35       113      
 1439.33 6       603      1.39592    1.40691    0.0109846   24       115      
 1445.85 6       650      1.39592    1.40691    0.0109846   22       117      
 1449.03 7       703      1.39642    1.40689    0.0104765   19       119      
 1495.15 7       750      1.39642    1.40689    0.0104765   19       127      
 1499.39 8       803      1.3969     1.40688    0.00998595  16       129      
 1670.06 8       850      1.3969     1.40688    0.00998595  17       152      
 1674.83 9       903      1.39733    1.40686    0.00952599  18       154      
 1747.73 9       950      1.39733    1.40686    0.00952599  19       163      
 1751.26 10      1003     1.3977     1.40685    0.00914777  18       165      
 1782.71 10      1050     1.3977     1.40685    0.00914777  16       169      
 1787.18 11      1103     1.39806    1.40685    0.00878302  15       171      
 1836.83 11      1150     1.39806    1.40685    0.00878302  14       177      
 1845.89 12      1203     1.39836    1.40684    0.00848304  16       179      
 1856.19 12      1250     1.39836    1.40684    0.00848304  17       181      
 1859.6  13      1301     1.39859    1.40684    0.00825738  16       182      
 1889.56 13      1350     1.39859    1.40684    0.00825738  17       187      
 1890.18 14      1401     1.39882    1.40684    0.00802435  17       187      
 1899.93 15      1450     1.39882    1.40684    0.00802435  15       189      
 1900.39 15      1500     1.39903    1.40684    0.0078166   16       189      
 1908.04 16      1599     1.39919    1.40684    0.00765199  20       192      
 1908.13 16      1600     1.39919    1.40684    0.00765199  20       192      
 1931.26 17      1699     1.39933    1.40684    0.00751217  19       196      
 1931.34 17      1700     1.39933    1.40684    0.00751217  20       196      
 1987.26 18      1797     1.39944    1.40684    0.00740202  19       202      
 1987.37 18      1800     1.39944    1.40684    0.00740202  18       202      
 2061.55 19      1897     1.39958    1.40682    0.00724041  17       210      
 2061.65 19      1900     1.39958    1.40682    0.00724041  16       210      
 2142.85 20      1997     1.39975    1.40682    0.00706687  16       219      
 2142.96 20      2000     1.39975    1.40682    0.00706687  16       219      
 2165.76 21      2095     1.39988    1.40682    0.00693755  18       222      
 2165.88 21      2100     1.39988    1.40682    0.00693755  17       222      
 2183.71 22      2193     1.39998    1.40681    0.00683166  18       225      
 2183.85 22      2200     1.39998    1.40681    0.00683166  17       225      
 2212.91 23      2293     1.4001     1.40681    0.00671904  19       229      
 2213.05 23      2300     1.4001     1.40681    0.00671904  18       229      
 2249.21 24      2391     1.40018    1.40681    0.00663306  20       233      
 2249.36 24      2400     1.40018    1.40681    0.00663306  18       233      
 2257.31 25      2489     1.40027    1.40681    0.00654414  21       235      
 2257.47 25      2500     1.40027    1.40681    0.00654414  16       235      
 2262.53 26      2587     1.40034    1.40681    0.00647749  19       236      
 2262.73 26      2600     1.40034    1.40681    0.00647749  18       236      
 2278.22 27      2685     1.4004     1.40681    0.00641252  23       238      
 2278.42 27      2700     1.4004     1.40681    0.00641252  22       238      
 2293.56 28      2783     1.40045    1.40681    0.00636485  23       240      
 2293.78 28      2800     1.40045    1.40681    0.00636485  22       240      
 2315.39 29      2881     1.40049    1.40681    0.00632029  25       243      
 2315.63 29      2900     1.40049    1.40681    0.00632029  25       243      
 2344.78 30      2979     1.40052    1.40681    0.00628986  25       246      
 2345.03 30      3000     1.40052    1.40681    0.00628986  25       246      
 2364.25 31      3077     1.40056    1.40681    0.00625186  25       248      
 2364.49 31      3100     1.40056    1.40681    0.00625186  25       248      
 2409.38 32      3177     1.4006     1.40681    0.00621057  23       252      
 2409.61 32      3200     1.4006     1.40681    0.00621057  23       252      
 2433.92 33      3275     1.40065    1.40681    0.00615774  23       255      
 2434.18 33      3300     1.40065    1.40681    0.00615774  23       255      
 2499.34 34      3373     1.4007     1.40681    0.0061053   21       259      
 2499.61 34      3400     1.4007     1.40681    0.0061053   21       259      
 2509.32 35      3471     1.40075    1.40681    0.0060599   22       261      
 2509.6  35      3500     1.40075    1.40681    0.0060599   22       261      
 2638.18 36      3569     1.40079    1.4068     0.00601873  24       269      
 2816.46 36      3600     1.40079    1.4068     0.00601873  25       279      
 2857.5  37      3667     1.40082    1.4068     0.00598158  29       282      
 2978.33 37      3700     1.40082    1.4068     0.00598158  29       289      
 3025.58 38      3765     1.40086    1.4068     0.00594329  24       293      
 3199.44 38      3800     1.40086    1.4068     0.00594329  24       304      
 3355.04 39      3863     1.4009     1.4068     0.00589524  25       313      
 3387.5  39      3900     1.4009     1.4068     0.00589524  26       315      
 3422.12 40      3961     1.40094    1.4068     0.00585549  25       319      
 3422.99 40      4000     1.40094    1.4068     0.00585549  26       319      
 3434.78 41      4059     1.40098    1.40679    0.00581505  23       321      
 3435.2  41      4100     1.40098    1.40679    0.00581505  24       321      
 3465.38 42      4157     1.40102    1.40679    0.00577627  24       324      
 3465.85 42      4200     1.40102    1.40679    0.00577627  24       324      
 3482.9  43      4255     1.40105    1.40679    0.00574779  25       327      
 3505.1  43      4300     1.40105    1.40679    0.00574779  26       328      
 3534.6  44      4353     1.40108    1.40679    0.00571642  25       331      
 3547.08 44      4400     1.40108    1.40679    0.00571642  26       333      
 3553.29 45      4451     1.4011     1.40679    0.00568763  26       334      
 3587.48 46      4500     1.4011     1.40679    0.00568763  28       337      
 3588.21 46      4550     1.40114    1.40679    0.00565331  24       337      
 3648.17 47      4647     1.40118    1.40679    0.00561474  23       340      
 3648.33 47      4650     1.40118    1.40679    0.00561474  23       340      
 3728.45 48      4745     1.40121    1.40679    0.0055756   21       345      
 3728.63 48      4750     1.40121    1.40679    0.0055756   21       345      
 3735.72 49      4841     1.40124    1.40679    0.00554733  25       346      
 3735.95 49      4850     1.40124    1.40679    0.00554733  25       346      
 3769.43 50      4939     1.40127    1.40679    0.00551559  26       349      
 3769.68 50      4950     1.40127    1.40679    0.00551559  26       349      
 3818.44 51      5035     1.4013     1.40679    0.00548577  25       352      
 3818.68 51      5050     1.4013     1.40679    0.00548577  25       352      
 3830.51 52      5131     1.40132    1.40679    0.00546412  26       354      
 3830.79 52      5150     1.40132    1.40679    0.00546412  26       354      
 3838.07 53      5227     1.40134    1.40679    0.00544597  25       355      
 3838.37 53      5250     1.40134    1.40679    0.00544597  25       355      
 3874.94 54      5325     1.40136    1.40679    0.00542843  24       358      
 3875.26 54      5350     1.40136    1.40679    0.00542843  24       358      
 3947.78 55      5423     1.40138    1.40679    0.00541012  26       362      
 3948.12 55      5450     1.40138    1.40679    0.00541012  26       362      
 3980.37 56      5519     1.4014     1.40679    0.0053906   25       364      
 3980.73 56      5550     1.4014     1.40679    0.0053906   25       364      
 4002.68 57      5617     1.40141    1.40679    0.00537581  29       367      
 4003.1  57      5650     1.40141    1.40679    0.00537581  29       367      
 4075.06 58      5715     1.40143    1.40678    0.00535863  28       371      
 4075.46 58      5750     1.40143    1.40678    0.00535863  28       371      
 4083.25 59      5811     1.40144    1.40678    0.00534342  26       372      
 4083.69 59      5850     1.40144    1.40678    0.00534342  26       372      
 4101.02 60      5907     1.40145    1.40678    0.00533338  28       374      
 4101.56 60      5950     1.40145    1.40678    0.00533338  28       374      
 4140.57 61      6005     1.40146    1.40678    0.00532378  28       377      
 4195.41 61      6050     1.40146    1.40678    0.00532378  28       379      
 4249.46 62      6101     1.40147    1.40678    0.0053124   29       381      
 4323.83 63      6197     1.40148    1.40678    0.00530139  31       385      
 4324.02 63      6200     1.40148    1.40678    0.00530139  31       385      
 4377.77 64      6295     1.40149    1.40678    0.00529161  30       388      
 4378.06 64      6300     1.40149    1.40678    0.00529161  30       388      
 4389.6  65      6391     1.4015     1.40678    0.00528339  32       389      
 4389.9  65      6400     1.4015     1.40678    0.00528339  32       389      
 4460.53 66      6487     1.4015     1.40678    0.00527416  31       392      
 4460.87 66      6500     1.4015     1.40678    0.00527416  31       392      
 4470.45 67      6583     1.40151    1.40678    0.00526576  32       393      
 4470.81 67      6600     1.40151    1.40678    0.00526576  32       393      
 4491.27 68      6679     1.40152    1.40678    0.00525698  30       395      
 4491.62 68      6700     1.40152    1.40678    0.00525698  30       395      
 4541.72 69      6775     1.40153    1.40678    0.00524753  28       398      
 4542.09 69      6800     1.40153    1.40678    0.00524753  28       398      
 4549.92 70      6871     1.40154    1.40678    0.0052331   27       399      
 4550.32 70      6900     1.40154    1.40678    0.0052331   27       399      
 4575.67 71      6959     1.40155    1.40671    0.00516774  28       400      
 4576.16 71      7000     1.40155    1.40671    0.00516774  28       400      
 4717.13 72      7057     1.40156    1.4067     0.00514156  28       405      
 5262.71 72      7100     1.40156    1.4067     0.00514156  32       424      
 5396.11 73      7153     1.40157    1.4067     0.00512638  29       428      
 5556.98 73      7200     1.40157    1.4067     0.00512638  27       433      
 5558.18 74      7250     1.40158    1.4067     0.00511285  27       433      
 5767.92 75      7345     1.40159    1.40669    0.00510057  28       439      
 5768.46 75      7350     1.40159    1.40669    0.00510057  30       439      
 6595.02 76      7443     1.40161    1.40669    0.00508257  35       462      
 6595.41 76      7450     1.40161    1.40669    0.00508257  35       462      
 7063.82 77      7541     1.40162    1.40668    0.00506064  35       473      
 7066.01 77      7550     1.40162    1.40668    0.00506064  35       473      
 7089.38 78      7639     1.40163    1.40667    0.00503193  32       475      
 7223.37 78      7650     1.40163    1.40667    0.00503193  32       478      
 7572.4  79      7737     1.40165    1.40667    0.00501794  33       487      
 7573.41 79      7750     1.40165    1.40667    0.00501794  33       487      
 7792.47 80      7835     1.40166    1.40666    0.00500546  32       493      
 7792.83 80      7850     1.40166    1.40666    0.00500546  32       493      
 7816.48 81      7933     1.40167    1.40666    0.00498643  31       495      
 7962.86 81      7950     1.40167    1.40666    0.00498643  31       499      
 8100.45 82      8029     1.40168    1.40666    0.00497671  33       502      
 8101.85 82      8050     1.40168    1.40666    0.00497671  33       502      
 8215.71 83      8127     1.40169    1.40666    0.00496617  36       506      
 8217.8  83      8150     1.40169    1.40666    0.00496617  37       506      
 8270.77 84      8225     1.4017     1.40666    0.00495534  35       508      
 8271.34 84      8250     1.4017     1.40666    0.00495534  36       508      
 8341.59 85      8321     1.40171    1.40666    0.00494758  38       510      
 8342.18 85      8350     1.40171    1.40666    0.00494758  38       510      
 8503.28 86      8419     1.40172    1.40666    0.00494179  39       514      
 8503.92 86      8450     1.40172    1.40666    0.00494179  39       514      
 8742.93 87      8517     1.40172    1.40666    0.00493688  43       519      
 8743.57 87      8550     1.40172    1.40666    0.00493688  43       519      
 8882.41 88      8615     1.40173    1.40666    0.00493025  36       523      
 8883.03 88      8650     1.40173    1.40666    0.00493025  36       523      
 8939.48 89      8713     1.40174    1.40666    0.0049196   31       525      
 8940.06 89      8750     1.40174    1.40666    0.0049196   31       525      
 9193.85 90      8809     1.40174    1.40665    0.00490903  32       530      
 9311.04 90      8850     1.40174    1.40665    0.00490903  32       532      
 9457.49 91      8905     1.40176    1.40665    0.00489695  31       535      
 9679.11 91      8950     1.40176    1.40665    0.00489695  32       541      
 9794.98 92      9003     1.40177    1.40665    0.00488635  31       544      
 9897.4  92      9050     1.40177    1.40665    0.00488635  32       547      
 9909.41 93      9101     1.40177    1.40665    0.00487788  33       548      
 10002.2 94      9150     1.40177    1.40665    0.00487788  33       551      
-------------------------------------------------------------------------------

SARSOP finishing ...
  Preset timeout reached
  Timeout     : 10000.000000s
  Actual Time : 10002.230000s

-------------------------------------------------------------------------------
 Time   |#Trial |#Backup |LBound    |UBound    |Precision  |#Alphas |#Beliefs  
-------------------------------------------------------------------------------
 10002.2 94      9150     1.40177    1.40665    0.00487788  33       551      
-------------------------------------------------------------------------------

Writing out policy ...
  output file : ram_pomdp_soln/3e251d3d83f.policyx

