
Loading the model ...
  input file   : /home/rstudio/projects/pomdp-ram/notebook/ram_pomdp_soln/3e27fc83441.pomdpx
  loading time : 8.88s 

SARSOP initializing ...
  initialization time : 624.38s

-------------------------------------------------------------------------------
 Time   |#Trial |#Backup |LBound    |UBound    |Precision  |#Alphas |#Beliefs  
-------------------------------------------------------------------------------
 624.38  0       0        1.4144     2.16264    0.748242    120      1        
 625.35  1       50       1.62611    1.7015     0.0753917   63       27       
 625.99  2       125      1.64257    1.7015     0.0589368   66       34       
 626.88  2       150      1.64257    1.7015     0.0589368   53       49       
 627.62  3       201      1.65982    1.7015     0.0416881   75       56       
 628.31  4       283      1.66852    1.7015     0.0329821   61       62       
 628.95  4       300      1.66852    1.7015     0.0329821   48       70       
 629.47  5       363      1.67609    1.7015     0.0254189   61       73       
 630.68  5       400      1.67609    1.7015     0.0254189   20       84       
 631.04  6       450      1.68201    1.7015     0.0194931   14       86       
 631.8   7       525      1.68572    1.7015     0.0157826   13       92       
 631.86  7       550      1.68572    1.7015     0.0157826   11       92       
 632.56  8       607      1.68877    1.7015     0.0127336   13       97       
 635     9       689      1.69056    1.7015     0.010945    13       112      
 636.09  9       700      1.69056    1.7015     0.010945    10       118      
 636.86  10      773      1.69225    1.7015     0.00924981  13       121      
 637.58  10      800      1.69225    1.7015     0.00924981  11       125      
 638.11  11      855      1.69353    1.7015     0.00797013  12       127      
 639.55  12      939      1.69474    1.7015     0.00675968  12       133      
 640.94  12      950      1.69474    1.7015     0.00675968  9        139      
 642.32  13      1023     1.69579    1.7015     0.00571687  12       144      
 642.4   13      1050     1.69579    1.7015     0.00571687  12       144      
 643.07  14      1107     1.69656    1.7015     0.00494265  12       146      
 644.1   15      1191     1.69711    1.7015     0.004397    12       149      
 644.15  15      1200     1.69711    1.7015     0.004397    11       149      
 646     16      1275     1.69755    1.7015     0.00395565  13       155      
 646.47  16      1300     1.69755    1.7015     0.00395565  12       157      
 647.82  17      1361     1.69793    1.7015     0.00357079  12       161      
 647.93  17      1400     1.69793    1.7015     0.00357079  11       161      
 648.7   18      1450     1.69832    1.7015     0.00318164  10       163      
 650.72  19      1531     1.69867    1.7015     0.00283036  13       168      
 653.58  19      1550     1.69867    1.7015     0.00283036  13       175      
 658.72  20      1615     1.69899    1.7015     0.00251739  13       186      
 661.84  20      1650     1.69899    1.7015     0.00251739  11       193      
 664.67  21      1700     1.69925    1.7015     0.00225595  14       198      
 668.71  22      1785     1.69943    1.7015     0.00207704  13       205      
 674.77  22      1800     1.69943    1.7015     0.00207704  13       214      
 693.45  23      1871     1.69961    1.7015     0.00189666  15       240      
 697.73  23      1900     1.69961    1.7015     0.00189666  15       246      
 701.85  24      1957     1.69973    1.7015     0.0017731   15       251      
 705.26  25      2000     1.69973    1.7015     0.0017731   14       256      
 705.44  25      2050     1.69983    1.7015     0.00167285  13       256      
 712.12  26      2129     1.69991    1.7015     0.00159413  16       265      
 718.18  26      2150     1.69991    1.7015     0.00159413  15       273      
 723.94  27      2217     1.70002    1.7015     0.00148742  15       279      
 724.08  27      2250     1.70002    1.7015     0.00148742  14       279      
 729.86  28      2303     1.70013    1.7015     0.00137231  17       286      
 738.77  29      2389     1.70023    1.7015     0.00127487  17       296      
 738.87  29      2400     1.70023    1.7015     0.00127487  14       296      
 742.53  30      2475     1.7003     1.7015     0.00120259  16       300      
 743.9   30      2500     1.7003     1.7015     0.00120259  17       302      
 750.87  31      2561     1.70041    1.7015     0.0010953   17       309      
 766.15  31      2600     1.70041    1.7015     0.0010953   16       327      
 769.18  32      2650     1.70049    1.7015     0.00101122  16       330      
 781.17  33      2735     1.70055    1.7015     0.000949929 20       341      
 781.31  33      2750     1.70055    1.7015     0.000949929 18       341      
 788.47  34      2821     1.70061    1.7015     0.00089079  17       347      
 793.98  34      2850     1.70061    1.7015     0.00089079  17       353      
 802.68  35      2909     1.70068    1.7015     0.000828787 18       360      
 813.42  35      2950     1.70068    1.7015     0.000828787 17       369      
 816.31  36      3000     1.70072    1.7015     0.000783007 18       371      
 827.96  37      3085     1.70075    1.7015     0.000751452 19       380      
 831.76  37      3100     1.70075    1.7015     0.000751452 17       384      
 836.93  38      3173     1.70078    1.7015     0.00072485  18       388      
 837.09  38      3200     1.70078    1.7015     0.00072485  19       388      
 841.34  39      3261     1.7008     1.7015     0.000703187 18       391      
 844.62  39      3300     1.7008     1.7015     0.000703187 18       394      
 850.08  40      3350     1.70083    1.7015     0.000671925 18       398      
 864.48  41      3437     1.70086    1.7015     0.000642521 19       410      
 864.61  41      3450     1.70086    1.7015     0.000642521 18       410      
 882.52  42      3525     1.7009     1.7015     0.000606984 20       425      
 892.97  42      3550     1.7009     1.7015     0.000606984 20       433      
 902.82  43      3613     1.70093    1.7015     0.00057912  22       440      
 912.27  43      3650     1.70093    1.7015     0.00057912  21       447      
 921.51  44      3701     1.70095    1.7015     0.000554776 21       453      
 947.59  45      3789     1.70097    1.7015     0.000534042 18       472      
 947.73  45      3800     1.70097    1.7015     0.000534042 17       472      
 966.55  46      3875     1.70101    1.7015     0.000498995 20       484      
 966.74  46      3900     1.70101    1.7015     0.000498995 19       484      
 981.82  47      3963     1.70103    1.7015     0.000476024 18       493      
 982.06  47      4000     1.70103    1.7015     0.000476024 21       493      
 992.62  48      4053     1.70105    1.7015     0.000457883 19       499      
 1017.29 49      4143     1.70106    1.7015     0.000443015 19       514      
 1017.46 49      4150     1.70106    1.7015     0.000443015 19       514      
 1027.18 50      4231     1.70108    1.7015     0.000423345 20       520      
 1027.36 50      4250     1.70108    1.7015     0.000423345 20       520      
 1041.85 51      4319     1.70109    1.7015     0.000411013 23       528      
 1042.08 51      4350     1.70109    1.7015     0.000411013 22       528      
 1054.25 52      4407     1.7011     1.7015     0.000402548 20       534      
 1067.28 52      4450     1.7011     1.7015     0.000402548 21       541      
 1069.74 53      4500     1.70111    1.7015     0.000392021 21       542      
 1081.24 54      4587     1.70112    1.7015     0.000380912 21       548      
 1092.38 54      4600     1.70112    1.7015     0.000380912 20       555      
 1109.41 55      4677     1.70113    1.7015     0.000370901 19       565      
 1112.49 55      4700     1.70113    1.7015     0.000370901 25       567      
 1129.57 56      4767     1.70114    1.7015     0.000359839 18       577      
 1133.17 56      4800     1.70114    1.7015     0.000359839 20       579      
 1148.28 57      4857     1.70115    1.7015     0.000351442 20       587      
 1165.38 57      4900     1.70115    1.7015     0.000351442 21       596      
 1167.82 58      4950     1.70116    1.7015     0.000341402 20       597      
 1184.71 59      5035     1.70118    1.7015     0.000328029 20       605      
 1184.92 59      5050     1.70118    1.7015     0.000328029 19       605      
 1197.8  60      5125     1.70118    1.7015     0.000319514 22       611      
 1198.02 60      5150     1.70118    1.7015     0.000319514 23       611      
 1213.66 61      5215     1.70119    1.7015     0.000312654 22       619      
 1219.37 61      5250     1.70119    1.7015     0.000312654 22       622      
 1235.38 62      5305     1.7012     1.7015     0.00030429  23       630      
 1277.85 63      5350     1.7012     1.7015     0.00030429  28       651      
 1278.25 63      5400     1.70121    1.7015     0.000297754 25       651      
 1295.54 64      5485     1.70121    1.7015     0.000293969 26       659      
 1308.3  64      5500     1.70121    1.7015     0.000293969 27       665      
 1324.81 65      5575     1.70121    1.7015     0.000289124 22       672      
 1325.04 65      5600     1.70121    1.7015     0.000289124 22       672      
 1340.54 66      5665     1.70122    1.7015     0.000284098 23       679      
 1356.9  66      5700     1.70122    1.7015     0.000284098 26       687      
 1379.28 67      5755     1.70122    1.7015     0.000279704 23       696      
 1393.89 68      5843     1.70123    1.7015     0.000274125 22       702      
 1401.87 68      5850     1.70123    1.7015     0.000274125 24       705      
 1435.18 69      5933     1.70124    1.7015     0.000268859 23       719      
 1449.1  69      5950     1.70124    1.7015     0.000268859 23       725      
 1464.66 70      6023     1.70124    1.7015     0.000265369 24       731      
 1464.93 70      6050     1.70124    1.7015     0.000265369 26       731      
 1482.11 71      6113     1.70124    1.7015     0.000261982 27       738      
 1485.05 71      6150     1.70124    1.7015     0.000261982 31       739      
 1504.09 72      6203     1.70124    1.7015     0.000260024 26       746      
 1537.11 73      6293     1.70125    1.7015     0.000258951 28       759      
 1537.36 73      6300     1.70125    1.7015     0.000258951 27       759      
 1562.54 74      6381     1.70125    1.7015     0.000256766 25       769      
 1562.82 74      6400     1.70125    1.7015     0.000256766 26       769      
 1577.04 75      6471     1.70125    1.7015     0.000253392 26       774      
 1582.95 75      6500     1.70125    1.7015     0.000253392 27       777      
 1618.33 76      6561     1.70126    1.7015     0.000248889 24       790      
 1639.61 76      6600     1.70126    1.7015     0.000248889 24       798      
 1651.7  77      6650     1.70126    1.7015     0.000245232 26       802      
 1669.27 78      6739     1.70126    1.7015     0.000243138 28       808      
 1669.52 78      6750     1.70126    1.7015     0.000243138 29       808      
 1686.44 79      6829     1.70126    1.7015     0.000240259 26       814      
 1704.34 79      6850     1.70126    1.7015     0.000240259 27       820      
 1730.37 80      6919     1.70127    1.7015     0.000238124 25       828      
 1730.71 80      6950     1.70127    1.7015     0.000238124 28       828      
 1750.96 81      7009     1.70127    1.7015     0.000236837 25       835      
 1786.42 81      7050     1.70127    1.7015     0.000236837 27       847      
 1793.05 82      7100     1.70127    1.7015     0.000235138 27       849      
 1815.24 83      7185     1.70127    1.7015     0.000232967 24       856      
 1815.56 83      7200     1.70127    1.7015     0.000232967 27       856      
 1837.25 84      7275     1.70127    1.7015     0.000231339 26       862      
 1837.58 84      7300     1.70127    1.7015     0.000231339 26       862      
 1856.46 85      7365     1.70128    1.7015     0.000228843 24       868      
 1870.91 85      7400     1.70128    1.7015     0.000228843 26       873      
 1888.93 86      7455     1.70128    1.7015     0.000226939 25       878      
 1904.89 87      7500     1.70128    1.7015     0.000226939 25       883      
 1905.4  87      7550     1.70128    1.7015     0.000225697 26       883      
 1919.88 88      7633     1.70128    1.7015     0.00022502  27       887      
 1939.14 88      7650     1.70128    1.7015     0.00022502  27       893      
 1952.16 89      7725     1.70128    1.7015     0.00022439  24       897      
 1952.44 89      7750     1.70128    1.7015     0.00022439  27       897      
 1970.47 90      7813     1.70128    1.7015     0.000223741 27       903      
 1981.99 90      7850     1.70128    1.7015     0.000223741 27       907      
 1998.94 91      7901     1.70128    1.7015     0.000222971 27       913      
 2056.67 92      7991     1.70128    1.7015     0.000221633 26       932      
 2063.05 92      8000     1.70128    1.7015     0.000221633 27       934      
 2088.6  93      8079     1.70128    1.7015     0.00022035  28       942      
 2100.71 93      8100     1.70128    1.7015     0.00022035  28       946      
 2122.9  94      8167     1.70128    1.7015     0.000219425 22       953      
 2123.26 94      8200     1.70128    1.7015     0.000219425 25       953      
 2138.19 95      8255     1.70129    1.7015     0.000218484 24       958      
 2144.7  96      8343     1.70129    1.7015     0.000216995 22       960      
 2144.97 96      8350     1.70129    1.7015     0.000216995 24       960      
 2160.27 97      8431     1.70129    1.7015     0.000214806 24       965      
 2180.45 97      8450     1.70129    1.7015     0.000214806 25       972      
 2196.38 98      8519     1.70129    1.7015     0.000213308 25       977      
 2210.6  98      8550     1.70129    1.7015     0.000213308 24       982      
 2231.9  99      8607     1.70129    1.7015     0.000212335 24       989      
 2250.93 99      8650     1.70129    1.7015     0.000212335 25       995      
 2251.41 100     8700     1.70129    1.7015     0.000211047 27       995      
 2267.26 101     8783     1.70129    1.7015     0.00020991  28       1000     
 2267.55 101     8800     1.70129    1.7015     0.00020991  33       1000     
 2277.51 102     8871     1.70129    1.7015     0.000209482 28       1003     
 2277.84 102     8900     1.70129    1.7015     0.000209482 28       1003     
 2290.99 103     8959     1.70129    1.7015     0.000209227 28       1007     
 2306.78 103     9000     1.70129    1.7015     0.000209227 29       1012     
 2313.65 104     9050     1.70129    1.7015     0.000208819 26       1014     
 2331.87 105     9135     1.7013     1.7015     0.00020809  27       1019     
 2332.17 105     9150     1.7013     1.7015     0.00020809  27       1019     
 2353.03 106     9223     1.7013     1.7015     0.000207404 29       1025     
 2353.38 106     9250     1.7013     1.7015     0.000207404 31       1025     
 2368.3  107     9311     1.7013     1.7015     0.000207022 26       1029     
 2387.09 107     9350     1.7013     1.7015     0.000207022 29       1035     
 2403.75 108     9401     1.7013     1.7015     0.000206527 28       1040     
 2428.12 109     9489     1.7013     1.7015     0.000205918 27       1048     
 2433.01 109     9500     1.7013     1.7015     0.000205918 28       1050     
 2454.44 110     9579     1.7013     1.7015     0.000204783 27       1056     
 2454.79 110     9600     1.7013     1.7015     0.000204783 27       1056     
 2479.97 111     9669     1.7013     1.7015     0.000203652 26       1063     
 2501.04 111     9700     1.7013     1.7015     0.000203652 27       1069     
 2522.18 112     9755     1.7013     1.7015     0.000202825 26       1075     
 2566.43 113     9843     1.7013     1.7015     0.000202147 28       1089     
 2566.72 113     9850     1.7013     1.7015     0.000202147 30       1089     
 2587.28 114     9931     1.7013     1.7015     0.000200918 27       1095     
 2587.64 114     9950     1.7013     1.7015     0.000200918 25       1095     
 2607.4  115     10019    1.7013     1.7015     0.000198875 26       1101     
 2622.51 115     10050    1.7013     1.7015     0.000198875 27       1106     
 2642.8  116     10107    1.70131    1.7015     0.000197481 30       1112     
 2660.58 116     10150    1.70131    1.7015     0.000197481 28       1117     
 2661.06 117     10200    1.70131    1.7015     0.000196592 25       1117     
 2677.82 118     10281    1.70131    1.7015     0.00019606  31       1122     
 2678.21 118     10300    1.70131    1.7015     0.00019606  31       1122     
 2697.7  119     10367    1.70131    1.7015     0.000195816 32       1127     
 2698.12 119     10400    1.70131    1.7015     0.000195816 33       1127     
 2706.17 120     10455    1.70131    1.7015     0.000195535 28       1129     
 2737.2  121     10543    1.70131    1.7015     0.000195298 27       1138     
 2737.53 121     10550    1.70131    1.7015     0.000195298 28       1138     
 2764.81 122     10631    1.70131    1.7015     0.000194708 26       1145     
 2765.18 122     10650    1.70131    1.7015     0.000194708 26       1145     
 2778.69 123     10717    1.70131    1.7015     0.000194173 26       1149     
 2779.05 123     10750    1.70131    1.7015     0.000194173 25       1149     
 2793.4  124     10805    1.70131    1.7015     0.000193817 26       1153     
 2810.41 125     10891    1.70131    1.7015     0.00019347  26       1157     
 2828.64 125     10900    1.70131    1.7015     0.00019347  27       1162     
 2845.57 126     10979    1.70131    1.7015     0.000191922 28       1167     
 2875.59 126     11000    1.70131    1.7015     0.000191922 29       1175     
 2898.19 127     11067    1.70131    1.7015     0.000190327 28       1180     
 2915.95 127     11100    1.70131    1.7015     0.000190327 29       1185     
 2932.99 128     11153    1.70131    1.7015     0.000189772 31       1189     
 2955.18 129     11241    1.70131    1.7015     0.000189552 30       1195     
 2955.55 129     11250    1.70131    1.7015     0.000189552 29       1195     
 2976.27 130     11329    1.70131    1.7015     0.000189272 28       1200     
 2987.17 130     11350    1.70131    1.7015     0.000189272 29       1203     
 3007.38 131     11417    1.70131    1.7015     0.000189038 28       1208     
 3010.75 131     11450    1.70131    1.7015     0.000189038 29       1209     
 3028.33 132     11503    1.70131    1.7015     0.000188883 29       1213     
 3051.93 133     11591    1.70132    1.7015     0.000188331 29       1219     
 3052.33 133     11600    1.70132    1.7015     0.000188331 30       1219     
 3065.57 134     11677    1.70132    1.7015     0.000187962 31       1222     
 3085.45 134     11700    1.70132    1.7015     0.000187962 31       1227     
 3108.2  135     11765    1.70132    1.7015     0.000187697 28       1233     
 3108.62 135     11800    1.70132    1.7015     0.000187697 29       1233     
 3126.91 136     11851    1.70132    1.7015     0.000187476 29       1238     
 3138.98 137     11937    1.70132    1.7015     0.000187287 30       1241     
 3139.37 137     11950    1.70132    1.7015     0.000187287 30       1241     
 3160.54 138     12023    1.70132    1.7015     0.000187073 29       1246     
 3161.04 138     12050    1.70132    1.7015     0.000187073 29       1246     
 3174.97 139     12109    1.70132    1.7015     0.000186893 29       1249     
 3194.11 139     12150    1.70132    1.7015     0.000186893 29       1254     
 3199.13 140     12200    1.70132    1.7015     0.000186726 27       1255     
 3222.05 141     12281    1.70132    1.7015     0.000186447 29       1260     
 3222.49 141     12300    1.70132    1.7015     0.000186447 29       1260     
 3253.4  142     12369    1.70132    1.7015     0.000186031 28       1267     
 3268.02 142     12400    1.70132    1.7015     0.000186031 26       1271     
 3298.71 143     12455    1.70132    1.7015     0.000185733 26       1278     
 3336.08 144     12541    1.70132    1.7015     0.000185515 27       1286     
 3336.47 144     12550    1.70132    1.7015     0.000185515 27       1286     
 3375.13 145     12627    1.70132    1.7015     0.000185353 27       1294     
 3375.6  145     12650    1.70132    1.7015     0.000185353 27       1294     
 3407.49 146     12715    1.70132    1.7015     0.000185221 27       1300     
 3407.94 146     12750    1.70132    1.7015     0.000185221 27       1300     
 3425.45 147     12803    1.70132    1.7015     0.000184384 26       1304     
 3459.9  148     12889    1.70132    1.7015     0.000183523 27       1311     
 3460.3  148     12900    1.70132    1.7015     0.000183523 27       1311     
 3486.61 149     12975    1.70132    1.7015     0.000183091 31       1316     
 3491.17 149     13000    1.70132    1.7015     0.000183091 29       1317     
 3516.57 150     13061    1.70132    1.7015     0.000182928 30       1322     
 3528.7  150     13100    1.70132    1.7015     0.000182928 31       1325     
 3544.01 151     13150    1.70132    1.7015     0.000182847 30       1328     
 3566.5  152     13235    1.70132    1.7015     0.000182781 30       1333     
 3569.56 152     13250    1.70132    1.7015     0.000182781 28       1334     
 3591.77 153     13321    1.70132    1.7015     0.000182709 32       1338     
 3600.18 153     13350    1.70132    1.7015     0.000182709 30       1340     
 3612.89 154     13405    1.70132    1.7015     0.000182656 30       1343     
 3630.17 155     13489    1.70132    1.7015     0.000182578 29       1346     
 3630.55 155     13500    1.70132    1.7015     0.000182578 29       1346     
 3653.26 156     13575    1.70132    1.7015     0.00018232  28       1351     
 3653.79 156     13600    1.70132    1.7015     0.00018232  29       1351     
 3678.36 157     13659    1.70132    1.7015     0.000182071 31       1355     
 3700.9  157     13700    1.70132    1.7015     0.000182071 30       1360     
 3711.28 158     13750    1.70132    1.7015     0.000181556 28       1362     
 3739.7  159     13831    1.70132    1.7015     0.00018117  29       1367     
 3740.16 159     13850    1.70132    1.7015     0.00018117  30       1367     
 3769.11 160     13917    1.70132    1.7015     0.000180924 26       1372     
 3769.56 160     13950    1.70132    1.7015     0.000180924 28       1372     
 3789.26 161     14003    1.70132    1.7015     0.000180768 26       1376     
 3818.9  162     14091    1.70132    1.7015     0.000180594 31       1383     
 3819.28 162     14100    1.70132    1.7015     0.000180594 32       1383     
 3846.31 163     14177    1.70132    1.7015     0.000180505 31       1389     
 3853.99 163     14200    1.70132    1.7015     0.000180505 29       1391     
 3866.9  164     14261    1.70132    1.7015     0.000180406 28       1394     
 3875.47 164     14300    1.70132    1.7015     0.000180406 31       1396     
 3890.33 165     14350    1.70132    1.7015     0.000180299 29       1399     
 3917.3  166     14431    1.70132    1.7015     0.000180215 29       1406     
 3917.7  166     14450    1.70132    1.7015     0.000180215 29       1406     
 3939.76 167     14517    1.70132    1.7015     0.000180002 30       1411     
 3940.24 167     14550    1.70132    1.7015     0.000180002 30       1411     
 3955.68 168     14603    1.70132    1.7015     0.000179769 29       1414     
 3971.16 169     14687    1.70132    1.7015     0.000179623 31       1417     
 3971.57 169     14700    1.70132    1.7015     0.000179623 31       1417     
 3987.15 170     14771    1.70132    1.7015     0.000179522 30       1420     
 3987.65 170     14800    1.70132    1.7015     0.000179522 30       1420     
 4005.86 171     14857    1.70132    1.7015     0.000179389 27       1424     
 4024.65 172     14941    1.70132    1.7015     0.000179318 32       1428     
 4025.07 172     14950    1.70132    1.7015     0.000179318 32       1428     
 4044.76 173     15025    1.70132    1.7015     0.000179302 35       1432     
 4045.25 173     15050    1.70132    1.7015     0.000179302 36       1432     
 4073.48 174     15113    1.70132    1.7015     0.000179208 29       1437     
 4073.97 174     15150    1.70132    1.7015     0.000179208 29       1437     
 4091.35 175     15200    1.70132    1.7015     0.000179038 29       1441     
 4128.14 176     15283    1.70132    1.7015     0.00017889  31       1450     
 4153.2  176     15300    1.70132    1.7015     0.00017889  30       1456     
 4174.35 177     15369    1.70133    1.7015     0.000178472 31       1461     
 4174.78 177     15400    1.70133    1.7015     0.000178472 31       1461     
 4202.16 178     15455    1.70133    1.7015     0.000177995 28       1467     
 4219.57 179     15541    1.70133    1.7015     0.000177665 31       1471     
 4219.93 179     15550    1.70133    1.7015     0.000177665 31       1471     
 4237.06 180     15627    1.70133    1.7015     0.000177493 27       1475     
 4237.46 180     15650    1.70133    1.7015     0.000177493 28       1475     
 4263.59 181     15713    1.70133    1.7015     0.000177191 28       1481     
 4264.08 181     15750    1.70133    1.7015     0.000177191 28       1481     
 4282.5  182     15800    1.70133    1.7015     0.000176975 28       1485     
 4298    183     15881    1.70133    1.7015     0.000176844 26       1488     
 4298.42 183     15900    1.70133    1.7015     0.000176844 27       1488     
 4317.98 184     15965    1.70133    1.7015     0.000176764 27       1492     
 4318.48 184     16000    1.70133    1.7015     0.000176764 27       1492     
 4328.91 185     16050    1.70133    1.7015     0.000176648 29       1494     
 4359.4  186     16133    1.70133    1.7015     0.000176503 29       1501     
 4359.78 186     16150    1.70133    1.7015     0.000176503 30       1501     
 4380.08 187     16219    1.70133    1.7015     0.000176362 28       1506     
 4380.5  187     16250    1.70133    1.7015     0.000176362 30       1506     
 4403.39 188     16305    1.70133    1.7015     0.0001762   29       1511     
 4422.44 189     16389    1.70133    1.7015     0.000176079 28       1515     
 4422.83 189     16400    1.70133    1.7015     0.000176079 31       1515     
 4433.75 190     16473    1.70133    1.7015     0.00017599  31       1517     
 4450.3  190     16500    1.70133    1.7015     0.00017599  31       1521     
 4472.13 191     16559    1.70133    1.7015     0.000175737 30       1526     
 4516.74 191     16600    1.70133    1.7015     0.000175737 31       1536     
 4521.89 192     16650    1.70133    1.7015     0.000175521 29       1537     
 4557.4  193     16727    1.70133    1.7015     0.000175395 34       1545     
 4574.79 193     16750    1.70133    1.7015     0.000175395 33       1549     
 4593.98 194     16811    1.70133    1.7015     0.000175322 34       1553     
 4637.97 194     16850    1.70133    1.7015     0.000175322 34       1563     
 4652.24 195     16900    1.70133    1.7015     0.000175236 31       1566     
 4688.1  196     16983    1.70133    1.7015     0.000175017 29       1574     
 4700.6  196     17000    1.70133    1.7015     0.000175017 28       1577     
 4719.78 197     17067    1.70133    1.7015     0.000174761 29       1581     
 4720.27 197     17100    1.70133    1.7015     0.000174761 28       1581     
 4735.65 198     17151    1.70133    1.7015     0.00017459  31       1584     
 4765.74 199     17237    1.70133    1.7015     0.000174103 28       1591     
 4766.12 199     17250    1.70133    1.7015     0.000174103 29       1591     
 4794.75 200     17321    1.70133    1.7015     0.000173687 29       1597     
 4814.61 200     17350    1.70133    1.7015     0.000173687 29       1602     
 4839.45 201     17405    1.70133    1.7015     0.000173469 29       1607     
 4869.23 202     17489    1.70133    1.7015     0.000173363 30       1613     
 4882.11 202     17500    1.70133    1.7015     0.000173363 30       1616     
 4895.7  203     17573    1.70133    1.7015     0.000173308 30       1619     
 4896.16 203     17600    1.70133    1.7015     0.000173308 31       1619     
 4915.18 204     17659    1.70133    1.7015     0.000173015 29       1623     
 4940.87 204     17700    1.70133    1.7015     0.000173015 28       1628     
 4941.51 205     17750    1.70133    1.7015     0.000172752 30       1628     
 4965.64 206     17827    1.70133    1.7015     0.000172633 31       1633     
 4966.14 206     17850    1.70133    1.7015     0.000172633 32       1633     
 4992.99 207     17913    1.70133    1.7015     0.000172552 31       1639     
 5001.09 207     17950    1.70133    1.7015     0.000172552 34       1641     
 5016.19 208     18000    1.70133    1.7015     0.000172496 32       1644     
 5040.77 209     18081    1.70133    1.7015     0.000172365 31       1649     
 5047.98 209     18100    1.70133    1.7015     0.000172365 30       1651     
 5072.91 210     18165    1.70133    1.7015     0.000172229 31       1656     
 5073.43 210     18200    1.70133    1.7015     0.000172229 31       1656     
 5089.1  211     18250    1.70133    1.7015     0.000172178 30       1659     
 5111.22 212     18333    1.70133    1.7015     0.000172158 31       1663     
 5111.74 212     18350    1.70133    1.7015     0.000172158 31       1663     
 5132.73 213     18417    1.70133    1.7015     0.000172135 31       1667     
 5133.27 213     18450    1.70133    1.7015     0.000172135 31       1667     
 5160.76 214     18501    1.70133    1.7015     0.000172106 31       1672     
 5187.14 215     18585    1.70133    1.7015     0.000172085 31       1677     
 5187.58 215     18600    1.70133    1.7015     0.000172085 31       1677     
 5206.04 216     18669    1.70133    1.7015     0.000172054 33       1681     
 5206.56 216     18700    1.70133    1.7015     0.000172054 33       1681     
 5226.12 217     18753    1.70133    1.7015     0.000172021 32       1685     
 5253.51 218     18837    1.70133    1.7015     0.000171988 33       1691     
 5285.24 218     18850    1.70133    1.7015     0.000171988 33       1697     
 5307.46 219     18921    1.70133    1.7015     0.000171953 30       1701     
 5308.11 219     18950    1.70133    1.7015     0.000171953 33       1701     
 5346.35 220     19007    1.70133    1.7015     0.000171907 32       1708     
 5368.71 221     19091    1.70133    1.7015     0.000171805 33       1712     
 5373.64 221     19100    1.70133    1.7015     0.000171805 32       1713     
 5415.97 222     19175    1.70133    1.7015     0.000171648 30       1721     
 5416.5  222     19200    1.70133    1.7015     0.000171648 31       1721     
 5431.26 223     19257    1.70133    1.7015     0.000171535 31       1724     
 5452.22 224     19339    1.70133    1.7015     0.000171498 31       1728     
 5452.66 224     19350    1.70133    1.7015     0.000171498 31       1728     
 5478.06 225     19425    1.70133    1.7015     0.000171231 32       1733     
 5478.6  225     19450    1.70133    1.7015     0.000171231 33       1733     
 5489.84 226     19507    1.70133    1.7015     0.000171026 32       1735     
 5514.51 227     19550    1.70133    1.7015     0.000171026 31       1740     
 5515.24 227     19600    1.70133    1.7015     0.000170926 35       1740     
 5541.04 228     19677    1.70133    1.7015     0.000170868 35       1744     
 5541.78 228     19700    1.70133    1.7015     0.000170868 35       1744     
 5567.56 229     19763    1.70133    1.7015     0.000170672 33       1749     
 5568.07 229     19800    1.70133    1.7015     0.000170672 32       1749     
 5587.72 230     19850    1.70133    1.7015     0.000170284 33       1753     
 5621.87 231     19933    1.70133    1.7015     0.000169919 33       1760     
 5622.36 231     19950    1.70133    1.7015     0.000169919 33       1760     
 5652.7  232     20017    1.70133    1.7015     0.000169742 35       1766     
 5685.75 232     20050    1.70133    1.7015     0.000169742 35       1773     
 5699.16 233     20100    1.70134    1.7015     0.000167619 35       1776     
 5721.67 234     20185    1.70134    1.7015     0.000166711 36       1781     
 5722.1  234     20200    1.70134    1.7015     0.000166711 41       1781     
 5742.46 235     20269    1.70134    1.7015     0.000166516 35       1785     
 5742.98 235     20300    1.70134    1.7015     0.000166516 35       1785     
 5760.48 236     20351    1.70134    1.7015     0.000166442 35       1788     
 5790.53 237     20435    1.70134    1.7015     0.000166366 35       1794     
 5790.99 237     20450    1.70134    1.7015     0.000166366 36       1794     
 5812.86 238     20519    1.70134    1.7015     0.000166325 35       1798     
 5827.35 238     20550    1.70134    1.7015     0.000166325 39       1801     
 5843.43 239     20603    1.70134    1.7015     0.000166265 34       1804     
 5858.38 240     20687    1.70134    1.7015     0.000166217 38       1807     
 5858.82 240     20700    1.70134    1.7015     0.000166217 43       1807     
 5878.26 241     20771    1.70134    1.7015     0.000166157 39       1811     
 5878.89 241     20800    1.70134    1.7015     0.000166157 39       1811     
 5903.77 242     20855    1.70134    1.7015     0.000166079 35       1816     
 5925.18 243     20939    1.70134    1.7015     0.000165975 34       1820     
 5925.63 243     20950    1.70134    1.7015     0.000165975 34       1820     
 5946.12 244     21023    1.70134    1.7015     0.000165655 32       1824     
 5946.63 244     21050    1.70134    1.7015     0.000165655 31       1824     
 5967.57 245     21107    1.70134    1.7015     0.000165429 31       1828     
 5973.5  246     21191    1.70134    1.7015     0.000165324 32       1829     
 5973.91 246     21200    1.70134    1.7015     0.000165324 31       1829     
 5991.39 247     21275    1.70134    1.7015     0.000165279 34       1833     
 5991.89 247     21300    1.70134    1.7015     0.000165279 32       1833     
 6019.53 248     21359    1.70134    1.7015     0.000164381 34       1838     
 6047.5  248     21400    1.70134    1.7015     0.000164381 33       1843     
 6048.19 249     21450    1.70134    1.7015     0.000163953 34       1843     
 6074.67 250     21527    1.70134    1.7015     0.000163828 33       1848     
 6075.17 250     21550    1.70134    1.7015     0.000163828 33       1848     
 6081.7  251     21609    1.70134    1.7015     0.000163765 34       1849     
 6096.6  252     21650    1.70134    1.7015     0.000163765 35       1852     
 6097.25 252     21700    1.70134    1.7015     0.000163736 38       1852     
 6125.1  253     21775    1.70134    1.7015     0.000163716 38       1857     
 6125.64 253     21800    1.70134    1.7015     0.000163716 37       1857     
 6147.58 254     21857    1.70134    1.7015     0.000163701 38       1861     
 6168.97 255     21941    1.70134    1.7015     0.000163683 35       1865     
 6200.28 255     21950    1.70134    1.7015     0.000163683 33       1871     
 6222.89 256     22025    1.70134    1.7015     0.000163391 30       1875     
 6223.38 256     22050    1.70134    1.7015     0.000163391 31       1875     
 6238.55 257     22109    1.70134    1.7015     0.000163231 31       1878     
 6289.71 258     22150    1.70134    1.7015     0.000163231 32       1888     
 6322.82 258     22200    1.70134    1.7015     0.000162825 32       1894     
 6341.7  259     22275    1.70134    1.7015     0.000162393 33       1898     
 6371.57 259     22300    1.70134    1.7015     0.000162393 32       1904     
 6387.15 260     22359    1.70134    1.7015     0.00016214  32       1907     
 6419.8  260     22400    1.70134    1.7015     0.00016214  32       1913     
 6420.53 261     22450    1.70134    1.7015     0.000161882 31       1913     
 6440.79 262     22525    1.70134    1.7015     0.00016172  32       1917     
 6462.81 262     22550    1.70134    1.7015     0.00016172  32       1921     
 6474.2  263     22607    1.70134    1.7015     0.000161603 34       1923     
 6493.33 264     22689    1.70134    1.7015     0.000161502 33       1926     
 6513.56 264     22700    1.70134    1.7015     0.000161502 33       1930     
 6537.67 265     22773    1.70134    1.7015     0.000161424 32       1934     
 6538.22 265     22800    1.70134    1.7015     0.000161424 32       1934     
 6558.31 266     22859    1.70134    1.7015     0.000161278 32       1938     
 6570.69 266     22900    1.70134    1.7015     0.000161278 34       1941     
 6577.05 267     22950    1.70134    1.7015     0.000161183 35       1942     
 6589.62 268     23027    1.70134    1.7015     0.000161127 33       1944     
 6616.31 268     23050    1.70134    1.7015     0.000161127 33       1949     
 6643.66 269     23111    1.70134    1.7015     0.000161077 31       1954     
 6664.5  269     23150    1.70134    1.7015     0.000161077 35       1958     
 6671.09 270     23200    1.70134    1.7015     0.00016104  34       1959     
 6707.44 271     23277    1.70134    1.7015     0.000160801 32       1966     
 6707.97 271     23300    1.70134    1.7015     0.000160801 31       1966     
 6731.13 272     23359    1.70134    1.7015     0.000160638 32       1970     
 6749.08 273     23400    1.70134    1.7015     0.000160638 31       1973     
 6749.74 273     23450    1.70134    1.7015     0.00016057  32       1973     
 6774.71 274     23523    1.70134    1.7015     0.000160518 32       1977     
 6775.26 274     23550    1.70134    1.7015     0.000160518 32       1977     
 6798.79 275     23607    1.70134    1.7015     0.000160477 31       1981     
 6816.07 276     23689    1.70134    1.7015     0.000160449 35       1984     
 6816.56 276     23700    1.70134    1.7015     0.000160449 35       1984     
 6835.94 277     23771    1.70134    1.7015     0.000160435 36       1987     
 6853.21 277     23800    1.70134    1.7015     0.000160435 36       1991     
 6882.59 278     23855    1.70134    1.7015     0.000160412 35       1996     
 6941.4  279     23937    1.70134    1.7015     0.000160228 34       2007     
 6941.9  279     23950    1.70134    1.7015     0.000160228 33       2007     
 6971.38 280     24019    1.70134    1.7015     0.000160048 34       2012     
 6972.04 280     24050    1.70134    1.7015     0.000160048 33       2012     
 6984.77 281     24101    1.70134    1.7015     0.000159965 35       2014     
 7035.31 282     24185    1.70134    1.7015     0.000159852 35       2023     
 7035.84 282     24200    1.70134    1.7015     0.000159852 35       2023     
 7052.77 283     24267    1.70134    1.7015     0.000159782 40       2026     
 7053.43 283     24300    1.70134    1.7015     0.000159782 39       2026     
 7085.94 284     24351    1.70134    1.7015     0.000159713 33       2031     
 7107.09 285     24433    1.70134    1.7015     0.000159658 32       2035     
 7107.63 285     24450    1.70134    1.7015     0.000159658 34       2035     
 7130.45 286     24517    1.70134    1.7015     0.000159562 35       2039     
 7131.06 286     24550    1.70134    1.7015     0.000159562 35       2039     
 7149.93 287     24600    1.70134    1.7015     0.0001595   35       2042     
 7187.31 288     24683    1.70134    1.7015     0.000159446 36       2048     
 7236.86 288     24700    1.70134    1.7015     0.000159446 37       2056     
 7260.85 289     24767    1.70134    1.7015     0.000159364 34       2060     
 7261.46 289     24800    1.70134    1.7015     0.000159364 34       2060     
 7282.53 290     24850    1.70134    1.7015     0.000159315 33       2063     
 7295.72 291     24931    1.70134    1.7015     0.000159285 32       2065     
 7296.28 291     24950    1.70134    1.7015     0.000159285 32       2065     
 7323.73 292     25013    1.70134    1.7015     0.000159229 33       2069     
 7324.34 292     25050    1.70134    1.7015     0.000159229 34       2069     
 7349.3  293     25100    1.70134    1.7015     0.000159166 33       2073     
 7376.84 294     25179    1.70134    1.7015     0.000159137 35       2077     
 7377.39 294     25200    1.70134    1.7015     0.000159137 34       2077     
 7410.85 295     25263    1.70134    1.7015     0.000159105 34       2083     
 7411.54 295     25300    1.70134    1.7015     0.000159105 33       2083     
 7428.72 296     25350    1.70134    1.7015     0.000159064 33       2086     
 7463.19 297     25429    1.70134    1.7015     0.000159018 33       2091     
 7463.79 297     25450    1.70134    1.7015     0.000159018 33       2091     
 7482.75 298     25511    1.70134    1.7015     0.000158911 33       2094     
 7513.85 298     25550    1.70134    1.7015     0.000158911 33       2099     
 7521.7  299     25600    1.70134    1.7015     0.000158824 33       2100     
 7547.25 300     25675    1.70134    1.7015     0.000158762 34       2104     
 7547.94 300     25700    1.70134    1.7015     0.000158762 34       2104     
 7579.48 301     25757    1.70134    1.7015     0.000158707 34       2109     
 7605.53 302     25839    1.70134    1.7015     0.00015866  35       2113     
 7606.07 302     25850    1.70134    1.7015     0.00015866  35       2113     
 7631.98 303     25921    1.70135    1.7015     0.000158626 36       2117     
 7632.73 303     25950    1.70135    1.7015     0.000158626 36       2117     
 7657.49 304     26003    1.70135    1.7015     0.000158613 37       2121     
 7681    305     26085    1.70135    1.7015     0.000158608 42       2125     
 7681.56 305     26100    1.70135    1.7015     0.000158608 41       2125     
 7700.14 306     26169    1.70135    1.7015     0.000158488 36       2128     
 7700.77 306     26200    1.70135    1.7015     0.000158488 36       2128     
 7731.09 307     26250    1.70135    1.7015     0.000158407 36       2133     
 7752.88 308     26331    1.70135    1.7015     0.000158347 35       2136     
 7757.89 308     26350    1.70135    1.7015     0.000158347 35       2137     
 7787.44 309     26413    1.70135    1.7015     0.000158288 35       2142     
 7806.03 309     26450    1.70135    1.7015     0.000158288 35       2145     
 7817.94 310     26500    1.70135    1.7015     0.000158139 36       2147     
 7855.93 311     26577    1.70135    1.7015     0.000158018 38       2154     
 7856.58 311     26600    1.70135    1.7015     0.000158018 37       2154     
 7896.45 312     26659    1.70135    1.7015     0.000157942 38       2160     
 7940.56 313     26700    1.70135    1.7015     0.000157942 38       2167     
 7946.53 313     26750    1.70135    1.7015     0.000157893 36       2168     
 7978.58 314     26825    1.70135    1.7015     0.000157797 36       2173     
 7990.2  314     26850    1.70135    1.7015     0.000157797 36       2175     
 8033.28 315     26909    1.70135    1.7015     0.000157731 37       2181     
 8064.1  316     26950    1.70135    1.7015     0.000157731 37       2186     
 8064.95 316     27000    1.70135    1.7015     0.000157679 38       2186     
 8090.81 317     27073    1.70135    1.7015     0.000157634 38       2190     
 8096.3  317     27100    1.70135    1.7015     0.000157634 38       2191     
 8129.36 318     27155    1.70135    1.7015     0.000157602 37       2196     
 8156.53 319     27237    1.70135    1.7015     0.000157575 40       2200     
 8157.11 319     27250    1.70135    1.7015     0.000157575 40       2200     
 8171.85 320     27317    1.70135    1.7015     0.000157558 41       2202     
 8172.59 320     27350    1.70135    1.7015     0.000157558 41       2202     
 8210.33 321     27400    1.70135    1.7015     0.000157528 40       2207     
 8225.19 322     27479    1.70135    1.7015     0.000157495 39       2209     
 8225.95 322     27500    1.70135    1.7015     0.000157495 38       2209     
 8245.78 323     27561    1.70135    1.7015     0.000157474 40       2212     
 8265.98 323     27600    1.70135    1.7015     0.000157474 41       2215     
 8274.04 324     27650    1.70135    1.7015     0.000157453 38       2216     
 8301.53 325     27723    1.70135    1.7015     0.000157429 38       2220     
 8302.17 325     27750    1.70135    1.7015     0.000157429 38       2220     
 8334.52 326     27805    1.70135    1.7015     0.000157405 38       2224     
 8380.81 327     27885    1.70135    1.7015     0.000157305 34       2231     
 8381.41 327     27900    1.70135    1.7015     0.000157305 34       2231     
 8419.01 328     27967    1.70135    1.7015     0.000157213 33       2236     
 8432.82 328     28000    1.70135    1.7015     0.000157213 33       2238     
 8460.73 329     28050    1.70135    1.7015     0.000157065 35       2242     
 8491.89 330     28131    1.70135    1.7015     0.000156977 36       2246     
 8492.51 330     28150    1.70135    1.7015     0.000156977 36       2246     
 8516.2  331     28211    1.70135    1.7015     0.000156934 37       2249     
 8540.52 331     28250    1.70135    1.7015     0.000156934 37       2252     
 8541.38 332     28300    1.70135    1.7015     0.000156892 36       2252     
 8562.46 333     28371    1.70135    1.7015     0.000156866 35       2255     
 8563.16 333     28400    1.70135    1.7015     0.000156866 35       2255     
 8586.5  334     28451    1.70135    1.7015     0.000156849 37       2258     
 8619.55 335     28531    1.70135    1.7015     0.00015684  37       2262     
 8620.21 335     28550    1.70135    1.7015     0.00015684  38       2262     
 8643.52 336     28613    1.70135    1.7015     0.000156823 35       2265     
 8650.85 336     28650    1.70135    1.7015     0.000156823 36       2266     
 8674.12 337     28700    1.70135    1.7015     0.000156804 38       2269     
 8695.39 338     28777    1.70135    1.7015     0.000156792 39       2272     
 8696.05 338     28800    1.70135    1.7015     0.000156792 39       2272     
 8712.02 339     28857    1.70135    1.7015     0.000156785 40       2274     
 8725.93 340     28937    1.70135    1.7015     0.000156781 40       2276     
 8726.53 340     28950    1.70135    1.7015     0.000156781 40       2276     
 8746.07 341     29019    1.70135    1.7015     0.000156748 40       2279     
 8746.79 341     29050    1.70135    1.7015     0.000156748 40       2279     
 8788.28 342     29101    1.70135    1.7015     0.000156721 37       2284     
 8796.46 343     29181    1.70135    1.7015     0.000156706 37       2285     
 8797.1  343     29200    1.70135    1.7015     0.000156706 37       2285     
 8819.15 344     29261    1.70135    1.7015     0.000156698 37       2288     
 8840.83 344     29300    1.70135    1.7015     0.000156698 37       2291     
 8841.74 345     29350    1.70135    1.7015     0.000156688 36       2291     
 8873.07 346     29421    1.70135    1.7015     0.00015668  36       2295     
 8873.77 346     29450    1.70135    1.7015     0.00015668  37       2295     
 8890.48 347     29501    1.70135    1.7015     0.000156662 36       2297     
 8911.59 348     29581    1.70135    1.7015     0.000156649 35       2300     
 8912.24 348     29600    1.70135    1.7015     0.000156649 36       2300     
 8927.58 349     29661    1.70135    1.7015     0.000156642 36       2302     
 8943.81 349     29700    1.70135    1.7015     0.000156642 37       2304     
 8944.74 350     29750    1.70135    1.7015     0.000156637 40       2304     
 8962.98 351     29823    1.70135    1.7015     0.000156632 43       2306     
 8963.71 351     29850    1.70135    1.7015     0.000156632 43       2306     
 8985.65 352     29905    1.70135    1.7015     0.000156623 40       2309     
 8993.84 353     29985    1.70135    1.7015     0.000156615 35       2310     
 8994.47 353     30000    1.70135    1.7015     0.000156615 36       2310     
 9025.13 354     30067    1.70135    1.7015     0.000156558 36       2314     
 9025.85 354     30100    1.70135    1.7015     0.000156558 36       2314     
 9054.47 355     30150    1.70135    1.7015     0.000156472 36       2318     
 9098.65 356     30233    1.70135    1.7015     0.000156426 36       2324     
 9099.34 356     30250    1.70135    1.7015     0.000156426 36       2324     
 9155.49 357     30313    1.70135    1.7015     0.000156405 36       2331     
 9162.23 357     30350    1.70135    1.7015     0.000156405 36       2332     
 9177.01 358     30400    1.70135    1.7015     0.000156385 41       2334     
 9195.89 359     30475    1.70135    1.7015     0.000156362 39       2336     
 9196.68 359     30500    1.70135    1.7015     0.000156362 39       2336     
 9238.67 360     30557    1.70135    1.7015     0.000156346 44       2341     
 9256.68 361     30637    1.70135    1.7015     0.000156337 44       2343     
 9257.56 361     30650    1.70135    1.7015     0.000156337 43       2343     
 9274.29 362     30719    1.70135    1.7015     0.000156302 41       2345     
 9275.15 362     30750    1.70135    1.7015     0.000156302 42       2345     
 9302.04 363     30800    1.70135    1.7015     0.000156282 43       2348     
 9318.57 364     30879    1.70135    1.7015     0.00015627  43       2350     
 9319.36 364     30900    1.70135    1.7015     0.00015627  43       2350     
 9347.56 365     30959    1.70135    1.7015     0.000156264 43       2353     
 9382.42 366     31039    1.70135    1.7015     0.000156255 42       2357     
 9383.26 366     31050    1.70135    1.7015     0.000156255 42       2357     
 9405.25 367     31121    1.70135    1.7015     0.000156198 44       2360     
 9406.09 367     31150    1.70135    1.7015     0.000156198 44       2360     
 9435.55 368     31203    1.70135    1.7015     0.000156152 44       2364     
 9455.86 369     31283    1.70135    1.7015     0.000156135 43       2366     
 9456.85 369     31300    1.70135    1.7015     0.000156135 41       2366     
 9483    370     31363    1.70135    1.7015     0.000156125 41       2369     
 9490.5  370     31400    1.70135    1.7015     0.000156125 41       2370     
 9504.02 371     31450    1.70135    1.7015     0.000156108 41       2372     
 9520.52 372     31523    1.70135    1.7015     0.000156089 41       2374     
 9521.46 372     31550    1.70135    1.7015     0.000156089 41       2374     
 9533.14 373     31603    1.70135    1.7015     0.000156071 39       2375     
 9558.25 374     31683    1.70135    1.7015     0.000156052 42       2378     
 9559.14 374     31700    1.70135    1.7015     0.000156052 42       2378     
 9591.28 375     31765    1.70135    1.7015     0.000156028 42       2382     
 9592.07 375     31800    1.70135    1.7015     0.000156028 42       2382     
 9617.1  376     31850    1.70135    1.7015     0.000156014 41       2385     
 9648.9  377     31927    1.70135    1.7015     0.000156004 42       2389     
 9649.74 377     31950    1.70135    1.7015     0.000156004 42       2389     
 9681.64 378     32007    1.70135    1.7015     0.000155998 43       2393     
 9699.21 379     32087    1.70135    1.7015     0.000155993 42       2395     
 9699.97 379     32100    1.70135    1.7015     0.000155993 42       2395     
 9721.62 380     32167    1.70135    1.7015     0.000155984 42       2398     
 9722.42 380     32200    1.70135    1.7015     0.000155984 42       2398     
 9749.75 381     32250    1.70135    1.7015     0.000155966 43       2402     
 9777.46 382     32329    1.70135    1.7015     0.000155948 45       2406     
 9778.21 382     32350    1.70135    1.7015     0.000155948 45       2406     
 9801.27 383     32411    1.70135    1.7015     0.000155931 43       2409     
 9832.11 383     32450    1.70135    1.7015     0.000155931 45       2413     
 9833.24 384     32500    1.70135    1.7015     0.000155917 43       2413     
 9859.54 385     32573    1.70135    1.7015     0.000155899 45       2417     
 9860.29 385     32600    1.70135    1.7015     0.000155899 43       2417     
 9882.44 386     32653    1.70135    1.7015     0.000155885 41       2420     
 9944.11 387     32733    1.70135    1.7015     0.000155872 41       2428     
 9944.87 387     32750    1.70135    1.7015     0.000155872 41       2428     
 9978.56 388     32813    1.70135    1.7015     0.000155863 42       2432     
 9992.98 388     32850    1.70135    1.7015     0.000155863 42       2434     
 10002.4 389     32900    1.70135    1.7015     0.000155854 43       2435     
-------------------------------------------------------------------------------

SARSOP finishing ...
  Preset timeout reached
  Timeout     : 10000.000000s
  Actual Time : 10002.380000s

-------------------------------------------------------------------------------
 Time   |#Trial |#Backup |LBound    |UBound    |Precision  |#Alphas |#Beliefs  
-------------------------------------------------------------------------------
 10002.4 389     32900    1.70135    1.7015     0.000155854 43       2435     
-------------------------------------------------------------------------------

Writing out policy ...
  output file : ram_pomdp_soln/3e27fc83441.policyx

