
Loading the model ...
  input file   : /home/rstudio/projects/pomdp-ram/notebook/ram_pomdp_soln/3e36474d84.pomdpx
  loading time : 8.34s 

SARSOP initializing ...
  initialization time : 370.95s

-------------------------------------------------------------------------------
 Time   |#Trial |#Backup |LBound    |UBound    |Precision  |#Alphas |#Beliefs  
-------------------------------------------------------------------------------
 370.95  0       0        1.43758    1.76914    0.331565    120      1        
 371.37  3       50       1.63045    1.70069    0.0702417   115      33       
 371.75  5       107      1.66157    1.70063    0.0390555   131      44       
 372.27  7       151      1.67364    1.70062    0.0269726   150      61       
 372.88  9       209      1.67908    1.69979    0.0207065   186      81       
 373.64  11      251      1.68467    1.69978    0.01511     225      97       
 374.44  13      301      1.69014    1.69976    0.00961548  263      109      
 375.89  15      359      1.69222    1.69975    0.00752853  308      134      
 378.06  18      407      1.69402    1.6997     0.00568463  253      156      
 379.51  20      451      1.69509    1.69969    0.00460328  258      170      
 381.43  23      501      1.69577    1.69968    0.00391449  264      195      
 383.79  25      550      1.69632    1.69967    0.00335197  250      216      
 385.68  28      600      1.69663    1.69961    0.00297851  240      235      
 389.72  30      650      1.69699    1.69958    0.00259077  163      262      
 390.96  32      700      1.6972     1.69957    0.00236431  121      276      
 394.32  34      750      1.69734    1.69956    0.00221343  99       301      
 398.47  36      800      1.69754    1.69955    0.00201077  77       326      
 399.32  38      850      1.69767    1.69955    0.00187544  57       330      
 402     41      903      1.69775    1.69951    0.00175268  62       349      
 406.72  43      957      1.69785    1.6995     0.00165303  65       374      
 410.28  45      1013     1.6979     1.6995     0.0016018   51       398      
 411.43  47      1051     1.69792    1.6995     0.00157387  46       405      
 416.55  49      1107     1.69795    1.69949    0.00154265  54       429      
 418.21  51      1161     1.69798    1.69949    0.00151229  57       438      
 421.76  52      1200     1.69802    1.69948    0.00146336  60       453      
 425.24  54      1250     1.69805    1.69948    0.00142691  52       467      
 429.17  56      1301     1.6981     1.69948    0.0013816   47       482      
 431.49  58      1361     1.69811    1.69948    0.00136348  52       492      
 435.92  59      1400     1.69812    1.69947    0.00135024  68       508      
 439.32  61      1450     1.69813    1.69947    0.0013428   54       520      
 442.8   63      1501     1.69814    1.69947    0.00132921  47       531      
 446.02  65      1557     1.69815    1.69947    0.00132221  50       541      
 453.96  67      1609     1.69817    1.69947    0.0013002   49       566      
 456.01  69      1653     1.69817    1.69947    0.00129174  63       576      
 459.43  71      1709     1.69818    1.69947    0.00128765  65       589      
 462.68  72      1750     1.69819    1.69947    0.00127708  70       600      
 467.47  74      1800     1.69821    1.69946    0.00125228  72       613      
 470.49  76      1850     1.69821    1.69946    0.00125112  64       621      
 474.56  78      1905     1.69821    1.69946    0.00124805  63       632      
 476.58  80      1957     1.69821    1.69946    0.00124546  65       637      
 479.95  82      2013     1.69821    1.69946    0.0012437   62       646      
 482.48  83      2050     1.69821    1.69946    0.00124308  66       653      
 485.78  85      2100     1.69822    1.69946    0.00124074  65       661      
 488.95  87      2150     1.69822    1.69946    0.00123931  70       669      
 492.21  89      2203     1.69822    1.69946    0.00123837  73       677      
 495.59  91      2255     1.69822    1.69946    0.00123693  76       686      
 498.96  93      2307     1.69822    1.69945    0.00123567  79       696      
 503.01  95      2359     1.69822    1.69945    0.00123039  79       712      
 506.48  97      2413     1.69822    1.69945    0.00122934  82       721      
 508.89  98      2450     1.69823    1.69945    0.00122894  82       728      
 512.57  100     2500     1.69823    1.69945    0.00122813  80       737      
 516.01  102     2550     1.69823    1.69945    0.00122693  85       745      
 518.87  104     2600     1.69823    1.69945    0.00122636  83       752      
 526.49  106     2651     1.69823    1.69945    0.00121459  86       769      
 529.96  108     2701     1.69823    1.69945    0.00121409  80       777      
 533.05  110     2751     1.69823    1.69945    0.00121334  84       783      
 536.92  112     2803     1.69824    1.69945    0.00121272  87       794      
 539.62  114     2855     1.69824    1.69945    0.00121186  81       799      
 543.19  116     2905     1.69824    1.69945    0.00121123  85       807      
 545.23  118     2955     1.69824    1.69945    0.00121069  91       811      
 548.21  120     3005     1.69824    1.69945    0.00121013  88       816      
 549.96  122     3053     1.69824    1.69945    0.00120973  93       819      
 552.25  124     3101     1.69824    1.69945    0.00120939  90       823      
 555.71  126     3151     1.69824    1.69945    0.00120878  91       829      
 558.85  128     3200     1.69824    1.69945    0.00120844  103      835      
 561.7   130     3250     1.69824    1.69945    0.00120815  95       840      
 564.94  132     3300     1.69824    1.69945    0.00120785  101      846      
 567.39  134     3350     1.69824    1.69945    0.00120767  100      850      
 571.08  136     3400     1.69824    1.69945    0.00120739  102      858      
 578.95  138     3450     1.69826    1.69944    0.00118169  100      871      
 582.26  140     3500     1.69826    1.69944    0.00118133  105      878      
 585.04  142     3550     1.69826    1.69944    0.00118109  107      883      
 587.47  144     3600     1.69826    1.69944    0.00118082  108      887      
 590.74  147     3661     1.69826    1.69944    0.00118053  113      893      
 594.7   149     3711     1.69826    1.69944    0.00117981  107      899      
 597.95  151     3759     1.69826    1.69944    0.0011796   111      905      
 601.18  153     3809     1.69826    1.69944    0.0011794   108      910      
 604.68  155     3859     1.69826    1.69944    0.0011789   103      917      
 608.76  157     3909     1.69826    1.69944    0.00117857  99       925      
 611.94  159     3959     1.69826    1.69944    0.0011784   107      930      
 615.24  161     4007     1.69826    1.69944    0.0011782   106      936      
 619.03  163     4055     1.69826    1.69944    0.00117801  113      943      
 622.71  165     4103     1.69826    1.69944    0.00117779  111      949      
 626.3   167     4153     1.69826    1.69944    0.00117758  105      956      
 629.11  169     4201     1.69826    1.69944    0.00117728  112      960      
 632.17  171     4250     1.69826    1.69944    0.00117703  110      967      
 635.82  173     4300     1.69827    1.69944    0.00117171  115      974      
 640.2   175     4350     1.69827    1.69944    0.0011713   113      984      
 644.5   177     4400     1.69827    1.69944    0.00117108  118      995      
 648.4   179     4450     1.69827    1.69944    0.00117092  115      1002     
 652.58  181     4500     1.69827    1.69944    0.00117076  107      1008     
 654.94  184     4561     1.69827    1.69944    0.00117037  104      1011     
 658.18  186     4611     1.69827    1.69944    0.0011702   105      1017     
 661.41  188     4659     1.69827    1.69944    0.0011697   106      1021     
 664.21  190     4705     1.69827    1.69944    0.00116958  107      1025     
 667.25  192     4753     1.69827    1.69944    0.00116942  105      1029     
 669.62  194     4800     1.69827    1.69944    0.00116933  106      1033     
 672.05  196     4850     1.69827    1.69944    0.00116915  113      1036     
 676.55  198     4900     1.69827    1.69944    0.00116859  112      1042     
 680.02  201     4961     1.69827    1.69943    0.00116819  105      1048     
 682.66  203     5005     1.69827    1.69943    0.00116803  111      1053     
 685.58  205     5050     1.69827    1.69943    0.00116765  117      1061     
 688.63  207     5100     1.69827    1.69943    0.00116737  115      1066     
 692.47  209     5150     1.69827    1.69943    0.0011672   112      1071     
 695.04  211     5200     1.69827    1.69943    0.00116692  111      1074     
 699.35  213     5250     1.69827    1.69943    0.00116684  109      1081     
 703.47  216     5307     1.69827    1.69943    0.00116663  106      1087     
 705.46  218     5353     1.69827    1.69943    0.00116636  107      1091     
 710.23  220     5403     1.69827    1.69943    0.00116591  106      1098     
 713.6   222     5450     1.69827    1.69943    0.00116574  105      1102     
 716.47  224     5500     1.69827    1.69943    0.00116559  106      1106     
 721.14  226     5550     1.69827    1.69943    0.00116549  111      1114     
 725.23  229     5607     1.69827    1.69943    0.00116509  110      1119     
 728.12  231     5651     1.69827    1.69943    0.00116505  115      1123     
 730.89  233     5700     1.69827    1.69943    0.00116486  122      1128     
 733.39  235     5750     1.69827    1.69943    0.00116462  128      1131     
 739     238     5800     1.69827    1.69943    0.00116453  131      1137     
 743.42  240     5857     1.69827    1.69943    0.00116444  124      1143     
 745.35  242     5903     1.69827    1.69943    0.00116416  130      1145     
 749.03  244     5950     1.69827    1.69943    0.00116402  131      1151     
 751.18  246     6000     1.69827    1.69943    0.00116378  141      1155     
 755.48  249     6050     1.69827    1.69943    0.00116359  139      1160     
 757.92  251     6105     1.69827    1.69943    0.00116342  138      1163     
 762.35  253     6151     1.69827    1.69943    0.00116334  136      1170     
 764.27  255     6200     1.69827    1.69943    0.00116332  133      1172     
 769.14  257     6250     1.69827    1.69943    0.00116324  134      1179     
 771.82  260     6309     1.69827    1.69943    0.00116297  130      1183     
 773.36  262     6355     1.69827    1.69943    0.00116286  134      1185     
 777.63  264     6401     1.69827    1.69943    0.0011628   137      1192     
 782.94  266     6451     1.69827    1.69943    0.00116232  135      1201     
 786.14  268     6500     1.69827    1.69943    0.00116222  141      1206     
 790.85  270     6550     1.69827    1.69943    0.00116199  147      1217     
 796.04  273     6600     1.69827    1.69943    0.00116177  143      1225     
 798.66  275     6655     1.69827    1.69943    0.00116165  140      1228     
 803.52  277     6705     1.69827    1.69943    0.00116148  154      1239     
 806.41  279     6751     1.69827    1.69943    0.00116127  147      1242     
 811.37  281     6800     1.69827    1.69943    0.00116087  157      1256     
 815.54  283     6850     1.69827    1.69943    0.00116079  155      1261     
 819.28  286     6907     1.69827    1.69943    0.00116066  156      1266     
 822.16  288     6953     1.69827    1.69943    0.00116048  150      1269     
 825.9   290     7000     1.69827    1.69943    0.00116038  149      1273     
 831.46  292     7050     1.69827    1.69943    0.00116025  151      1282     
 837.03  295     7100     1.69827    1.69943    0.00116015  160      1289     
 841.58  297     7155     1.69827    1.69943    0.00115963  144      1295     
 844.46  299     7201     1.69827    1.69943    0.00115899  145      1298     
 847.04  301     7250     1.69827    1.69943    0.00115894  148      1301     
 852.05  303     7300     1.69827    1.69943    0.00115885  141      1308     
 859.04  306     7361     1.69827    1.69943    0.00115864  154      1320     
 864.14  308     7409     1.69827    1.69943    0.00115858  158      1327     
 866.48  310     7453     1.69827    1.69943    0.00115815  151      1329     
 869.67  312     7500     1.69827    1.69943    0.00115807  153      1335     
 872.3   314     7550     1.69827    1.69943    0.00115804  151      1338     
 876     317     7609     1.69827    1.69943    0.00115795  151      1342     
 879.44  319     7653     1.69827    1.69943    0.00115771  152      1347     
 882.35  321     7700     1.69827    1.69943    0.00115759  147      1351     
 883.81  324     7759     1.69827    1.69943    0.00115748  143      1352     
 885.9   326     7803     1.69827    1.69943    0.00115742  148      1354     
 889.42  328     7850     1.69827    1.69943    0.00115736  141      1360     
 894.04  330     7900     1.69827    1.69943    0.0011573   140      1367     
 897.31  333     7957     1.69827    1.69943    0.00115676  138      1370     
 900.11  335     8000     1.69827    1.69943    0.00115669  140      1374     
 902.86  337     8050     1.69827    1.69943    0.00115625  135      1377     
 909.32  340     8100     1.69827    1.69943    0.00115618  145      1386     
 913.09  342     8153     1.69827    1.69943    0.00115594  143      1391     
 916.47  344     8200     1.69827    1.69943    0.00115583  143      1394     
 920.71  346     8250     1.69827    1.69943    0.00115577  143      1398     
 924.98  349     8307     1.69827    1.69943    0.00115568  157      1404     
 929.92  351     8353     1.69827    1.69943    0.00115554  161      1413     
 931.85  353     8400     1.69827    1.69943    0.00115548  155      1415     
 936.01  356     8459     1.69827    1.69943    0.00115534  157      1420     
 939.43  358     8503     1.69827    1.69943    0.00115531  162      1425     
 943.04  360     8550     1.69827    1.69943    0.00115514  157      1429     
 947.89  363     8607     1.69827    1.69943    0.00115506  158      1435     
 951.96  365     8650     1.69827    1.69943    0.00115502  162      1439     
 955.74  367     8700     1.69827    1.69943    0.00115499  171      1444     
 961.41  370     8750     1.69827    1.69943    0.00115489  173      1457     
 964.41  372     8805     1.69827    1.69943    0.00115462  178      1460     
 967.13  374     8850     1.69827    1.69943    0.00115459  180      1462     
 971.57  376     8900     1.69827    1.69943    0.0011544   187      1469     
 974.55  379     8957     1.69827    1.69943    0.00115433  192      1472     
 978.3   381     9001     1.69827    1.69943    0.00115426  194      1476     
 982.07  383     9050     1.69827    1.69943    0.00115416  190      1481     
 990.59  385     9100     1.69827    1.69942    0.00115393  196      1498     
 993.85  388     9157     1.69827    1.69942    0.00115381  198      1501     
 997.51  390     9201     1.69827    1.69942    0.00115375  204      1506     
 1002.74 392     9250     1.69827    1.69942    0.00115368  211      1512     
 1006.49 394     9300     1.69827    1.69942    0.00115364  215      1516     
 1010.87 397     9359     1.69827    1.69942    0.00115357  216      1521     
 1015.55 399     9403     1.69827    1.69942    0.00115348  211      1528     
 1021.84 401     9450     1.69827    1.69942    0.00115306  210      1540     
 1028.86 404     9509     1.69827    1.69942    0.00114822  236      1556     
 1031.62 406     9553     1.69827    1.69942    0.00114801  244      1559     
 1036.39 408     9600     1.69827    1.69942    0.001148    239      1564     
 1040.09 410     9650     1.69827    1.69942    0.00114793  238      1567     
 1045.55 413     9709     1.69827    1.69942    0.00114792  243      1572     
 1048.74 415     9753     1.69827    1.69942    0.00114788  246      1575     
 1054.52 417     9800     1.69827    1.69942    0.00114781  239      1582     
 1059.13 419     9850     1.69827    1.69942    0.00114778  234      1587     
 1065.56 422     9909     1.69827    1.69942    0.00114764  234      1594     
 1069.77 424     9957     1.69827    1.69942    0.00114759  236      1598     
 1075.09 426     10001    1.69827    1.69942    0.00114754  242      1605     
 1079.6  428     10050    1.69827    1.69942    0.00114749  236      1609     
 1083.2  431     10100    1.69827    1.69942    0.00114748  229      1612     
 1087.55 433     10155    1.69827    1.69942    0.00114741  219      1617     
 1092.79 435     10200    1.69827    1.69942    0.0011473   217      1623     
 1096.15 437     10250    1.69827    1.69942    0.00114721  219      1626     
 1099.77 440     10305    1.69827    1.69942    0.00114683  211      1629     
 1102.63 442     10350    1.69827    1.69942    0.0011468   201      1631     
 1106.69 445     10407    1.69827    1.69942    0.00114675  207      1634     
 1111    447     10450    1.69827    1.69942    0.0011466   215      1638     
 1115.94 450     10500    1.69827    1.69942    0.00114657  216      1644     
 1119.51 452     10555    1.69827    1.69942    0.00114653  206      1647     
 1122.76 454     10600    1.69827    1.69942    0.0011465   209      1651     
 1127.45 456     10650    1.69827    1.69942    0.00114647  199      1656     
 1130.35 459     10703    1.69827    1.69942    0.00114644  191      1659     
 1132.99 461     10750    1.69828    1.69942    0.00114636  183      1662     
 1136.94 464     10809    1.69828    1.69942    0.00114632  190      1666     
 1140.4  466     10851    1.69828    1.69942    0.0011463   192      1670     
 1145.07 468     10900    1.69828    1.69942    0.00114627  185      1674     
 1148.67 471     10955    1.69828    1.69942    0.00114625  181      1677     
 1151.35 473     11000    1.69828    1.69942    0.00114622  178      1679     
 1157.23 476     11059    1.69828    1.69942    0.00114613  180      1686     
 1162.18 478     11101    1.69828    1.69942    0.00114611  179      1691     
 1166.47 480     11150    1.69828    1.69942    0.00114605  187      1695     
 1170.73 483     11205    1.69828    1.69942    0.00114601  182      1699     
 1175.85 485     11251    1.69828    1.69942    0.00114571  186      1707     
 1178.46 487     11300    1.69828    1.69942    0.00114564  191      1709     
 1185.64 490     11359    1.69828    1.69942    0.00114559  196      1716     
 1189.4  492     11403    1.69828    1.69942    0.00114548  199      1719     
 1195.31 494     11450    1.69828    1.69942    0.00114543  199      1725     
 1202.27 497     11500    1.69828    1.69941    0.00112981  206      1740     
 1205.35 500     11550    1.69828    1.69941    0.00112972  202      1742     
 1210.41 502     11605    1.69828    1.69941    0.0011297   190      1747     
 1214.45 504     11650    1.69828    1.69941    0.00112965  192      1750     
 1217.72 506     11700    1.69828    1.69941    0.0011296   200      1752     
 1220.82 509     11755    1.69828    1.69941    0.00112954  198      1755     
 1223.91 511     11800    1.69828    1.69941    0.00112944  196      1757     
 1228.79 513     11850    1.69828    1.69941    0.00112942  194      1761     
 1233.26 516     11907    1.69828    1.69941    0.0011294   190      1764     
 1236.5  518     11951    1.69828    1.69941    0.00112938  191      1768     
 1240.64 520     12000    1.69828    1.69941    0.00112936  190      1772     
 1246.4  523     12057    1.69828    1.69941    0.00112933  202      1777     
 1249.51 525     12101    1.69828    1.69941    0.00112932  203      1779     
 1255.15 527     12150    1.69828    1.69941    0.00112914  204      1788     
 1260.77 530     12209    1.69828    1.69941    0.00112911  206      1792     
 1264.43 532     12253    1.69828    1.69941    0.00112907  196      1795     
 1267.17 534     12300    1.69828    1.69941    0.00112906  189      1797     
 1272.5  537     12355    1.69828    1.69941    0.00112901  190      1801     
 1275.4  539     12400    1.69828    1.69941    0.00112901  179      1803     
 1283.07 542     12459    1.69828    1.69941    0.00112897  184      1811     
 1285.78 544     12500    1.69828    1.69941    0.00112895  183      1813     
 1289.11 546     12550    1.69828    1.69941    0.00112893  190      1817     
 1296.06 549     12607    1.69828    1.69941    0.0011289   192      1823     
 1299.02 551     12650    1.69828    1.69941    0.00112889  187      1825     
 1302.29 553     12700    1.69828    1.69941    0.00112887  191      1827     
 1308.29 556     12755    1.69828    1.69941    0.00112867  195      1833     
 1311.4  558     12800    1.69828    1.69941    0.00112866  198      1836     
 1315.16 561     12859    1.69828    1.69941    0.00112849  197      1839     
 1318.75 563     12903    1.69828    1.69941    0.00112837  196      1843     
 1320.65 565     12950    1.69828    1.69941    0.00112836  197      1844     
 1325.67 568     13005    1.69828    1.69941    0.00112834  199      1849     
 1330.42 570     13050    1.69828    1.69941    0.00112829  197      1853     
 1336.02 573     13109    1.69828    1.69941    0.00112824  208      1859     
 1341.24 575     13151    1.69828    1.69941    0.00112809  205      1865     
 1345.42 577     13200    1.69828    1.69941    0.00112806  216      1868     
 1348.98 580     13255    1.69828    1.69941    0.00112802  216      1871     
 1352.35 582     13300    1.69828    1.69941    0.00112801  220      1874     
 1361.13 584     13350    1.69828    1.69941    0.00112801  225      1883     
 1365.21 587     13405    1.69828    1.69941    0.00112797  224      1886     
 1368.46 589     13450    1.69828    1.69941    0.00112796  225      1888     
 1373.81 592     13509    1.69828    1.69941    0.00112793  229      1893     
 1375.28 594     13550    1.69828    1.69941    0.00112792  223      1894     
 1383.12 596     13600    1.69828    1.69941    0.00112788  230      1902     
 1386.88 599     13655    1.69828    1.69941    0.00112759  223      1904     
 1391.09 601     13700    1.69828    1.69941    0.00112752  226      1907     
 1395.47 604     13757    1.69828    1.69941    0.0011275   221      1911     
 1402.48 606     13800    1.69828    1.69941    0.00112725  230      1923     
 1432.2  608     13850    1.69829    1.69941    0.00111896  240      1949     
 1434.85 611     13905    1.69829    1.6994     0.00110998  245      1950     
 1439.04 613     13950    1.69829    1.6994     0.00110998  247      1953     
 1444.13 615     14000    1.69829    1.6994     0.00110997  240      1957     
 1449    618     14050    1.69829    1.6994     0.00110965  238      1961     
 1453.69 620     14103    1.69829    1.6994     0.00110964  237      1964     
 1458.26 622     14150    1.69829    1.6994     0.00110964  232      1967     
 1462.69 624     14200    1.69829    1.6994     0.00110963  234      1970     
 1468.32 627     14257    1.69829    1.6994     0.00110959  211      1974     
 1469.31 629     14301    1.69829    1.6994     0.00110954  204      1974     
 1473.37 631     14350    1.69829    1.6994     0.00110952  213      1978     
 1477.79 634     14407    1.69829    1.6994     0.00110945  211      1981     
 1481.11 636     14451    1.69829    1.6994     0.00110943  205      1983     
 1486.33 638     14500    1.69829    1.6994     0.00110942  205      1987     
 1491.58 641     14550    1.69829    1.6994     0.0011094   207      1990     
 1492.44 643     14601    1.69829    1.6994     0.00110931  205      1990     
 1497.06 645     14650    1.69829    1.6994     0.00110924  206      1993     
 1503.59 648     14709    1.69829    1.6994     0.0011092   204      1998     
 1507.01 650     14751    1.69829    1.6994     0.00110916  207      2000     
 1510.6  652     14800    1.69829    1.6994     0.00110915  209      2002     
 1516.98 655     14859    1.69829    1.6994     0.0011091   209      2007     
 1522.87 657     14905    1.69829    1.6994     0.00110907  208      2013     
 1526.02 659     14950    1.69829    1.6994     0.00110904  211      2015     
 1530.54 662     15000    1.69829    1.6994     0.00110903  207      2018     
 1534.05 664     15053    1.69829    1.6994     0.00110902  206      2020     
 1540.91 666     15100    1.69829    1.6994     0.001109    213      2027     
 1546.39 668     15150    1.69829    1.6994     0.00110899  211      2031     
 1552.23 671     15203    1.69829    1.6994     0.00110898  213      2035     
 1555.97 673     15250    1.69829    1.6994     0.00110896  209      2037     
 1561.77 676     15309    1.69829    1.6994     0.00110895  215      2041     
 1567.46 678     15351    1.69829    1.6994     0.00110894  207      2046     
 1570.72 680     15400    1.69829    1.6994     0.00110887  202      2048     
 1576.51 683     15455    1.69829    1.6994     0.00110884  206      2052     
 1580.68 685     15500    1.69829    1.6994     0.0011087   207      2055     
 1587.49 688     15550    1.69829    1.6994     0.00110864  224      2063     
 1591.24 690     15603    1.69829    1.6994     0.00110862  226      2065     
 1597.09 692     15650    1.69829    1.6994     0.00110861  219      2070     
 1598.23 695     15709    1.69829    1.6994     0.00110858  225      2070     
 1603.03 697     15753    1.69829    1.6994     0.00110857  234      2073     
 1607.03 699     15800    1.69829    1.6994     0.00110853  225      2075     
 1611.42 702     15857    1.69829    1.6994     0.00110848  230      2078     
 1615.96 704     15901    1.69829    1.6994     0.00110845  235      2081     
 1622.43 706     15950    1.69829    1.6994     0.00110845  243      2086     
 1629.42 709     16000    1.69829    1.6994     0.00110843  253      2091     
 1634.13 711     16051    1.69829    1.6994     0.00110839  241      2094     
 1640.59 713     16100    1.69829    1.6994     0.00110836  233      2099     
 1649.31 716     16159    1.69829    1.6994     0.00110829  250      2106     
 1652.6  718     16200    1.69829    1.6994     0.00110827  258      2108     
 1659.42 720     16250    1.69829    1.6994     0.00110827  251      2113     
 1662.72 723     16300    1.69829    1.6994     0.00110824  252      2115     
 1666.16 725     16353    1.69829    1.6994     0.00110822  250      2117     
 1670.63 727     16400    1.69829    1.6994     0.0011082   239      2120     
 1675.51 730     16459    1.69829    1.6994     0.00110815  250      2123     
 1681.19 732     16503    1.69829    1.6994     0.00110776  247      2127     
 1683.15 734     16550    1.69829    1.6994     0.00110775  240      2128     
 1692.19 737     16611    1.69829    1.6994     0.00110774  257      2134     
 1697.14 739     16653    1.69829    1.6994     0.00110773  257      2138     
 1700.45 741     16700    1.69829    1.6994     0.00110772  254      2141     
 1706.96 744     16757    1.69829    1.6994     0.00110772  245      2145     
 1709.53 746     16801    1.69829    1.6994     0.00110771  244      2146     
 1716.07 748     16850    1.69829    1.6994     0.00110764  252      2152     
 1723.3  751     16905    1.69829    1.6994     0.00110752  262      2159     
 1729.2  753     16950    1.69829    1.6994     0.00110751  262      2163     
 1734.58 755     17000    1.69829    1.6994     0.00110751  261      2166     
 1739.9  758     17057    1.69829    1.6994     0.00110749  264      2169     
 1747.92 760     17101    1.69829    1.6994     0.00110708  261      2175     
 1750.55 762     17150    1.69829    1.6994     0.00110707  264      2176     
 1756.06 765     17205    1.69829    1.6994     0.00110703  269      2180     
 1763.76 767     17251    1.69829    1.6994     0.00110699  267      2185     
 1768.82 769     17300    1.69829    1.6994     0.00110697  260      2189     
 1774.3  772     17353    1.69829    1.6994     0.00110694  262      2193     
 1780.3  774     17400    1.69829    1.6994     0.00110693  267      2197     
 1784.39 777     17457    1.69829    1.6994     0.00110693  262      2199     
 1790.67 779     17500    1.69829    1.6994     0.0011069   267      2203     
 1798.72 782     17550    1.69829    1.6994     0.0011069   260      2209     
 1803.72 784     17603    1.69829    1.6994     0.00110681  264      2213     
 1807.8  786     17650    1.69829    1.6994     0.0011068   258      2216     
 1814.83 789     17707    1.69829    1.6994     0.00110674  266      2221     
 1819.98 791     17750    1.69829    1.6994     0.00110667  273      2226     
 1828.86 794     17807    1.69829    1.6994     0.00110653  281      2233     
 1833.76 796     17850    1.69829    1.6994     0.0011065   281      2237     
 1838.01 798     17900    1.69829    1.6994     0.0011065   288      2240     
 1843.09 801     17953    1.69829    1.6994     0.00110641  284      2245     
 1848.4  803     18000    1.69829    1.6994     0.00110639  294      2250     
 1857.51 805     18050    1.69829    1.6994     0.00110637  300      2256     
 1860.69 808     18103    1.69829    1.6994     0.00110634  292      2258     
 1863.5  810     18150    1.69829    1.6994     0.00110633  288      2259     
 1868.1  813     18203    1.69829    1.6994     0.00110625  290      2262     
 1877.76 815     18250    1.69829    1.6994     0.00110624  294      2269     
 1887.73 818     18309    1.69829    1.6994     0.00110619  302      2276     
 1894.46 820     18350    1.69829    1.6994     0.00110618  309      2281     
 1900.91 823     18400    1.69829    1.6994     0.00110617  299      2285     
 1906.87 825     18455    1.69829    1.6994     0.00110615  294      2289     
 1915.26 827     18501    1.69829    1.6994     0.00110614  298      2295     
 1923.04 829     18550    1.69829    1.6994     0.00110613  296      2300     
 1926.83 832     18605    1.69829    1.6994     0.00110611  294      2302     
 1933.2  834     18650    1.69829    1.6994     0.00110611  302      2306     
 1938.51 837     18709    1.69829    1.6994     0.00110609  283      2309     
 1947.52 839     18751    1.69829    1.6994     0.00110602  291      2315     
 1955.11 841     18800    1.69829    1.6994     0.00110601  293      2320     
 1963.5  844     18855    1.69829    1.6994     0.00110597  288      2326     
 1967.27 846     18900    1.69829    1.6994     0.00110594  287      2328     
 1973.15 849     18957    1.69829    1.6994     0.00110593  284      2332     
 1978.8  851     19000    1.69829    1.6994     0.00110592  284      2335     
 1984.99 854     19057    1.69829    1.6994     0.0011059   294      2339     
 1990.93 856     19100    1.69829    1.6994     0.00110584  293      2343     
 1997.15 859     19150    1.69829    1.6994     0.00110583  281      2347     
 1999.41 861     19201    1.69829    1.6994     0.00110581  277      2348     
 2002.12 863     19250    1.69829    1.6994     0.00110581  288      2349     
 2006.1  866     19303    1.69829    1.6994     0.00110579  291      2351     
 2013.5  868     19350    1.69829    1.6994     0.00110574  293      2356     
 2018.55 871     19403    1.69829    1.6994     0.00110564  298      2359     
 2021.55 873     19450    1.69829    1.6994     0.00110561  301      2360     
 2029.55 876     19503    1.69829    1.6994     0.00110559  300      2365     
 2035.4  878     19550    1.69829    1.6994     0.00110558  312      2369     
 2044.4  881     19603    1.69829    1.6994     0.00110558  313      2375     
 2051.21 883     19650    1.69829    1.6994     0.00110556  317      2380     
 2060.45 886     19709    1.69829    1.6994     0.00110547  321      2386     
 2063.5  888     19750    1.69829    1.6994     0.00110546  323      2388     
 2070.01 890     19800    1.69829    1.6994     0.00110545  324      2392     
 2080.17 893     19855    1.69829    1.6994     0.00110533  327      2398     
 2083.94 895     19900    1.69829    1.6994     0.00110532  327      2400     
 2092.63 898     19957    1.69829    1.6994     0.00110531  327      2406     
 2101.51 900     20001    1.69829    1.6994     0.00110531  334      2412     
 2105.64 902     20050    1.69829    1.6994     0.00110531  334      2414     
 2110.33 905     20103    1.69829    1.6994     0.00110529  341      2417     
 2116.92 907     20150    1.69829    1.6994     0.00110522  340      2421     
 2128.91 910     20207    1.69829    1.6994     0.00110503  335      2432     
 2146.46 912     20250    1.6983     1.69939    0.00108801  342      2445     
 2151.48 915     20307    1.6983     1.69939    0.00108752  348      2450     
 2152.84 917     20350    1.6983     1.69939    0.00108752  337      2450     
 2158.29 919     20400    1.6983     1.69939    0.00108749  331      2453     
 2161.23 922     20453    1.6983     1.69939    0.00108749  338      2454     
 2164.21 924     20500    1.6983     1.69939    0.00108748  337      2455     
 2170.06 927     20559    1.6983     1.69939    0.00108748  338      2458     
 2174.47 929     20600    1.6983     1.69939    0.00108747  344      2460     
 2179.12 931     20650    1.6983     1.69939    0.00108747  345      2462     
 2181.01 934     20705    1.6983     1.69939    0.00108741  341      2462     
 2185.15 936     20750    1.6983     1.69939    0.00108741  349      2464     
 2187.12 939     20809    1.6983     1.69939    0.00108737  350      2464     
 2193.12 941     20853    1.6983     1.69939    0.00108736  349      2467     
 2196.2  943     20900    1.6983     1.69939    0.00108736  346      2468     
 2199.33 946     20957    1.6983     1.69939    0.00108733  328      2469     
 2202.18 948     21001    1.6983     1.69939    0.00108733  316      2470     
 2205.6  950     21050    1.6983     1.69939    0.00108732  304      2472     
 2210.63 953     21103    1.6983     1.69939    0.0010873   307      2474     
 2215.46 955     21150    1.6983     1.69939    0.0010873   311      2476     
 2223.72 957     21200    1.6983     1.69939    0.0010873   312      2481     
 2227.71 960     21251    1.6983     1.69939    0.00108727  306      2483     
 2232.18 962     21300    1.6983     1.69939    0.00108727  303      2485     
 2239.99 965     21359    1.6983     1.69939    0.00108726  292      2490     
 2245.35 967     21400    1.6983     1.69939    0.00108726  296      2493     
 2249.8  969     21450    1.6983     1.69939    0.00108726  294      2495     
 2259.35 972     21500    1.6983     1.69939    0.00108724  305      2503     
 2263.75 974     21553    1.6983     1.69939    0.0010872   306      2505     
 2266.1  976     21600    1.6983     1.69939    0.0010872   304      2506     
 2269.59 979     21655    1.6983     1.69939    0.00108719  302      2508     
 2274.42 981     21700    1.6983     1.69939    0.00108718  312      2511     
 2282.59 984     21759    1.6983     1.69939    0.00108717  314      2516     
 2290.51 986     21801    1.6983     1.69939    0.00108716  309      2520     
 2298.49 988     21850    1.6983     1.69939    0.00108716  317      2525     
 2305.95 991     21905    1.6983     1.69939    0.00108715  326      2530     
 2311.29 993     21950    1.6983     1.69939    0.00108713  326      2533     
 2319.18 996     22009    1.6983     1.69939    0.00108708  335      2537     
 2325.35 998     22051    1.6983     1.69939    0.00108707  328      2540     
 2332.85 1000    22100    1.6983     1.69939    0.00108707  320      2544     
 2340.91 1003    22157    1.6983     1.69939    0.00108704  314      2548     
 2344.4  1005    22200    1.6983     1.69939    0.00108702  307      2549     
 2354.11 1007    22250    1.6983     1.69939    0.00108702  303      2555     
 2362.54 1010    22305    1.6983     1.69939    0.00108695  295      2559     
 2366.55 1012    22350    1.6983     1.69939    0.00108695  301      2561     
 2379.8  1015    22409    1.6983     1.69939    0.00108688  302      2571     
 2385.03 1017    22450    1.6983     1.69939    0.00108684  308      2574     
 2392.93 1019    22500    1.6983     1.69939    0.00108683  314      2579     
 2398.31 1022    22551    1.6983     1.69939    0.00108682  323      2582     
 2410.74 1024    22600    1.6983     1.69939    0.00108481  327      2598     
 2417.65 1027    22653    1.6983     1.69939    0.00108423  332      2604     
 2420.13 1029    22700    1.6983     1.69939    0.00108421  324      2605     
 2425.96 1032    22755    1.6983     1.69939    0.00108418  327      2609     
 2429.36 1034    22800    1.6983     1.69939    0.00108413  335      2611     
 2440.22 1037    22857    1.6983     1.69939    0.0010841   341      2619     
 2447.57 1039    22901    1.6983     1.69939    0.00108409  348      2623     
 2455.79 1041    22950    1.6983     1.69939    0.00108408  344      2627     
 2461.61 1044    23005    1.6983     1.69939    0.00108408  338      2630     
 2467.72 1046    23050    1.6983     1.69939    0.00108407  333      2633     
 2474.9  1048    23100    1.6983     1.69939    0.00108402  340      2637     
 2484.03 1051    23153    1.6983     1.69939    0.00108401  341      2641     
 2487.84 1053    23200    1.6983     1.69939    0.00108401  354      2643     
 2496.15 1056    23257    1.6983     1.69939    0.001084    351      2648     
 2502.3  1058    23300    1.6983     1.69939    0.00108393  356      2651     
 2507.8  1061    23359    1.6983     1.69939    0.00108392  365      2654     
 2519.98 1063    23401    1.6983     1.69939    0.00108391  357      2661     
 2524.7  1065    23450    1.6983     1.69939    0.0010839   355      2664     
 2531.91 1068    23505    1.6983     1.69939    0.00108387  358      2668     
 2537.43 1070    23550    1.6983     1.69939    0.00108386  359      2670     
 2546.72 1073    23609    1.6983     1.69939    0.00108382  362      2675     
 2551.87 1075    23650    1.6983     1.69939    0.00108382  356      2677     
 2555.58 1078    23709    1.6983     1.69939    0.00108377  349      2678     
 2557.3  1080    23751    1.6983     1.69939    0.00108377  344      2678     
 2561.53 1082    23800    1.6983     1.69939    0.00108374  342      2684     
 2570.12 1085    23853    1.6983     1.69939    0.0010837   358      2690     
 2578.23 1087    23900    1.6983     1.69939    0.00108359  370      2699     
 2594.13 1090    23961    1.6983     1.69939    0.00108354  375      2708     
 2602.55 1092    24003    1.6983     1.69939    0.00108354  379      2713     
 2613.92 1094    24050    1.6983     1.69939    0.00108354  377      2720     
 2635.47 1097    24109    1.6983     1.69939    0.00108345  364      2734     
 2644.68 1099    24150    1.6983     1.69939    0.00108343  370      2739     
 2659.77 1101    24200    1.6983     1.69939    0.00108342  377      2748     
 2673.57 1104    24255    1.6983     1.69939    0.0010834   376      2756     
 2691.44 1106    24300    1.6983     1.69939    0.00108237  381      2770     
 2710.46 1109    24359    1.69832    1.69938    0.00105639  375      2781     
 2711.99 1111    24400    1.69832    1.69938    0.00105638  370      2781     
 2717.1  1113    24450    1.69832    1.69938    0.00105637  372      2783     
 2723.16 1116    24505    1.69832    1.69938    0.00105636  377      2785     
 2726.79 1118    24550    1.69832    1.69938    0.00105636  377      2786     
 2732.79 1120    24600    1.69832    1.69938    0.00105636  381      2788     
 2734.52 1123    24653    1.69832    1.69938    0.00105635  368      2788     
 2740.19 1125    24700    1.69832    1.69938    0.00105634  367      2790     
 2741.93 1128    24757    1.69832    1.69938    0.00105632  371      2790     
 2743.62 1130    24800    1.69832    1.69938    0.00105629  375      2790     
 2745.43 1133    24857    1.69832    1.69938    0.00105623  376      2790     
 2750.67 1135    24900    1.69832    1.69938    0.00105623  371      2792     
 2752.97 1138    24959    1.69832    1.69938    0.00105622  368      2792     
 2756.35 1140    25000    1.69832    1.69938    0.00105622  363      2793     
 2762.8  1142    25050    1.69832    1.69938    0.00105621  367      2795     
 2766.51 1145    25105    1.69832    1.69938    0.0010562   361      2796     
 2771.97 1147    25151    1.69832    1.69938    0.0010562   367      2798     
 2778.33 1149    25200    1.69832    1.69938    0.00105618  362      2800     
 2782.83 1152    25259    1.69832    1.69938    0.00105616  358      2802     
 2786.28 1154    25301    1.69832    1.69938    0.00105616  364      2803     
 2789.83 1156    25350    1.69832    1.69938    0.00105615  353      2804     
 2794.25 1159    25401    1.69832    1.69938    0.00105615  350      2805     
 2801.31 1161    25450    1.69832    1.69938    0.00105615  353      2808     
 2807.17 1164    25505    1.69832    1.69938    0.00105614  351      2810     
 2811.39 1166    25550    1.69832    1.69938    0.00105614  349      2811     
 2815.37 1169    25609    1.69832    1.69938    0.00105614  336      2812     
 2818.49 1171    25650    1.69832    1.69938    0.00105612  333      2813     
 2823.63 1173    25700    1.69832    1.69938    0.00105611  327      2815     
 2834.18 1176    25761    1.69832    1.69938    0.00105601  336      2819     
 2841.11 1178    25805    1.69832    1.69938    0.00105598  325      2822     
 2844.73 1180    25850    1.69832    1.69938    0.00105595  314      2823     
 2848.64 1183    25907    1.69832    1.69938    0.00105593  310      2824     
 2852.04 1185    25950    1.69832    1.69938    0.00105591  308      2825     
 2859.79 1188    26009    1.69832    1.69938    0.00105587  309      2828     
 2862.71 1190    26050    1.69832    1.69938    0.00105587  305      2829     
 2867.83 1193    26109    1.69832    1.69938    0.00105586  304      2831     
 2873.1  1195    26150    1.69832    1.69938    0.00105585  309      2833     
 2876.64 1197    26200    1.69832    1.69938    0.00105584  308      2834     
 2885.63 1200    26257    1.69832    1.69938    0.00105583  299      2838     
 2893.12 1202    26301    1.69832    1.69938    0.00105583  305      2841     
 2898.74 1204    26350    1.69832    1.69938    0.00105583  313      2843     
 2905.84 1207    26403    1.69832    1.69938    0.00105582  319      2846     
 2909.22 1209    26450    1.69832    1.69938    0.00105581  322      2847     
 2919    1212    26507    1.69832    1.69938    0.0010558   322      2852     
 2924.82 1214    26550    1.69832    1.69938    0.0010558   324      2855     
 2929.57 1216    26600    1.69832    1.69938    0.00105579  323      2857     
 2933.34 1219    26651    1.69832    1.69938    0.00105579  322      2858     
 2936.05 1221    26700    1.69832    1.69938    0.00105578  332      2859     
 2944.91 1224    26757    1.69832    1.69938    0.00105577  330      2863     
 2948.1  1226    26800    1.69832    1.69938    0.00105577  328      2864     
 2951.85 1229    26857    1.69832    1.69938    0.00105576  321      2865     
 2959.39 1231    26900    1.69832    1.69938    0.00105575  323      2868     
 2964.46 1234    26950    1.69832    1.69938    0.00105575  327      2870     
 2969.84 1236    27003    1.69832    1.69938    0.00105562  327      2872     
 2976    1238    27050    1.69832    1.69938    0.00105558  328      2875     
 2984.14 1241    27105    1.69832    1.69938    0.00105554  315      2879     
 2987.6  1243    27150    1.69832    1.69938    0.00105553  319      2880     
 2997.14 1246    27207    1.69832    1.69938    0.00105551  311      2884     
 3001.14 1248    27250    1.69832    1.69938    0.00105549  305      2885     
 3009.29 1251    27309    1.69832    1.69938    0.00105548  312      2888     
 3014.16 1253    27350    1.69832    1.69938    0.00105548  309      2890     
 3018.4  1256    27409    1.69832    1.69938    0.00105545  315      2892     
 3022.94 1258    27450    1.69832    1.69938    0.00105545  317      2894     
 3032.33 1260    27500    1.69832    1.69938    0.00105545  327      2899     
 3042.38 1263    27555    1.69832    1.69938    0.00105541  308      2904     
 3046.29 1265    27600    1.69832    1.69938    0.00105541  308      2905     
 3057.58 1268    27661    1.69832    1.69938    0.00105538  311      2910     
 3065.62 1270    27703    1.69832    1.69938    0.00105536  304      2913     
 3072.15 1272    27750    1.69832    1.69938    0.00105535  306      2916     
 3084.59 1275    27805    1.69832    1.69938    0.00105533  308      2923     
 3091.19 1277    27850    1.69832    1.69938    0.00105532  317      2926     
 3099.15 1280    27900    1.69832    1.69938    0.00105531  328      2929     
 3108.45 1282    27955    1.69832    1.69938    0.00105529  327      2933     
 3121.38 1284    28000    1.69832    1.69938    0.00105526  329      2940     
 3125.71 1287    28059    1.69832    1.69938    0.00105524  325      2941     
 3132.06 1289    28100    1.69832    1.69938    0.00105523  323      2944     
 3142.38 1292    28159    1.69832    1.69938    0.00105479  337      2954     
 3144.13 1294    28200    1.69832    1.69938    0.00105479  334      2954     
 3150.4  1296    28250    1.69832    1.69938    0.00105476  343      2957     
 3156.88 1299    28301    1.69832    1.69938    0.00105474  341      2960     
 3168.57 1301    28350    1.69832    1.69938    0.00105467  353      2968     
 3174.55 1304    28401    1.69832    1.69938    0.00105466  355      2970     
 3180.59 1306    28450    1.69832    1.69938    0.00105433  357      2972     
 3187.37 1309    28501    1.69832    1.69938    0.00105431  353      2974     
 3191.38 1311    28550    1.69832    1.69938    0.00105427  350      2975     
 3199.09 1314    28601    1.69832    1.69938    0.00105427  351      2978     
 3204.24 1316    28650    1.69832    1.69938    0.00105425  349      2980     
 3208.68 1319    28703    1.69832    1.69938    0.0010542   355      2981     
 3220.21 1321    28750    1.69832    1.69938    0.00105406  356      2992     
 3228.02 1324    28801    1.69832    1.69938    0.00105216  370      2999     
 3239.04 1326    28850    1.69832    1.69938    0.0010521   375      3003     
 3247.1  1329    28903    1.69832    1.69938    0.00105153  375      3006     
 3259.07 1331    28950    1.69832    1.69938    0.00105153  377      3011     
 3269.05 1334    29000    1.69832    1.69938    0.00105151  376      3015     
 3279.89 1336    29053    1.69832    1.69938    0.0010515   365      3020     
 3289.17 1338    29100    1.69832    1.69938    0.0010515   363      3024     
 3301.14 1341    29159    1.69832    1.69938    0.00105147  365      3029     
 3308.68 1343    29201    1.69832    1.69938    0.00105147  361      3032     
 3317.73 1345    29250    1.69832    1.69938    0.00105147  361      3036     
 3333.9  1348    29307    1.69832    1.69938    0.00105146  353      3044     
 3344.42 1350    29350    1.69832    1.69938    0.00105146  361      3050     
 3353.22 1353    29409    1.69832    1.69938    0.00105141  375      3054     
 3362.8  1355    29451    1.69832    1.69938    0.00105133  368      3061     
 3366.82 1357    29500    1.69832    1.69938    0.00105133  367      3062     
 3375.25 1360    29553    1.69832    1.69938    0.0010513   374      3065     
 3379.22 1362    29600    1.69832    1.69938    0.00105129  380      3066     
 3385.15 1365    29653    1.69832    1.69938    0.00105129  382      3068     
 3389.25 1367    29700    1.69832    1.69938    0.00105129  381      3069     
 3397.66 1370    29755    1.69832    1.69938    0.00105124  384      3072     
 3404    1372    29800    1.69832    1.69938    0.00105124  382      3074     
 3406.46 1375    29855    1.69832    1.69938    0.00105123  375      3074     
 3413.05 1377    29900    1.69832    1.69938    0.00105122  370      3076     
 3419.93 1380    29957    1.69832    1.69938    0.00105121  376      3078     
 3426.29 1382    30000    1.69832    1.69938    0.00105121  375      3081     
 3428.48 1384    30050    1.69832    1.69938    0.00105121  369      3081     
 3436.28 1387    30103    1.69832    1.69938    0.00105121  373      3084     
 3445.57 1389    30150    1.69832    1.69938    0.00105116  372      3087     
 3456.29 1392    30201    1.69832    1.69938    0.00105109  375      3094     
 3466.64 1394    30250    1.69832    1.69937    0.00105089  380      3101     
 3473.23 1397    30305    1.69832    1.69937    0.00105089  369      3103     
 3475.16 1399    30350    1.69832    1.69937    0.00105088  373      3103     
 3489.84 1402    30400    1.69832    1.69937    0.00105088  371      3109     
 3496.14 1404    30455    1.69832    1.69937    0.00105088  368      3111     
 3502.72 1406    30500    1.69832    1.69937    0.00105087  365      3113     
 3510.43 1409    30557    1.69832    1.69937    0.00105086  366      3116     
 3513.88 1411    30600    1.69832    1.69937    0.00105086  345      3117     
 3521.11 1414    30659    1.69832    1.69937    0.00105084  344      3120     
 3528.94 1416    30700    1.69832    1.69937    0.00105084  346      3123     
 3541.32 1418    30750    1.69832    1.69937    0.00105083  341      3129     
 3547.25 1421    30801    1.69832    1.69937    0.00105081  341      3131     
 3558.84 1423    30850    1.69832    1.69937    0.0010508   346      3136     
 3572.04 1426    30903    1.69832    1.69937    0.0010508   346      3142     
 3576.15 1428    30950    1.69832    1.69937    0.0010508   343      3143     
 3583.93 1431    31005    1.69832    1.69937    0.00105079  337      3146     
 3588.23 1433    31050    1.69832    1.69937    0.00105077  337      3147     
 3600.76 1436    31107    1.69832    1.69937    0.00105076  335      3153     
 3608.67 1438    31150    1.69832    1.69937    0.00105075  342      3156     
 3624.13 1441    31207    1.69832    1.69937    0.00105074  341      3162     
 3633.08 1443    31250    1.69832    1.69937    0.00105032  343      3166     
 3646.13 1445    31300    1.69832    1.69937    0.00105029  350      3172     
 3652.54 1448    31353    1.69832    1.69937    0.00105029  349      3174     
 3658.85 1450    31400    1.69832    1.69937    0.00105029  349      3176     
 3670.5  1453    31459    1.69832    1.69937    0.00105028  346      3181     
 3679.99 1455    31500    1.69832    1.69937    0.00105027  345      3185     
 3685.73 1458    31559    1.69832    1.69937    0.00105026  348      3187     
 3698.45 1460    31603    1.69832    1.69937    0.00105026  355      3192     
 3708.43 1462    31650    1.69832    1.69937    0.00105025  342      3196     
 3723.57 1465    31703    1.69832    1.69937    0.00105024  349      3203     
 3732.27 1467    31750    1.69832    1.69937    0.00105014  349      3205     
 3741.62 1470    31805    1.69832    1.69937    0.00105014  340      3208     
 3748.28 1472    31850    1.69832    1.69937    0.00105013  339      3210     
 3756.39 1475    31905    1.69832    1.69937    0.00105012  334      3214     
 3765.78 1477    31950    1.69832    1.69937    0.00105011  329      3218     
 3776.12 1479    32000    1.69832    1.69937    0.00105011  331      3222     
 3789.77 1482    32057    1.69832    1.69937    0.00105009  335      3227     
 3796.2  1484    32100    1.69832    1.69937    0.00105005  337      3229     
 3808.93 1486    32150    1.69832    1.69937    0.00104998  339      3235     
 3825.09 1489    32205    1.69832    1.69937    0.00104997  345      3241     
 3832.09 1491    32250    1.69832    1.69937    0.00104997  343      3244     
 3842.54 1494    32305    1.69832    1.69937    0.00104993  334      3248     
 3850.65 1496    32350    1.69832    1.69937    0.00104993  339      3251     
 3867.36 1499    32405    1.69832    1.69937    0.00104991  339      3257     
 3877.23 1501    32450    1.69832    1.69937    0.00104978  344      3261     
 3886    1504    32505    1.69832    1.69937    0.00104976  348      3265     
 3895.27 1506    32550    1.69832    1.69937    0.00104975  344      3268     
 3902.86 1508    32600    1.69832    1.69937    0.00104975  339      3271     
 3910.58 1511    32651    1.69832    1.69937    0.00104975  341      3273     
 3922.64 1513    32700    1.69832    1.69937    0.00104968  340      3279     
 3927.72 1516    32753    1.69832    1.69937    0.00104965  336      3280     
 3942.48 1518    32800    1.69832    1.69937    0.00104964  334      3286     
 3958.85 1521    32855    1.69832    1.69937    0.0010487   340      3302     
 3962.95 1523    32900    1.69832    1.69937    0.00104869  339      3303     
 3973.63 1526    32957    1.69832    1.69937    0.00104867  337      3307     
 3982.31 1528    33000    1.69832    1.69937    0.00104867  337      3310     
 3998.71 1531    33059    1.69832    1.69937    0.00104862  339      3317     
 4004.87 1533    33100    1.69832    1.69937    0.00104862  350      3319     
 4014.65 1536    33159    1.69832    1.69937    0.00104861  355      3323     
 4025.21 1538    33200    1.69832    1.69937    0.0010486   358      3328     
 4042.76 1541    33259    1.69832    1.69937    0.00104857  358      3336     
 4057.39 1543    33301    1.69832    1.69937    0.00104857  360      3342     
 4067.49 1545    33350    1.69832    1.69937    0.00104857  373      3347     
 4082.93 1548    33405    1.69832    1.69937    0.00104856  384      3354     
 4093.95 1550    33450    1.69832    1.69937    0.00104854  382      3358     
 4116    1553    33507    1.69832    1.69937    0.00104851  387      3365     
 4125.99 1555    33550    1.69832    1.69937    0.00104847  388      3369     
 4145.24 1558    33609    1.69832    1.69937    0.00104846  392      3377     
 4160.25 1560    33653    1.69832    1.69937    0.00104846  387      3383     
 4171.01 1562    33700    1.69832    1.69937    0.00104843  371      3389     
 4191.13 1565    33755    1.69832    1.69937    0.00104825  373      3400     
 4202.39 1568    33800    1.69832    1.69937    0.00104702  380      3414     
 4216.21 1570    33850    1.69832    1.69937    0.00104659  391      3421     
 4244.8  1572    33900    1.69833    1.69936    0.00102971  396      3431     
 4247.21 1575    33953    1.69833    1.69936    0.00102971  391      3431     
 4252.49 1577    34000    1.69833    1.69936    0.00102971  390      3432     
 4254.87 1580    34053    1.69833    1.69936    0.00102971  388      3432     
 4256.89 1582    34100    1.69833    1.69936    0.0010297   381      3432     
 4265.42 1585    34153    1.69833    1.69936    0.0010297   379      3435     
 4270.02 1587    34200    1.69833    1.69936    0.00102965  381      3436     
 4275.97 1589    34250    1.69833    1.69936    0.00102965  387      3438     
 4286.09 1592    34307    1.69833    1.69936    0.00102965  395      3442     
 4292.83 1594    34350    1.69833    1.69936    0.00102965  396      3444     
 4299.13 1596    34400    1.69833    1.69936    0.00102965  403      3446     
 4303.27 1599    34453    1.69833    1.69936    0.00102962  405      3447     
 4309.53 1601    34500    1.69833    1.69936    0.00102962  400      3449     
 4318.21 1604    34557    1.69833    1.69936    0.00102962  399      3452     
 4320.36 1606    34600    1.69833    1.69936    0.00102961  400      3452     
 4325.62 1609    34650    1.69833    1.69936    0.00102961  397      3453     
 4328.01 1611    34701    1.69833    1.69936    0.0010296   401      3453     
 4334.86 1613    34750    1.69833    1.69936    0.00102959  403      3455     
 4343.85 1616    34805    1.69833    1.69936    0.00102845  398      3457     
 4348.06 1618    34850    1.69833    1.69936    0.00102845  401      3458     
 4352.37 1621    34909    1.69833    1.69936    0.00102843  395      3459     
 4357.21 1623    34951    1.69833    1.69936    0.00102843  394      3460     
 4359.26 1625    35000    1.69833    1.69936    0.00102842  391      3460     
 4363.32 1628    35053    1.69833    1.69936    0.00102842  393      3461     
 4368.29 1630    35100    1.69833    1.69936    0.00102841  389      3462     
 4381.46 1633    35159    1.69833    1.69936    0.00102841  384      3467     
 4387.84 1635    35200    1.69833    1.69936    0.00102841  379      3469     
 4395.44 1637    35250    1.69833    1.69936    0.0010284   377      3471     
 4397.81 1640    35303    1.69833    1.69936    0.0010284   364      3471     
 4402.19 1642    35350    1.69833    1.69936    0.0010284   363      3472     
 4410.98 1645    35403    1.69833    1.69936    0.00102837  359      3475     
 4416.91 1647    35450    1.69833    1.69936    0.00102837  357      3477     
 4420.8  1650    35505    1.69833    1.69936    0.00102837  356      3478     
 4422.46 1652    35550    1.69833    1.69936    0.00102837  357      3478     
 4429.93 1655    35607    1.69833    1.69936    0.00102837  360      3480     
 4433.36 1657    35650    1.69833    1.69936    0.00102836  358      3481     
 4439.76 1660    35709    1.69833    1.69936    0.00102835  357      3483     
 4441.98 1662    35750    1.69833    1.69936    0.00102835  356      3483     
 4449.95 1665    35809    1.69833    1.69936    0.00102835  358      3486     
 4454    1667    35851    1.69833    1.69936    0.00102835  361      3487     
 4465.56 1669    35900    1.69833    1.69936    0.00102834  362      3490     
 4472.71 1672    35953    1.69833    1.69936    0.00102834  363      3492     
 4479.47 1674    36000    1.69833    1.69936    0.00102832  355      3494     
 4488.35 1677    36055    1.69833    1.69936    0.00102831  352      3497     
 4492.72 1679    36100    1.69833    1.69936    0.00102831  352      3498     
 4497.36 1682    36155    1.69833    1.69936    0.00102829  341      3499     
 4507.2  1684    36200    1.69833    1.69936    0.00102829  351      3503     
 4511.7  1687    36257    1.69833    1.69936    0.00102828  351      3504     
 4515.72 1689    36300    1.69833    1.69936    0.00102828  353      3505     
 4524.82 1691    36350    1.69833    1.69936    0.00102827  344      3508     
 4534.79 1694    36405    1.69833    1.69936    0.00102827  353      3511     
 4544.32 1696    36451    1.69833    1.69936    0.00102826  344      3514     
 4548.24 1698    36500    1.69833    1.69936    0.00102825  343      3515     
 4557.81 1701    36555    1.69833    1.69936    0.00102825  345      3518     
 4567.18 1703    36600    1.69833    1.69936    0.00102825  343      3522     
 4569.15 1706    36657    1.69833    1.69936    0.00102825  335      3522     
 4573.01 1708    36700    1.69833    1.69936    0.00102824  327      3523     
 4585.1  1710    36750    1.69833    1.69936    0.00102821  325      3528     
 4594.65 1713    36803    1.69833    1.69936    0.00102821  330      3531     
 4600.82 1715    36850    1.69833    1.69936    0.0010282   323      3533     
 4612.43 1718    36907    1.69833    1.69936    0.00102819  319      3537     
 4618.54 1720    36950    1.69833    1.69936    0.00102819  319      3539     
 4625.33 1723    37007    1.69833    1.69936    0.00102816  322      3541     
 4632.3  1725    37050    1.69833    1.69936    0.00102812  325      3543     
 4639.88 1728    37107    1.69833    1.69936    0.00102806  331      3545     
 4650.48 1730    37151    1.69833    1.69936    0.00102805  331      3549     
 4660.93 1732    37200    1.69833    1.69936    0.00102805  347      3553     
 4669.13 1735    37253    1.69833    1.69936    0.00102805  350      3556     
 4677.98 1737    37300    1.69833    1.69936    0.00102787  356      3559     
 4688.04 1740    37355    1.69833    1.69936    0.00102786  355      3562     
 4696.34 1742    37400    1.69833    1.69936    0.00102785  356      3565     
 4702.06 1745    37457    1.69833    1.69936    0.00102784  356      3567     
 4709.59 1747    37500    1.69833    1.69936    0.00102784  358      3569     
 4716.75 1750    37557    1.69833    1.69936    0.00102784  353      3571     
 4723.09 1752    37600    1.69833    1.69936    0.00102784  354      3573     
 4733.82 1754    37650    1.69833    1.69936    0.00102783  363      3577     
 4741.59 1757    37705    1.69833    1.69936    0.00102781  363      3579     
 4745.83 1759    37750    1.69833    1.69936    0.00102781  372      3580     
 4756.54 1762    37800    1.69833    1.69936    0.00102781  378      3585     
 4763.52 1764    37853    1.69833    1.69936    0.0010278   374      3587     
 4774.49 1766    37900    1.69833    1.69936    0.00102779  379      3591     
 4787.32 1769    37957    1.69833    1.69936    0.00102778  383      3596     
 4797.02 1771    38000    1.69833    1.69936    0.00102777  376      3599     
 4810.42 1774    38057    1.69833    1.69936    0.00102776  392      3604     
 4815.05 1776    38100    1.69833    1.69936    0.00102774  399      3605     
 4828.97 1779    38159    1.69833    1.69936    0.00102774  413      3609     
 4840.93 1781    38200    1.69833    1.69936    0.00102773  407      3613     
 4849.18 1783    38250    1.69833    1.69936    0.00102773  403      3615     
 4859.77 1786    38305    1.69833    1.69936    0.00102773  396      3618     
 4868.66 1788    38350    1.69833    1.69936    0.00102773  402      3621     
 4872.92 1791    38405    1.69833    1.69936    0.00102772  396      3622     
 4877.07 1793    38450    1.69833    1.69936    0.00102772  382      3623     
 4886.94 1796    38509    1.69833    1.69936    0.00102771  382      3626     
 4894.24 1798    38550    1.69833    1.69936    0.00102771  381      3628     
 4903.12 1801    38609    1.69833    1.69936    0.00102769  389      3631     
 4909.66 1803    38651    1.69833    1.69936    0.00102768  390      3633     
 4915.39 1805    38700    1.69833    1.69936    0.00102768  393      3635     
 4920.63 1808    38753    1.69833    1.69936    0.00102767  386      3636     
 4930.06 1810    38800    1.69833    1.69936    0.00102763  389      3639     
 4939.15 1813    38853    1.69833    1.69936    0.00102763  394      3642     
 4952.12 1815    38900    1.69833    1.69936    0.00102763  391      3647     
 4967.47 1818    38959    1.69833    1.69936    0.00102761  389      3653     
 4972.31 1820    39000    1.69833    1.69936    0.00102761  385      3654     
 4986.48 1823    39059    1.69833    1.69936    0.00102761  381      3659     
 4994.91 1825    39100    1.69833    1.69936    0.00102729  382      3662     
 5005.94 1827    39150    1.69833    1.69936    0.00102729  379      3665     
 5012.14 1830    39201    1.69833    1.69936    0.00102725  378      3667     
 5021.23 1832    39250    1.69833    1.69936    0.00102725  371      3671     
 5039.78 1835    39305    1.69833    1.69936    0.00102724  362      3678     
 5047.66 1837    39350    1.69833    1.69936    0.00102722  367      3681     
 5054.62 1840    39405    1.69833    1.69936    0.00102722  350      3683     
 5061.4  1842    39450    1.69833    1.69936    0.00102721  356      3685     
 5072.86 1845    39505    1.69833    1.69936    0.0010272   363      3689     
 5081.44 1847    39550    1.69833    1.69936    0.00102719  359      3692     
 5086.88 1850    39607    1.69833    1.69936    0.00102719  360      3693     
 5093.2  1852    39650    1.69833    1.69936    0.00102719  359      3695     
 5101.14 1855    39709    1.69833    1.69936    0.00102719  358      3698     
 5107.95 1857    39750    1.69833    1.69936    0.00102718  366      3700     
 5117.11 1859    39800    1.69833    1.69936    0.00102718  370      3704     
 5130.81 1862    39853    1.69833    1.69936    0.00102717  377      3710     
 5145.98 1864    39900    1.69833    1.69936    0.00102713  387      3715     
 5163.51 1867    39957    1.69833    1.69936    0.00102712  389      3722     
 5167.79 1869    40000    1.69833    1.69936    0.00102712  386      3723     
 5183.66 1872    40059    1.69833    1.69936    0.0010271   393      3729     
 5191.42 1874    40100    1.69833    1.69936    0.0010271   396      3731     
 5203.54 1876    40150    1.69833    1.69936    0.0010271   397      3736     
 5217.97 1879    40207    1.69833    1.69936    0.00102709  393      3741     
 5227.71 1881    40250    1.69833    1.69936    0.00102709  395      3744     
 5246.33 1884    40307    1.69833    1.69936    0.00102708  391      3751     
 5259.43 1886    40350    1.69833    1.69936    0.00102704  391      3756     
 5267.54 1889    40409    1.69833    1.69936    0.00102703  383      3759     
 5272.91 1891    40450    1.69833    1.69936    0.00102703  386      3760     
 5287.29 1894    40509    1.69833    1.69936    0.0010268   395      3765     
 5298.01 1896    40550    1.69833    1.69936    0.0010268   394      3769     
 5309.32 1898    40600    1.69833    1.69936    0.00102679  388      3773     
 5324.58 1901    40653    1.69833    1.69936    0.00102678  388      3779     
 5337.51 1903    40700    1.69833    1.69936    0.00102677  391      3783     
 5357.61 1906    40750    1.69833    1.69936    0.00102676  379      3792     
 5368.83 1908    40800    1.69833    1.69936    0.00102675  384      3796     
 5379.85 1911    40859    1.69833    1.69936    0.00102674  379      3800     
 5392.06 1913    40901    1.69833    1.69936    0.00102674  378      3805     
 5410.66 1915    40950    1.69833    1.69936    0.00102674  377      3812     
 5422.56 1918    41001    1.69833    1.69936    0.00102671  372      3816     
 5430.26 1920    41050    1.69833    1.69936    0.00102671  376      3819     
 5438.97 1923    41101    1.69833    1.69936    0.0010267   373      3821     
 5449.71 1925    41150    1.69833    1.69936    0.0010267   367      3826     
 5454.21 1928    41200    1.69833    1.69936    0.00102669  365      3827     
 5462.4  1931    41257    1.69833    1.69936    0.00102668  359      3830     
 5464.8  1933    41300    1.69833    1.69936    0.00102668  356      3830     
 5471.54 1936    41359    1.69833    1.69936    0.00102668  359      3832     
 5475.41 1938    41400    1.69833    1.69936    0.00102668  368      3833     
 5490.21 1940    41450    1.69833    1.69936    0.00102668  380      3838     
 5504.81 1943    41503    1.69833    1.69936    0.00102666  391      3844     
 5511.9  1945    41550    1.69833    1.69936    0.00102666  396      3846     
 5520.32 1948    41601    1.69833    1.69936    0.00102666  396      3848     
 5526.58 1950    41650    1.69833    1.69936    0.00102666  399      3850     
 5535.56 1953    41703    1.69833    1.69936    0.00102665  394      3852     
 5543.18 1955    41750    1.69833    1.69936    0.00102665  397      3854     
 5561.02 1958    41805    1.69833    1.69936    0.00102662  388      3862     
 5567.09 1960    41850    1.69833    1.69936    0.00102662  389      3864     
 5581.45 1963    41907    1.69833    1.69936    0.00102661  385      3869     
 5593.67 1965    41950    1.69833    1.69936    0.0010266   384      3873     
 5608.03 1968    42009    1.69833    1.69936    0.00102659  389      3879     
 5616.07 1970    42050    1.69833    1.69936    0.00102658  382      3882     
 5632.1  1973    42107    1.69833    1.69936    0.00102641  393      3892     
 5641.14 1975    42150    1.69833    1.69936    0.00102628  401      3898     
 5652.37 1978    42201    1.69833    1.69936    0.00102625  416      3903     
 5672.68 1980    42250    1.69833    1.69936    0.00102599  430      3918     
 5686.69 1983    42303    1.69833    1.69936    0.00102554  445      3927     
 5699.12 1986    42350    1.69833    1.69936    0.00102476  464      3937     
 5721.54 1988    42400    1.69833    1.69936    0.00102298  483      3956     
 5778.02 1991    42457    1.69835    1.69934    0.000994916 495      3976     
 5796.25 1993    42500    1.69835    1.69934    0.000994749 495      3984     
 5822.4  1995    42550    1.69835    1.69934    0.000994617 490      4000     
 5826.48 1998    42603    1.69835    1.69934    0.00099433  485      4000     
 5833.35 2000    42650    1.69835    1.69934    0.000994329 490      4001     
 5837    2003    42709    1.69835    1.69934    0.000994327 486      4001     
 5840.08 2005    42751    1.69835    1.69934    0.000994326 479      4001     
 5845.76 2007    42800    1.69835    1.69934    0.000994322 477      4002     
 5852.83 2010    42855    1.69835    1.69934    0.000994321 479      4003     
 5858.53 2012    42900    1.69835    1.69934    0.000994319 482      4004     
 5865.59 2015    42959    1.69835    1.69934    0.000994266 476      4005     
 5868.99 2017    43000    1.69835    1.69934    0.000994266 469      4005     
 5874.95 2019    43050    1.69835    1.69934    0.000994261 461      4006     
 5884.73 2022    43105    1.69835    1.69934    0.000994259 457      4008     
 5896.75 2024    43150    1.69835    1.69934    0.000994256 452      4011     
 5905.57 2026    43200    1.69835    1.69934    0.000994256 446      4013     
 5909    2029    43255    1.69835    1.69934    0.000994251 440      4013     
 5916.96 2031    43300    1.69835    1.69934    0.000994251 445      4015     
 5928.43 2033    43350    1.69835    1.69934    0.000994249 443      4018     
 5936.69 2036    43409    1.69835    1.69934    0.000994247 446      4020     
 5947.49 2038    43450    1.69835    1.69934    0.000994245 447      4023     
 5958.86 2040    43500    1.69835    1.69934    0.000994242 440      4027     
 5971.57 2043    43559    1.69835    1.69934    0.000994239 443      4030     
 5980.46 2045    43603    1.69835    1.69934    0.000994233 442      4032     
 5983.63 2047    43650    1.69835    1.69934    0.000994233 443      4032     
 5988.05 2050    43709    1.69835    1.69934    0.000994229 435      4032     
 5993.94 2052    43751    1.69835    1.69934    0.000994225 430      4033     
 5999.39 2054    43800    1.69835    1.69934    0.000994225 432      4034     
 6005.19 2057    43859    1.69835    1.69934    0.000994223 435      4035     
 6011.39 2059    43900    1.69835    1.69934    0.0009942   440      4036     
 6016.27 2061    43950    1.69835    1.69934    0.000994198 441      4037     
 6022.36 2064    44009    1.69835    1.69934    0.000994197 449      4038     
 6027.49 2066    44051    1.69835    1.69934    0.000994188 447      4039     
 6030.41 2068    44100    1.69835    1.69934    0.000994187 444      4039     
 6033.59 2071    44153    1.69835    1.69934    0.000994171 446      4039     
 6038.32 2073    44200    1.69835    1.69934    0.00099417  447      4040     
 6050.42 2076    44259    1.69835    1.69934    0.000994163 456      4043     
 6056.41 2078    44301    1.69835    1.69934    0.000994163 458      4044     
 6062.11 2080    44350    1.69835    1.69934    0.000994119 462      4045     
 6066.2  2083    44407    1.69835    1.69934    0.000994116 465      4045     
 6074.8  2085    44451    1.69835    1.69934    0.000994115 458      4047     
 6083.13 2087    44500    1.69835    1.69934    0.000994113 461      4049     
 6089.62 2090    44555    1.69835    1.69934    0.000994103 460      4050     
 6093.25 2092    44600    1.69835    1.69934    0.000994101 457      4050     
 6100.02 2095    44657    1.69835    1.69934    0.000994085 465      4051     
 6102.92 2097    44700    1.69835    1.69934    0.000994085 467      4051     
 6112.18 2100    44761    1.69835    1.69934    0.000994083 473      4053     
 6120.93 2102    44805    1.69835    1.69934    0.000994082 468      4055     
 6127.67 2104    44850    1.69835    1.69934    0.000994082 471      4056     
 6142.48 2107    44900    1.69835    1.69934    0.000994081 481      4060     
 6156    2109    44957    1.69835    1.69934    0.000994062 480      4063     
 6161.3  2111    45000    1.69835    1.69934    0.00099404  474      4064     
 6171.08 2113    45050    1.69835    1.69934    0.000994038 474      4066     
 6181.16 2116    45103    1.69835    1.69934    0.000994037 484      4068     
 6188.88 2118    45150    1.69835    1.69934    0.000994035 479      4069     
 6198.68 2120    45200    1.69835    1.69934    0.000994012 475      4071     
 6212.37 2123    45255    1.69835    1.69934    0.000994011 470      4074     
 6223.8  2125    45300    1.69835    1.69934    0.000994008 460      4077     
 6233.27 2128    45359    1.69835    1.69934    0.000994007 459      4079     
 6242.26 2130    45403    1.69835    1.69934    0.000994006 461      4081     
 6248.47 2132    45450    1.69835    1.69934    0.000994002 459      4082     
 6258.44 2135    45507    1.69835    1.69934    0.000994001 453      4084     
 6269    2137    45551    1.69835    1.69934    0.000993996 451      4087     
 6278.16 2139    45600    1.69835    1.69934    0.000993977 457      4089     
 6285.4  2142    45655    1.69835    1.69934    0.000993975 456      4090     
 6292.39 2144    45700    1.69835    1.69934    0.000993973 454      4092     
 6298.66 2147    45759    1.69835    1.69934    0.00099396  451      4093     
 6307.76 2149    45803    1.69835    1.69934    0.000993959 449      4095     
 6314.54 2151    45850    1.69835    1.69934    0.000993955 450      4096     
 6326.32 2154    45909    1.69835    1.69934    0.000993954 451      4099     
 6332.15 2156    45950    1.69835    1.69934    0.000993953 458      4100     
 6341.73 2158    46000    1.69835    1.69934    0.000993939 460      4102     
 6351.83 2161    46051    1.69835    1.69934    0.000993927 451      4105     
 6362.03 2163    46100    1.69835    1.69934    0.000993924 451      4107     
 6377.97 2166    46159    1.69835    1.69934    0.000993919 453      4111     
 6384.89 2168    46201    1.69835    1.69934    0.000993917 456      4112     
 6391.42 2170    46250    1.69835    1.69934    0.000993915 461      4113     
 6394.66 2173    46301    1.69835    1.69934    0.000993915 461      4113     
 6401.07 2175    46350    1.69835    1.69934    0.000993913 460      4114     
 6405.32 2178    46405    1.69835    1.69934    0.000993909 444      4114     
 6418.49 2180    46450    1.69835    1.69934    0.000993909 447      4118     
 6433.25 2183    46500    1.69835    1.69934    0.000993886 451      4122     
 6442.8  2185    46553    1.69835    1.69934    0.000993874 449      4124     
 6448.42 2187    46600    1.69835    1.69934    0.000993832 440      4125     
 6454.23 2190    46657    1.69835    1.69934    0.000993827 447      4126     
 6460.83 2192    46700    1.69835    1.69934    0.000993827 450      4128     
 6467.71 2195    46759    1.69835    1.69934    0.000993823 442      4129     
 6476.43 2197    46805    1.69835    1.69934    0.000993823 446      4131     
 6483.58 2199    46850    1.69835    1.69934    0.000993817 449      4133     
 6492.63 2202    46907    1.69835    1.69934    0.000993814 454      4135     
 6499.01 2204    46950    1.69835    1.69934    0.000993812 447      4136     
 6508.99 2207    47009    1.69835    1.69934    0.000993775 450      4138     
 6520.05 2209    47051    1.69835    1.69934    0.000993771 455      4141     
 6533.3  2211    47100    1.69835    1.69934    0.00099374  453      4144     
 6547.97 2214    47155    1.69835    1.69934    0.00099373  450      4148     
 6553.86 2216    47200    1.69835    1.69934    0.000993729 448      4149     
 6566.03 2219    47259    1.69835    1.69934    0.000993719 441      4152     
 6574.52 2221    47300    1.69835    1.69934    0.000993711 444      4154     
 6583.06 2224    47359    1.69835    1.69934    0.000993708 458      4156     
 6591    2226    47401    1.69835    1.69934    0.000993708 454      4158     
 6603.66 2228    47450    1.69835    1.69934    0.000993707 445      4161     
 6622.24 2231    47509    1.69835    1.69934    0.000993706 455      4167     
 6636.99 2233    47553    1.69835    1.69934    0.000993684 450      4173     
 6646.37 2235    47600    1.69835    1.69934    0.000993683 457      4175     
 6663.11 2238    47655    1.69835    1.69934    0.000993679 454      4180     
 6675.06 2240    47700    1.69835    1.69934    0.000993655 461      4184     
 6680.57 2243    47757    1.69835    1.69934    0.000993653 455      4185     
 6689.55 2245    47800    1.69835    1.69934    0.000993653 454      4187     
 6699.45 2248    47859    1.69835    1.69934    0.000993626 447      4189     
 6707.83 2250    47900    1.69835    1.69934    0.000993602 442      4191     
 6719.56 2252    47950    1.69835    1.69934    0.000993601 444      4194     
 6731.84 2255    48003    1.69835    1.69934    0.000993599 445      4197     
 6737.19 2257    48050    1.69835    1.69934    0.000993597 449      4198     
 6750.21 2260    48107    1.69835    1.69934    0.000993595 444      4202     
 6753.47 2262    48150    1.69835    1.69934    0.000993592 437      4202     
 6768.34 2265    48209    1.69835    1.69934    0.000993587 449      4207     
 6771.15 2267    48250    1.69835    1.69934    0.000993583 447      4207     
 6779.73 2269    48300    1.69835    1.69934    0.00099358  445      4209     
 6794.28 2272    48355    1.69835    1.69934    0.000993565 453      4213     
 6802.17 2274    48400    1.69835    1.69934    0.000993564 448      4215     
 6816.71 2276    48450    1.69835    1.69934    0.000993557 455      4219     
 6823.28 2279    48501    1.69835    1.69934    0.000993547 450      4220     
 6830.07 2281    48550    1.69835    1.69934    0.000993546 452      4221     
 6849.21 2284    48609    1.69835    1.69934    0.000993545 451      4226     
 6864.24 2286    48651    1.69835    1.69934    0.000993544 454      4230     
 6876.93 2288    48700    1.69835    1.69934    0.000993521 451      4234     
 6890.21 2291    48753    1.69835    1.69934    0.00099352  456      4238     
 6898.32 2293    48800    1.69835    1.69934    0.000993514 458      4240     
 6907.94 2296    48853    1.69835    1.69934    0.000993511 462      4242     
 6922.89 2298    48900    1.69835    1.69934    0.000993505 466      4247     
 6932.89 2301    48957    1.69835    1.69934    0.000993501 469      4249     
 6938.62 2303    49000    1.69835    1.69934    0.000993486 464      4250     
 6953.73 2305    49050    1.69835    1.69934    0.000993417 462      4255     
 6968.9  2308    49107    1.69835    1.69934    0.000993407 461      4259     
 6981.78 2310    49153    1.69835    1.69934    0.000993241 469      4263     
 6985.1  2312    49200    1.69835    1.69934    0.000993241 466      4263     
 7003.49 2315    49253    1.69835    1.69934    0.000993229 469      4269     
 7020.74 2317    49300    1.69835    1.69934    0.000993226 477      4276     
 7047.32 2320    49353    1.69835    1.69934    0.00099316  492      4287     
 7063.2  2322    49400    1.69835    1.69934    0.00099316  501      4292     
 7082.9  2325    49455    1.69835    1.69934    0.000993035 493      4297     
 7097.4  2327    49500    1.69835    1.69934    0.000993027 496      4300     
 7110.21 2330    49559    1.69835    1.69934    0.000993026 493      4303     
 7126.13 2332    49603    1.69835    1.69934    0.00099301  494      4307     
 7134.5  2334    49650    1.69835    1.69934    0.000993006 494      4309     
 7144.18 2337    49705    1.69835    1.69934    0.000992957 483      4311     
 7163.54 2339    49750    1.69835    1.69934    0.000992924 493      4317     
 7171.58 2342    49807    1.69835    1.69934    0.000992921 493      4318     
 7178.56 2344    49850    1.69835    1.69934    0.000992918 487      4319     
 7187.35 2347    49909    1.69835    1.69934    0.000992915 480      4321     
 7197.11 2349    49951    1.69835    1.69934    0.000992911 483      4323     
 7213    2351    50000    1.69835    1.69934    0.000992909 491      4327     
 7220.14 2354    50059    1.69835    1.69934    0.000992908 487      4328     
 7229.06 2356    50101    1.69835    1.69934    0.000992886 478      4330     
 7236.14 2358    50150    1.69835    1.69934    0.000992883 477      4331     
 7245.95 2361    50203    1.69835    1.69934    0.000992869 480      4333     
 7255.16 2363    50250    1.69835    1.69934    0.000992865 471      4335     
 7269.34 2366    50305    1.69835    1.69934    0.000992768 469      4339     
 7283.42 2368    50350    1.69835    1.69934    0.000992765 473      4343     
 7291.58 2371    50409    1.69835    1.69934    0.000992763 463      4344     
 7307.53 2373    50455    1.69835    1.69934    0.000992654 457      4348     
 7316.31 2375    50500    1.69835    1.69934    0.000992652 453      4350     
 7335.28 2378    50557    1.69835    1.69934    0.000992649 455      4355     
 7340.8  2380    50600    1.69835    1.69934    0.000992649 459      4356     
 7354.7  2383    50657    1.69835    1.69934    0.000992645 462      4360     
 7371.78 2385    50701    1.69835    1.69934    0.000992624 466      4365     
 7380.5  2387    50750    1.69835    1.69934    0.00099262  455      4367     
 7395.37 2390    50801    1.69835    1.69934    0.000992616 444      4371     
 7412.01 2392    50850    1.69835    1.69934    0.000992613 441      4376     
 7429.59 2395    50907    1.69835    1.69934    0.000992609 450      4381     
 7440.73 2397    50950    1.69835    1.69934    0.000992609 452      4384     
 7453.83 2400    51009    1.69835    1.69934    0.000992598 449      4387     
 7460.83 2402    51050    1.69835    1.69934    0.000992595 448      4389     
 7465.3  2405    51109    1.69835    1.69934    0.000992593 441      4389     
 7470.97 2407    51150    1.69835    1.69934    0.00099259  453      4390     
 7481.71 2410    51209    1.69835    1.69934    0.000992587 451      4393     
 7491.77 2412    51250    1.69835    1.69934    0.000992584 448      4396     
 7499.44 2415    51309    1.69835    1.69934    0.000992573 440      4398     
 7507.7  2417    51350    1.69835    1.69934    0.000992565 438      4400     
 7520.73 2420    51409    1.69835    1.69934    0.000992528 436      4403     
 7527.39 2422    51451    1.69835    1.69934    0.000992519 432      4405     
 7548.41 2424    51500    1.69835    1.69934    0.000992479 428      4411     
 7559.73 2427    51551    1.69835    1.69934    0.000992472 439      4414     
 7568.66 2429    51600    1.69835    1.69934    0.00099247  445      4416     
 7576.39 2432    51653    1.69835    1.69934    0.000992467 441      4417     
 7587.29 2434    51700    1.69835    1.69934    0.000992467 440      4420     
 7604.92 2437    51755    1.69835    1.69934    0.000992463 448      4425     
 7607.91 2439    51800    1.69835    1.69934    0.000992462 442      4425     
 7626.72 2442    51855    1.69835    1.69934    0.000992454 443      4430     
 7633.56 2444    51900    1.69835    1.69934    0.000992451 442      4431     
 7644.13 2447    51955    1.69835    1.69934    0.000992127 440      4433     
 7650.24 2449    52000    1.69835    1.69934    0.000992108 440      4434     
 7662.67 2452    52055    1.69835    1.69934    0.000992095 442      4437     
 7669.77 2454    52100    1.69835    1.69934    0.00099209  431      4439     
 7680.92 2457    52157    1.69835    1.69934    0.000992088 434      4442     
 7690.76 2459    52200    1.69835    1.69934    0.000992084 430      4444     
 7699    2461    52250    1.69835    1.69934    0.000992078 419      4446     
 7706.74 2464    52303    1.69835    1.69934    0.000992053 420      4448     
 7715.59 2466    52350    1.69835    1.69934    0.000992051 426      4450     
 7724.24 2469    52407    1.69835    1.69934    0.000992046 429      4452     
 7735.31 2471    52450    1.69835    1.69934    0.000992045 423      4455     
 7747.59 2474    52509    1.69835    1.69934    0.000992035 431      4458     
 7750.39 2476    52550    1.69835    1.69934    0.000992033 427      4458     
 7761.97 2479    52609    1.69835    1.69934    0.000992031 423      4460     
 7767.09 2481    52650    1.69835    1.69934    0.000992029 417      4461     
 7781.29 2484    52707    1.69835    1.69934    0.000992023 419      4465     
 7791.04 2486    52750    1.69835    1.69934    0.00099202  415      4468     
 7801.69 2489    52809    1.69835    1.69934    0.000992018 418      4471     
 7815.94 2491    52850    1.69835    1.69934    0.000992008 414      4475     
 7824.9  2494    52907    1.69835    1.69934    0.000992002 412      4477     
 7832.02 2496    52950    1.69835    1.69934    0.000992001 417      4479     
 7844.29 2499    53005    1.69835    1.69934    0.000991992 418      4483     
 7862.07 2501    53050    1.69835    1.69934    0.00099197  426      4489     
 7876.57 2504    53105    1.69835    1.69934    0.000991963 431      4494     
 7885.09 2506    53150    1.69835    1.69934    0.00099196  437      4496     
 7900.15 2509    53209    1.69835    1.69934    0.000989162 437      4500     
 7902.93 2511    53250    1.69835    1.69934    0.00098916  439      4500     
 7914.41 2514    53300    1.69835    1.69934    0.000989157 435      4503     
 7933.28 2516    53357    1.69835    1.69934    0.000989142 435      4508     
 7944.7  2518    53400    1.69835    1.69934    0.000988926 435      4511     
 7952.6  2520    53450    1.69835    1.69934    0.000988924 437      4513     
 7965.16 2523    53505    1.69835    1.69934    0.000988922 435      4516     
 7974.9  2525    53550    1.69835    1.69934    0.000988922 435      4518     
 7989.61 2527    53600    1.69835    1.69934    0.000988921 437      4522     
 7998.39 2530    53651    1.69835    1.69934    0.000988918 437      4524     
 8008.33 2533    53709    1.69835    1.69934    0.000988898 430      4526     
 8016.6  2535    53750    1.69835    1.69934    0.00098864  426      4528     
 8025.77 2538    53809    1.69835    1.69934    0.000988615 425      4530     
 8043.63 2540    53853    1.69835    1.69934    0.000988613 429      4536     
 8051.65 2542    53900    1.69835    1.69934    0.000988591 430      4538     
 8066.76 2545    53955    1.69835    1.69934    0.000988582 439      4542     
 8080.02 2547    54000    1.69835    1.69934    0.000988579 438      4545     
 8092.7  2550    54057    1.69835    1.69934    0.000988578 434      4548     
 8101.5  2552    54100    1.69835    1.69934    0.000988577 432      4550     
 8104.52 2555    54155    1.69835    1.69934    0.000988575 423      4550     
 8112.92 2557    54200    1.69835    1.69934    0.000988571 426      4552     
 8127.9  2560    54257    1.69835    1.69934    0.000988568 433      4555     
 8132.41 2562    54300    1.69835    1.69934    0.000988567 435      4556     
 8142.25 2565    54357    1.69835    1.69934    0.000988564 429      4559     
 8148.96 2567    54400    1.69835    1.69934    0.00098856  434      4561     
 8159.38 2570    54457    1.69835    1.69934    0.000988557 436      4564     
 8167.01 2572    54500    1.69835    1.69934    0.000988548 440      4566     
 8174.91 2575    54557    1.69835    1.69934    0.000988545 441      4568     
 8190.36 2577    54601    1.69835    1.69934    0.000988495 437      4572     
 8200.41 2580    54659    1.69835    1.69934    0.000988492 440      4574     
 8211.75 2582    54701    1.69835    1.69934    0.000988486 431      4579     
 8227.18 2584    54750    1.69835    1.69934    0.000988478 448      4584     
 8248.9  2587    54801    1.69835    1.69934    0.000988365 456      4592     
 8260.98 2589    54850    1.69835    1.69934    0.000988362 456      4595     
 8273.2  2592    54901    1.69835    1.69934    0.00098834  463      4599     
 8280.78 2595    54957    1.69835    1.69934    0.00098761  454      4603     
 8286.36 2597    55000    1.69835    1.69934    0.000987605 454      4604     
 8304.66 2600    55057    1.69835    1.69934    0.000987598 450      4609     
 8313.51 2602    55100    1.69835    1.69934    0.000987596 447      4612     
 8332.53 2605    55157    1.69835    1.69934    0.000987593 434      4618     
 8338.48 2607    55200    1.69835    1.69934    0.000987592 442      4619     
 8351.18 2610    55253    1.69835    1.69934    0.000987587 442      4622     
 8362.94 2612    55300    1.69835    1.69934    0.000987586 442      4625     
 8381.69 2615    55355    1.69835    1.69934    0.000987579 443      4630     
 8393.93 2617    55400    1.69835    1.69934    0.000987548 445      4634     
 8408.82 2620    55459    1.69835    1.69934    0.000987482 448      4638     
 8426.53 2622    55501    1.69835    1.69934    0.000987475 454      4644     
 8440.92 2624    55550    1.69835    1.69934    0.000987474 458      4649     
 8456.26 2627    55603    1.69835    1.69934    0.000987461 452      4653     
 8465.25 2629    55650    1.69835    1.69934    0.000987461 447      4655     
 8474.84 2632    55703    1.69835    1.69934    0.000987459 451      4657     
 8491.7  2634    55750    1.69835    1.69934    0.000987449 449      4662     
 8515.13 2637    55801    1.69835    1.69934    0.000987418 453      4671     
 8529.45 2640    55857    1.69835    1.69934    0.000987329 462      4677     
 8547.74 2642    55900    1.69835    1.69934    0.000987306 463      4684     
 8571.68 2645    55959    1.69835    1.69934    0.000987293 478      4694     
 8585.81 2647    56000    1.69835    1.69934    0.000987291 473      4698     
 8602.19 2650    56053    1.69835    1.69934    0.000986045 471      4711     
 8612.73 2652    56100    1.69835    1.69934    0.000986021 473      4713     
 8626.62 2655    56155    1.69835    1.69934    0.000986021 471      4716     
 8633.4  2657    56200    1.69835    1.69934    0.000986018 471      4717     
 8640.43 2660    56257    1.69835    1.69934    0.000986017 461      4718     
 8652.61 2662    56300    1.69835    1.69934    0.000986009 465      4721     
 8668.23 2665    56357    1.69835    1.69934    0.000986002 471      4726     
 8682.95 2667    56400    1.69835    1.69934    0.000985995 474      4730     
 8702.42 2670    56459    1.69835    1.69934    0.000985989 473      4735     
 8713.97 2672    56500    1.69835    1.69934    0.000985983 478      4738     
 8727.26 2675    56550    1.69835    1.69934    0.000985981 469      4741     
 8751.47 2677    56600    1.69835    1.69934    0.000985919 476      4749     
 8766.12 2680    56655    1.69835    1.69934    0.000985087 475      4758     
 8769.64 2682    56700    1.69835    1.69934    0.000985085 473      4758     
 8778.52 2685    56757    1.69835    1.69934    0.000985081 482      4760     
 8791.06 2687    56800    1.69835    1.69934    0.00098508  479      4763     
 8798.92 2690    56857    1.69835    1.69934    0.000985047 478      4764     
 8808.32 2692    56900    1.69835    1.69934    0.000985044 481      4766     
 8818.67 2695    56959    1.69835    1.69934    0.000985019 482      4768     
 8827.03 2697    57000    1.69835    1.69934    0.000985019 484      4770     
 8848.12 2700    57059    1.69835    1.69934    0.000985016 471      4776     
 8855.58 2702    57100    1.69835    1.69934    0.000985013 470      4778     
 8865.75 2705    57159    1.69835    1.69934    0.000984974 469      4780     
 8879.78 2707    57200    1.69835    1.69934    0.000984971 470      4784     
 8899.61 2710    57259    1.69835    1.69934    0.000984952 481      4790     
 8909.96 2712    57300    1.69835    1.69934    0.00098495  470      4793     
 8918.99 2715    57359    1.69835    1.69934    0.000984946 470      4795     
 8935.26 2717    57400    1.69835    1.69934    0.000984921 469      4801     
 8944.18 2720    57455    1.69835    1.69934    0.00098492  464      4803     
 8956.63 2722    57500    1.69835    1.69934    0.000984917 470      4807     
 8976.95 2725    57555    1.69835    1.69934    0.000984912 463      4812     
 8983.99 2727    57600    1.69835    1.69934    0.000984911 465      4813     
 8991.23 2730    57657    1.69835    1.69934    0.000984905 469      4814     
 9000.53 2732    57700    1.69835    1.69934    0.000984869 468      4817     
 9022.2  2735    57753    1.69835    1.69934    0.000984841 479      4824     
 9038.73 2737    57800    1.69835    1.69934    0.00098484  479      4828     
 9053.97 2740    57851    1.69835    1.69934    0.000984831 480      4834     
 9068.64 2742    57900    1.69835    1.69934    0.000984829 480      4838     
 9078.24 2745    57951    1.69835    1.69934    0.000984827 480      4840     
 9085.28 2747    58000    1.69835    1.69934    0.000984826 481      4841     
 9099.71 2750    58053    1.69835    1.69934    0.000984797 485      4845     
 9106.86 2752    58100    1.69835    1.69934    0.000984796 491      4846     
 9114.17 2755    58153    1.69835    1.69934    0.000984791 498      4847     
 9123.4  2757    58200    1.69835    1.69934    0.00098479  493      4849     
 9147.76 2760    58253    1.69835    1.69934    0.000984785 501      4855     
 9164.12 2762    58300    1.69835    1.69934    0.000984783 499      4859     
 9180.94 2765    58355    1.69835    1.69934    0.000984775 500      4863     
 9202.69 2767    58400    1.69835    1.69934    0.000984685 501      4869     
 9215.62 2770    58453    1.69835    1.69934    0.000984683 498      4872     
 9223.2  2772    58500    1.69835    1.69934    0.000984681 492      4873     
 9227.44 2775    58550    1.69835    1.69934    0.000984678 491      4873     
 9239.93 2778    58607    1.69835    1.69934    0.000984671 496      4876     
 9247.28 2780    58650    1.69835    1.69934    0.000984671 490      4877     
 9261.07 2783    58707    1.69835    1.69934    0.000984666 471      4880     
 9274.47 2785    58750    1.69835    1.69934    0.000984644 477      4890     
 9296.83 2788    58800    1.69835    1.69933    0.000983325 485      4899     
 9348.64 2791    58853    1.69836    1.69933    0.000968776 487      4913     
 9352.48 2793    58900    1.69836    1.69933    0.000968773 475      4913     
 9356.68 2796    58957    1.69836    1.69933    0.000968768 469      4913     
 9361.55 2798    59000    1.69836    1.69933    0.000968766 470      4913     
 9368.71 2801    59059    1.69836    1.69933    0.00096873  473      4914     
 9375.31 2803    59100    1.69836    1.69933    0.000968721 474      4915     
 9382.29 2806    59159    1.69836    1.69933    0.000968716 471      4916     
 9386.58 2808    59201    1.69836    1.69933    0.000968714 473      4916     
 9392.24 2810    59250    1.69836    1.69933    0.000968712 479      4917     
 9396.37 2813    59301    1.69836    1.69933    0.00096871  478      4917     
 9406.39 2815    59350    1.69836    1.69933    0.000968706 478      4919     
 9415.98 2818    59403    1.69836    1.69933    0.000968705 480      4920     
 9419.85 2820    59450    1.69836    1.69933    0.000968704 475      4920     
 9426.09 2823    59507    1.69836    1.69933    0.000968701 469      4921     
 9436.94 2825    59550    1.69836    1.69933    0.0009687   476      4923     
 9450.15 2827    59600    1.69836    1.69933    0.000968698 485      4925     
 9459    2830    59653    1.69836    1.69933    0.000968687 473      4926     
 9474.15 2832    59700    1.69836    1.69933    0.000968685 474      4929     
 9482.13 2834    59750    1.69836    1.69933    0.000968684 471      4930     
 9487.19 2837    59801    1.69836    1.69933    0.000968681 475      4930     
 9494.02 2839    59850    1.69836    1.69933    0.000968679 467      4931     
 9501.99 2842    59905    1.69836    1.69933    0.000968678 459      4932     
 9514.72 2844    59950    1.69836    1.69933    0.000968667 462      4935     
 9523.79 2847    60009    1.69836    1.69933    0.000968666 469      4936     
 9530.2  2849    60051    1.69836    1.69933    0.000968662 465      4937     
 9539.41 2851    60100    1.69836    1.69933    0.000968644 466      4939     
 9546.54 2854    60155    1.69836    1.69933    0.000968644 460      4940     
 9558.01 2856    60201    1.69836    1.69933    0.000968642 459      4943     
 9568.41 2858    60250    1.69836    1.69933    0.000968641 461      4945     
 9575.33 2861    60305    1.69836    1.69933    0.000968639 464      4946     
 9578.83 2863    60350    1.69836    1.69933    0.000968615 455      4946     
 9588.59 2866    60405    1.69836    1.69933    0.000968614 457      4948     
 9599.2  2868    60450    1.69836    1.69933    0.00096861  463      4950     
 9606.18 2870    60500    1.69836    1.69933    0.00096861  464      4951     
 9609.61 2873    60551    1.69836    1.69933    0.000968607 456      4951     
 9620.84 2875    60600    1.69836    1.69933    0.000968607 459      4954     
 9631.27 2878    60655    1.69836    1.69933    0.000968606 459      4956     
 9644.39 2880    60700    1.69836    1.69933    0.000968601 467      4959     
 9651.52 2882    60750    1.69836    1.69933    0.000968601 469      4960     
 9666.83 2885    60805    1.69836    1.69933    0.000968601 475      4964     
 9673.29 2887    60850    1.69836    1.69933    0.000968599 479      4965     
 9680.68 2890    60907    1.69836    1.69933    0.000968596 475      4966     
 9692.81 2892    60950    1.69836    1.69933    0.000968596 476      4969     
 9696.87 2894    61000    1.69836    1.69933    0.000968596 480      4969     
 9705.09 2897    61055    1.69836    1.69933    0.000968577 481      4970     
 9716.01 2899    61100    1.69836    1.69933    0.000968575 485      4972     
 9728.64 2902    61159    1.69836    1.69933    0.000968573 489      4975     
 9741.02 2904    61200    1.69836    1.69933    0.00096857  489      4978     
 9751.52 2907    61257    1.69836    1.69933    0.000968568 485      4980     
 9755.33 2909    61300    1.69836    1.69933    0.000968566 483      4980     
 9765.78 2912    61359    1.69836    1.69933    0.000968564 487      4982     
 9772.56 2914    61400    1.69836    1.69933    0.000968561 484      4983     
 9783.73 2916    61450    1.69836    1.69933    0.000968426 482      4985     
 9797.49 2919    61507    1.69836    1.69933    0.000968424 475      4988     
 9801.12 2921    61550    1.69836    1.69933    0.000968421 473      4988     
 9812.41 2924    61607    1.69836    1.69933    0.00096842  471      4990     
 9827.08 2926    61650    1.69836    1.69933    0.000968414 469      4993     
 9836.06 2929    61709    1.69836    1.69933    0.000968413 473      4995     
 9847.11 2931    61751    1.69836    1.69933    0.000968408 480      4998     
 9859.99 2933    61800    1.69836    1.69933    0.000968408 487      5001     
 9871.41 2936    61855    1.69836    1.69933    0.000968403 490      5003     
 9875.15 2938    61900    1.69836    1.69933    0.000968403 486      5003     
 9885.55 2941    61953    1.69836    1.69933    0.000968402 483      5005     
 9895.07 2943    62000    1.69836    1.69933    0.000968397 490      5007     
 9910.42 2946    62053    1.69836    1.69933    0.000968397 495      5010     
 9920.53 2948    62100    1.69836    1.69933    0.00096838  501      5012     
 9935.37 2951    62157    1.69836    1.69933    0.000968377 494      5015     
 9942.59 2953    62200    1.69836    1.69933    0.000968375 496      5016     
 9957.17 2956    62259    1.69836    1.69933    0.000968373 496      5019     
 9963    2958    62300    1.69836    1.69933    0.000968372 498      5021     
 9976.71 2961    62357    1.69836    1.69933    0.000968297 506      5024     
 9997.07 2963    62400    1.69836    1.69933    0.000968295 507      5029     
 10011.6 2965    62450    1.69836    1.69933    0.000968294 503      5032     
-------------------------------------------------------------------------------

SARSOP finishing ...
  Preset timeout reached
  Timeout     : 10000.000000s
  Actual Time : 10011.580000s

-------------------------------------------------------------------------------
 Time   |#Trial |#Backup |LBound    |UBound    |Precision  |#Alphas |#Beliefs  
-------------------------------------------------------------------------------
 10011.6 2965    62450    1.69836    1.69933    0.000968294 503      5032     
-------------------------------------------------------------------------------

Writing out policy ...
  output file : ram_pomdp_soln/3e36474d84.policyx

