
Loading the model ...
  input file   : /home/rstudio/projects/pomdp-ram/notebook/ram_pomdp_soln/3e37339572a.pomdpx
  loading time : 8.46s 

SARSOP initializing ...
  initialization time : 368.74s

-------------------------------------------------------------------------------
 Time   |#Trial |#Backup |LBound    |UBound    |Precision  |#Alphas |#Beliefs  
-------------------------------------------------------------------------------
 368.74  0       0        1.76484    2.31933    0.554495    120      1        
 369.6   1       51       1.91736    2.27602    0.358659    31       14       
 369.9   2       100      1.96432    2.27602    0.311703    33       17       
 371.63  4       150      2.05823    2.27602    0.217793    40       29       
 372.12  6       211      2.08754    2.27602    0.188482    40       33       
 376.95  8       251      2.15903    2.27571    0.116673    27       53       
 380.42  10      303      2.18042    2.27568    0.0952655   25       68       
 386.82  12      353      2.20188    2.27502    0.0731424   31       84       
 402.93  14      400      2.21993    2.27414    0.0542128   19       109      
 428.43  16      450      2.22421    2.27405    0.0498446   35       129      
 441.27  18      500      2.23028    2.27403    0.0437491   30       141      
 486.13  20      550      2.23554    2.27383    0.0382965   21       167      
 564.06  22      600      2.23784    2.27357    0.0357296   28       193      
 601.17  24      650      2.23917    2.27348    0.0343134   32       210      
 708.75  26      700      2.24048    2.27347    0.0329823   46       236      
 846.71  28      750      2.24119    2.27331    0.0321194   38       262      
 1004.48 30      800      2.24149    2.27327    0.0317766   52       288      
 1127.84 33      859      2.24354    2.27314    0.0295998   37       309      
 1310.51 35      909      2.24381    2.27312    0.0293075   41       334      
 1526.32 37      957      2.24426    2.27303    0.0287695   33       358      
 1643.19 39      1007     2.24472    2.27303    0.028317    51       373      
 1881.86 41      1059     2.24518    2.27295    0.0277726   56       398      
 2157.9  43      1111     2.24539    2.27283    0.0274434   65       424      
 2476.12 45      1150     2.24542    2.27279    0.0273679   72       449      
 2899.05 46      1200     2.24546    2.2727     0.0272369   82       474      
 3308.89 48      1250     2.24561    2.27265    0.0270485   79       497      
 3655.49 50      1300     2.24601    2.27265    0.0266423   70       516      
 4146.6  52      1350     2.24603    2.27264    0.0266093   65       540      
 4658.46 54      1400     2.2461     2.27258    0.0264759   73       563      
 5299.84 56      1451     2.24624    2.27254    0.0262995   74       588      
 6024.25 58      1503     2.24628    2.27254    0.0262579   76       613      
 6837.15 60      1555     2.24632    2.2725     0.0261822   80       638      
 7786.56 62      1607     2.24639    2.27245    0.0260518   89       663      
 8820.44 64      1659     2.24642    2.27244    0.026021    98       689      
 9331.71 66      1711     2.24668    2.27243    0.0257454   113      709      
 10282.9 67      1750     2.24669    2.27237    0.0256766   94       733      
-------------------------------------------------------------------------------

SARSOP finishing ...
  Preset timeout reached
  Timeout     : 10000.000000s
  Actual Time : 10282.890000s

-------------------------------------------------------------------------------
 Time   |#Trial |#Backup |LBound    |UBound    |Precision  |#Alphas |#Beliefs  
-------------------------------------------------------------------------------
 10282.9 67      1750     2.24669    2.27237    0.0256766   94       733      
-------------------------------------------------------------------------------

Writing out policy ...
  output file : ram_pomdp_soln/3e37339572a.policyx

