
Loading the model ...
  input file   : /home/rstudio/projects/pomdp-ram/notebook/ram_pomdp_soln/3e4141fe81b.pomdpx
  loading time : 7.36s 

SARSOP initializing ...
  initialization time : 39.72s

-------------------------------------------------------------------------------
 Time   |#Trial |#Backup |LBound    |UBound    |Precision  |#Alphas |#Beliefs  
-------------------------------------------------------------------------------
 39.72   0       0        1.3498     1.45243    0.102624    120      1        
 39.73   1       1        1.3498     1.3498     -1.12678e-07 36       1        
-------------------------------------------------------------------------------

SARSOP finishing ...
  target precision reached
  target precision  : 0.000002
  precision reached : -0.000000 

-------------------------------------------------------------------------------
 Time   |#Trial |#Backup |LBound    |UBound    |Precision  |#Alphas |#Beliefs  
-------------------------------------------------------------------------------
 39.73   1       1        1.3498     1.3498     -1.12678e-07 36       1        
-------------------------------------------------------------------------------

Writing out policy ...
  output file : ram_pomdp_soln/3e4141fe81b.policyx

