
Loading the model ...
  input file   : /home/rstudio/projects/pomdp-ram/notebook/ram_pomdp_soln/3e412600a51.pomdpx
  loading time : 9.39s 

SARSOP initializing ...
  initialization time : 3844.85s

-------------------------------------------------------------------------------
 Time   |#Trial |#Backup |LBound    |UBound    |Precision  |#Alphas |#Beliefs  
-------------------------------------------------------------------------------
 3844.85 0       0        2.95367    4.93634    1.98268     120      1        
 3862.91 2       57       3.63609    4.47115    0.835058    54       28       
 3899.47 3       100      3.73145    4.47114    0.739688    17       45       
 3918.72 5       150      3.9862     4.47106    0.484855    14       51       
 3986.31 7       209      4.137      4.47095    0.333953    15       67       
 4067.68 8       250      4.20748    4.47089    0.263411    17       81       
 4179.13 10      301      4.27613    4.47086    0.194728    11       98       
 4311.07 12      363      4.31749    4.47078    0.153296    13       115      
 4388.2  13      400      4.325      4.47076    0.145759    13       124      
 4620.97 15      453      4.36288    4.47068    0.107797    11       147      
 4816.38 17      511      4.38163    4.47066    0.089033    10       164      
 4998.25 18      550      4.38827    4.47065    0.0823745   15       178      
 5270.66 20      600      4.40167    4.47061    0.068933    16       198      
 5533.14 22      659      4.40884    4.47058    0.06174     19       215      
 5996.01 23      700      4.41558    4.47056    0.0549832   20       242      
 6264    25      750      4.42305    4.47054    0.0474885   20       256      
 6639.68 27      801      4.42669    4.47052    0.0438292   18       275      
 7176.83 29      855      4.43135    4.47046    0.0391123   20       300      
 7623.3  31      911      4.43401    4.47043    0.0364182   23       319      
 8241.83 33      950      4.43457    4.47041    0.0358357   23       343      
 8855.15 35      1000     4.43766    4.46991    0.0322584   25       365      
 9593.59 37      1050     4.43896    4.46988    0.0309252   22       388      
 10386   39      1100     4.44156    4.46985    0.0282841   23       411      
-------------------------------------------------------------------------------

SARSOP finishing ...
  Preset timeout reached
  Timeout     : 10000.000000s
  Actual Time : 10386.000000s

-------------------------------------------------------------------------------
 Time   |#Trial |#Backup |LBound    |UBound    |Precision  |#Alphas |#Beliefs  
-------------------------------------------------------------------------------
 10386   39      1100     4.44156    4.46985    0.0282841   23       411      
-------------------------------------------------------------------------------

Writing out policy ...
  output file : ram_pomdp_soln/3e412600a51.policyx

