
Loading the model ...
  input file   : /home/rstudio/projects/pomdp-ram/notebook/ram_pomdp_soln/3e42824dda3.pomdpx
  loading time : 8.13s 

SARSOP initializing ...
  initialization time : 697.34s

-------------------------------------------------------------------------------
 Time   |#Trial |#Backup |LBound    |UBound    |Precision  |#Alphas |#Beliefs  
-------------------------------------------------------------------------------
 697.34  0       0        2.21294    3.63114    1.41819     120      1        
 705.21  2       50       2.77679    3.09966    0.322873    76       24       
 724.36  4       113      2.87102    3.09838    0.227357    29       45       
 727.47  5       150      2.88444    3.09836    0.213921    29       50       
 759.05  7       219      2.94847    3.09815    0.14968     25       66       
 810.3   8       253      2.96166    3.09788    0.136216    22       82       
 847.93  9       300      2.96535    3.09787    0.132523    22       92       
 876.86  11      363      2.99023    3.09771    0.107477    23       101      
 968.91  12      400      2.99851    3.09742    0.0989099   25       118      
 1048.01 13      450      3.0011     3.09738    0.096276    27       132      
 1093.55 15      513      3.01066    3.09726    0.0866006   22       141      
 1264.6  16      550      3.0125     3.09716    0.0846589   29       160      
 1425.88 17      600      3.01714    3.09709    0.0799512   27       176      
 1644.71 19      659      3.01923    3.09672    0.0774942   25       196      
 1874.78 20      700      3.02063    3.09663    0.0760012   25       213      
 2147.15 21      750      3.02178    3.09659    0.0748157   26       231      
 2435.48 23      805      3.02571    3.09643    0.0707178   32       249      
 2816.64 24      850      3.02641    3.09641    0.0699994   32       266      
 3309.7  26      915      3.02764    3.09634    0.0686995   27       288      
 3843.84 27      951      3.02925    3.09628    0.0670249   35       306      
 4553.08 28      1000     3.02967    3.09619    0.0665233   36       335      
 4679.71 30      1065     3.03073    3.09614    0.0654115   35       345      
 5042.44 31      1101     3.03107    3.09589    0.0648267   32       362      
 5823.08 32      1150     3.03135    3.09585    0.0644968   40       392      
 5945.41 34      1211     3.0324     3.09582    0.0634157   39       399      
 6539.86 35      1250     3.03253    3.0958     0.0632691   38       418      
 7693.39 36      1300     3.03329    3.09578    0.062486    33       448      
 8599.06 38      1359     3.03347    3.09572    0.0622563   40       469      
 9546.25 39      1400     3.03385    3.09566    0.0618075   44       490      
 10356.2 40      1450     3.0342     3.09563    0.0614376   48       505      
-------------------------------------------------------------------------------

SARSOP finishing ...
  Preset timeout reached
  Timeout     : 10000.000000s
  Actual Time : 10356.190000s

-------------------------------------------------------------------------------
 Time   |#Trial |#Backup |LBound    |UBound    |Precision  |#Alphas |#Beliefs  
-------------------------------------------------------------------------------
 10356.2 40      1450     3.0342     3.09563    0.0614376   48       505      
-------------------------------------------------------------------------------

Writing out policy ...
  output file : ram_pomdp_soln/3e42824dda3.policyx

