
Loading the model ...
  input file   : /home/rstudio/projects/pomdp-ram/notebook/ram_pomdp_soln/3e42aafb3fe.pomdpx
  loading time : 8.54s 

SARSOP initializing ...
  initialization time : 1476.37s

-------------------------------------------------------------------------------
 Time   |#Trial |#Backup |LBound    |UBound    |Precision  |#Alphas |#Beliefs  
-------------------------------------------------------------------------------
 1476.37 0       0        1.48706    2.38104    0.893986    120      1        
 1496.04 2       61       1.74264    2.12799    0.38535     53       31       
 1519.96 3       100      1.77392    2.12794    0.354024    20       46       
 1543.61 5       150      1.8694     2.12721    0.257803    17       58       
 1608.37 7       200      1.94631    2.12669    0.180378    14       77       
 1676.42 9       250      1.98159    2.12649    0.144894    18       94       
 1810.37 11      303      2.0134     2.12538    0.111985    13       119      
 1908.92 13      361      2.02354    2.12518    0.101633    22       134      
 2126.2  14      400      2.03434    2.12509    0.0907471   19       159      
 2295.74 16      450      2.04111    2.12458    0.0834742   18       175      
 2482.42 18      501      2.04537    2.12431    0.0789348   20       192      
 2879.39 20      555      2.05471    2.1241     0.0693877   19       219      
 3377.33 22      613      2.05707    2.12371    0.0666346   18       247      
 3728.5  23      650      2.05818    2.12358    0.0653956   22       260      
 4146.07 25      700      2.06324    2.12351    0.0602739   25       277      
 5015.5  27      757      2.0649     2.12325    0.0583545   27       304      
 6093.82 29      813      2.06576    2.12301    0.0572468   29       331      
 7299.68 30      850      2.06647    2.12292    0.056448    29       354      
 8269.91 32      900      2.06981    2.12259    0.0527814   26       373      
 9335.84 34      959      2.07028    2.12249    0.0522087   32       400      
 10128.1 35      1000     2.07099    2.12245    0.0514657   25       414      
-------------------------------------------------------------------------------

SARSOP finishing ...
  Preset timeout reached
  Timeout     : 10000.000000s
  Actual Time : 10128.060000s

-------------------------------------------------------------------------------
 Time   |#Trial |#Backup |LBound    |UBound    |Precision  |#Alphas |#Beliefs  
-------------------------------------------------------------------------------
 10128.1 35      1000     2.07099    2.12245    0.0514657   25       414      
-------------------------------------------------------------------------------

Writing out policy ...
  output file : ram_pomdp_soln/3e42aafb3fe.policyx

