
Loading the model ...
  input file   : /home/rstudio/projects/pomdp-ram/notebook/ram_pomdp_soln/3e43400b12e.pomdpx
  loading time : 8.31s 

SARSOP initializing ...
  initialization time : 682.73s

-------------------------------------------------------------------------------
 Time   |#Trial |#Backup |LBound    |UBound    |Precision  |#Alphas |#Beliefs  
-------------------------------------------------------------------------------
 682.73  0       0        1.82329    3.17459    1.3513      120      1        
 692.21  2       55       2.28358    2.5815     0.297924    64       28       
 703.27  3       100      2.30689    2.58147    0.274575    27       42       
 717.73  5       159      2.39292    2.58044    0.187518    28       52       
 754.98  6       200      2.44171    2.58034    0.138631    18       67       
 819.23  8       265      2.45585    2.58009    0.124241    24       88       
 893.54  9       300      2.47795    2.57995    0.102002    15       103      
 960.14  10      350      2.48225    2.57992    0.0976701   25       116      
 1139.93 12      413      2.4919     2.57933    0.0874329   28       141      
 1305.61 13      450      2.49901    2.57925    0.0802396   25       158      
 1418.71 14      500      2.50091    2.57921    0.0782972   25       169      
 1833.79 16      567      2.50728    2.57905    0.0717722   26       198      
 2206.59 17      605      2.50826    2.57893    0.0706646   27       217      
 2641.95 18      650      2.50976    2.57887    0.0691194   24       235      
 3067    19      700      2.5108     2.57886    0.0680655   26       253      
 3727.63 21      759      2.51316    2.57853    0.0653689   27       275      
 4511.73 22      800      2.51392    2.57845    0.0645228   33       296      
 5829.11 23      850      2.51605    2.57838    0.0623327   38       327      
 6776.13 25      909      2.51691    2.57829    0.0613795   32       344      
 7934.14 26      950      2.51712    2.57828    0.0611585   35       362      
 8516.84 27      1000     2.51815    2.57826    0.0601088   33       375      
 9610.7  29      1067     2.51993    2.57817    0.0582384   27       401      
 10187.9 30      1105     2.52013    2.57815    0.0580141   32       419      
-------------------------------------------------------------------------------

SARSOP finishing ...
  Preset timeout reached
  Timeout     : 10000.000000s
  Actual Time : 10187.880000s

-------------------------------------------------------------------------------
 Time   |#Trial |#Backup |LBound    |UBound    |Precision  |#Alphas |#Beliefs  
-------------------------------------------------------------------------------
 10187.9 30      1105     2.52013    2.57815    0.0580141   32       419      
-------------------------------------------------------------------------------

Writing out policy ...
  output file : ram_pomdp_soln/3e43400b12e.policyx

