
Loading the model ...
  input file   : /home/rstudio/projects/pomdp-ram/notebook/ram_pomdp_soln/3e45e455a96.pomdpx
  loading time : 7.55s 

SARSOP initializing ...
  initialization time : 6.78s

-------------------------------------------------------------------------------
 Time   |#Trial |#Backup |LBound    |UBound    |Precision  |#Alphas |#Beliefs  
-------------------------------------------------------------------------------
 6.78    0       0        1.25349    1.25416    0.000666881 120      1        
 6.9     1       1        1.25349    1.25349    0           29       1        
-------------------------------------------------------------------------------

SARSOP finishing ...
  target precision reached
  target precision  : 0.000002
  precision reached : 0.000000 

-------------------------------------------------------------------------------
 Time   |#Trial |#Backup |LBound    |UBound    |Precision  |#Alphas |#Beliefs  
-------------------------------------------------------------------------------
 6.9     1       1        1.25349    1.25349    0           29       1        
-------------------------------------------------------------------------------

Writing out policy ...
  output file : ram_pomdp_soln/3e45e455a96.policyx

