
Loading the model ...
  input file   : /home/rstudio/projects/pomdp-ram/notebook/ram_pomdp_soln/3e459c2d0d7.pomdpx
  loading time : 7.23s 

SARSOP initializing ...
  initialization time : 603.62s

-------------------------------------------------------------------------------
 Time   |#Trial |#Backup |LBound    |UBound    |Precision  |#Alphas |#Beliefs  
-------------------------------------------------------------------------------
 603.62  0       0        1.31496    1.36156    0.0466011   120      1        
 604.41  0       50       1.31556    1.32885    0.0132853   11       5        
 606.19  1       113      1.3218     1.32882    0.00702307  6        7        
 606.28  1       150      1.3218     1.32882    0.00702307  10       7        
 606.65  2       225      1.32319    1.32877    0.00558533  7        8        
 606.72  2       250      1.32319    1.32877    0.00558533  10       8        
 607.26  3       339      1.325      1.32872    0.00371812  7        10       
 607.29  3       350      1.325      1.32872    0.00371812  7        10       
 607.9   4       453      1.32622    1.32866    0.00244698  7        12       
 607.91  4       454      1.32622    1.32866    0.00244698  8        12       
 608.03  4       500      1.32622    1.32866    0.00244698  10       12       
 608.4   5       565      1.32658    1.3286     0.0020184   7        13       
 608.49  5       600      1.32658    1.3286     0.0020184   9        13       
 609.53  6       683      1.32683    1.32851    0.0016751   7        17       
 609.58  6       700      1.32683    1.32851    0.0016751   7        17       
 610.1   7       797      1.32701    1.32847    0.00145765  7        18       
 610.11  7       800      1.32701    1.32847    0.00145765  7        18       
 610.25  7       850      1.32701    1.32847    0.00145765  7        18       
 610.65  8       911      1.32722    1.32844    0.00121353  7        19       
 610.76  8       950      1.32722    1.32844    0.00121353  7        19       
 611.11  9       1029     1.3274     1.32844    0.00103616  7        19       
 611.17  9       1050     1.3274     1.32844    0.00103616  7        19       
 611.84  10      1147     1.32766    1.32843    0.000767972 7        20       
 611.85  10      1150     1.32766    1.32843    0.000767972 7        20       
 612     10      1200     1.32766    1.32843    0.000767972 7        20       
 612.89  11      1265     1.3278     1.32842    0.000612533 7        23       
 613     11      1300     1.3278     1.32842    0.000612533 7        23       
 614.04  12      1381     1.32796    1.32841    0.000458461 7        25       
 614.1   12      1400     1.32796    1.32841    0.000458461 7        25       
 615.3   13      1497     1.32804    1.32841    0.000378149 7        27       
 615.32  13      1500     1.32804    1.32841    0.000378149 7        27       
 615.47  13      1550     1.32804    1.32841    0.000378149 7        27       
 616.6   14      1613     1.32811    1.32841    0.00030423  7        29       
 616.72  14      1650     1.32811    1.32841    0.00030423  7        29       
 617.97  15      1725     1.32816    1.32841    0.000247145 7        31       
 618.06  15      1750     1.32816    1.32841    0.000247145 7        31       
 619.44  16      1841     1.32823    1.3284     0.000172052 7        33       
 619.48  16      1850     1.32823    1.3284     0.000172052 7        33       
 619.93  17      1951     1.32825    1.3284     0.000152474 7        34       
 619.94  17      1952     1.32825    1.3284     0.000152474 7        34       
 620.09  17      2000     1.32825    1.3284     0.000152474 7        34       
 621.35  18      2067     1.32829    1.3284     0.000106385 7        36       
 621.46  18      2100     1.32829    1.3284     0.000106385 7        36       
 622.74  19      2181     1.32832    1.32839    7.01793e-05 7        38       
 622.8   19      2200     1.32832    1.32839    7.01793e-05 7        38       
 623.63  20      2293     1.32833    1.32839    6.37332e-05 7        39       
 623.66  20      2300     1.32833    1.32839    6.37332e-05 7        39       
 626.1   20      2350     1.32833    1.32839    6.37332e-05 7        43       
 626.43  21      2409     1.32835    1.32839    4.38108e-05 7        43       
 626.55  21      2450     1.32835    1.32839    4.38108e-05 7        43       
 626.86  22      2517     1.32835    1.32839    4.05318e-05 7        43       
 626.97  22      2550     1.32835    1.32839    4.05318e-05 7        43       
 630.56  23      2633     1.32836    1.32839    2.79582e-05 7        48       
 630.62  23      2650     1.32836    1.32839    2.79582e-05 8        48       
 632.34  24      2737     1.32836    1.32839    2.28975e-05 7        50       
 632.39  24      2750     1.32836    1.32839    2.28975e-05 7        50       
 633.12  25      2839     1.32837    1.32839    2.05301e-05 7        51       
 633.18  25      2850     1.32837    1.32839    2.05301e-05 7        51       
 638.65  26      2949     1.32837    1.32838    1.54258e-05 7        57       
 638.68  26      2950     1.32837    1.32838    1.54258e-05 7        57       
 641.97  26      3000     1.32837    1.32838    1.54258e-05 7        61       
 642.27  27      3053     1.32837    1.32838    1.18056e-05 7        61       
 642.72  28      3143     1.32837    1.32838    1.08005e-05 7        62       
 642.76  28      3150     1.32837    1.32838    1.08005e-05 7        62       
 644.25  29      3233     1.32837    1.32838    1.04395e-05 7        64       
 648.14  29      3250     1.32837    1.32838    1.04395e-05 7        68       
 649.92  30      3317     1.32837    1.32838    8.37384e-06 7        69       
 651.96  30      3350     1.32837    1.32838    8.37384e-06 7        71       
 656.78  31      3407     1.32837    1.32838    5.23559e-06 7        74       
 656.98  31      3450     1.32837    1.32838    5.23559e-06 7        74       
 663.56  32      3500     1.32838    1.32838    4.78844e-06 7        79       
 683.78  33      3593     1.32838    1.32838    3.49045e-06 7        91       
 683.88  34      3600     1.32838    1.32838    3.06319e-06 7        91       
 689.34  35      3683     1.32838    1.32838    2.73431e-06 7        94       
 718.59  36      3700     1.32838    1.32838    2.14774e-06 7        108      
 730.99  37      3721     1.32838    1.32838    1.46218e-06 7        113      
-------------------------------------------------------------------------------

SARSOP finishing ...
  target precision reached
  target precision  : 0.000002
  precision reached : 0.000001 

-------------------------------------------------------------------------------
 Time   |#Trial |#Backup |LBound    |UBound    |Precision  |#Alphas |#Beliefs  
-------------------------------------------------------------------------------
 730.99  37      3721     1.32838    1.32838    1.46218e-06 7        113      
-------------------------------------------------------------------------------

Writing out policy ...
  output file : ram_pomdp_soln/3e459c2d0d7.policyx

