
Loading the model ...
  input file   : /home/rstudio/projects/pomdp-ram/notebook/ram_pomdp_soln/3e463c4b5fe.pomdpx
  loading time : 8.19s 

SARSOP initializing ...
  initialization time : 273.58s

-------------------------------------------------------------------------------
 Time   |#Trial |#Backup |LBound    |UBound    |Precision  |#Alphas |#Beliefs  
-------------------------------------------------------------------------------
 273.58  0       0        1.44736    1.98035    0.532989    120      1        
 273.99  3       55       1.82856    1.91261    0.0840473   115      29       
 274.49  6       100      1.86245    1.9126     0.0501451   159      47       
 274.93  8       157      1.88361    1.91229    0.0286777   204      64       
 275.59  10      200      1.8936     1.91227    0.0186718   226      79       
 276.55  13      250      1.90003    1.91227    0.0122402   275      97       
 277.49  15      303      1.90492    1.91225    0.00732567  326      107      
 278.73  18      357      1.90643    1.9122     0.00576879  358      124      
 280.31  20      400      1.90738    1.91218    0.00480595  287      138      
 281.9   22      450      1.90823    1.91218    0.00395     280      155      
 283.61  25      507      1.90884    1.91217    0.00332662  298      170      
 285.21  27      553      1.90919    1.91216    0.00296801  268      184      
 287.69  30      601      1.90938    1.91212    0.00274426  193      208      
 289.84  32      650      1.90969    1.91212    0.00242132  158      233      
 291.63  34      700      1.90979    1.9121     0.00231178  117      249      
 293.22  36      750      1.90996    1.9121     0.00214597  93       264      
 295.06  38      800      1.91005    1.91209    0.00204028  73       289      
 296.2   40      850      1.9101     1.91209    0.00199314  80       302      
 297.96  42      901      1.91014    1.91209    0.00195155  78       317      
 298.79  44      953      1.91015    1.91209    0.00193585  56       324      
 300.14  46      1003     1.9102     1.91209    0.00188633  69       336      
 300.88  48      1055     1.91021    1.91208    0.00187114  58       342      
 301.85  50      1105     1.91023    1.91208    0.00185432  57       349      
 303.11  52      1155     1.91023    1.91208    0.00185081  66       358      
 304.02  54      1203     1.91024    1.91208    0.00184578  70       364      
 306.9   56      1253     1.9103     1.91208    0.00177832  73       384      
 308     58      1305     1.91031    1.91208    0.00177138  65       391      
 309.35  60      1357     1.91033    1.91208    0.00175542  62       399      
 310.16  62      1407     1.91033    1.91208    0.00174834  68       405      
 311.12  64      1457     1.91034    1.91208    0.00174486  67       411      
 312.07  66      1507     1.91034    1.91208    0.00174277  69       417      
 313.2   68      1555     1.91034    1.91208    0.00174061  74       423      
 315.28  70      1605     1.91034    1.91208    0.00173622  80       435      
 316.93  72      1653     1.91036    1.91207    0.00171772  80       445      
 317.82  74      1701     1.91036    1.91207    0.00171631  91       449      
 318.81  76      1750     1.91036    1.91207    0.00171518  94       454      
 319.45  78      1800     1.91036    1.91207    0.00171383  91       457      
 320.99  80      1850     1.91036    1.91207    0.00170974  81       464      
 322.45  82      1900     1.91036    1.91207    0.00170837  87       471      
 324.09  84      1950     1.91037    1.91207    0.00170689  89       481      
 325.65  87      2009     1.91037    1.91207    0.0017039   88       488      
 328.21  89      2055     1.9104     1.91207    0.00166308  80       502      
 330.56  91      2103     1.91041    1.91206    0.0016521   89       514      
 331.79  93      2151     1.91041    1.91206    0.00165131  89       519      
 332.95  95      2200     1.91042    1.91206    0.00164678  82       524      
 334.68  97      2250     1.91042    1.91206    0.0016431   86       532      
 335.53  99      2300     1.91042    1.91206    0.00164215  87       536      
 336.8   101     2350     1.91042    1.91206    0.00163797  94       541      
 338.42  103     2400     1.91042    1.91206    0.00163703  102      549      
 339.49  106     2461     1.91042    1.91206    0.00163499  96       553      
 341.26  108     2509     1.91043    1.91206    0.00163171  99       560      
 343.42  110     2553     1.91043    1.91206    0.00162969  108      570      
 344.46  112     2600     1.91043    1.91206    0.00162746  116      574      
 345.84  114     2650     1.91043    1.91206    0.00162703  106      579      
 347.71  116     2700     1.91043    1.91206    0.00162632  124      586      
 350.22  119     2750     1.91043    1.91206    0.00162588  128      595      
 352.5   121     2805     1.91043    1.91206    0.00162499  137      604      
 353.52  123     2851     1.91043    1.91206    0.00162474  139      607      
 355.86  125     2900     1.91043    1.91206    0.00162389  140      616      
 359.31  127     2950     1.91043    1.91206    0.00162257  139      630      
 361.23  130     3007     1.91043    1.91206    0.00162151  131      636      
 362     132     3051     1.91043    1.91206    0.00162093  133      638      
 363.63  134     3100     1.91043    1.91206    0.00162061  121      643      
 365.48  137     3150     1.91043    1.91205    0.00162018  137      650      
 368.47  139     3205     1.91044    1.91205    0.00161913  131      659      
 370.83  141     3250     1.91044    1.91205    0.00161855  151      666      
 373.76  143     3300     1.91044    1.91205    0.00161811  147      675      
 374.86  146     3359     1.91045    1.91205    0.00160682  138      679      
 376.05  148     3403     1.91045    1.91205    0.0016065   145      682      
 377.43  150     3450     1.91045    1.91205    0.00160617  147      686      
 378.89  152     3500     1.91045    1.91205    0.00160604  167      691      
 381.41  155     3557     1.91045    1.91205    0.00160439  154      698      
 382.46  157     3601     1.91045    1.91205    0.00160398  150      701      
 383.52  159     3650     1.91045    1.91205    0.00160381  148      704      
 386.01  162     3700     1.91045    1.91205    0.00160336  154      712      
 388.5   164     3755     1.91045    1.91205    0.00160248  155      719      
 391.18  166     3800     1.91045    1.91205    0.00160197  141      726      
 392.39  168     3850     1.91045    1.91205    0.00160159  140      729      
 394.93  171     3909     1.91045    1.91205    0.00160086  136      737      
 397.33  173     3953     1.91045    1.91205    0.00159989  143      744      
 400.03  175     4000     1.91045    1.91205    0.00159936  144      752      
 403.19  177     4050     1.91045    1.91205    0.00159928  144      760      
 406.27  180     4107     1.91045    1.91205    0.00159861  150      769      
 408.57  182     4151     1.91045    1.91205    0.00159807  153      775      
 411.8   184     4200     1.91045    1.91205    0.00159755  154      783      
 416.03  187     4250     1.91045    1.91205    0.00159727  165      795      
 417.99  189     4303     1.91045    1.91205    0.00159649  157      800      
 420.62  191     4350     1.91045    1.91205    0.00159567  156      808      
 423.73  193     4400     1.91045    1.91205    0.00159539  155      817      
 426.32  196     4457     1.91045    1.91205    0.00159446  156      825      
 429.32  198     4501     1.91045    1.91205    0.00159413  154      832      
 430.94  200     4550     1.91045    1.91205    0.00159354  160      836      
 432.48  203     4609     1.91045    1.91205    0.00159312  165      839      
 435.05  205     4653     1.91045    1.91205    0.00159266  164      847      
 437.61  207     4700     1.91045    1.91205    0.00159217  166      852      
 440.31  209     4750     1.91045    1.91205    0.00159168  172      858      
 441.85  212     4803     1.91045    1.91205    0.00159134  162      861      
 442.57  214     4850     1.91045    1.91205    0.00159117  158      862      
 444.3   217     4909     1.91045    1.91205    0.00159109  154      866      
 448.53  219     4953     1.91046    1.91205    0.00159079  164      875      
 450.95  221     5000     1.91046    1.91205    0.00159024  160      881      
 453.05  224     5057     1.91046    1.91205    0.00158997  161      885      
 454.66  226     5100     1.91046    1.91205    0.00158991  169      888      
 457.37  229     5159     1.91046    1.91205    0.00158955  177      893      
 459.72  231     5205     1.91046    1.91205    0.00158946  176      898      
 462.23  233     5250     1.91046    1.91205    0.00158927  185      903      
 465.35  235     5300     1.91046    1.91205    0.00158921  175      910      
 466.78  238     5355     1.91046    1.91204    0.00158887  168      912      
 469.27  240     5400     1.91046    1.91204    0.00158865  167      917      
 473.83  243     5457     1.91046    1.91204    0.00158826  155      925      
 477.37  245     5500     1.91046    1.91204    0.00158801  163      932      
 479.93  248     5550     1.91046    1.91204    0.0015878   177      937      
 481.93  250     5603     1.91046    1.91204    0.00158762  175      940      
 483.55  252     5650     1.91046    1.91204    0.00158737  165      943      
 487.23  255     5705     1.91046    1.91204    0.00158681  183      950      
 488.38  257     5750     1.91046    1.91204    0.00158671  180      952      
 493.46  260     5809     1.91046    1.91204    0.00158654  180      961      
 499.83  262     5851     1.91049    1.91203    0.00154261  183      975      
 501.21  264     5900     1.91049    1.91203    0.00154249  184      977      
 502.52  267     5959     1.91049    1.91203    0.00154244  182      979      
 504.93  269     6003     1.91049    1.91203    0.00154217  179      983      
 506.15  271     6050     1.91049    1.91203    0.00154101  172      985      
 507.85  274     6109     1.91049    1.91203    0.00154074  176      988      
 509.54  276     6153     1.91049    1.91203    0.00154022  167      991      
 511.44  278     6200     1.91049    1.91203    0.00153951  165      994      
 513.98  281     6257     1.91049    1.91203    0.00153926  165      998      
 516.44  283     6301     1.91049    1.91203    0.00153911  177      1002     
 519.22  285     6350     1.91049    1.91203    0.00153904  180      1007     
 522.01  288     6400     1.91049    1.91203    0.00153882  196      1012     
 522.79  290     6453     1.91049    1.91203    0.0015383   194      1013     
 525.45  292     6500     1.91049    1.91203    0.00153824  201      1017     
 531.03  294     6550     1.91049    1.91203    0.00153782  187      1026     
 532.72  297     6603     1.91049    1.91203    0.00153748  205      1028     
 535.62  299     6650     1.91049    1.91202    0.00153735  214      1032     
 538.42  302     6705     1.91049    1.91202    0.00153712  201      1036     
 541.57  304     6750     1.91049    1.91202    0.00153687  199      1041     
 545.67  307     6807     1.91049    1.91202    0.00153646  200      1047     
 548.13  309     6850     1.91049    1.91202    0.00153618  193      1050     
 551.31  312     6900     1.91049    1.91202    0.00153598  201      1055     
 554.62  314     6953     1.91049    1.91202    0.00153592  209      1060     
 559.01  316     7000     1.91049    1.91202    0.00153545  215      1069     
 563.7   319     7057     1.91049    1.91202    0.00153483  209      1076     
 566.25  321     7100     1.91049    1.91202    0.0015347   212      1079     
 567.67  323     7150     1.91049    1.91202    0.00153463  221      1081     
 570.9   326     7205     1.91049    1.91202    0.00153457  223      1086     
 575.71  328     7250     1.91049    1.91202    0.00153389  229      1097     
 581.07  330     7300     1.91049    1.91202    0.00153322  240      1109     
 583.94  333     7355     1.91049    1.91202    0.00153297  235      1113     
 586.62  335     7400     1.91049    1.91202    0.00153291  228      1117     
 589.63  337     7450     1.91049    1.91202    0.00153277  232      1122     
 594.27  340     7505     1.91049    1.91202    0.00153239  240      1129     
 600.27  342     7550     1.91049    1.91202    0.00153146  248      1141     
 603.76  344     7600     1.91049    1.91202    0.00153128  245      1147     
 608.25  347     7657     1.91049    1.91202    0.00153113  236      1153     
 610.64  349     7700     1.91049    1.91202    0.00153099  247      1156     
 617.32  352     7750     1.91049    1.91202    0.00153095  238      1166     
 619.19  354     7801     1.91049    1.91202    0.00153083  242      1168     
 622.96  356     7850     1.91049    1.91202    0.0015307   258      1174     
 626.32  359     7905     1.91049    1.91202    0.00153029  252      1178     
 627.4   361     7950     1.91049    1.91202    0.00153027  245      1179     
 632.2   364     8007     1.91049    1.91202    0.00153005  252      1185     
 634.62  366     8050     1.91049    1.91202    0.00152999  248      1188     
 638.93  369     8109     1.91049    1.91202    0.00152968  255      1196     
 641.49  371     8150     1.91049    1.91202    0.00152955  258      1199     
 643.47  374     8209     1.91049    1.91202    0.00152941  250      1201     
 645.86  376     8250     1.91049    1.91202    0.00152932  249      1204     
 653.08  378     8300     1.91049    1.91202    0.00152889  251      1214     
 658.87  381     8355     1.91049    1.91202    0.00152824  253      1226     
 660.69  383     8400     1.91049    1.91202    0.00152809  254      1228     
 665.54  386     8455     1.91049    1.91202    0.00152792  260      1234     
 668.84  388     8500     1.91049    1.91202    0.00152783  268      1238     
 673.93  391     8559     1.91049    1.91202    0.00152773  268      1245     
 678.5   393     8600     1.91049    1.91202    0.0015276   262      1250     
 684.5   396     8650     1.91049    1.91202    0.0015274   267      1257     
 686.54  398     8701     1.91049    1.91202    0.00152722  259      1259     
 690.68  400     8750     1.91049    1.91202    0.00152703  266      1264     
 693.54  403     8805     1.91049    1.91202    0.00152699  255      1267     
 696.46  405     8850     1.91049    1.91202    0.00152693  252      1270     
 700.58  408     8909     1.91049    1.91202    0.0015267   242      1276     
 704.47  410     8950     1.91049    1.91202    0.00152663  239      1281     
 708.39  412     9000     1.91049    1.91202    0.00152657  245      1285     
 713.39  415     9053     1.91049    1.91202    0.00152649  241      1290     
 715.74  417     9100     1.91049    1.91202    0.00152643  242      1293     
 722.48  420     9157     1.91049    1.91202    0.00152634  245      1300     
 727.22  422     9200     1.91049    1.91202    0.00152633  246      1305     
 734.3   425     9259     1.91049    1.91202    0.00152628  262      1314     
 737.4   427     9300     1.91049    1.91202    0.00152623  253      1317     
 741.47  430     9359     1.91049    1.91202    0.00152591  261      1321     
 743.72  432     9400     1.91049    1.91202    0.00152578  245      1323     
 748.89  434     9450     1.91049    1.91202    0.00152573  251      1329     
 752.2   437     9503     1.91049    1.91202    0.00152528  251      1332     
 756.41  439     9550     1.91049    1.91202    0.00152523  260      1337     
 764.62  442     9607     1.91049    1.91202    0.00152446  257      1349     
 769.03  444     9650     1.91049    1.91202    0.00152391  260      1355     
 775.52  447     9707     1.91049    1.91202    0.00152382  268      1362     
 781     449     9750     1.91049    1.91202    0.00152378  274      1368     
 787.19  452     9809     1.91049    1.91202    0.00152372  285      1374     
 793.38  454     9850     1.91049    1.91202    0.00152344  287      1382     
 798.45  457     9909     1.91049    1.91202    0.00152341  294      1387     
 801.65  459     9950     1.91049    1.91202    0.00152336  296      1390     
 808.29  462     10009    1.91049    1.91201    0.00152298  299      1397     
 813.29  464     10051    1.91049    1.91201    0.00152293  297      1403     
 816.85  466     10100    1.91049    1.91201    0.00152291  307      1406     
 822.57  469     10153    1.91049    1.91201    0.00152289  300      1411     
 827.82  471     10200    1.91049    1.91201    0.00152279  289      1416     
 834.12  474     10255    1.91049    1.91201    0.00152269  276      1422     
 839.27  476     10300    1.91049    1.91201    0.00152266  280      1427     
 844.38  479     10355    1.91049    1.91201    0.00152252  275      1432     
 849.67  481     10400    1.91049    1.91201    0.00152242  264      1437     
 856.84  484     10459    1.91049    1.91201    0.00152235  262      1446     
 861.61  486     10500    1.91049    1.91201    0.00152234  266      1450     
 868.92  489     10559    1.91049    1.91201    0.00152214  278      1458     
 871.54  491     10600    1.91049    1.91201    0.001522    280      1460     
 877.32  494     10657    1.91049    1.91201    0.0015219   281      1465     
 880.22  496     10700    1.91049    1.91201    0.00152186  283      1469     
 889.66  499     10755    1.91049    1.91201    0.00152129  281      1483     
 893.05  501     10800    1.91049    1.91201    0.00152122  282      1486     
 896.74  504     10855    1.91049    1.91201    0.00152108  278      1489     
 901.48  506     10900    1.91049    1.91201    0.00152107  283      1493     
 907.58  509     10957    1.91049    1.91201    0.00152105  282      1498     
 911.25  511     11000    1.91049    1.91201    0.00152102  283      1501     
 919.29  514     11059    1.91049    1.91201    0.00152092  301      1510     
 921.74  516     11100    1.91049    1.91201    0.00152091  292      1512     
 927.37  519     11159    1.91049    1.91201    0.00152087  286      1517     
 931.16  521     11200    1.91049    1.91201    0.00152086  289      1520     
 936.1   524     11259    1.91049    1.91201    0.00152074  289      1524     
 944.24  526     11301    1.91049    1.91201    0.0015184   305      1535     
 960.33  529     11359    1.91052    1.912      0.0014843   310      1553     
 962.13  531     11401    1.91052    1.912      0.00148425  310      1554     
 965.64  533     11450    1.91052    1.912      0.00148424  309      1557     
 968.83  536     11503    1.91052    1.912      0.00148421  295      1559     
 969.69  538     11550    1.91052    1.912      0.00148414  287      1559     
 974.15  541     11603    1.91052    1.912      0.00148413  284      1562     
 974.96  543     11650    1.91052    1.912      0.00148402  284      1562     
 977.06  546     11703    1.91052    1.912      0.001484    267      1563     
 979.93  548     11750    1.91052    1.912      0.00148394  256      1565     
 986.75  551     11805    1.91052    1.912      0.0014838   261      1571     
 990.96  553     11850    1.91052    1.912      0.00148373  266      1574     
 995.14  556     11905    1.91052    1.912      0.00148345  264      1577     
 996.51  558     11950    1.91052    1.912      0.00148345  267      1578     
 1000.96 560     12000    1.91052    1.912      0.00148337  277      1582     
 1006.63 563     12053    1.91052    1.912      0.00148331  272      1587     
 1009.45 565     12100    1.91052    1.912      0.0014833   267      1589     
 1016.07 568     12155    1.91052    1.912      0.00147936  262      1595     
 1019.74 570     12200    1.91052    1.912      0.00147892  263      1598     
 1024.16 573     12257    1.91052    1.912      0.00147889  264      1602     
 1029.49 575     12300    1.91052    1.912      0.00147887  263      1606     
 1036.67 578     12350    1.91052    1.912      0.00147886  269      1611     
 1042.32 580     12401    1.91052    1.912      0.00147886  273      1615     
 1048.12 582     12450    1.91052    1.912      0.00147881  288      1620     
 1052.35 585     12503    1.91052    1.912      0.00147878  284      1623     
 1055.78 587     12550    1.91052    1.912      0.00147871  283      1626     
 1061.06 590     12605    1.91052    1.912      0.00147855  295      1630     
 1065.99 592     12650    1.91052    1.912      0.00147852  298      1634     
 1073.4  595     12707    1.91052    1.912      0.0014784   309      1640     
 1076.55 597     12750    1.91052    1.912      0.00147832  319      1642     
 1085.09 600     12800    1.91052    1.912      0.00147825  319      1650     
 1091.93 602     12853    1.91052    1.912      0.00147812  303      1655     
 1094.73 604     12900    1.91052    1.912      0.00147809  314      1657     
 1099.97 607     12953    1.91052    1.912      0.00147798  298      1661     
 1102.95 609     13000    1.91052    1.912      0.00147783  300      1663     
 1107.89 612     13051    1.91052    1.912      0.00147762  310      1667     
 1112.67 614     13100    1.91052    1.912      0.00147756  313      1670     
 1116.32 617     13153    1.91052    1.912      0.00147754  322      1672     
 1119.75 619     13200    1.91052    1.912      0.00147751  324      1674     
 1126.25 622     13253    1.91052    1.912      0.00147747  325      1679     
 1130.82 624     13300    1.91052    1.912      0.00147736  330      1682     
 1137.43 627     13353    1.91052    1.912      0.00147719  326      1687     
 1141.62 629     13400    1.91052    1.912      0.00147716  328      1690     
 1147.42 632     13453    1.91052    1.912      0.00147713  341      1694     
 1152.03 634     13500    1.91052    1.912      0.00147712  345      1697     
 1156.49 637     13553    1.91052    1.912      0.00147707  345      1700     
 1165.24 639     13600    1.91052    1.912      0.00147692  340      1708     
 1176.33 642     13657    1.91052    1.912      0.00147632  331      1717     
 1180.91 644     13700    1.91052    1.912      0.00147631  344      1720     
 1187.92 647     13759    1.91052    1.912      0.00147629  331      1725     
 1190.06 649     13800    1.91052    1.912      0.00147626  329      1726     
 1197.81 652     13859    1.91052    1.912      0.00147617  323      1732     
 1199.85 654     13900    1.91052    1.912      0.00147615  311      1733     
 1204.65 657     13959    1.91052    1.912      0.0014761   313      1736     
 1210.74 659     14001    1.91052    1.912      0.00147601  308      1740     
 1218.26 661     14050    1.91052    1.912      0.00147597  303      1745     
 1227.02 664     14103    1.91052    1.912      0.00147594  294      1751     
 1236.87 666     14150    1.91052    1.912      0.00147589  301      1758     
 1242.4  669     14207    1.91052    1.912      0.00147586  296      1761     
 1247.36 671     14250    1.91052    1.912      0.00147545  299      1764     
 1255.08 674     14307    1.91052    1.912      0.00147543  301      1769     
 1258.87 676     14350    1.91052    1.912      0.00147542  304      1771     
 1262.27 679     14403    1.91052    1.912      0.00147529  303      1773     
 1268.69 681     14450    1.91052    1.912      0.00147528  307      1777     
 1276.77 684     14501    1.91052    1.912      0.0014749   307      1785     
 1287.26 686     14550    1.91052    1.912      0.00147439  314      1795     
 1294.29 689     14601    1.91052    1.912      0.00147434  323      1799     
 1302.95 691     14650    1.91052    1.912      0.00147426  329      1805     
 1311.95 694     14703    1.91052    1.912      0.00147423  331      1811     
 1317.27 696     14750    1.91052    1.912      0.00147411  346      1816     
 1326.1  699     14805    1.91052    1.912      0.00147398  355      1824     
 1332.49 702     14855    1.91055    1.91199    0.00144907  353      1832     
 1334.94 704     14900    1.91055    1.91199    0.0014489   347      1833     
 1341.01 707     14959    1.91055    1.91199    0.00144874  351      1837     
 1343.3  709     15000    1.91055    1.91199    0.00144874  348      1838     
 1348.25 712     15059    1.91055    1.91199    0.00144867  351      1841     
 1351.18 714     15101    1.91055    1.91199    0.00144864  351      1843     
 1354.83 716     15150    1.91055    1.91199    0.00144853  353      1845     
 1360.32 719     15207    1.91055    1.91199    0.00144851  341      1849     
 1361.56 721     15250    1.91055    1.91199    0.0014485   343      1849     
 1367.47 724     15309    1.91055    1.91199    0.00144847  350      1853     
 1373.01 726     15350    1.91055    1.91199    0.00144846  346      1856     
 1379.99 728     15400    1.91055    1.91199    0.00144845  349      1860     
 1386.31 731     15453    1.91055    1.91199    0.00144845  344      1864     
 1392.07 733     15500    1.91055    1.91199    0.00144842  350      1868     
 1396.51 736     15557    1.91055    1.91199    0.00144839  341      1870     
 1397.6  738     15600    1.91055    1.91199    0.00144839  339      1870     
 1405.33 741     15659    1.91055    1.91199    0.00144838  332      1875     
 1407.72 743     15700    1.91055    1.91199    0.00144838  332      1876     
 1414.62 746     15759    1.91055    1.91199    0.00144837  327      1880     
 1421.6  748     15801    1.91055    1.91199    0.00144835  327      1884     
 1425.26 750     15850    1.91055    1.91199    0.00144835  332      1886     
 1434.87 753     15907    1.91055    1.91199    0.00144834  335      1892     
 1438.5  755     15950    1.91055    1.91199    0.00144833  338      1894     
 1449.37 758     16009    1.91055    1.91199    0.00144831  347      1901     
 1456.46 760     16051    1.91055    1.91199    0.0014483   351      1906     
 1464.76 762     16100    1.91055    1.91199    0.00144826  339      1911     
 1475.96 765     16159    1.91055    1.91199    0.00144824  345      1919     
 1480.55 767     16200    1.91055    1.91199    0.00144814  341      1922     
 1484.88 770     16257    1.91055    1.91199    0.00144812  317      1924     
 1491.54 772     16300    1.91055    1.91199    0.00144812  316      1928     
 1494.43 775     16355    1.91055    1.91199    0.00144808  310      1929     
 1500.43 777     16400    1.91055    1.91199    0.00144792  312      1933     
 1510.8  780     16453    1.91055    1.91199    0.00144762  301      1941     
 1514.16 782     16500    1.91055    1.91199    0.00144758  307      1943     
 1521.43 785     16551    1.91055    1.91199    0.00144744  323      1948     
 1527.86 787     16600    1.91055    1.91199    0.00144741  319      1952     
 1531.94 790     16651    1.91055    1.91199    0.00144738  318      1954     
 1538.54 792     16700    1.91055    1.91199    0.00144737  325      1958     
 1542.95 795     16751    1.91055    1.91199    0.00144735  326      1960     
 1548.51 798     16800    1.91055    1.91199    0.00144734  324      1963     
 1552.62 800     16850    1.91055    1.91199    0.0014472   318      1965     
 1563.25 803     16909    1.91055    1.91199    0.00144719  327      1972     
 1572.86 805     16953    1.91055    1.91199    0.00144702  336      1981     
 1583.39 807     17000    1.91055    1.91199    0.00144697  337      1988     
 1584.97 810     17050    1.91055    1.91199    0.00144678  332      1988     
 1597.72 812     17100    1.91055    1.91199    0.00144675  339      1999     
 1605.87 815     17151    1.91055    1.91199    0.00144656  333      2004     
 1612.6  817     17200    1.91055    1.91199    0.00144656  336      2008     
 1624.03 820     17253    1.91055    1.91199    0.00144651  340      2015     
 1631.47 822     17300    1.91055    1.91199    0.0014465   325      2019     
 1643.46 825     17351    1.91055    1.91199    0.00144636  331      2030     
 1664.74 827     17400    1.91055    1.91199    0.00143762  334      2048     
 1667.76 830     17450    1.91055    1.91199    0.00143758  326      2049     
 1675.26 833     17509    1.91055    1.91199    0.00143758  331      2053     
 1681.02 835     17551    1.91055    1.91199    0.00143752  325      2056     
 1685.92 837     17600    1.91055    1.91199    0.00143745  323      2059     
 1689.16 840     17650    1.91055    1.91199    0.00143735  323      2060     
 1692.13 843     17707    1.91055    1.91199    0.00143723  314      2061     
 1698.06 845     17750    1.91055    1.91199    0.00143712  312      2064     
 1703.36 848     17807    1.91055    1.91199    0.0014371   323      2067     
 1711.63 850     17850    1.91055    1.91199    0.00143695  324      2073     
 1717.13 853     17905    1.91055    1.91199    0.00143691  319      2076     
 1719.71 855     17950    1.91055    1.91199    0.00143689  323      2077     
 1724.77 858     18003    1.91055    1.91199    0.00143687  317      2080     
 1728.58 860     18050    1.91055    1.91199    0.00143687  340      2082     
 1732.95 863     18101    1.91055    1.91199    0.00143682  334      2084     
 1739.32 865     18150    1.91055    1.91199    0.00143635  331      2088     
 1743.69 868     18200    1.91055    1.91199    0.00143625  332      2090     
 1751.62 870     18250    1.91055    1.91199    0.00143624  343      2095     
 1757.88 873     18305    1.91055    1.91199    0.00143622  336      2098     
 1760.42 875     18350    1.91055    1.91199    0.00143622  339      2099     
 1771.85 878     18409    1.91055    1.91199    0.0014362   340      2105     
 1777.67 880     18450    1.91055    1.91199    0.00143614  337      2108     
 1785.96 883     18507    1.91055    1.91199    0.00143609  338      2112     
 1789.84 885     18550    1.91055    1.91199    0.00143608  339      2114     
 1794.84 888     18603    1.91055    1.91199    0.00143606  332      2116     
 1800.11 890     18650    1.91055    1.91199    0.00143601  332      2119     
 1803.36 893     18700    1.91055    1.91199    0.00143583  334      2120     
 1809.76 896     18757    1.91055    1.91199    0.00143581  330      2123     
 1817.84 898     18800    1.91055    1.91199    0.00143573  343      2128     
 1824.59 901     18851    1.91055    1.91199    0.00143546  336      2131     
 1833.96 903     18900    1.91055    1.91199    0.00143545  327      2136     
 1847.6  906     18959    1.91055    1.91199    0.00143528  336      2144     
 1853.48 908     19000    1.91055    1.91199    0.00143527  331      2147     
 1861.38 911     19057    1.91055    1.91199    0.00143524  315      2151     
 1869.63 913     19100    1.91055    1.91199    0.00143521  325      2156     
 1875.83 916     19153    1.91055    1.91199    0.00143521  341      2159     
 1881.97 918     19200    1.91055    1.91199    0.0014352   350      2162     
 1886.4  921     19250    1.91055    1.91199    0.00143515  350      2164     
 1892.43 924     19307    1.91055    1.91199    0.00143513  348      2167     
 1898.83 926     19350    1.91055    1.91199    0.00143509  343      2171     
 1911.72 929     19405    1.91055    1.91199    0.00143501  340      2179     
 1917.39 931     19450    1.91055    1.91199    0.00143498  347      2182     
 1927.17 934     19503    1.91055    1.91199    0.00143495  353      2187     
 1933.67 936     19550    1.91055    1.91199    0.00143494  362      2190     
 1942.65 939     19601    1.91055    1.91199    0.0014349   360      2194     
 1955.76 942     19650    1.91055    1.91199    0.00143484  365      2205     
 1969.9  944     19700    1.91056    1.91198    0.00141632  360      2214     
 1974.25 947     19750    1.91056    1.91198    0.0014162   363      2216     
 1977    949     19803    1.91056    1.91198    0.0014162   344      2217     
 1981.45 951     19850    1.91056    1.91198    0.0014162   342      2219     
 1987.59 954     19907    1.91056    1.91198    0.00141618  337      2222     
 1994.8  956     19951    1.91056    1.91198    0.00141618  341      2226     
 1999.44 959     20009    1.91056    1.91198    0.00141617  332      2228     
 2003.87 961     20051    1.91056    1.91198    0.00141617  332      2230     
 2011.58 963     20100    1.91056    1.91198    0.00141617  332      2234     
 2016.6  966     20151    1.91056    1.91198    0.00141615  331      2236     
 2019.91 968     20200    1.91056    1.91198    0.00141611  340      2237     
 2024.89 971     20251    1.91056    1.91198    0.00141608  348      2239     
 2029.28 973     20300    1.91056    1.91198    0.00141608  350      2241     
 2034.47 976     20353    1.91056    1.91198    0.00141606  354      2243     
 2039.54 979     20400    1.91056    1.91198    0.00141605  355      2245     
 2047.9  981     20451    1.91056    1.91198    0.00141603  365      2249     
 2055.13 983     20500    1.91056    1.91198    0.00141599  357      2253     
 2058.48 986     20551    1.91056    1.91198    0.00141593  362      2254     
 2066.7  988     20600    1.91056    1.91198    0.00141592  362      2259     
 2068.71 991     20650    1.91056    1.91198    0.0014159   366      2259     
 2073.13 994     20707    1.91056    1.91198    0.00141588  363      2261     
 2078.62 996     20750    1.91056    1.91198    0.00141587  364      2263     
 2089.11 999     20809    1.91056    1.91198    0.00141583  369      2269     
 2094.02 1001    20850    1.91056    1.91198    0.00141583  363      2271     
 2101.73 1004    20907    1.91056    1.91198    0.00141579  355      2274     
 2107.12 1006    20950    1.91056    1.91198    0.00141546  357      2277     
 2114.98 1009    21005    1.91056    1.91198    0.00141531  358      2281     
 2125.06 1011    21050    1.91056    1.91198    0.00141527  365      2286     
 2142.38 1014    21107    1.91056    1.91198    0.00141494  351      2297     
 2152.06 1016    21150    1.91056    1.91198    0.00141487  349      2302     
 2160.04 1019    21209    1.91056    1.91198    0.00141485  359      2306     
 2170.22 1021    21255    1.91056    1.91198    0.00141484  363      2312     
 2176.17 1023    21300    1.91056    1.91198    0.00141481  356      2315     
 2184.07 1026    21355    1.91056    1.91198    0.00141465  348      2320     
 2195.72 1028    21400    1.91056    1.91198    0.00141446  358      2329     
 2202.11 1031    21451    1.91056    1.91198    0.00141422  365      2332     
 2206.6  1033    21500    1.91056    1.91198    0.00141422  355      2334     
 2211.98 1036    21553    1.91056    1.91198    0.00141419  366      2337     
 2221.04 1038    21600    1.91056    1.91198    0.00141418  363      2341     
 2226.91 1041    21651    1.91056    1.91198    0.00141417  360      2344     
 2235.72 1043    21700    1.91056    1.91198    0.00141399  364      2348     
 2239.84 1046    21753    1.91056    1.91198    0.00141399  354      2350     
 2247.78 1049    21800    1.91056    1.91198    0.00141397  359      2354     
 2250.84 1051    21851    1.91056    1.91197    0.00141393  360      2355     
 2261.31 1054    21900    1.91056    1.91197    0.00141392  354      2361     
 2269.11 1056    21953    1.91056    1.91197    0.00141384  366      2365     
 2276.76 1058    22000    1.91056    1.91197    0.00141383  356      2369     
 2285.69 1061    22051    1.91056    1.91197    0.00141382  361      2373     
 2291.66 1064    22107    1.91056    1.91197    0.00141363  361      2376     
 2298.76 1066    22150    1.91056    1.91197    0.0014136   359      2379     
 2311.31 1069    22203    1.91056    1.91197    0.00141357  359      2387     
 2320.36 1071    22250    1.91056    1.91197    0.00141357  350      2392     
 2330.15 1074    22303    1.91056    1.91197    0.00141356  344      2397     
 2338.29 1076    22350    1.91056    1.91197    0.00141355  350      2401     
 2347.83 1079    22403    1.91056    1.91197    0.00141353  356      2406     
 2362.71 1081    22450    1.91056    1.91197    0.00141351  358      2414     
 2376    1084    22501    1.91056    1.91197    0.00141334  368      2421     
 2383.71 1087    22557    1.91056    1.91197    0.00141128  361      2428     
 2390.94 1089    22600    1.91056    1.91197    0.00141127  361      2431     
 2404.36 1092    22655    1.91056    1.91197    0.00141124  379      2437     
 2411.86 1094    22700    1.91056    1.91197    0.00141122  386      2441     
 2416.33 1097    22751    1.91056    1.91197    0.00141105  384      2443     
 2424.77 1099    22800    1.91056    1.91197    0.00141103  385      2447     
 2433.92 1102    22851    1.91056    1.91197    0.00141094  384      2451     
 2442.58 1104    22900    1.91056    1.91197    0.00141094  398      2455     
 2446.24 1107    22950    1.91056    1.91197    0.00141092  403      2456     
 2459.7  1109    23000    1.91056    1.91197    0.00141088  408      2465     
 2464    1112    23053    1.91056    1.91197    0.00141087  419      2467     
 2469.72 1114    23100    1.91056    1.91197    0.00141087  426      2469     
 2471.9  1117    23150    1.91056    1.91197    0.00141086  425      2469     
 2481.56 1120    23207    1.91056    1.91197    0.00141086  436      2473     
 2493.22 1122    23250    1.91056    1.91197    0.00141085  441      2478     
 2501.54 1125    23305    1.91056    1.91197    0.00141081  443      2481     
 2513.51 1127    23350    1.91056    1.91197    0.00141076  436      2486     
 2530.24 1130    23401    1.91056    1.91197    0.00141054  430      2496     
 2545.46 1132    23450    1.91056    1.91197    0.00141053  444      2503     
 2551.75 1135    23500    1.91056    1.91197    0.00141052  441      2505     
 2559.26 1138    23557    1.91056    1.91197    0.00141051  443      2508     
 2571    1140    23600    1.91056    1.91197    0.00141049  446      2513     
 2580.87 1143    23657    1.91056    1.91197    0.00141047  464      2517     
 2582.76 1145    23700    1.91056    1.91197    0.00141047  456      2517     
 2590.74 1148    23750    1.91056    1.91197    0.00141046  462      2520     
 2596.77 1151    23807    1.91056    1.91197    0.00141045  465      2522     
 2602.73 1153    23850    1.91056    1.91197    0.00141042  471      2524     
 2613.66 1156    23901    1.91056    1.91197    0.00141041  467      2529     
 2627.33 1159    23959    1.91056    1.91197    0.00141041  481      2535     
 2631.34 1161    24000    1.91056    1.91197    0.0014104   484      2536     
 2642.32 1164    24053    1.91056    1.91197    0.00141038  469      2540     
 2659.48 1166    24100    1.91056    1.91197    0.00141026  482      2552     
 2672.34 1169    24151    1.91056    1.91197    0.00141001  488      2557     
 2678.74 1172    24205    1.91056    1.91197    0.00140998  487      2559     
 2685.54 1174    24250    1.91056    1.91197    0.00140998  496      2561     
 2694.62 1177    24300    1.91056    1.91197    0.00140991  498      2564     
 2706.69 1180    24355    1.91056    1.91197    0.00140986  502      2570     
 2722.11 1182    24400    1.91056    1.91197    0.00140983  513      2577     
 2741.11 1185    24453    1.91056    1.91197    0.00140974  523      2587     
 2749.77 1187    24500    1.91056    1.91197    0.00140974  534      2591     
 2759.03 1190    24550    1.91056    1.91197    0.0014096   525      2594     
 2771.53 1193    24607    1.91056    1.91197    0.00140959  523      2598     
 2778.49 1195    24650    1.91056    1.91197    0.00140959  531      2600     
 2795.07 1198    24703    1.91056    1.91197    0.00140953  532      2608     
 2798.55 1201    24759    1.91056    1.91197    0.0014095   536      2608     
 2803.47 1203    24800    1.91056    1.91197    0.00140946  539      2609     
 2811.15 1206    24850    1.91056    1.91197    0.00140946  547      2611     
 2818.91 1209    24907    1.91056    1.91197    0.00140945  549      2613     
 2828.52 1211    24950    1.91056    1.91197    0.00140943  550      2616     
 2836.3  1214    25000    1.91056    1.91197    0.00140943  549      2618     
 2851.38 1217    25057    1.91056    1.91197    0.00140941  553      2623     
 2865.39 1219    25100    1.91056    1.91197    0.00140939  546      2629     
 2875.98 1222    25153    1.91056    1.91197    0.00140936  548      2633     
 2888.02 1224    25200    1.91056    1.91197    0.00140935  558      2638     
 2898.69 1227    25251    1.91056    1.91197    0.00140934  568      2641     
 2914.58 1230    25307    1.91056    1.91197    0.00140933  560      2647     
 2923.77 1232    25350    1.91056    1.91197    0.00140932  567      2650     
 2933.77 1235    25400    1.91056    1.91197    0.0014093   570      2653     
 2946.2  1238    25453    1.91056    1.91197    0.00140925  572      2658     
 2958.89 1241    25500    1.91056    1.91197    0.00140924  571      2662     
 2963.25 1243    25550    1.91056    1.91197    0.00140924  570      2663     
 2981.37 1246    25601    1.91056    1.91197    0.00140914  570      2671     
 3000.76 1248    25650    1.91056    1.91197    0.00140913  580      2679     
 3008.37 1251    25700    1.91056    1.91197    0.00140912  576      2680     
 3048.36 1253    25750    1.91056    1.91197    0.00140889  581      2702     
 3054.47 1256    25801    1.91058    1.91196    0.00137587  576      2702     
 3058.47 1258    25850    1.91058    1.91196    0.00137583  569      2702     
 3067.3  1261    25903    1.91058    1.91196    0.00137583  558      2704     
 3072.82 1263    25950    1.91058    1.91196    0.00137583  550      2705     
 3078.7  1266    26005    1.91058    1.91196    0.00137581  545      2706     
 3086.48 1268    26050    1.91058    1.91196    0.00137579  541      2708     
 3090.33 1271    26105    1.91058    1.91196    0.00137579  527      2708     
 3095.38 1273    26150    1.91058    1.91196    0.00137576  524      2709     
 3107.03 1276    26207    1.91058    1.91196    0.00137576  524      2713     
 3116.59 1278    26250    1.91058    1.91196    0.00137576  528      2716     
 3128.21 1281    26309    1.91058    1.91196    0.00137573  508      2720     
 3132.66 1283    26350    1.91058    1.91196    0.00137572  492      2721     
 3144.77 1285    26400    1.91058    1.91196    0.00137564  497      2726     
 3154.33 1288    26453    1.91058    1.91196    0.00137554  493      2729     
 3158.99 1290    26500    1.91058    1.91196    0.00137532  495      2730     
 3164.22 1293    26553    1.91058    1.91196    0.00137532  496      2731     
 3169.32 1295    26600    1.91058    1.91196    0.00137532  491      2732     
 3177.56 1298    26655    1.91058    1.91196    0.00137527  479      2735     
 3183.87 1300    26700    1.91058    1.91196    0.0013752   476      2737     
 3190.85 1303    26757    1.91058    1.91196    0.0013752   479      2739     
 3197.23 1305    26800    1.91058    1.91196    0.00137519  483      2741     
 3210.04 1308    26857    1.91058    1.91196    0.00137519  488      2746     
 3217    1310    26900    1.91058    1.91196    0.00137519  492      2748     
 3225.83 1313    26959    1.91058    1.91196    0.00137518  476      2751     
 3230.21 1315    27000    1.91058    1.91196    0.00137518  476      2752     
 3240.01 1318    27059    1.91058    1.91196    0.00137516  479      2755     
 3247.84 1320    27101    1.91058    1.91196    0.00137516  487      2758     
 3257.79 1322    27150    1.91058    1.91196    0.00137488  476      2762     
 3265.12 1325    27201    1.91058    1.91196    0.00137487  482      2764     
 3273.34 1327    27250    1.91058    1.91196    0.00137486  476      2767     
 3278.48 1330    27301    1.91058    1.91196    0.00137483  480      2768     
 3287.02 1332    27350    1.91058    1.91196    0.00137483  477      2771     
 3292.1  1335    27401    1.91058    1.91196    0.00137482  478      2772     
 3299.89 1337    27450    1.91058    1.91196    0.00137481  480      2775     
 3311.47 1340    27503    1.91058    1.91196    0.0013748   485      2779     
 3317.61 1342    27550    1.91058    1.91196    0.0013748   491      2781     
 3330.57 1345    27607    1.91058    1.91196    0.00137477  488      2786     
 3337.34 1347    27650    1.91058    1.91196    0.00137474  478      2788     
 3346.33 1350    27709    1.91058    1.91196    0.00137473  475      2791     
 3350.41 1352    27750    1.91058    1.91196    0.00137472  466      2792     
 3359.71 1355    27809    1.91058    1.91196    0.00137471  452      2795     
 3363.72 1357    27851    1.91058    1.91196    0.00137469  454      2796     
 3371.21 1359    27900    1.91058    1.91196    0.00137468  449      2799     
 3382.09 1362    27953    1.91058    1.91196    0.00137462  445      2803     
 3385.92 1364    28000    1.91058    1.91196    0.00137461  442      2804     
 3396.54 1367    28051    1.91058    1.91196    0.0013746   453      2808     
 3403.27 1370    28100    1.91058    1.91196    0.00137459  449      2810     
 3407.31 1372    28150    1.91058    1.91196    0.00137459  439      2811     
 3413.7  1375    28209    1.91058    1.91196    0.00137457  432      2813     
 3417.81 1377    28250    1.91058    1.91196    0.00137454  419      2814     
 3424.1  1380    28307    1.91058    1.91196    0.00137453  422      2816     
 3436.02 1382    28350    1.91058    1.91196    0.00137452  435      2820     
 3445.01 1385    28405    1.91058    1.91196    0.00137451  421      2823     
 3451.81 1387    28450    1.91058    1.91196    0.0013745   419      2825     
 3454.17 1390    28501    1.91058    1.91196    0.00137446  402      2825     
 3461.27 1393    28555    1.91058    1.91196    0.00137446  399      2827     
 3465.44 1395    28600    1.91058    1.91196    0.00137443  394      2828     
 3476.43 1398    28651    1.91058    1.91196    0.00137441  403      2832     
 3487.21 1401    28700    1.91058    1.91196    0.0013744   408      2836     
 3493.3  1403    28750    1.91058    1.91196    0.00137421  412      2838     
 3499.31 1406    28801    1.91058    1.91196    0.00137416  412      2840     
 3509.38 1409    28859    1.91058    1.91196    0.00137414  413      2843     
 3518.32 1411    28900    1.91058    1.91196    0.00137411  415      2846     
 3533.93 1414    28957    1.91058    1.91196    0.00137409  413      2852     
 3542.72 1416    29000    1.91058    1.91196    0.00137408  407      2855     
 3550.22 1419    29059    1.91058    1.91196    0.00137402  417      2858     
 3556.51 1421    29100    1.91058    1.91196    0.00137401  419      2860     
 3570.22 1424    29159    1.91058    1.91196    0.00137399  425      2865     
 3574    1426    29200    1.91058    1.91196    0.00137397  427      2866     
 3588.1  1429    29257    1.91058    1.91196    0.00137395  429      2871     
 3599.43 1431    29300    1.91058    1.91196    0.00137393  430      2875     
 3605.99 1434    29357    1.91058    1.91196    0.00137389  423      2877     
 3612.41 1436    29400    1.91058    1.91196    0.0013737   427      2879     
 3620.78 1439    29455    1.91058    1.91196    0.00137369  424      2882     
 3627.28 1441    29500    1.91058    1.91196    0.00137368  426      2884     
 3646.32 1444    29553    1.91058    1.91196    0.00137346  437      2891     
 3660.32 1446    29600    1.91058    1.91196    0.00137344  436      2896     
 3679.02 1449    29655    1.91058    1.91196    0.00137329  431      2904     
 3687.39 1451    29700    1.91058    1.91196    0.00137311  433      2907     
 3703.07 1454    29755    1.91058    1.91196    0.00137309  435      2913     
 3715.23 1456    29800    1.91058    1.91196    0.00137308  431      2918     
 3726.86 1459    29853    1.91058    1.91196    0.00137305  428      2922     
 3740.08 1461    29900    1.91058    1.91196    0.00137305  432      2927     
 3748.58 1464    29955    1.91058    1.91196    0.00137301  432      2931     
 3754.56 1466    30000    1.91058    1.91196    0.00137301  438      2933     
 3760.86 1469    30053    1.91058    1.91196    0.001373    446      2935     
 3768.29 1471    30100    1.91058    1.91196    0.001373    442      2937     
 3777.87 1474    30153    1.91058    1.91196    0.00137299  441      2940     
 3782.78 1477    30207    1.91058    1.91196    0.00137296  428      2941     
 3789.65 1479    30250    1.91058    1.91196    0.00137296  435      2943     
 3800.56 1482    30307    1.91058    1.91196    0.00137296  429      2947     
 3807.83 1484    30350    1.91058    1.91196    0.00137295  435      2950     
 3826.77 1487    30405    1.91058    1.91196    0.00137287  422      2957     
 3838.1  1489    30450    1.91058    1.91196    0.00137283  427      2963     
 3851.19 1492    30503    1.91058    1.91196    0.00137281  438      2967     
 3858.93 1494    30550    1.91058    1.91196    0.00137279  442      2969     
 3875    1497    30605    1.91058    1.91196    0.00137277  444      2975     
 3888.54 1499    30650    1.91058    1.91196    0.00137265  451      2981     
 3909.43 1502    30705    1.91058    1.91196    0.0013726   465      2989     
 3913.92 1504    30750    1.91058    1.91196    0.0013726   457      2990     
 3933.47 1507    30809    1.91058    1.91196    0.00137255  457      2998     
 3940.34 1509    30850    1.91058    1.91196    0.00137252  455      3000     
 3948.33 1512    30907    1.91058    1.91196    0.00137252  465      3002     
 3952.96 1514    30950    1.91058    1.91196    0.00137252  458      3003     
 3962.99 1517    31007    1.91058    1.91196    0.00137249  474      3006     
 3970.71 1519    31050    1.91058    1.91196    0.00137249  479      3008     
 3983.9  1522    31105    1.91058    1.91196    0.00137248  484      3013     
 3988.39 1524    31150    1.91058    1.91196    0.00137248  491      3014     
 3997.09 1527    31203    1.91058    1.91196    0.00137239  488      3018     
 4004    1530    31257    1.91058    1.91196    0.00137234  487      3020     
 4012.82 1532    31300    1.91058    1.91196    0.00137233  495      3023     
 4020.74 1535    31353    1.91058    1.91196    0.00137233  494      3025     
 4033.63 1537    31400    1.91058    1.91196    0.00137232  498      3030     
 4043.17 1540    31451    1.91058    1.91196    0.00137231  507      3033     
 4053.98 1543    31509    1.91058    1.91196    0.00137231  513      3036     
 4059.51 1545    31550    1.91058    1.91196    0.00137231  514      3037     
 4077.59 1548    31609    1.91058    1.91196    0.00137224  515      3045     
 4086.24 1550    31650    1.91058    1.91196    0.00137223  520      3048     
 4098.5  1553    31703    1.91058    1.91196    0.00137222  529      3052     
 4111.36 1555    31750    1.91058    1.91196    0.0013722   525      3057     
 4125.03 1558    31800    1.91058    1.91196    0.00137219  532      3062     
 4140.23 1561    31857    1.91058    1.91196    0.00137208  545      3068     
 4152.55 1563    31900    1.91058    1.91196    0.00137203  555      3073     
 4170.35 1566    31953    1.91058    1.91196    0.00137189  558      3079     
 4183.05 1568    32000    1.91058    1.91196    0.00137188  574      3085     
 4199.6  1571    32055    1.91058    1.91196    0.00137184  579      3090     
 4213.11 1573    32100    1.91058    1.91196    0.00137184  580      3095     
 4235.62 1576    32153    1.91058    1.91196    0.00137169  589      3104     
 4252.41 1578    32200    1.91058    1.91196    0.00137085  593      3112     
 4261.21 1581    32253    1.91058    1.91196    0.00137084  595      3114     
 4267.99 1583    32300    1.91058    1.91196    0.00137084  596      3115     
 4283.91 1586    32359    1.91058    1.91195    0.00137078  596      3120     
 4287.84 1588    32400    1.91058    1.91195    0.00137076  600      3120     
 4305.43 1590    32450    1.91058    1.91195    0.00137076  603      3126     
 4315.24 1593    32501    1.91058    1.91195    0.00137076  604      3128     
 4329.07 1596    32559    1.91058    1.91195    0.00137064  606      3131     
 4338.36 1598    32600    1.91058    1.91195    0.00137064  605      3133     
 4357.44 1601    32653    1.91058    1.91195    0.00136958  597      3142     
 4363.26 1604    32709    1.91058    1.91195    0.00136956  595      3142     
 4370.04 1606    32750    1.91058    1.91195    0.00136955  596      3143     
 4382.9  1609    32801    1.91058    1.91195    0.00136949  598      3146     
 4401.67 1612    32850    1.91058    1.91195    0.00136949  610      3152     
 4412.82 1614    32900    1.91058    1.91195    0.00136935  610      3156     
 4435.97 1617    32953    1.91058    1.91195    0.00136933  610      3164     
 4451.84 1619    33000    1.91058    1.91195    0.00136927  620      3170     
 4478.22 1622    33053    1.91058    1.91195    0.00136898  626      3180     
 4492.57 1624    33100    1.91058    1.91195    0.00136894  632      3184     
 4507.57 1627    33151    1.91058    1.91195    0.00136894  629      3187     
 4525.11 1629    33200    1.91058    1.91195    0.00136893  625      3192     
 4542.34 1632    33255    1.91058    1.91195    0.00136893  629      3197     
 4563.91 1634    33300    1.91058    1.91195    0.0013689   636      3204     
 4572.3  1637    33353    1.91058    1.91195    0.00136885  632      3205     
 4581.96 1640    33409    1.91058    1.91195    0.00136882  627      3206     
 4593.25 1642    33450    1.91058    1.91195    0.00136882  627      3209     
 4609.75 1645    33509    1.91058    1.91195    0.00136882  624      3213     
 4617.34 1647    33550    1.91058    1.91195    0.00136881  623      3214     
 4636.17 1650    33605    1.91058    1.91195    0.00136881  636      3220     
 4652.19 1653    33650    1.91058    1.91195    0.00136881  632      3225     
 4662.44 1655    33700    1.91058    1.91195    0.00136876  625      3227     
 4679.59 1658    33755    1.91058    1.91195    0.00136869  624      3232     
 4695.45 1660    33800    1.91058    1.91195    0.00136868  623      3237     
 4711.47 1663    33855    1.91058    1.91195    0.00136868  618      3241     
 4728    1665    33900    1.91058    1.91195    0.00136857  625      3245     
 4745.64 1668    33951    1.91058    1.91195    0.00136847  625      3250     
 4754.25 1671    34007    1.91058    1.91195    0.00136847  627      3251     
 4762.06 1673    34050    1.91058    1.91195    0.00136847  629      3252     
 4786.3  1676    34101    1.91058    1.91195    0.00136846  632      3260     
 4799.57 1679    34159    1.91058    1.91195    0.00136845  629      3263     
 4804.53 1681    34200    1.91058    1.91195    0.00136839  630      3263     
 4824.29 1684    34253    1.91058    1.91195    0.00136838  632      3268     
 4844.01 1686    34300    1.91058    1.91195    0.00136838  626      3274     
 4867.26 1689    34351    1.91058    1.91195    0.00136828  626      3283     
 4878.48 1692    34405    1.91058    1.91195    0.00136827  636      3285     
 4887.09 1694    34450    1.91058    1.91195    0.00136827  635      3286     
 4903.78 1697    34503    1.91058    1.91195    0.00136827  639      3290     
 4918.79 1699    34550    1.91058    1.91195    0.00136823  645      3294     
 4942.07 1702    34603    1.91058    1.91195    0.0013682   646      3301     
 4962.74 1704    34650    1.91058    1.91195    0.00136819  647      3307     
 4978.22 1707    34700    1.91058    1.91195    0.00136812  656      3310     
 5000.68 1710    34757    1.91058    1.91195    0.00136809  649      3318     
 5012.22 1712    34800    1.91058    1.91195    0.00136808  649      3320     
 5021.22 1715    34850    1.91058    1.91195    0.00136806  644      3321     
 5032.57 1718    34901    1.91058    1.91195    0.001368    647      3323     
 5044.34 1721    34955    1.91058    1.91195    0.00136798  658      3325     
 5071.86 1723    35000    1.91058    1.91195    0.0013677   656      3335     
 5092.05 1726    35051    1.91058    1.91195    0.00136766  659      3340     
 5104    1729    35109    1.91058    1.91195    0.00136764  663      3342     
 5115.25 1731    35150    1.91058    1.91195    0.00136763  656      3344     
 5135.64 1734    35205    1.91058    1.91195    0.00136763  657      3349     
 5150.39 1736    35250    1.91058    1.91195    0.00136761  654      3352     
 5162.27 1739    35301    1.91058    1.91195    0.0013676   654      3354     
 5180.75 1742    35357    1.91058    1.91195    0.0013676   661      3359     
 5195.38 1744    35400    1.91058    1.91195    0.00136759  657      3362     
 5213.48 1747    35453    1.91058    1.91195    0.00136759  652      3366     
 5231.6  1750    35500    1.91058    1.91195    0.00136756  659      3370     
 5244.44 1752    35550    1.91058    1.91195    0.00136755  656      3372     
 5270.76 1755    35605    1.91058    1.91195    0.00136752  644      3380     
 5288.3  1757    35650    1.91058    1.91195    0.00136747  633      3386     
 5313.97 1760    35701    1.91058    1.91195    0.00136745  628      3392     
 5329.31 1763    35755    1.91058    1.91195    0.00136745  626      3395     
 5346.34 1765    35800    1.91058    1.91195    0.00136734  626      3399     
 5359.47 1768    35851    1.91058    1.91195    0.00136733  630      3401     
 5376.23 1771    35907    1.91058    1.91195    0.00136723  635      3405     
 5388.31 1773    35950    1.91058    1.91195    0.00136723  638      3407     
 5401.01 1776    36003    1.91058    1.91195    0.00136722  634      3409     
 5415.55 1778    36050    1.91058    1.91195    0.00136722  634      3412     
 5423.39 1781    36100    1.91058    1.91195    0.00136722  629      3412     
 5446.6  1784    36153    1.91058    1.91195    0.00136716  641      3419     
 5495.39 1787    36200    1.91059    1.91194    0.00134371  651      3440     
 5551.78 1789    36250    1.91059    1.91192    0.00132997  669      3458     
 5566.11 1792    36305    1.91059    1.91192    0.0013299   647      3460     
 5577.33 1794    36350    1.91059    1.91192    0.00132984  643      3462     
 5586.84 1797    36405    1.91059    1.91192    0.00132983  633      3463     
 5597.67 1799    36450    1.91059    1.91192    0.00132982  634      3465     
 5610.61 1802    36505    1.91059    1.91192    0.00132976  627      3467     
 5624.66 1804    36550    1.91059    1.91192    0.00132959  617      3470     
 5638.81 1807    36607    1.91059    1.91192    0.00132958  612      3473     
 5647.88 1809    36650    1.91059    1.91192    0.00132958  602      3474     
 5656.99 1812    36707    1.91059    1.91192    0.00132957  599      3475     
 5666.96 1814    36750    1.91059    1.91192    0.00132957  596      3477     
 5677.06 1817    36809    1.91059    1.91192    0.00132914  594      3479     
 5684.15 1819    36850    1.91059    1.91192    0.00132914  594      3480     
 5698.98 1822    36909    1.91059    1.91192    0.00132914  585      3484     
 5708.37 1824    36950    1.91059    1.91192    0.00132914  573      3486     
 5716.91 1827    37009    1.91059    1.91192    0.00132913  571      3488     
 5721.48 1829    37050    1.91059    1.91192    0.00132913  562      3488     
 5736.99 1832    37105    1.91059    1.91192    0.0013291   555      3492     
 5743.37 1834    37150    1.91059    1.91192    0.00132909  549      3493     
 5753.57 1837    37205    1.91059    1.91192    0.00132909  545      3495     
 5765.8  1839    37250    1.91059    1.91192    0.00132903  539      3498     
 5770.61 1842    37305    1.91059    1.91192    0.00132903  532      3498     
 5779.69 1844    37350    1.91059    1.91192    0.00132902  530      3500     
 5787.35 1847    37405    1.91059    1.91192    0.00132902  570      3502     
 5789.62 1849    37450    1.91059    1.91192    0.00132899  615      3502     
 5800.54 1852    37503    1.91059    1.91192    0.00132898  511      3504     
 5805.19 1854    37550    1.91059    1.91192    0.00132898  558      3505     
 5813.94 1857    37605    1.91059    1.91192    0.00132896  593      3507     
 5818.34 1859    37650    1.91059    1.91192    0.00132896  499      3507     
 5828.78 1862    37707    1.91059    1.91192    0.00132896  541      3510     
 5833.02 1864    37750    1.91059    1.91192    0.00132895  584      3511     
 5841.19 1867    37805    1.91059    1.91192    0.00132895  493      3512     
 5848.33 1869    37850    1.91059    1.91192    0.00132892  538      3514     
 5860.09 1872    37907    1.91059    1.91192    0.00132892  492      3517     
 5866.71 1874    37950    1.91059    1.91192    0.00132833  535      3519     
 5874.72 1877    38009    1.91059    1.91192    0.00132831  475      3520     
 5884.62 1879    38051    1.91059    1.91192    0.0013283   517      3523     
 5888.49 1882    38109    1.91059    1.91192    0.0013283   466      3523     
 5903.88 1884    38151    1.91059    1.91192    0.00132829  472      3527     
 5914.82 1886    38200    1.91059    1.91192    0.00132829  486      3530     
 5926.84 1889    38255    1.91059    1.91192    0.00132829  480      3533     
 5935.26 1891    38300    1.91059    1.91192    0.00132829  487      3535     
 5950.29 1894    38359    1.91059    1.91192    0.00132828  486      3539     
 5958.47 1896    38400    1.91059    1.91192    0.00132827  482      3541     
 5971.66 1899    38457    1.91059    1.91192    0.00132827  477      3544     
 5980.49 1901    38500    1.91059    1.91192    0.00132826  476      3546     
 5989.95 1904    38555    1.91059    1.91192    0.00132812  485      3548     
 5995.97 1906    38600    1.91059    1.91192    0.00132812  485      3549     
 6007.64 1909    38653    1.91059    1.91192    0.00132812  486      3552     
 6016.05 1911    38700    1.91059    1.91192    0.00132812  488      3554     
 6024.19 1914    38751    1.91059    1.91192    0.00132811  483      3556     
 6029.35 1916    38800    1.91059    1.91192    0.00132811  486      3557     
 6036.32 1919    38853    1.91059    1.91192    0.00132811  485      3559     
 6044.32 1921    38900    1.91059    1.91192    0.0013281   489      3561     
 6050.96 1924    38951    1.91059    1.91192    0.0013281   492      3562     
 6055.71 1926    39000    1.91059    1.91192    0.0013281   541      3563     
 6065.1  1929    39051    1.91059    1.91192    0.0013281   492      3565     
 6069.98 1932    39105    1.91059    1.91192    0.0013281   533      3566     
 6079.68 1934    39150    1.91059    1.91192    0.00132808  501      3568     
 6094.72 1937    39205    1.91059    1.91192    0.00132808  502      3572     
 6106.3  1939    39250    1.91059    1.91192    0.00132808  504      3575     
 6112.51 1942    39303    1.91059    1.91192    0.00132807  507      3576     
 6120.99 1944    39350    1.91059    1.91192    0.00132807  554      3578     
 6132.89 1947    39405    1.91059    1.91192    0.00132806  523      3581     
 6138.62 1949    39450    1.91059    1.91192    0.00132803  534      3582     
 6144.54 1952    39503    1.91059    1.91192    0.00132801  587      3583     
 6146.92 1954    39550    1.91059    1.91192    0.00132801  616      3583     
 6162.1  1957    39605    1.91059    1.91192    0.00132787  532      3587     
 6169.67 1959    39650    1.91059    1.91192    0.00132787  577      3589     
 6186.27 1962    39705    1.91059    1.91192    0.00132786  531      3593     
 6192.02 1964    39750    1.91059    1.91192    0.00132786  530      3594     
 6200.19 1967    39803    1.91059    1.91192    0.00132786  583      3596     
 6215.79 1969    39850    1.91059    1.91192    0.00132785  544      3600     
 6226.26 1972    39903    1.91059    1.91192    0.00132784  539      3602     
 6234.34 1974    39950    1.91059    1.91192    0.00132783  586      3604     
 6241.65 1977    40001    1.91059    1.91192    0.00132783  552      3605     
 6251.96 1979    40050    1.91059    1.91192    0.00132782  601      3608     
 6271.27 1982    40101    1.91059    1.91192    0.00132782  558      3613     
 6282.02 1985    40159    1.91059    1.91192    0.00132781  558      3615     
 6287.06 1987    40200    1.91059    1.91192    0.00132781  599      3616     
 6301.78 1990    40257    1.91059    1.91192    0.00132781  557      3619     
 6309.9  1992    40300    1.91059    1.91192    0.0013278   600      3621     
 6329.74 1995    40355    1.91059    1.91192    0.0013278   561      3626     
 6340.72 1997    40400    1.91059    1.91192    0.0013278   606      3629     
 6349.94 2000    40450    1.91059    1.91192    0.00132779  571      3630     
 6361.66 2003    40509    1.91059    1.91192    0.00132778  616      3633     
 6366.16 2005    40550    1.91059    1.91192    0.00132778  575      3633     
 6381.79 2008    40603    1.91059    1.91192    0.00132777  628      3638     
 6388.06 2011    40659    1.91059    1.91192    0.00132774  571      3638     
 6398.76 2013    40700    1.91059    1.91192    0.00132774  612      3641     
 6423.44 2016    40757    1.91059    1.91192    0.00132774  572      3647     
 6436.78 2018    40800    1.91059    1.91192    0.00132774  573      3650     
 6456.72 2021    40853    1.91059    1.91192    0.00132758  574      3656     
 6475.51 2023    40900    1.91059    1.91192    0.00132742  577      3661     
 6500.46 2026    40953    1.91059    1.91192    0.00132738  592      3669     
 6503.15 2028    41000    1.91059    1.91192    0.00132736  639      3669     
 6518.01 2031    41051    1.91059    1.91192    0.00132732  596      3672     
 6541.69 2033    41100    1.91059    1.91192    0.00132731  602      3679     
 6556.82 2036    41151    1.91059    1.91192    0.0013273   610      3682     
 6574.11 2039    41209    1.91059    1.91192    0.00132729  668      3687     
 6601.07 2041    41250    1.91059    1.91192    0.00132725  610      3695     
 6612.92 2044    41309    1.91059    1.91192    0.00132725  608      3697     
 6615.48 2046    41350    1.91059    1.91192    0.00132725  649      3697     
 6624.74 2049    41405    1.91059    1.91192    0.00132725  681      3699     
 6639.42 2051    41450    1.91059    1.91192    0.00132724  606      3702     
 6642.68 2054    41501    1.91059    1.91192    0.00132723  657      3702     
 6657.8  2056    41550    1.91059    1.91192    0.00132723  683      3706     
 6671.3  2059    41600    1.91059    1.91192    0.00132723  605      3708     
 6680.6  2062    41659    1.91059    1.91192    0.00132722  664      3710     
 6693.25 2064    41700    1.91059    1.91192    0.00132722  686      3714     
 6702.59 2067    41751    1.91059    1.91192    0.00132719  629      3715     
 6709.03 2070    41809    1.91059    1.91192    0.00132719  687      3716     
 6717.87 2072    41850    1.91059    1.91192    0.00132717  701      3718     
 6745.13 2075    41900    1.91059    1.91192    0.00132715  637      3724     
 6762.22 2077    41951    1.91059    1.91192    0.00132714  642      3728     
 6783.92 2079    42000    1.91059    1.91192    0.00132714  691      3734     
 6808.63 2082    42051    1.91059    1.91192    0.00132711  647      3739     
 6834.88 2085    42109    1.91059    1.91192    0.0013271   650      3745     
 6849.72 2087    42150    1.91059    1.91192    0.00132709  656      3748     
 6870.1  2090    42203    1.91059    1.91192    0.00132699  709      3754     
 6894.4  2092    42250    1.91059    1.91192    0.00132697  682      3759     
 6907.19 2095    42303    1.91059    1.91192    0.00132683  735      3762     
 6924.61 2097    42350    1.91059    1.91192    0.00132682  700      3767     
 6938.63 2100    42400    1.91059    1.91192    0.0013268   750      3770     
 6964.64 2103    42455    1.91059    1.91192    0.00132679  701      3776     
 6971.14 2105    42500    1.91059    1.91192    0.00132679  746      3777     
 6988.59 2108    42551    1.91059    1.91192    0.00132677  773      3782     
 7007.05 2111    42609    1.91059    1.91192    0.00132676  711      3785     
 7013.25 2113    42650    1.91059    1.91192    0.00132676  752      3786     
 7020.59 2116    42705    1.91059    1.91192    0.00132676  788      3787     
 7045.35 2118    42750    1.91059    1.91192    0.00132674  721      3792     
 7050.63 2121    42800    1.91059    1.91192    0.00132672  771      3792     
 7061.74 2124    42855    1.91059    1.91192    0.00132671  797      3794     
 7074.85 2126    42900    1.91059    1.91192    0.00132657  813      3797     
 7083.39 2129    42950    1.91059    1.91192    0.00132656  863      3798     
 7109.57 2131    43000    1.91059    1.91192    0.00132656  716      3803     
 7126.86 2134    43051    1.91059    1.91192    0.00132652  767      3807     
 7155.45 2136    43100    1.91059    1.91192    0.00132649  726      3815     
 7160.09 2139    43150    1.91059    1.91192    0.00132649  776      3815     
 7172.87 2142    43205    1.91059    1.91192    0.00132649  801      3817     
 7186.45 2144    43250    1.91059    1.91192    0.00132647  812      3821     
 7210.75 2147    43300    1.91059    1.91192    0.00132644  734      3825     
 7242.81 2150    43357    1.9106     1.91191    0.00131289  791      3836     
 7250.36 2152    43400    1.9106     1.91191    0.00131289  822      3837     
 7264.99 2155    43457    1.9106     1.91191    0.00131287  733      3838     
 7274.62 2157    43500    1.9106     1.91191    0.00131287  776      3840     
 7285.76 2160    43555    1.9106     1.91191    0.00131286  801      3842     
 7291.09 2162    43600    1.9106     1.91191    0.00131285  846      3842     
 7299.6  2165    43650    1.9106     1.91191    0.00131285  868      3843     
 7313.86 2168    43709    1.9106     1.91191    0.00131278  892      3846     
 7331.09 2170    43750    1.9106     1.91191    0.00131278  699      3848     
 7336.51 2173    43805    1.9106     1.91191    0.00131275  754      3848     
 7346.29 2175    43850    1.9106     1.91191    0.00131275  769      3850     
 7351.54 2178    43903    1.9106     1.91191    0.00131275  790      3850     
 7356.98 2181    43957    1.9106     1.91191    0.00131275  844      3850     
 7363.63 2183    44000    1.9106     1.91191    0.00131274  854      3851     
 7374    2186    44059    1.9106     1.91191    0.00131274  913      3852     
 7381.65 2188    44100    1.9106     1.91191    0.00131274  928      3853     
 7400.08 2191    44157    1.9106     1.91191    0.00131273  626      3855     
 7406.16 2193    44200    1.9106     1.91191    0.00131273  669      3856     
 7417.28 2196    44251    1.9106     1.91191    0.00131267  699      3858     
 7430.05 2198    44300    1.9106     1.91191    0.00131266  731      3861     
 7436.75 2201    44350    1.9106     1.91191    0.0013126   781      3862     
 7444.68 2204    44405    1.9106     1.91191    0.00131258  808      3863     
 7452.91 2207    44450    1.9106     1.91191    0.00131258  814      3864     
 7463.15 2209    44500    1.9106     1.91191    0.00131258  593      3864     
 7469.68 2212    44553    1.9106     1.91191    0.00131258  646      3865     
 7476.69 2215    44607    1.9106     1.91191    0.00131257  673      3866     
 7494.02 2217    44650    1.9106     1.91191    0.00131257  680      3870     
 7505.07 2220    44707    1.9106     1.91191    0.00131257  712      3872     
 7516.45 2222    44750    1.9106     1.91191    0.00131257  576      3873     
 7525.31 2225    44803    1.9106     1.91191    0.00131256  629      3875     
 7537.83 2227    44850    1.9106     1.91191    0.00131255  658      3878     
 7548.57 2230    44903    1.9106     1.91191    0.00131254  695      3880     
 7568.31 2232    44950    1.9106     1.91191    0.00131254  559      3885     
 7577.71 2235    45001    1.9106     1.91191    0.00131253  610      3887     
 7587.18 2238    45057    1.9106     1.91191    0.00131253  551      3888     
 7592    2240    45100    1.9106     1.91191    0.00131253  594      3889     
 7600.77 2243    45153    1.9106     1.91191    0.00131252  632      3891     
 7606.16 2245    45200    1.9106     1.91191    0.00131252  663      3892     
 7616.57 2248    45250    1.9106     1.91191    0.00131252  543      3893     
 7622.66 2251    45307    1.9106     1.91191    0.00131251  583      3894     
 7634.21 2253    45350    1.9106     1.91191    0.0013125   626      3897     
 7645.87 2256    45407    1.9106     1.91191    0.0013125   553      3899     
 7651.61 2258    45450    1.9106     1.91191    0.0013125   596      3900     
 7674.23 2261    45509    1.9106     1.91191    0.00131249  567      3905     
 7676.55 2263    45550    1.9106     1.91191    0.00131248  608      3905     
 7686.91 2266    45605    1.9106     1.91191    0.00131247  641      3907     
 7700.13 2268    45650    1.9106     1.91191    0.00131247  565      3909     
 7712.53 2271    45703    1.9106     1.91191    0.00131247  618      3912     
 7731.31 2273    45750    1.9106     1.91191    0.00131246  565      3916     
 7749.09 2276    45801    1.9106     1.91191    0.00131245  570      3920     
 7772.01 2278    45850    1.9106     1.91191    0.00131245  564      3925     
 7789.67 2281    45900    1.9106     1.91191    0.00131244  567      3929     
 7804.28 2284    45955    1.9106     1.91191    0.00131232  564      3932     
 7829.78 2286    46000    1.9106     1.91191    0.00131229  559      3939     
 7848.52 2289    46055    1.9106     1.91191    0.00131228  570      3944     
 7863.38 2291    46100    1.9106     1.91191    0.00131228  570      3947     
 7872.8  2294    46155    1.9106     1.91191    0.00131226  625      3949     
 7888.45 2296    46200    1.9106     1.91191    0.00131226  582      3952     
 7907.19 2299    46250    1.9106     1.91191    0.00131226  587      3956     
 7914.39 2301    46300    1.9106     1.91191    0.00131224  637      3957     
 7921.28 2304    46355    1.9106     1.91191    0.00131223  673      3958     
 7939.83 2306    46400    1.9106     1.91191    0.0013121   595      3963     
 7947.43 2309    46450    1.9106     1.91191    0.00131208  645      3964     
 7952.02 2312    46505    1.9106     1.91191    0.00131208  677      3964     
 7972.59 2314    46550    1.9106     1.91191    0.0013117   604      3970     
 7999.4  2317    46605    1.9106     1.91191    0.00131169  599      3976     
 8009.21 2320    46650    1.9106     1.91191    0.00131169  644      3978     
 8019.31 2322    46700    1.9106     1.91191    0.00131169  668      3980     
 8051.64 2325    46755    1.9106     1.91191    0.00131167  613      3987     
 8064.19 2327    46800    1.9106     1.91191    0.00131167  609      3989     
 8084.64 2330    46853    1.9106     1.91191    0.00131167  662      3994     
 8096.22 2333    46900    1.9106     1.91191    0.00131166  620      3996     
 8108.73 2335    46950    1.9106     1.91191    0.00131162  670      4001     
 8133.15 2338    47007    1.9106     1.91191    0.00131162  637      4007     
 8138.57 2340    47050    1.9106     1.91191    0.00131161  680      4008     
 8155.18 2343    47105    1.9106     1.91191    0.00131161  652      4011     
 8164.63 2345    47150    1.9106     1.91191    0.00131161  697      4013     
 8180.56 2348    47201    1.9106     1.91191    0.00131156  721      4018     
 8198.25 2351    47250    1.9106     1.91191    0.00131156  674      4022     
 8211.91 2353    47300    1.9106     1.91191    0.00131155  724      4025     
 8231.94 2356    47357    1.9106     1.91191    0.00131154  693      4028     
 8247.53 2358    47400    1.9106     1.91191    0.00131154  736      4032     
 8261.88 2361    47457    1.9106     1.91191    0.00131154  768      4035     
 8277.09 2363    47500    1.9106     1.91191    0.00131154  703      4037     
 8288.95 2366    47550    1.9106     1.91191    0.00131153  753      4039     
 8297.25 2369    47607    1.9106     1.91191    0.00131153  784      4040     
 8304.83 2371    47650    1.9106     1.91191    0.00131153  796      4041     
 8313.29 2374    47700    1.9106     1.91191    0.00131153  846      4042     
 8335.31 2377    47757    1.9106     1.91191    0.00131152  718      4045     
 8350.52 2379    47800    1.9106     1.91191    0.00131151  761      4048     
 8364.22 2382    47853    1.9106     1.91191    0.0013115   788      4051     
 8373.53 2384    47900    1.9106     1.91191    0.0013115   835      4053     
 8395.71 2387    47951    1.9106     1.91191    0.00131149  713      4057     
 8409.16 2390    48000    1.9106     1.91191    0.00131149  762      4060     
 8422.72 2392    48050    1.9106     1.91191    0.00131149  786      4063     
 8456.81 2394    48100    1.9106     1.91191    0.00131148  729      4072     
 8465.73 2397    48150    1.9106     1.91191    0.00131148  779      4073     
 8485.95 2400    48207    1.9106     1.91191    0.00131143  811      4077     
 8490.15 2402    48250    1.9106     1.91191    0.00131143  854      4077     
 8512.2  2405    48303    1.9106     1.91191    0.00131137  735      4080     
 8521.93 2407    48350    1.9106     1.91191    0.00131137  782      4082     
 8536.73 2410    48400    1.9106     1.91191    0.00131135  803      4085     
 8569.57 2413    48457    1.9106     1.91191    0.00131132  734      4091     
 8576.85 2415    48500    1.9106     1.91191    0.0013113   777      4092     
 8590.71 2418    48555    1.9106     1.91191    0.00131126  813      4095     
 8605.12 2420    48600    1.9106     1.91191    0.00131126  858      4098     
 8637.39 2423    48655    1.9106     1.91191    0.00131124  740      4104     
 8650.25 2425    48700    1.9106     1.91191    0.00131124  785      4107     
 8666.8  2428    48751    1.9106     1.91191    0.00131122  810      4111     
 8682.11 2431    48800    1.9106     1.91191    0.00131122  859      4115     
 8691.17 2433    48851    1.9106     1.91191    0.00131122  889      4116     
 8718.29 2436    48907    1.9106     1.91191    0.00131121  734      4121     
 8738.53 2438    48950    1.9106     1.91191    0.0013112   777      4126     
 8756.47 2441    49007    1.9106     1.91191    0.00131115  813      4130     
 8777.91 2443    49050    1.9106     1.91191    0.00131115  751      4134     
 8790.15 2446    49103    1.9106     1.91191    0.00131114  804      4136     
 8816.84 2448    49150    1.9106     1.91191    0.00131114  817      4144     
 8840.41 2451    49200    1.9106     1.91191    0.00131092  758      4149     
 8877.37 2454    49255    1.91061    1.9119     0.0012829   813      4159     
 8885.88 2456    49300    1.91061    1.9119     0.00128288  848      4160     
 8891.95 2459    49355    1.91061    1.9119     0.00128285  903      4160     
 8906.42 2461    49400    1.91061    1.9119     0.00128274  746      4161     
 8920.84 2464    49457    1.91061    1.9119     0.00128274  803      4165     
 8925.79 2466    49500    1.91061    1.9119     0.00128272  811      4165     
 8936.73 2469    49555    1.91061    1.9119     0.00128271  866      4167     
 8943.9  2471    49600    1.91061    1.9119     0.00128271  872      4168     
 8954.69 2474    49657    1.91061    1.9119     0.00128271  890      4170     
 8959.41 2476    49700    1.91061    1.9119     0.00128271  933      4170     
 8977.63 2479    49757    1.91061    1.9119     0.00128271  708      4171     
 8985.36 2481    49800    1.91061    1.9119     0.00128271  751      4172     
 8990.75 2484    49857    1.91061    1.9119     0.0012827   772      4172     
 8994.87 2486    49900    1.91061    1.9119     0.0012827   815      4172     
 9009.54 2489    49959    1.91061    1.9119     0.00128269  836      4175     
 9017.42 2491    50000    1.91061    1.9119     0.00128269  842      4176     
 9030.41 2494    50057    1.91061    1.9119     0.00128267  899      4178     
 9037.86 2496    50100    1.91061    1.9119     0.00128266  904      4179     
 9064.24 2499    50150    1.91061    1.9119     0.00128266  688      4183     
 9077.15 2501    50201    1.91061    1.9119     0.00128255  739      4186     
 9086.17 2503    50250    1.91061    1.9119     0.00128254  764      4188     
 9094.45 2506    50300    1.91061    1.9119     0.00128254  785      4189     
 9099.88 2509    50355    1.91061    1.9119     0.00128252  840      4189     
 9107.13 2511    50400    1.91061    1.9119     0.00128251  848      4190     
 9115.08 2514    50457    1.91061    1.9119     0.00128251  905      4191     
 9119.79 2516    50500    1.91061    1.9119     0.00128251  923      4191     
 9149.57 2519    50559    1.91061    1.9119     0.00128249  642      4196     
 9153.74 2521    50600    1.91061    1.9119     0.00128232  683      4196     
 9164.71 2524    50657    1.91061    1.9119     0.00128231  715      4198     
 9168.42 2526    50700    1.91061    1.9119     0.00128231  736      4198     
 9175.9  2529    50750    1.91061    1.9119     0.00128231  786      4199     
 9183.05 2532    50800    1.91061    1.9119     0.0012823   804      4200     
 9191.18 2534    50851    1.91061    1.9119     0.0012823   825      4201     
 9200.59 2537    50909    1.91061    1.9119     0.00128229  883      4202     
 9218.03 2539    50951    1.91061    1.9119     0.00128229  618      4204     
 9229.24 2541    51000    1.91061    1.9119     0.00128229  667      4207     
 9239.22 2544    51051    1.91061    1.9119     0.00128229  694      4209     
 9252.16 2546    51100    1.91061    1.9119     0.00128228  712      4212     
 9259.08 2549    51151    1.91061    1.9119     0.00128228  740      4213     
 9263.58 2552    51207    1.91061    1.9119     0.00128224  796      4213     
 9271.91 2554    51250    1.91061    1.9119     0.00128224  817      4214     
 9286.08 2557    51305    1.91061    1.9119     0.00128223  608      4215     
 9288.98 2559    51350    1.91061    1.9119     0.00128223  653      4215     
 9298.15 2562    51405    1.91061    1.9119     0.00128223  681      4217     
 9304.42 2564    51450    1.91061    1.9119     0.00128223  701      4218     
 9317.84 2567    51509    1.91061    1.9119     0.0012822   732      4221     
 9324.39 2569    51550    1.91061    1.9119     0.00128219  773      4222     
 9338.62 2572    51607    1.91061    1.9119     0.00128219  598      4223     
 9343.85 2574    51650    1.91061    1.9119     0.00128217  641      4224     
 9351.73 2577    51707    1.91061    1.9119     0.00128217  676      4225     
 9354.83 2579    51750    1.91061    1.9119     0.00128217  698      4225     
 9363.6  2582    51800    1.91061    1.9119     0.00128189  748      4227     
 9381.66 2585    51859    1.91061    1.9119     0.00128188  786      4231     
 9390.09 2587    51900    1.91061    1.9119     0.00128178  597      4231     
 9400.59 2590    51957    1.91061    1.9119     0.00128178  654      4233     
 9406.37 2592    52000    1.91061    1.9119     0.00128178  680      4234     
 9416.07 2595    52057    1.91061    1.9119     0.00128177  712      4236     
 9419.2  2597    52100    1.91061    1.9119     0.00128177  731      4236     
 9427.8  2600    52151    1.91061    1.9119     0.00128177  782      4237     
 9445.25 2602    52200    1.91061    1.9119     0.00128177  590      4240     
 9449    2605    52250    1.91061    1.9119     0.00128177  640      4240     
 9455.75 2607    52300    1.91061    1.9119     0.00128176  668      4241     
 9460.49 2610    52350    1.91061    1.9119     0.00128175  700      4241     
 9474.85 2612    52400    1.91061    1.9119     0.00128175  727      4245     
 9487.41 2615    52451    1.91061    1.9119     0.00128175  582      4246     
 9500.54 2618    52509    1.91061    1.9119     0.00128174  640      4249     
 9506.43 2620    52550    1.91061    1.9119     0.00128172  662      4250     
 9521.02 2623    52609    1.91061    1.9119     0.00128128  702      4253     
 9531.06 2625    52650    1.91061    1.9119     0.00128128  586      4254     
 9540.52 2628    52707    1.91061    1.9119     0.00128127  643      4256     
 9554.48 2630    52750    1.91061    1.9119     0.00128127  666      4259     
 9565.79 2633    52805    1.91061    1.9119     0.00128127  611      4260     
 9574.06 2635    52850    1.91061    1.9119     0.00128127  656      4262     
 9580.86 2638    52901    1.91061    1.9119     0.00128127  685      4263     
 9588.1  2641    52959    1.91061    1.9119     0.00128127  711      4264     
 9591.29 2643    53000    1.91061    1.9119     0.00128126  752      4264     
 9608.05 2646    53057    1.91061    1.9119     0.00128125  603      4266     
 9624.4  2648    53100    1.91061    1.9119     0.00128125  646      4270     
 9631.35 2651    53157    1.91061    1.9119     0.00128124  683      4271     
 9649.93 2653    53200    1.91061    1.9119     0.00128124  606      4274     
 9663.9  2656    53255    1.91061    1.9119     0.00128123  661      4277     
 9673.06 2658    53300    1.91061    1.9119     0.00128123  606      4278     
 9684.22 2661    53355    1.91061    1.9119     0.00128123  661      4280     
 9687.18 2663    53400    1.91061    1.9119     0.00128118  686      4280     
 9701.19 2666    53453    1.91061    1.9119     0.00128118  603      4282     
 9714.83 2668    53500    1.91061    1.9119     0.00128118  650      4285     
 9721.71 2671    53550    1.91061    1.9119     0.00128118  680      4286     
 9728.73 2674    53605    1.91061    1.9119     0.00128117  704      4287     
 9743.24 2676    53650    1.91061    1.9119     0.00128117  603      4289     
 9763.32 2679    53701    1.91061    1.9119     0.00128117  654      4293     
 9774.9  2682    53750    1.91061    1.9119     0.00128116  606      4295     
 9780.08 2684    53801    1.91061    1.9119     0.00128073  657      4296     
 9786.62 2687    53859    1.91061    1.9119     0.00128073  687      4297     
 9790.42 2689    53900    1.91061    1.9119     0.00128073  708      4297     
 9806.26 2691    53950    1.91061    1.9119     0.00128072  630      4300     
 9812.05 2694    54000    1.91061    1.9119     0.00128071  680      4301     
 9819.36 2697    54059    1.91061    1.9119     0.00128071  713      4302     
 9827.05 2699    54100    1.91061    1.9119     0.0012807   730      4303     
 9842.78 2702    54153    1.91061    1.9119     0.0012807   626      4305     
 9852.67 2704    54200    1.91061    1.9119     0.00128068  673      4307     
 9874.1  2707    54253    1.91061    1.9119     0.00128067  704      4312     
 9897.63 2709    54300    1.91061    1.9119     0.00128064  631      4316     
 9905.91 2712    54351    1.91061    1.9119     0.00128061  682      4317     
 9916.81 2714    54400    1.91061    1.9119     0.00128061  717      4319     
 9925.39 2717    54450    1.91061    1.9119     0.00128061  637      4319     
 9945.68 2720    54507    1.91061    1.9119     0.0012806   694      4323     
 9963.74 2722    54550    1.91061    1.9119     0.00128059  632      4326     
 9980.32 2725    54605    1.91061    1.91189    0.00128046  687      4330     
 9986.82 2727    54650    1.91061    1.91189    0.00128046  714      4331     
 9997.89 2730    54700    1.91061    1.91189    0.00128046  628      4332     
 10019.1 2733    54757    1.91061    1.91189    0.00128045  685      4337     
-------------------------------------------------------------------------------

SARSOP finishing ...
  Preset timeout reached
  Timeout     : 10000.000000s
  Actual Time : 10019.150000s

-------------------------------------------------------------------------------
 Time   |#Trial |#Backup |LBound    |UBound    |Precision  |#Alphas |#Beliefs  
-------------------------------------------------------------------------------
 10019.2 2733    54757    1.91061    1.91189    0.00128045  670      4337     
-------------------------------------------------------------------------------

Writing out policy ...
  output file : ram_pomdp_soln/3e463c4b5fe.policyx

