
Loading the model ...
  input file   : /home/rstudio/projects/pomdp-ram/notebook/ram_pomdp_soln/3e4e25b86c.pomdpx
  loading time : 7.90s 

SARSOP initializing ...
  initialization time : 272.95s

-------------------------------------------------------------------------------
 Time   |#Trial |#Backup |LBound    |UBound    |Precision  |#Alphas |#Beliefs  
-------------------------------------------------------------------------------
 272.95  0       0        1.45103    1.57145    0.120415    120      1        
 273.44  2       50       1.4841     1.50521    0.0211098   126      30       
 274.18  5       107      1.49775    1.5052     0.00744711  182      55       
 274.89  7       153      1.50074    1.50515    0.0044073   208      78       
 276.51  10      209      1.50179    1.50482    0.00302868  253      106      
 278.59  13      255      1.50246    1.50478    0.00231809  209      129      
 281.1   15      300      1.50293    1.50477    0.0018412   199      152      
 283.85  18      355      1.5034     1.50469    0.00128801  200      178      
 287.89  19      400      1.50351    1.50469    0.00118216  194      207      
 290.84  21      451      1.50363    1.50467    0.00104026  201      226      
 296.55  23      500      1.50368    1.50465    0.000969699 215      255      
 302.28  25      561      1.50371    1.50465    0.000933455 192      281      
 307.73  26      600      1.50373    1.50464    0.000906096 171      303      
 315.73  27      650      1.50376    1.50464    0.000874628 146      334      
 321.1   30      707      1.50378    1.50462    0.000842115 94       354      
 327.7   31      750      1.50379    1.50462    0.000823383 99       376      
 337.68  33      800      1.50381    1.50461    0.00080587  92       406      
 344.23  34      855      1.50382    1.50461    0.000786536 105      424      
 353.31  36      900      1.50383    1.5046     0.000774708 98       449      
 364.26  38      965      1.50383    1.5046     0.00076664  84       476      
 372.3   40      1009     1.50384    1.50458    0.000745726 91       497      
 382.17  41      1050     1.50384    1.50458    0.000744722 98       519      
 395.97  42      1100     1.50384    1.50458    0.000742091 84       550      
 403.71  44      1161     1.50384    1.50458    0.000734578 82       566      
 412.96  45      1201     1.50385    1.50458    0.000731846 79       585      
 424.73  46      1250     1.50385    1.50458    0.000730177 80       613      
 437.26  48      1300     1.5039     1.50458    0.000678358 67       642      
 442.02  49      1361     1.5039     1.50457    0.000674243 65       652      
 452.01  50      1403     1.5039     1.50457    0.00067206  75       672      
 462.23  51      1450     1.5039     1.50457    0.000669554 79       693      
 473.83  52      1500     1.50391    1.50457    0.000661233 83       716      
 486.8   54      1567     1.50391    1.50457    0.000653896 89       740      
 497.96  55      1609     1.50391    1.50457    0.000653449 91       760      
 509.85  56      1651     1.50392    1.50457    0.000649328 80       781      
 526.01  57      1700     1.50392    1.50456    0.000645406 75       809      
 544.19  58      1750     1.50392    1.50456    0.000641845 79       838      
 558.94  60      1813     1.50392    1.50456    0.000636927 76       861      
 571.42  61      1853     1.50393    1.50456    0.000625411 68       880      
 588.33  62      1900     1.50393    1.50456    0.000624303 87       904      
 608.21  63      1950     1.50393    1.50456    0.000622031 90       933      
 628.07  65      2019     1.50394    1.50455    0.000614531 86       959      
 636.85  66      2059     1.50394    1.50455    0.000613481 87       970      
 654     67      2101     1.50394    1.50455    0.000609978 91       991      
 677.51  68      2150     1.50395    1.50455    0.00060691  96       1019     
 699.3   69      2200     1.50395    1.50455    0.000606329 95       1045     
 718.69  71      2263     1.50395    1.50455    0.000605044 103      1067     
 736.84  72      2305     1.50395    1.50455    0.00060329  96       1088     
 755.18  73      2350     1.50395    1.50455    0.000596025 85       1108     
 774.6   74      2400     1.50395    1.50455    0.000595655 85       1129     
 799.76  75      2450     1.50395    1.50455    0.00059507  88       1155     
 813.3   77      2513     1.50395    1.50455    0.000593423 91       1169     
 832.23  78      2555     1.50395    1.50455    0.000592749 86       1188     
 855.75  79      2600     1.50395    1.50455    0.000592271 104      1212     
 883.14  80      2650     1.50395    1.50455    0.000591203 113      1239     
 907.43  82      2719     1.50396    1.50455    0.000590657 97       1264     
 919.5   83      2761     1.50396    1.50455    0.000590395 97       1275     
 939.32  84      2803     1.50396    1.50455    0.00058994  102      1294     
 959     85      2850     1.50396    1.50454    0.000588388 108      1313     
 988.09  86      2900     1.50396    1.50454    0.000588277 115      1339     
 1009.13 88      2971     1.50396    1.50454    0.000586185 109      1358     
 1031.28 89      3013     1.50396    1.50454    0.000586065 112      1377     
 1052.37 90      3055     1.50396    1.50454    0.000585996 117      1396     
 1078.04 91      3100     1.50396    1.50454    0.000585778 114      1419     
 1106.15 92      3150     1.50396    1.50454    0.000584491 122      1444     
 1135.53 94      3219     1.50396    1.50454    0.000583014 113      1469     
 1158.03 95      3259     1.50396    1.50454    0.000582784 118      1487     
 1182.73 96      3301     1.50396    1.50454    0.000582223 112      1507     
 1196.46 97      3350     1.50396    1.50454    0.000581468 118      1517     
 1222.41 98      3400     1.50396    1.50454    0.000581357 119      1538     
 1241.34 100     3465     1.50396    1.50454    0.000580681 104      1553     
 1264.18 101     3505     1.50396    1.50454    0.000580593 102      1571     
 1289.89 102     3550     1.50396    1.50454    0.000580426 108      1590     
 1322.9  103     3600     1.50396    1.50454    0.000579983 111      1615     
 1351.16 105     3669     1.50396    1.50454    0.00057755  105      1636     
 1379.94 106     3711     1.50396    1.50454    0.000577027 108      1656     
 1407.31 107     3751     1.50396    1.50454    0.000576895 113      1675     
 1438.48 108     3800     1.50396    1.50454    0.000576424 119      1697     
 1470.26 109     3850     1.50396    1.50454    0.000576255 108      1721     
 1499.23 111     3911     1.50396    1.50454    0.000575667 114      1741     
 1524.78 112     3951     1.50396    1.50454    0.000575424 113      1759     
 1566.2  113     4000     1.50396    1.50454    0.000575227 114      1787     
 1598.67 114     4050     1.50396    1.50454    0.000574056 124      1808     
 1628.99 116     4111     1.50396    1.50454    0.000573056 116      1826     
 1652.37 117     4153     1.50396    1.50454    0.000572919 117      1840     
 1683.32 118     4200     1.50396    1.50454    0.000571923 122      1860     
 1719.83 119     4250     1.50396    1.50454    0.000571724 125      1883     
 1756.92 121     4317     1.50396    1.50453    0.000570186 117      1907     
 1777.66 122     4357     1.50396    1.50453    0.00056975  112      1920     
 1810.43 123     4400     1.50396    1.50453    0.000569693 113      1940     
 1838.8  124     4450     1.50396    1.50453    0.00056948  122      1957     
 1885.85 126     4519     1.50397    1.50453    0.000566732 118      1985     
 1910.26 127     4559     1.50397    1.50453    0.000566611 123      1999     
 1942.48 128     4600     1.50397    1.50453    0.00056652  121      2017     
 1981.73 129     4650     1.50397    1.50453    0.000566446 132      2038     
 2033.21 130     4700     1.50397    1.50453    0.000566425 137      2065     
 2053.96 132     4761     1.50397    1.50453    0.000566141 143      2076     
 2078.74 133     4801     1.50397    1.50453    0.000566141 142      2089     
 2104.88 134     4850     1.50397    1.50453    0.00056614  140      2103     
 2152.52 135     4900     1.50397    1.50453    0.000566119 147      2128     
 2178.32 137     4963     1.50397    1.50453    0.00056572  126      2142     
 2202.72 138     5003     1.50397    1.50453    0.000565282 132      2154     
 2225.82 139     5050     1.50397    1.50453    0.000565241 145      2165     
 2279.06 141     5100     1.50397    1.50453    0.000565202 134      2191     
 2310.96 142     5159     1.50397    1.50453    0.000565044 133      2205     
 2350.77 143     5200     1.50397    1.50453    0.000564784 139      2223     
 2385.18 144     5250     1.50397    1.50453    0.000564741 141      2238     
 2435.93 146     5315     1.50397    1.50453    0.000564735 160      2260     
 2462.6  147     5353     1.50397    1.50453    0.00056473  145      2272     
 2491.3  148     5400     1.50397    1.50453    0.000564728 156      2284     
 2531.17 150     5450     1.50397    1.50453    0.000564728 163      2303     
 2557.04 151     5511     1.50397    1.50453    0.000564726 160      2314     
 2575.37 152     5551     1.50397    1.50453    0.000564717 161      2322     
 2594.02 153     5600     1.50397    1.50453    0.000564717 164      2330     
 2630.33 155     5650     1.50397    1.50453    0.000564698 158      2348     
 2651.2  156     5709     1.50397    1.50453    0.000564665 148      2357     
 2674.65 157     5750     1.50397    1.50453    0.000564414 144      2367     
 2708.84 158     5800     1.50397    1.50453    0.000564391 159      2382     
 2735.84 160     5865     1.50397    1.50453    0.000564237 145      2394     
 2758.38 161     5905     1.50397    1.50453    0.000563967 139      2404     
 2781.75 162     5950     1.50397    1.50453    0.00056384  143      2413     
 2835.52 163     6000     1.50397    1.50453    0.000563564 145      2437     
 2862.31 165     6063     1.50397    1.50453    0.000562812 139      2448     
 2884.05 166     6101     1.50397    1.50453    0.000562807 135      2457     
 2907.33 167     6150     1.50397    1.50453    0.000562765 143      2466     
 2954.94 169     6219     1.50397    1.50453    0.000562758 141      2486     
 2975.1  170     6257     1.50397    1.50453    0.000562758 148      2494     
 2999.56 171     6300     1.50397    1.50453    0.000562746 150      2504     
 3027.08 172     6350     1.50397    1.50453    0.000562708 151      2515     
 3081.5  174     6417     1.50397    1.50453    0.000561683 141      2538     
 3125.53 175     6455     1.50397    1.50453    0.000561102 149      2555     
 3137.06 176     6500     1.50397    1.50453    0.000561089 153      2560     
 3166.5  178     6567     1.50397    1.50453    0.000561088 137      2571     
 3182.32 179     6607     1.50397    1.50453    0.000561084 136      2577     
 3199.06 180     6650     1.50397    1.50453    0.000561083 146      2583     
 3248    181     6700     1.50397    1.50453    0.00056108  150      2603     
 3277.54 183     6755     1.50397    1.50453    0.000560849 151      2612     
 3286.95 184     6800     1.50397    1.50453    0.000560846 156      2615     
 3341.6  186     6867     1.50397    1.50453    0.000560501 149      2636     
 3388.18 187     6907     1.50397    1.50453    0.000560196 143      2654     
 3431.1  188     6950     1.50397    1.50453    0.000559946 151      2670     
 3490.55 190     7017     1.50397    1.50453    0.000559301 153      2692     
 3538.82 191     7057     1.50397    1.50453    0.000558234 144      2711     
 3565.84 192     7100     1.50397    1.50453    0.000558179 163      2721     
 3611.85 193     7150     1.50397    1.50453    0.000557872 164      2738     
 3652.75 195     7209     1.50397    1.50453    0.000557726 159      2754     
 3684.74 196     7250     1.50397    1.50453    0.000557714 169      2765     
 3722.94 197     7300     1.50397    1.50453    0.000557712 178      2778     
 3749.57 199     7361     1.50397    1.50453    0.000557687 174      2789     
 3773.97 200     7400     1.50397    1.50453    0.000557687 171      2797     
 3795.89 201     7450     1.50397    1.50453    0.000557687 187      2804     
 3838.67 203     7517     1.50397    1.50453    0.000557676 167      2818     
 3855.18 204     7555     1.50397    1.50453    0.000557676 179      2823     
 3872.18 205     7600     1.50397    1.50453    0.000557675 184      2828     
 3904.32 207     7663     1.50397    1.50453    0.000557672 166      2840     
 3918.2  208     7701     1.50397    1.50453    0.000557672 165      2845     
 3934.58 209     7750     1.50397    1.50453    0.000557656 173      2851     
 3962.98 211     7811     1.50397    1.50453    0.000557493 159      2862     
 4023.88 212     7850     1.50397    1.50453    0.000557278 158      2882     
 4108.56 213     7900     1.50397    1.50453    0.000557059 174      2909     
 4171.07 215     7959     1.50397    1.50452    0.000553346 179      2929     
 4192.68 216     8000     1.50397    1.50452    0.000553268 175      2936     
 4220.73 218     8067     1.50397    1.50452    0.000552976 169      2945     
 4237.9  219     8105     1.50397    1.50452    0.000552976 164      2950     
 4250.33 220     8150     1.50397    1.50452    0.000552975 173      2954     
 4332.97 222     8219     1.50397    1.50452    0.000550453 152      2979     
 4353.6  223     8255     1.50397    1.50452    0.000550447 154      2986     
 4398.99 224     8300     1.50397    1.50452    0.000550024 164      3000     
 4482.39 226     8367     1.50397    1.50452    0.000545337 171      3029     
 4533.2  227     8407     1.50397    1.50452    0.000544957 181      3047     
 4579.74 228     8450     1.50397    1.50452    0.000544712 170      3063     
 4657.96 230     8500     1.50397    1.50452    0.000544556 181      3087     
 4706.19 231     8555     1.50397    1.50452    0.000543082 191      3102     
 4743.61 232     8600     1.50397    1.50452    0.000542877 200      3113     
 4826.48 234     8667     1.50397    1.50451    0.000540477 183      3137     
 4880.15 235     8705     1.50397    1.50451    0.000540286 198      3153     
 4922.6  236     8750     1.50397    1.50451    0.000539995 206      3164     
 4999.86 238     8815     1.50397    1.50451    0.000539893 209      3185     
 5062.94 239     8853     1.50397    1.50451    0.000538987 205      3203     
 5132.51 240     8900     1.50397    1.50451    0.000538805 206      3221     
 5190.23 241     8950     1.50397    1.50451    0.000538572 202      3237     
 5245.07 243     9007     1.50397    1.50451    0.000538218 187      3252     
 5311.12 244     9050     1.50397    1.50451    0.000538038 191      3269     
 5381.79 245     9100     1.50397    1.50451    0.000538011 193      3290     
 5450.58 247     9159     1.50397    1.50451    0.00053793  189      3308     
 5502.17 248     9200     1.50397    1.50451    0.000537924 193      3323     
 5577.43 250     9267     1.50397    1.50451    0.000537891 201      3344     
 5609.61 251     9303     1.50397    1.50451    0.000537891 198      3353     
 5643.71 252     9350     1.50397    1.50451    0.000537891 201      3361     
 5708.96 254     9417     1.50397    1.50451    0.000537866 203      3378     
 5771.19 255     9457     1.50397    1.50451    0.000537848 210      3395     
 5837.83 256     9500     1.50397    1.50451    0.000536753 205      3415     
 5934.96 258     9550     1.50397    1.50451    0.000536543 211      3442     
 5965.82 259     9607     1.50397    1.50451    0.00053652  209      3449     
 6015    260     9650     1.50397    1.50451    0.00053652  218      3462     
 6084.29 262     9715     1.50397    1.50451    0.000536519 228      3481     
 6135.63 263     9751     1.50397    1.50451    0.000536519 218      3495     
 6203.91 264     9800     1.50397    1.50451    0.000536519 233      3513     
 6260.75 266     9859     1.50397    1.50451    0.000536513 228      3528     
 6286.88 267     9900     1.50397    1.50451    0.000536512 225      3535     
 6360.51 268     9950     1.50397    1.50451    0.000536512 214      3553     
 6395.96 270     10009    1.50397    1.50451    0.000536286 213      3561     
 6445.25 271     10050    1.50397    1.50451    0.000536222 208      3572     
 6508.37 272     10100    1.50397    1.50451    0.000535949 221      3587     
 6557.71 274     10163    1.50397    1.50451    0.000534894 206      3601     
 6630.08 275     10200    1.50397    1.50451    0.000530733 206      3618     
 6719.55 276     10250    1.50397    1.50451    0.000530588 224      3638     
 6778.48 278     10313    1.50397    1.50451    0.000530586 225      3649     
 6832.29 279     10351    1.50397    1.50451    0.000530586 228      3660     
 6881.43 280     10400    1.50397    1.50451    0.000530586 228      3670     
 6948.23 282     10465    1.50397    1.50451    0.000530586 225      3685     
 6984.42 283     10501    1.50397    1.50451    0.000530586 221      3693     
 7025.76 284     10550    1.50397    1.50451    0.000530586 223      3703     
 7088.6  286     10615    1.50397    1.50451    0.000530582 219      3718     
 7118.87 287     10653    1.50397    1.5045     0.000530572 212      3725     
 7197.77 288     10700    1.50397    1.5045     0.000529981 223      3743     
 7264.68 290     10767    1.50397    1.5045     0.000529969 216      3759     
 7305.1  291     10805    1.50397    1.5045     0.000529969 220      3767     
 7361.72 292     10850    1.50397    1.5045     0.000529957 222      3779     
 7446.6  294     10915    1.50397    1.5045     0.00052956  233      3797     
 7473.87 295     10953    1.50397    1.5045     0.000529559 218      3804     
 7503.22 296     11000    1.50397    1.5045     0.000529559 220      3809     
 7545.4  298     11063    1.50397    1.5045     0.000529558 214      3818     
 7567.24 299     11100    1.50397    1.5045     0.000529556 213      3823     
 7610.47 300     11150    1.50397    1.5045     0.000529556 209      3833     
 7659.24 302     11209    1.50397    1.5045     0.000529535 212      3843     
 7682.8  303     11250    1.50397    1.5045     0.000529535 209      3847     
 7730.48 304     11300    1.50397    1.5045     0.000529535 221      3857     
 7775.24 306     11357    1.50397    1.5045     0.00052953  225      3866     
 7835.8  307     11400    1.50397    1.5045     0.000529471 212      3878     
 7929.96 308     11450    1.50398    1.5045     0.000524863 219      3898     
 8026.32 310     11509    1.50398    1.5045     0.000524292 213      3917     
 8096.23 311     11551    1.50398    1.5045     0.000523826 221      3932     
 8176.4  312     11600    1.50398    1.5045     0.000523146 227      3948     
 8296    314     11665    1.50398    1.5045     0.000521132 228      3973     
 8331.2  315     11705    1.50398    1.5045     0.000521033 230      3980     
 8451.36 316     11750    1.50398    1.5045     0.000520972 238      4004     
 8516.9  318     11817    1.50398    1.5045     0.00051812  240      4018     
 8560.47 319     11853    1.50398    1.5045     0.000517997 244      4027     
 8591.55 320     11900    1.50398    1.5045     0.000517981 247      4033     
 8647.78 322     11963    1.50398    1.5045     0.00051795  249      4044     
 8678.71 323     12000    1.50398    1.5045     0.000517731 249      4049     
 8720.71 324     12050    1.50398    1.5045     0.00051773  256      4056     
 8761.15 326     12111    1.50398    1.5045     0.000517728 253      4063     
 8849.14 327     12150    1.50398    1.5045     0.000517464 260      4081     
 8926.4  328     12200    1.50398    1.50449    0.000516939 259      4097     
 8977.81 330     12257    1.50398    1.50449    0.000516642 256      4108     
 9050.62 331     12300    1.50398    1.50449    0.000516632 252      4124     
 9201.25 332     12350    1.50398    1.50449    0.000516316 260      4153     
 9250.83 334     12407    1.50398    1.50449    0.000513374 258      4163     
 9305.25 335     12450    1.50398    1.50449    0.000513259 278      4173     
 9402.54 336     12500    1.50398    1.50449    0.000513218 276      4191     
 9460.91 338     12559    1.50398    1.50449    0.000513114 272      4201     
 9501.31 339     12600    1.50398    1.50449    0.000513099 278      4208     
 9620.86 341     12667    1.50398    1.50449    0.000513062 266      4229     
 9662    342     12705    1.50398    1.50449    0.000513058 266      4237     
 9715.04 343     12750    1.50398    1.50449    0.000513058 278      4246     
 9789.21 345     12815    1.50398    1.50449    0.000512996 260      4260     
 9844.47 346     12853    1.50398    1.50449    0.000512979 258      4270     
 9920.77 347     12900    1.50398    1.50449    0.000512941 269      4286     
 10004.2 349     12963    1.50398    1.50449    0.000512778 262      4304     
-------------------------------------------------------------------------------

SARSOP finishing ...
  Preset timeout reached
  Timeout     : 10000.000000s
  Actual Time : 10004.230000s

-------------------------------------------------------------------------------
 Time   |#Trial |#Backup |LBound    |UBound    |Precision  |#Alphas |#Beliefs  
-------------------------------------------------------------------------------
 10004.2 349     12963    1.50398    1.50449    0.000512778 262      4304     
-------------------------------------------------------------------------------

Writing out policy ...
  output file : ram_pomdp_soln/3e4e25b86c.policyx

