
Loading the model ...
  input file   : /home/rstudio/projects/pomdp-ram/notebook/ram_pomdp_soln/3e51f1939.pomdpx
  loading time : 8.22s 

SARSOP initializing ...
  initialization time : 304.03s

-------------------------------------------------------------------------------
 Time   |#Trial |#Backup |LBound    |UBound    |Precision  |#Alphas |#Beliefs  
-------------------------------------------------------------------------------
 304.03  0       0        1.37154    1.62957    0.258034    120      1        
 304.4   1       50       1.40135    1.4432     0.0418465   97       31       
 304.79  3       100      1.41229    1.44318    0.0308937   118      54       
 305.33  5       150      1.42555    1.44308    0.0175326   115      80       
 305.88  7       200      1.43244    1.44307    0.0106287   127      99       
 306.65  9       250      1.43533    1.44302    0.00769347  162      117      
 307.46  12      303      1.4375     1.44293    0.00542327  174      137      
 308.7   14      351      1.4384     1.44291    0.00451191  199      161      
 310.44  16      400      1.43912    1.44291    0.00378375  146      183      
 311.83  18      450      1.43974    1.4429     0.00316753  163      200      
 313.31  20      500      1.43993    1.44286    0.0029324   176      222      
 314.91  22      550      1.44017    1.44286    0.00269072  178      238      
 317.23  24      600      1.44042    1.44285    0.00243375  159      259      
 318.69  26      650      1.44063    1.44285    0.00222129  124      271      
 321.23  28      701      1.44073    1.44284    0.00211157  106      293      
 323.58  30      753      1.44082    1.44283    0.00201684  88       313      
 325.4   32      807      1.44091    1.44281    0.00190896  77       334      
 328.06  33      850      1.44094    1.44281    0.00187143  67       354      
 329.95  35      900      1.44101    1.4428     0.00179178  40       367      
 332.65  37      950      1.44106    1.4428     0.00173493  39       386      
 335.5   39      1007     1.44111    1.4428     0.00168987  37       404      
 338.55  41      1063     1.44113    1.44279    0.00166145  38       423      
 341.69  42      1100     1.44115    1.44279    0.00163413  42       441      
 345.48  44      1151     1.44118    1.44278    0.00160258  41       461      
 349.07  46      1209     1.44121    1.44278    0.0015609   44       479      
 352.96  47      1250     1.44122    1.44277    0.00155679  45       498      
 355.56  49      1300     1.44123    1.44277    0.00153472  48       510      
 359.86  51      1353     1.44125    1.44277    0.00151893  55       529      
 364.81  53      1411     1.44125    1.44276    0.00151125  63       549      
 368.78  54      1450     1.44125    1.44276    0.00150852  61       564      
 372.88  56      1503     1.44126    1.44276    0.00150482  62       579      
 377.14  58      1559     1.44126    1.44276    0.00149916  53       594      
 381.96  59      1600     1.44126    1.44276    0.00149732  54       610      
 385.78  61      1650     1.44127    1.44276    0.00149403  54       622      
 389.55  63      1700     1.44127    1.44276    0.00148721  59       634      
 393.98  65      1755     1.44128    1.44276    0.00148147  55       648      
 399.36  67      1811     1.44128    1.44276    0.00147427  55       665      
 404.03  68      1850     1.44128    1.44276    0.0014723   57       678      
 406.75  70      1900     1.44129    1.44275    0.00145813  59       686      
 411.84  72      1951     1.4413     1.44275    0.00144386  68       700      
 416.78  74      2009     1.4413     1.44274    0.00144096  60       713      
 426.32  75      2050     1.44131    1.44274    0.0014355   70       739      
 429.07  77      2100     1.44131    1.44274    0.00143139  61       746      
 431.88  79      2150     1.44131    1.44274    0.00142747  61       753      
 439     81      2200     1.44132    1.44274    0.00142197  70       771      
 442.4   83      2255     1.44132    1.44274    0.00141967  67       780      
 446.31  85      2309     1.44132    1.44274    0.00141775  74       790      
 451.27  87      2361     1.44132    1.44273    0.00141326  68       803      
 455.19  88      2400     1.44132    1.44273    0.0014119   68       813      
 457.8   90      2450     1.44132    1.44273    0.00140788  67       819      
 462.29  92      2500     1.44133    1.44273    0.0014056   70       830      
 466.29  94      2550     1.44133    1.44273    0.00140356  62       839      
 471.62  96      2603     1.44133    1.44273    0.00140188  64       851      
 476.47  98      2661     1.44133    1.44273    0.00140016  80       861      
 480.98  99      2700     1.44133    1.44273    0.00139942  82       871      
 484.25  101     2750     1.44133    1.44273    0.00139764  75       878      
 490.43  103     2800     1.44133    1.44273    0.00139671  80       890      
 493.92  105     2850     1.44133    1.44273    0.00139521  86       898      
 498.9   107     2903     1.44133    1.44273    0.00139417  83       910      
 502.11  109     2953     1.44133    1.44273    0.00139339  90       916      
 506.97  111     3005     1.44133    1.44273    0.00139248  85       926      
 510.57  113     3055     1.44134    1.44273    0.00139108  78       933      
 515.57  115     3107     1.44134    1.44273    0.00138987  75       942      
 519.33  117     3157     1.44134    1.44273    0.00138958  80       949      
 522.48  119     3205     1.44134    1.44273    0.00138928  78       955      
 528.07  121     3257     1.44134    1.44272    0.00138812  83       966      
 531.92  123     3307     1.44134    1.44272    0.00138768  86       973      
 537.16  125     3357     1.44134    1.44272    0.0013872   90       982      
 539.3   127     3409     1.44134    1.44272    0.00138633  95       986      
 542.88  129     3461     1.44134    1.44272    0.00138594  105      993      
 547.07  131     3509     1.44134    1.44272    0.00138564  106      1000     
 550.5   133     3557     1.44134    1.44272    0.00138507  102      1006     
 553.67  135     3605     1.44134    1.44272    0.00138299  97       1012     
 557.69  137     3653     1.44134    1.44272    0.00138172  96       1019     
 561     139     3701     1.44134    1.44272    0.00138147  87       1024     
 565.49  141     3750     1.44134    1.44272    0.00138005  88       1032     
 572.3   143     3801     1.44134    1.44272    0.00137959  102      1044     
 577.16  145     3850     1.44134    1.44272    0.00137872  108      1052     
 583.08  147     3900     1.44134    1.44272    0.00137786  107      1063     
 585.86  149     3950     1.44134    1.44272    0.00137747  104      1068     
 590.52  151     4000     1.44134    1.44272    0.00137634  102      1076     
 594.4   153     4050     1.44134    1.44272    0.00137577  112      1082     
 598.61  155     4100     1.44134    1.44272    0.00137562  110      1089     
 605.11  157     4150     1.44134    1.44272    0.00137462  117      1099     
 612.26  159     4200     1.44134    1.44272    0.00137404  120      1109     
 617.69  162     4250     1.44134    1.44272    0.00137355  124      1116     
 621.08  163     4300     1.44135    1.44271    0.00136734  117      1122     
 625.09  165     4350     1.44135    1.44271    0.00136655  120      1129     
 630.21  168     4409     1.44135    1.44271    0.00136645  116      1138     
 633.03  170     4457     1.44135    1.44271    0.00136549  120      1143     
 636.17  172     4501     1.44135    1.44271    0.00136519  117      1148     
 638.1   174     4550     1.44135    1.44271    0.00136428  124      1151     
 642.61  176     4600     1.44135    1.44271    0.001364    126      1159     
 647.19  178     4650     1.44135    1.44271    0.00136201  135      1166     
 651.85  181     4707     1.44135    1.44271    0.00136187  125      1172     
 656.26  183     4753     1.44135    1.44271    0.00136164  122      1178     
 661.3   185     4800     1.44135    1.44271    0.00136093  114      1186     
 668.3   187     4850     1.44135    1.44271    0.00135841  117      1196     
 673.93  190     4909     1.44135    1.44271    0.00135815  113      1204     
 678.02  192     4957     1.44135    1.44271    0.00135801  111      1210     
 682.37  194     5001     1.44135    1.44271    0.00135761  115      1216     
 698.04  196     5050     1.44136    1.44269    0.00133306  115      1240     
 705.92  198     5100     1.44137    1.44268    0.00131677  123      1250     
 710.82  201     5161     1.44137    1.44268    0.00131498  123      1256     
 713.31  203     5205     1.44137    1.44268    0.00131449  118      1259     
 717.22  205     5251     1.44137    1.44268    0.00131437  127      1264     
 719.14  207     5300     1.44137    1.44268    0.00131434  122      1266     
 723.98  210     5350     1.44137    1.44268    0.00131403  118      1272     
 730.09  212     5411     1.44137    1.44268    0.00131371  116      1279     
 734.8   214     5459     1.44137    1.44268    0.00131346  127      1285     
 738.16  216     5505     1.44137    1.44268    0.00131312  125      1290     
 741.64  218     5551     1.44137    1.44268    0.00131297  125      1295     
 744.05  220     5600     1.44137    1.44268    0.00131254  127      1298     
 748.42  222     5650     1.44137    1.44268    0.0013123   115      1304     
 752.67  225     5707     1.44137    1.44268    0.00131181  117      1309     
 756.43  227     5751     1.44137    1.44268    0.00131149  118      1313     
 759.32  229     5800     1.44137    1.44268    0.00131145  127      1316     
 765.02  231     5850     1.44137    1.44268    0.00131097  128      1322     
 772.74  234     5900     1.44137    1.44268    0.00131059  132      1331     
 776.29  236     5957     1.44137    1.44268    0.00131017  139      1335     
 780     238     6001     1.44137    1.44268    0.00131017  140      1339     
 784.9   240     6051     1.44137    1.44268    0.00130982  141      1345     
 789.43  242     6100     1.44137    1.44268    0.00130978  141      1350     
 796.21  244     6150     1.44137    1.44268    0.00130964  135      1358     
 802.74  246     6200     1.44137    1.44268    0.00130907  135      1366     
 809.54  248     6250     1.44137    1.44268    0.00130717  136      1374     
 815.13  251     6300     1.44137    1.44268    0.00130627  138      1380     
 820.56  253     6357     1.44137    1.44268    0.00130618  140      1386     
 828.75  255     6405     1.44137    1.44268    0.00130568  138      1395     
 834.89  257     6451     1.44137    1.44268    0.00130565  139      1402     
 841.89  259     6503     1.44137    1.44267    0.00130537  139      1410     
 845.11  261     6550     1.44137    1.44267    0.00130536  147      1413     
 849.95  263     6600     1.44137    1.44267    0.00130528  150      1418     
 856.67  265     6650     1.44137    1.44267    0.00130466  156      1425     
 860.37  268     6707     1.44137    1.44267    0.00130382  152      1429     
 863.47  270     6751     1.44137    1.44267    0.00130338  153      1432     
 869.89  272     6800     1.44137    1.44267    0.00130302  148      1439     
 875.68  274     6850     1.44137    1.44267    0.00130286  146      1445     
 885.02  277     6909     1.44137    1.44267    0.00129961  144      1456     
 894.74  279     6951     1.44138    1.44266    0.00127815  138      1470     
 901     281     7000     1.44138    1.44265    0.00127719  137      1477     
 908.22  283     7050     1.44138    1.44265    0.00127695  147      1488     
 921.71  285     7100     1.44138    1.44265    0.00127635  153      1507     
 927.25  288     7159     1.44138    1.44264    0.00125955  161      1514     
 932.18  290     7203     1.44138    1.44264    0.00125951  163      1520     
 937.81  292     7250     1.44138    1.44264    0.00125939  164      1527     
 945.3   294     7300     1.44138    1.44264    0.00125922  165      1538     
 952.81  296     7350     1.44138    1.44264    0.00125894  169      1549     
 960.28  299     7409     1.44138    1.44264    0.00125883  171      1558     
 966.88  301     7457     1.44138    1.44264    0.00125832  170      1566     
 971.4   303     7501     1.44138    1.44264    0.00125794  167      1571     
 975.38  305     7550     1.44138    1.44264    0.00125748  169      1575     
 981.94  307     7600     1.44138    1.44264    0.00125743  163      1583     
 989.79  309     7650     1.44138    1.44264    0.0012573   160      1592     
 994.75  312     7709     1.44138    1.44264    0.00125721  162      1597     
 1000.49 314     7757     1.44138    1.44264    0.00125697  170      1603     
 1006.22 316     7803     1.44138    1.44264    0.00125665  175      1610     
 1015.21 318     7850     1.44138    1.44264    0.00125488  171      1623     
 1019.88 320     7900     1.44138    1.44263    0.00125293  168      1627     
 1027.42 323     7959     1.44138    1.44263    0.00125262  168      1634     
 1031.31 325     8003     1.44138    1.44263    0.00125259  167      1637     
 1035.23 327     8050     1.44138    1.44263    0.00125255  171      1640     
 1040.08 329     8100     1.44138    1.44263    0.00125203  157      1644     
 1044.39 332     8150     1.44138    1.44263    0.0012519   157      1648     
 1049.72 334     8207     1.44138    1.44263    0.00125157  160      1653     
 1054.26 336     8255     1.44138    1.44263    0.00125157  159      1658     
 1058.45 338     8300     1.44138    1.44263    0.00125138  166      1662     
 1064.51 340     8350     1.44138    1.44263    0.00125136  159      1668     
 1067.39 342     8400     1.44138    1.44263    0.00125103  156      1671     
 1074.04 345     8459     1.44138    1.44263    0.0012505   162      1678     
 1080.4  347     8503     1.44138    1.44263    0.00125041  163      1684     
 1085.4  349     8550     1.44138    1.44263    0.0012504   164      1689     
 1089.89 351     8600     1.44138    1.44263    0.00125028  163      1693     
 1094.99 354     8659     1.44138    1.44263    0.00124994  165      1698     
 1097.99 356     8701     1.44138    1.44263    0.00124982  160      1700     
 1102.93 358     8750     1.44138    1.44263    0.00124963  165      1705     
 1111.07 360     8800     1.44138    1.44263    0.00124951  163      1714     
 1115.13 363     8855     1.44138    1.44263    0.0012492   160      1718     
 1128.71 365     8900     1.44139    1.44263    0.00124028  165      1732     
 1139.78 367     8950     1.44139    1.44262    0.0012293   164      1742     
 1147.89 370     9009     1.44139    1.44262    0.00122912  166      1749     
 1154.94 372     9055     1.44139    1.44262    0.00122896  162      1755     
 1159.75 374     9100     1.44139    1.44262    0.00122895  169      1758     
 1165.5  376     9150     1.44139    1.44261    0.00122864  163      1763     
 1170.82 379     9209     1.44139    1.44261    0.00122859  169      1768     
 1176.41 381     9251     1.44139    1.44261    0.00122825  166      1773     
 1178.8  383     9300     1.44139    1.44261    0.00122809  166      1775     
 1184.86 385     9350     1.44139    1.44261    0.00122809  162      1779     
 1193.75 388     9411     1.44139    1.44261    0.00122767  163      1786     
 1197.13 390     9455     1.44139    1.44261    0.00122744  164      1788     
 1201.92 392     9500     1.44139    1.44261    0.00122743  168      1792     
 1206.9  394     9550     1.44139    1.44261    0.00122724  172      1796     
 1214.87 397     9609     1.44139    1.44261    0.00122595  166      1802     
 1219.09 399     9653     1.44139    1.44261    0.00122588  167      1805     
 1228.43 401     9700     1.44139    1.44261    0.00122511  170      1812     
 1243.18 403     9750     1.44139    1.44261    0.00122345  185      1828     
 1254.01 406     9805     1.44139    1.44261    0.00122312  191      1836     
 1261.4  408     9850     1.44139    1.44261    0.00122307  191      1841     
 1270.83 410     9900     1.44139    1.44261    0.00122299  191      1849     
 1279.76 413     9950     1.44139    1.44261    0.00122276  196      1855     
 1292.25 415     10011    1.44139    1.44261    0.00122255  211      1863     
 1302.16 417     10057    1.44139    1.44261    0.00122215  216      1871     
 1310.1  419     10103    1.44139    1.44261    0.001222    222      1877     
 1315.27 421     10150    1.44139    1.44261    0.00122127  226      1881     
 1322.64 424     10200    1.44139    1.44261    0.00122101  228      1887     
 1328.49 426     10255    1.44139    1.44261    0.00122059  230      1892     
 1338.89 428     10301    1.44139    1.44261    0.00122049  225      1901     
 1348.86 430     10350    1.44139    1.44261    0.00122045  228      1909     
 1357.29 432     10400    1.44139    1.44261    0.00122019  232      1916     
 1367.08 435     10459    1.44139    1.44261    0.00122008  233      1924     
 1374.07 437     10505    1.44139    1.44261    0.00122007  240      1929     
 1381.8  439     10550    1.44139    1.44261    0.00122001  239      1934     
 1388.71 441     10600    1.44139    1.44261    0.00121999  234      1938     
 1400.76 444     10657    1.44139    1.44261    0.00121959  234      1947     
 1413.12 446     10707    1.44139    1.44261    0.00121945  237      1958     
 1424.17 448     10755    1.44139    1.44261    0.00121856  234      1967     
 1434.15 450     10803    1.44139    1.44261    0.00121848  236      1974     
 1441.44 452     10850    1.44139    1.44261    0.00121829  237      1979     
 1447.64 454     10900    1.44139    1.44261    0.00121818  226      1983     
 1454.77 457     10959    1.44139    1.44261    0.00121792  223      1988     
 1462.92 459     11007    1.44139    1.44261    0.00121777  224      1994     
 1467.47 461     11050    1.44139    1.44261    0.00121767  225      1997     
 1476.14 463     11100    1.44139    1.44261    0.00121765  232      2004     
 1486.87 466     11150    1.44139    1.44261    0.00121755  233      2012     
 1494.71 468     11207    1.44139    1.44261    0.00121744  228      2017     
 1500.93 470     11251    1.44139    1.4426     0.00121692  230      2021     
 1515.53 472     11300    1.44139    1.44259    0.00119757  236      2034     
 1527.76 475     11350    1.44139    1.44259    0.00119712  242      2044     
 1536.72 477     11407    1.44139    1.44259    0.00119703  236      2049     
 1542.68 479     11451    1.44139    1.44259    0.00119687  236      2053     
 1547.37 481     11500    1.44139    1.44259    0.00119677  236      2056     
 1558.71 484     11550    1.44139    1.44259    0.00119669  233      2064     
 1564.64 486     11607    1.44139    1.44259    0.00119663  237      2068     
 1568.92 488     11651    1.44139    1.44259    0.00119624  238      2071     
 1573.95 490     11700    1.44139    1.44259    0.00119623  247      2074     
 1581.62 493     11759    1.44139    1.44259    0.00119588  242      2079     
 1586.79 495     11801    1.44139    1.44259    0.00119583  246      2082     
 1593.9  497     11850    1.44139    1.44258    0.00119502  241      2087     
 1604.14 500     11909    1.44139    1.44258    0.00119489  240      2094     
 1613.51 502     11955    1.44139    1.44258    0.00119487  248      2100     
 1620.56 504     12001    1.44139    1.44258    0.00119481  235      2105     
 1627.18 506     12050    1.44139    1.44258    0.00119473  237      2109     
 1637.5  509     12111    1.44139    1.44258    0.00119465  243      2116     
 1644.2  511     12155    1.44139    1.44258    0.00119456  244      2120     
 1655.12 513     12200    1.44139    1.44258    0.00119428  246      2128     
 1667.16 516     12250    1.44139    1.44258    0.00119422  239      2136     
 1670.99 518     12301    1.44139    1.44258    0.00119416  240      2138     
 1684.8  520     12350    1.44139    1.44258    0.00119363  254      2149     
 1689.85 522     12400    1.44139    1.44258    0.00119353  253      2152     
 1699.12 525     12459    1.44139    1.44258    0.00119347  257      2158     
 1704.64 527     12503    1.44139    1.44258    0.00119337  256      2161     
 1711.17 529     12550    1.44139    1.44258    0.00119334  254      2166     
 1721.33 531     12600    1.44139    1.44258    0.00119306  260      2177     
 1737.12 534     12659    1.44139    1.44258    0.00119124  264      2189     
 1749.22 536     12707    1.44139    1.44258    0.00119071  267      2205     
 1776.94 538     12750    1.44139    1.44256    0.00116976  267      2224     
 1791.8  540     12800    1.44139    1.44256    0.0011687   276      2233     
 1799.92 543     12859    1.44139    1.44256    0.00116857  276      2239     
 1802.97 545     12901    1.44139    1.44256    0.00116854  262      2241     
 1807.26 547     12950    1.44139    1.44256    0.00116848  260      2244     
 1812.73 550     13000    1.44139    1.44256    0.0011684   264      2248     
 1818.17 552     13055    1.44139    1.44256    0.00116832  271      2252     
 1821.21 554     13100    1.44139    1.44256    0.00116828  273      2254     
 1828.3  556     13150    1.44139    1.44256    0.00116823  274      2259     
 1837.5  559     13209    1.44139    1.44256    0.00116821  268      2265     
 1843.74 561     13251    1.44139    1.44256    0.00116814  266      2268     
 1852.74 563     13300    1.44139    1.44256    0.00116809  262      2273     
 1858.05 565     13350    1.44139    1.44256    0.00116805  262      2276     
 1866.18 568     13407    1.44139    1.44256    0.00116789  261      2281     
 1873.26 570     13451    1.44139    1.44256    0.00116786  253      2285     
 1879.64 572     13500    1.44139    1.44256    0.00116762  252      2289     
 1887.26 574     13550    1.44139    1.44256    0.0011676   256      2294     
 1896.58 577     13607    1.44139    1.44256    0.00116744  250      2301     
 1903.52 579     13651    1.44139    1.44256    0.00116714  251      2306     
 1908.21 581     13700    1.44139    1.44256    0.00116712  250      2309     
 1918.93 583     13750    1.44139    1.44256    0.00116705  251      2316     
 1927.18 586     13807    1.44139    1.44256    0.00116702  247      2321     
 1934.12 588     13851    1.44139    1.44256    0.00116694  244      2325     
 1944.44 590     13900    1.44139    1.44256    0.0011669   250      2332     
 1953.04 593     13950    1.44139    1.44256    0.00116669  250      2338     
 1959.05 595     14005    1.44139    1.44256    0.00116662  254      2342     
 1965.23 597     14051    1.44139    1.44256    0.00116658  255      2346     
 1972.64 599     14100    1.44139    1.44256    0.00116656  252      2351     
 1981.8  601     14150    1.44139    1.44256    0.00116647  246      2357     
 1987.26 604     14205    1.44139    1.44256    0.00116643  243      2360     
 1996.35 606     14253    1.44139    1.44256    0.00116631  247      2366     
 2001.52 608     14300    1.44139    1.44256    0.00116626  249      2369     
 2013.72 611     14350    1.44139    1.44256    0.00116583  242      2377     
 2021.07 613     14403    1.44139    1.44256    0.00116568  258      2382     
 2028.53 615     14450    1.44139    1.44256    0.00116558  258      2387     
 2035.67 617     14500    1.44139    1.44256    0.00116556  252      2392     
 2041.31 620     14557    1.44139    1.44256    0.00116552  254      2395     
 2043.76 622     14601    1.44139    1.44256    0.0011655   255      2396     
 2053.6  624     14650    1.44139    1.44256    0.00116547  256      2402     
 2067.04 626     14700    1.44139    1.44256    0.00116519  274      2414     
 2079.9  629     14757    1.44139    1.44256    0.00116398  274      2422     
 2082.48 631     14800    1.44139    1.44256    0.00116398  278      2423     
 2091.27 633     14850    1.44139    1.44256    0.00116379  287      2432     
 2111.74 636     14903    1.44139    1.44254    0.00114533  289      2445     
 2131.37 638     14950    1.4414     1.44254    0.00114133  295      2457     
 2138.93 640     15000    1.4414     1.44254    0.00114129  298      2461     
 2142.77 643     15057    1.4414     1.44254    0.00114088  292      2463     
 2146.87 645     15100    1.4414     1.44254    0.00114085  290      2465     
 2151.12 647     15150    1.4414     1.44254    0.00114084  287      2467     
 2160.47 650     15209    1.4414     1.44254    0.0011407   276      2472     
 2166.25 652     15253    1.4414     1.44254    0.00114069  272      2475     
 2171.9  654     15300    1.4414     1.44254    0.00114068  278      2478     
 2178.85 656     15350    1.4414     1.44254    0.0011406   276      2482     
 2182.99 659     15407    1.4414     1.44254    0.0011406   276      2484     
 2193.02 661     15457    1.4414     1.44253    0.00113954  273      2490     
 2197.52 663     15500    1.4414     1.44253    0.00113952  274      2493     
 2202.67 665     15550    1.4414     1.44253    0.0011395   272      2496     
 2208.87 668     15609    1.4414     1.44253    0.00113949  274      2500     
 2213.78 670     15651    1.4414     1.44253    0.00113945  281      2503     
 2221.42 672     15700    1.4414     1.44253    0.00113942  281      2508     
 2228.85 674     15750    1.4414     1.44253    0.00113941  275      2513     
 2237.71 677     15800    1.4414     1.44253    0.00113939  269      2519     
 2245.13 679     15857    1.4414     1.44253    0.0011393   273      2523     
 2253.11 681     15901    1.4414     1.44253    0.00113913  270      2527     
 2258.51 683     15950    1.4414     1.44253    0.00113912  268      2530     
 2265.82 685     16000    1.4414     1.44253    0.00113909  271      2534     
 2278.58 688     16057    1.4414     1.44253    0.001139    265      2541     
 2284.56 690     16103    1.4414     1.44253    0.00113899  265      2544     
 2288.63 692     16150    1.4414     1.44253    0.00113885  264      2546     
 2296.64 694     16200    1.4414     1.44253    0.00113885  271      2550     
 2308.76 697     16257    1.4414     1.44253    0.00113877  272      2556     
 2314.79 699     16300    1.4414     1.44253    0.00113876  266      2559     
 2323.94 701     16350    1.4414     1.44253    0.00113862  259      2566     
 2331.17 704     16405    1.4414     1.44253    0.00113858  260      2570     
 2336.82 706     16450    1.4414     1.44253    0.0011385   251      2573     
 2346.46 708     16500    1.4414     1.44253    0.00113845  254      2579     
 2353.73 711     16559    1.4414     1.44253    0.0011384   249      2583     
 2357.57 713     16603    1.4414     1.44253    0.00113839  253      2585     
 2361.59 715     16650    1.4414     1.44253    0.00113838  253      2587     
 2371.8  717     16700    1.4414     1.44253    0.00113837  259      2593     
 2381.63 720     16759    1.4414     1.44253    0.00113772  270      2607     
 2384.08 722     16801    1.4414     1.44253    0.00113693  275      2608     
 2399.41 724     16850    1.4414     1.44253    0.00113622  285      2620     
 2426.18 726     16900    1.4414     1.44253    0.00113564  293      2636     
 2440.27 729     16955    1.4414     1.44253    0.00113549  292      2643     
 2456.73 731     17000    1.4414     1.44253    0.00113529  299      2651     
 2471.19 733     17050    1.4414     1.44253    0.00113527  310      2659     
 2498.04 736     17105    1.4414     1.44251    0.00111441  303      2673     
 2516.54 738     17151    1.4414     1.44251    0.00111294  314      2688     
 2522.88 740     17200    1.4414     1.44251    0.00111275  312      2691     
 2529.78 742     17250    1.4414     1.44251    0.00111254  310      2694     
 2542.55 745     17309    1.4414     1.44251    0.00111241  307      2700     
 2547.41 747     17353    1.4414     1.44251    0.00111238  311      2702     
 2552.61 749     17400    1.4414     1.44251    0.00111222  309      2704     
 2566.63 751     17450    1.4414     1.44251    0.00111221  310      2711     
 2573.78 753     17500    1.4414     1.44251    0.00111215  308      2714     
 2582.22 756     17550    1.4414     1.44251    0.00111213  315      2718     
 2587.45 758     17605    1.4414     1.44251    0.0011121   312      2720     
 2599.62 760     17655    1.4414     1.44251    0.00111209  306      2726     
 2609.95 762     17701    1.4414     1.44251    0.00111208  300      2731     
 2614.86 764     17750    1.4414     1.44251    0.00111207  304      2733     
 2625.17 767     17809    1.4414     1.44251    0.00111188  301      2738     
 2635.13 769     17853    1.4414     1.44251    0.00111188  304      2743     
 2645.56 771     17900    1.4414     1.44251    0.00111185  308      2748     
 2654.39 773     17950    1.4414     1.44251    0.0011114   294      2752     
 2668.89 776     18009    1.4414     1.44251    0.00111138  293      2759     
 2680.88 778     18055    1.4414     1.44251    0.00111138  294      2765     
 2690.86 780     18100    1.4414     1.44251    0.00111138  294      2769     
 2700.07 782     18150    1.4414     1.44251    0.00111035  300      2774     
 2706.96 784     18200    1.4414     1.44251    0.00111033  308      2777     
 2717.08 787     18259    1.4414     1.44251    0.00111017  303      2782     
 2725.47 789     18303    1.4414     1.44251    0.00111017  310      2786     
 2730.22 791     18350    1.4414     1.44251    0.00111014  311      2788     
 2743.5  793     18400    1.4414     1.44251    0.00111014  313      2795     
 2748.41 796     18457    1.4414     1.44251    0.00111005  307      2797     
 2756.2  798     18501    1.4414     1.44251    0.00110968  309      2801     
 2762.29 800     18550    1.4414     1.44251    0.00110968  309      2804     
 2765.01 803     18609    1.4414     1.44251    0.00110967  307      2805     
 2769.88 805     18653    1.4414     1.44251    0.00110964  301      2807     
 2775.11 807     18700    1.4414     1.44251    0.00110963  302      2809     
 2784.19 810     18759    1.4414     1.44251    0.00110961  302      2813     
 2797.06 812     18801    1.4414     1.44251    0.00110959  307      2819     
 2809.46 814     18850    1.4414     1.44251    0.00110958  305      2825     
 2812.51 817     18909    1.4414     1.44251    0.00110955  311      2826     
 2819.05 819     18955    1.4414     1.44251    0.00110949  311      2829     
 2822.14 821     19000    1.4414     1.44251    0.00110944  316      2830     
 2828.76 824     19059    1.4414     1.44251    0.00110942  317      2833     
 2845.65 826     19113    1.4414     1.44251    0.0011094   335      2842     
 2850.6  828     19155    1.4414     1.44251    0.00110936  340      2844     
 2859.29 830     19201    1.4414     1.44251    0.00110934  345      2848     
 2871.83 832     19250    1.4414     1.44251    0.00110933  341      2854     
 2882.74 835     19309    1.4414     1.44251    0.00110933  343      2859     
 2889.83 837     19355    1.4414     1.44251    0.00110927  344      2863     
 2905.35 839     19401    1.4414     1.44251    0.00110866  355      2872     
 2910.81 841     19450    1.4414     1.44251    0.00110862  349      2875     
 2925.54 843     19500    1.4414     1.44251    0.00110838  356      2885     
 2936.25 846     19559    1.4414     1.44251    0.00110723  360      2893     
 2941.48 848     19603    1.4414     1.44251    0.00110714  363      2895     
 2946.8  850     19650    1.4414     1.44251    0.00110712  356      2897     
 2956.26 852     19700    1.4414     1.44251    0.00110707  359      2901     
 2966.3  855     19755    1.4414     1.44251    0.00110705  353      2905     
 2971.63 857     19800    1.4414     1.44251    0.00110704  353      2907     
 2979.37 859     19850    1.4414     1.44251    0.00110699  352      2910     
 2987.25 862     19907    1.4414     1.44251    0.00110697  352      2913     
 2995.36 864     19953    1.4414     1.44251    0.00110695  353      2916     
 2998.34 866     20000    1.4414     1.44251    0.00110693  355      2917     
 3011.08 868     20050    1.4414     1.44251    0.00110687  364      2923     
 3020.56 871     20107    1.4414     1.44251    0.00110685  357      2927     
 3028.2  873     20153    1.4414     1.44251    0.00110683  353      2930     
 3031.46 875     20200    1.4414     1.44251    0.00110682  354      2931     
 3036.94 878     20257    1.4414     1.44251    0.0011068   350      2933     
 3046.41 880     20301    1.4414     1.44251    0.00110679  351      2937     
 3052.19 882     20350    1.4414     1.44251    0.00110677  349      2939     
 3068.95 884     20400    1.4414     1.44251    0.00110675  352      2947     
 3078.51 887     20453    1.4414     1.44251    0.00110673  350      2951     
 3086.82 889     20500    1.4414     1.44251    0.00110671  352      2955     
 3090.01 892     20557    1.4414     1.44251    0.00110668  345      2956     
 3092.69 894     20600    1.4414     1.44251    0.00110665  345      2957     
 3095.63 896     20650    1.4414     1.44251    0.00110663  345      2958     
 3098.58 899     20705    1.4414     1.44251    0.0011066   341      2959     
 3101.79 901     20750    1.4414     1.44251    0.00110659  332      2960     
 3105.38 904     20807    1.4414     1.44251    0.00110649  330      2961     
 3116.21 906     20851    1.4414     1.44251    0.00110646  331      2966     
 3123.35 908     20900    1.4414     1.44251    0.00110642  336      2969     
 3138.53 911     20961    1.4414     1.44251    0.0011064   342      2976     
 3145.67 913     21007    1.4414     1.44251    0.0011064   345      2979     
 3152.98 915     21051    1.4414     1.44251    0.00110616  346      2982     
 3159.91 917     21100    1.4414     1.44251    0.00110616  343      2985     
 3169.08 920     21157    1.4414     1.44251    0.00110612  339      2989     
 3182.72 922     21203    1.4414     1.44251    0.00110611  334      2996     
 3197.97 924     21250    1.4414     1.44251    0.00110594  340      3005     
 3212.16 927     21309    1.4414     1.4425     0.00110515  351      3016     
 3229.22 929     21351    1.4414     1.4425     0.00110473  352      3027     
 3240.47 931     21400    1.4414     1.4425     0.00110441  359      3033     
 3265.92 934     21450    1.4414     1.4425     0.00110397  365      3047     
 3269.62 936     21503    1.4414     1.4425     0.00110388  363      3048     
 3275.19 938     21550    1.4414     1.4425     0.00110371  364      3050     
 3278.96 941     21603    1.4414     1.4425     0.00110367  372      3051     
 3286.12 943     21650    1.4414     1.4425     0.00110365  372      3054     
 3297.15 946     21709    1.4414     1.4425     0.00110357  358      3058     
 3303.52 948     21751    1.4414     1.4425     0.00110357  354      3060     
 3315.23 950     21800    1.4414     1.4425     0.00110356  359      3065     
 3320.6  953     21853    1.4414     1.4425     0.00110289  373      3067     
 3326.17 955     21900    1.4414     1.4425     0.00110275  370      3069     
 3342.78 957     21950    1.4414     1.4425     0.00110274  370      3076     
 3358.74 960     22005    1.4414     1.4425     0.00110272  375      3082     
 3367.38 962     22050    1.4414     1.4425     0.00110271  373      3085     
 3377.38 964     22100    1.4414     1.4425     0.00110264  376      3089     
 3386.13 967     22157    1.4414     1.4425     0.0011026   385      3092     
 3396.24 969     22201    1.4414     1.4425     0.00110259  385      3096     
 3399.94 971     22250    1.4414     1.4425     0.00110259  389      3097     
 3414.97 974     22307    1.4414     1.4425     0.00110254  390      3103     
 3420.88 976     22350    1.4414     1.4425     0.00110253  391      3105     
 3429.82 979     22409    1.4414     1.4425     0.00110237  381      3108     
 3442.52 981     22455    1.4414     1.4425     0.00110234  385      3113     
 3453.41 983     22500    1.4414     1.4425     0.00110229  390      3117     
 3463.89 985     22550    1.4414     1.4425     0.00110214  393      3124     
 3482.94 988     22609    1.4414     1.4425     0.00110198  402      3131     
 3491.61 990     22651    1.4414     1.4425     0.00110186  407      3134     
 3503.42 992     22700    1.4414     1.4425     0.00110185  401      3138     
 3517.03 994     22750    1.4414     1.4425     0.00110184  398      3144     
 3536.47 997     22809    1.4414     1.4425     0.00110183  410      3152     
 3546.57 999     22853    1.4414     1.4425     0.00110182  399      3156     
 3554.55 1001    22900    1.4414     1.4425     0.00110179  409      3159     
 3566.17 1003    22950    1.4414     1.4425     0.00110178  415      3164     
 3576.94 1006    23001    1.4414     1.4425     0.00110134  416      3168     
 3584.44 1008    23050    1.4414     1.4425     0.00110134  426      3171     
 3603.01 1011    23107    1.4414     1.4425     0.00110133  418      3178     
 3614.1  1013    23150    1.4414     1.4425     0.00110081  416      3182     
 3622.68 1015    23200    1.4414     1.4425     0.0011008   417      3185     
 3635.74 1018    23259    1.4414     1.4425     0.00110075  410      3190     
 3649.25 1020    23301    1.4414     1.4425     0.00110049  414      3197     
 3652.68 1022    23350    1.44142    1.4425     0.00108183  415      3198     
 3659.29 1025    23409    1.44142    1.4425     0.00108166  408      3200     
 3669.19 1027    23453    1.44142    1.4425     0.00108166  400      3203     
 3670.83 1029    23500    1.44142    1.4425     0.00108162  400      3203     
 3684.05 1032    23559    1.44142    1.4425     0.00108159  399      3207     
 3685.67 1034    23600    1.44142    1.4425     0.00108158  400      3207     
 3695.61 1036    23650    1.44142    1.4425     0.00108155  406      3210     
 3708.13 1038    23700    1.44142    1.4425     0.00108155  398      3214     
 3716.44 1041    23757    1.44142    1.4425     0.00108152  392      3217     
 3720.23 1043    23800    1.44142    1.4425     0.00108151  389      3218     
 3727.22 1046    23859    1.44142    1.4425     0.00108149  386      3220     
 3736.91 1048    23907    1.44142    1.4425     0.00108146  387      3223     
 3741.03 1050    23950    1.44142    1.4425     0.00108145  381      3224     
 3751.25 1052    24000    1.44142    1.4425     0.00108144  388      3227     
 3761.4  1055    24057    1.44142    1.4425     0.00108142  385      3231     
 3768.03 1057    24100    1.44142    1.4425     0.00108141  383      3234     
 3774.62 1060    24157    1.44142    1.4425     0.00108139  383      3236     
 3779.5  1062    24200    1.44142    1.4425     0.00108137  386      3238     
 3790.37 1065    24259    1.44142    1.4425     0.00108135  392      3242     
 3798.24 1067    24303    1.44142    1.4425     0.00108133  392      3245     
 3810.02 1069    24350    1.44142    1.4425     0.00108132  390      3250     
 3817.74 1072    24407    1.44142    1.4425     0.0010809   387      3253     
 3825.75 1074    24450    1.44142    1.4425     0.0010809   386      3256     
 3834.31 1076    24500    1.44142    1.4425     0.00108089  383      3259     
 3843.12 1079    24555    1.44142    1.4425     0.00108085  385      3262     
 3846.78 1081    24600    1.44142    1.4425     0.0010807   382      3263     
 3855.3  1083    24650    1.44142    1.4425     0.00108008  382      3266     
 3864.14 1086    24709    1.44142    1.4425     0.00108007  386      3269     
 3875.12 1088    24750    1.44142    1.4425     0.00108003  378      3273     
 3885.85 1090    24800    1.44142    1.4425     0.00108002  374      3277     
 3892.19 1093    24857    1.44142    1.4425     0.00108001  377      3279     
 3907.72 1095    24901    1.44142    1.4425     0.00107989  380      3285     
 3913.47 1097    24950    1.44142    1.4425     0.00107989  387      3287     
 3919.59 1100    25009    1.44142    1.4425     0.00107986  390      3289     
 3925.46 1102    25050    1.44142    1.4425     0.00107986  383      3291     
 3934.88 1104    25100    1.44142    1.4425     0.00107985  380      3294     
 3947.86 1107    25159    1.44142    1.4425     0.00107985  380      3299     
 3954.13 1109    25200    1.44142    1.4425     0.00107984  376      3301     
 3960.35 1111    25250    1.44142    1.4425     0.00107983  382      3303     
 3970.98 1114    25309    1.44142    1.4425     0.00107979  383      3307     
 3974.82 1116    25350    1.44142    1.4425     0.00107977  379      3308     
 3987.28 1118    25400    1.44142    1.4425     0.00107976  378      3312     
 3996.95 1121    25457    1.44142    1.4425     0.00107976  371      3315     
 4004.01 1123    25500    1.44142    1.4425     0.00107975  372      3317     
 4015.57 1126    25561    1.44142    1.4425     0.00107975  379      3321     
 4026.97 1128    25605    1.44142    1.4425     0.00107948  386      3325     
 4030.4  1130    25650    1.44142    1.4425     0.00107945  389      3326     
 4040.85 1133    25707    1.44142    1.4425     0.00107945  385      3330     
 4044.86 1135    25750    1.44142    1.4425     0.00107943  392      3331     
 4058.89 1137    25800    1.44142    1.4425     0.00107943  393      3336     
 4065.75 1140    25855    1.44142    1.4425     0.00107939  391      3338     
 4072.55 1142    25900    1.44142    1.4425     0.00107938  397      3341     
 4088.88 1145    25957    1.44142    1.4425     0.00107929  407      3348     
 4104.89 1147    26000    1.44142    1.4425     0.00107911  415      3356     
 4124.01 1149    26050    1.44142    1.44249    0.00107876  432      3368     
 4132.99 1152    26105    1.44142    1.44249    0.00107749  443      3376     
 4142.18 1154    26150    1.44142    1.44249    0.00107714  443      3379     
 4153.86 1157    26207    1.44142    1.44249    0.0010771   442      3383     
 4164.43 1159    26250    1.44142    1.44249    0.00107709  444      3387     
 4168.19 1161    26300    1.44142    1.44249    0.00107709  439      3388     
 4182.13 1164    26350    1.44142    1.44249    0.00107708  441      3393     
 4187.07 1166    26403    1.44142    1.44249    0.00107708  440      3394     
 4201.92 1168    26450    1.44142    1.44249    0.00107707  441      3399     
 4212.67 1170    26500    1.44142    1.44249    0.00107705  448      3402     
 4215.34 1173    26557    1.44142    1.44249    0.00107692  447      3402     
 4219.7  1175    26601    1.44142    1.44249    0.00107691  445      3403     
 4228.82 1177    26650    1.44142    1.44249    0.00107675  445      3406     
 4241.28 1179    26700    1.44142    1.44249    0.00107673  453      3410     
 4254.75 1182    26753    1.44142    1.44249    0.00107669  458      3415     
 4269.43 1184    26800    1.44142    1.44249    0.00107665  463      3420     
 4273.94 1187    26857    1.44142    1.44249    0.00107663  465      3421     
 4285.74 1189    26900    1.44142    1.44249    0.00107662  464      3425     
 4292.48 1192    26959    1.44142    1.44249    0.0010766   473      3427     
 4312.6  1194    27005    1.44142    1.44249    0.00107638  477      3434     
 4320.02 1196    27050    1.44142    1.44249    0.00107638  477      3436     
 4336.3  1199    27109    1.44142    1.44249    0.00107637  473      3441     
 4347.58 1201    27155    1.44142    1.44249    0.00107635  467      3444     
 4355.64 1203    27200    1.44142    1.44249    0.00107634  465      3447     
 4366.1  1206    27257    1.44142    1.44249    0.00107631  462      3450     
 4373.19 1208    27301    1.44142    1.44249    0.00107629  463      3452     
 4383.37 1210    27350    1.44142    1.44249    0.00107627  456      3455     
 4396.92 1213    27407    1.44142    1.44249    0.00107627  459      3459     
 4410.92 1215    27453    1.44142    1.44249    0.00107618  462      3466     
 4424.69 1217    27500    1.44142    1.44249    0.00107612  474      3471     
 4444.2  1219    27550    1.44142    1.44249    0.00107608  473      3477     
 4452.49 1222    27603    1.44142    1.44249    0.00107608  467      3479     
 4456.76 1224    27650    1.44142    1.44249    0.00107607  469      3480     
 4475.84 1227    27705    1.44142    1.44249    0.00107607  467      3486     
 4478.17 1229    27750    1.44142    1.44249    0.00107596  465      3486     
 4484.2  1232    27805    1.44142    1.44249    0.00107584  470      3487     
 4486.46 1234    27850    1.44142    1.44249    0.00107584  470      3487     
 4497.63 1237    27900    1.44142    1.44249    0.00107583  463      3490     
 4505.88 1239    27951    1.44142    1.44249    0.00107581  462      3492     
 4521.87 1241    28000    1.44142    1.44249    0.00107578  465      3499     
 4551.53 1244    28057    1.44142    1.44248    0.00106177  473      3511     
 4553.68 1246    28100    1.44142    1.44248    0.00106168  478      3511     
 4559.42 1248    28150    1.44142    1.44248    0.00106168  478      3512     
 4565.16 1251    28207    1.44142    1.44248    0.00106166  473      3513     
 4567.9  1253    28250    1.44142    1.44248    0.00106165  475      3513     
 4570.75 1256    28309    1.44142    1.44248    0.00106149  475      3513     
 4575.72 1258    28351    1.44142    1.44248    0.00106147  474      3514     
 4586.78 1260    28400    1.44142    1.44248    0.00106145  467      3517     
 4594.54 1263    28457    1.44142    1.44248    0.00106142  467      3519     
 4599.67 1265    28500    1.44142    1.44248    0.00106142  469      3520     
 4607.16 1267    28550    1.44142    1.44248    0.00106141  470      3522     
 4620.2  1270    28603    1.44142    1.44248    0.00106137  472      3526     
 4630.5  1272    28650    1.44142    1.44248    0.00106137  475      3529     
 4636.22 1275    28709    1.44142    1.44248    0.00106136  474      3530     
 4644.15 1277    28751    1.44142    1.44248    0.00106135  474      3532     
 4655    1279    28800    1.44142    1.44248    0.00106134  478      3535     
 4670.83 1282    28859    1.44142    1.44248    0.00106133  475      3539     
 4675.36 1284    28901    1.44142    1.44248    0.00106131  469      3540     
 4685.38 1286    28950    1.44142    1.44248    0.00106131  466      3543     
 4696.42 1289    29000    1.44142    1.44248    0.00106023  462      3547     
 4707.85 1291    29051    1.44142    1.44248    0.00106011  460      3550     
 4715.74 1293    29100    1.44142    1.44248    0.00106011  462      3552     
 4731.56 1295    29150    1.44142    1.44248    0.00106011  467      3557     
 4745.38 1298    29205    1.44142    1.44248    0.0010601   465      3561     
 4752.96 1300    29250    1.44142    1.44248    0.00106008  466      3563     
 4760.48 1303    29307    1.44142    1.44248    0.00106008  468      3565     
 4770.65 1305    29351    1.44142    1.44248    0.00106005  474      3568     
 4778.08 1307    29400    1.44142    1.44248    0.00106005  473      3570     
 4783.4  1310    29451    1.44142    1.44248    0.00106003  469      3571     
 4790.79 1312    29500    1.44142    1.44248    0.00105999  470      3573     
 4809.89 1315    29550    1.44142    1.44248    0.00105999  465      3580     
 4825.93 1317    29609    1.44142    1.44248    0.00105998  465      3585     
 4832.82 1319    29650    1.44142    1.44248    0.00105997  464      3587     
 4846.51 1321    29700    1.44142    1.44248    0.00105993  461      3592     
 4852.48 1324    29751    1.44142    1.44248    0.00105992  455      3593     
 4865.75 1326    29800    1.44142    1.44248    0.00105992  451      3597     
 4877.39 1329    29857    1.44142    1.44248    0.00105991  446      3600     
 4896.03 1331    29901    1.44142    1.44248    0.00105991  449      3607     
 4901.02 1333    29950    1.44142    1.44248    0.0010599   456      3608     
 4918.67 1336    30007    1.44142    1.44248    0.00105855  443      3615     
 4923.8  1338    30050    1.44142    1.44248    0.00105853  437      3616     
 4932.74 1340    30100    1.44142    1.44248    0.00105853  440      3619     
 4956.36 1343    30157    1.44142    1.44248    0.00105823  439      3630     
 4963.66 1345    30201    1.44142    1.44247    0.00105735  442      3633     
 4972.61 1347    30250    1.44142    1.44247    0.00105735  448      3636     
 4984.02 1350    30301    1.44142    1.44247    0.00105734  447      3639     
 5002.4  1352    30350    1.44142    1.44247    0.00105732  454      3645     
 5022.44 1355    30403    1.44142    1.44247    0.0010569   457      3654     
 5036.58 1357    30450    1.44142    1.44247    0.00105653  463      3660     
 5107.27 1360    30507    1.44142    1.44246    0.0010433   473      3683     
 5113.45 1362    30550    1.44142    1.44246    0.0010433   467      3684     
 5119.74 1365    30609    1.44142    1.44246    0.00104328  460      3685     
 5126.77 1367    30651    1.44142    1.44246    0.00104327  449      3687     
 5132.96 1369    30700    1.44142    1.44246    0.00104326  449      3689     
 5139.01 1372    30757    1.44142    1.44246    0.00104324  450      3691     
 5141.15 1374    30800    1.44142    1.44246    0.00104305  444      3691     
 5150.73 1376    30850    1.44142    1.44246    0.00104303  439      3694     
 5154.49 1379    30903    1.44142    1.44246    0.00104303  437      3695     
 5160.97 1381    30950    1.44142    1.44246    0.001043    436      3697     
 5170.01 1384    31000    1.44142    1.44246    0.00104297  432      3700     
 5174.77 1386    31053    1.44142    1.44246    0.00104257  432      3701     
 5180.72 1388    31100    1.44142    1.44246    0.00104255  432      3703     
 5185.14 1391    31159    1.44142    1.44246    0.00104252  420      3704     
 5194.38 1393    31201    1.44142    1.44246    0.00104252  420      3707     
 5198.36 1395    31250    1.44142    1.44246    0.00104251  422      3708     
 5205.89 1398    31303    1.44142    1.44246    0.00104248  422      3710     
 5207.85 1400    31350    1.44142    1.44246    0.00104248  420      3710     
 5213.57 1403    31405    1.44142    1.44246    0.00104247  415      3712     
 5219.66 1405    31450    1.44142    1.44246    0.00104247  415      3714     
 5227.46 1408    31507    1.44142    1.44246    0.00104247  414      3717     
 5233.26 1410    31551    1.44142    1.44246    0.00104247  414      3719     
 5236.87 1412    31600    1.44142    1.44246    0.00104245  413      3720     
 5243.25 1415    31653    1.44142    1.44246    0.00104244  413      3722     
 5251.5  1417    31700    1.44142    1.44246    0.00104243  420      3724     
 5260.72 1420    31757    1.44142    1.44246    0.00104243  417      3727     
 5268.01 1422    31800    1.44142    1.44246    0.00104243  418      3729     
 5276.38 1424    31850    1.44142    1.44246    0.00104243  422      3731     
 5291.57 1427    31905    1.44142    1.44246    0.00104223  428      3735     
 5298.45 1429    31950    1.44142    1.44246    0.00104221  427      3737     
 5311.86 1431    32000    1.44142    1.44246    0.00104221  433      3741     
 5320.42 1434    32051    1.44142    1.44246    0.00104221  427      3744     
 5324.62 1436    32100    1.44142    1.44246    0.0010422   425      3745     
 5340.28 1439    32159    1.44142    1.44246    0.00104219  417      3750     
 5348.15 1441    32201    1.44142    1.44246    0.00104202  413      3752     
 5362.85 1443    32250    1.44142    1.44246    0.00104202  417      3756     
 5382.02 1446    32309    1.44142    1.44246    0.00104162  414      3761     
 5390.63 1448    32353    1.44142    1.44246    0.0010416   416      3763     
 5395.83 1450    32400    1.44142    1.44246    0.0010416   418      3764     
 5414.32 1453    32457    1.44142    1.44246    0.0010416   420      3769     
 5419.18 1455    32500    1.44142    1.44246    0.00104158  424      3770     
 5430.56 1458    32559    1.44142    1.44246    0.00104157  423      3773     
 5435.62 1460    32600    1.44142    1.44246    0.00104157  424      3774     
 5451.1  1462    32650    1.44142    1.44246    0.00104156  424      3779     
 5460.42 1465    32707    1.44142    1.44246    0.00104149  424      3782     
 5468.03 1467    32750    1.44142    1.44246    0.00104149  430      3784     
 5480.94 1469    32800    1.44142    1.44246    0.00104149  430      3788     
 5496.43 1472    32855    1.44142    1.44246    0.00104144  430      3792     
 5506.93 1474    32900    1.44142    1.44246    0.00104143  430      3795     
 5529.44 1476    32950    1.44142    1.44246    0.0010414   437      3802     
 5540.61 1479    33007    1.44142    1.44246    0.00104114  433      3805     
 5551.01 1481    33051    1.44142    1.44246    0.00104114  429      3808     
 5560.65 1483    33100    1.44142    1.44246    0.00104114  428      3810     
 5577.02 1486    33159    1.44142    1.44246    0.00104113  432      3815     
 5592.86 1488    33203    1.44142    1.44246    0.00104113  443      3821     
 5605.89 1490    33250    1.44142    1.44246    0.00104112  445      3826     
 5621.33 1493    33309    1.44142    1.44246    0.0010411   438      3831     
 5636.04 1495    33355    1.44142    1.44246    0.0010411   432      3836     
 5647.95 1497    33400    1.44142    1.44246    0.00104109  438      3840     
 5658.05 1500    33457    1.44142    1.44246    0.00104096  443      3843     
 5674.87 1502    33501    1.44142    1.44246    0.00104094  443      3849     
 5692.59 1504    33550    1.44142    1.44246    0.00104078  440      3856     
 5713.47 1507    33600    1.44142    1.44246    0.00104065  434      3866     
 5731.77 1509    33651    1.44142    1.44246    0.00103997  446      3872     
 5745.82 1511    33700    1.44142    1.44246    0.00103991  440      3876     
 5765.95 1514    33755    1.44142    1.44246    0.00103964  450      3886     
 5780.26 1516    33800    1.44142    1.44246    0.00103951  451      3890     
 5800.54 1519    33859    1.44142    1.44246    0.0010395   456      3896     
 5816.73 1521    33905    1.44142    1.44246    0.0010395   454      3902     
 5834.15 1523    33950    1.44142    1.44246    0.0010395   458      3907     
 5861.48 1526    34007    1.44142    1.44246    0.00103937  463      3916     
 5879.18 1528    34051    1.44142    1.44246    0.00103919  466      3925     
 5893.55 1530    34100    1.44142    1.44246    0.00103918  466      3929     
 5899.14 1533    34151    1.44142    1.44246    0.00103918  462      3930     
 5904.6  1535    34200    1.44142    1.44246    0.00103918  467      3931     
 5913.31 1538    34251    1.44142    1.44246    0.00103918  464      3933     
 5918.67 1540    34300    1.44142    1.44246    0.00103918  461      3934     
 5928    1543    34351    1.44142    1.44246    0.00103916  454      3936     
 5947.79 1545    34400    1.44142    1.44246    0.00103915  453      3941     
 5953.37 1548    34451    1.44142    1.44246    0.00103914  455      3942     
 5964.91 1550    34500    1.44142    1.44246    0.00103914  457      3945     
 5977.68 1553    34551    1.44142    1.44246    0.00103908  461      3948     
 5987.96 1555    34600    1.44142    1.44246    0.00103906  464      3950     
 6001.08 1558    34655    1.44142    1.44246    0.00103904  464      3954     
 6013.4  1560    34700    1.44142    1.44246    0.00103894  466      3958     
 6021.96 1563    34755    1.44142    1.44246    0.00103892  466      3960     
 6037.51 1565    34800    1.44142    1.44246    0.00103891  473      3964     
 6047.62 1568    34857    1.44142    1.44246    0.00103887  481      3966     
 6053.43 1570    34900    1.44142    1.44246    0.00103887  481      3967     
 6069.77 1573    34957    1.44142    1.44246    0.00103885  473      3971     
 6078.72 1575    35000    1.44142    1.44246    0.00103884  478      3973     
 6098.11 1578    35061    1.44142    1.44246    0.00103882  480      3978     
 6114.07 1580    35101    1.44142    1.44246    0.00103872  477      3982     
 6124.27 1582    35150    1.44142    1.44246    0.00103869  475      3985     
 6133.51 1585    35201    1.44142    1.44246    0.00103868  467      3987     
 6144.98 1587    35250    1.44142    1.44246    0.00103867  474      3990     
 6157.05 1590    35303    1.44142    1.44246    0.00103863  475      3993     
 6162.97 1592    35350    1.44142    1.44246    0.00103863  474      3994     
 6178.41 1595    35405    1.44142    1.44246    0.00103861  474      3998     
 6194.12 1597    35450    1.44142    1.44246    0.0010386   478      4004     
 6246.79 1600    35507    1.44142    1.44244    0.00101827  468      4021     
 6260.05 1602    35551    1.44142    1.44244    0.0010181   470      4030     
 6275.7  1604    35600    1.44142    1.44244    0.0010179   475      4040     
 6291    1607    35650    1.44142    1.44244    0.0010178   480      4048     
 6298.59 1609    35703    1.44142    1.44244    0.00101718  480      4049     
 6307.38 1611    35750    1.44142    1.44244    0.00101718  478      4051     
 6319.66 1614    35809    1.44142    1.44244    0.00101716  473      4054     
 6325.76 1616    35851    1.44142    1.44244    0.00101713  466      4055     
 6334.71 1618    35900    1.44142    1.44244    0.00101711  466      4057     
 6357.86 1621    35961    1.44142    1.44244    0.00101708  461      4064     
 6363.02 1623    36003    1.44142    1.44244    0.00101708  460      4065     
 6368.46 1625    36050    1.44142    1.44244    0.00101707  456      4066     
 6378.74 1627    36100    1.44142    1.44244    0.00101704  449      4068     
 6388.15 1630    36157    1.44142    1.44244    0.00101703  448      4070     
 6390.91 1632    36200    1.44142    1.44244    0.00101703  453      4070     
 6402.15 1634    36250    1.44142    1.44244    0.00101702  453      4074     
 6411.68 1637    36303    1.44142    1.44244    0.00101701  457      4076     
 6417.56 1639    36350    1.44142    1.44244    0.00101701  458      4077     
 6427.51 1642    36405    1.44142    1.44244    0.00101701  459      4079     
 6439.99 1644    36450    1.44142    1.44244    0.00101697  462      4082     
 6445.53 1646    36500    1.44142    1.44244    0.00101697  451      4083     
 6456.44 1649    36555    1.44142    1.44244    0.00101696  450      4086     
 6464.66 1651    36600    1.44142    1.44244    0.00101696  451      4088     
 6474.81 1654    36659    1.44142    1.44244    0.00101692  439      4090     
 6477.1  1656    36700    1.44142    1.44244    0.00101691  440      4090     
 6485.08 1658    36750    1.44142    1.44244    0.00101691  447      4092     
 6494.98 1661    36803    1.44142    1.44244    0.00101673  444      4094     
 6503.97 1663    36850    1.44142    1.44244    0.0010167   444      4096     
 6513.23 1665    36900    1.44142    1.44244    0.0010167   455      4098     
 6533    1668    36959    1.44142    1.44244    0.00101651  463      4107     
 6549.54 1670    37005    1.44142    1.44244    0.00101651  462      4112     
 6558.73 1672    37050    1.44142    1.44244    0.0010165   465      4114     
 6572.47 1674    37100    1.44142    1.44244    0.0010165   469      4117     
 6590.73 1677    37155    1.44142    1.44244    0.00101645  466      4122     
 6596.59 1679    37200    1.44142    1.44244    0.00101645  466      4123     
 6606.52 1682    37259    1.44142    1.44244    0.00101637  470      4125     
 6612.43 1684    37301    1.44142    1.44244    0.00101636  471      4126     
 6624.35 1686    37350    1.44142    1.44244    0.00101631  474      4129     
 6638.39 1689    37405    1.44142    1.44244    0.00101623  475      4132     
 6647.5  1691    37450    1.44142    1.44244    0.0010162   479      4134     
 6664.54 1693    37500    1.44142    1.44244    0.0010162   477      4139     
 6687.26 1696    37557    1.44142    1.44244    0.0010162   478      4145     
 6707.62 1698    37603    1.44142    1.44244    0.00101619  484      4151     
 6714.12 1700    37650    1.44142    1.44244    0.00101619  485      4152     
 6724.38 1703    37707    1.44142    1.44244    0.00101619  483      4154     
 6727.65 1705    37750    1.44142    1.44244    0.00101618  473      4154     
 6739.43 1708    37800    1.44142    1.44244    0.00101618  470      4157     
 6754    1710    37853    1.44142    1.44244    0.00101618  478      4161     
 6769.6  1712    37900    1.44142    1.44244    0.00101618  479      4166     
 6790.24 1714    37950    1.44142    1.44244    0.00101615  484      4176     
 6806.91 1717    38005    1.44142    1.44244    0.00101614  489      4180     
 6816.29 1719    38050    1.44142    1.44244    0.00101613  492      4182     
 6828.98 1722    38100    1.44142    1.44244    0.00101612  491      4185     
 6838.65 1724    38153    1.44142    1.44244    0.00101611  495      4187     
 6847.93 1726    38200    1.44142    1.44244    0.00101611  496      4189     
 6865.88 1729    38259    1.44142    1.44244    0.00101611  496      4194     
 6875.34 1731    38305    1.44142    1.44244    0.00101497  500      4196     
 6887.43 1733    38350    1.44142    1.44244    0.00101497  504      4199     
 6902.89 1736    38405    1.44142    1.44243    0.00101496  508      4203     
 6915.57 1738    38450    1.44142    1.44243    0.00101445  509      4206     
 6924.67 1740    38500    1.44142    1.44243    0.00101445  508      4208     
 6931.61 1743    38553    1.44142    1.44243    0.00101438  511      4209     
 6944.47 1745    38600    1.44142    1.44243    0.00101433  513      4212     
 6958.22 1748    38659    1.44142    1.44243    0.00101432  514      4215     
 6965.44 1750    38700    1.44142    1.44243    0.00101432  512      4216     
 6985.06 1753    38750    1.44142    1.44243    0.00101432  516      4221     
 6989.2  1755    38801    1.44142    1.44243    0.00101402  518      4221     
 7002.27 1757    38850    1.44142    1.44243    0.00101402  519      4224     
 7029.14 1760    38907    1.44142    1.44243    0.0010138   538      4234     
 7052.51 1762    38953    1.44142    1.44243    0.00101337  537      4241     
 7067.61 1764    39000    1.44142    1.44243    0.00101331  528      4245     
 7094.75 1767    39055    1.44142    1.44243    0.00101326  537      4252     
 7122.08 1769    39100    1.44142    1.44243    0.00101302  534      4260     
 7154.2  1772    39159    1.44142    1.44243    0.00101267  534      4269     
 7163.31 1774    39200    1.44142    1.44243    0.00101267  535      4270     
 7174.74 1777    39259    1.44142    1.44243    0.00101257  531      4272     
 7183.96 1779    39300    1.44142    1.44243    0.00101256  525      4274     
 7200.31 1782    39359    1.44142    1.44243    0.00101256  527      4278     
 7207.26 1784    39401    1.44142    1.44243    0.00101255  530      4279     
 7231.02 1786    39450    1.44142    1.44243    0.00101236  535      4284     
 7246.37 1789    39507    1.44142    1.44243    0.00101223  537      4289     
 7266.46 1791    39550    1.44142    1.44243    0.00101189  548      4300     
 7290.95 1793    39600    1.44142    1.44243    0.00101188  552      4306     
 7317.06 1796    39659    1.44142    1.44243    0.00101184  563      4314     
 7323.58 1798    39700    1.44142    1.44243    0.00101184  565      4315     
 7347.58 1800    39750    1.44142    1.44243    0.00101183  564      4321     
 7368.38 1803    39803    1.44142    1.44243    0.00101183  568      4326     
 7391.65 1805    39850    1.44142    1.44243    0.00101183  571      4333     
 7428.71 1808    39907    1.44142    1.44243    0.00101182  570      4341     
 7447.35 1810    39950    1.44142    1.44243    0.00101181  569      4345     
 7476.64 1813    40009    1.44142    1.44243    0.0010118   564      4352     
 7497.57 1815    40051    1.44142    1.44243    0.0010118   566      4357     
 7515.02 1817    40100    1.44142    1.44243    0.00101168  565      4361     
 7533.36 1820    40157    1.44142    1.44243    0.00101168  565      4365     
 7543.99 1822    40200    1.44142    1.44243    0.00101167  564      4367     
 7558.27 1825    40259    1.44142    1.44243    0.00101167  569      4370     
 7581.8  1827    40305    1.44142    1.44243    0.00101158  574      4376     
 7597.13 1829    40353    1.44142    1.44243    0.00101089  579      4384     
 7628.35 1831    40401    1.44142    1.44243    0.0010107   577      4390     
 7656.2  1833    40450    1.44142    1.44243    0.00101069  581      4398     
 7685.46 1836    40509    1.44142    1.44243    0.00101069  583      4405     
 7694.89 1838    40550    1.44142    1.44243    0.00101069  583      4406     
 7717.72 1840    40600    1.44142    1.44243    0.00101067  591      4411     
 7727.41 1843    40657    1.44142    1.44243    0.00101065  586      4412     
 7753.19 1845    40701    1.44142    1.44243    0.00101065  586      4419     
 7777.73 1847    40750    1.44142    1.44243    0.00101065  584      4424     
 7793.49 1849    40800    1.44142    1.44243    0.00101054  587      4428     
 7810.59 1852    40853    1.44142    1.44243    0.00101042  590      4431     
 7827.39 1854    40900    1.44142    1.44243    0.00101042  586      4434     
 7843.26 1857    40959    1.44142    1.44243    0.00101039  578      4438     
 7851.45 1859    41000    1.44142    1.44243    0.00101039  573      4439     
 7860.05 1862    41059    1.44142    1.44243    0.00101036  573      4440     
 7873.98 1864    41101    1.44142    1.44243    0.00101035  571      4443     
 7895.84 1866    41150    1.44142    1.44243    0.00101034  570      4447     
 7919.22 1869    41207    1.44142    1.44243    0.00101033  571      4451     
 7936.39 1871    41251    1.44142    1.44243    0.00101033  573      4454     
 7952.71 1873    41300    1.44142    1.44243    0.00101028  579      4457     
 7965.56 1876    41355    1.44142    1.44243    0.00101028  587      4459     
 7973.91 1878    41400    1.44142    1.44243    0.00101025  588      4460     
 7995.66 1881    41450    1.44142    1.44243    0.00101025  591      4465     
 8005.86 1883    41505    1.44142    1.44243    0.00101025  592      4466     
 8014.48 1885    41550    1.44142    1.44243    0.00101025  588      4467     
 8033.83 1888    41607    1.44142    1.44243    0.00101022  593      4471     
 8058.86 1890    41650    1.44142    1.44243    0.00101005  589      4479     
 8072.72 1893    41709    1.44142    1.44243    0.00101005  590      4481     
 8092    1895    41755    1.44142    1.44243    0.00101003  597      4485     
 8100.77 1897    41800    1.44142    1.44243    0.00101003  591      4486     
 8113.03 1900    41850    1.44142    1.44243    0.00100989  591      4488     
 8133.92 1902    41901    1.44142    1.44243    0.00100979  584      4493     
 8165.66 1904    41950    1.44142    1.44243    0.00100979  588      4501     
 8190.84 1906    42000    1.44142    1.44243    0.00100979  589      4506     
 8203.7  1909    42053    1.44142    1.44243    0.00100978  591      4508     
 8218.4  1911    42100    1.44142    1.44243    0.00100973  587      4511     
 8247.65 1914    42157    1.44142    1.44243    0.00100971  603      4518     
 8270.08 1916    42200    1.44142    1.44243    0.00100968  609      4523     
 8296.09 1919    42259    1.44142    1.44243    0.00100963  617      4531     
 8310.11 1921    42300    1.44142    1.44243    0.0010096   614      4534     
 8330.21 1924    42359    1.44142    1.44243    0.0010096   616      4538     
 8342.6  1926    42401    1.44142    1.44243    0.00100959  613      4540     
 8360.99 1928    42450    1.44142    1.44243    0.00100959  620      4544     
 8390.67 1930    42500    1.44142    1.44243    0.00100958  612      4550     
 8406.93 1933    42551    1.44142    1.44243    0.00100956  612      4553     
 8424.75 1935    42600    1.44142    1.44243    0.0010095   616      4556     
 8454.06 1938    42657    1.44142    1.44243    0.00100926  620      4563     
 8474.47 1940    42700    1.44142    1.44243    0.00100925  626      4567     
 8498.93 1942    42750    1.44142    1.44243    0.00100924  623      4572     
 8528.8  1945    42803    1.44142    1.44243    0.00100924  619      4578     
 8541.22 1947    42850    1.44142    1.44243    0.00100923  620      4580     
 8565.8  1950    42907    1.44142    1.44243    0.00100923  626      4585     
 8587.01 1952    42950    1.44142    1.44243    0.00100897  627      4589     
 8632.47 1955    43009    1.44142    1.44243    0.00100847  625      4599     
 8638.62 1957    43050    1.44142    1.44243    0.00100846  625      4599     
 8653.65 1960    43109    1.44142    1.44243    0.00100845  627      4601     
 8664.21 1962    43151    1.44142    1.44243    0.00100844  627      4602     
 8681.12 1964    43200    1.44142    1.44243    0.00100823  629      4605     
 8718.57 1967    43253    1.44142    1.44243    0.00100822  624      4612     
 8745.82 1969    43300    1.44142    1.44243    0.00100804  621      4621     
 8765.22 1972    43357    1.44142    1.44243    0.00100715  635      4628     
 8792.89 1974    43400    1.44142    1.44243    0.00100611  632      4633     
 8889.12 1977    43459    1.44142    1.44241    0.000992484 641      4655     
 8909.67 1979    43500    1.44142    1.44241    0.000992445 638      4659     
 8917.88 1982    43559    1.44142    1.44241    0.000992444 637      4659     
 8931.78 1984    43600    1.44142    1.44241    0.000992424 636      4661     
 8955.5  1986    43650    1.44142    1.44241    0.000992396 639      4666     
 8977.05 1989    43705    1.44142    1.44241    0.000992394 634      4670     
 8998.45 1991    43750    1.44142    1.44241    0.000992393 631      4674     
 9034.86 1994    43807    1.44142    1.44241    0.000992343 626      4681     
 9052.87 1996    43850    1.44142    1.44241    0.000992281 629      4684     
 9082.05 1999    43907    1.44142    1.44241    0.000992224 622      4689     
 9095.72 2001    43950    1.44142    1.44241    0.000992223 622      4691     
 9114.27 2004    44009    1.44142    1.44241    0.000992191 622      4694     
 9132.4  2006    44051    1.44142    1.44241    0.000992086 633      4700     
 9150.55 2008    44100    1.44142    1.44241    0.000992068 633      4703     
 9168.25 2011    44151    1.44142    1.44241    0.00099202  616      4705     
 9181.43 2013    44200    1.44142    1.44241    0.000991826 621      4707     
 9194.01 2016    44251    1.44142    1.44241    0.000991805 614      4708     
 9214.55 2018    44300    1.44142    1.44241    0.000991793 612      4711     
 9224.42 2021    44353    1.44142    1.44241    0.000991759 612      4712     
 9237.75 2023    44400    1.44142    1.44241    0.000991759 611      4714     
 9263.32 2026    44457    1.44142    1.44241    0.00099175  619      4719     
 9286.43 2028    44500    1.44142    1.44241    0.000991749 618      4723     
 9307.55 2031    44559    1.44142    1.44241    0.00099172  616      4727     
 9317.82 2033    44600    1.44142    1.44241    0.00099172  621      4728     
 9338.95 2036    44659    1.44142    1.44241    0.000991689 619      4732     
 9358.29 2038    44701    1.44142    1.44241    0.000991683 624      4735     
 9385.42 2040    44750    1.44142    1.44241    0.000991662 626      4740     
 9415.89 2043    44805    1.44142    1.44241    0.000991647 621      4745     
 9443.2  2045    44850    1.44142    1.44241    0.000991647 620      4749     
 9474.88 2048    44907    1.44142    1.44241    0.00099163  621      4754     
 9497.71 2050    44950    1.44142    1.44241    0.000991218 620      4758     
 9524.41 2053    45009    1.44142    1.44241    0.000991197 616      4763     
 9548.32 2055    45050    1.44142    1.44241    0.000991173 612      4767     
 9562.51 2058    45109    1.44142    1.44241    0.000991173 609      4769     
 9583.59 2060    45150    1.44142    1.44241    0.000991172 611      4773     
 9622.35 2062    45200    1.44142    1.44241    0.000991163 607      4781     
 9633.71 2065    45251    1.44142    1.44241    0.000991103 600      4782     
 9651.72 2067    45300    1.44142    1.44241    0.000991103 602      4785     
 9678.06 2070    45353    1.44142    1.44241    0.000991088 597      4790     
 9711.22 2072    45400    1.44142    1.44241    0.000991084 590      4797     
 9727.44 2075    45453    1.44142    1.44241    0.000991072 589      4800     
 9751.29 2077    45500    1.44142    1.44241    0.00099107  587      4805     
 9782.59 2080    45557    1.44142    1.44241    0.000990996 584      4815     
 9795.71 2082    45600    1.44142    1.44241    0.000990825 587      4817     
 9822.14 2084    45650    1.44142    1.44241    0.000990783 592      4822     
 9842.62 2087    45703    1.44142    1.44241    0.00099078  590      4825     
 9872.6  2089    45750    1.44142    1.44241    0.000990773 594      4831     
 9906.89 2092    45803    1.44142    1.44241    0.000990757 597      4838     
 9943.44 2094    45850    1.44142    1.44241    0.000990755 596      4846     
 9985.81 2097    45905    1.44142    1.44241    0.000990714 601      4853     
 10016.6 2099    45950    1.44142    1.44241    0.000990709 598      4858     
-------------------------------------------------------------------------------

SARSOP finishing ...
  Preset timeout reached
  Timeout     : 10000.000000s
  Actual Time : 10016.610000s

-------------------------------------------------------------------------------
 Time   |#Trial |#Backup |LBound    |UBound    |Precision  |#Alphas |#Beliefs  
-------------------------------------------------------------------------------
 10016.6 2099    45950    1.44142    1.44241    0.000990709 598      4858     
-------------------------------------------------------------------------------

Writing out policy ...
  output file : ram_pomdp_soln/3e51f1939.policyx

