
Loading the model ...
  input file   : /home/rstudio/projects/pomdp-ram/notebook/ram_pomdp_soln/3e551d3d83f.pomdpx
  loading time : 8.33s 

SARSOP initializing ...
  initialization time : 1627.09s

-------------------------------------------------------------------------------
 Time   |#Trial |#Backup |LBound    |UBound    |Precision  |#Alphas |#Beliefs  
-------------------------------------------------------------------------------
 1627.1  0       0        1.59467    1.79829    0.203621    120      1        
 1636.94 1       79       1.62524    1.64203    0.0167847   15       14       
 1639.99 1       100      1.62524    1.64203    0.0167847   27       20       
 1652.27 2       167      1.63009    1.6416     0.0115098   11       27       
 1652.45 2       200      1.63009    1.6416     0.0115098   11       27       
 1667.51 3       255      1.63264    1.64127    0.00863147  12       35       
 1688.82 4       341      1.63379    1.64065    0.00685904  10       42       
 1688.9  4       350      1.63379    1.64065    0.00685904  8        42       
 1713.87 5       429      1.63563    1.64046    0.00483228  10       49       
 1714.01 5       450      1.63563    1.64046    0.00483228  11       49       
 1757.69 6       519      1.6367     1.64027    0.00357417  10       58       
 1757.89 6       550      1.6367     1.64027    0.00357417  10       58       
 1797.33 7       605      1.63775    1.64018    0.00243507  10       65       
 1868.73 7       650      1.63775    1.64018    0.00243507  9        76       
 1870.75 8       700      1.63833    1.64008    0.00174412  11       76       
 1965.95 9       789      1.63876    1.64001    0.00125138  11       88       
 1966.06 9       800      1.63876    1.64001    0.00125138  12       88       
 1999.86 10      863      1.63882    1.63997    0.00114846  11       92       
 2043.12 10      900      1.63882    1.63997    0.00114846  10       97       
 2133.68 11      957      1.63912    1.63992    0.000803807 11       106      
 2282.07 11      1000     1.63912    1.63992    0.000803807 10       120      
 2422.27 12      1067     1.6392     1.63989    0.000692633 11       131      
 2483.95 12      1100     1.6392     1.63989    0.000692633 12       136      
 2715.85 13      1167     1.63929    1.63985    0.00056565  11       152      
 2819.54 13      1200     1.63929    1.63985    0.00056565  10       159      
 3133.87 14      1273     1.63932    1.63983    0.000511749 11       178      
 3149.39 14      1300     1.63932    1.63983    0.000511749 11       179      
 3168.15 15      1350     1.63933    1.63982    0.000494395 11       180      
 3202.48 16      1400     1.63933    1.63979    0.000458704 10       182      
 3339.35 17      1463     1.63936    1.63977    0.000407813 12       190      
 3534.95 18      1500     1.63936    1.63977    0.000407813 11       201      
 3538.7  18      1550     1.63938    1.63976    0.000381302 11       201      
 3597.06 19      1600     1.63939    1.63976    0.000376309 11       204      
 3697.47 20      1650     1.63939    1.63976    0.000373783 11       209      
 4255.12 22      1700     1.63943    1.63973    0.000297786 10       235      
 4904.63 27      1750     1.63944    1.63967    0.000228581 11       263      
 5573.81 29      1811     1.63946    1.63966    0.000203456 11       289      
 6221.32 31      1850     1.63946    1.63964    0.000176266 11       312      
 6993.98 33      1900     1.63946    1.63963    0.000163985 10       338      
 7745.29 34      1953     1.63946    1.63962    0.000159058 11       360      
 8957.69 36      2021     1.63946    1.63961    0.000149642 11       394      
 9563.57 37      2053     1.63946    1.63961    0.000140662 12       410      
 10619.9 38      2100     1.63946    1.6396     0.000137901 13       436      
-------------------------------------------------------------------------------

SARSOP finishing ...
  Preset timeout reached
  Timeout     : 10000.000000s
  Actual Time : 10619.870000s

-------------------------------------------------------------------------------
 Time   |#Trial |#Backup |LBound    |UBound    |Precision  |#Alphas |#Beliefs  
-------------------------------------------------------------------------------
 10619.9 38      2100     1.63946    1.6396     0.000137901 13       436      
-------------------------------------------------------------------------------

Writing out policy ...
  output file : ram_pomdp_soln/3e551d3d83f.policyx

