
Loading the model ...
  input file   : /home/rstudio/projects/pomdp-ram/notebook/ram_pomdp_soln/3e56474d84.pomdpx
  loading time : 9.10s 

SARSOP initializing ...
  initialization time : 415.49s

-------------------------------------------------------------------------------
 Time   |#Trial |#Backup |LBound    |UBound    |Precision  |#Alphas |#Beliefs  
-------------------------------------------------------------------------------
 415.49  0       0        1.43758    1.76857    0.33099     120      1        
 419.67  3       57       1.6073     1.69782    0.0905229   124      30       
 424.21  5       109      1.62155    1.69679    0.0752314   138      53       
 430.79  7       150      1.63535    1.69623    0.0608847   76       78       
 436.18  10      200      1.64685    1.69521    0.0483525   59       95       
 441.54  13      250      1.6499     1.69497    0.0450665   69       114      
 448.61  16      300      1.6583     1.69479    0.0364869   99       133      
 460.15  18      350      1.66004    1.69463    0.0345903   84       158      
 471     22      400      1.66285    1.69414    0.0312814   116      180      
 485.82  24      459      1.66822    1.69403    0.025811    149      202      
 495.32  27      500      1.66826    1.69391    0.0256511   177      217      
 502.88  32      553      1.66883    1.6938     0.024973    210      226      
 517.83  35      600      1.66958    1.69376    0.0241774   232      241      
 540.25  38      655      1.67112    1.69359    0.022463    229      264      
 553.74  42      707      1.67147    1.69354    0.0220657   226      277      
 580.07  45      757      1.67223    1.69341    0.0211844   253      295      
 588.29  49      800      1.67223    1.6934     0.021174    287      300      
 614.28  53      851      1.67265    1.69339    0.020742    320      317      
 638.54  57      900      1.6738     1.69337    0.019573    349      330      
 667.11  60      957      1.6742     1.69328    0.0190847   378      349      
 685.09  64      1001     1.67422    1.69327    0.0190513   418      355      
 724.23  67      1050     1.6743     1.69327    0.0189677   430      373      
 743.37  71      1100     1.67442    1.69316    0.0187372   462      378      
 781.9   75      1150     1.67446    1.69312    0.0186581   499      393      
 818.28  79      1200     1.67459    1.69311    0.0185204   500      405      
 870.57  83      1250     1.67482    1.6931     0.0182816   524      421      
 933.96  86      1303     1.67498    1.69305    0.0180724   546      440      
 981.75  90      1350     1.67503    1.69301    0.017986    567      451      
 1054.36 92      1400     1.67569    1.69299    0.017297    594      473      
 1163.23 95      1455     1.67594    1.69292    0.0169747   636      497      
 1244.99 98      1500     1.67628    1.69286    0.0165772   663      510      
 1349.18 101     1551     1.67666    1.6928     0.0161324   645      526      
 1408.2  105     1600     1.67667    1.69279    0.0161188   642      529      
 1495.81 109     1661     1.67677    1.69278    0.0160081   620      543      
 1560.48 113     1705     1.67682    1.69276    0.0159417   644      554      
 1618.69 116     1753     1.67703    1.69276    0.0157271   638      561      
 1756.47 118     1800     1.67711    1.69271    0.0156029   654      585      
 1902.47 120     1850     1.67718    1.69266    0.0154767   692      609      
 1992.41 124     1901     1.67733    1.69264    0.0153136   735      618      
 2116.26 127     1951     1.67745    1.69263    0.0151813   776      634      
 2251.12 130     2000     1.67751    1.69261    0.0150996   791      649      
 2394    133     2050     1.67768    1.69261    0.0149329   803      668      
 2511.43 135     2105     1.67771    1.69257    0.0148542   847      682      
 2660.32 137     2150     1.67775    1.69256    0.0148193   883      699      
 2850.47 140     2200     1.6778     1.69255    0.0147514   851      719      
 3057.47 143     2257     1.67784    1.69253    0.0146837   883      739      
 3252.44 146     2309     1.67789    1.6925     0.01461     914      756      
 3370.59 148     2350     1.67791    1.6925     0.0145958   919      767      
 3495.31 152     2400     1.67798    1.6925     0.0145173   961      775      
 3702.58 155     2450     1.67803    1.6925     0.0144679   984      793      
 3920.32 157     2500     1.67808    1.69247    0.0143878   952      813      
 4150.26 160     2555     1.6781     1.69245    0.014349    976      832      
 4409.23 162     2600     1.67814    1.69245    0.0143033   992      853      
 4653.48 165     2650     1.6782     1.69241    0.0142073   1011     871      
 4828.76 169     2705     1.67833    1.69239    0.0140626   1052     878      
 5031.47 171     2761     1.67838    1.69239    0.0140099   1043     897      
 5253.95 173     2800     1.67842    1.69239    0.013967    1065     918      
 5504.41 175     2853     1.67844    1.69236    0.0139133   1110     933      
 5745.81 178     2901     1.6788     1.69235    0.0135497   1138     946      
 5927.12 181     2950     1.6788     1.69235    0.0135482   1174     957      
 6123.26 184     3005     1.67881    1.69235    0.0135402   1201     968      
 6322.19 187     3057     1.67881    1.69235    0.0135364   1222     980      
 6595.36 189     3100     1.67884    1.69234    0.0135033   1236     998      
 6917.86 192     3155     1.67885    1.69233    0.0134891   1281     1017     
 7253.28 194     3200     1.67886    1.69231    0.0134535   1318     1038     
 7660.27 196     3250     1.67888    1.69229    0.0134106   1352     1061     
 7959.85 199     3301     1.6789     1.69227    0.013374    1396     1075     
 8247.64 201     3350     1.67891    1.69226    0.0133484   1445     1093     
 8593.26 203     3400     1.67895    1.69224    0.0132879   1464     1111     
 8795.96 206     3450     1.67895    1.69223    0.0132833   1514     1125     
 9080.21 210     3513     1.67895    1.69223    0.0132787   1557     1138     
 9209.23 212     3550     1.67895    1.69223    0.0132769   1594     1146     
 9400    215     3605     1.67896    1.69223    0.0132677   1649     1154     
 9664.01 217     3650     1.679      1.69223    0.0132279   1635     1168     
 10191.9 219     3700     1.67904    1.69223    0.0131904   1660     1197     
-------------------------------------------------------------------------------

SARSOP finishing ...
  Preset timeout reached
  Timeout     : 10000.000000s
  Actual Time : 10191.950000s

-------------------------------------------------------------------------------
 Time   |#Trial |#Backup |LBound    |UBound    |Precision  |#Alphas |#Beliefs  
-------------------------------------------------------------------------------
 10192.1 219     3700     1.67904    1.69223    0.0131904   1660     1197     
-------------------------------------------------------------------------------

Writing out policy ...
  output file : ram_pomdp_soln/3e56474d84.policyx

