
Loading the model ...
  input file   : /home/rstudio/projects/pomdp-ram/notebook/ram_pomdp_soln/3e57cbb70bc.pomdpx
  loading time : 8.72s 

SARSOP initializing ...
  initialization time : 2496.50s

-------------------------------------------------------------------------------
 Time   |#Trial |#Backup |LBound    |UBound    |Precision  |#Alphas |#Beliefs  
-------------------------------------------------------------------------------
 2496.5  0       0        3.12669    4.58675    1.46006     120      1        
 2499.36 1       50       3.28558    3.72788    0.442303    54       14       
 2501.19 2       100      3.34719    3.72781    0.380612    47       19       
 2516.48 3       150      3.35683    3.72765    0.370824    22       37       
 2524.82 5       219      3.47897    3.72744    0.24847     19       43       
 2529.61 6       265      3.5005     3.72743    0.226933    17       46       
 2537.64 7       311      3.51435    3.72743    0.213084    15       51       
 2585.92 8       350      3.56981    3.72738    0.157563    12       69       
 2594.43 9       400      3.5802     3.72737    0.147162    13       72       
 2645.15 10      450      3.58686    3.72736    0.140496    18       86       
 2685.1  11      500      3.61987    3.72731    0.107433    12       96       
 2698.22 13      567      3.62623    3.7273     0.101071    13       99       
 2707.73 14      611      3.63045    3.72729    0.0968406   16       101      
 2721.36 15      655      3.63121    3.72729    0.0960826   16       104      
 2827.05 16      700      3.65234    3.72728    0.0749413   14       123      
 2837.68 17      750      3.656      3.72728    0.0712809   15       125      
 2867.43 18      800      3.65772    3.72727    0.0695497   14       130      
 2894.11 20      867      3.66371    3.72726    0.0635552   15       134      
 2914.92 21      909      3.66468    3.72726    0.0625765   16       137      
 2929.39 22      951      3.66521    3.72725    0.0620426   16       139      
 3070.95 23      1000     3.67436    3.72723    0.052873    19       157      
 3095.62 24      1050     3.67583    3.72723    0.051404    16       160      
 3149.68 26      1115     3.67723    3.72723    0.0500006   19       166      
 3354.57 27      1155     3.68419    3.72722    0.0430266   20       185      
 3368.5  28      1200     3.68517    3.72722    0.0420455   20       187      
 3413.41 29      1250     3.68574    3.72721    0.0414686   16       191      
 3482.82 31      1317     3.68699    3.72719    0.0401996   17       197      
 3719.32 32      1355     3.6913     3.72718    0.0358827   20       215      
 3731.22 33      1400     3.69207    3.72718    0.0351106   20       216      
 3786.39 34      1450     3.6925     3.72718    0.0346873   26       220      
 4115.6  36      1513     3.69552    3.72717    0.0316494   20       242      
 4150.43 37      1553     3.6961     3.72717    0.0310669   22       244      
 4194.06 38      1600     3.69627    3.72717    0.0308942   24       247      
 4528.18 40      1665     3.69864    3.72716    0.0285216   23       267      
 4555.69 41      1703     3.69889    3.72716    0.0282739   25       269      
 4798    42      1750     3.69923    3.72714    0.0279111   27       283      
 5340.24 44      1815     3.70018    3.72651    0.0263314   29       310      
 5398.25 45      1851     3.7004     3.7265     0.0261033   31       313      
 6098.28 46      1900     3.70052    3.72626    0.0257431   39       343      
 6730.48 48      1965     3.7026     3.726      0.0234034   26       368      
 6776.52 49      2003     3.70294    3.726      0.0230683   25       370      
 7578.41 50      2050     3.70347    3.72579    0.0223279   28       398      
 8504.98 52      2117     3.70373    3.72521    0.0214804   36       427      
 9169.47 53      2155     3.70375    3.72503    0.021283    42       445      
 9525.34 54      2200     3.70398    3.72497    0.0209869   42       454      
 10849.5 55      2250     3.70404    3.72481    0.0207748   35       485      
-------------------------------------------------------------------------------

SARSOP finishing ...
  Preset timeout reached
  Timeout     : 10000.000000s
  Actual Time : 10849.510000s

-------------------------------------------------------------------------------
 Time   |#Trial |#Backup |LBound    |UBound    |Precision  |#Alphas |#Beliefs  
-------------------------------------------------------------------------------
 10849.5 55      2250     3.70404    3.72481    0.0207748   35       485      
-------------------------------------------------------------------------------

Writing out policy ...
  output file : ram_pomdp_soln/3e57cbb70bc.policyx

