
Loading the model ...
  input file   : /home/rstudio/projects/pomdp-ram/notebook/ram_pomdp_soln/3e576527840.pomdpx
  loading time : 8.67s 

SARSOP initializing ...
  initialization time : 271.00s

-------------------------------------------------------------------------------
 Time   |#Trial |#Backup |LBound    |UBound    |Precision  |#Alphas |#Beliefs  
-------------------------------------------------------------------------------
 271     0       0        1.56399    1.63373    0.0697441   120      1        
 314.14  25      50       1.57278    1.57805    0.00527258  129      26       
 448.03  50      100      1.57278    1.57519    0.00240752  154      51       
 752.09  75      150      1.57279    1.57357    0.00078475  171      76       
 1166.39 100     200      1.57278    1.57282    3.6696e-05  180      101      
 1297.39 106     213      1.57278    1.57279    6.00344e-07 193      108      
-------------------------------------------------------------------------------

SARSOP finishing ...
  target precision reached
  target precision  : 0.000002
  precision reached : 0.000001 

-------------------------------------------------------------------------------
 Time   |#Trial |#Backup |LBound    |UBound    |Precision  |#Alphas |#Beliefs  
-------------------------------------------------------------------------------
 1297.4  106     213      1.57278    1.57279    6.00344e-07 182      108      
-------------------------------------------------------------------------------

Writing out policy ...
  output file : ram_pomdp_soln/3e576527840.policyx

