
Loading the model ...
  input file   : /home/rstudio/projects/pomdp-ram/notebook/ram_pomdp_soln/3e57339572a.pomdpx
  loading time : 8.19s 

SARSOP initializing ...
  initialization time : 263.71s

-------------------------------------------------------------------------------
 Time   |#Trial |#Backup |LBound    |UBound    |Precision  |#Alphas |#Beliefs  
-------------------------------------------------------------------------------
 263.71  0       0        1.48314    2.03745    0.554309    120      1        
 264.81  3       57       1.88927    1.97491    0.0856427   89       30       
 265.96  6       100      1.91949    1.97461    0.0551155   110      52       
 267.59  8       150      1.93688    1.97411    0.0372315   114      76       
 269.36  11      203      1.94807    1.97407    0.0259997   101      94       
 271.42  13      250      1.95148    1.97394    0.0224552   87       119      
 274.05  16      305      1.9561     1.97392    0.0178189   76       142      
 278.34  18      350      1.95807    1.97381    0.0157475   77       166      
 282.45  21      409      1.95989    1.97377    0.0138864   87       188      
 285.96  24      450      1.96026    1.97372    0.0134605   84       206      
 291.6   26      505      1.96148    1.97371    0.012233    57       229      
 295.58  28      550      1.96153    1.97367    0.0121379   80       256      
 301.16  30      607      1.96235    1.9736     0.011251    85       275      
 308.95  32      653      1.96253    1.97357    0.0110407   84       298      
 318.04  34      700      1.96268    1.97356    0.0108822   69       320      
 325.24  36      750      1.96273    1.97352    0.0107861   71       340      
 336.17  38      800      1.96283    1.97351    0.010684    73       362      
 347.52  41      857      1.9632     1.97346    0.0102623   78       386      
 360.31  43      905      1.9633     1.97343    0.0101289   77       409      
 370.89  45      953      1.96348    1.97343    0.00995206  84       429      
 379.62  47      1001     1.96353    1.9734     0.0098739   88       451      
 395.96  49      1050     1.96355    1.97339    0.00983271  89       476      
 416.39  51      1100     1.96365    1.97336    0.00971137  99       502      
 434.78  53      1150     1.96367    1.97335    0.00967482  121      525      
 456.21  55      1200     1.96382    1.97335    0.00952431  108      550      
 480.51  57      1250     1.96383    1.97333    0.00950012  123      575      
 507.76  60      1311     1.96387    1.97329    0.00941605  130      600      
 537.3   62      1359     1.9639     1.97327    0.00936227  123      624      
 559.56  64      1407     1.96399    1.97325    0.00925361  116      643      
 588.72  66      1455     1.96403    1.97323    0.00920105  113      666      
 611.04  68      1505     1.96407    1.97323    0.00916144  120      684      
 633.15  70      1555     1.96412    1.97322    0.00910841  123      702      
 652.99  72      1611     1.96415    1.97321    0.00906638  119      727      
 672.28  74      1659     1.96419    1.97321    0.00901559  131      741      
 704     76      1707     1.9642     1.9732     0.00900457  136      763      
 737.65  78      1755     1.9642     1.9732     0.00899431  137      785      
 775.56  80      1805     1.96422    1.97319    0.0089718   136      809      
 804.49  82      1853     1.96424    1.97318    0.0089424   144      828      
 822.89  84      1903     1.96426    1.97318    0.0089213   139      840      
 849.32  86      1951     1.96428    1.97318    0.00889762  142      857      
 887.46  88      2000     1.9643     1.97316    0.00885543  145      880      
 927.07  90      2050     1.9643     1.97316    0.00885223  157      902      
 961.34  92      2100     1.96431    1.97315    0.00884791  180      921      
 1008.08 94      2150     1.96434    1.97315    0.00880703  184      945      
 1048.33 96      2200     1.96434    1.97314    0.00880021  190      965      
 1078.51 98      2250     1.96436    1.97314    0.00877673  177      983      
 1128.69 100     2300     1.96437    1.97314    0.00877061  177      1008     
 1164.29 102     2350     1.96439    1.97314    0.00874916  175      1027     
 1197.65 104     2400     1.96439    1.97314    0.00874168  172      1044     
 1222.19 106     2450     1.9644     1.97314    0.00873386  176      1057     
 1273.66 108     2500     1.96441    1.97313    0.00872067  174      1081     
 1326.65 110     2550     1.96442    1.97313    0.00870577  186      1105     
 1362.69 113     2611     1.96443    1.97311    0.00868083  196      1121     
 1414.34 115     2659     1.96445    1.97311    0.0086639   197      1143     
 1451.16 117     2707     1.96445    1.97311    0.00865893  202      1158     
 1504.5  119     2755     1.96446    1.9731     0.00863737  212      1180     
 1527.19 121     2803     1.96447    1.9731     0.00863257  210      1190     
 1552.6  123     2851     1.96447    1.9731     0.00863087  213      1201     
 1581.44 125     2901     1.96447    1.9731     0.0086298   233      1214     
 1607.8  127     2950     1.96447    1.9731     0.00862916  242      1225     
 1638.32 129     3000     1.96447    1.9731     0.00862795  235      1238     
 1692.94 131     3050     1.96448    1.9731     0.00862117  228      1259     
 1718.63 133     3100     1.96448    1.9731     0.00861916  233      1269     
 1744.56 135     3150     1.96448    1.9731     0.00861234  230      1282     
 1788.05 137     3200     1.96449    1.97309    0.0086083   228      1298     
 1824.06 139     3250     1.96449    1.97309    0.00860819  235      1312     
 1847.58 142     3309     1.96449    1.97309    0.00860771  249      1321     
 1874.74 144     3357     1.96449    1.97309    0.00860747  248      1330     
 1900.71 146     3405     1.96449    1.97309    0.00860633  227      1340     
 1925.29 148     3451     1.96449    1.97309    0.00860545  224      1349     
 1957.23 150     3500     1.96449    1.97309    0.00860281  245      1364     
 1992.29 152     3550     1.96449    1.97309    0.00860035  236      1378     
 2023.7  154     3600     1.96449    1.97309    0.00859829  239      1391     
 2068.48 157     3650     1.96449    1.97309    0.00859389  239      1409     
 2124.49 159     3705     1.9645     1.97308    0.00858082  259      1429     
 2178.2  161     3750     1.96451    1.97308    0.00857129  267      1448     
 2233.85 163     3800     1.96451    1.97308    0.00856988  280      1469     
 2305.79 166     3850     1.96452    1.97308    0.00855857  295      1493     
 2347.82 168     3907     1.96452    1.97308    0.00855682  300      1508     
 2358.19 169     3951     1.96454    1.97307    0.00853572  312      1528     
 2425.65 171     4000     1.96454    1.97307    0.00853304  323      1552     
 2500.31 174     4050     1.96454    1.97307    0.00853022  330      1576     
 2561.61 176     4105     1.96454    1.97306    0.00852699  331      1595     
 2624.83 178     4150     1.96454    1.97306    0.00852285  342      1615     
 2709.76 180     4200     1.96454    1.97306    0.00851798  350      1640     
 2786.54 183     4259     1.96454    1.97306    0.00851518  347      1662     
 2856.57 185     4303     1.96454    1.97306    0.00851383  354      1682     
 2938.35 187     4350     1.96454    1.97306    0.00851196  368      1705     
 3030.63 189     4400     1.96454    1.97306    0.00851164  379      1729     
 3123.29 192     4461     1.96455    1.97305    0.00849768  370      1752     
 3205.96 194     4505     1.96455    1.97305    0.00849528  356      1773     
 3286.35 196     4550     1.96455    1.97305    0.00849438  368      1793     
 3391.23 198     4600     1.96455    1.97304    0.00849181  379      1818     
 3497.53 201     4659     1.96456    1.97304    0.00848304  390      1840     
 3593.8  203     4705     1.96456    1.97304    0.00848192  379      1861     
 3689.88 205     4750     1.96456    1.97304    0.00847751  368      1881     
 3790.17 207     4800     1.96456    1.97303    0.00847436  378      1900     
 3906.42 209     4850     1.96457    1.97303    0.0084655   381      1923     
 4011.92 212     4909     1.96457    1.97303    0.00846147  384      1943     
 4112.9  214     4955     1.96457    1.97303    0.0084611   380      1962     
 4220.09 216     5000     1.96457    1.97303    0.00845967  380      1982     
 4357.98 218     5050     1.96457    1.97302    0.00845584  392      2008     
 4489.76 221     5111     1.96457    1.97302    0.00844903  404      2032     
 4595.99 223     5155     1.96457    1.97302    0.00844808  416      2051     
 4673.2  225     5201     1.96458    1.97301    0.00843063  421      2064     
 4813.59 227     5250     1.96458    1.97301    0.00842892  421      2088     
 4926.28 230     5300     1.96459    1.97301    0.00842442  411      2106     
 4978.6  232     5357     1.96459    1.97301    0.00841846  419      2114     
 5051.88 234     5405     1.96459    1.97301    0.00841462  392      2128     
 5163.81 236     5450     1.96459    1.97301    0.0084139   379      2146     
 5225.68 238     5500     1.9646     1.97301    0.00841044  389      2158     
 5297.49 240     5550     1.9646     1.97301    0.00841022  387      2170     
 5365.48 243     5600     1.9646     1.97301    0.00840925  383      2183     
 5443.49 245     5657     1.9646     1.97301    0.00840667  387      2198     
 5560.56 247     5701     1.9646     1.973      0.00839322  386      2218     
 5666.22 249     5750     1.96461    1.973      0.00839057  400      2237     
 5746.26 251     5800     1.96461    1.973      0.00838862  395      2250     
 5834.31 254     5859     1.96461    1.97299    0.00838418  389      2266     
 5939.65 256     5905     1.96461    1.97299    0.0083823   389      2282     
 6058.07 258     5950     1.96461    1.97299    0.00837805  398      2301     
 6113.76 260     6000     1.96462    1.97299    0.0083773   415      2312     
 6216.09 262     6050     1.96462    1.97299    0.00837662  426      2331     
 6279.14 265     6109     1.96462    1.97299    0.00837653  438      2340     
 6357.04 267     6159     1.96462    1.97299    0.0083765   449      2350     
 6412.27 269     6203     1.96462    1.97299    0.00837576  457      2357     
 6473.05 271     6250     1.96462    1.97299    0.00837563  459      2366     
 6531.1  273     6300     1.96462    1.97299    0.00837444  469      2375     
 6610.23 275     6350     1.96462    1.97299    0.00837409  461      2391     
 6749.35 278     6407     1.96462    1.97299    0.00837057  456      2410     
 6798.74 280     6453     1.96462    1.97299    0.00837021  457      2416     
 6856.74 282     6500     1.96462    1.97299    0.00836996  475      2425     
 6926.98 284     6550     1.96462    1.97299    0.00836993  487      2435     
 7004.58 287     6607     1.96462    1.97299    0.00836884  502      2445     
 7064.8  289     6651     1.96462    1.97299    0.00836802  506      2452     
 7126.89 291     6700     1.96462    1.97299    0.00836695  520      2460     
 7220.34 293     6750     1.96462    1.97298    0.00836672  530      2474     
 7330.36 296     6809     1.96462    1.97298    0.00836578  530      2488     
 7464.99 298     6851     1.96462    1.97298    0.00836345  523      2505     
 7528.25 300     6900     1.96462    1.97298    0.00836304  528      2512     
 7671.17 303     6950     1.96462    1.97298    0.00836244  518      2531     
 7740.69 305     7007     1.96462    1.97298    0.00836166  523      2541     
 7862.01 307     7053     1.96462    1.97298    0.00836028  530      2558     
 7926.65 309     7100     1.96462    1.97298    0.00836013  531      2569     
 8028.36 311     7150     1.96462    1.97298    0.00835834  531      2581     
 8120.89 314     7209     1.96462    1.97298    0.00835755  546      2591     
 8191.51 316     7255     1.96462    1.97298    0.00835716  557      2599     
 8263.31 318     7300     1.96462    1.97298    0.00835705  568      2608     
 8332.82 320     7350     1.96462    1.97298    0.00835702  577      2620     
 8428.48 323     7409     1.96462    1.97298    0.00835619  592      2633     
 8488.68 325     7453     1.96462    1.97298    0.00835618  597      2641     
 8552.73 327     7500     1.96462    1.97298    0.00835607  614      2649     
 8614.04 329     7550     1.96462    1.97298    0.00835607  626      2657     
 8697.14 332     7609     1.96462    1.97298    0.00835593  626      2669     
 8753.57 334     7653     1.96462    1.97298    0.0083558   629      2675     
 8821.97 336     7700     1.96462    1.97298    0.00835535  630      2682     
 8953.45 339     7759     1.96462    1.97298    0.00835351  611      2698     
 9080.08 341     7801     1.96462    1.97298    0.00835316  618      2715     
 9147.32 343     7850     1.96462    1.97298    0.00835241  632      2725     
 9244.33 346     7907     1.96462    1.97297    0.00835101  644      2735     
 9321.15 348     7951     1.96462    1.97297    0.00835023  648      2741     
 9395.56 350     8000     1.96462    1.97297    0.00834985  652      2751     
 9485.47 353     8057     1.96462    1.97297    0.00834954  649      2761     
 9582.66 355     8100     1.96462    1.97297    0.00834816  657      2771     
 9721.6  358     8150     1.96462    1.97297    0.00834764  664      2789     
 9804.49 360     8205     1.96462    1.97297    0.00834753  679      2796     
 9864.83 362     8250     1.96462    1.97297    0.00834732  685      2801     
 9955.62 365     8307     1.96462    1.97297    0.00834668  686      2809     
 10026.2 367     8350     1.96462    1.97297    0.00834647  692      2814     
-------------------------------------------------------------------------------

SARSOP finishing ...
  Preset timeout reached
  Timeout     : 10000.000000s
  Actual Time : 10026.230000s

-------------------------------------------------------------------------------
 Time   |#Trial |#Backup |LBound    |UBound    |Precision  |#Alphas |#Beliefs  
-------------------------------------------------------------------------------
 10026.3 367     8350     1.96462    1.97297    0.00834647  692      2814     
-------------------------------------------------------------------------------

Writing out policy ...
  output file : ram_pomdp_soln/3e57339572a.policyx

