
Loading the model ...
  input file   : /home/rstudio/projects/pomdp-ram/notebook/ram_pomdp_soln/3e66a6e2c67.pomdpx
  loading time : 8.44s 

SARSOP initializing ...
  initialization time : 209.49s

-------------------------------------------------------------------------------
 Time   |#Trial |#Backup |LBound    |UBound    |Precision  |#Alphas |#Beliefs  
-------------------------------------------------------------------------------
 209.49  0       0        1.38827    1.83531    0.447043    120      1        
 209.76  3       53       1.66368    1.72254    0.0588652   91       22       
 210.12  6       100      1.69037    1.72251    0.0321326   133      40       
 210.46  8       150      1.70649    1.72249    0.0159987   145      53       
 211.32  11      200      1.71204    1.72237    0.0103332   179      81       
 212.23  12      250      1.71485    1.72234    0.00749016  195      104      
 213.18  14      300      1.71691    1.72231    0.00539788  225      118      
 214.64  16      350      1.71808    1.72227    0.00419344  259      138      
 216.12  18      400      1.71874    1.72227    0.00352888  234      153      
 218     19      450      1.71901    1.72226    0.00325647  213      177      
 219.76  21      500      1.71925    1.72225    0.0029996   231      193      
 221.88  22      550      1.71938    1.72224    0.00286124  207      217      
 223.99  24      600      1.71958    1.72224    0.00265964  170      234      
 226.87  27      650      1.71975    1.72222    0.00247721  142      256      
 229.31  29      700      1.71982    1.72222    0.00239495  139      272      
 232.58  31      750      1.71986    1.72221    0.00235352  121      292      
 236.11  33      800      1.7199     1.72219    0.00228754  89       311      
 238.05  35      850      1.71994    1.72219    0.00225355  88       322      
 241.57  37      900      1.71995    1.72219    0.00223747  88       340      
 244.83  39      950      1.72002    1.72218    0.00216184  52       356      
 249.21  41      1000     1.72005    1.72218    0.0021294   49       377      
 252.52  43      1050     1.72007    1.72217    0.0021005   60       390      
 257.34  45      1100     1.72009    1.72217    0.00207693  48       409      
 261.66  47      1150     1.72012    1.72215    0.0020316   49       425      
 266.01  49      1200     1.72014    1.72215    0.00200858  59       441      
 271.16  51      1250     1.72016    1.72214    0.00198578  62       460      
 277.45  53      1301     1.72017    1.72214    0.00197274  53       482      
 281.65  55      1351     1.72018    1.72213    0.0019456   66       497      
 286.16  57      1400     1.72019    1.72213    0.00193495  65       512      
 289.67  59      1450     1.7202     1.72213    0.00192936  67       522      
 295.14  61      1501     1.72022    1.72212    0.00190149  63       539      
 298.27  63      1551     1.72023    1.72212    0.00189472  72       548      
 304.3   65      1603     1.72023    1.72212    0.00188384  77       565      
 307.02  67      1653     1.72023    1.72212    0.00188347  90       572      
 308.98  69      1701     1.72023    1.72212    0.00188255  84       577      
 312.77  71      1751     1.72024    1.72212    0.00188102  91       588      
 316.44  73      1800     1.72024    1.72212    0.00188094  103      597      
 319.79  75      1850     1.72024    1.72212    0.0018795   96       605      
 323.15  77      1900     1.72024    1.72212    0.00187924  102      613      
 327.04  79      1950     1.72024    1.72212    0.00187885  101      622      
 330.41  81      2000     1.72024    1.72212    0.00187771  93       630      
 334.38  83      2050     1.72024    1.72212    0.00187697  92       639      
 337.39  85      2100     1.72024    1.72211    0.00187522  102      645      
 341.73  87      2150     1.72024    1.72211    0.00186916  93       655      
 348.96  90      2211     1.72025    1.72211    0.00185792  93       671      
 352.94  92      2259     1.72025    1.72211    0.00185729  80       679      
 355.62  94      2307     1.72025    1.72211    0.00185691  87       684      
 359.33  96      2355     1.72025    1.72211    0.00185668  91       691      
 364.51  98      2401     1.72026    1.72211    0.0018514   91       701      
 372.36  100     2450     1.72027    1.7221     0.00183536  99       716      
 374.03  102     2500     1.72027    1.7221     0.00183144  78       719      
 379.2   105     2559     1.72027    1.7221     0.00182754  83       730      
 383.89  107     2607     1.72027    1.7221     0.00182719  96       739      
 387.58  109     2653     1.72028    1.7221     0.00182331  90       746      
 396.61  111     2700     1.72029    1.72209    0.00180543  98       765      
 403.99  113     2750     1.72029    1.72209    0.00179643  97       777      
 408.19  115     2800     1.72029    1.72209    0.00179603  106      783      
 414.72  117     2850     1.72029    1.72209    0.00179572  118      794      
 420.07  120     2911     1.72029    1.72209    0.00179452  112      802      
 423.96  122     2955     1.72029    1.72209    0.00179369  107      808      
 430.36  124     3001     1.7203     1.72209    0.00178479  112      824      
 435.69  126     3050     1.7203     1.72208    0.0017804   116      833      
 440.89  129     3100     1.7203     1.72208    0.00177991  122      841      
 443.58  131     3155     1.7203     1.72208    0.00177978  122      845      
 448.2   133     3201     1.7203     1.72208    0.00177937  123      853      
 450.26  135     3250     1.7203     1.72208    0.00177928  134      856      
 454.84  137     3300     1.7203     1.72208    0.00177916  130      863      
 458.97  140     3357     1.7203     1.72208    0.00177877  137      869      
 465.26  142     3401     1.7203     1.72208    0.00177811  143      878      
 468.88  144     3450     1.7203     1.72208    0.00177723  145      883      
 474.4   147     3500     1.7203     1.72208    0.00177722  144      891      
 478.1   149     3557     1.7203     1.72208    0.00177674  138      896      
 480.61  151     3601     1.7203     1.72208    0.00177668  137      899      
 483.01  153     3650     1.7203     1.72208    0.00177637  141      902      
 495.17  156     3700     1.7203     1.72208    0.0017758   142      917      
 501.13  158     3755     1.72031    1.72208    0.00177262  153      925      
 506.18  160     3800     1.72031    1.72208    0.00177218  152      932      
 515.03  162     3850     1.72032    1.72207    0.00175026  157      946      
 520.65  165     3909     1.72032    1.72207    0.00174944  169      954      
 521.71  167     3953     1.72032    1.72207    0.00174936  158      955      
 524.08  169     4000     1.72032    1.72207    0.00174926  155      958      
 531.19  171     4050     1.72032    1.72207    0.00174895  160      968      
 535.65  174     4107     1.72032    1.72206    0.00174738  163      974      
 538.22  176     4150     1.72032    1.72206    0.00174714  162      977      
 543.63  178     4200     1.72032    1.72206    0.00174651  162      984      
 547.54  181     4255     1.72032    1.72206    0.00174606  166      989      
 550.67  183     4300     1.72032    1.72206    0.00174589  165      993      
 561.61  185     4350     1.72032    1.72206    0.00174558  183      1008     
 565.76  188     4403     1.72032    1.72206    0.00174288  172      1014     
 568.31  190     4450     1.72032    1.72206    0.00174279  173      1017     
 573.91  193     4500     1.72032    1.72206    0.00174273  196      1024     
 577.38  195     4551     1.72032    1.72206    0.00174211  175      1028     
 584.42  197     4600     1.72032    1.72206    0.00174105  170      1036     
 591.85  200     4655     1.72032    1.72206    0.00173964  163      1044     
 596.12  202     4700     1.72032    1.72206    0.00173933  160      1049     
 607.17  205     4757     1.72032    1.72206    0.00173826  168      1062     
 613.09  207     4801     1.72032    1.72206    0.00173556  168      1068     
 635.72  209     4850     1.72033    1.72205    0.00172256  177      1092     
 638.13  212     4901     1.72033    1.72205    0.00171958  184      1094     
 642.29  214     4950     1.72033    1.72205    0.00171952  181      1098     
 648.48  217     5003     1.72033    1.72205    0.00171884  181      1104     
 651.33  219     5050     1.72033    1.72205    0.00171877  180      1107     
 655.01  222     5103     1.72033    1.72205    0.00171874  187      1111     
 659.66  224     5150     1.72033    1.72205    0.00171871  187      1116     
 667.26  227     5205     1.72033    1.72204    0.00171781  186      1124     
 669.41  229     5250     1.72033    1.72204    0.00171718  195      1126     
 674.37  232     5305     1.72033    1.72204    0.00171493  199      1131     
 679.05  234     5350     1.72033    1.72204    0.00171466  200      1136     
 682.19  237     5407     1.72033    1.72204    0.00171455  196      1139     
 689.06  239     5450     1.72033    1.72204    0.00171424  202      1148     
 699.51  242     5507     1.72033    1.72204    0.00171356  206      1160     
 705.02  244     5550     1.72033    1.72204    0.00171314  206      1166     
 709.46  247     5609     1.72033    1.72204    0.00171293  208      1170     
 713.83  249     5651     1.72033    1.72204    0.0017129   204      1174     
 722.99  251     5700     1.72033    1.72204    0.00171273  212      1184     
 730.22  254     5751     1.72033    1.72204    0.00171109  212      1191     
 736.29  256     5800     1.72033    1.72204    0.00171103  209      1196     
 746.94  259     5855     1.72033    1.72204    0.00171046  215      1207     
 762.74  261     5900     1.72033    1.72204    0.00170652  216      1222     
 773.49  264     5957     1.72034    1.72203    0.001691    218      1231     
 777.01  266     6000     1.72034    1.72203    0.00169099  222      1234     
 787.22  269     6059     1.72034    1.72203    0.00169032  222      1245     
 791.78  271     6100     1.72034    1.72203    0.00169013  221      1249     
 801.8   274     6159     1.72034    1.72203    0.00168895  230      1260     
 808.32  276     6200     1.72034    1.72203    0.00168829  226      1266     
 818.15  279     6259     1.72034    1.72203    0.00168788  227      1276     
 825.47  281     6301     1.72034    1.72203    0.00168776  228      1283     
 836.37  283     6350     1.72034    1.72203    0.0016872   230      1303     
 845.41  286     6407     1.72036    1.72202    0.0016683   237      1311     
 845.96  288     6450     1.72036    1.72202    0.00166805  234      1311     
 854.35  291     6507     1.72036    1.72202    0.00166794  233      1318     
 859.21  293     6550     1.72036    1.72202    0.00166793  234      1322     
 865.29  296     6607     1.72036    1.72202    0.00166665  235      1327     
 868.96  298     6650     1.72036    1.72202    0.00166655  229      1330     
 880.77  301     6709     1.72036    1.72202    0.0016652   237      1342     
 884.7   303     6751     1.72036    1.72202    0.00166472  243      1345     
 893.91  305     6800     1.72036    1.72202    0.0016647   240      1352     
 900.76  308     6851     1.72036    1.72202    0.00166416  242      1357     
 907.56  310     6900     1.72036    1.72202    0.00166403  252      1363     
 912.48  313     6953     1.72036    1.72202    0.001664    248      1367     
 919.1   315     7000     1.72036    1.72202    0.00166394  246      1372     
 924.73  318     7053     1.72036    1.72202    0.00166375  246      1376     
 929.86  320     7100     1.72036    1.72202    0.00166374  246      1380     
 938.4   323     7155     1.72036    1.72202    0.00166364  246      1387     
 943.54  325     7200     1.72036    1.72202    0.0016636   247      1391     
 951.13  328     7255     1.72036    1.72202    0.00166349  248      1397     
 956.91  330     7300     1.72036    1.72202    0.00166315  242      1401     
 962.72  333     7355     1.72036    1.72202    0.00166273  252      1405     
 968.17  335     7400     1.72036    1.72202    0.00166265  254      1409     
 978.21  338     7453     1.72036    1.72202    0.00166191  251      1416     
 988.57  340     7500     1.72036    1.72202    0.00166166  258      1425     
 997.97  343     7550     1.72036    1.72202    0.00166134  254      1432     
 1012.84 346     7609     1.72036    1.72202    0.00166045  267      1445     
 1022.73 348     7650     1.72036    1.72202    0.00166021  264      1452     
 1034.55 350     7700     1.72036    1.72202    0.00165971  265      1462     
 1037.82 353     7751     1.72036    1.72202    0.00165964  272      1464     
 1046.84 355     7800     1.72036    1.72202    0.00165948  276      1471     
 1052.58 358     7851     1.72036    1.72202    0.0016589   279      1475     
 1058.27 360     7900     1.72036    1.72202    0.00165817  288      1480     
 1064.01 363     7950     1.72036    1.72202    0.00165798  295      1484     
 1081.31 366     8007     1.72036    1.722      0.0016426   291      1500     
 1087.78 368     8050     1.72036    1.722      0.00164245  293      1504     
 1095.72 371     8107     1.72036    1.722      0.00164243  297      1509     
 1099.42 373     8150     1.72036    1.722      0.00164241  302      1511     
 1108.03 376     8205     1.72036    1.722      0.00164237  303      1516     
 1117.91 378     8250     1.72036    1.722      0.00164206  296      1522     
 1126.17 381     8307     1.72036    1.722      0.00164182  293      1527     
 1131.26 383     8350     1.72036    1.722      0.00164181  295      1530     
 1143.96 386     8403     1.72036    1.722      0.00164064  297      1538     
 1150.7  389     8459     1.72036    1.722      0.00164035  293      1542     
 1157.68 391     8500     1.72036    1.722      0.00164034  290      1546     
 1166.61 394     8557     1.72036    1.722      0.00164027  286      1552     
 1169.87 396     8600     1.72036    1.722      0.00164018  283      1554     
 1178.68 399     8651     1.72036    1.722      0.00164014  287      1560     
 1186.14 402     8707     1.72036    1.722      0.00163981  288      1565     
 1192.2  404     8750     1.72036    1.722      0.00163964  284      1569     
 1197.49 407     8803     1.72036    1.722      0.00163959  283      1572     
 1208.61 410     8859     1.72036    1.722      0.0016392   285      1581     
 1215.83 412     8900     1.72036    1.722      0.00163849  295      1586     
 1224.73 415     8957     1.72036    1.722      0.00163843  300      1592     
 1229.64 417     9000     1.72036    1.722      0.00163826  305      1596     
 1237.44 420     9050     1.72036    1.722      0.00163814  316      1601     
 1241.14 423     9103     1.72036    1.722      0.00163806  318      1603     
 1248.91 426     9159     1.72036    1.722      0.0016379   314      1608     
 1255.6  428     9200     1.72036    1.722      0.00163779  316      1612     
 1266.72 431     9255     1.72036    1.722      0.00163771  317      1619     
 1278.65 433     9300     1.72036    1.722      0.00163764  306      1628     
 1282.71 436     9350     1.72036    1.722      0.00163733  313      1630     
 1295.19 439     9401     1.72036    1.722      0.00163677  317      1639     
 1300.35 442     9455     1.72036    1.722      0.00163662  315      1642     
 1307.09 445     9500     1.72036    1.722      0.0016363   321      1646     
 1313.06 447     9550     1.72036    1.722      0.00163586  327      1649     
 1323.12 450     9601     1.72036    1.722      0.00163569  320      1656     
 1333.13 453     9657     1.72036    1.722      0.00163534  334      1662     
 1336.92 455     9700     1.72036    1.722      0.00163533  338      1664     
 1349.75 458     9751     1.72036    1.722      0.00163525  348      1673     
 1357    461     9807     1.72036    1.722      0.00163518  344      1677     
 1365.66 463     9850     1.72036    1.722      0.00163514  347      1682     
 1375.69 466     9901     1.72036    1.722      0.00163496  361      1688     
 1386.49 469     9959     1.72036    1.722      0.00163494  363      1694     
 1394.33 471     10000    1.72036    1.722      0.00163479  355      1698     
 1402.08 474     10053    1.72036    1.722      0.0016345   368      1702     
 1413.12 477     10107    1.72036    1.72199    0.00163432  369      1709     
 1422.47 479     10150    1.72036    1.72199    0.00163253  380      1718     
 1436.9  482     10203    1.72036    1.72199    0.00163247  383      1726     
 1447.94 485     10257    1.72036    1.72199    0.00163153  383      1735     
 1458.08 487     10300    1.72036    1.72199    0.00163127  380      1742     
 1470.16 490     10351    1.72036    1.72199    0.0016303   385      1749     
 1477.62 493     10407    1.72036    1.72199    0.00162961  394      1753     
 1487.4  495     10450    1.72036    1.72199    0.00162868  393      1761     
 1493.33 498     10500    1.72036    1.72199    0.00162855  396      1764     
 1506.2  501     10553    1.72036    1.72199    0.00162822  399      1771     
 1510.88 504     10607    1.72036    1.72199    0.00162811  393      1773     
 1516.82 506     10650    1.72036    1.72199    0.00162809  400      1776     
 1522.97 509     10700    1.72036    1.72199    0.00162805  404      1779     
 1534.39 512     10755    1.72036    1.72199    0.00162717  400      1785     
 1543.62 514     10800    1.72036    1.72199    0.00162691  396      1790     
 1545.29 517     10850    1.72036    1.72199    0.00162685  390      1790     
 1551    520     10901    1.72036    1.72199    0.00162629  391      1793     
 1560.78 523     10957    1.72036    1.72199    0.00162628  383      1798     
 1568.77 525     11000    1.72036    1.72199    0.00162626  383      1802     
 1576.99 528     11051    1.72036    1.72199    0.00162619  372      1807     
 1583.52 531     11105    1.72036    1.72199    0.00162617  370      1810     
 1593.39 534     11150    1.72036    1.72199    0.00162612  379      1815     
 1604.01 536     11200    1.72036    1.72199    0.00162609  380      1820     
 1614.88 539     11250    1.72036    1.72199    0.00162533  378      1826     
 1622.03 542     11305    1.72036    1.72199    0.001625    384      1829     
 1642.06 545     11350    1.72036    1.72199    0.00162449  383      1842     
 1655.74 547     11400    1.72036    1.72198    0.00161555  393      1853     
 1661.19 550     11450    1.72036    1.72198    0.00161545  397      1855     
 1670.46 553     11505    1.72036    1.72198    0.00161524  406      1859     
 1682.16 556     11550    1.72036    1.72198    0.00161522  403      1865     
 1690.44 558     11600    1.72036    1.72198    0.00161518  405      1869     
 1703.11 561     11651    1.72036    1.72198    0.00161452  415      1875     
 1712.79 564     11705    1.72036    1.72198    0.00161439  411      1880     
 1726.45 567     11750    1.72036    1.72198    0.00161433  417      1888     
 1737.02 569     11800    1.72036    1.72198    0.00161399  427      1895     
 1746.18 572     11850    1.72036    1.72198    0.00161386  430      1899     
 1761.36 575     11905    1.72036    1.72198    0.0016137   430      1906     
 1769.79 578     11950    1.72036    1.72198    0.00161369  428      1910     
 1778.62 580     12000    1.72036    1.72198    0.00161362  428      1915     
 1794.43 583     12050    1.72036    1.72198    0.00161303  416      1923     
 1799.88 586     12103    1.72036    1.72198    0.00161297  423      1925     
 1814.52 589     12157    1.72036    1.72198    0.00161213  421      1934     
 1820.92 591     12200    1.72036    1.72198    0.00161211  431      1937     
 1828.92 594     12250    1.72036    1.72198    0.00161204  427      1941     
 1837.45 597     12303    1.72036    1.72198    0.00161203  425      1945     
 1846.31 600     12357    1.72036    1.72198    0.00161199  422      1949     
 1853    602     12400    1.72036    1.72197    0.00161188  423      1952     
 1859.34 605     12450    1.72036    1.72197    0.00161184  419      1955     
 1867.64 608     12501    1.72036    1.72197    0.00161182  416      1959     
 1877.88 611     12557    1.72036    1.72197    0.00161179  429      1964     
 1884.82 613     12600    1.72036    1.72197    0.0016115   432      1967     
 1893.87 616     12650    1.72036    1.72197    0.00161139  429      1971     
 1904.43 619     12703    1.72036    1.72197    0.00161131  436      1976     
 1914.41 622     12757    1.72036    1.72197    0.00161129  432      1980     
 1925.15 624     12800    1.72036    1.72197    0.00161127  435      1987     
 1945.42 627     12850    1.72036    1.72196    0.00159161  444      1997     
 1949.57 630     12901    1.72036    1.72196    0.00159154  442      1998     
 1962.92 633     12957    1.72036    1.72196    0.00159143  438      2004     
 1967.1  635     13000    1.72036    1.72196    0.0015914   441      2005     
 1975.03 638     13050    1.72036    1.72196    0.0015911   438      2008     
 1986.35 641     13103    1.72036    1.72196    0.00159084  434      2013     
 1994.43 644     13157    1.72036    1.72196    0.00159081  439      2016     
 2005.86 646     13200    1.72036    1.72196    0.00159065  430      2022     
 2017.19 649     13250    1.72036    1.72195    0.00158982  436      2027     
 2028.48 652     13301    1.72036    1.72195    0.00158975  433      2033     
 2041.66 655     13355    1.72036    1.72195    0.00158971  433      2039     
 2057.39 658     13400    1.72036    1.72195    0.00158968  427      2047     
 2067.32 660     13450    1.72036    1.72195    0.00158926  433      2051     
 2071.07 663     13500    1.72036    1.72195    0.00158924  431      2052     
 2076.78 666     13553    1.72036    1.72195    0.00158917  430      2054     
 2087.58 669     13607    1.72036    1.72195    0.00158914  434      2059     
 2094.9  671     13650    1.72036    1.72195    0.00158906  443      2062     
 2102.51 674     13700    1.72036    1.72195    0.00158904  452      2065     
 2118.34 677     13751    1.72036    1.72195    0.00158898  451      2072     
 2131.62 680     13805    1.72036    1.72195    0.00158846  456      2078     
 2143.43 682     13850    1.72036    1.72195    0.00158844  461      2084     
 2155.39 685     13900    1.72036    1.72195    0.00158837  452      2089     
 2161.53 688     13953    1.72036    1.72195    0.00158835  434      2091     
 2169.45 691     14007    1.72036    1.72195    0.00158834  443      2094     
 2181.28 693     14050    1.72036    1.72195    0.00158687  438      2099     
 2190.88 696     14100    1.72036    1.72195    0.00158673  433      2103     
 2202.1  699     14151    1.72036    1.72195    0.00158671  427      2108     
 2215.58 702     14207    1.72036    1.72195    0.00158669  419      2115     
 2225.4  704     14250    1.72036    1.72195    0.00158666  419      2121     
 2231.63 707     14300    1.72036    1.72195    0.00158658  409      2123     
 2244.85 710     14353    1.72036    1.72195    0.00158593  427      2132     
 2251.75 713     14407    1.72036    1.72195    0.0015858   419      2136     
 2263.26 715     14450    1.72036    1.72195    0.00158565  428      2143     
 2273.11 718     14500    1.72036    1.72195    0.00158564  430      2147     
 2282.59 721     14551    1.72036    1.72195    0.00158557  433      2152     
 2298.34 724     14605    1.72036    1.72195    0.00158503  440      2161     
 2312.11 727     14650    1.72037    1.72195    0.00158474  443      2167     
 2323.7  729     14700    1.72037    1.72195    0.00158465  449      2173     
 2335.19 732     14750    1.72037    1.72195    0.00158449  444      2179     
 2346.09 735     14805    1.72037    1.72195    0.00158443  445      2184     
 2363.24 738     14850    1.72037    1.72195    0.00158433  443      2196     
 2381.35 740     14900    1.72037    1.72195    0.0015832   460      2208     
 2396.56 743     14951    1.72037    1.72193    0.00155994  466      2215     
 2400.98 746     15005    1.72037    1.72193    0.00155993  473      2216     
 2406.62 749     15050    1.72037    1.72193    0.00155983  470      2218     
 2412.74 751     15100    1.72037    1.72193    0.00155962  466      2220     
 2421.74 754     15150    1.72037    1.72193    0.00155961  470      2223     
 2431.77 757     15203    1.72037    1.72193    0.0015596   467      2227     
 2436.82 760     15257    1.72037    1.72193    0.00155959  470      2228     
 2444.54 762     15300    1.72037    1.72193    0.00155957  464      2231     
 2454.81 765     15350    1.72037    1.72193    0.00155948  468      2235     
 2461.14 768     15401    1.72037    1.72193    0.00155947  470      2237     
 2475.55 771     15457    1.72037    1.72193    0.00155945  475      2243     
 2483.52 773     15500    1.72037    1.72193    0.00155944  475      2246     
 2493.79 776     15550    1.72037    1.72193    0.00155922  472      2250     
 2500.27 779     15601    1.72037    1.72193    0.00155921  475      2252     
 2509.23 782     15655    1.72037    1.72193    0.00155919  475      2255     
 2520.29 785     15700    1.72037    1.72193    0.00155919  489      2260     
 2527.3  787     15750    1.72037    1.72193    0.00155892  469      2262     
 2536.26 790     15800    1.72037    1.72193    0.0015588   468      2265     
 2546.59 793     15853    1.72037    1.72193    0.00155876  474      2269     
 2557.72 796     15907    1.72037    1.72193    0.00155829  456      2273     
 2574.34 798     15950    1.72037    1.72193    0.00155828  459      2281     
 2583.09 801     16000    1.72037    1.72193    0.00155821  451      2284     
 2589.24 804     16051    1.72037    1.72193    0.0015582   455      2286     
 2601.83 807     16107    1.72037    1.72193    0.00155816  462      2291     
 2606.31 809     16150    1.72037    1.72193    0.00155816  461      2292     
 2616.75 812     16200    1.72037    1.72193    0.00155807  453      2296     
 2628.98 815     16251    1.72037    1.72193    0.00155806  453      2301     
 2639.67 818     16305    1.72037    1.72193    0.00155805  459      2305     
 2645.86 821     16350    1.72037    1.72193    0.00155804  460      2307     
 2650.31 823     16400    1.72037    1.72193    0.00155802  464      2308     
 2671.13 826     16451    1.72037    1.72193    0.00155704  469      2320     
 2714.91 829     16507    1.72037    1.72191    0.00153496  474      2343     
 2747.35 831     16550    1.72038    1.7219     0.00152865  484      2358     
 2778.16 834     16600    1.72038    1.72188    0.00149728  485      2371     
 2786.59 837     16659    1.72038    1.72188    0.00149715  494      2373     
 2789.26 839     16700    1.72038    1.72188    0.00149707  490      2373     
 2796.7  842     16753    1.72038    1.72188    0.00149706  487      2375     
 2806.64 845     16809    1.72038    1.72188    0.00149699  485      2378     
 2810.98 847     16850    1.72038    1.72188    0.00149699  486      2379     
 2817.65 850     16903    1.72038    1.72188    0.00149698  483      2381     
 2824.77 852     16950    1.72038    1.72188    0.00149697  490      2383     
 2831.93 855     17000    1.72038    1.72188    0.00149694  482      2385     
 2842.94 858     17057    1.72038    1.72188    0.00149687  477      2388     
 2845.05 860     17100    1.72038    1.72188    0.00149687  479      2388     
 2855.64 863     17151    1.72038    1.72188    0.00149686  480      2392     
 2862.47 866     17209    1.72038    1.72188    0.00149683  478      2394     
 2875.83 868     17250    1.72038    1.72188    0.00149683  482      2399     
 2885.5  871     17307    1.72038    1.72188    0.0014968   480      2402     
 2890.06 873     17350    1.72038    1.72188    0.0014968   485      2403     
 2897.08 876     17401    1.72038    1.72188    0.0014968   484      2405     
 2909.58 879     17450    1.72038    1.72187    0.00149679  484      2409     
 2920.31 881     17500    1.72038    1.72187    0.00149676  483      2413     
 2927.56 884     17557    1.72038    1.72187    0.00149675  488      2415     
 2934.05 886     17600    1.72038    1.72187    0.00149675  488      2417     
 2939.21 889     17650    1.72038    1.72187    0.00149674  482      2418     
 2946.62 892     17701    1.72038    1.72187    0.00149673  491      2420     
 2956.92 895     17755    1.72038    1.72187    0.00149651  494      2423     
 2968.58 898     17800    1.72038    1.72187    0.0014965   495      2427     
 2971.26 900     17850    1.72038    1.72187    0.0014965   490      2427     
 2986.07 903     17901    1.72038    1.72187    0.00149649  489      2432     
 2994.71 906     17957    1.72038    1.72187    0.00149646  495      2435     
 2997.53 908     18000    1.72038    1.72187    0.00149639  493      2435     
 3004.15 911     18050    1.72038    1.72187    0.00149637  497      2437     
 3021.54 914     18105    1.72038    1.72187    0.00149634  491      2443     
 3034.99 916     18150    1.72038    1.72187    0.00149627  493      2447     
 3044.37 919     18201    1.72038    1.72187    0.00149627  497      2450     
 3052.7  922     18257    1.72038    1.72187    0.00149616  500      2452     
 3057.92 924     18300    1.72038    1.72187    0.00149615  501      2453     
 3073.38 927     18350    1.72038    1.72187    0.001496    504      2458     
 3085.04 930     18403    1.72038    1.72187    0.00149577  506      2462     
 3097.59 933     18450    1.72038    1.72187    0.00149576  502      2467     
 3107.38 935     18500    1.72038    1.72187    0.0014956   501      2470     
 3121.13 938     18551    1.72038    1.72187    0.0014956   508      2475     
 3130.09 941     18605    1.72038    1.72187    0.00149558  511      2477     
 3140.77 943     18650    1.72038    1.72187    0.00149558  513      2481     
 3153.4  946     18701    1.72038    1.72187    0.0014954   516      2485     
 3163.21 949     18755    1.72038    1.72187    0.0014954   524      2488     
 3168.42 951     18800    1.72038    1.72187    0.00149538  529      2489     
 3181.14 954     18850    1.72038    1.72187    0.00149526  531      2493     
 3189.81 957     18903    1.72038    1.72187    0.00149525  523      2495     
 3204.99 960     18959    1.72038    1.72187    0.00149519  508      2500     
 3215    962     19000    1.72038    1.72187    0.00149511  506      2503     
 3224.89 965     19050    1.72038    1.72187    0.00149509  508      2506     
 3234.68 968     19105    1.72038    1.72187    0.00149499  507      2509     
 3246.53 971     19150    1.72038    1.72187    0.00149498  506      2513     
 3256.46 973     19200    1.72038    1.72187    0.00149496  507      2516     
 3271.83 976     19251    1.72038    1.72187    0.00149495  511      2521     
 3290.48 979     19305    1.72038    1.72187    0.00149492  516      2528     
 3300.49 982     19350    1.72038    1.72187    0.00149491  506      2531     
 3315.18 984     19400    1.72038    1.72187    0.00149484  509      2536     
 3328.23 987     19451    1.72038    1.72187    0.00149417  519      2540     
 3336.37 990     19505    1.72038    1.72187    0.00149413  510      2542     
 3346.39 993     19550    1.72038    1.72187    0.00149413  505      2545     
 3353.81 995     19600    1.72038    1.72187    0.00149412  505      2547     
 3360.8  998     19650    1.72038    1.72187    0.00149412  501      2549     
 3368.86 1001    19703    1.72038    1.72187    0.00149411  503      2551     
 3376.31 1004    19757    1.72038    1.72187    0.00149411  496      2553     
 3388.33 1006    19800    1.72038    1.72187    0.00149406  499      2557     
 3398.34 1009    19855    1.72038    1.72187    0.00149383  502      2560     
 3409.38 1012    19900    1.72038    1.72187    0.00149344  490      2565     
 3419.06 1014    19950    1.72038    1.72187    0.00149337  499      2568     
 3436.55 1017    20000    1.72038    1.72187    0.00149333  499      2574     
 3456.58 1020    20053    1.72038    1.72187    0.00149317  500      2582     
 3470.43 1023    20107    1.72038    1.72187    0.00149303  500      2588     
 3487.86 1025    20150    1.72038    1.72187    0.00149297  507      2595     
 3502.57 1028    20200    1.72038    1.72187    0.00149286  504      2600     
 3518.42 1031    20251    1.72038    1.72187    0.00149285  510      2605     
 3533.83 1034    20305    1.72038    1.72187    0.00149282  511      2610     
 3546.68 1037    20350    1.72038    1.72187    0.00149281  515      2614     
 3557.29 1039    20400    1.72038    1.72187    0.00149278  516      2617     
 3567.8  1042    20450    1.72038    1.72187    0.00149278  506      2620     
 3581.57 1045    20503    1.72038    1.72187    0.00149277  501      2624     
 3594.77 1048    20557    1.72038    1.72187    0.00149276  498      2628     
 3605.27 1050    20600    1.72038    1.72187    0.00149275  506      2631     
 3619.88 1053    20650    1.72038    1.72187    0.00149272  495      2636     
 3630.32 1056    20701    1.72038    1.72187    0.00149271  492      2639     
 3641.91 1059    20755    1.72038    1.72187    0.00149255  493      2642     
 3649.48 1062    20800    1.72038    1.72187    0.00149255  493      2644     
 3656.7  1064    20850    1.72038    1.72187    0.00149254  499      2646     
 3668.78 1067    20900    1.72038    1.72187    0.00149254  503      2650     
 3688.15 1070    20953    1.72038    1.72187    0.00149251  509      2656     
 3705.08 1073    21007    1.72038    1.72187    0.00149243  516      2662     
 3722.07 1075    21050    1.72038    1.72187    0.00149242  520      2667     
 3731.3  1078    21100    1.72038    1.72187    0.00149241  521      2669     
 3745.56 1081    21153    1.72038    1.72187    0.00149219  523      2673     
 3759.25 1084    21207    1.72038    1.72187    0.00149214  523      2677     
 3765.12 1086    21250    1.72038    1.72187    0.00149214  530      2678     
 3785.63 1089    21300    1.72038    1.72187    0.00149205  534      2686     
 3799.17 1092    21353    1.72038    1.72187    0.00149204  532      2690     
 3820.12 1095    21407    1.72038    1.72187    0.00149193  535      2696     
 3829.14 1097    21450    1.72038    1.72187    0.00149186  535      2700     
 3841.94 1100    21500    1.72038    1.72187    0.00149179  538      2704     
 3856.16 1103    21551    1.72038    1.72187    0.00149178  549      2708     
 3867.86 1106    21605    1.72038    1.72187    0.00149177  551      2711     
 3891.61 1109    21650    1.72038    1.72187    0.00149138  554      2720     
 3902.68 1111    21700    1.72038    1.72187    0.00149102  555      2723     
 3924.14 1114    21751    1.72038    1.72187    0.00149078  550      2731     
 3944    1117    21803    1.72038    1.72187    0.00148928  551      2739     
 3963.89 1120    21857    1.72038    1.72187    0.00148918  563      2745     
 3977.87 1122    21900    1.72038    1.72187    0.00148912  572      2750     
 3997.44 1125    21950    1.72038    1.72187    0.00148907  575      2756     
 4017.08 1128    22003    1.72038    1.72187    0.00148862  576      2762     
 4039.45 1130    22050    1.72038    1.72187    0.00148843  580      2770     
 4056.32 1133    22100    1.72038    1.72187    0.00148804  582      2778     
 4068.67 1136    22150    1.72038    1.72187    0.00148781  574      2781     
 4081.56 1139    22203    1.72038    1.72187    0.00148781  575      2784     
 4092.91 1141    22250    1.72038    1.72187    0.00148779  577      2787     
 4100.13 1144    22300    1.72038    1.72187    0.00148779  578      2788     
 4104.95 1147    22351    1.72038    1.72187    0.00148772  581      2788     
 4117.51 1150    22405    1.72038    1.72187    0.00148772  580      2791     
 4127.3  1153    22450    1.72038    1.72187    0.00148772  583      2793     
 4138.68 1155    22500    1.72038    1.72187    0.00148743  585      2795     
 4150.37 1158    22550    1.72038    1.72187    0.00148741  589      2798     
 4163.41 1161    22603    1.72038    1.72187    0.00148739  582      2802     
 4181.43 1164    22657    1.72038    1.72187    0.00148734  580      2808     
 4192.63 1166    22700    1.72038    1.72187    0.00148734  582      2811     
 4208.02 1169    22750    1.72038    1.72187    0.00148719  585      2815     
 4217.56 1172    22803    1.72038    1.72187    0.00148719  584      2817     
 4227.53 1175    22855    1.72038    1.72187    0.00148718  584      2819     
 4239.96 1178    22907    1.72038    1.72187    0.00148713  581      2822     
 4255.9  1180    22950    1.72038    1.72186    0.00148634  581      2826     
 4269.26 1183    23000    1.72038    1.72186    0.0014863   589      2830     
 4287.4  1186    23053    1.72038    1.72186    0.00148628  595      2836     
 4305.17 1189    23107    1.72038    1.72186    0.00148628  598      2841     
 4311.66 1191    23150    1.72038    1.72186    0.00148627  592      2842     
 4321.25 1194    23200    1.72038    1.72186    0.00148624  601      2844     
 4331.49 1197    23250    1.72038    1.72186    0.0014861   606      2846     
 4340.91 1200    23300    1.72038    1.72186    0.00148603  607      2848     
 4364.79 1203    23353    1.72038    1.72186    0.00148596  612      2857     
 4378.18 1206    23405    1.72038    1.72186    0.00148595  610      2860     
 4393.7  1209    23457    1.72038    1.72186    0.00148518  613      2864     
 4401.14 1211    23500    1.72038    1.72186    0.00148517  609      2865     
 4411.58 1214    23550    1.72038    1.72186    0.00148517  605      2867     
 4430.28 1217    23601    1.72038    1.72186    0.00148516  614      2872     
 4455.89 1220    23659    1.72038    1.72186    0.00148515  625      2879     
 4468.63 1222    23700    1.72038    1.72186    0.00148515  630      2882     
 4494.09 1225    23750    1.72038    1.72186    0.00148472  630      2890     
 4510.68 1228    23803    1.72038    1.72186    0.00148464  636      2894     
 4525.61 1231    23857    1.72038    1.72186    0.00148463  636      2898     
 4547.56 1233    23900    1.72038    1.72186    0.00148455  631      2907     
 4584.44 1236    23950    1.72038    1.72185    0.00146583  626      2921     
 4600.9  1239    24001    1.72038    1.72185    0.00146582  625      2925     
 4609.84 1242    24057    1.72038    1.72185    0.0014657   625      2926     
 4624.38 1244    24100    1.72038    1.72185    0.00146569  617      2930     
 4637.06 1247    24150    1.72038    1.72185    0.00146564  623      2933     
 4654.66 1250    24201    1.72038    1.72185    0.0014656   626      2938     
 4668.46 1253    24255    1.72038    1.72185    0.00146558  630      2941     
 4681.59 1256    24300    1.72038    1.72185    0.00146551  627      2945     
 4693.07 1258    24350    1.72038    1.72185    0.00146527  627      2949     
 4718.63 1261    24400    1.72038    1.72184    0.00146411  634      2959     
 4730.62 1264    24453    1.72038    1.72184    0.00146403  631      2961     
 4744.34 1267    24507    1.72038    1.72184    0.00146402  631      2964     
 4754.67 1269    24550    1.72038    1.72184    0.00146402  629      2966     
 4765.42 1272    24600    1.72038    1.72184    0.00146401  628      2968     
 4780.75 1275    24651    1.72038    1.72184    0.001464    635      2972     
 4794.7  1278    24707    1.72038    1.72184    0.00146388  629      2975     
 4805.18 1280    24750    1.72038    1.72184    0.00146388  626      2977     
 4815.42 1283    24800    1.72038    1.72184    0.00146387  626      2979     
 4838.95 1286    24853    1.72038    1.72184    0.00146373  627      2986     
 4853.23 1289    24907    1.72038    1.72184    0.00146328  627      2989     
 4869.16 1291    24950    1.72038    1.72184    0.00145652  637      2995     
 4880.22 1294    25000    1.72038    1.72184    0.00145577  639      2997     
 4888.86 1297    25051    1.72038    1.72184    0.00145577  643      2998     
 4892.16 1300    25105    1.72038    1.72184    0.00145577  697      2998     
 4903.69 1303    25150    1.72038    1.72184    0.00145555  709      3001     
 4909.64 1305    25200    1.72038    1.72184    0.00145554  721      3002     
 4918.43 1308    25250    1.72038    1.72184    0.00145553  637      3002     
 4932.88 1311    25303    1.72038    1.72184    0.00145553  690      3006     
 4950.21 1314    25357    1.72038    1.72184    0.00145539  714      3011     
 4958.61 1316    25400    1.72038    1.72184    0.00145536  741      3013     
 4977.18 1319    25450    1.72038    1.72184    0.00145525  632      3017     
 4988.17 1322    25501    1.72038    1.72184    0.00145525  683      3020     
 4993.65 1325    25555    1.72038    1.72184    0.00145524  706      3021     
 5001.71 1328    25600    1.72038    1.72184    0.00145523  728      3023     
 5010.77 1330    25650    1.72038    1.72184    0.00145523  778      3025     
 5026.95 1333    25700    1.72038    1.72184    0.00145501  635      3028     
 5040.52 1336    25753    1.72038    1.72184    0.001455    688      3032     
 5049.38 1339    25807    1.72038    1.72184    0.00145492  713      3034     
 5067.09 1341    25850    1.72038    1.72184    0.00145492  635      3038     
 5080.05 1344    25901    1.72038    1.72184    0.00145466  686      3042     
 5097.13 1347    25955    1.72038    1.72184    0.00145463  715      3048     
 5119.26 1350    26000    1.72038    1.72184    0.00145462  641      3054     
 5123.19 1352    26050    1.72038    1.72184    0.00145459  691      3054     
 5135.2  1355    26100    1.72038    1.72184    0.00145458  727      3057     
 5146.84 1358    26151    1.72038    1.72184    0.00145457  752      3060     
 5162.26 1361    26205    1.72038    1.72184    0.00145456  644      3062     
 5178.98 1364    26250    1.72038    1.72184    0.00145455  689      3067     
 5224.85 1366    26300    1.72038    1.72183    0.00144839  638      3081     
 5240.99 1369    26350    1.72038    1.72182    0.00143497  688      3087     
 5247.11 1372    26401    1.72038    1.72182    0.00143491  719      3088     
 5251.42 1375    26455    1.72038    1.72182    0.00143487  741      3088     
 5257.36 1378    26500    1.72038    1.72182    0.00143487  786      3089     
 5269.78 1380    26550    1.72038    1.72182    0.00143486  634      3090     
 5275.03 1383    26600    1.72038    1.72182    0.00143486  684      3091     
 5286.25 1386    26653    1.72038    1.72182    0.00143479  706      3094     
 5299.73 1389    26707    1.72038    1.72182    0.00143478  721      3098     
 5305.02 1391    26750    1.72038    1.72182    0.00143469  764      3099     
 5310.86 1394    26800    1.72038    1.72182    0.00143469  785      3100     
 5330.4  1397    26853    1.72038    1.72182    0.00143469  642      3104     
 5343.34 1400    26909    1.72038    1.72182    0.00143468  698      3108     
 5357.48 1402    26950    1.72038    1.72182    0.00143467  716      3112     
 5368.76 1405    27001    1.72038    1.72182    0.00143463  743      3115     
 5376.39 1408    27055    1.72038    1.72182    0.00143462  797      3116     
 5401.63 1411    27100    1.72038    1.72182    0.00143461  649      3121     
 5410.04 1413    27150    1.72038    1.72182    0.0014346   699      3123     
 5425.44 1416    27200    1.72038    1.72182    0.00143424  725      3130     
 5463.42 1419    27253    1.72038    1.72181    0.00143038  652      3140     
 5481.96 1422    27307    1.72038    1.72181    0.00143037  706      3145     
 5495.74 1424    27350    1.72038    1.72181    0.00143037  721      3148     
 5517.54 1427    27400    1.72038    1.72181    0.00143036  647      3152     
 5523.96 1430    27453    1.72038    1.72181    0.00143032  700      3153     
 5533.56 1433    27507    1.72038    1.72181    0.00143032  729      3155     
 5542    1435    27550    1.72038    1.72181    0.00143032  741      3157     
 5554.36 1438    27600    1.72038    1.72181    0.00143017  791      3160     
 5577.71 1441    27651    1.72038    1.72181    0.00143015  634      3164     
 5589.2  1444    27705    1.72038    1.72181    0.00143015  688      3167     
 5605.26 1447    27750    1.72038    1.72181    0.00143008  703      3172     
 5620.9  1449    27800    1.72038    1.72181    0.00143008  718      3176     
 5641.8  1452    27851    1.72038    1.72181    0.00143004  631      3180     
 5661.6  1455    27905    1.72038    1.72181    0.00142996  685      3186     
 5675.46 1458    27950    1.72038    1.72181    0.00142986  708      3190     
 5687.06 1460    28000    1.72038    1.72181    0.00142973  741      3193     
 5702.15 1463    28050    1.72038    1.72181    0.00142971  649      3195     
 5714.54 1466    28101    1.72038    1.72181    0.00142967  700      3198     
 5727.89 1469    28155    1.72038    1.72181    0.00142952  731      3202     
 5734.33 1472    28200    1.72038    1.72181    0.00142951  750      3203     
 5746.28 1474    28250    1.72038    1.72181    0.00142951  800      3206     
 5766.1  1477    28300    1.72038    1.72181    0.0014295   654      3209     
 5781.23 1480    28353    1.72038    1.72181    0.0014295   707      3213     
 5797    1483    28407    1.72038    1.72181    0.00142949  736      3217     
 5809.31 1485    28450    1.72038    1.72181    0.00142949  750      3220     
 5832.27 1488    28500    1.72038    1.72181    0.00142948  659      3224     
 5848.79 1491    28551    1.72038    1.72181    0.00142946  710      3229     
 5864.15 1494    28605    1.72038    1.72181    0.00142945  751      3233     
 5875.55 1497    28650    1.72038    1.72181    0.00142922  777      3238     
 5898.79 1499    28700    1.72038    1.72181    0.00142921  665      3242     
 5912.75 1502    28750    1.72038    1.72181    0.00142921  715      3246     
 5929.65 1505    28803    1.72038    1.72181    0.00142918  746      3251     
 5953.13 1508    28850    1.72038    1.72181    0.00142916  770      3259     
 5970.44 1510    28900    1.72038    1.72181    0.00142913  666      3261     
 5980.83 1513    28950    1.72038    1.72181    0.00142908  716      3263     
 5996.74 1516    29003    1.72038    1.72181    0.00142877  752      3267     
 6021.12 1519    29057    1.72038    1.72181    0.0014287   785      3275     
 6027.65 1521    29100    1.72038    1.72181    0.00142868  828      3276     
 6052.63 1524    29150    1.72038    1.72181    0.00142866  680      3280     
 6066.05 1527    29200    1.72038    1.72181    0.00142863  730      3283     
 6076.78 1530    29253    1.72038    1.72181    0.00142859  765      3285     
 6101.79 1533    29307    1.72038    1.72181    0.00142852  792      3290     
 6115.08 1535    29350    1.72038    1.72181    0.00142845  835      3293     
 6136.33 1538    29400    1.72038    1.72181    0.00142845  680      3296     
 6151.17 1541    29450    1.72038    1.72181    0.00142844  730      3300     
 6164.84 1544    29503    1.72038    1.72181    0.00142838  759      3303     
 6178.89 1547    29557    1.72038    1.72181    0.00142836  780      3306     
 6188.67 1549    29600    1.72038    1.72181    0.00142836  823      3308     
 6219.29 1552    29650    1.72038    1.72181    0.00142833  681      3314     
 6239.56 1555    29700    1.72038    1.72181    0.00142826  731      3320     
 6256.49 1558    29751    1.72038    1.72181    0.00142821  765      3325     
 6322.8  1561    29803    1.72038    1.7218     0.00141693  708      3346     
 6351.66 1564    29857    1.72038    1.72179    0.00140505  762      3354     
 6355.22 1566    29900    1.72038    1.72179    0.00140505  783      3354     
 6360.17 1569    29950    1.72038    1.72179    0.00140496  833      3354     
 6376.83 1572    30001    1.72038    1.72179    0.00140495  701      3355     
 6393.26 1575    30057    1.72038    1.72179    0.00140494  757      3359     
 6399.91 1577    30100    1.72038    1.72179    0.00140494  769      3360     
 6410.44 1580    30150    1.72038    1.72179    0.00140494  784      3362     
 6414.83 1583    30201    1.72038    1.72179    0.00140488  835      3362     
 6429.2  1586    30255    1.72038    1.72179    0.00140482  852      3365     
 6446.55 1589    30300    1.72038    1.72179    0.00140481  897      3369     
 6469.6  1591    30350    1.72038    1.72179    0.00140477  682      3371     
 6479.82 1594    30400    1.72038    1.72179    0.00140475  732      3373     
 6501.43 1597    30455    1.72038    1.72179    0.00140475  758      3378     
 6517.05 1600    30500    1.72038    1.72179    0.00140475  778      3381     
 6529.98 1602    30550    1.72038    1.72179    0.00140474  828      3384     
 6541.73 1605    30600    1.72038    1.72179    0.00140473  852      3387     
 6546.37 1608    30651    1.72038    1.72179    0.00140472  903      3387     
 6566.74 1611    30705    1.72038    1.72179    0.00140455  684      3389     
 6574.38 1613    30750    1.72038    1.72179    0.00140454  729      3390     
 6581.42 1616    30800    1.72038    1.72179    0.00140452  752      3391     
 6592.34 1619    30850    1.72038    1.72179    0.00140442  802      3393     
 6609.73 1622    30903    1.72038    1.72179    0.00140435  819      3397     
 6630.82 1625    30957    1.72038    1.72179    0.00140433  847      3402     
 6645.21 1627    31000    1.72038    1.72179    0.00140433  890      3405     
 6672.65 1630    31050    1.72038    1.72179    0.00140432  699      3409     
 6682.85 1633    31105    1.72038    1.72179    0.00140432  754      3411     
 6699.1  1636    31150    1.72038    1.72179    0.00140431  770      3415     
 6712.36 1638    31200    1.72038    1.72179    0.0014043   787      3418     
 6731.78 1641    31251    1.72038    1.72179    0.0014043   838      3423     
 6746.66 1644    31305    1.72038    1.72179    0.0014042   862      3426     
 6767.61 1647    31350    1.72038    1.72179    0.0014042   721      3428     
 6778.59 1649    31400    1.72038    1.72179    0.00140418  771      3430     
 6788.48 1652    31450    1.72038    1.72179    0.00140418  795      3432     
 6805.08 1655    31501    1.72038    1.72179    0.00140417  846      3436     
 6815.92 1658    31553    1.72038    1.72179    0.00140415  868      3438     
 6828.59 1661    31607    1.72038    1.72179    0.00140408  878      3440     
 6839.45 1664    31650    1.72038    1.72179    0.00140407  921      3442     
 6851.01 1666    31700    1.72038    1.72179    0.00140407  932      3444     
 6874.38 1669    31751    1.72038    1.72179    0.00140406  719      3446     
 6887.68 1672    31801    1.72038    1.72179    0.00140388  769      3449     
 6912.44 1675    31855    1.72038    1.72179    0.00140374  797      3455     
 6929.02 1677    31900    1.72038    1.72179    0.00140372  823      3459     
 6942.78 1680    31950    1.72038    1.72179    0.00140367  873      3462     
 6957.9  1683    32001    1.72038    1.72179    0.00140365  887      3466     
 6993.56 1686    32055    1.72038    1.72179    0.0014036   727      3472     
 7003.44 1689    32100    1.72038    1.72179    0.00140354  772      3474     
 7014.01 1691    32150    1.72038    1.72179    0.00140354  792      3476     
 7028.53 1694    32200    1.72038    1.72179    0.00140353  842      3479     
 7044.29 1697    32251    1.72038    1.72179    0.00140348  856      3482     
 7086.97 1700    32305    1.72038    1.72179    0.00140334  747      3491     
 7102.25 1703    32350    1.72038    1.72179    0.00140334  792      3495     
 7116.51 1705    32400    1.72038    1.72179    0.00140329  819      3498     
 7135.47 1708    32450    1.72038    1.72179    0.00140328  869      3502     
 7159.23 1711    32503    1.72038    1.72179    0.00140326  895      3507     
 7172.72 1714    32557    1.72038    1.72179    0.00140326  909      3509     
 7199.45 1716    32600    1.72038    1.72179    0.00140323  760      3513     
 7224.1  1719    32650    1.72038    1.72179    0.0014031   810      3520     
 7246.52 1722    32701    1.72038    1.72179    0.00140307  830      3527     
 7266.88 1725    32755    1.72038    1.72179    0.00140288  884      3534     
 7310.2  1728    32800    1.72038    1.72179    0.00140282  783      3543     
 7315.94 1730    32850    1.72038    1.72179    0.00140277  833      3543     
 7332.87 1733    32900    1.72038    1.72179    0.00140274  856      3547     
 7349.53 1736    32950    1.72038    1.72179    0.00140273  906      3550     
 7370.34 1739    33003    1.72038    1.72179    0.0014027   928      3554     
 7403.19 1742    33057    1.72038    1.72179    0.00140255  956      3561     
 7437.64 1744    33100    1.72038    1.72179    0.00140248  815      3566     
 7458.04 1747    33150    1.72038    1.72179    0.00140242  865      3571     
 7466.64 1750    33200    1.72038    1.72179    0.00140242  899      3572     
 7485.16 1753    33257    1.72038    1.72179    0.00140241  956      3576     
 7492.58 1755    33300    1.72038    1.72179    0.00140241  973      3577     
 7517.56 1758    33350    1.72038    1.72179    0.00140239  1023     3582     
 7542.02 1761    33400    1.72038    1.72179    0.00140239  1032     3587     
 7566.9  1764    33451    1.72038    1.72179    0.00140238  814      3588     
 7594.76 1767    33505    1.72038    1.72179    0.00140237  868      3594     
 7610.97 1770    33557    1.72038    1.72179    0.00140236  892      3598     
 7628.77 1772    33600    1.72038    1.72179    0.00140232  935      3603     
 7647.81 1775    33650    1.72038    1.72179    0.00140226  960      3608     
 7655.92 1778    33701    1.72038    1.72179    0.00140225  1011     3609     
 7677.94 1781    33757    1.72038    1.72179    0.00140221  1029     3614     
 7715.34 1783    33800    1.72038    1.72179    0.0014022   829      3620     
 7731.52 1786    33850    1.72038    1.72179    0.00140203  879      3625     
 7742.08 1789    33900    1.72038    1.72179    0.00140203  906      3627     
 7763.9  1792    33951    1.72038    1.72179    0.00140196  957      3634     
 7774.17 1795    34001    1.72038    1.72179    0.0014019   975      3635     
 7798.29 1798    34055    1.72038    1.72179    0.00140187  1029     3640     
 7806.78 1801    34100    1.72038    1.72179    0.00140186  1028     3641     
 7824.2  1803    34150    1.72038    1.72179    0.0014016   1078     3644     
 7854.92 1806    34200    1.72038    1.72178    0.00140147  829      3647     
 7860.17 1809    34250    1.72038    1.72178    0.00140147  879      3647     
 7878.66 1812    34303    1.72038    1.72178    0.00140147  895      3650     
 7895.19 1815    34357    1.72038    1.72178    0.00140146  949      3653     
 7907.19 1817    34400    1.72038    1.72178    0.00140143  966      3655     
 7923.1  1820    34450    1.72038    1.72178    0.00140142  1016     3659     
 7940.99 1823    34500    1.72038    1.72178    0.00140081  1028     3662     
 7958.73 1826    34550    1.72038    1.72178    0.00140073  1078     3665     
 7989.07 1829    34600    1.72038    1.72178    0.0014007   853      3668     
 8007.1  1832    34650    1.72038    1.72178    0.00140064  903      3672     
 8034.5  1835    34705    1.72038    1.72178    0.00140063  928      3679     
 8047    1838    34757    1.72038    1.72178    0.00140051  980      3681     
 8069.94 1840    34800    1.72038    1.72178    0.00140047  986      3687     
 8100.75 1843    34850    1.72038    1.72178    0.00140043  1036     3694     
 8132.69 1846    34900    1.72038    1.72178    0.00140038  858      3698     
 8138.05 1849    34950    1.72038    1.72178    0.00140037  908      3698     
 8147.88 1852    35001    1.72038    1.72178    0.00140036  922      3699     
 8165.9  1855    35055    1.72038    1.72178    0.00140035  976      3702     
 8183.69 1858    35105    1.72038    1.72178    0.00140034  988      3705     
 8200.91 1861    35150    1.72038    1.72178    0.00140034  1033     3708     
 8211.16 1863    35200    1.72038    1.72178    0.00140033  1037     3709     
 8243.65 1866    35250    1.72038    1.72178    0.00140012  1087     3716     
 8316.74 1869    35300    1.72038    1.72177    0.00139044  860      3729     
 8381.2  1872    35350    1.72038    1.72175    0.00136671  910      3746     
 8387.42 1875    35401    1.72038    1.72175    0.00136657  947      3746     
 8397.86 1878    35455    1.72038    1.72175    0.00136657  1001     3747     
 8407.01 1881    35500    1.72038    1.72175    0.00136652  991      3748     
 8418.66 1883    35550    1.72038    1.72175    0.00136652  1041     3750     
 8440.68 1886    35600    1.72038    1.72175    0.00136649  866      3751     
 8447.39 1889    35653    1.72038    1.72175    0.00136649  919      3751     
 8457.35 1892    35707    1.72038    1.72175    0.00136644  929      3752     
 8465.71 1894    35750    1.72038    1.72175    0.00136644  972      3753     
 8472.1  1897    35800    1.72038    1.72175    0.00136643  968      3753     
 8482.47 1900    35851    1.72038    1.72175    0.00136643  1019     3754     
 8496.25 1903    35907    1.72038    1.72175    0.00136643  1023     3756     
 8505.65 1905    35950    1.72038    1.72175    0.00136643  1066     3757     
 8518.86 1908    36000    1.72038    1.72175    0.00136641  1065     3759     
 8536.72 1911    36053    1.72038    1.72175    0.00136641  1118     3762     
 8569.02 1914    36100    1.72038    1.72175    0.00136641  820      3765     
 8577.87 1916    36150    1.72038    1.72175    0.00136641  870      3766     
 8594.14 1919    36201    1.72038    1.72175    0.0013664   884      3769     
 8611.67 1922    36257    1.72038    1.72175    0.0013664   940      3772     
 8627.73 1924    36300    1.72038    1.72175    0.0013664   945      3775     
 8645.21 1927    36351    1.72038    1.72175    0.00136617  996      3778     
 8661.08 1930    36407    1.72038    1.72175    0.00136608  1019     3781     
 8672.43 1932    36450    1.72038    1.72175    0.00136608  1062     3783     
 8687.82 1935    36500    1.72038    1.72175    0.00136605  1064     3786     
 8701.6  1938    36553    1.72038    1.72175    0.00136604  1117     3788     
 8733.4  1941    36607    1.72038    1.72175    0.00136604  822      3791     
 8747.41 1943    36650    1.72038    1.72175    0.00136601  865      3794     
 8759.34 1946    36700    1.72038    1.72175    0.001366    882      3796     
 8774.02 1949    36751    1.72038    1.72175    0.00136597  933      3799     
 8783.78 1952    36805    1.72038    1.72175    0.00136595  953      3800     
 8795.72 1955    36850    1.72038    1.72175    0.00136595  998      3802     
 8809.01 1957    36900    1.72038    1.72175    0.0013659   1005     3804     
 8822.94 1960    36950    1.72038    1.72175    0.0013659   1055     3806     
 8836.72 1963    37003    1.72038    1.72175    0.00136589  1067     3808     
 8870.82 1966    37057    1.72038    1.72175    0.00136588  818      3811     
 8887.89 1968    37100    1.72038    1.72175    0.00136581  861      3815     
 8896.76 1971    37150    1.72038    1.72175    0.00136577  880      3816     
 8912.92 1974    37201    1.72038    1.72175    0.00136576  931      3819     
 8923.43 1977    37255    1.72038    1.72175    0.00136576  949      3820     
 8937.48 1979    37300    1.72038    1.72175    0.00136576  994      3822     
 8947.3  1982    37350    1.72038    1.72175    0.00136569  1011     3823     
 8970.49 1985    37401    1.72038    1.72175    0.00136568  1062     3827     
 8984.73 1988    37455    1.72038    1.72175    0.00136568  1075     3829     
 8998.41 1991    37500    1.72038    1.72175    0.00136567  1120     3831     
 9032.35 1993    37550    1.72038    1.72175    0.00136567  811      3834     
 9053.33 1996    37600    1.72038    1.72175    0.00136565  861      3839     
 9072.04 1999    37653    1.72038    1.72175    0.00136562  882      3843     
 9096.11 2002    37707    1.72038    1.72175    0.00136561  936      3849     
 9116.37 2004    37750    1.72038    1.72175    0.00136556  941      3853     
 9132.85 2007    37800    1.72038    1.72175    0.00136554  991      3856     
 9151.22 2010    37853    1.72038    1.72175    0.00136552  1009     3860     
 9181.07 2013    37907    1.72038    1.72175    0.00136551  815      3863     
 9196.72 2015    37950    1.72038    1.72175    0.00136549  858      3866     
 9211.92 2018    38000    1.72038    1.72175    0.00136547  876      3869     
 9224    2021    38050    1.72038    1.72175    0.00136541  926      3871     
 9250.66 2024    38103    1.72038    1.72175    0.00136517  948      3876     
 9267.42 2027    38157    1.72038    1.72175    0.00136516  1002     3879     
 9278.48 2029    38200    1.72038    1.72175    0.00136516  1005     3881     
 9318.41 2032    38250    1.72038    1.72175    0.00136513  797      3887     
 9340.24 2035    38301    1.72038    1.72175    0.00136512  848      3892     
 9358.22 2038    38355    1.72038    1.72175    0.00136506  874      3895     
 9380.72 2041    38400    1.72038    1.72175    0.00136506  919      3900     
 9389.59 2043    38450    1.72038    1.72175    0.00136488  931      3901     
 9395.96 2046    38500    1.72038    1.72175    0.00136488  981      3901     
 9411.11 2049    38555    1.72038    1.72175    0.00136487  997      3904     
 9436.46 2051    38600    1.72038    1.72175    0.00136484  1042     3910     
 9462.65 2054    38650    1.72038    1.72175    0.00136483  806      3911     
 9484.49 2057    38700    1.72038    1.72175    0.00136481  856      3916     
 9501.53 2060    38753    1.72038    1.72175    0.0013648   884      3919     
 9539.85 2063    38807    1.72038    1.72175    0.00136444  938      3931     
 9607.38 2066    38857    1.72038    1.72174    0.00135677  821      3944     
 9615.26 2068    38900    1.72038    1.72174    0.00135675  864      3945     
 9634    2071    38950    1.72038    1.72174    0.00135674  887      3948     
 9651.62 2074    39005    1.72038    1.72174    0.00135673  942      3951     
 9671.01 2077    39050    1.72038    1.72174    0.00135672  948      3954     
 9682.12 2079    39100    1.72038    1.72174    0.00135668  998      3955     
 9692.56 2082    39150    1.72038    1.72174    0.00135668  1009     3956     
 9719.92 2085    39203    1.72038    1.72174    0.00135667  1062     3961     
 9755.85 2088    39257    1.72038    1.72174    0.00135667  814      3964     
 9769.4  2090    39300    1.72038    1.72174    0.00135666  857      3966     
 9783.44 2093    39350    1.72038    1.72174    0.00135655  876      3968     
 9801.86 2096    39401    1.72038    1.72174    0.00135654  927      3971     
 9816.32 2099    39455    1.72038    1.72174    0.00135622  952      3973     
 9846.09 2102    39500    1.72038    1.72174    0.00135621  997      3979     
 9864.33 2104    39550    1.72038    1.72174    0.00135619  1009     3982     
 9875.2  2107    39600    1.72038    1.72174    0.00135619  1059     3983     
 9885.85 2110    39653    1.72038    1.72174    0.00135619  1074     3984     
 9926.34 2113    39705    1.72038    1.72174    0.00135613  797      3988     
 9939.18 2116    39757    1.72038    1.72174    0.00135613  849      3990     
 9959.35 2118    39800    1.72038    1.72174    0.00135612  862      3994     
 9973.38 2121    39850    1.72038    1.72174    0.00135611  912      3996     
 9994.77 2124    39900    1.72038    1.72174    0.00135611  929      4000     
 10022.4 2127    39953    1.72038    1.72174    0.001356    982      4007     
-------------------------------------------------------------------------------

SARSOP finishing ...
  Preset timeout reached
  Timeout     : 10000.000000s
  Actual Time : 10022.400000s

-------------------------------------------------------------------------------
 Time   |#Trial |#Backup |LBound    |UBound    |Precision  |#Alphas |#Beliefs  
-------------------------------------------------------------------------------
 10022.4 2127    39953    1.72038    1.72174    0.001356    967      4007     
-------------------------------------------------------------------------------

Writing out policy ...
  output file : ram_pomdp_soln/3e66a6e2c67.policyx

