
Loading the model ...
  input file   : /home/rstudio/projects/pomdp-ram/notebook/ram_pomdp_soln/3e670edcd3f.pomdpx
  loading time : 7.74s 

SARSOP initializing ...
  initialization time : 512.16s

-------------------------------------------------------------------------------
 Time   |#Trial |#Backup |LBound    |UBound    |Precision  |#Alphas |#Beliefs  
-------------------------------------------------------------------------------
 512.16  0       0        1.95737    3.25399    1.29663     120      1        
 514.01  2       50       2.4747     2.69168    0.216978    67       28       
 517.97  4       100      2.5758     2.69153    0.115735    66       51       
 523.44  6       159      2.60999    2.69146    0.0814739   33       74       
 534.8   7       200      2.62309    2.69132    0.0682254   31       100      
 548.51  9       255      2.63777    2.69121    0.0534342   22       121      
 567.03  10      300      2.64233    2.69118    0.0488516   26       146      
 585.83  12      355      2.64985    2.69107    0.0412269   25       167      
 621.98  13      400      2.65088    2.69081    0.0399299   25       195      
 654.24  15      459      2.65479    2.69065    0.0358595   26       219      
 689.11  16      500      2.65619    2.69057    0.0343832   29       242      
 748.01  18      567      2.65762    2.69048    0.0328624   37       272      
 785.85  19      603      2.6579     2.69047    0.0325666   30       289      
 858.06  20      650      2.65821    2.69041    0.0322075   30       318      
 902     22      705      2.65896    2.6904     0.0314418   21       335      
 976.09  23      750      2.6594     2.69039    0.0309885   27       361      
 1043.3  25      809      2.66006    2.69037    0.0303046   18       384      
 1114.17 26      850      2.66048    2.69036    0.0298806   25       406      
 1210.8  28      915      2.66105    2.69033    0.0292784   26       435      
 1269.87 29      950      2.66139    2.69024    0.0288468   29       452      
 1392.87 31      1000     2.66168    2.69023    0.0285543   34       483      
 1461.22 32      1053     2.66183    2.69022    0.0283835   29       500      
 1580.46 33      1100     2.66187    2.6902     0.0283272   40       528      
 1672.13 35      1157     2.66203    2.69018    0.0281521   30       548      
 1775.82 36      1200     2.66216    2.69015    0.0279917   35       571      
 1890.24 38      1261     2.66241    2.69012    0.0277142   29       595      
 1992.58 39      1300     2.66256    2.69011    0.0275443   28       615      
 2140.34 41      1365     2.66271    2.69008    0.0273758   31       644      
 2248.34 42      1400     2.66274    2.69007    0.0273368   38       663      
 2407.59 44      1467     2.66302    2.69001    0.0269862   41       693      
 2501.19 45      1501     2.66307    2.69       0.0269379   35       708      
 2681.08 46      1550     2.6631     2.69       0.0268981   47       737      
 2786.72 48      1605     2.66318    2.68999    0.0268121   46       755      
 2967.95 49      1650     2.6632     2.68999    0.0267935   57       782      
 3098.72 51      1707     2.66325    2.68998    0.0267331   52       802      
 3262.79 52      1750     2.66325    2.68998    0.0267304   70       824      
 3429.63 54      1809     2.66329    2.68997    0.0266807   53       847      
 3585.16 55      1850     2.66333    2.68996    0.0266309   57       867      
 3747.07 57      1911     2.66337    2.68996    0.0265875   48       889      
 3908.85 58      1950     2.66341    2.68993    0.0265187   50       909      
 4133.04 60      2015     2.66349    2.68993    0.026431    61       938      
 4277.38 61      2050     2.6635     2.68992    0.0264117   63       955      
 4473.5  63      2113     2.66352    2.68991    0.0263809   71       983      
 4599.95 64      2150     2.66356    2.68988    0.0263244   65       1000     
 4787.53 66      2213     2.66366    2.68984    0.0261857   56       1028     
 4898.83 67      2250     2.66367    2.68984    0.0261669   60       1048     
 5076.26 69      2315     2.66379    2.68969    0.0258925   58       1077     
 5188.72 70      2350     2.66382    2.68968    0.0258597   71       1094     
 5360.24 72      2415     2.66386    2.68968    0.0258167   53       1122     
 5441.74 73      2450     2.66387    2.68968    0.0258084   53       1137     
 5609.06 75      2500     2.66387    2.68968    0.0258027   65       1167     
 5702.93 76      2550     2.66389    2.68966    0.0257786   67       1182     
 5877.11 78      2600     2.66389    2.68966    0.0257755   75       1210     
 5980.42 79      2651     2.66401    2.68962    0.0256036   62       1225     
 6201.35 80      2700     2.66405    2.68961    0.0255648   56       1256     
 6318.66 82      2751     2.66419    2.68956    0.0253686   51       1272     
 6506.4  83      2800     2.66422    2.68955    0.025322    64       1299     
 6610.28 85      2851     2.66426    2.68954    0.0252864   59       1314     
 6832.89 87      2900     2.66426    2.68954    0.0252797   73       1344     
 6943.16 88      2951     2.66429    2.68954    0.0252501   73       1360     
 7185.12 89      3000     2.66429    2.68954    0.0252444   92       1391     
 7322.32 91      3050     2.66433    2.6895     0.0251654   87       1406     
 7569.69 93      3115     2.66434    2.6895     0.0251515   86       1435     
 7724.34 94      3150     2.66439    2.68947    0.0250824   87       1450     
 7969.18 96      3213     2.66444    2.68947    0.0250326   65       1479     
 8126.81 97      3250     2.66446    2.68946    0.0249986   62       1496     
 8373.34 99      3315     2.6645     2.68946    0.0249596   65       1525     
 8523.65 100     3351     2.66453    2.68945    0.0249198   70       1542     
 8869.32 101     3400     2.66455    2.68945    0.0249012   71       1572     
 9021.84 103     3451     2.66457    2.68944    0.0248717   72       1587     
 9361.7  104     3500     2.66459    2.68942    0.0248264   83       1615     
 9535.52 106     3551     2.66461    2.68938    0.0247708   78       1631     
 9865.53 107     3600     2.66464    2.68938    0.0247337   64       1662     
 9996.94 109     3650     2.66466    2.68938    0.0247186   70       1675     
 10324.5 111     3715     2.66467    2.68937    0.0246955   77       1705     
-------------------------------------------------------------------------------

SARSOP finishing ...
  Preset timeout reached
  Timeout     : 10000.000000s
  Actual Time : 10324.530000s

-------------------------------------------------------------------------------
 Time   |#Trial |#Backup |LBound    |UBound    |Precision  |#Alphas |#Beliefs  
-------------------------------------------------------------------------------
 10324.5 111     3715     2.66467    2.68937    0.0246955   77       1705     
-------------------------------------------------------------------------------

Writing out policy ...
  output file : ram_pomdp_soln/3e670edcd3f.policyx

