
Loading the model ...
  input file   : /home/rstudio/projects/pomdp-ram/notebook/ram_pomdp_soln/3e679f00b51.pomdpx
  loading time : 7.55s 

SARSOP initializing ...
  initialization time : 382.82s

-------------------------------------------------------------------------------
 Time   |#Trial |#Backup |LBound    |UBound    |Precision  |#Alphas |#Beliefs  
-------------------------------------------------------------------------------
 382.82  0       0        1.85919    2.72525    0.866065    120      1        
 383.25  3       50       2.33353    2.47001    0.136485    75       29       
 383.93  6       101      2.41248    2.46999    0.0575123   84       50       
 385.14  9       150      2.43086    2.46998    0.0391221   104      75       
 386.63  11      203      2.44979    2.46996    0.020175    109      96       
 388.53  13      250      2.45447    2.46995    0.0154824   90       114      
 391.2   15      300      2.45825    2.46994    0.0116907   64       140      
 395.03  17      350      2.46065    2.46992    0.00927254  59       165      
 399.34  19      400      2.4617     2.46991    0.00820717  40       187      
 404.59  22      450      2.46265    2.46989    0.00724058  40       212      
 407.39  24      507      2.46409    2.46987    0.00577917  40       229      
 413.47  26      561      2.46456    2.46985    0.00529419  34       254      
 420.65  27      600      2.46466    2.46984    0.00518082  35       279      
 428.28  29      650      2.46501    2.46982    0.00481945  34       302      
 435.85  31      700      2.46512    2.46982    0.00469403  38       322      
 446.1   33      750      2.46526    2.4698     0.0045418   39       346      
 454.84  35      800      2.46539    2.46979    0.00439769  28       364      
 466.96  37      850      2.46564    2.46978    0.00414515  28       387      
 479.36  39      900      2.46579    2.46977    0.00398322  33       409      
 490.26  41      950      2.46587    2.46976    0.00389017  34       426      
 502.74  43      1000     2.46595    2.46976    0.0038074   34       446      
 516.89  45      1050     2.46599    2.46976    0.00376492  33       468      
 533.89  47      1100     2.46606    2.46973    0.00367009  34       493      
 548.49  49      1150     2.46609    2.46973    0.00363714  34       514      
 565.52  52      1211     2.46616    2.46971    0.00355092  39       537      
 582.51  54      1259     2.46622    2.46969    0.00347753  37       559      
 599.84  56      1309     2.46625    2.46969    0.00344192  35       580      
 615.91  58      1357     2.46629    2.46968    0.00339492  41       598      
 636.21  60      1405     2.4663     2.46968    0.00337776  42       617      
 656.56  62      1453     2.46632    2.46968    0.00336249  48       639      
 675.42  64      1500     2.46634    2.46967    0.0033345   48       659      
 689.87  66      1550     2.46666    2.46967    0.00301242  42       676      
 705.51  68      1600     2.46667    2.46967    0.00299509  40       693      
 726.99  70      1650     2.4667     2.46966    0.00296463  46       713      
 750.78  72      1705     2.46671    2.46966    0.00295283  42       735      
 776.45  74      1757     2.46672    2.46966    0.00293957  41       757      
 802.42  76      1807     2.46672    2.46965    0.00293242  44       778      
 821.37  78      1855     2.46672    2.46965    0.0029281   55       794      
 853.43  80      1907     2.46673    2.46965    0.00291956  53       818      
 880.66  82      1959     2.46673    2.46964    0.00291279  52       839      
 908.57  84      2011     2.46673    2.46964    0.00290745  51       859      
 940.92  86      2061     2.46674    2.46963    0.00289247  60       881      
 969.93  88      2111     2.46674    2.46963    0.00288988  57       900      
 1001.11 89      2150     2.46674    2.46963    0.00288555  57       922      
 1026.69 92      2200     2.46675    2.46963    0.00287731  52       941      
 1051.44 94      2259     2.46678    2.46962    0.00283324  45       957      
 1081.3  96      2309     2.46679    2.46961    0.00282285  45       976      
 1116.43 98      2357     2.46679    2.46961    0.00281627  49       996      
 1142.85 100     2407     2.46679    2.46961    0.00281396  58       1014     
 1174.58 102     2455     2.46679    2.46961    0.00281282  53       1033     
 1209.76 104     2501     2.4668     2.4696     0.0028067   54       1053     
 1245.64 106     2550     2.4668     2.4696     0.0028049   55       1072     
 1280.94 108     2600     2.4668     2.4696     0.00280154  56       1092     
 1323.53 110     2650     2.4668     2.4696     0.00280102  64       1115     
 1357.93 112     2700     2.4668     2.4696     0.00279834  66       1133     
 1402.93 115     2759     2.4668     2.4696     0.0027931   63       1155     
 1443.38 117     2805     2.46681    2.46959    0.00278837  61       1173     
 1488.29 119     2853     2.46681    2.46959    0.0027835   57       1194     
 1536.81 121     2900     2.46682    2.46958    0.00275965  54       1216     
 1586.79 123     2950     2.46686    2.46957    0.00270234  58       1238     
 1639.81 125     3000     2.46687    2.46956    0.0026887   60       1260     
 1688.86 127     3050     2.46687    2.46956    0.00268558  59       1281     
 1734.74 130     3109     2.46688    2.46956    0.00268136  62       1301     
 1776.87 132     3157     2.46688    2.46956    0.0026786   62       1318     
 1824.94 134     3203     2.46688    2.46955    0.00267403  72       1337     
 1879.16 136     3251     2.46688    2.46955    0.00266967  68       1357     
 1929.44 138     3300     2.46688    2.46955    0.00266822  63       1377     
 1986.99 140     3350     2.46688    2.46954    0.00266264  67       1399     
 2033.28 143     3400     2.46691    2.46953    0.00262026  72       1417     
 2080.96 145     3459     2.46691    2.46953    0.00261737  60       1435     
 2133.49 147     3507     2.46691    2.46953    0.00261298  62       1454     
 2190.37 149     3555     2.46691    2.46953    0.00261063  67       1474     
 2247.24 151     3600     2.46691    2.46952    0.00260902  68       1493     
 2303.96 153     3650     2.46691    2.46952    0.00260828  74       1511     
 2363.76 155     3700     2.46692    2.46952    0.00260694  67       1530     
 2426.12 158     3759     2.46692    2.46952    0.00260304  72       1550     
 2481.43 160     3805     2.46692    2.46952    0.00259736  64       1567     
 2542.22 162     3851     2.46692    2.46952    0.00259505  66       1586     
 2607.01 164     3900     2.46692    2.46952    0.00259384  67       1605     
 2676.35 166     3950     2.46692    2.46952    0.00259207  63       1625     
 2738.57 169     4009     2.46693    2.4695     0.00257691  69       1643     
 2794.74 171     4053     2.46693    2.4695     0.00257473  68       1659     
 2856    173     4100     2.46693    2.4695     0.0025739   68       1676     
 2930.64 175     4150     2.46693    2.4695     0.00257348  74       1696     
 3022.01 177     4200     2.46693    2.4695     0.00257155  83       1720     
 3076.85 180     4255     2.46693    2.4695     0.00257077  84       1735     
 3130.09 182     4301     2.46693    2.4695     0.00256692  80       1749     
 3208.95 184     4350     2.46693    2.4695     0.00256595  79       1769     
 3292.87 187     4411     2.46694    2.4695     0.00256125  73       1789     
 3360.7  189     4455     2.46694    2.46949    0.00255863  77       1806     
 3423.98 191     4500     2.46694    2.46949    0.00255648  85       1822     
 3514.41 193     4550     2.46694    2.46949    0.00255366  74       1844     
 3583.3  196     4605     2.46694    2.46949    0.00254791  83       1861     
 3636.38 198     4650     2.46694    2.46948    0.00253752  83       1874     
 3725.32 201     4709     2.46694    2.46947    0.00253386  77       1896     
 3798.85 203     4751     2.46694    2.46947    0.00253121  78       1913     
 3903.27 205     4800     2.46697    2.46946    0.00249316  77       1938     
 3996.09 208     4861     2.46697    2.46946    0.00248947  81       1960     
 4075.74 210     4907     2.46697    2.46945    0.00248688  84       1978     
 4144.82 212     4950     2.46697    2.46944    0.00246847  81       1994     
 4238.9  214     5000     2.46697    2.46944    0.00246584  90       2015     
 4330.99 217     5061     2.46697    2.46944    0.00246505  98       2036     
 4412.06 219     5105     2.46697    2.46943    0.00246212  95       2054     
 4498.44 221     5150     2.46697    2.46943    0.00246138  105      2072     
 4593.04 223     5200     2.46697    2.46943    0.00245968  101      2091     
 4689.86 225     5250     2.46697    2.46943    0.00245839  106      2111     
 4785.5  228     5300     2.46697    2.46943    0.00245617  91       2131     
 4866.43 230     5355     2.46697    2.46943    0.00245428  96       2148     
 4936.42 232     5400     2.46697    2.46943    0.00245338  101      2162     
 5033.15 234     5450     2.46697    2.46942    0.00244843  107      2181     
 5143.69 237     5511     2.46698    2.4694     0.00241733  99       2202     
 5244.3  239     5555     2.46699    2.4694     0.00240506  92       2221     
 5342.19 241     5600     2.46699    2.46939    0.00240172  88       2239     
 5450.46 243     5650     2.46699    2.46939    0.00240054  88       2260     
 5543.37 246     5705     2.46699    2.46939    0.00239921  88       2277     
 5621.84 248     5750     2.46699    2.46939    0.00239826  92       2292     
 5759.32 251     5800     2.46699    2.46939    0.00239678  88       2317     
 5847.89 253     5855     2.46699    2.46939    0.00239522  101      2333     
 5929.67 255     5900     2.46699    2.46939    0.00239435  85       2348     
 6054.06 257     5950     2.46699    2.46939    0.00239287  90       2370     
 6163.88 260     6007     2.46699    2.46939    0.00239159  96       2390     
 6245.05 262     6050     2.46699    2.46938    0.00239036  96       2405     
 6360.4  264     6100     2.46699    2.46938    0.00239     98       2425     
 6442.52 267     6151     2.467      2.46938    0.00238725  100      2439     
 6563.74 269     6200     2.467      2.46938    0.0023865   102      2460     
 6649.24 272     6255     2.467      2.46938    0.0023845   100      2475     
 6730.57 274     6300     2.467      2.46938    0.00238409  104      2489     
 6851.69 276     6350     2.467      2.46938    0.00238234  115      2509     
 6955.8  279     6407     2.467      2.46938    0.00238054  100      2528     
 7055.77 281     6450     2.467      2.46937    0.00237358  96       2546     
 7182.05 284     6500     2.467      2.46937    0.00237196  98       2567     
 7261.4  286     6553     2.467      2.46937    0.0023713   95       2580     
 7411.85 288     6600     2.467      2.46937    0.00237092  89       2604     
 7534.84 291     6655     2.467      2.46937    0.00236814  96       2623     
 7670.26 293     6700     2.467      2.46936    0.00236172  100      2643     
 7787.75 296     6757     2.467      2.46936    0.00235992  98       2661     
 7885.08 298     6800     2.467      2.46936    0.00235935  99       2676     
 8046.56 300     6850     2.467      2.46936    0.00235808  102      2700     
 8161.38 303     6905     2.467      2.46935    0.00234839  102      2717     
 8246.74 305     6950     2.467      2.46934    0.00233683  107      2730     
 8353.67 308     7003     2.46701    2.46932    0.00231234  106      2746     
 8467.64 310     7050     2.46701    2.46932    0.00231081  107      2762     
 8587.93 313     7105     2.46701    2.46932    0.00231013  107      2779     
 8697.38 315     7150     2.46701    2.46932    0.00230962  103      2795     
 8874.45 318     7209     2.46701    2.46932    0.00230788  103      2818     
 9000.17 320     7251     2.46701    2.46932    0.00230717  110      2835     
 9141    322     7300     2.46703    2.4693     0.00226766  103      2856     
 9265.28 325     7357     2.46703    2.4693     0.00226665  93       2874     
 9358.51 327     7400     2.46703    2.4693     0.00226648  100      2888     
 9514.14 329     7450     2.46703    2.4693     0.00226589  105      2912     
 9618.06 332     7501     2.46703    2.4693     0.00226415  105      2928     
 9751.04 334     7550     2.46703    2.46929    0.00225705  105      2950     
 9881.82 337     7609     2.46704    2.46929    0.0022526   103      2970     
 9981.16 339     7653     2.46704    2.46929    0.00225204  108      2987     
 10101.4 341     7700     2.46704    2.46929    0.00225137  106      3005     
-------------------------------------------------------------------------------

SARSOP finishing ...
  Preset timeout reached
  Timeout     : 10000.000000s
  Actual Time : 10101.360000s

-------------------------------------------------------------------------------
 Time   |#Trial |#Backup |LBound    |UBound    |Precision  |#Alphas |#Beliefs  
-------------------------------------------------------------------------------
 10101.4 341     7700     2.46704    2.46929    0.00225137  106      3005     
-------------------------------------------------------------------------------

Writing out policy ...
  output file : ram_pomdp_soln/3e679f00b51.policyx

