
Loading the model ...
  input file   : /home/rstudio/projects/pomdp-ram/notebook/ram_pomdp_soln/3e712600a51.pomdpx
  loading time : 7.60s 

SARSOP initializing ...
  initialization time : 0.74s

-------------------------------------------------------------------------------
 Time   |#Trial |#Backup |LBound    |UBound    |Precision  |#Alphas |#Beliefs  
-------------------------------------------------------------------------------
 0.74    0       0        1.25       1.25       0           120      1        
 0.74    1       1        1.25       1.25       0           1        1        
-------------------------------------------------------------------------------

SARSOP finishing ...
  target precision reached
  target precision  : 0.000002
  precision reached : 0.000000 

-------------------------------------------------------------------------------
 Time   |#Trial |#Backup |LBound    |UBound    |Precision  |#Alphas |#Beliefs  
-------------------------------------------------------------------------------
 0.74    1       1        1.25       1.25       0           1        1        
-------------------------------------------------------------------------------

Writing out policy ...
  output file : ram_pomdp_soln/3e712600a51.policyx

