
Loading the model ...
  input file   : /home/rstudio/projects/pomdp-ram/notebook/ram_pomdp_soln/3e71dbae8f7.pomdpx
  loading time : 8.16s 

SARSOP initializing ...
  initialization time : 563.97s

-------------------------------------------------------------------------------
 Time   |#Trial |#Backup |LBound    |UBound    |Precision  |#Alphas |#Beliefs  
-------------------------------------------------------------------------------
 563.97  0       0        2.14756    3.63895    1.49139     120      1        
 566.3   2       50       2.76444    3.00201    0.23757     65       25       
 571.19  4       107      2.87634    3.00188    0.125536    68       52       
 576.94  5       150      2.89708    3.0018     0.104726    30       74       
 586.4   7       207      2.92998    3.00155    0.0715682   28       97       
 597.95  8       250      2.93678    3.00151    0.0647307   20       121      
 613.97  10      309      2.95063    3.00132    0.0506858   19       144      
 630.37  11      350      2.95479    3.0013     0.0465082   29       163      
 663.63  12      400      2.9582     3.00127    0.0430703   25       194      
 691.88  14      457      2.96264    3.00118    0.0385373   21       214      
 732.86  15      500      2.96312    3.00111    0.0379878   28       237      
 789.1   16      550      2.96412    3.00108    0.0369599   27       268      
 833.16  18      609      2.96505    3.00094    0.0358956   24       288      
 869.92  19      650      2.96653    3.0009     0.0343712   20       306      
 940.48  20      700      2.96768    3.00088    0.0332069   30       337      
 992.74  22      761      2.96879    3.00076    0.031968    25       357      
 1054.18 23      800      2.96907    3.00073    0.0316609   30       376      
 1172.11 24      850      2.96923    3.0007     0.0314716   34       406      
 1259.44 26      911      2.96962    3.00067    0.0310434   30       428      
 1341.64 27      950      2.96976    3.00066    0.0308947   32       447      
 1474.56 28      1000     2.96986    3.00064    0.0307745   40       477      
 1566.36 30      1059     2.97011    3.00062    0.0305099   36       497      
 1674.67 31      1100     2.97015    3.00061    0.0304638   46       518      
 1828.08 32      1150     2.97024    3.0006     0.0303609   39       549      
 1946.64 34      1209     2.97041    3.00056    0.0301493   39       569      
 2050.18 35      1250     2.97073    3.00047    0.0297449   38       588      
 2187.92 36      1300     2.97095    3.00047    0.0295139   38       612      
 2316.58 38      1365     2.97186    3.0004     0.0285425   45       637      
 2422.06 39      1403     2.97198    3.0004     0.0284236   54       653      
 2581.83 40      1450     2.97199    3.00039    0.0283955   48       680      
 2720.97 42      1515     2.97209    3.00038    0.0282953   41       704      
 2845.76 43      1553     2.97216    3.00036    0.0282012   37       722      
 3057.91 44      1600     2.97227    3.00036    0.0280932   46       750      
 3259.97 46      1665     2.97229    3.00035    0.0280566   56       775      
 3405.34 47      1701     2.9723     3.00034    0.0280409   52       792      
 3673.74 48      1750     2.97231    3.00034    0.028025    69       822      
 3854.91 50      1809     2.97237    3.00031    0.0279422   57       843      
 4022.79 51      1850     2.97239    3.00031    0.0279211   56       861      
 4311.7  52      1900     2.9724     3.0003     0.0278979   53       891      
 4551.59 54      1959     2.97245    3.00028    0.0278303   52       910      
 4731.24 55      2000     2.97251    3.00025    0.0277369   49       925      
 5076.82 56      2050     2.97254    3.00024    0.027709    51       956      
 5251.53 58      2109     2.97265    3.00019    0.0275457   53       976      
 5492.57 59      2150     2.97266    3.00019    0.0275228   56       995      
 5909.63 60      2200     2.97267    3.00018    0.0275108   60       1026     
 6171.72 62      2261     2.97271    3.00018    0.0274705   51       1045     
 6422.07 63      2300     2.97278    3.00016    0.0273838   53       1063     
 6826.29 64      2350     2.97279    3.00016    0.0273711   66       1093     
 7086.97 66      2409     2.97284    3.00013    0.0272899   62       1114     
 7333.53 67      2450     2.97295    3.00011    0.0271602   69       1137     
 7567.89 69      2517     2.97297    3.00009    0.0271281   56       1163     
 7694.57 70      2555     2.97297    3.00009    0.0271196   61       1180     
 7887.6  71      2600     2.97297    3.00008    0.0271085   67       1203     
 8129.32 73      2665     2.97312    3.00002    0.0269041   67       1230     
 8307.39 74      2701     2.97314    3.00001    0.0268666   72       1247     
 8674.01 75      2750     2.97315    3          0.0268564   74       1277     
 8959.25 77      2811     2.97315    3          0.0268462   87       1299     
 9200.62 78      2850     2.97315    2.99999    0.0268446   92       1319     
 9513.02 79      2900     2.97316    2.99999    0.0268342   73       1348     
 9740.28 81      2959     2.97319    2.99994    0.0267463   70       1368     
 9976.29 82      3000     2.9732     2.99992    0.026724    77       1388     
 10356   84      3063     2.97324    2.99991    0.0266661   83       1414     
-------------------------------------------------------------------------------

SARSOP finishing ...
  Preset timeout reached
  Timeout     : 10000.000000s
  Actual Time : 10356.050000s

-------------------------------------------------------------------------------
 Time   |#Trial |#Backup |LBound    |UBound    |Precision  |#Alphas |#Beliefs  
-------------------------------------------------------------------------------
 10356   84      3063     2.97324    2.99991    0.0266661   83       1414     
-------------------------------------------------------------------------------

Writing out policy ...
  output file : ram_pomdp_soln/3e71dbae8f7.policyx

