
Loading the model ...
  input file   : /home/rstudio/projects/pomdp-ram/notebook/ram_pomdp_soln/3e72824dda3.pomdpx
  loading time : 8.64s 

SARSOP initializing ...
  initialization time : 425.56s

-------------------------------------------------------------------------------
 Time   |#Trial |#Backup |LBound    |UBound    |Precision  |#Alphas |#Beliefs  
-------------------------------------------------------------------------------
 425.56  0       0        1.39084    1.53445    0.143605    120      1        
 438.37  2       65       1.4068     1.43757    0.0307675   129      34       
 451.17  3       100      1.41482    1.43742    0.0226047   92       56       
 472.93  5       153      1.41845    1.43691    0.018459    92       78       
 522.77  7       213      1.42167    1.43673    0.0150537   92       108      
 561.23  9       250      1.42244    1.43635    0.0139026   90       128      
 640.43  11      309      1.42323    1.43623    0.0130003   90       156      
 701.02  12      350      1.42462    1.43622    0.0115988   93       182      
 773.89  14      401      1.42495    1.43563    0.0106778   121      202      
 932.94  15      450      1.42507    1.4356     0.0105219   149      234      
 1049.1  17      503      1.42524    1.4355     0.0102638   154      253      
 1258.57 18      550      1.42529    1.4355     0.0102149   190      283      
 1414.13 20      607      1.42537    1.4354     0.0100352   225      303      
 1620.09 21      650      1.42541    1.43539    0.00997131  261      327      
 1861.9  23      711      1.42551    1.43537    0.0098648   312      353      
 2046.15 24      750      1.42552    1.43535    0.00983217  341      373      
 2348.83 25      800      1.42553    1.43534    0.00981473  383      404      
 2533.96 27      853      1.42565    1.43526    0.00960717  345      421      
 2873.55 28      900      1.42566    1.43525    0.00958907  272      451      
 3120.49 30      957      1.42567    1.43523    0.00956415  237      471      
 3423.61 31      1000     1.42568    1.43523    0.00955258  186      497      
 3730.76 33      1059     1.42601    1.43519    0.0091792   121      521      
 4026.4  34      1100     1.42604    1.43519    0.00915294  110      544      
 4466.2  36      1165     1.42607    1.43512    0.00905138  129      574      
 4740.37 37      1201     1.42609    1.43509    0.00900504  134      592      
 5047.13 39      1251     1.42623    1.43502    0.00878744  143      616      
 5537.48 40      1300     1.42624    1.43501    0.00876999  157      645      
 6005.42 42      1365     1.42629    1.43499    0.00869708  177      670      
 6324.07 43      1401     1.42629    1.43498    0.00869125  191      687      
 6940.57 44      1450     1.4263     1.43498    0.00867965  210      717      
 7458.3  46      1513     1.42633    1.43498    0.00864836  184      741      
 7886.04 47      1551     1.42633    1.43498    0.00864294  181      759      
 8614.21 48      1600     1.42634    1.43497    0.00863885  193      788      
 9159.31 50      1659     1.42635    1.43496    0.00861304  201      810      
 9708.17 51      1700     1.42635    1.43496    0.00860731  184      830      
 10371.8 52      1750     1.42635    1.43496    0.00860192  170      860      
-------------------------------------------------------------------------------

SARSOP finishing ...
  Preset timeout reached
  Timeout     : 10000.000000s
  Actual Time : 10371.830000s

-------------------------------------------------------------------------------
 Time   |#Trial |#Backup |LBound    |UBound    |Precision  |#Alphas |#Beliefs  
-------------------------------------------------------------------------------
 10371.8 52      1750     1.42635    1.43496    0.00860192  170      860      
-------------------------------------------------------------------------------

Writing out policy ...
  output file : ram_pomdp_soln/3e72824dda3.policyx

