
Loading the model ...
  input file   : /home/rstudio/projects/pomdp-ram/notebook/ram_pomdp_soln/3e72b300d89.pomdpx
  loading time : 7.59s 

SARSOP initializing ...
  initialization time : 871.30s

-------------------------------------------------------------------------------
 Time   |#Trial |#Backup |LBound    |UBound    |Precision  |#Alphas |#Beliefs  
-------------------------------------------------------------------------------
 871.3   0       0        1.51734    2.53415    1.01681     120      1        
 873.02  1       59       1.77682    1.94632    0.169497    39       16       
 873.52  2       139      1.79927    1.94631    0.14704     43       18       
 873.55  2       150      1.79927    1.94631    0.14704     52       18       
 874.02  3       219      1.81091    1.94631    0.135401    41       20       
 874.11  3       250      1.81091    1.94631    0.135401    57       20       
 874.32  4       300      1.81995    1.94631    0.126359    45       20       
 874.88  5       381      1.83395    1.9463     0.112352    40       22       
 874.94  5       400      1.83395    1.9463     0.112352    54       22       
 875.3   6       463      1.84404    1.9463     0.102259    45       23       
 875.42  6       500      1.84404    1.9463     0.102259    58       23       
 876     7       550      1.85281    1.9463     0.0934933   46       25       
 876.47  8       627      1.86094    1.9463     0.0853599   39       26       
 876.55  8       650      1.86094    1.9463     0.0853599   44       26       
 876.94  9       709      1.86652    1.9463     0.0797799   40       27       
 877.29  10      750      1.86652    1.9463     0.0797799   55       28       
 877.49  10      800      1.8725     1.9463     0.0737984   48       28       
 878.24  11      873      1.87727    1.9463     0.069032    15       30       
 878.31  11      900      1.87727    1.9463     0.069032    15       30       
 878.71  12      955      1.88016    1.9463     0.0661353   15       31       
 879.94  13      1037     1.8847     1.9463     0.0615951   12       34       
 879.98  13      1050     1.8847     1.9463     0.0615951   12       34       
 880.18  14      1119     1.88735    1.9463     0.058949    11       34       
 880.25  14      1150     1.88735    1.9463     0.058949    14       34       
 881.1   15      1201     1.8909     1.9463     0.0553982   11       36       
 882.12  16      1283     1.89355    1.9463     0.0527471   11       38       
 882.17  16      1300     1.89355    1.9463     0.0527471   12       38       
 883.35  17      1365     1.89654    1.9463     0.0497609   11       40       
 883.43  17      1400     1.89654    1.9463     0.0497609   12       40       
 883.57  18      1450     1.8991     1.9463     0.0471941   12       40       
 884.26  19      1529     1.90125    1.9463     0.0450463   10       41       
 884.32  19      1550     1.90125    1.9463     0.0450463   11       41       
 885.53  20      1611     1.90327    1.9463     0.0430301   10       43       
 886.85  20      1650     1.90327    1.9463     0.0430301   13       45       
 887.57  21      1700     1.90449    1.94628    0.0417998   12       46       
 888.18  22      1775     1.90702    1.94628    0.0392661   10       47       
 888.25  22      1800     1.90702    1.94628    0.0392661   11       47       
 889.7   23      1857     1.90885    1.94628    0.0374348   12       49       
 891.35  24      1939     1.90996    1.94628    0.0363245   12       51       
 891.4   24      1950     1.90996    1.94628    0.0363245   11       51       
 893     25      2021     1.91159    1.94628    0.034688    12       53       
 893.07  25      2050     1.91159    1.94628    0.034688    11       53       
 893.87  26      2103     1.91263    1.94628    0.033654    11       54       
 895.6   27      2185     1.914      1.94628    0.0322775   12       56       
 895.65  27      2200     1.914      1.94628    0.0322775   11       56       
 898.33  28      2267     1.915      1.94628    0.031279    13       59       
 898.42  28      2300     1.915      1.94628    0.031279    14       59       
 900.92  29      2350     1.9161     1.94627    0.0301674   11       62       
 903.13  30      2431     1.91782    1.94627    0.0284451   12       64       
 903.19  30      2450     1.91782    1.94627    0.0284451   12       64       
 904.49  31      2513     1.91898    1.94627    0.027282    14       65       
 904.6   31      2550     1.91898    1.94627    0.027282    14       65       
 906.95  32      2600     1.91967    1.94626    0.0265978   15       67       
 909.34  33      2677     1.92028    1.94626    0.0259808   13       69       
 909.41  33      2700     1.92028    1.94626    0.0259808   14       69       
 911.46  34      2759     1.92107    1.94626    0.025196    14       71       
 912.64  35      2800     1.92107    1.94626    0.025196    15       72       
 912.82  35      2850     1.92155    1.94626    0.0247149   13       72       
 915.71  36      2925     1.9228     1.94626    0.0234628   13       75       
 915.78  36      2950     1.9228     1.94626    0.0234628   12       75       
 917.02  37      3007     1.92379    1.94626    0.0224712   14       76       
 918.34  38      3089     1.92426    1.94626    0.0220029   12       77       
 918.4   38      3100     1.92426    1.94626    0.0220029   12       77       
 920.75  39      3173     1.92491    1.94626    0.0213533   15       79       
 920.84  39      3200     1.92491    1.94626    0.0213533   15       79       
 922.21  40      3255     1.92569    1.94626    0.0205763   13       80       
 925.34  41      3337     1.92602    1.94626    0.0202442   14       82       
 925.4   41      3350     1.92602    1.94626    0.0202442   15       82       
 930.02  42      3419     1.92631    1.94625    0.0199431   15       85       
 930.12  42      3450     1.92631    1.94625    0.0199431   16       85       
 931.53  43      3501     1.92722    1.94625    0.0190274   13       86       
 934.66  44      3583     1.92779    1.94625    0.0184613   15       88       
 934.73  44      3600     1.92779    1.94625    0.0184613   14       88       
 939.44  45      3667     1.92857    1.94625    0.0176821   13       91       
 939.54  45      3700     1.92857    1.94625    0.0176821   12       91       
 941.36  46      3750     1.92925    1.94625    0.0170003   14       92       
 944.85  47      3831     1.92953    1.94625    0.0167136   13       94       
 944.93  47      3850     1.92953    1.94625    0.0167136   14       94       
 950.3   48      3915     1.92999    1.94625    0.0162594   14       97       
 950.43  48      3950     1.92999    1.94625    0.0162594   15       97       
 953.99  49      4000     1.93058    1.94625    0.0156713   14       99       
 956.1   50      4081     1.93101    1.94625    0.0152388   15       100      
 956.18  50      4100     1.93101    1.94625    0.0152388   16       100      
 958.99  51      4165     1.93136    1.94625    0.0148848   14       102      
 959.12  51      4200     1.93136    1.94625    0.0148848   13       102      
 961.24  52      4250     1.93173    1.94625    0.0145195   15       103      
 965.06  53      4331     1.93223    1.94625    0.0140174   15       105      
 965.15  53      4350     1.93223    1.94625    0.0140174   15       105      
 968.39  54      4415     1.93254    1.94625    0.0137032   15       107      
 968.52  54      4450     1.93254    1.94625    0.0137032   15       107      
 972.96  55      4500     1.93277    1.94625    0.0134798   17       109      
 975.3   56      4579     1.93304    1.94625    0.0132071   15       110      
 975.4   56      4600     1.93304    1.94625    0.0132071   16       110      
 981.89  57      4663     1.93331    1.94625    0.0129354   16       113      
 982.02  57      4700     1.93331    1.94625    0.0129354   17       113      
 984.55  58      4750     1.93342    1.94625    0.0128285   19       114      
 988.82  59      4829     1.93376    1.94625    0.0124905   15       116      
 988.91  59      4850     1.93376    1.94625    0.0124905   15       116      
 993.35  60      4911     1.93399    1.94625    0.0122521   15       118      
 993.49  60      4950     1.93399    1.94625    0.0122521   15       118      
 997.48  61      5000     1.93432    1.94625    0.0119296   18       120      
 1002.4  62      5079     1.93451    1.94625    0.0117331   17       122      
 1002.5  62      5100     1.93451    1.94625    0.0117331   18       122      
 1009.06 63      5163     1.93466    1.94624    0.0115847   19       125      
 1009.2  63      5200     1.93466    1.94624    0.0115847   18       125      
 1013.76 64      5250     1.93502    1.94624    0.0112198   16       127      
 1024.48 65      5329     1.93523    1.94624    0.0110115   16       132      
 1024.57 65      5350     1.93523    1.94624    0.0110115   16       132      
 1027.3  66      5413     1.93548    1.94624    0.0107631   19       133      
 1027.44 66      5450     1.93548    1.94624    0.0107631   20       133      
 1032.68 67      5500     1.93558    1.94624    0.0106577   21       135      
 1040.63 68      5579     1.93583    1.94624    0.010413    17       138      
 1040.74 68      5600     1.93583    1.94624    0.010413    17       138      
 1045.6  69      5663     1.93593    1.94624    0.0103071   18       140      
 1045.76 69      5700     1.93593    1.94624    0.0103071   17       140      
 1051.83 70      5750     1.93609    1.94624    0.0101528   20       142      
 1055.17 71      5829     1.93614    1.94624    0.0101011   21       143      
 1055.29 71      5850     1.93614    1.94624    0.0101011   23       143      
 1066.6  72      5911     1.9362     1.94624    0.0100355   21       147      
 1066.76 72      5950     1.9362     1.94624    0.0100355   23       147      
 1068.89 73      6000     1.93637    1.94624    0.00986433  18       148      
 1071.59 74      6077     1.9365     1.94624    0.00974213  18       149      
 1071.7  74      6100     1.9365     1.94624    0.00974213  18       149      
 1071.93 75      6159     1.93655    1.94624    0.00969034  20       149      
 1081.99 76      6200     1.93655    1.94624    0.00969034  22       153      
 1082.22 76      6250     1.93666    1.94624    0.00957395  22       153      
 1087.14 77      6325     1.93681    1.94624    0.00942418  22       155      
 1087.26 77      6350     1.93681    1.94624    0.00942418  22       155      
 1099.76 78      6409     1.93688    1.94624    0.00935854  22       160      
 1108.18 79      6450     1.93688    1.94624    0.00935854  21       163      
 1108.42 79      6500     1.93699    1.94624    0.00924429  22       163      
 1117.63 80      6573     1.93712    1.94624    0.00911912  22       166      
 1117.78 80      6600     1.93712    1.94624    0.00911912  22       166      
 1131.22 81      6657     1.9372     1.94624    0.00903803  22       170      
 1146.51 82      6741     1.93726    1.94624    0.00897117  21       174      
 1146.61 82      6750     1.93726    1.94624    0.00897117  21       174      
 1155.57 83      6827     1.93739    1.94623    0.00884024  20       177      
 1155.69 83      6850     1.93739    1.94623    0.00884024  20       177      
 1164.48 84      6909     1.93752    1.94623    0.00871959  23       180      
 1173.52 85      6950     1.93752    1.94623    0.00871959  24       183      
 1173.77 85      7000     1.93761    1.94623    0.00862702  23       183      
 1183.71 86      7075     1.9377     1.94623    0.00853791  21       186      
 1183.85 86      7100     1.9377     1.94623    0.00853791  21       186      
 1193.01 87      7159     1.93781    1.94623    0.00842712  21       189      
 1200.68 87      7200     1.93781    1.94623    0.00842712  21       191      
 1201.03 88      7250     1.93791    1.94623    0.00832786  21       191      
 1209.87 89      7325     1.93796    1.94623    0.00827336  21       193      
 1210.03 89      7350     1.93796    1.94623    0.00827336  23       193      
 1222.14 90      7409     1.93804    1.94623    0.0081902   21       196      
 1226.83 91      7450     1.93804    1.94623    0.0081902   22       197      
 1227.11 91      7500     1.93812    1.94623    0.00811209  23       197      
 1239.23 92      7575     1.93817    1.94623    0.0080565   25       200      
 1239.4  92      7600     1.93817    1.94623    0.0080565   25       200      
 1248.62 93      7657     1.93826    1.94623    0.0079701   23       202      
 1257.23 94      7739     1.93831    1.94623    0.00791842  26       204      
 1257.35 94      7750     1.93831    1.94623    0.00791842  27       204      
 1265.77 95      7821     1.93833    1.94622    0.00789695  26       206      
 1265.93 95      7850     1.93833    1.94622    0.00789695  26       206      
 1280.49 96      7905     1.93837    1.94622    0.0078519   24       210      
 1288.51 97      7987     1.93846    1.94622    0.00775328  20       212      
 1288.63 97      8000     1.93846    1.94622    0.00775328  20       212      
 1297.12 98      8069     1.93851    1.94622    0.00770205  20       214      
 1297.29 98      8100     1.93851    1.94622    0.00770205  21       214      
 1308.87 99      8153     1.93856    1.94622    0.00765223  22       217      
 1309.3  100     8235     1.9386     1.94622    0.00761869  26       217      
 1309.43 100     8250     1.9386     1.94622    0.00761869  26       217      
 1327.04 101     8319     1.93863    1.94621    0.00758886  25       221      
 1327.21 101     8350     1.93863    1.94621    0.00758886  25       221      
 1335.78 102     8401     1.93866    1.94621    0.00755375  26       223      
 1348.4  103     8483     1.93873    1.94621    0.00748153  25       226      
 1348.53 103     8500     1.93873    1.94621    0.00748153  25       226      
 1353.42 104     8565     1.93876    1.94621    0.00745608  26       227      
 1353.61 104     8600     1.93876    1.94621    0.00745608  27       227      
 1366.95 105     8650     1.93879    1.94621    0.00742539  26       230      
 1376.22 106     8731     1.93883    1.94621    0.00738181  27       232      
 1376.37 106     8750     1.93883    1.94621    0.00738181  27       232      
 1391.87 107     8815     1.93886    1.94621    0.00735069  30       235      
 1392.08 107     8850     1.93886    1.94621    0.00735069  30       235      
 1397.43 108     8900     1.93889    1.94621    0.00731733  27       236      
 1407.55 109     8979     1.93892    1.94621    0.00728979  28       238      
 1407.71 109     9000     1.93892    1.94621    0.00728979  28       238      
 1417.94 110     9063     1.93895    1.94621    0.0072642   27       240      
 1418.18 110     9100     1.93895    1.94621    0.0072642   27       240      
 1428.56 111     9150     1.93896    1.94621    0.00724883  30       242      
 1441.88 112     9231     1.939      1.94621    0.00721339  27       245      
 1442.04 112     9250     1.939      1.94621    0.00721339  27       245      
 1451.88 113     9313     1.93904    1.94621    0.00716562  25       247      
 1452.14 113     9350     1.93904    1.94621    0.00716562  25       247      
 1456.7  114     9400     1.93907    1.94621    0.00713926  26       248      
 1472.35 115     9479     1.93911    1.94621    0.00710335  27       251      
 1472.5  115     9500     1.93911    1.94621    0.00710335  27       251      
 1486.16 116     9563     1.93914    1.94621    0.0070686   22       254      
 1486.38 116     9600     1.93914    1.94621    0.0070686   22       254      
 1498.1  117     9650     1.93917    1.94621    0.00703926  21       256      
 1509.82 118     9729     1.9392     1.94621    0.00701016  24       258      
 1510    118     9750     1.9392     1.94621    0.00701016  24       258      
 1521.99 119     9811     1.93922    1.94621    0.00698686  24       260      
 1522.22 119     9850     1.93922    1.94621    0.00698686  23       260      
 1526.14 120     9900     1.93925    1.94621    0.00695573  23       261      
 1537.42 121     9975     1.93927    1.94621    0.00693744  25       263      
 1537.62 121     10000    1.93927    1.94621    0.00693744  25       263      
 1544.33 122     10057    1.93929    1.94621    0.00691396  26       264      
 1556.56 123     10139    1.93931    1.9462     0.00689522  25       266      
 1556.69 123     10150    1.93931    1.9462     0.00689522  25       266      
 1563.1  124     10221    1.93932    1.9462     0.00688067  26       267      
 1563.33 124     10250    1.93932    1.9462     0.00688067  26       267      
 1574.87 125     10303    1.93933    1.9462     0.00687243  27       269      
 1585.27 126     10387    1.93934    1.9462     0.00686411  27       271      
 1585.42 126     10400    1.93934    1.9462     0.00686411  27       271      
 1591.36 127     10469    1.93936    1.9462     0.00684238  28       272      
 1591.59 127     10500    1.93936    1.9462     0.00684238  28       272      
 1607.59 128     10553    1.93938    1.9462     0.00682183  27       275      
 1618.75 129     10635    1.9394     1.9462     0.00679998  27       277      
 1618.9  129     10650    1.9394     1.9462     0.00679998  27       277      
 1631.16 130     10717    1.93941    1.9462     0.0067873   27       279      
 1631.37 130     10750    1.93941    1.9462     0.0067873   27       279      
 1640.25 131     10801    1.93943    1.9462     0.00676946  25       281      
 1656.51 132     10883    1.93945    1.94619    0.00674888  28       284      
 1656.67 132     10900    1.93945    1.94619    0.00674888  28       284      
 1663.37 133     10965    1.93948    1.94619    0.00671144  27       285      
 1663.59 133     11000    1.93948    1.94619    0.00671144  27       285      
 1676.77 134     11050    1.9395     1.94619    0.00669263  26       287      
 1689.12 135     11131    1.93952    1.94619    0.00667383  25       289      
 1689.31 135     11150    1.93952    1.94619    0.00667383  25       289      
 1701.51 136     11213    1.93954    1.94619    0.00665806  27       291      
 1701.73 136     11250    1.93954    1.94619    0.00665806  27       291      
 1714.14 137     11300    1.93956    1.94619    0.00663554  29       293      
 1737.41 138     11381    1.93958    1.94619    0.00661698  30       297      
 1737.57 138     11400    1.93958    1.94619    0.00661698  30       297      
 1744.17 139     11463    1.9396     1.94619    0.00659758  30       298      
 1744.42 139     11500    1.9396     1.94619    0.00659758  30       298      
 1761.33 140     11550    1.93962    1.94619    0.00657386  26       301      
 1774.48 141     11629    1.93965    1.94619    0.0065409   26       303      
 1774.65 141     11650    1.93965    1.94619    0.0065409   26       303      
 1787.69 142     11711    1.93967    1.94619    0.00651886  24       305      
 1787.92 142     11750    1.93967    1.94619    0.00651886  25       305      
 1794.72 143     11800    1.9397     1.94619    0.00649634  27       306      
 1808.89 144     11875    1.93971    1.94619    0.00647648  26       308      
 1809.12 144     11900    1.93971    1.94619    0.00647648  26       308      
 1821.46 145     11957    1.93973    1.94619    0.00645555  27       310      
 1829.36 146     12039    1.93976    1.94619    0.00642974  26       311      
 1829.53 146     12050    1.93976    1.94619    0.00642974  26       311      
 1837.53 147     12121    1.93977    1.94619    0.0064145   27       312      
 1837.76 147     12150    1.93977    1.94619    0.0064145   27       312      
 1845.4  148     12203    1.93979    1.94619    0.00640244  29       313      
 1855.98 149     12287    1.9398     1.94619    0.00639076  29       315      
 1856.16 149     12300    1.9398     1.94619    0.00639076  29       315      
 1871.13 150     12369    1.93981    1.94619    0.00638052  29       317      
 1871.38 150     12400    1.93981    1.94619    0.00638052  29       317      
 1876.95 151     12451    1.93982    1.94619    0.00637043  31       318      
 1897.49 152     12535    1.93983    1.94619    0.00635823  29       321      
 1897.68 152     12550    1.93983    1.94619    0.00635823  29       321      
 1913.11 153     12617    1.93984    1.94619    0.00634496  27       323      
 1913.35 153     12650    1.93984    1.94619    0.00634496  27       323      
 1928.85 154     12700    1.93986    1.94619    0.00632597  25       325      
 1953.33 155     12783    1.93989    1.94619    0.00629854  27       329      
 1953.51 155     12800    1.93989    1.94619    0.00629854  27       329      
 1967.51 156     12865    1.9399     1.94618    0.00628236  30       331      
 1967.77 156     12900    1.9399     1.94618    0.00628236  30       331      
 1983.97 157     12950    1.93991    1.94618    0.00627274  32       333      
 1992.75 158     13029    1.93993    1.94618    0.00625334  32       334      
 1992.99 158     13050    1.93993    1.94618    0.00625334  32       334      
 2001.91 159     13111    1.93994    1.94618    0.00624727  39       335      
 2010.87 159     13150    1.93994    1.94618    0.00624727  38       336      
 2019.79 160     13200    1.93994    1.94618    0.00623779  35       337      
 2029.32 161     13275    1.93994    1.94618    0.00623256  37       338      
 2029.59 161     13300    1.93994    1.94618    0.00623256  37       338      
 2037.41 162     13359    1.93995    1.94618    0.00622654  38       339      
 2045.45 163     13400    1.93995    1.94618    0.00622654  38       340      
 2045.86 163     13450    1.93996    1.94618    0.00621761  38       340      
 2061.27 164     13525    1.93997    1.94618    0.00620511  40       342      
 2061.5  164     13550    1.93997    1.94618    0.00620511  41       342      
 2075.29 165     13609    1.93998    1.94617    0.00619674  36       344      
 2092.28 166     13650    1.93998    1.94617    0.00619674  34       346      
 2092.71 166     13700    1.93999    1.94617    0.00618708  34       346      
 2099.04 167     13773    1.94       1.94617    0.00617541  39       347      
 2099.28 167     13800    1.94       1.94617    0.00617541  39       347      
 2107.86 168     13855    1.94001    1.94617    0.00616544  36       348      
 2117.26 169     13937    1.94002    1.94617    0.00615281  33       349      
 2117.46 169     13950    1.94002    1.94617    0.00615281  33       349      
 2130.09 170     14019    1.94003    1.94617    0.00613871  30       351      
 2130.34 170     14050    1.94003    1.94617    0.00613871  30       351      
 2146.12 171     14101    1.94004    1.94617    0.00613164  33       353      
 2154.62 172     14183    1.94004    1.94617    0.00612317  34       354      
 2154.85 172     14200    1.94004    1.94617    0.00612317  34       354      
 2163.43 173     14265    1.94005    1.94617    0.00611321  37       355      
 2163.72 173     14300    1.94005    1.94617    0.00611321  37       355      
 2170.13 174     14350    1.94006    1.94617    0.00610682  38       356      
 2192.06 175     14429    1.94007    1.94617    0.00609748  39       359      
 2192.32 175     14450    1.94007    1.94617    0.00609748  39       359      
 2206.21 176     14513    1.94008    1.94616    0.00608505  39       361      
 2206.49 176     14550    1.94008    1.94616    0.00608505  39       361      
 2214.78 177     14600    1.94009    1.94616    0.00606991  35       362      
 2229.99 178     14677    1.9401     1.94616    0.00605981  33       364      
 2230.25 178     14700    1.9401     1.94616    0.00605981  33       364      
 2254.1  179     14761    1.94012    1.94616    0.0060388   34       367      
 2254.4  179     14800    1.94012    1.94616    0.0060388   35       367      
 2263.24 180     14850    1.94013    1.94616    0.00603094  33       368      
 2272.07 181     14925    1.94014    1.94616    0.00602578  33       369      
 2272.33 181     14950    1.94014    1.94616    0.00602578  33       369      
 2281.25 182     15007    1.94015    1.94616    0.0060148   33       370      
 2304.36 183     15091    1.94016    1.94616    0.00600375  34       373      
 2304.54 183     15100    1.94016    1.94616    0.00600375  34       373      
 2310.66 184     15173    1.94017    1.94616    0.00599573  35       374      
 2310.91 184     15200    1.94017    1.94616    0.00599573  35       374      
 2319.62 185     15255    1.94017    1.94616    0.00598731  36       375      
 2335.72 186     15339    1.94019    1.94616    0.00597469  37       377      
 2335.91 186     15350    1.94019    1.94616    0.00597469  37       377      
 2353.55 187     15421    1.9402     1.94616    0.00596251  36       380      
 2353.82 187     15450    1.9402     1.94616    0.00596251  36       380      
 2362.41 188     15503    1.9402     1.94616    0.00595465  37       381      
 2379.21 189     15585    1.94021    1.94616    0.005947    40       383      
 2379.43 189     15600    1.94021    1.94616    0.005947    40       383      
 2407.72 190     15667    1.94022    1.94616    0.00593959  39       386      
 2408.03 190     15700    1.94022    1.94616    0.00593959  39       386      
 2418.34 191     15750    1.94022    1.94615    0.00593084  38       387      
 2436.53 192     15831    1.94024    1.94615    0.00591836  35       389      
 2436.77 192     15850    1.94024    1.94615    0.00591836  35       389      
 2455.7  193     15913    1.94025    1.94615    0.00590699  35       391      
 2456.02 193     15950    1.94025    1.94615    0.00590699  35       391      
 2476.32 194     16000    1.94025    1.94615    0.00590284  37       393      
 2502.89 195     16079    1.94026    1.94615    0.00589774  40       396      
 2503.15 195     16100    1.94026    1.94615    0.00589774  40       396      
 2512.86 196     16161    1.94026    1.94615    0.00589423  41       397      
 2522.18 196     16200    1.94026    1.94615    0.00589423  41       398      
 2531.42 197     16250    1.94026    1.94615    0.00588992  43       399      
 2540.63 198     16325    1.94027    1.94615    0.00588663  44       400      
 2540.94 198     16350    1.94027    1.94615    0.00588663  45       400      
 2556.19 199     16407    1.94027    1.94615    0.00588006  46       402      
 2570.93 200     16489    1.94028    1.94615    0.00587362  44       404      
 2571.15 200     16500    1.94028    1.94615    0.00587362  44       404      
 2580.32 201     16571    1.94028    1.94615    0.00586868  43       405      
 2580.62 201     16600    1.94028    1.94615    0.00586868  43       405      
 2588.79 202     16653    1.94029    1.94615    0.00586077  41       406      
 2607.13 203     16735    1.94029    1.94615    0.00585781  44       408      
 2607.38 203     16750    1.94029    1.94615    0.00585781  44       408      
 2625.51 204     16817    1.94029    1.94615    0.00585358  46       410      
 2625.84 204     16850    1.94029    1.94615    0.00585358  46       410      
 2635.56 205     16900    1.9403     1.94615    0.00584734  47       411      
 2650.42 206     16981    1.94031    1.94615    0.00583965  44       413      
 2650.68 206     17000    1.94031    1.94615    0.00583965  44       413      
 2675.69 207     17065    1.94031    1.94614    0.00583159  42       416      
 2676.03 207     17100    1.94031    1.94614    0.00583159  42       416      
 2692.74 208     17150    1.94032    1.94614    0.00582681  43       418      
 2701.59 209     17229    1.94032    1.94614    0.00581957  41       419      
 2701.86 209     17250    1.94032    1.94614    0.00581957  41       419      
 2717.38 210     17311    1.94033    1.94614    0.00581351  43       421      
 2725.52 210     17350    1.94033    1.94614    0.00581351  43       422      
 2743.25 211     17400    1.94034    1.94614    0.00580594  45       424      
 2752.93 212     17477    1.94034    1.94614    0.00580173  42       425      
 2753.21 212     17500    1.94034    1.94614    0.00580173  42       425      
 2768.09 213     17559    1.94035    1.94614    0.00579584  42       427      
 2785.84 214     17600    1.94035    1.94614    0.00579584  41       429      
 2786.33 214     17650    1.94035    1.94614    0.00579078  44       429      
 2794.67 215     17723    1.94035    1.94614    0.00578526  44       430      
 2794.99 215     17750    1.94035    1.94614    0.00578526  44       430      
 2817.29 216     17807    1.94036    1.94614    0.00577561  43       433      
 2832.4  217     17889    1.94037    1.94614    0.00576966  43       435      
 2832.6  217     17900    1.94037    1.94614    0.00576966  43       435      
 2854.42 218     17973    1.94038    1.94614    0.00575547  37       438      
 2854.69 218     18000    1.94038    1.94614    0.00575547  37       438      
 2862.32 219     18055    1.94039    1.94614    0.00574288  34       439      
 2876.56 220     18137    1.9404     1.94614    0.00573864  36       441      
 2876.76 220     18150    1.9404     1.94614    0.00573864  36       441      
 2896.14 221     18221    1.9404     1.94614    0.00573349  38       444      
 2896.43 221     18250    1.9404     1.94614    0.00573349  38       444      
 2912.1  222     18303    1.94041    1.94614    0.00572983  41       446      
 2925.2  223     18385    1.94041    1.94614    0.00572704  41       448      
 2925.42 223     18400    1.94041    1.94614    0.00572704  41       448      
 2939.9  224     18467    1.94042    1.94614    0.00571601  39       450      
 2940.21 224     18500    1.94042    1.94614    0.00571601  39       450      
 2953.25 225     18550    1.94043    1.94614    0.00570836  38       452      
 2959.23 226     18631    1.94043    1.94614    0.00570265  39       453      
 2959.48 226     18650    1.94043    1.94614    0.00570265  39       453      
 2967.94 227     18713    1.94044    1.94613    0.00569611  39       454      
 2968.31 227     18750    1.94044    1.94613    0.00569611  39       454      
 2983.34 228     18800    1.94044    1.94613    0.00569347  39       456      
 2991.61 229     18877    1.94045    1.94613    0.00568529  40       457      
 2991.87 229     18900    1.94045    1.94613    0.00568529  40       457      
 3005.79 230     18959    1.94046    1.94613    0.00567652  38       459      
 3014.01 231     19000    1.94046    1.94613    0.00567652  38       460      
 3014.47 231     19050    1.94046    1.94613    0.00567003  38       460      
 3030.45 232     19123    1.94047    1.94613    0.00566227  38       462      
 3030.78 232     19150    1.94047    1.94613    0.00566227  39       462      
 3050.05 233     19205    1.94047    1.94613    0.00565927  37       465      
 3057.54 234     19287    1.94048    1.94613    0.00565236  41       466      
 3057.8  234     19300    1.94048    1.94613    0.00565236  42       466      
 3063.56 235     19369    1.94049    1.94613    0.00564525  39       467      
 3063.89 235     19400    1.94049    1.94613    0.00564525  39       467      
 3071.55 236     19451    1.94049    1.94613    0.0056398   38       468      
 3093.46 237     19535    1.94049    1.94613    0.00563665  42       472      
 3093.68 237     19550    1.94049    1.94613    0.00563665  42       472      
 3111.71 238     19619    1.9405     1.94613    0.00563127  42       475      
 3112.02 238     19650    1.9405     1.94613    0.00563127  42       475      
 3117.32 239     19701    1.9405     1.94613    0.0056257   42       476      
 3129.68 240     19783    1.94051    1.94613    0.00561844  40       478      
 3129.91 240     19800    1.94051    1.94613    0.00561844  40       478      
 3144.64 241     19865    1.94052    1.94613    0.00560969  40       480      
 3144.97 241     19900    1.94052    1.94613    0.00560969  40       480      
 3152.62 242     19950    1.94053    1.94613    0.00560074  39       481      
 3165.19 243     20029    1.94053    1.94613    0.00559369  36       483      
 3165.45 243     20050    1.94053    1.94613    0.00559369  36       483      
 3178.57 244     20111    1.94054    1.94613    0.00558622  36       485      
 3185.4  244     20150    1.94054    1.94613    0.00558622  36       486      
 3192.84 245     20200    1.94055    1.94613    0.00557944  39       487      
 3199.37 246     20275    1.94055    1.94612    0.00557373  42       488      
 3199.65 246     20300    1.94055    1.94612    0.00557373  42       488      
 3212.55 247     20357    1.94055    1.94612    0.00557023  42       490      
 3219.47 248     20439    1.94056    1.94612    0.00556576  46       491      
 3219.69 248     20450    1.94056    1.94612    0.00556576  46       491      
 3224.96 249     20521    1.94056    1.94612    0.00556159  49       492      
 3225.29 249     20550    1.94056    1.94612    0.00556159  49       492      
 3237.38 250     20603    1.94057    1.94612    0.00555768  49       494      
 3250.77 251     20685    1.94057    1.94612    0.00555378  49       496      
 3251.01 251     20700    1.94057    1.94612    0.00555378  49       496      
 3256.63 252     20767    1.94057    1.94612    0.00554941  53       497      
 3256.99 252     20800    1.94057    1.94612    0.00554941  53       497      
 3268.87 253     20850    1.94057    1.94612    0.0055471   53       499      
 3282.55 254     20931    1.94058    1.94612    0.00554483  52       501      
 3282.83 254     20950    1.94058    1.94612    0.00554483  52       501      
 3290.04 255     21013    1.94058    1.94612    0.0055419   54       502      
 3290.41 255     21050    1.94058    1.94612    0.0055419   54       502      
 3303.07 256     21100    1.94058    1.94612    0.00553712  56       504      
 3315.12 257     21179    1.94059    1.94612    0.0055333   56       506      
 3315.41 257     21200    1.94059    1.94612    0.0055333   56       506      
 3322.65 258     21261    1.9406     1.94612    0.00552346  54       507      
 3323.06 258     21300    1.9406     1.94612    0.00552346  50       507      
 3330.24 259     21350    1.9406     1.94612    0.00551867  49       508      
 3343.25 260     21425    1.9406     1.94612    0.00551369  50       510      
 3343.55 260     21450    1.9406     1.94612    0.00551369  50       510      
 3348.7  261     21507    1.94061    1.94612    0.00550922  49       511      
 3355.65 262     21589    1.94061    1.94612    0.00550509  51       512      
 3355.88 262     21600    1.94061    1.94612    0.00550509  51       512      
 3360.94 263     21671    1.94061    1.94611    0.00550241  54       513      
 3361.28 263     21700    1.94061    1.94611    0.00550241  54       513      
 3368.08 264     21753    1.94061    1.94611    0.00549951  55       514      
 3380.3  265     21837    1.94062    1.94611    0.00549589  57       516      
 3380.56 265     21850    1.94062    1.94611    0.00549589  57       516      
 3386.95 266     21919    1.94062    1.94611    0.00549258  56       517      
 3387.31 266     21950    1.94062    1.94611    0.00549258  56       517      
 3392.44 267     22001    1.94062    1.94611    0.00548998  57       518      
 3399.43 268     22083    1.94062    1.94611    0.00548842  61       519      
 3399.75 268     22100    1.94062    1.94611    0.00548842  61       519      
 3412.74 269     22165    1.94063    1.94611    0.00548581  62       521      
 3413.17 269     22200    1.94063    1.94611    0.00548581  62       521      
 3427.14 270     22250    1.94063    1.94611    0.00548344  65       523      
 3431.98 271     22331    1.94063    1.94611    0.00548199  64       524      
 3432.28 271     22350    1.94063    1.94611    0.00548199  64       524      
 3442.75 272     22413    1.94063    1.94611    0.005479    63       526      
 3443.15 272     22450    1.94063    1.94611    0.005479    63       526      
 3455.2  273     22500    1.94063    1.94611    0.00547613  59       528      
 3460.05 274     22577    1.94064    1.94611    0.00547386  59       529      
 3460.37 274     22600    1.94064    1.94611    0.00547386  59       529      
 3470.32 275     22661    1.94064    1.94611    0.00547044  56       531      
 3470.73 275     22700    1.94064    1.94611    0.00547044  56       531      
 3476.8  276     22750    1.94064    1.94611    0.00546539  57       532      
 3483.78 277     22825    1.94065    1.94611    0.00546197  56       533      
 3484.12 277     22850    1.94065    1.94611    0.00546197  56       533      
 3496.17 278     22907    1.94065    1.94611    0.00546033  58       535      
 3502.78 279     22989    1.94065    1.94611    0.00545812  61       536      
 3503.04 279     23000    1.94065    1.94611    0.00545812  61       536      
 3519.91 280     23073    1.94065    1.94611    0.00545561  61       539      
 3520.28 280     23100    1.94065    1.94611    0.00545561  61       539      
 3527.05 281     23155    1.94065    1.94611    0.00545296  67       540      
 3543.23 282     23239    1.94066    1.94611    0.00544958  63       543      
 3543.49 282     23250    1.94066    1.94611    0.00544958  63       543      
 3549.47 283     23321    1.94066    1.9461     0.00544561  64       544      
 3549.83 283     23350    1.94066    1.9461     0.00544561  64       544      
 3557.38 284     23403    1.94066    1.9461     0.00544219  61       545      
 3571    285     23485    1.94066    1.9461     0.00543715  57       547      
 3571.28 285     23500    1.94066    1.9461     0.00543715  57       547      
 3578.31 286     23567    1.94067    1.9461     0.00543176  53       548      
 3578.74 286     23600    1.94067    1.9461     0.00543176  53       548      
 3591.83 287     23650    1.94067    1.9461     0.00542917  53       550      
 3609.73 288     23733    1.94067    1.9461     0.00542582  57       553      
 3610.05 288     23750    1.94067    1.9461     0.00542582  58       553      
 3616.09 289     23815    1.94067    1.9461     0.00542374  57       554      
 3616.52 289     23850    1.94067    1.9461     0.00542374  57       554      
 3629.73 290     23900    1.94067    1.9461     0.00542176  56       556      
 3636.9  291     23979    1.94068    1.94609    0.00541922  57       557      
 3637.23 291     24000    1.94068    1.94609    0.00541922  57       557      
 3642.49 292     24061    1.94068    1.94609    0.0054162   58       558      
 3642.96 292     24100    1.94068    1.94609    0.0054162   58       558      
 3650.2  293     24150    1.94068    1.94609    0.0054144   59       559      
 3657.56 294     24225    1.94068    1.94609    0.00541269  61       560      
 3657.92 294     24250    1.94068    1.94609    0.00541269  61       560      
 3669.23 295     24307    1.94068    1.94609    0.00540993  62       562      
 3676.63 296     24389    1.94069    1.94609    0.00540693  60       563      
 3676.93 296     24400    1.94069    1.94609    0.00540693  60       563      
 3690.68 297     24471    1.94069    1.94609    0.00540568  61       565      
 3691.07 297     24500    1.94069    1.94609    0.00540568  61       565      
 3703.35 298     24555    1.94069    1.94609    0.00540155  61       567      
 3721.59 299     24637    1.94069    1.94609    0.0053962   62       570      
 3721.89 299     24650    1.94069    1.94609    0.0053962   62       570      
 3730    300     24719    1.94069    1.94609    0.00539365  60       571      
 3730.4  300     24750    1.94069    1.94609    0.00539365  60       571      
 3744.59 301     24801    1.94069    1.94609    0.00539152  58       573      
 3759.05 302     24885    1.9407     1.94609    0.00538809  61       575      
 3759.37 302     24900    1.9407     1.94609    0.00538809  61       575      
 3772.66 303     24967    1.9407     1.94609    0.00538089  55       577      
 3773.09 303     25000    1.9407     1.94609    0.00538089  55       577      
 3787.54 304     25050    1.94071    1.94608    0.00537722  55       579      
 3800.81 305     25131    1.94071    1.94608    0.00537383  56       581      
 3801.16 305     25150    1.94071    1.94608    0.00537383  56       581      
 3808.21 306     25213    1.94071    1.94608    0.00537167  55       582      
 3808.66 306     25250    1.94071    1.94608    0.00537167  55       582      
 3814.61 307     25300    1.94071    1.94608    0.00536949  61       583      
 3823.13 308     25377    1.94072    1.94608    0.0053675   60       584      
 3823.52 308     25400    1.94072    1.94608    0.0053675   60       584      
 3839.32 309     25459    1.94072    1.94608    0.00536509  62       586      
 3853.91 310     25500    1.94072    1.94608    0.00536509  64       588      
 3854.57 310     25550    1.94072    1.94608    0.0053632   61       588      
 3870.84 311     25623    1.94072    1.94608    0.00536012  61       590      
 3871.23 311     25650    1.94072    1.94608    0.00536012  61       590      
 3885.35 312     25705    1.94072    1.94608    0.00535845  58       592      
 3893.83 313     25787    1.94072    1.94608    0.00535553  56       593      
 3894.15 313     25800    1.94072    1.94608    0.00535553  56       593      
 3900.57 314     25869    1.94073    1.94608    0.00535346  56       594      
 3901.01 314     25900    1.94073    1.94608    0.00535346  56       594      
 3909.18 315     25951    1.94073    1.94608    0.00535196  57       595      
 3918.35 316     26033    1.94073    1.94608    0.0053508   60       596      
 3918.7  316     26050    1.94073    1.94608    0.0053508   60       596      
 3919.5  317     26115    1.94073    1.94608    0.00534886  58       596      
 3919.97 317     26150    1.94073    1.94608    0.00534886  58       596      
 3936.8  318     26200    1.94073    1.94608    0.00534821  60       598      
 3961.05 319     26281    1.94073    1.94608    0.00534577  58       602      
 3961.34 319     26300    1.94073    1.94608    0.00534577  57       602      
 3968.69 320     26363    1.94073    1.94608    0.00534214  56       603      
 3969.1  320     26400    1.94073    1.94608    0.00534214  56       603      
 3981.27 321     26450    1.94074    1.94608    0.00533901  59       605      
 4016.71 322     26533    1.94074    1.94608    0.00533456  63       611      
 4017    322     26550    1.94074    1.94608    0.00533456  63       611      
 4024.42 323     26615    1.94075    1.94608    0.00532976  66       612      
 4024.86 323     26650    1.94075    1.94608    0.00532976  66       612      
 4040.04 324     26700    1.94075    1.94608    0.00532748  61       614      
 4056.02 325     26779    1.94075    1.94608    0.00532543  57       616      
 4056.33 325     26800    1.94075    1.94608    0.00532543  57       616      
 4065.19 326     26861    1.94075    1.94607    0.00532121  55       617      
 4072.66 326     26900    1.94075    1.94607    0.00532121  56       618      
 4080.93 327     26950    1.94076    1.94607    0.005317    59       619      
 4089.52 328     27025    1.94076    1.94607    0.00531351  59       620      
 4089.86 328     27050    1.94076    1.94607    0.00531351  59       620      
 4098.96 329     27107    1.94076    1.94607    0.00530944  59       621      
 4107.2  330     27189    1.94076    1.94607    0.00530667  59       622      
 4107.47 330     27200    1.94076    1.94607    0.00530667  59       622      
 4123.85 331     27273    1.94077    1.94607    0.00530455  63       624      
 4124.22 331     27300    1.94077    1.94607    0.00530455  63       624      
 4139.76 332     27355    1.94077    1.94607    0.00530127  62       626      
 4156.58 333     27437    1.94077    1.94607    0.00529973  63       628      
 4156.86 333     27450    1.94077    1.94607    0.00529973  63       628      
 4173.49 334     27519    1.94077    1.94607    0.0052964   63       630      
 4173.88 334     27550    1.94077    1.94607    0.0052964   63       630      
 4187.34 335     27601    1.94077    1.94607    0.00529335  60       632      
 4196    336     27683    1.94078    1.94607    0.00529099  61       633      
 4196.33 336     27700    1.94078    1.94607    0.00529099  61       633      
 4204.96 337     27765    1.94078    1.94607    0.00528922  59       634      
 4205.37 337     27800    1.94078    1.94607    0.00528922  59       634      
 4214.44 338     27850    1.94078    1.94607    0.00528724  59       635      
 4223.8  339     27929    1.94078    1.94606    0.00528452  59       636      
 4224.15 339     27950    1.94078    1.94606    0.00528452  59       636      
 4232.83 340     28011    1.94078    1.94606    0.00528199  58       637      
 4240.39 340     28050    1.94078    1.94606    0.00528199  59       638      
 4249.51 341     28100    1.94078    1.94606    0.00528019  59       639      
 4266.54 342     28175    1.94078    1.94606    0.00527905  62       641      
 4266.9  342     28200    1.94078    1.94606    0.00527905  62       641      
 4283.54 343     28257    1.94079    1.94606    0.00527639  60       643      
 4311.12 344     28339    1.94079    1.94606    0.00527317  62       646      
 4311.43 344     28350    1.94079    1.94606    0.00527317  62       646      
 4326.98 345     28421    1.94079    1.94606    0.00527189  63       648      
 4327.37 345     28450    1.94079    1.94606    0.00527189  63       648      
 4334.35 346     28503    1.94079    1.94606    0.00527023  64       649      
 4343.69 347     28585    1.94079    1.94606    0.00526853  64       650      
 4344.01 347     28600    1.94079    1.94606    0.00526853  64       650      
 4361.58 348     28667    1.94079    1.94606    0.00526732  63       652      
 4362.02 348     28700    1.94079    1.94606    0.00526732  63       652      
 4372.2  349     28750    1.9408     1.94606    0.00526469  58       653      
 4382.01 350     28831    1.9408     1.94606    0.00526302  58       654      
 4382.36 350     28850    1.9408     1.94606    0.00526302  58       654      
 4398.02 351     28915    1.9408     1.94606    0.0052618   60       656      
 4398.44 351     28950    1.9408     1.94606    0.0052618   60       656      
 4404.77 352     29000    1.9408     1.94606    0.00526013  63       657      
 4413.85 353     29079    1.9408     1.94606    0.00525837  65       658      
 4414.19 353     29100    1.9408     1.94606    0.00525837  65       658      
 4423.71 354     29161    1.9408     1.94606    0.00525609  70       659      
 4424.22 354     29200    1.9408     1.94606    0.00525609  68       659      
 4434.22 355     29250    1.9408     1.94606    0.00525388  65       660      
 4446.51 356     29327    1.9408     1.94606    0.00525275  64       662      
 4446.86 356     29350    1.9408     1.94606    0.00525275  64       662      
 4470.49 357     29409    1.94081    1.94605    0.00524365  63       665      
 4479.6  358     29450    1.94081    1.94605    0.00524365  64       666      
 4480.26 358     29500    1.94081    1.94605    0.0052417   62       666      
 4491.04 359     29573    1.94081    1.94605    0.00523944  62       667      
 4491.42 359     29600    1.94081    1.94605    0.00523944  62       667      
 4501.48 360     29655    1.94081    1.94605    0.00523831  60       668      
 4511.61 361     29737    1.94081    1.94605    0.00523633  61       669      
 4511.91 361     29750    1.94081    1.94605    0.00523633  61       669      
 4521.13 362     29819    1.94081    1.94605    0.00523463  63       670      
 4521.54 362     29850    1.94081    1.94605    0.00523463  63       670      
 4552.85 363     29901    1.94081    1.94605    0.00523087  63       674      
 4571.02 364     29985    1.94082    1.94605    0.00522846  63       676      
 4571.35 364     30000    1.94082    1.94605    0.00522846  63       676      
 4581.43 365     30067    1.94082    1.94605    0.00522662  67       677      
 4581.89 365     30100    1.94082    1.94605    0.00522662  68       677      
 4599.92 366     30150    1.94082    1.94605    0.00522394  65       679      
 4619.78 367     30231    1.94082    1.94604    0.0052225   66       681      
 4620.15 367     30250    1.94082    1.94604    0.0052225   66       681      
 4630.21 368     30313    1.94082    1.94604    0.00522158  66       682      
 4630.7  368     30350    1.94082    1.94604    0.00522158  66       682      
 4650.99 369     30400    1.94082    1.94604    0.00521898  66       684      
 4672.57 370     30477    1.94082    1.94604    0.00521838  67       686      
 4673    370     30500    1.94082    1.94604    0.00521838  67       686      
 4690.25 371     30561    1.94083    1.94604    0.00521759  69       688      
 4690.81 371     30600    1.94083    1.94604    0.00521759  66       688      
 4698.01 372     30650    1.94083    1.94604    0.00521519  68       689      
 4717.32 373     30727    1.94083    1.94604    0.00521378  70       691      
 4717.72 373     30750    1.94083    1.94604    0.00521378  70       691      
 4725.61 374     30809    1.94083    1.94604    0.00521191  69       692      
 4744.69 374     30850    1.94083    1.94604    0.00521191  67       694      
 4745.66 375     30900    1.94083    1.94604    0.00520918  70       694      
 4755.83 376     30975    1.94083    1.94604    0.00520681  70       695      
 4756.29 376     31000    1.94083    1.94604    0.00520681  70       695      
 4766.69 377     31057    1.94084    1.94604    0.00520381  68       696      
 4777.77 378     31139    1.94084    1.94604    0.00520221  66       697      
 4778.07 378     31150    1.94084    1.94604    0.00520221  66       697      
 4796.75 379     31221    1.94084    1.94604    0.00520086  66       699      
 4797.17 379     31250    1.94084    1.94604    0.00520086  66       699      
 4807.03 380     31303    1.94084    1.94604    0.00519885  67       700      
 4826.33 381     31385    1.94084    1.94604    0.00519711  67       702      
 4826.68 381     31400    1.94084    1.94604    0.00519711  67       702      
 4837.72 382     31467    1.94084    1.94604    0.00519597  70       703      
 4838.18 382     31500    1.94084    1.94604    0.00519597  70       703      
 4845.76 383     31550    1.94084    1.94604    0.00519507  74       704      
 4866.23 384     31631    1.94084    1.94604    0.00519203  67       706      
 4866.61 384     31650    1.94084    1.94604    0.00519203  67       706      
 4877.62 385     31713    1.94084    1.94603    0.00518969  65       707      
 4878.13 385     31750    1.94084    1.94603    0.00518969  65       707      
 4898.18 386     31800    1.94085    1.94603    0.00518734  68       709      
 4909.91 387     31877    1.94085    1.94603    0.00518675  67       710      
 4910.35 387     31900    1.94085    1.94603    0.00518675  67       710      
 4921.45 388     31959    1.94085    1.94603    0.00518539  66       711      
 4931.56 389     32000    1.94085    1.94603    0.00518539  68       712      
 4932.27 389     32050    1.94085    1.94603    0.00518384  69       712      
 4951.84 390     32125    1.94085    1.94603    0.00518325  73       714      
 4952.28 390     32150    1.94085    1.94603    0.00518325  73       714      
 4971.87 391     32209    1.94085    1.94603    0.00518194  74       716      
 4982.64 392     32250    1.94085    1.94603    0.00518194  74       717      
 4983.4  392     32300    1.94085    1.94603    0.0051812   76       717      
 5001.81 393     32375    1.94085    1.94603    0.00517999  79       719      
 5002.28 393     32400    1.94085    1.94603    0.00517999  79       719      
 5012.93 394     32457    1.94085    1.94603    0.00517951  78       720      
 5023.76 395     32539    1.94085    1.94603    0.00517877  80       721      
 5024.11 395     32550    1.94085    1.94603    0.00517877  80       721      
 5043.15 396     32623    1.94085    1.94603    0.00517778  81       723      
 5043.63 396     32650    1.94085    1.94603    0.00517778  81       723      
 5051.98 397     32705    1.94085    1.94603    0.00517546  78       724      
 5072.94 398     32787    1.94086    1.94603    0.00517266  77       726      
 5073.33 398     32800    1.94086    1.94603    0.00517266  80       726      
 5084.71 399     32869    1.94086    1.94603    0.00517115  74       727      
 5085.25 399     32900    1.94086    1.94603    0.00517115  74       727      
 5117.79 400     32951    1.94086    1.94603    0.0051678   78       730      
 5131.01 401     33033    1.94086    1.94603    0.00516616  78       731      
 5131.43 401     33050    1.94086    1.94603    0.00516616  78       731      
 5155.62 402     33115    1.94086    1.94603    0.00516368  80       734      
 5156.19 402     33150    1.94086    1.94603    0.00516368  80       734      
 5169.2  403     33200    1.94086    1.94602    0.00516174  80       735      
 5194.92 404     33279    1.94086    1.94602    0.00516084  81       737      
 5195.4  404     33300    1.94086    1.94602    0.00516084  81       737      
 5196.4  405     33361    1.94086    1.94602    0.00515963  78       737      
 5197.02 405     33400    1.94086    1.94602    0.00515963  78       737      
 5205.92 406     33450    1.94087    1.94602    0.0051586   78       738      
 5214.84 407     33525    1.94087    1.94602    0.00515799  76       739      
 5215.32 407     33550    1.94087    1.94602    0.00515799  76       739      
 5234.3  408     33607    1.94087    1.94602    0.00515715  80       741      
 5257.19 409     33689    1.94087    1.94602    0.00515619  78       743      
 5257.56 409     33700    1.94087    1.94602    0.00515619  78       743      
 5292.53 410     33771    1.94087    1.94602    0.00515212  78       746      
 5293.03 410     33800    1.94087    1.94602    0.00515212  78       746      
 5303.6  411     33853    1.94087    1.94602    0.00514905  79       747      
 5315.51 412     33935    1.94087    1.94602    0.00514795  77       748      
 5315.9  412     33950    1.94087    1.94602    0.00514795  77       748      
 5335.61 413     34017    1.94087    1.94602    0.00514692  77       750      
 5336.21 413     34050    1.94087    1.94602    0.00514692  77       750      
 5360.93 414     34100    1.94087    1.94602    0.00514488  76       752      
 5373.51 415     34181    1.94087    1.94602    0.00514267  75       753      
 5373.99 415     34200    1.94087    1.94602    0.00514267  75       753      
 5398.47 416     34265    1.94087    1.94602    0.00514134  75       755      
 5399.07 416     34300    1.94087    1.94602    0.00514134  75       755      
 5438.63 417     34350    1.94088    1.94601    0.00513465  73       759      
 5450.24 418     34431    1.94088    1.94601    0.00513246  73       760      
 5450.68 418     34450    1.94088    1.94601    0.00513246  73       760      
 5487.38 419     34513    1.94088    1.94601    0.00512873  75       763      
 5487.95 419     34550    1.94088    1.94601    0.00512873  76       763      
 5498.39 420     34600    1.94088    1.94601    0.00512726  73       764      
 5520.36 421     34677    1.94088    1.94601    0.00512595  75       766      
 5520.85 421     34700    1.94088    1.94601    0.00512595  75       766      
 5534.17 422     34759    1.94088    1.94601    0.00512553  77       767      
 5542.57 423     34800    1.94088    1.94601    0.00512553  75       768      
 5543.45 423     34850    1.94088    1.94601    0.00512455  75       768      
 5557.31 424     34923    1.94088    1.94601    0.0051242   78       769      
 5557.85 424     34950    1.94088    1.94601    0.0051242   78       769      
 5582.86 425     35005    1.94088    1.94601    0.00512231  82       771      
 5624.63 426     35089    1.94088    1.946      0.00512099  85       776      
 5624.99 426     35100    1.94088    1.946      0.00512099  85       776      
 5637.04 427     35171    1.94089    1.946      0.00511889  85       777      
 5637.56 427     35200    1.94089    1.946      0.00511889  85       777      
 5646.51 428     35253    1.94089    1.946      0.00511743  86       778      
 5659.75 429     35335    1.94089    1.946      0.00511631  85       779      
 5660.13 429     35350    1.94089    1.946      0.00511631  85       779      
 5668.67 430     35417    1.94089    1.946      0.00511516  86       780      
 5669.23 430     35450    1.94089    1.946      0.00511516  86       780      
 5681.44 431     35500    1.94089    1.946      0.00511438  82       781      
 5693.15 432     35581    1.94089    1.946      0.00511367  82       782      
 5693.58 432     35600    1.94089    1.946      0.00511367  82       782      
 5704.92 433     35663    1.94089    1.946      0.00511262  82       783      
 5705.49 433     35700    1.94089    1.946      0.00511262  82       783      
 5727.75 434     35750    1.94089    1.946      0.00511164  81       785      
 5753.72 435     35829    1.94089    1.946      0.00510906  81       788      
 5754.14 435     35850    1.94089    1.946      0.00510906  81       788      
 5775.47 436     35913    1.94089    1.946      0.00510771  82       790      
 5776.03 436     35950    1.94089    1.946      0.00510771  81       790      
 5798.21 437     36000    1.9409     1.946      0.00510501  77       792      
 5816.65 438     36079    1.9409     1.946      0.00510219  80       794      
 5817.09 438     36100    1.9409     1.946      0.00510219  80       794      
 5839.59 439     36161    1.9409     1.946      0.00510044  79       796      
 5858.9  439     36200    1.9409     1.946      0.00510044  80       798      
 5871.67 440     36250    1.9409     1.946      0.00509912  84       799      
 5883.91 441     36325    1.9409     1.946      0.00509783  79       800      
 5884.39 441     36350    1.9409     1.946      0.00509783  79       800      
 5908.8  442     36407    1.9409     1.946      0.00509717  86       802      
 5929.98 443     36489    1.9409     1.946      0.0050963   87       804      
 5930.39 443     36500    1.9409     1.946      0.0050963   87       804      
 5954.67 444     36571    1.9409     1.946      0.00509509  83       806      
 5955.21 444     36600    1.9409     1.946      0.00509509  83       806      
 5989.36 445     36655    1.9409     1.946      0.00509437  82       809      
 6014.67 446     36737    1.9409     1.946      0.00509208  78       811      
 6015.06 446     36750    1.9409     1.946      0.00509208  78       811      
 6027.96 447     36819    1.94091    1.946      0.00508845  79       812      
 6028.51 447     36850    1.94091    1.946      0.00508845  79       812      
 6041.33 448     36901    1.94091    1.946      0.00508679  78       813      
 6065.2  449     36983    1.94091    1.946      0.00508573  78       815      
 6065.64 449     37000    1.94091    1.946      0.00508573  78       815      
 6103.73 450     37065    1.94091    1.946      0.0050834   75       818      
 6104.31 450     37100    1.94091    1.946      0.0050834   75       818      
 6114.13 451     37150    1.94091    1.946      0.00508129  73       819      
 6128.81 452     37229    1.94092    1.94599    0.00507968  74       820      
 6129.29 452     37250    1.94092    1.94599    0.00507968  74       820      
 6144.12 453     37311    1.94092    1.94599    0.00507858  74       821      
 6157.29 453     37350    1.94092    1.94599    0.00507858  75       822      
 6171.71 454     37400    1.94092    1.94599    0.00507682  72       823      
 6185.93 455     37475    1.94092    1.94599    0.00507619  71       824      
 6186.44 455     37500    1.94092    1.94599    0.00507619  71       824      
 6213.93 456     37557    1.94092    1.94599    0.00507528  77       826      
 6248.47 457     37600    1.94092    1.94599    0.00507528  80       829      
 6249.53 457     37650    1.94092    1.94599    0.0050747   80       829      
 6259.68 458     37725    1.94092    1.94599    0.00507314  82       830      
 6260.22 458     37750    1.94092    1.94599    0.00507314  82       830      
 6269.78 459     37807    1.94092    1.94599    0.00507155  81       831      
 6284.18 460     37889    1.94092    1.94599    0.00507017  80       832      
 6284.6  460     37900    1.94092    1.94599    0.00507017  80       832      
 6299.91 461     37971    1.94092    1.94599    0.00506947  82       833      
 6300.47 461     38000    1.94092    1.94599    0.00506947  82       833      
 6301.45 462     38053    1.94092    1.94599    0.00506832  80       833      
 6315.93 463     38135    1.94092    1.94599    0.00506727  78       834      
 6316.37 463     38150    1.94092    1.94599    0.00506727  78       834      
 6342.35 464     38217    1.94092    1.94599    0.00506514  80       836      
 6342.96 464     38250    1.94092    1.94599    0.00506514  80       836      
 6356.35 465     38300    1.94093    1.94599    0.00506422  80       837      
 6384.42 466     38381    1.94093    1.94599    0.005064    83       839      
 6384.91 466     38400    1.94093    1.94599    0.005064    83       839      
 6400.73 467     38463    1.94093    1.94599    0.00506339  83       840      
 6401.4  467     38500    1.94093    1.94599    0.00506339  83       840      
 6429.94 468     38550    1.94093    1.94599    0.00506171  84       842      
 6441.11 469     38627    1.94093    1.94599    0.00506057  83       843      
 6441.67 469     38650    1.94093    1.94599    0.00506057  83       843      
 6469.96 470     38711    1.94093    1.94599    0.00505917  86       845      
 6470.73 470     38750    1.94093    1.94599    0.00505917  86       845      
 6485.91 471     38800    1.94093    1.94599    0.00505823  86       846      
 6495.6  472     38875    1.94093    1.94599    0.00505639  86       847      
 6496.18 472     38900    1.94093    1.94599    0.00505639  86       847      
 6521.98 473     38957    1.94093    1.94599    0.00505508  86       849      
 6548.4  474     39039    1.94093    1.94599    0.00505417  87       851      
 6548.84 474     39050    1.94093    1.94599    0.00505417  87       851      
 6564.79 475     39121    1.94093    1.94599    0.00505356  89       852      
 6565.42 475     39150    1.94093    1.94599    0.00505356  89       852      
 6566.5  476     39203    1.94093    1.94599    0.00505259  89       852      
 6567.84 477     39285    1.94094    1.94599    0.0050509   85       852      
 6568.32 477     39300    1.94094    1.94599    0.0050509   85       852      
 6583.79 478     39367    1.94094    1.94599    0.00504999  87       853      
 6584.51 478     39400    1.94094    1.94599    0.00504999  87       853      
 6626.2  479     39451    1.94094    1.94599    0.00504911  90       856      
 6651.82 480     39533    1.94094    1.94599    0.00504695  95       858      
 6652.34 480     39550    1.94094    1.94599    0.00504695  95       858      
 6677.46 481     39615    1.94094    1.94598    0.00504418  95       860      
 6678.17 481     39650    1.94094    1.94598    0.00504418  95       860      
 6694.24 482     39700    1.94094    1.94598    0.00504264  91       861      
 6724.38 483     39779    1.94094    1.94598    0.00504213  91       863      
 6724.96 483     39800    1.94094    1.94598    0.00504213  90       863      
 6741.24 484     39861    1.94094    1.94598    0.00504163  88       864      
 6742.04 484     39900    1.94094    1.94598    0.00504163  87       864      
 6758.39 485     39950    1.94094    1.94598    0.00504124  90       865      
 6774.55 486     40025    1.94094    1.94598    0.0050402   95       866      
 6775.19 486     40050    1.94094    1.94598    0.0050402   95       866      
 6792.17 487     40107    1.94094    1.94598    0.00503948  92       867      
 6806.97 488     40189    1.94094    1.94598    0.00503907  92       868      
 6807.44 488     40200    1.94094    1.94598    0.00503907  92       868      
 6832.72 489     40271    1.94094    1.94598    0.00503735  93       870      
 6833.36 489     40300    1.94094    1.94598    0.00503735  96       870      
 6846.51 490     40353    1.94094    1.94598    0.00503617  92       871      
 6873.02 491     40435    1.94094    1.94598    0.00503397  94       873      
 6873.54 491     40450    1.94094    1.94598    0.00503397  94       873      
 6899.19 492     40519    1.94094    1.94598    0.00503335  98       875      
 6899.86 492     40550    1.94094    1.94598    0.00503335  98       875      
 6924.66 493     40601    1.94095    1.94598    0.00503252  98       877      
 6936.23 494     40683    1.94095    1.94598    0.00503158  100      878      
 6936.79 494     40700    1.94095    1.94598    0.00503158  100      878      
 6989.4  495     40767    1.94095    1.94598    0.00503051  102      882      
 6990.12 495     40800    1.94095    1.94598    0.00503051  102      882      
 7005.48 496     40850    1.94095    1.94598    0.00502954  97       883      
 7021.57 497     40931    1.94095    1.94598    0.00502873  95       884      
 7022.12 497     40950    1.94095    1.94598    0.00502873  95       884      
 7033.95 498     41013    1.94095    1.94598    0.00502778  91       885      
 7034.7  498     41050    1.94095    1.94598    0.00502778  92       885      
 7048.04 499     41100    1.94095    1.94598    0.00502737  93       886      
 7064.92 500     41177    1.94095    1.94598    0.00502644  90       887      
 7065.53 500     41200    1.94095    1.94598    0.00502644  90       887      
 7079.65 501     41259    1.94095    1.94598    0.00502581  88       888      
 7094.64 502     41300    1.94095    1.94598    0.00502581  87       889      
 7095.66 502     41350    1.94095    1.94597    0.00502444  90       889      
 7111.38 503     41423    1.94095    1.94597    0.0050238   87       890      
 7112.03 503     41450    1.94095    1.94597    0.0050238   87       890      
 7126.54 504     41505    1.94095    1.94597    0.00502305  86       891      
 7142.37 505     41587    1.94095    1.94597    0.00502181  84       892      
 7142.86 505     41600    1.94095    1.94597    0.00502181  84       892      
 7174.32 506     41669    1.94095    1.94597    0.00502102  84       894      
 7175    506     41700    1.94095    1.94597    0.00502102  84       894      
 7176.13 507     41751    1.94095    1.94597    0.00502014  85       894      
 7177.6  508     41833    1.94095    1.94597    0.00501931  87       894      
 7178.15 508     41850    1.94095    1.94597    0.00501931  87       894      
 7194.65 509     41915    1.94095    1.94597    0.00501897  89       895      
 7195.4  509     41950    1.94095    1.94597    0.00501897  89       895      
 7212.05 510     42000    1.94095    1.94597    0.00501858  92       896      
 7240.05 511     42079    1.94095    1.94597    0.00501787  93       898      
 7240.65 511     42100    1.94095    1.94597    0.00501787  93       898      
 7252.88 512     42161    1.94095    1.94597    0.00501754  94       899      
 7268.13 512     42200    1.94095    1.94597    0.00501754  96       900      
 7285.4  513     42250    1.94095    1.94597    0.00501664  93       901      
 7313.53 514     42327    1.94096    1.94597    0.00501541  89       903      
 7314.17 514     42350    1.94096    1.94597    0.00501541  90       903      
 7339.08 515     42411    1.94096    1.94597    0.00501457  88       905      
 7367.28 515     42450    1.94096    1.94597    0.00501457  89       907      
 7380.64 516     42500    1.94096    1.94597    0.00501275  92       908      
 7411.99 517     42577    1.94096    1.94597    0.00501167  92       910      
 7412.68 517     42600    1.94096    1.94597    0.00501167  92       910      
 7441.3  518     42659    1.94096    1.94597    0.00501124  94       912      
 7456.02 519     42700    1.94096    1.94597    0.00501124  94       913      
 7457.13 519     42750    1.94096    1.94597    0.00501051  94       913      
 7470.35 520     42823    1.94096    1.94597    0.00500933  97       914      
 7471.05 520     42850    1.94096    1.94597    0.00500933  97       914      
 7501.06 521     42905    1.94096    1.94597    0.00500837  97       916      
 7534.12 522     42987    1.94096    1.94597    0.00500678  96       918      
 7534.71 522     43000    1.94096    1.94597    0.00500678  96       918      
 7565.07 523     43069    1.94096    1.94597    0.00500543  97       920      
 7565.86 523     43100    1.94096    1.94597    0.00500543  97       920      
 7596.28 524     43151    1.94096    1.94597    0.00500482  100      922      
 7614.44 525     43233    1.94096    1.94597    0.00500457  100      923      
 7615.08 525     43250    1.94096    1.94597    0.00500457  100      923      
 7632.97 526     43315    1.94096    1.94597    0.00500429  105      924      
 7633.8  526     43350    1.94096    1.94597    0.00500429  105      924      
 7677.54 527     43400    1.94096    1.94597    0.0050035   105      927      
 7724.37 528     43479    1.94096    1.94597    0.00500195  104      930      
 7725.09 528     43500    1.94096    1.94597    0.00500195  104      930      
 7751.74 529     43563    1.94096    1.94597    0.00500126  98       932      
 7752.45 529     43600    1.94096    1.94597    0.00500126  97       932      
 7753.58 530     43650    1.94096    1.94597    0.00500049  96       932      
 7768.96 531     43727    1.94097    1.94597    0.00499966  96       933      
 7769.52 531     43750    1.94097    1.94597    0.00499966  96       933      
 7797.35 532     43809    1.94097    1.94596    0.00499817  100      935      
 7811.82 533     43850    1.94097    1.94596    0.00499817  99       936      
 7812.86 533     43900    1.94097    1.94596    0.00499754  101      936      
 7827.04 534     43973    1.94097    1.94596    0.00499716  97       937      
 7827.66 534     44000    1.94097    1.94596    0.00499716  97       937      
 7843.47 535     44055    1.94097    1.94596    0.00499629  95       938      
 7873.95 536     44137    1.94097    1.94596    0.00499177  94       940      
 7874.41 536     44150    1.94097    1.94596    0.00499177  94       940      
 7885.18 537     44219    1.94097    1.94596    0.00499055  94       941      
 7885.82 537     44250    1.94097    1.94596    0.00499055  94       941      
 7915.45 538     44301    1.94097    1.94596    0.00499016  94       943      
 7931.2  539     44383    1.94097    1.94596    0.00498871  98       944      
 7931.71 539     44400    1.94097    1.94596    0.00498871  98       944      
 7947.48 540     44465    1.94097    1.94596    0.00498798  97       945      
 7948.19 540     44500    1.94097    1.94596    0.00498798  97       945      
 7980.19 541     44550    1.94097    1.94596    0.00498629  98       948      
 8025.33 542     44629    1.94097    1.94596    0.0049847   98       951      
 8025.93 542     44650    1.94097    1.94596    0.0049847   98       951      
 8035.49 543     44711    1.94097    1.94596    0.00498375  94       952      
 8036.28 543     44750    1.94097    1.94596    0.00498375  95       952      
 8045.98 544     44800    1.94097    1.94596    0.00498322  94       953      
 8063.07 545     44875    1.94097    1.94596    0.00498259  91       954      
 8063.68 545     44900    1.94097    1.94596    0.00498259  91       954      
 8080.15 546     44957    1.94097    1.94596    0.00498193  91       955      
 8095.35 547     45039    1.94097    1.94596    0.00498169  92       956      
 8095.84 547     45050    1.94097    1.94596    0.00498169  92       956      
 8112.11 548     45121    1.94097    1.94595    0.00498088  96       957      
 8112.81 548     45150    1.94097    1.94595    0.00498088  96       957      
 8129.17 549     45203    1.94097    1.94595    0.00497987  91       958      
 8155.36 550     45287    1.94098    1.94595    0.00497879  92       960      
 8155.87 550     45300    1.94098    1.94595    0.00497879  93       960      
 8181.6  551     45371    1.94098    1.94595    0.00497856  96       962      
 8182.27 551     45400    1.94098    1.94595    0.00497856  96       962      
 8197.64 552     45453    1.94098    1.94595    0.0049781   95       963      
 8213.65 553     45535    1.94098    1.94595    0.0049773   92       964      
 8214.14 553     45550    1.94098    1.94595    0.0049773   92       964      
 8229.85 554     45617    1.94098    1.94595    0.00497695  93       965      
 8230.53 554     45650    1.94098    1.94595    0.00497695  93       965      
 8246.41 555     45700    1.94098    1.94595    0.00497559  92       966      
 8273.24 556     45781    1.94098    1.94595    0.00497373  93       968      
 8273.77 556     45800    1.94098    1.94595    0.00497373  93       968      
 8302.61 557     45865    1.94098    1.94595    0.00497323  93       970      
 8303.31 557     45900    1.94098    1.94595    0.00497323  93       970      
 8319.54 558     45950    1.94098    1.94595    0.00497253  93       971      
 8330.72 559     46029    1.94098    1.94595    0.00497127  95       972      
 8331.28 559     46050    1.94098    1.94595    0.00497127  95       972      
 8362.47 560     46111    1.94098    1.94595    0.00497077  96       974      
 8363.23 560     46150    1.94098    1.94595    0.00497077  95       974      
 8379.47 561     46200    1.94098    1.94595    0.00496955  93       975      
 8396.6  562     46275    1.94098    1.94595    0.0049689   97       976      
 8397.2  562     46300    1.94098    1.94595    0.0049689   97       976      
 8408.74 563     46357    1.94098    1.94595    0.00496826  95       977      
 8425.67 564     46439    1.94098    1.94595    0.00496787  97       978      
 8426.15 564     46450    1.94098    1.94595    0.00496787  97       978      
 8441.32 565     46521    1.94098    1.94595    0.00496538  94       979      
 8442    565     46550    1.94098    1.94595    0.00496538  94       979      
 8483.28 566     46605    1.94098    1.94595    0.00496404  94       982      
 8500.58 567     46689    1.94098    1.94595    0.00496331  94       983      
 8501.03 567     46700    1.94098    1.94595    0.00496331  94       983      
 8531.87 568     46771    1.94098    1.94595    0.00496271  93       985      
 8532.5  568     46800    1.94098    1.94595    0.00496271  93       985      
 8561.37 569     46853    1.94098    1.94595    0.0049611   95       987      
 8588.25 570     46935    1.94099    1.94595    0.00495921  99       989      
 8588.78 570     46950    1.94099    1.94595    0.00495921  99       989      
 8605.66 571     47017    1.94099    1.94595    0.00495807  96       990      
 8606.44 571     47050    1.94099    1.94595    0.00495807  96       990      
 8640.77 572     47100    1.94099    1.94594    0.0049576   97       993      
 8674.91 573     47181    1.94099    1.94594    0.00495701  99       995      
 8675.49 573     47200    1.94099    1.94594    0.00495701  99       995      
 8693.01 574     47263    1.94099    1.94594    0.00495656  101      996      
 8693.81 574     47300    1.94099    1.94594    0.00495656  102      996      
 8705.69 575     47350    1.94099    1.94594    0.00495599  98       997      
 8723.2  576     47427    1.94099    1.94594    0.00495563  100      998      
 8723.82 576     47450    1.94099    1.94594    0.00495563  100      998      
 8725.06 577     47509    1.94099    1.94594    0.00495503  101      998      
 8755.19 578     47550    1.94099    1.94594    0.00495503  103      1000     
 8756.32 578     47600    1.94099    1.94594    0.00495334  104      1000     
 8773.71 579     47673    1.94099    1.94594    0.00495292  104      1001     
 8774.39 579     47700    1.94099    1.94594    0.00495292  104      1001     
 8786.94 580     47755    1.94099    1.94594    0.00495268  108      1002     
 8804.72 581     47837    1.94099    1.94594    0.00495217  106      1003     
 8805.25 581     47850    1.94099    1.94594    0.00495217  106      1003     
 8857.66 582     47921    1.94099    1.94594    0.0049501   105      1007     
 8858.39 582     47950    1.94099    1.94594    0.0049501   105      1007     
 8881.65 583     48005    1.94099    1.94594    0.00494948  103      1009     
 8899.88 584     48087    1.94099    1.94594    0.00494908  101      1010     
 8900.41 584     48100    1.94099    1.94594    0.00494908  101      1010     
 8916.89 585     48169    1.94099    1.94594    0.00494867  97       1011     
 8917.62 585     48200    1.94099    1.94594    0.00494867  97       1011     
 8943.73 586     48253    1.94099    1.94594    0.00494778  104      1013     
 8966.07 587     48337    1.94099    1.94594    0.00494694  104      1015     
 8966.58 587     48350    1.94099    1.94594    0.00494694  104      1015     
 9000.16 588     48419    1.94099    1.94594    0.00494602  107      1017     
 9000.92 588     48450    1.94099    1.94594    0.00494602  107      1017     
 9018.2  589     48501    1.94099    1.94594    0.00494513  104      1018     
 9035.86 590     48583    1.94099    1.94594    0.00494493  101      1019     
 9036.43 590     48600    1.94099    1.94594    0.00494493  101      1019     
 9065.03 591     48665    1.94099    1.94594    0.00494459  102      1021     
 9065.81 591     48700    1.94099    1.94594    0.00494459  102      1021     
 9116.47 592     48750    1.94099    1.94594    0.00494331  107      1025     
 9118.01 593     48829    1.941      1.94594    0.00494281  106      1025     
 9118.67 593     48850    1.941      1.94594    0.00494281  106      1025     
 9130.91 594     48911    1.941      1.94594    0.00494229  109      1026     
 9145.71 594     48950    1.941      1.94594    0.00494229  109      1027     
 9162.63 595     49000    1.941      1.94594    0.00494167  110      1028     
 9196.1  596     49075    1.941      1.94594    0.00494138  111      1030     
 9196.83 596     49100    1.941      1.94594    0.00494138  111      1030     
 9247.76 597     49157    1.941      1.94594    0.00494069  112      1033     
 9266.89 598     49239    1.941      1.94594    0.00493982  115      1034     
 9267.46 598     49250    1.941      1.94594    0.00493982  115      1034     
 9280.44 599     49321    1.941      1.94594    0.00493953  119      1035     
 9281.23 599     49350    1.941      1.94594    0.00493953  119      1035     
 9299.19 600     49403    1.941      1.94594    0.00493922  116      1036     
 9349.38 601     49485    1.941      1.94594    0.00493831  115      1039     
 9350    601     49500    1.941      1.94594    0.00493831  115      1039     
 9378.58 602     49569    1.941      1.94594    0.00493763  113      1041     
 9379.35 602     49600    1.941      1.94594    0.00493763  113      1041     
 9391.77 603     49651    1.941      1.94594    0.00493702  114      1042     
 9451.14 604     49737    1.941      1.94594    0.0049367   114      1046     
 9451.68 604     49750    1.941      1.94594    0.0049367   114      1046     
 9486.35 605     49819    1.941      1.94594    0.00493572  115      1048     
 9487.16 605     49850    1.941      1.94594    0.00493572  115      1048     
 9503.67 606     49901    1.941      1.94594    0.00493543  111      1049     
 9522.08 607     49983    1.941      1.94593    0.00493482  111      1050     
 9522.67 607     50000    1.941      1.94593    0.00493482  111      1050     
 9540.64 608     50065    1.941      1.94593    0.00493322  113      1051     
 9541.46 608     50100    1.941      1.94593    0.00493322  113      1051     
 9559.8  609     50150    1.941      1.94593    0.00493306  108      1052     
 9578.47 610     50229    1.941      1.94593    0.00493271  108      1053     
 9579.1  610     50250    1.941      1.94593    0.00493271  108      1053     
 9580.45 611     50311    1.941      1.94593    0.0049326   106      1053     
 9591.81 611     50350    1.941      1.94593    0.0049326   103      1054     
 9609.97 612     50400    1.941      1.94593    0.00493206  102      1055     
 9626.73 613     50475    1.941      1.94593    0.00493163  101      1056     
 9627.4  613     50500    1.941      1.94593    0.00493163  101      1056     
 9661.43 614     50557    1.941      1.94593    0.00493036  104      1058     
 9690.66 615     50639    1.941      1.94593    0.00492852  105      1060     
 9691.19 615     50650    1.941      1.94593    0.00492852  105      1060     
 9713.4  616     50723    1.941      1.94593    0.00492721  110      1062     
 9714.13 616     50750    1.941      1.94593    0.00492721  110      1062     
 9732.12 617     50805    1.941      1.94593    0.00492682  109      1063     
 9751.2  618     50887    1.941      1.94593    0.00492595  103      1064     
 9751.75 618     50900    1.941      1.94593    0.00492595  103      1064     
 9769.13 619     50969    1.941      1.94593    0.0049257   113      1065     
 9769.93 619     51000    1.941      1.94593    0.0049257   113      1065     
 9787.92 620     51050    1.941      1.94593    0.00492426  107      1066     
 9824.82 621     51131    1.94101    1.94593    0.00492258  108      1068     
 9825.46 621     51150    1.94101    1.94593    0.00492258  108      1068     
 9838.71 622     51213    1.94101    1.94593    0.00492202  106      1069     
 9839.63 622     51250    1.94101    1.94593    0.00492202  106      1069     
 9857.51 623     51300    1.94101    1.94593    0.00492128  104      1070     
 9876.08 624     51377    1.94101    1.94593    0.00492075  98       1071     
 9876.74 624     51400    1.94101    1.94593    0.00492075  98       1071     
 9912.11 625     51459    1.94101    1.94593    0.00492003  100      1073     
 9945.33 625     51500    1.94101    1.94593    0.00492003  101      1075     
 9947.47 626     51550    1.94101    1.94593    0.00491978  103      1075     
 9966.37 627     51625    1.94101    1.94593    0.00491926  102      1076     
 9967.08 627     51650    1.94101    1.94593    0.00491926  102      1076     
 9968.46 628     51707    1.94101    1.94593    0.00491867  100      1076     
 9987.64 629     51789    1.94101    1.94593    0.0049182   102      1077     
 9988.18 629     51800    1.94101    1.94593    0.0049182   102      1077     
 10024.6 630     51871    1.94101    1.94593    0.00491783  103      1079     
-------------------------------------------------------------------------------

SARSOP finishing ...
  Preset timeout reached
  Timeout     : 10000.000000s
  Actual Time : 10024.570000s

-------------------------------------------------------------------------------
 Time   |#Trial |#Backup |LBound    |UBound    |Precision  |#Alphas |#Beliefs  
-------------------------------------------------------------------------------
 10024.6 630     51871    1.94101    1.94593    0.00491783  103      1079     
-------------------------------------------------------------------------------

Writing out policy ...
  output file : ram_pomdp_soln/3e72b300d89.policyx

