
Loading the model ...
  input file   : /home/rstudio/projects/pomdp-ram/notebook/ram_pomdp_soln/3e73522e9f3.pomdpx
  loading time : 8.39s 

SARSOP initializing ...
  initialization time : 408.30s

-------------------------------------------------------------------------------
 Time   |#Trial |#Backup |LBound    |UBound    |Precision  |#Alphas |#Beliefs  
-------------------------------------------------------------------------------
 408.3   0       0        1.40111    1.90806    0.506956    120      1        
 408.59  3       51       1.73274    1.83137    0.0986372   35       21       
 408.87  5       103      1.77281    1.83137    0.0585577   53       43       
 409.34  7       150      1.79779    1.83135    0.0335555   74       61       
 410.1   10      200      1.81057    1.83133    0.0207632   111      81       
 410.43  12      255      1.81775    1.83131    0.013563    145      85       
 411.1   14      301      1.82215    1.83131    0.00915621  184      96       
 412.79  16      350      1.82413    1.83126    0.00713143  231      118      
 414.84  18      400      1.82577    1.83126    0.00548684  192      138      
 417.33  20      450      1.82637    1.83124    0.00487158  178      158      
 420.77  22      500      1.82732    1.83123    0.00390634  158      185      
 422.72  24      550      1.82763    1.83122    0.00359349  162      198      
 425.27  26      600      1.82813    1.83122    0.00308299  130      214      
 428.93  28      650      1.82844    1.83121    0.00276308  67       236      
 432.53  30      700      1.82851    1.8312     0.00268759  68       257      
 435.49  32      751      1.8288     1.83119    0.00239517  51       273      
 439.76  34      805      1.82889    1.83119    0.00230264  46       294      
 445     36      861      1.82894    1.83118    0.00223693  45       317      
 448.67  37      900      1.82906    1.83118    0.00212182  35       334      
 453.99  39      950      1.82911    1.83118    0.00206967  35       355      
 459.8   41      1000     1.82915    1.83116    0.00201095  36       376      
 465.55  43      1050     1.82918    1.83116    0.00197307  30       397      
 471.18  45      1103     1.82933    1.83114    0.00181635  32       415      
 479.02  47      1161     1.82936    1.83114    0.00177734  34       438      
 487.3   48      1200     1.82938    1.83114    0.00175772  36       461      
 491.49  50      1250     1.82941    1.83113    0.00171948  39       472      
 498.52  52      1301     1.82944    1.83113    0.00168666  39       491      
 506.91  54      1361     1.82946    1.83113    0.0016699   36       512      
 514.44  55      1400     1.82947    1.83112    0.00165679  34       530      
 518.17  57      1450     1.82949    1.83112    0.00163523  38       539      
 529.02  59      1507     1.8295     1.83112    0.00161785  37       561      
 537.64  61      1550     1.8295     1.83112    0.00161492  46       577      
 546.78  62      1600     1.82953    1.83112    0.00158845  35       592      
 557.18  64      1653     1.82954    1.83111    0.00157519  36       611      
 568.26  66      1713     1.82956    1.83111    0.00155416  41       629      
 580.6   67      1750     1.82958    1.83111    0.00153202  44       648      
 589.53  69      1801     1.82958    1.83111    0.00152807  45       661      
 599.22  71      1863     1.82959    1.83111    0.001518    43       677      
 609.73  72      1900     1.82959    1.83111    0.00151544  48       692      
 621.88  74      1950     1.8296     1.83111    0.00151052  49       711      
 631.62  76      2005     1.8296     1.83111    0.00150591  47       725      
 646.07  78      2050     1.82961    1.83111    0.00149967  46       747      
 660.28  79      2100     1.82962    1.8311     0.00147784  43       765      
 671.12  81      2150     1.82963    1.8311     0.00146267  45       780      
 679.78  83      2209     1.82965    1.83109    0.00144858  44       794      
 688.27  84      2250     1.82965    1.83109    0.00144592  52       806      
 695.15  86      2300     1.82965    1.83109    0.00143824  53       815      
 709.7   88      2351     1.82966    1.83109    0.0014265   55       834      
 720.89  90      2409     1.82967    1.83109    0.00142056  52       848      
 730.53  91      2450     1.82967    1.83109    0.00141892  52       860      
 735.87  93      2500     1.82967    1.83109    0.00141636  45       868      
 745.68  95      2553     1.82969    1.83108    0.00139784  50       882      
 756.73  97      2611     1.82969    1.83108    0.00139193  52       896      
 767.85  98      2650     1.82969    1.83108    0.00139117  50       910      
 781.45  100     2700     1.8297     1.83108    0.00138372  52       923      
 794.39  102     2750     1.8297     1.83108    0.00137922  53       937      
 807.3   104     2805     1.8297     1.83108    0.00137588  56       952      
 819.29  106     2863     1.82971    1.83108    0.00137393  57       965      
 825.79  107     2900     1.82971    1.83108    0.00137324  57       972      
 833.98  109     2950     1.82971    1.83108    0.00137167  60       980      
 847.91  111     3005     1.82971    1.83108    0.00137088  64       994      
 861.12  113     3059     1.82971    1.83108    0.00136985  78       1009     
 873.15  115     3111     1.82971    1.83108    0.00136899  66       1020     
 885.89  116     3150     1.82971    1.83107    0.00136411  76       1031     
 895.45  118     3200     1.82971    1.83107    0.0013634   72       1039     
 905.42  120     3250     1.82971    1.83107    0.00136264  77       1048     
 913.56  122     3301     1.82971    1.83107    0.00136171  74       1055     
 922.37  124     3357     1.82971    1.83107    0.00136104  76       1063     
 934.86  126     3413     1.82971    1.83107    0.00136024  73       1076     
 941.73  127     3450     1.82971    1.83107    0.00135979  74       1082     
 950.59  129     3500     1.82972    1.83107    0.00135397  67       1090     
 958.81  131     3550     1.82972    1.83107    0.00135285  60       1099     
 967.68  133     3603     1.82972    1.83107    0.00135143  60       1108     
 982.12  135     3661     1.82972    1.83107    0.00134993  65       1124     
 987.24  136     3700     1.82972    1.83107    0.00134938  64       1129     
 997.74  138     3750     1.82972    1.83107    0.00134809  70       1139     
 1012.18 140     3800     1.82972    1.83107    0.0013467   71       1155     
 1024.27 142     3851     1.82972    1.83107    0.00134552  71       1165     
 1038.23 144     3901     1.82973    1.83107    0.00133876  75       1177     
 1051.16 146     3955     1.82973    1.83107    0.0013382   70       1189     
 1064.39 148     4009     1.82973    1.83106    0.00133718  72       1201     
 1072.73 150     4059     1.82973    1.83106    0.00133648  76       1207     
 1081.16 152     4113     1.82973    1.83106    0.00133611  78       1214     
 1090.68 153     4150     1.82973    1.83106    0.00133576  84       1223     
 1098.36 155     4200     1.82973    1.83106    0.00133522  75       1230     
 1106.92 157     4250     1.82973    1.83106    0.0013348   79       1236     
 1114.91 159     4300     1.82973    1.83106    0.00133305  83       1244     
 1126.65 161     4350     1.82973    1.83106    0.0013327   79       1253     
 1141.61 163     4400     1.82973    1.83106    0.00133145  79       1269     
 1152.8  165     4450     1.82973    1.83106    0.00133092  88       1277     
 1167.31 167     4500     1.82973    1.83106    0.00133013  90       1292     
 1181.57 169     4553     1.82973    1.83106    0.00132943  94       1303     
 1194.25 171     4607     1.82973    1.83106    0.00132921  101      1314     
 1208.01 173     4659     1.82973    1.83106    0.00132851  95       1325     
 1219.65 175     4709     1.82973    1.83106    0.00132768  89       1334     
 1231.41 177     4757     1.82973    1.83106    0.00132688  87       1344     
 1245.09 179     4807     1.82974    1.83105    0.00131764  89       1354     
 1256.93 181     4855     1.82974    1.83105    0.0013174   91       1362     
 1264.29 183     4907     1.82974    1.83105    0.00131719  105      1368     
 1275.52 185     4957     1.82974    1.83105    0.00131697  98       1375     
 1284.14 187     5007     1.82974    1.83105    0.00131662  96       1381     
 1298.97 189     5059     1.82974    1.83105    0.00131632  107      1392     
 1312.85 191     5107     1.82974    1.83105    0.00131442  98       1405     
 1327.23 193     5157     1.82974    1.83105    0.00131391  98       1414     
 1341.65 195     5209     1.82974    1.83105    0.00131338  97       1425     
 1354.14 197     5259     1.82974    1.83105    0.00131278  99       1433     
 1369.36 199     5300     1.82974    1.83105    0.00131256  100      1443     
 1382.06 200     5350     1.82974    1.83105    0.00131218  94       1455     
 1397.42 202     5400     1.82974    1.83105    0.00131164  99       1464     
 1415.31 204     5450     1.82974    1.83105    0.00131114  95       1475     
 1429.52 206     5500     1.82974    1.83105    0.00131023  93       1489     
 1444.1  208     5550     1.82974    1.83105    0.00130961  101      1504     
 1456.46 210     5600     1.82974    1.83105    0.00130909  101      1513     
 1472.79 212     5650     1.82974    1.83105    0.00130877  113      1527     
 1486.33 214     5700     1.82974    1.83105    0.00130835  123      1540     
 1496.41 216     5750     1.82974    1.83104    0.00130439  110      1548     
 1510.46 218     5800     1.82974    1.83104    0.00130409  114      1558     
 1524.72 221     5859     1.82974    1.83104    0.00130345  119      1566     
 1537.02 223     5905     1.82974    1.83104    0.00130319  115      1574     
 1549.6  225     5953     1.82974    1.83104    0.00130273  109      1585     
 1559.42 227     6000     1.82974    1.83104    0.00130236  108      1592     
 1572.42 229     6050     1.82974    1.83104    0.00130202  108      1602     
 1589.14 231     6100     1.82974    1.83104    0.00130181  102      1613     
 1596.84 233     6150     1.82974    1.83104    0.00130147  101      1620     
 1614.61 235     6200     1.82974    1.83104    0.00130133  115      1633     
 1631.89 238     6259     1.82974    1.83104    0.00130062  109      1646     
 1641.72 240     6307     1.82974    1.83104    0.00129997  104      1653     
 1655.64 242     6351     1.82974    1.83104    0.00129982  107      1662     
 1670.36 244     6400     1.82974    1.83104    0.00129961  116      1670     
 1685.03 246     6450     1.82974    1.83104    0.00129929  112      1681     
 1730.57 249     6500     1.82975    1.83104    0.00129059  113      1705     
 1746.38 251     6557     1.82975    1.83103    0.001279    110      1716     
 1755.12 253     6601     1.82975    1.83103    0.0012786   109      1720     
 1767.67 255     6650     1.82975    1.83103    0.00127838  110      1728     
 1783.45 257     6700     1.82975    1.83103    0.00127766  112      1736     
 1798.18 259     6750     1.82975    1.83103    0.00127747  111      1743     
 1807.21 262     6809     1.82975    1.83103    0.00127725  121      1748     
 1825.7  264     6857     1.82975    1.83103    0.00127696  115      1760     
 1842.12 266     6903     1.82975    1.83103    0.00127628  113      1769     
 1858.26 268     6953     1.82975    1.83103    0.00127613  115      1779     
 1874.92 270     7001     1.82975    1.83103    0.0012757   114      1789     
 1889.35 272     7050     1.82975    1.83103    0.00127545  116      1797     
 1901    274     7100     1.82975    1.83103    0.00127529  119      1803     
 1922.23 277     7150     1.82975    1.83103    0.00127513  120      1813     
 1935.79 279     7207     1.82975    1.83103    0.00127471  116      1821     
 1946.33 281     7253     1.82975    1.83103    0.00127442  110      1830     
 1960.4  283     7300     1.82975    1.83103    0.00127393  116      1838     
 1976.96 285     7350     1.82975    1.83103    0.00127377  123      1849     
 1996.16 288     7400     1.82975    1.83103    0.00127353  119      1860     
 2011.14 290     7457     1.82975    1.83102    0.00127308  126      1868     
 2032    292     7503     1.82975    1.83102    0.00127274  126      1878     
 2046.97 294     7550     1.82975    1.83102    0.00127242  121      1886     
 2063.9  296     7600     1.82975    1.83102    0.0012723   118      1895     
 2084.06 298     7650     1.82975    1.83102    0.00127228  125      1907     
 2092.07 301     7700     1.82975    1.83102    0.00127136  133      1912     
 2106.56 303     7757     1.82975    1.83102    0.00127096  137      1921     
 2121.35 305     7803     1.82975    1.83102    0.00127071  137      1929     
 2134.65 307     7851     1.82976    1.83102    0.00126606  126      1937     
 2149.47 309     7900     1.82976    1.83102    0.00126575  131      1945     
 2160.75 311     7950     1.82976    1.83102    0.00126549  137      1953     
 2175.93 314     8000     1.82976    1.83102    0.00126519  138      1960     
 2187.19 316     8055     1.82976    1.83102    0.00126513  140      1967     
 2201.16 318     8101     1.82976    1.83102    0.00126499  146      1974     
 2216.69 320     8151     1.82976    1.83102    0.00126479  146      1984     
 2234.22 322     8200     1.82976    1.83102    0.00126459  140      1993     
 2252.72 324     8250     1.82976    1.83102    0.00126426  135      2004     
 2263.43 327     8303     1.82976    1.83102    0.00126375  138      2010     
 2276.43 329     8350     1.82976    1.83102    0.00126364  133      2018     
 2291.25 331     8400     1.82976    1.83102    0.00126342  124      2025     
 2304.1  334     8453     1.82976    1.83102    0.0012632   120      2031     
 2311.77 336     8500     1.82976    1.83102    0.00126298  126      2034     
 2325.92 339     8557     1.82976    1.83102    0.00126266  124      2043     
 2333.84 341     8600     1.82976    1.83102    0.00126236  129      2046     
 2350.01 343     8650     1.82976    1.83102    0.00126202  127      2054     
 2362.83 346     8703     1.82976    1.83102    0.00126156  128      2061     
 2374.06 348     8750     1.82976    1.83102    0.00126137  133      2067     
 2387.06 351     8807     1.82976    1.83102    0.00126103  128      2075     
 2397.62 353     8851     1.82976    1.83102    0.00126101  125      2081     
 2409.81 355     8900     1.82976    1.83102    0.00126088  128      2087     
 2417.38 358     8955     1.82976    1.83102    0.00126062  129      2092     
 2428.68 360     9000     1.82976    1.83102    0.00126016  126      2099     
 2436.66 362     9050     1.82976    1.83102    0.00125972  133      2103     
 2451.55 365     9107     1.82976    1.83102    0.00125942  136      2115     
 2461.78 367     9150     1.82976    1.83102    0.0012588   132      2123     
 2489.47 369     9200     1.82976    1.83102    0.00125862  141      2136     
 2497.5  372     9255     1.82977    1.831      0.00122524  147      2140     
 2508.37 374     9301     1.82977    1.831      0.00122508  155      2146     
 2518.63 376     9350     1.82977    1.831      0.00122505  159      2152     
 2537.84 378     9400     1.82977    1.831      0.00122499  161      2163     
 2553.68 381     9450     1.82977    1.831      0.00122495  162      2174     
 2564.73 383     9505     1.82977    1.831      0.00122467  154      2179     
 2574.66 385     9550     1.82977    1.831      0.00122458  156      2183     
 2585.59 387     9600     1.82977    1.831      0.00122432  155      2189     
 2608.41 390     9657     1.82977    1.831      0.00122404  160      2199     
 2622.09 392     9703     1.82977    1.831      0.00122387  160      2207     
 2626.23 394     9750     1.82977    1.831      0.00122382  156      2210     
 2642.53 396     9800     1.82977    1.831      0.00122308  170      2217     
 2652.64 399     9853     1.82977    1.831      0.00122268  158      2221     
 2667.29 401     9900     1.82977    1.831      0.00122244  157      2230     
 2682.41 403     9950     1.82977    1.831      0.00122237  160      2237     
 2695.71 406     10011    1.82977    1.831      0.00122196  164      2246     
 2712.06 408     10055    1.82977    1.831      0.00122149  161      2254     
 2725.68 410     10100    1.82977    1.831      0.00122136  155      2260     
 2740.7  413     10159    1.82977    1.831      0.0012213   155      2267     
 2756.18 415     10203    1.82977    1.83099    0.00122094  160      2275     
 2768.2  417     10250    1.82977    1.83099    0.00122076  155      2281     
 2789.73 420     10309    1.82977    1.83099    0.00122034  155      2293     
 2798.59 422     10350    1.82977    1.83099    0.00122027  161      2297     
 2819.13 424     10400    1.82977    1.83099    0.00122005  155      2309     
 2825.64 427     10451    1.82977    1.83099    0.0012199   157      2314     
 2835.88 429     10500    1.82977    1.83099    0.00121974  173      2319     
 2852.34 432     10555    1.82977    1.83099    0.00121961  165      2327     
 2861.12 434     10600    1.82977    1.83099    0.00121958  164      2331     
 2874.63 437     10650    1.82977    1.83099    0.00121952  162      2340     
 2886.06 439     10707    1.82977    1.83099    0.00121937  174      2349     
 2898.38 441     10751    1.82977    1.83099    0.00121933  182      2356     
 2909.01 443     10800    1.82977    1.83099    0.0012193   182      2362     
 2920.02 446     10853    1.82977    1.83099    0.00121909  174      2368     
 2926.58 448     10900    1.82977    1.83099    0.00121904  181      2371     
 2938.73 451     10955    1.82977    1.83099    0.00121894  178      2376     
 2949.7  453     11000    1.82977    1.83099    0.0012188   177      2382     
 2966.4  456     11055    1.82977    1.83099    0.00121866  184      2391     
 2983.41 458     11103    1.82977    1.83099    0.00121849  185      2400     
 2993.09 460     11150    1.82977    1.83099    0.00121845  188      2405     
 3009.54 463     11207    1.82977    1.83099    0.00121838  197      2412     
 3020.95 465     11250    1.82977    1.83099    0.00121819  202      2416     
 3039.23 467     11300    1.82977    1.83099    0.00121812  201      2425     
 3047.33 470     11353    1.82977    1.83099    0.00121808  209      2430     
 3056.47 472     11400    1.82977    1.83099    0.00121803  213      2435     
 3069.92 475     11453    1.82977    1.83099    0.00121769  204      2444     
 3079.61 477     11500    1.82977    1.83099    0.00121754  190      2450     
 3091.63 479     11550    1.82977    1.83099    0.00121725  195      2456     
 3097.23 482     11601    1.82977    1.83099    0.00121701  183      2458     
 3111.77 484     11650    1.82977    1.83099    0.00121655  183      2463     
 3124.78 487     11701    1.82977    1.83099    0.00121648  187      2468     
 3136.31 489     11750    1.82977    1.83099    0.00121646  191      2473     
 3147.47 492     11807    1.82977    1.83099    0.00121619  184      2479     
 3158.78 494     11851    1.82977    1.83099    0.00121558  183      2491     
 3173.22 496     11900    1.82977    1.83099    0.00121553  179      2502     
 3188.95 499     11957    1.82978    1.83099    0.00121216  194      2511     
 3200.97 501     12001    1.82978    1.83099    0.00121202  193      2519     
 3215.65 503     12050    1.82978    1.83099    0.00121179  187      2526     
 3231.04 506     12103    1.82978    1.83099    0.00121162  190      2532     
 3242.37 508     12150    1.82978    1.83099    0.00121162  189      2538     
 3255.08 511     12205    1.82978    1.83099    0.00121161  200      2544     
 3272.2  513     12250    1.82978    1.83099    0.00121159  199      2551     
 3293.35 516     12309    1.82978    1.83099    0.00121126  204      2561     
 3307.15 518     12350    1.82978    1.83099    0.00121117  198      2566     
 3321.61 520     12400    1.82978    1.83099    0.00121092  207      2574     
 3331.04 523     12453    1.82978    1.83099    0.00121055  205      2578     
 3348.58 525     12500    1.82978    1.83099    0.00121049  208      2585     
 3370.39 528     12555    1.82978    1.83099    0.0012104   203      2594     
 3385.41 530     12600    1.82978    1.83099    0.00121025  203      2600     
 3395.93 533     12655    1.82978    1.83099    0.00121014  206      2605     
 3408.98 535     12700    1.82978    1.83099    0.00121011  203      2612     
 3424.62 537     12750    1.82978    1.83099    0.00120989  209      2620     
 3432.66 540     12801    1.82978    1.83099    0.00120983  204      2623     
 3444.91 542     12850    1.82978    1.83099    0.00120976  193      2633     
 3455.54 545     12903    1.82978    1.83098    0.00120954  200      2637     
 3468.15 547     12950    1.82978    1.83098    0.00120932  198      2645     
 3482.6  550     13007    1.82978    1.83098    0.0012092   199      2652     
 3493    552     13050    1.82978    1.83098    0.00120898  195      2659     
 3510.91 555     13100    1.82978    1.83098    0.00120896  199      2669     
 3523.89 557     13157    1.82978    1.83098    0.00120891  195      2676     
 3537.3  559     13200    1.82978    1.83098    0.00120862  201      2683     
 3559.51 561     13250    1.82978    1.83098    0.00120824  198      2694     
 3567.72 564     13303    1.82978    1.83098    0.00120791  200      2697     
 3575.5  566     13350    1.82978    1.83098    0.00120789  201      2700     
 3590.63 569     13405    1.82978    1.83098    0.00120778  204      2707     
 3608.42 571     13450    1.82978    1.83098    0.00120766  209      2716     
 3627.48 573     13500    1.82978    1.83098    0.00120742  213      2726     
 3640.7  576     13551    1.82978    1.83098    0.00120727  215      2730     
 3655.36 578     13600    1.82978    1.83098    0.00120718  212      2742     
 3680.35 581     13651    1.82978    1.83097    0.00119197  218      2756     
 3708.96 583     13700    1.82978    1.83097    0.00118698  240      2770     
 3726.57 586     13753    1.82978    1.83095    0.00116648  226      2775     
 3734.54 588     13800    1.82978    1.83095    0.00116642  223      2777     
 3744.75 591     13855    1.82978    1.83095    0.00116636  219      2780     
 3759.35 593     13900    1.82978    1.83095    0.00116632  217      2785     
 3773.75 596     13955    1.82978    1.83095    0.00116631  213      2790     
 3777.83 598     14000    1.82978    1.83095    0.00116615  212      2791     
 3794.51 601     14055    1.82978    1.83095    0.00116607  204      2796     
 3803    603     14100    1.82978    1.83095    0.00116599  205      2798     
 3813.27 606     14155    1.82978    1.83095    0.00116597  206      2801     
 3830.26 608     14200    1.82978    1.83095    0.00116578  208      2807     
 3843.73 611     14257    1.82978    1.83095    0.00116567  205      2812     
 3862.11 613     14300    1.82978    1.83095    0.00116563  214      2817     
 3874.26 616     14357    1.82978    1.83095    0.00116561  215      2821     
 3878.78 618     14400    1.82978    1.83095    0.00116552  213      2822     
 3894.36 621     14457    1.82978    1.83095    0.00116152  214      2828     
 3907.83 623     14500    1.82978    1.83095    0.00116143  209      2833     
 3921.35 626     14559    1.82978    1.83095    0.00116126  211      2837     
 3930.79 628     14601    1.82978    1.83095    0.00116121  216      2841     
 3953.58 630     14650    1.82978    1.83095    0.00116113  205      2847     
 3962.43 633     14701    1.82978    1.83095    0.00116103  202      2850     
 3975.31 635     14750    1.82978    1.83095    0.00116089  210      2854     
 3991.49 638     14803    1.82978    1.83095    0.00116078  215      2861     
 4005.74 640     14850    1.82978    1.83095    0.00116074  217      2867     
 4027.63 643     14903    1.82978    1.83095    0.00116072  213      2874     
 4044.6  645     14950    1.82978    1.83095    0.00116066  212      2881     
 4064.73 647     15000    1.82978    1.83095    0.00116062  218      2889     
 4075.9  650     15053    1.82978    1.83095    0.00116039  219      2893     
 4092.55 652     15100    1.82978    1.83094    0.00116022  213      2899     
 4120.01 655     15155    1.82978    1.83094    0.0011602   211      2908     
 4139.77 657     15200    1.82978    1.83094    0.0011602   213      2914     
 4163.36 660     15259    1.82978    1.83094    0.00116011  208      2924     
 4181.51 662     15300    1.82978    1.83094    0.00115999  198      2931     
 4197.56 665     15359    1.82978    1.83094    0.00115986  197      2936     
 4208.91 667     15400    1.82978    1.83094    0.00115984  197      2940     
 4223.01 670     15450    1.82978    1.83094    0.00115977  201      2948     
 4232.17 672     15501    1.82978    1.83094    0.00115963  202      2951     
 4242.88 674     15550    1.82978    1.83094    0.00115956  202      2957     
 4260.42 677     15603    1.82978    1.83094    0.00115942  201      2962     
 4274.19 679     15650    1.82978    1.83094    0.00115932  201      2967     
 4286.01 682     15703    1.82978    1.83094    0.00115929  207      2972     
 4296.01 684     15750    1.82978    1.83094    0.0011591   205      2975     
 4310.87 687     15807    1.82978    1.83094    0.00115907  205      2981     
 4324.96 689     15850    1.82978    1.83094    0.00115905  203      2986     
 4338.1  692     15909    1.82978    1.83094    0.00115873  200      2991     
 4342.7  694     15950    1.82978    1.83094    0.00115871  208      2992     
 4364.7  697     16000    1.82978    1.83094    0.00115859  216      3000     
 4376.4  699     16051    1.82979    1.83094    0.00115858  220      3003     
 4392.77 702     16109    1.82979    1.83094    0.00115828  222      3008     
 4404.43 704     16153    1.82979    1.83094    0.00115825  225      3013     
 4420.13 706     16200    1.82979    1.83094    0.0011581   215      3018     
 4436.24 709     16257    1.82979    1.83094    0.00115805  215      3026     
 4445.02 711     16300    1.82979    1.83094    0.00115793  219      3029     
 4462.6  714     16357    1.82979    1.83094    0.00115789  225      3036     
 4477.13 716     16400    1.82979    1.83094    0.00115785  238      3043     
 4483.26 719     16455    1.82979    1.83094    0.00115781  234      3045     
 4494.86 721     16500    1.82979    1.83094    0.00115768  221      3051     
 4508.35 724     16551    1.82979    1.83094    0.0011575   229      3055     
 4519.8  726     16600    1.82979    1.83094    0.00115744  240      3060     
 4534.06 729     16651    1.82979    1.83094    0.00115732  244      3064     
 4549.25 732     16707    1.82979    1.83094    0.00115722  248      3069     
 4556.13 734     16750    1.82979    1.83094    0.00115719  249      3071     
 4572.57 737     16800    1.82979    1.83094    0.00115707  250      3075     
 4588.01 740     16857    1.82979    1.83094    0.00115702  255      3082     
 4603.69 742     16900    1.82979    1.83094    0.00115687  254      3086     
 4618.36 745     16955    1.82979    1.83094    0.00115682  255      3092     
 4633.43 747     17000    1.82979    1.83094    0.00115677  253      3097     
 4641.36 750     17050    1.82979    1.83094    0.00115658  262      3102     
 4658.02 753     17103    1.82979    1.83094    0.00115616  263      3112     
 4672.64 755     17150    1.82979    1.83094    0.00115549  258      3119     
 4686.27 758     17201    1.82979    1.83094    0.00115544  259      3124     
 4701.95 761     17257    1.82979    1.83094    0.00115535  263      3130     
 4715.52 763     17300    1.82979    1.83094    0.00115535  270      3135     
 4725.4  766     17353    1.82979    1.83094    0.00115535  269      3139     
 4737.7  768     17400    1.82979    1.83094    0.00115531  271      3145     
 4748.11 771     17450    1.82979    1.83094    0.00115526  274      3149     
 4768.2  774     17505    1.82979    1.83094    0.00115518  275      3156     
 4779.52 776     17550    1.82979    1.83094    0.00115516  277      3161     
 4791.21 779     17601    1.82979    1.83094    0.0011551   273      3165     
 4805.55 782     17657    1.82979    1.83094    0.00115504  281      3172     
 4825.76 784     17700    1.82979    1.83094    0.00115497  279      3178     
 4842.31 787     17750    1.82979    1.83094    0.00115478  274      3182     
 4858.27 790     17807    1.82979    1.83094    0.00115475  270      3188     
 4872.42 792     17850    1.82979    1.83094    0.00115473  261      3192     
 4885.8  795     17903    1.82979    1.83094    0.00115461  261      3196     
 4900.89 798     17950    1.82979    1.83094    0.00115445  259      3203     
 4911.77 800     18000    1.82979    1.83094    0.0011544   265      3206     
 4929.05 803     18057    1.82979    1.83094    0.00115431  265      3214     
 4935.85 805     18100    1.82979    1.83094    0.00115421  261      3217     
 4949.36 808     18150    1.82979    1.83094    0.00115416  257      3221     
 4970.22 811     18205    1.82979    1.83094    0.00115408  257      3227     
 4987.86 814     18250    1.82979    1.83094    0.00115406  263      3231     
 4999.79 816     18300    1.82979    1.83094    0.00115398  261      3235     
 5014.54 819     18353    1.82979    1.83094    0.00115379  259      3241     
 5031.77 822     18407    1.82979    1.83094    0.00115375  259      3245     
 5040.26 824     18450    1.82979    1.83094    0.00115374  260      3248     
 5060.85 827     18507    1.82979    1.83094    0.00115371  268      3257     
 5071.82 829     18550    1.82979    1.83094    0.00115363  281      3263     
 5086.64 832     18607    1.82979    1.83094    0.00115355  278      3267     
 5091.79 834     18650    1.82979    1.83094    0.00115354  277      3268     
 5107.56 837     18701    1.82979    1.83094    0.00115331  279      3273     
 5121.79 840     18755    1.82979    1.83094    0.00115329  276      3277     
 5131.84 842     18800    1.82979    1.83094    0.00115328  273      3280     
 5143.28 845     18850    1.82979    1.83094    0.00115326  279      3284     
 5159.66 848     18905    1.82979    1.83094    0.0011532   280      3289     
 5166.98 850     18950    1.82979    1.83094    0.00115316  289      3292     
 5182.78 853     19000    1.82979    1.83094    0.00115306  291      3299     
 5196.44 856     19053    1.82979    1.83094    0.00115304  289      3306     
 5208.05 858     19100    1.82979    1.83094    0.00115301  285      3309     
 5210.78 861     19150    1.82979    1.83094    0.00115294  293      3310     
 5223.7  864     19207    1.82979    1.83094    0.0011529   298      3316     
 5229.24 866     19250    1.82979    1.83094    0.00115264  301      3318     
 5241.96 869     19300    1.82979    1.83094    0.00115249  291      3321     
 5259.98 872     19353    1.82979    1.83094    0.00115249  305      3327     
 5280.27 874     19400    1.82979    1.83094    0.00115246  308      3332     
 5299.48 877     19450    1.82979    1.83094    0.00115185  307      3341     
 5319.21 880     19503    1.82979    1.83094    0.00115177  304      3348     
 5327.99 882     19550    1.82979    1.83094    0.00115173  307      3351     
 5342.04 885     19600    1.82979    1.83094    0.00115127  308      3356     
 5356.85 888     19655    1.82979    1.83094    0.00115113  311      3361     
 5364.9  890     19700    1.82979    1.83094    0.00115099  317      3366     
 5381.47 893     19751    1.82979    1.83094    0.00115051  319      3374     
 5394.23 896     19807    1.82979    1.83094    0.00115046  321      3381     
 5403.98 898     19850    1.82979    1.83094    0.00115042  327      3385     
 5421.89 901     19900    1.82979    1.83094    0.00115033  336      3391     
 5444.6  904     19957    1.82979    1.83094    0.00115027  341      3401     
 5456.44 906     20000    1.82979    1.83094    0.00114988  342      3413     
 5491.93 909     20057    1.82979    1.83092    0.00113178  345      3431     
 5547.13 911     20100    1.82979    1.8309     0.00110929  349      3447     
 5559.79 914     20155    1.82979    1.8309     0.00110917  348      3450     
 5574.92 916     20200    1.82979    1.8309     0.00110912  348      3455     
 5593.21 918     20250    1.82979    1.8309     0.00110908  341      3461     
 5598.15 921     20303    1.82979    1.8309     0.00110906  344      3463     
 5604.61 923     20350    1.82979    1.8309     0.001109    347      3465     
 5624.73 926     20403    1.82979    1.8309     0.00110881  336      3471     
 5641.59 928     20450    1.82979    1.8309     0.00110849  335      3476     
 5654.86 931     20505    1.82979    1.8309     0.00110848  328      3480     
 5662.8  933     20550    1.82979    1.8309     0.00110848  329      3482     
 5675.58 936     20609    1.82979    1.8309     0.00110846  334      3487     
 5687.91 938     20650    1.82979    1.8309     0.00110844  333      3491     
 5701.31 940     20700    1.82979    1.8309     0.00110842  329      3496     
 5712.83 943     20753    1.82979    1.8309     0.00110839  323      3499     
 5723.35 945     20800    1.82979    1.8309     0.00110839  318      3502     
 5730.59 948     20855    1.82979    1.8309     0.00110837  319      3504     
 5743.93 950     20900    1.82979    1.8309     0.00110834  321      3508     
 5754.57 953     20955    1.82979    1.8309     0.00110834  321      3512     
 5761.63 955     21000    1.82979    1.8309     0.00110832  320      3514     
 5778.59 958     21057    1.82979    1.8309     0.00110832  310      3520     
 5781.06 960     21100    1.82979    1.8309     0.00110829  317      3521     
 5794.1  963     21155    1.82979    1.8309     0.00110824  305      3526     
 5808.33 965     21200    1.82979    1.8309     0.00110817  299      3533     
 5819.85 967     21250    1.82979    1.8309     0.00110817  296      3537     
 5825.86 970     21300    1.82979    1.8309     0.00110816  299      3539     
 5850.84 973     21359    1.82979    1.8309     0.00110813  295      3547     
 5867.06 975     21403    1.82979    1.8309     0.00110811  288      3553     
 5872.98 977     21450    1.82979    1.8309     0.00110808  287      3555     
 5887.07 980     21505    1.82979    1.8309     0.00110777  285      3560     
 5892.16 982     21550    1.82979    1.8309     0.0011077   280      3561     
 5911.16 985     21603    1.82979    1.8309     0.00110761  284      3567     
 5919.01 988     21650    1.82979    1.83089    0.00110757  283      3570     
 5924.36 990     21700    1.82979    1.83089    0.00110755  283      3571     
 5942.18 993     21757    1.82979    1.83089    0.00110752  285      3577     
 5954.76 995     21800    1.82979    1.83089    0.00110752  282      3580     
 5963.57 998     21853    1.82979    1.83089    0.00110735  283      3582     
 5979.79 1000    21900    1.82979    1.83089    0.00110724  289      3588     
 5989.39 1003    21953    1.82979    1.83089    0.00110718  296      3593     
 5999.12 1006    22000    1.82979    1.83089    0.00110717  308      3596     
 6009.91 1008    22050    1.82979    1.83089    0.00110711  316      3599     
 6024.92 1011    22107    1.82979    1.83089    0.00110685  326      3606     
 6037.22 1013    22150    1.82979    1.83089    0.00110682  330      3609     
 6055.18 1016    22200    1.82979    1.83089    0.00110677  330      3613     
 6069.39 1019    22251    1.82979    1.83089    0.00110672  326      3617     
 6097.64 1021    22300    1.82979    1.83089    0.00110665  332      3627     
 6103.07 1024    22350    1.82979    1.83089    0.00110662  331      3628     
 6117.12 1027    22401    1.82979    1.83089    0.00110657  334      3633     
 6125.1  1030    22457    1.82979    1.83089    0.00110655  333      3635     
 6134.28 1032    22500    1.82979    1.83089    0.00110652  339      3637     
 6151.15 1035    22553    1.82979    1.83089    0.0011065   336      3644     
 6166.93 1037    22600    1.82979    1.83089    0.00110645  339      3649     
 6177.47 1040    22650    1.82979    1.83089    0.00110635  337      3652     
 6196.26 1043    22703    1.82979    1.83089    0.00110629  332      3656     
 6207.3  1046    22757    1.82979    1.83089    0.00110625  325      3659     
 6221.05 1048    22800    1.82979    1.83089    0.00110619  323      3662     
 6235.98 1051    22851    1.82979    1.83089    0.00110616  321      3667     
 6252.91 1054    22905    1.82979    1.83089    0.00110613  328      3672     
 6263.28 1057    22950    1.82979    1.83089    0.00110612  336      3675     
 6276.5  1059    23001    1.82979    1.83089    0.0011061   338      3680     
 6292.04 1061    23050    1.82979    1.83089    0.00110605  347      3687     
 6302.74 1064    23101    1.82979    1.83089    0.00110598  341      3691     
 6313.8  1067    23157    1.82979    1.83089    0.0011059   340      3696     
 6332.46 1069    23200    1.82979    1.83089    0.00110588  345      3703     
 6351.79 1072    23253    1.82979    1.83089    0.00110581  345      3709     
 6369.53 1075    23309    1.82979    1.83089    0.0011057   355      3715     
 6383.82 1077    23350    1.82979    1.83089    0.00110511  360      3723     
 6397.33 1080    23403    1.82979    1.83089    0.00110502  360      3727     
 6400.12 1083    23457    1.82979    1.83089    0.00110493  355      3727     
 6410.24 1085    23500    1.82979    1.83089    0.00110488  357      3729     
 6421.68 1088    23557    1.82979    1.83089    0.00110484  352      3732     
 6430.79 1090    23600    1.82979    1.83089    0.00110477  361      3737     
 6443.79 1093    23653    1.82979    1.83089    0.00110444  362      3741     
 6453    1096    23707    1.82979    1.83089    0.0011044   366      3743     
 6462.44 1098    23750    1.82979    1.83089    0.00110437  361      3745     
 6471.36 1101    23800    1.82979    1.83089    0.00110434  362      3747     
 6477.2  1104    23853    1.82979    1.83089    0.0011042   368      3748     
 6488.25 1107    23900    1.82979    1.83089    0.00110415  381      3752     
 6496.46 1109    23950    1.82979    1.83089    0.00110412  380      3755     
 6510.16 1112    24003    1.82979    1.83089    0.00110406  384      3759     
 6518.79 1114    24050    1.82979    1.83089    0.00110406  386      3762     
 6531.12 1117    24101    1.82979    1.83089    0.00110406  383      3765     
 6550.51 1120    24157    1.82979    1.83089    0.00110404  373      3770     
 6560.18 1122    24200    1.82979    1.83089    0.00110402  378      3774     
 6578.56 1125    24251    1.82979    1.83089    0.00110386  387      3778     
 6591.57 1128    24309    1.82979    1.83089    0.00110385  391      3782     
 6602.04 1130    24350    1.82979    1.83089    0.00110385  389      3784     
 6622.3  1133    24405    1.82979    1.83089    0.00110368  393      3790     
 6629.68 1135    24450    1.82979    1.83089    0.00110367  394      3791     
 6645.83 1138    24503    1.82979    1.83089    0.00110364  394      3796     
 6658.66 1140    24550    1.82979    1.83089    0.00110361  389      3800     
 6670.06 1143    24600    1.82979    1.83089    0.0011036   386      3802     
 6680.79 1146    24653    1.82979    1.83089    0.00110358  384      3806     
 6701.81 1149    24700    1.82979    1.83089    0.00110358  385      3813     
 6716.69 1151    24750    1.82979    1.83089    0.00110327  386      3819     
 6739.23 1154    24805    1.82979    1.83089    0.00110095  391      3829     
 6756.21 1156    24850    1.82979    1.83089    0.00110088  397      3833     
 6763.63 1159    24900    1.82979    1.83089    0.00110081  392      3834     
 6786.47 1162    24951    1.82979    1.83089    0.00110077  389      3841     
 6805.91 1165    25007    1.82979    1.83089    0.00110075  384      3848     
 6820.1  1167    25050    1.82979    1.83089    0.00110067  386      3851     
 6834.31 1170    25100    1.82979    1.83089    0.00110064  389      3854     
 6854.7  1173    25151    1.82979    1.83089    0.00110063  384      3859     
 6876.13 1176    25207    1.82979    1.83089    0.0011006   384      3864     
 6888.86 1178    25250    1.82979    1.83089    0.00110051  378      3867     
 6908.1  1181    25301    1.82979    1.83089    0.00110039  376      3872     
 6933.27 1184    25355    1.82979    1.83089    0.00110027  376      3878     
 6952.36 1186    25400    1.82979    1.83089    0.00110025  374      3883     
 6967.7  1189    25451    1.82979    1.83089    0.00110015  379      3889     
 6990.07 1192    25500    1.82979    1.83089    0.00110014  385      3895     
 7002.89 1194    25550    1.82979    1.83089    0.00110008  383      3898     
 7025.42 1197    25601    1.82979    1.83089    0.0011      376      3903     
 7042.49 1200    25655    1.82979    1.83089    0.00109952  368      3907     
 7063.84 1202    25700    1.82979    1.83089    0.00109757  375      3921     
 7113.57 1205    25751    1.82979    1.83086    0.00106802  382      3932     
 7132.41 1207    25800    1.82979    1.83086    0.00106793  382      3936     
 7153.11 1210    25855    1.82979    1.83086    0.00106793  383      3942     
 7171.82 1212    25900    1.82979    1.83086    0.00106793  382      3947     
 7179.36 1215    25955    1.82979    1.83086    0.00106793  378      3949     
 7187.07 1217    26000    1.82979    1.83086    0.00106793  381      3951     
 7199.84 1220    26050    1.82979    1.83086    0.00106791  380      3954     
 7212.28 1223    26100    1.82979    1.83086    0.00106789  383      3957     
 7231.77 1225    26150    1.82979    1.83086    0.00106788  374      3961     
 7249.87 1228    26207    1.82979    1.83086    0.00106782  370      3965     
 7264.66 1230    26250    1.82979    1.83086    0.00106782  375      3969     
 7280.92 1233    26307    1.82979    1.83086    0.00106781  378      3972     
 7288.1  1235    26350    1.82979    1.83086    0.0010678   357      3973     
 7310.92 1238    26403    1.82979    1.83086    0.00106775  356      3978     
 7318.61 1240    26450    1.82979    1.83086    0.00106775  364      3980     
 7333.5  1243    26501    1.82979    1.83086    0.00106772  358      3983     
 7342.72 1246    26550    1.82979    1.83086    0.00106771  363      3985     
 7354.41 1248    26600    1.82979    1.83086    0.00106769  348      3987     
 7379.33 1251    26653    1.82979    1.83086    0.00106769  347      3992     
 7400.21 1253    26700    1.82979    1.83086    0.00106766  342      3997     
 7412.99 1256    26751    1.82979    1.83086    0.00106755  338      4000     
 7439.54 1259    26809    1.82979    1.83086    0.00106748  347      4007     
 7446.83 1261    26850    1.82979    1.83086    0.00106742  348      4009     
 7461.66 1264    26907    1.82979    1.83086    0.00106741  362      4013     
 7472.92 1266    26950    1.82979    1.83086    0.0010674   357      4016     
 7497.87 1269    27005    1.82979    1.83086    0.00106736  357      4023     
 7513.17 1272    27050    1.82979    1.83086    0.00106735  353      4026     
 7522.98 1274    27100    1.82979    1.83086    0.00106734  354      4028     
 7541.42 1277    27151    1.82979    1.83086    0.00106732  355      4032     
 7552.56 1280    27205    1.82979    1.83086    0.00106723  349      4034     
 7574.59 1282    27250    1.82979    1.83086    0.00106722  349      4038     
 7591.99 1285    27300    1.82979    1.83086    0.00106721  346      4041     
 7629.56 1288    27353    1.82979    1.83086    0.0010672   341      4047     
 7650.53 1291    27409    1.82979    1.83086    0.0010671   345      4051     
 7667.59 1293    27451    1.82979    1.83086    0.00106705  344      4055     
 7695.22 1296    27507    1.82979    1.83086    0.00106704  355      4060     
 7722.87 1298    27553    1.82979    1.83086    0.00106698  357      4068     
 7747.19 1301    27609    1.82979    1.83086    0.00106696  349      4073     
 7766.27 1303    27650    1.82979    1.83085    0.00106692  346      4076     
 7782.33 1306    27705    1.82979    1.83085    0.0010669   349      4079     
 7805.05 1308    27750    1.82979    1.83085    0.00106689  356      4083     
 7825.65 1311    27800    1.82979    1.83085    0.00106681  362      4086     
 7834.99 1314    27853    1.82979    1.83085    0.00106679  356      4088     
 7854.74 1317    27907    1.82979    1.83085    0.00106679  363      4091     
 7864.39 1319    27950    1.82979    1.83085    0.00106677  361      4093     
 7889.11 1322    28001    1.82979    1.83085    0.00106676  359      4097     
 7914.09 1325    28057    1.82979    1.83085    0.00106674  354      4101     
 7928.48 1327    28100    1.82979    1.83085    0.00106667  352      4103     
 7937.78 1330    28150    1.82979    1.83085    0.00106665  349      4105     
 7966.49 1333    28207    1.82979    1.83085    0.00106664  356      4112     
 7978.38 1335    28250    1.82979    1.83085    0.00106664  358      4114     
 8003.23 1338    28305    1.82979    1.83085    0.00106659  368      4121     
 8020.84 1340    28350    1.82979    1.83085    0.00106653  370      4125     
 8042.88 1343    28400    1.82979    1.83085    0.00106649  378      4130     
 8063.09 1346    28457    1.82979    1.83085    0.00106647  373      4134     
 8082.85 1348    28500    1.82979    1.83085    0.00106646  385      4139     
 8095.91 1351    28555    1.82979    1.83085    0.00106644  389      4142     
 8106.93 1353    28600    1.82979    1.83085    0.00106643  388      4145     
 8119.34 1356    28651    1.82979    1.83085    0.00106639  393      4147     
 8144.95 1359    28707    1.82979    1.83085    0.00106638  400      4153     
 8158.25 1361    28750    1.82979    1.83085    0.00106637  401      4155     
 8172.89 1364    28800    1.82979    1.83085    0.00106616  404      4158     
 8183.08 1367    28853    1.82979    1.83085    0.00106607  405      4162     
 8218.42 1370    28900    1.82979    1.83085    0.00106605  405      4170     
 8239.11 1372    28950    1.82979    1.83085    0.001066    402      4175     
 8262.68 1375    29007    1.82979    1.83085    0.00106599  405      4179     
 8275.82 1377    29050    1.82979    1.83085    0.00106598  409      4182     
 8304.75 1380    29103    1.82979    1.83085    0.00106597  418      4188     
 8325.97 1383    29157    1.82979    1.83085    0.00106577  417      4192     
 8346.11 1385    29200    1.82979    1.83085    0.00106573  410      4195     
 8360.48 1388    29250    1.82979    1.83085    0.00106571  409      4198     
 8382.16 1391    29305    1.82979    1.83085    0.00106571  400      4203     
 8405.31 1393    29350    1.82979    1.83085    0.00106571  410      4209     
 8424.46 1396    29400    1.82979    1.83085    0.00106568  414      4212     
 8441.38 1399    29453    1.82979    1.83085    0.00106567  405      4215     
 8461.32 1402    29500    1.82979    1.83085    0.00106567  411      4219     
 8481.88 1404    29550    1.82979    1.83085    0.00106566  406      4222     
 8493.16 1407    29603    1.82979    1.83085    0.00106564  402      4224     
 8510.14 1410    29650    1.82979    1.83085    0.00106563  403      4228     
 8516.78 1412    29700    1.82979    1.83085    0.00106557  407      4229     
 8544.54 1415    29751    1.82979    1.83085    0.00106557  418      4233     
 8571.89 1417    29800    1.82979    1.83085    0.00106553  422      4238     
 8591.24 1420    29850    1.82979    1.83085    0.00106549  413      4241     
 8615.03 1423    29901    1.82979    1.83085    0.00106548  415      4244     
 8630.86 1426    29957    1.82979    1.83085    0.00106542  421      4247     
 8647.5  1428    30000    1.82979    1.83085    0.00106536  424      4250     
 8665.49 1431    30051    1.82979    1.83085    0.00106531  429      4254     
 8692.43 1434    30109    1.82979    1.83085    0.00106486  433      4262     
 8712.81 1436    30150    1.82979    1.83085    0.00106423  432      4269     
 8732.06 1439    30201    1.82979    1.83085    0.00106398  440      4275     
 8762.55 1442    30255    1.82979    1.83085    0.00106393  445      4282     
 8777.16 1445    30300    1.82979    1.83085    0.00106391  442      4284     
 8795.77 1447    30351    1.82979    1.83085    0.0010639   437      4289     
 8812.54 1450    30405    1.82979    1.83085    0.00106388  441      4295     
 8846.2  1453    30450    1.82979    1.83085    0.00106365  445      4303     
 8857.32 1455    30500    1.82979    1.83085    0.00106354  451      4305     
 8882.1  1458    30551    1.82979    1.83085    0.00106352  447      4310     
 8902.64 1461    30607    1.82979    1.83085    0.00106318  459      4316     
 8916.89 1463    30650    1.82979    1.83085    0.00106257  465      4322     
 8935.59 1466    30705    1.82979    1.83085    0.00106232  465      4326     
 8959.95 1468    30750    1.82979    1.83085    0.00106229  461      4334     
 8981.22 1471    30800    1.82979    1.83085    0.00106226  456      4337     
 8985.44 1474    30853    1.82979    1.83085    0.00106223  460      4337     
 9005.81 1476    30900    1.82979    1.83085    0.00106222  466      4341     
 9021.25 1479    30950    1.82979    1.83085    0.0010622   457      4343     
 9042.32 1482    31005    1.82979    1.83085    0.00106217  454      4349     
 9059.84 1484    31050    1.82979    1.83085    0.00106216  455      4353     
 9069.75 1487    31100    1.82979    1.83085    0.00106216  452      4354     
 9099.34 1490    31157    1.82979    1.83085    0.00106211  460      4361     
 9117.39 1492    31200    1.82979    1.83085    0.00106198  464      4365     
 9138.48 1495    31250    1.82979    1.83085    0.00106191  461      4370     
 9154.24 1498    31303    1.82979    1.83085    0.00106186  473      4378     
 9173.27 1501    31357    1.82979    1.83085    0.00106167  463      4382     
 9191.93 1503    31400    1.82979    1.83085    0.0010615   474      4391     
 9219.82 1506    31451    1.82979    1.83085    0.00106098  472      4397     
 9239.53 1509    31500    1.82979    1.83085    0.00106094  469      4401     
 9255.35 1511    31550    1.82979    1.83085    0.00106091  473      4403     
 9281.19 1514    31603    1.82979    1.83085    0.00106086  475      4408     
 9297.93 1517    31659    1.82979    1.83085    0.00106083  476      4412     
 9315.06 1519    31700    1.82979    1.83085    0.00106082  472      4415     
 9334.22 1522    31753    1.82979    1.83085    0.0010608   467      4418     
 9349.39 1525    31809    1.82979    1.83085    0.0010607   469      4422     
 9365.31 1527    31850    1.82979    1.83085    0.0010607   472      4426     
 9391.94 1530    31905    1.82979    1.83085    0.00106069  469      4431     
 9413.19 1532    31950    1.82979    1.83085    0.00106069  478      4435     
 9433.48 1535    32001    1.82979    1.83085    0.00106068  473      4438     
 9445.8  1538    32055    1.82979    1.83085    0.00106064  471      4439     
 9468.87 1540    32100    1.82979    1.83085    0.00106063  476      4443     
 9491.57 1543    32151    1.82979    1.83085    0.00106062  483      4446     
 9510.09 1546    32209    1.82979    1.83085    0.0010606   485      4449     
 9523.68 1548    32250    1.82979    1.83085    0.00106059  484      4451     
 9547.63 1551    32305    1.82979    1.83085    0.00106058  480      4456     
 9561.69 1554    32350    1.82979    1.83085    0.00106057  485      4459     
 9574.45 1556    32400    1.82979    1.83085    0.00106054  489      4461     
 9591.44 1559    32451    1.82979    1.83085    0.00106051  485      4464     
 9614.53 1562    32505    1.82979    1.83085    0.0010605   482      4468     
 9636.62 1564    32550    1.82979    1.83085    0.00106049  484      4474     
 9669.23 1567    32605    1.82979    1.83085    0.00106043  479      4481     
 9674.85 1569    32650    1.82979    1.83085    0.0010604   476      4481     
 9689.03 1572    32700    1.82979    1.83085    0.00106038  474      4483     
 9703.75 1575    32751    1.82979    1.83085    0.00106036  478      4485     
 9724.21 1578    32807    1.82979    1.83085    0.00106034  482      4489     
 9729.49 1580    32850    1.82979    1.83085    0.00106034  480      4489     
 9750.48 1583    32901    1.82979    1.83085    0.00106033  482      4494     
 9765.69 1586    32957    1.82979    1.83085    0.00106032  484      4496     
 9779.64 1588    33000    1.82979    1.83085    0.0010603   490      4499     
 9812.25 1591    33055    1.82979    1.83085    0.00106024  494      4506     
 9832.2  1593    33100    1.82979    1.83085    0.00106019  479      4509     
 9849.6  1596    33150    1.82979    1.83085    0.00106017  479      4511     
 9873.82 1599    33205    1.82979    1.83085    0.00106009  480      4518     
 9898.01 1601    33250    1.82979    1.83085    0.00106009  473      4522     
 9908.74 1604    33300    1.82979    1.83085    0.00106008  464      4524     
 9922.25 1607    33355    1.82979    1.83085    0.00106002  466      4527     
 9937.36 1610    33400    1.82979    1.83085    0.00106002  469      4529     
 9953.84 1612    33450    1.82979    1.83085    0.00105988  470      4533     
 9975.45 1615    33509    1.82979    1.83085    0.00105987  465      4540     
 9999.77 1617    33550    1.82979    1.83085    0.00105986  470      4544     
 10040.6 1620    33607    1.82979    1.83085    0.00105927  468      4555     
-------------------------------------------------------------------------------

SARSOP finishing ...
  Preset timeout reached
  Timeout     : 10000.000000s
  Actual Time : 10040.610000s

-------------------------------------------------------------------------------
 Time   |#Trial |#Backup |LBound    |UBound    |Precision  |#Alphas |#Beliefs  
-------------------------------------------------------------------------------
 10040.6 1620    33607    1.82979    1.83085    0.00105927  468      4555     
-------------------------------------------------------------------------------

Writing out policy ...
  output file : ram_pomdp_soln/3e73522e9f3.policyx

