
Loading the model ...
  input file   : /home/rstudio/projects/pomdp-ram/notebook/ram_pomdp_soln/3e73cf48540.pomdpx
  loading time : 8.65s 

SARSOP initializing ...
  initialization time : 802.93s

-------------------------------------------------------------------------------
 Time   |#Trial |#Backup |LBound    |UBound    |Precision  |#Alphas |#Beliefs  
-------------------------------------------------------------------------------
 802.93  0       0        1.59459    2.2931     0.698512    120      1        
 803.61  1       73       1.73834    1.86773    0.129395    28       12       
 804.06  1       100      1.73834    1.86773    0.129395    32       20       
 804.76  2       153      1.77499    1.86772    0.0927272   28       26       
 805.3   3       237      1.79343    1.86772    0.0742868   31       30       
 805.34  3       250      1.79343    1.86772    0.0742868   32       30       
 806.9   4       321      1.81044    1.86772    0.057274    31       43       
 807     4       350      1.81044    1.86772    0.057274    41       43       
 807.3   5       405      1.81871    1.86771    0.0490062   35       44       
 809.04  6       489      1.82736    1.86771    0.04035     14       54       
 809.08  6       500      1.82736    1.86771    0.04035     14       54       
 809.89  7       575      1.83425    1.8677     0.0334481   14       58       
 811.03  7       600      1.83425    1.8677     0.0334481   11       65       
 812.02  8       659      1.83849    1.8677     0.029208    10       69       
 812.48  8       700      1.83849    1.8677     0.029208    9        71       
 812.8   9       750      1.84223    1.8677     0.0254666   9        72       
 815.06  10      831      1.84595    1.86769    0.0217411   9        82       
 815.1   10      850      1.84595    1.86769    0.0217411   10       82       
 816.08  11      917      1.84871    1.86769    0.0189794   10       85       
 816.76  11      950      1.84871    1.86769    0.0189794   11       87       
 818.59  12      1003     1.85148    1.86769    0.0162082   10       93       
 819.95  13      1089     1.8527     1.86769    0.0149922   13       97       
 820     13      1100     1.8527     1.86769    0.0149922   10       97       
 824.79  14      1175     1.85439    1.86769    0.0132956   11       108      
 824.86  14      1200     1.85439    1.86769    0.0132956   11       108      
 826.77  15      1261     1.85588    1.86768    0.0117982   12       112      
 838.05  15      1300     1.85588    1.86768    0.0117982   12       132      
 839.44  16      1350     1.85729    1.86768    0.0103831   12       134      
 841.97  17      1431     1.85828    1.86767    0.00939314  13       137      
 844.22  17      1450     1.85828    1.86767    0.00939314  12       141      
 850.38  18      1517     1.85925    1.86767    0.00842397  12       149      
 850.47  18      1550     1.85925    1.86767    0.00842397  13       149      
 853.06  19      1603     1.85975    1.86767    0.00792087  15       152      
 862.26  20      1691     1.86046    1.86767    0.00721238  11       162      
 862.32  20      1700     1.86046    1.86767    0.00721238  13       162      
 864.4   21      1777     1.86095    1.86767    0.00672416  15       164      
 870.56  21      1800     1.86095    1.86767    0.00672416  14       171      
 876.44  22      1863     1.86172    1.86767    0.00594694  12       176      
 876.54  22      1900     1.86172    1.86767    0.00594694  14       176      
 880.04  23      1950     1.86222    1.86767    0.00545483  14       179      
 900.56  24      2035     1.86271    1.86767    0.0049643   12       197      
 900.65  24      2050     1.86271    1.86767    0.0049643   14       197      
 905.53  25      2123     1.86307    1.86767    0.0046034   15       201      
 913.07  25      2150     1.86307    1.86767    0.0046034   14       208      
 926.7   26      2211     1.8635     1.86767    0.00416493  12       218      
 926.82  26      2250     1.8635     1.86767    0.00416493  14       218      
 929.55  27      2300     1.86385    1.86767    0.00381954  16       220      
 946.79  28      2383     1.86413    1.86767    0.0035428   17       233      
 955.94  28      2400     1.86413    1.86767    0.0035428   16       240      
 968.49  29      2469     1.86445    1.86767    0.00322125  15       248      
 968.6   29      2500     1.86445    1.86767    0.00322125  16       248      
 975.34  30      2557     1.86463    1.86766    0.00302744  16       252      
 995.5   30      2600     1.86463    1.86766    0.00302744  18       266      
 1002.6  31      2650     1.86482    1.86766    0.00283714  17       270      
 1016.14 32      2733     1.86504    1.86766    0.00261558  14       279      
 1016.22 32      2750     1.86504    1.86766    0.00261558  16       279      
 1022.16 33      2821     1.8652     1.86766    0.00246449  17       282      
 1028.61 33      2850     1.8652     1.86766    0.00246449  20       286      
 1046.22 34      2907     1.86535    1.86766    0.0023141   17       296      
 1054.45 35      2950     1.86535    1.86766    0.0023141   17       301      
 1054.7  35      3000     1.86551    1.86766    0.00214712  19       301      
 1059.92 36      3081     1.86559    1.86766    0.00206487  19       304      
 1060.04 36      3100     1.86559    1.86766    0.00206487  19       304      
 1067.39 37      3169     1.86568    1.86766    0.00198069  17       308      
 1077.23 37      3200     1.86568    1.86766    0.00198069  17       314      
 1091.55 38      3257     1.86583    1.86766    0.00182867  16       321      
 1097.82 38      3300     1.86583    1.86766    0.00182867  19       324      
 1106.56 39      3350     1.86594    1.86766    0.00171934  18       328      
 1140.47 40      3435     1.86605    1.86766    0.00160434  18       344      
 1140.65 40      3450     1.86605    1.86766    0.00160434  17       344      
 1154.95 41      3521     1.86618    1.86766    0.00147572  15       350      
 1155.09 41      3550     1.86618    1.86766    0.00147572  16       350      
 1165.85 42      3609     1.86625    1.86766    0.00140373  20       355      
 1203.58 42      3650     1.86625    1.86766    0.00140373  20       373      
 1217.46 43      3700     1.86631    1.86766    0.00134482  19       379      
 1239.02 44      3785     1.86635    1.86766    0.00131217  16       388      
 1239.15 44      3800     1.86635    1.86766    0.00131217  18       388      
 1256.68 45      3875     1.86645    1.86766    0.00121075  16       395      
 1256.85 45      3900     1.86645    1.86766    0.00121075  17       395      
 1272.56 46      3965     1.8665     1.86765    0.00114977  21       401      
 1291.15 46      4000     1.8665     1.86765    0.00114977  23       409      
 1312.96 47      4053     1.86656    1.86765    0.0010873   21       418      
 1352.19 48      4141     1.86659    1.86764    0.00105385  20       433      
 1368.67 48      4150     1.86659    1.86764    0.00105385  17       439      
 1393.85 49      4227     1.86667    1.86764    0.000971907 16       448      
 1394.01 49      4250     1.86667    1.86764    0.000971907 17       448      
 1411.23 50      4315     1.86673    1.86764    0.000912224 19       454      
 1433.38 50      4350     1.86673    1.86764    0.000912224 20       463      
 1453.63 51      4405     1.86678    1.86764    0.000860443 19       470      
 1465.58 52      4493     1.86681    1.86764    0.000831456 20       474      
 1465.75 52      4500     1.86681    1.86764    0.000831456 19       474      
 1506.7  53      4581     1.86686    1.86764    0.000780582 16       487      
 1506.87 53      4600     1.86686    1.86764    0.000780582 17       487      
 1521.91 54      4667     1.86693    1.86764    0.000711834 21       491      
 1540.01 54      4700     1.86693    1.86764    0.000711834 21       497      
 1570.86 55      4755     1.86694    1.86764    0.000699282 22       507      
 1590.42 56      4843     1.86695    1.86764    0.000688562 24       513      
 1590.59 56      4850     1.86695    1.86764    0.000688562 22       513      
 1623.54 57      4933     1.86696    1.86764    0.000679899 24       523      
 1623.74 57      4950     1.86696    1.86764    0.000679899 22       523      
 1647.98 58      5021     1.86697    1.86764    0.000672843 23       530      
 1648.21 58      5050     1.86697    1.86764    0.000672843 22       530      
 1661.57 59      5109     1.86697    1.86764    0.000668636 24       534      
 1673.62 59      5150     1.86697    1.86764    0.000668636 23       538      
 1686.4  60      5200     1.86699    1.86764    0.000654137 19       542      
 1706.4  61      5283     1.867      1.86764    0.000638848 20       548      
 1706.56 61      5300     1.867      1.86764    0.000638848 19       548      
 1731.27 62      5371     1.86704    1.86764    0.000595762 20       555      
 1751.27 62      5400     1.86704    1.86764    0.000595762 20       561      
 1766.32 63      5459     1.86706    1.86764    0.000580544 20       565      
 1792.4  63      5500     1.86706    1.86764    0.000580544 20       572      
 1799.71 64      5550     1.86707    1.86764    0.000572568 19       574      
 1823.71 65      5635     1.86708    1.86764    0.000564707 19       581      
 1823.89 65      5650     1.86708    1.86764    0.000564707 19       581      
 1849.17 66      5725     1.86708    1.86764    0.000555107 19       588      
 1871.92 66      5750     1.86708    1.86764    0.000555107 20       594      
 1900.68 67      5811     1.86709    1.86764    0.000546322 19       601      
 1912.12 67      5850     1.86709    1.86764    0.000546322 20       604      
 1926.69 68      5900     1.86711    1.86764    0.000531398 19       608      
 1971.23 69      5985     1.86712    1.86764    0.000516998 18       620      
 1971.39 69      6000     1.86712    1.86764    0.000516998 17       620      
 1991.66 70      6071     1.86715    1.86764    0.000488625 19       625      
 1991.94 70      6100     1.86715    1.86764    0.000488625 19       625      
 2020.61 71      6159     1.86716    1.86764    0.000483592 22       632      
 2024.98 71      6200     1.86716    1.86764    0.000483592 21       633      
 2034.91 72      6250     1.86716    1.86764    0.000479763 19       635      
 2058.79 73      6337     1.86716    1.86764    0.00047448  18       641      
 2082.25 73      6350     1.86716    1.86764    0.00047448  18       647      
 2106.94 74      6425     1.86717    1.86764    0.000469652 18       654      
 2107.16 74      6450     1.86717    1.86764    0.000469652 18       654      
 2127.97 75      6511     1.86718    1.86764    0.000463575 17       659      
 2145.23 75      6550     1.86718    1.86764    0.000463575 17       663      
 2158.97 76      6600     1.86718    1.86764    0.000459174 18       666      
 2192.3  77      6683     1.86718    1.86764    0.000455306 18       674      
 2192.49 77      6700     1.86718    1.86764    0.000455306 18       674      
 2212.95 78      6769     1.86719    1.86764    0.000447222 18       679      
 2232.64 78      6800     1.86719    1.86764    0.000447222 17       684      
 2259.86 79      6857     1.8672     1.86764    0.000441653 18       690      
 2298.81 80      6900     1.8672     1.86764    0.000441653 19       698      
 2299.14 80      6950     1.8672     1.86764    0.000439424 19       698      
 2338.99 81      7031     1.8672     1.86764    0.000434145 17       707      
 2339.23 81      7050     1.8672     1.86764    0.000434145 17       707      
 2357.05 82      7115     1.8672     1.86764    0.000432133 17       711      
 2357.35 82      7150     1.8672     1.86764    0.000432133 17       711      
 2374.87 83      7201     1.86721    1.86764    0.000428819 17       715      
 2403.15 84      7289     1.86725    1.86764    0.000389962 20       723      
 2403.37 84      7300     1.86725    1.86764    0.000389962 19       723      
 2434.07 85      7379     1.86725    1.86764    0.000388813 19       730      
 2457.36 85      7400     1.86725    1.86764    0.000388813 19       736      
 2472.46 86      7469     1.86725    1.86764    0.000386662 19       740      
 2472.74 86      7500     1.86725    1.86764    0.000386662 19       740      
 2505.42 87      7559     1.86725    1.86764    0.000384651 22       750      
 2519.94 87      7600     1.86725    1.86764    0.000384651 21       754      
 2538.05 88      7650     1.86725    1.86764    0.000382244 23       759      
 2582.81 89      7737     1.86726    1.86763    0.000369767 20       771      
 2583.07 89      7750     1.86726    1.86763    0.000369767 20       771      
 2597.36 90      7823     1.86726    1.86763    0.000367671 21       775      
 2597.61 90      7850     1.86726    1.86763    0.000367671 20       775      
 2611.36 91      7909     1.86726    1.86763    0.000366993 22       779      
 2634.96 91      7950     1.86726    1.86763    0.000366993 21       787      
 2638.29 92      8000     1.86726    1.86763    0.000366299 20       788      
 2667    93      8085     1.86726    1.86763    0.000365502 22       797      
 2667.26 93      8100     1.86726    1.86763    0.000365502 21       797      
 2683.48 94      8173     1.86726    1.86763    0.00036488  20       802      
 2683.76 94      8200     1.86726    1.86763    0.00036488  20       802      
 2701.85 95      8259     1.86726    1.86763    0.000364354 20       808      
 2714.31 95      8300     1.86726    1.86763    0.000364354 20       812      
 2720.94 96      8350     1.86726    1.86763    0.000363903 20       814      
 2727.74 97      8433     1.86726    1.86763    0.000363208 22       816      
 2727.99 97      8450     1.86726    1.86763    0.000363208 22       816      
 2742.66 98      8523     1.86726    1.86763    0.000362091 20       821      
 2742.93 98      8550     1.86726    1.86763    0.000362091 20       821      
 2768.27 99      8609     1.86726    1.86763    0.000360399 21       831      
 2776.35 99      8650     1.86726    1.86763    0.000360399 22       834      
 2779.94 100     8700     1.86726    1.86762    0.00035992  22       835      
 2789.23 101     8781     1.86727    1.86762    0.000359254 21       838      
 2789.48 101     8800     1.86727    1.86762    0.000359254 22       838      
 2798.66 102     8867     1.86727    1.86762    0.000358809 20       841      
 2798.98 102     8900     1.86727    1.86762    0.000358809 21       841      
 2810.63 103     8955     1.86727    1.86762    0.000357805 19       845      
 2822.01 104     9041     1.86727    1.86762    0.000357192 19       849      
 2822.22 104     9050     1.86727    1.86762    0.000357192 19       849      
 2828.46 105     9127     1.86727    1.86762    0.000356738 19       851      
 2828.72 105     9150     1.86727    1.86762    0.000356738 19       851      
 2842.01 106     9213     1.86727    1.86762    0.000356339 21       856      
 2842.31 106     9250     1.86727    1.86762    0.000356339 21       856      
 2857.72 107     9301     1.86727    1.86762    0.000350681 21       862      
 2862.88 108     9387     1.86727    1.86762    0.000349723 21       864      
 2863.11 108     9400     1.86727    1.86762    0.000349723 22       864      
 2869.06 109     9473     1.86727    1.86762    0.000349476 21       866      
 2869.31 109     9500     1.86727    1.86762    0.000349476 21       866      
 2882.25 110     9561     1.86727    1.86762    0.000349178 23       871      
 2882.55 110     9600     1.86727    1.86762    0.000349178 23       871      
 2890.1  111     9650     1.86727    1.86762    0.000348816 23       874      
 2899.94 112     9733     1.86727    1.86762    0.000348412 23       878      
 2900.18 112     9750     1.86727    1.86762    0.000348412 23       878      
 2912.01 113     9821     1.86728    1.86762    0.000347073 23       883      
 2912.28 113     9850     1.86728    1.86762    0.000347073 22       883      
 2926.86 114     9907     1.86728    1.86762    0.000346357 22       889      
 2937.73 115     9950     1.86728    1.86762    0.000346357 21       893      
 2938.11 115     10000    1.86728    1.86762    0.000345404 21       893      
 2949.63 116     10079    1.86728    1.86762    0.000345136 22       897      
 2949.88 116     10100    1.86728    1.86762    0.000345136 22       897      
 2957.47 117     10165    1.86728    1.86762    0.000344467 22       900      
 2957.77 117     10200    1.86728    1.86762    0.000344467 22       900      
 2975.15 118     10253    1.86728    1.86762    0.000343972 22       906      
 2981.76 119     10339    1.86728    1.86762    0.00034335  21       908      
 2981.99 119     10350    1.86728    1.86762    0.00034335  21       908      
 2992.58 120     10425    1.86728    1.86762    0.000342909 22       912      
 2992.85 120     10450    1.86728    1.86762    0.000342909 21       912      
 3007.45 121     10513    1.86728    1.86762    0.000342555 21       917      
 3012.27 121     10550    1.86728    1.86762    0.000342555 22       919      
 3023.16 122     10600    1.86728    1.86762    0.000342236 22       923      
 3032.91 123     10683    1.86728    1.86762    0.000341977 22       927      
 3033.17 123     10700    1.86728    1.86762    0.000341977 22       927      
 3044.25 124     10769    1.86728    1.86762    0.000341716 23       931      
 3044.55 124     10800    1.86728    1.86762    0.000341716 23       931      
 3051.14 125     10855    1.86728    1.86762    0.000341429 26       933      
 3069.38 126     10941    1.86728    1.86762    0.000341244 27       939      
 3069.63 126     10950    1.86728    1.86762    0.000341244 26       939      
 3076.55 127     11025    1.86728    1.86762    0.000341091 25       941      
 3076.85 127     11050    1.86728    1.86762    0.000341091 25       941      
 3083.37 128     11111    1.86728    1.86762    0.000340995 25       943      
 3083.78 128     11150    1.86728    1.86762    0.000340995 26       943      
 3092.93 129     11200    1.86728    1.86762    0.000340773 25       946      
 3106.42 130     11283    1.86728    1.86762    0.000340665 27       951      
 3106.7  130     11300    1.86728    1.86762    0.000340665 27       951      
 3113.43 131     11367    1.86728    1.86762    0.000340554 27       953      
 3113.76 131     11400    1.86728    1.86762    0.000340554 27       953      
 3125.68 132     11453    1.86728    1.86762    0.000340297 27       957      
 3129.55 133     11537    1.86728    1.86762    0.000340219 27       958      
 3129.81 133     11550    1.86728    1.86762    0.000340219 27       958      
 3136.16 134     11621    1.86728    1.86762    0.000340202 27       960      
 3136.46 134     11650    1.86728    1.86762    0.000340202 27       960      
 3142.91 135     11705    1.86728    1.86762    0.000340169 27       962      
 3149.58 136     11789    1.86728    1.86762    0.000340116 27       964      
 3149.83 136     11800    1.86728    1.86762    0.000340116 27       964      
 3167.38 137     11875    1.86728    1.86762    0.000339992 26       969      
 3167.68 137     11900    1.86728    1.86762    0.000339992 26       969      
 3177.43 138     11959    1.86728    1.86762    0.000339679 25       972      
 3184.25 138     12000    1.86728    1.86762    0.000339679 25       974      
 3188.15 139     12050    1.86728    1.86762    0.000339485 23       975      
 3198.5  140     12129    1.86728    1.86762    0.000339361 23       978      
 3198.82 140     12150    1.86728    1.86762    0.000339361 24       978      
 3208.72 141     12215    1.86728    1.86762    0.000338844 22       981      
 3209.04 141     12250    1.86728    1.86762    0.000338844 21       981      
 3222.96 142     12301    1.86728    1.86762    0.000338539 21       985      
 3233.33 143     12385    1.86728    1.86762    0.00033802  21       988      
 3233.61 143     12400    1.86728    1.86762    0.00033802  21       988      
 3248.22 144     12469    1.86728    1.86762    0.000337524 21       992      
 3248.56 144     12500    1.86728    1.86762    0.000337524 21       992      
 3262.23 145     12555    1.86728    1.86762    0.000337267 21       996      
 3276.83 146     12639    1.86728    1.86762    0.000337165 21       1000     
 3277.08 146     12650    1.86728    1.86762    0.000337165 21       1000     
 3289.91 147     12725    1.86729    1.86762    0.000334776 20       1004     
 3303.44 147     12750    1.86729    1.86762    0.000334776 19       1008     
 3317.81 148     12807    1.86731    1.86762    0.000312635 20       1012     
 3324.99 149     12891    1.86731    1.86762    0.000311311 21       1014     
 3325.25 149     12900    1.86731    1.86762    0.000311311 21       1014     
 3344    150     12977    1.86731    1.86762    0.00031014  21       1019     
 3344.34 150     13000    1.86731    1.86762    0.00031014  21       1019     
 3359.98 151     13063    1.86731    1.86762    0.000309528 23       1024     
 3371.74 151     13100    1.86731    1.86762    0.000309528 22       1027     
 3391.23 152     13150    1.86731    1.86762    0.000308396 22       1032     
 3403.36 153     13233    1.86731    1.86762    0.000307948 21       1035     
 3403.66 153     13250    1.86731    1.86762    0.000307948 21       1035     
 3411.23 154     13317    1.86731    1.86762    0.000307647 21       1037     
 3411.57 154     13350    1.86731    1.86762    0.000307647 21       1037     
 3430.35 155     13401    1.86731    1.86762    0.000307066 23       1042     
 3438.37 156     13485    1.86732    1.86762    0.000301806 21       1044     
 3438.66 156     13500    1.86732    1.86762    0.000301806 20       1044     
 3450.23 157     13571    1.86732    1.86762    0.000301391 24       1047     
 3450.56 157     13600    1.86732    1.86762    0.000301391 24       1047     
 3464.77 158     13657    1.86732    1.86762    0.000300603 22       1051     
 3487.34 159     13700    1.86732    1.86762    0.000300603 19       1057     
 3487.82 159     13750    1.86732    1.86762    0.000299541 18       1057     
 3492.08 160     13827    1.86732    1.86762    0.000298709 19       1058     
 3492.36 160     13850    1.86732    1.86762    0.000298709 20       1058     
 3516.43 161     13911    1.86733    1.86762    0.000288681 20       1064     
 3520.65 161     13950    1.86733    1.86762    0.000288681 20       1065     
 3531.96 162     14000    1.86733    1.86762    0.000288059 20       1068     
 3552.16 163     14085    1.86733    1.86762    0.000287579 20       1073     
 3552.44 163     14100    1.86733    1.86762    0.000287579 20       1073     
 3569.47 164     14171    1.86733    1.86762    0.000286987 21       1077     
 3569.8  164     14200    1.86733    1.86762    0.000286987 21       1077     
 3580.74 165     14257    1.86733    1.86762    0.000286635 22       1080     
 3603.4  165     14300    1.86733    1.86762    0.000286635 23       1086     
 3603.95 166     14350    1.86733    1.86762    0.000285738 22       1086     
 3611.65 167     14431    1.86733    1.86762    0.000285324 21       1088     
 3611.95 167     14450    1.86733    1.86762    0.000285324 21       1088     
 3629.09 168     14517    1.86733    1.86762    0.000284842 22       1092     
 3629.45 168     14550    1.86733    1.86762    0.000284842 24       1092     
 3641.44 169     14601    1.86734    1.86762    0.000284442 23       1095     
 3654.56 170     14685    1.86734    1.86762    0.000284042 23       1098     
 3654.87 170     14700    1.86734    1.86762    0.000284042 23       1098     
 3672.17 171     14769    1.86734    1.86762    0.000283866 23       1102     
 3672.53 171     14800    1.86734    1.86762    0.000283866 22       1102     
 3684.42 172     14853    1.86734    1.86762    0.000283734 21       1105     
 3692.96 173     14937    1.86734    1.86762    0.000283618 23       1107     
 3693.25 173     14950    1.86734    1.86762    0.000283618 23       1107     
 3708.41 174     15023    1.86734    1.86762    0.000283054 23       1111     
 3708.75 174     15050    1.86734    1.86762    0.000283054 23       1111     
 3727.19 175     15107    1.86734    1.86762    0.000282781 23       1116     
 3735.69 176     15191    1.86734    1.86762    0.000282518 23       1118     
 3735.99 176     15200    1.86734    1.86762    0.000282518 23       1118     
 3748.31 177     15277    1.86734    1.86762    0.000282275 24       1121     
 3748.64 177     15300    1.86734    1.86762    0.000282275 24       1121     
 3766.12 178     15363    1.86734    1.86762    0.000282053 23       1125     
 3766.54 178     15400    1.86734    1.86762    0.000282053 24       1125     
 3776.65 179     15450    1.86734    1.86762    0.00028174  22       1127     
 3790.27 180     15531    1.86734    1.86762    0.000281628 23       1130     
 3790.6  180     15550    1.86734    1.86762    0.000281628 24       1130     
 3800.25 181     15615    1.86734    1.86762    0.000281507 22       1132     
 3800.64 181     15650    1.86734    1.86762    0.000281507 22       1132     
 3809.64 182     15701    1.86734    1.86762    0.000281271 23       1134     
 3822.7  183     15785    1.86734    1.86762    0.000281033 22       1137     
 3823    183     15800    1.86734    1.86762    0.000281033 22       1137     
 3835.31 184     15869    1.86734    1.86762    0.000280744 22       1140     
 3835.65 184     15900    1.86734    1.86762    0.000280744 22       1140     
 3846.69 185     15953    1.86734    1.86762    0.000280396 21       1143     
 3856.61 186     16039    1.86734    1.86762    0.000280092 20       1145     
 3856.91 186     16050    1.86734    1.86762    0.000280092 20       1145     
 3870.42 187     16123    1.86734    1.86762    0.000279863 20       1148     
 3870.77 187     16150    1.86734    1.86762    0.000279863 20       1148     
 3885.82 188     16207    1.86734    1.86762    0.000279671 20       1152     
 3918.54 189     16291    1.86734    1.86762    0.000279128 20       1160     
 3918.83 189     16300    1.86734    1.86762    0.000279128 20       1160     
 3932    190     16375    1.86734    1.86762    0.000278787 22       1163     
 3932.35 190     16400    1.86734    1.86762    0.000278787 22       1163     
 3950.19 191     16461    1.86734    1.86762    0.000278672 23       1167     
 3954.17 191     16500    1.86734    1.86762    0.000278672 23       1168     
 3967.7  192     16550    1.86734    1.86762    0.000278283 24       1171     
 3972.28 193     16631    1.86734    1.86762    0.000278105 23       1172     
 3972.6  193     16650    1.86734    1.86762    0.000278105 23       1172     
 3981.88 194     16715    1.86734    1.86762    0.000277945 23       1174     
 3982.29 194     16750    1.86734    1.86762    0.000277945 23       1174     
 3991.8  195     16800    1.86734    1.86762    0.000277873 24       1176     
 4007.27 196     16883    1.86735    1.86762    0.000265185 25       1179     
 4007.62 196     16900    1.86735    1.86762    0.000265185 25       1179     
 4026.8  197     16969    1.86735    1.86762    0.000265007 25       1183     
 4027.21 197     17000    1.86735    1.86762    0.000265007 25       1183     
 4046.39 198     17055    1.86735    1.86762    0.000264963 25       1187     
 4055.61 199     17139    1.86735    1.86762    0.000264795 25       1189     
 4055.91 199     17150    1.86735    1.86762    0.000264795 25       1189     
 4075.43 200     17227    1.86735    1.86762    0.000264209 24       1193     
 4075.78 200     17250    1.86735    1.86762    0.000264209 24       1193     
 4095.33 201     17313    1.86735    1.86762    0.000263919 24       1197     
 4095.73 201     17350    1.86735    1.86762    0.000263919 24       1197     
 4112.46 202     17400    1.86735    1.86762    0.000263812 26       1201     
 4130.8  203     17483    1.86735    1.86762    0.000263551 26       1205     
 4131.22 203     17500    1.86735    1.86762    0.000263551 28       1205     
 4154.79 204     17569    1.86735    1.86762    0.000263235 25       1210     
 4155.16 204     17600    1.86735    1.86762    0.000263235 25       1210     
 4164.99 205     17655    1.86735    1.86762    0.000263042 23       1212     
 4180.88 206     17739    1.86736    1.86762    0.000262153 21       1216     
 4181.17 206     17750    1.86736    1.86762    0.000262153 21       1216     
 4213.73 207     17825    1.86736    1.86762    0.000261868 20       1223     
 4214.09 207     17850    1.86736    1.86762    0.000261868 20       1223     
 4229.55 208     17909    1.86736    1.86762    0.000261717 21       1226     
 4244.71 208     17950    1.86736    1.86762    0.000261717 21       1229     
 4250.29 209     18000    1.86736    1.86762    0.000261347 21       1230     
 4263.29 210     18079    1.86736    1.86762    0.000260973 22       1233     
 4263.68 210     18100    1.86736    1.86762    0.000260973 22       1233     
 4278.37 211     18163    1.86736    1.86762    0.000260736 22       1236     
 4278.78 211     18200    1.86736    1.86762    0.000260736 22       1236     
 4298    212     18250    1.86736    1.86762    0.000260648 22       1240     
 4307.96 213     18331    1.86736    1.86762    0.000260501 23       1242     
 4308.29 213     18350    1.86736    1.86762    0.000260501 23       1242     
 4323.25 214     18415    1.86736    1.86762    0.000260366 24       1245     
 4323.65 214     18450    1.86736    1.86762    0.000260366 24       1245     
 4332.73 215     18500    1.86736    1.86762    0.000259854 24       1247     
 4357.38 216     18585    1.86736    1.86762    0.000259509 24       1252     
 4357.74 216     18600    1.86736    1.86762    0.000259509 24       1252     
 4368.29 217     18669    1.86736    1.86762    0.000259313 25       1254     
 4368.7  217     18700    1.86736    1.86762    0.000259313 25       1254     
 4402.74 218     18757    1.86736    1.86762    0.000259169 26       1261     
 4425.16 219     18839    1.86736    1.86762    0.000258973 25       1265     
 4425.51 219     18850    1.86736    1.86762    0.000258973 25       1265     
 4442.31 220     18921    1.86736    1.86762    0.000258661 25       1268     
 4442.77 220     18950    1.86736    1.86762    0.000258661 26       1268     
 4454.72 221     19005    1.86736    1.86762    0.000258553 25       1270     
 4466.04 222     19089    1.86736    1.86762    0.000258447 25       1272     
 4466.39 222     19100    1.86736    1.86762    0.000258447 26       1272     
 4484.86 223     19173    1.86736    1.86762    0.000258302 24       1275     
 4485.3  223     19200    1.86736    1.86762    0.000258302 24       1275     
 4510.56 224     19257    1.86736    1.86762    0.000258155 29       1279     
 4524.27 225     19341    1.86736    1.86762    0.000257939 27       1281     
 4524.65 225     19350    1.86736    1.86762    0.000257939 27       1281     
 4531.91 226     19423    1.86736    1.86762    0.000257865 27       1282     
 4532.4  226     19450    1.86736    1.86762    0.000257865 27       1282     
 4556.44 227     19507    1.86736    1.86762    0.000257812 25       1286     
 4571.25 228     19591    1.86736    1.86762    0.000257586 26       1289     
 4571.57 228     19600    1.86736    1.86762    0.000257586 26       1289     
 4591.83 229     19675    1.86736    1.86762    0.000257492 25       1293     
 4592.22 229     19700    1.86736    1.86762    0.000257492 25       1293     
 4613.86 230     19761    1.86736    1.86762    0.000257381 25       1297     
 4619.21 230     19800    1.86736    1.86762    0.000257381 25       1298     
 4625.95 231     19850    1.86736    1.86762    0.000257214 28       1299     
 4638.02 232     19927    1.86736    1.86762    0.000257085 25       1301     
 4638.47 232     19950    1.86736    1.86762    0.000257085 25       1301     
 4663.1  233     20011    1.86736    1.86762    0.000256985 25       1305     
 4670.65 233     20050    1.86736    1.86762    0.000256985 26       1306     
 4684.12 234     20100    1.86736    1.86762    0.000256927 25       1308     
 4700.47 235     20177    1.86736    1.86762    0.000256885 25       1311     
 4700.83 235     20200    1.86736    1.86762    0.000256885 25       1311     
 4710.04 236     20259    1.86736    1.86762    0.000256848 25       1313     
 4730.03 236     20300    1.86736    1.86762    0.000256848 26       1317     
 4730.59 237     20350    1.86736    1.86762    0.000256799 26       1317     
 4751.72 238     20425    1.86736    1.86762    0.000256721 26       1321     
 4752.13 238     20450    1.86736    1.86762    0.000256721 26       1321     
 4767.33 239     20509    1.86736    1.86762    0.000256685 27       1324     
 4793.92 239     20550    1.86736    1.86762    0.000256685 26       1329     
 4794.53 240     20600    1.86736    1.86762    0.000256599 25       1329     
 4815.4  241     20675    1.86736    1.86762    0.000256581 25       1333     
 4815.82 241     20700    1.86736    1.86762    0.000256581 25       1333     
 4832.8  242     20757    1.86736    1.86762    0.000256576 25       1336     
 4850.14 243     20841    1.86736    1.86762    0.000256561 25       1339     
 4850.47 243     20850    1.86736    1.86762    0.000256561 25       1339     
 4855.18 244     20925    1.86736    1.86762    0.000256526 25       1340     
 4855.57 244     20950    1.86736    1.86762    0.000256526 25       1340     
 4870.78 245     21007    1.86736    1.86762    0.000256513 26       1343     
 4883.9  246     21091    1.86736    1.86762    0.000256436 24       1345     
 4884.34 246     21100    1.86736    1.86762    0.000256436 24       1345     
 4899.88 247     21173    1.86736    1.86762    0.000256378 24       1348     
 4900.36 247     21200    1.86736    1.86762    0.000256378 24       1348     
 4925.41 248     21257    1.86736    1.86762    0.000256348 25       1352     
 4945.64 249     21341    1.86736    1.86762    0.000256312 25       1355     
 4946.03 249     21350    1.86736    1.86762    0.000256312 25       1355     
 4971.53 250     21425    1.86736    1.86762    0.000256102 25       1359     
 4971.92 250     21450    1.86736    1.86762    0.000256102 25       1359     
 4980.58 251     21507    1.86736    1.86762    0.000256069 25       1361     
 4992.15 252     21589    1.86736    1.86762    0.000255868 25       1363     
 4992.54 252     21600    1.86736    1.86762    0.000255868 25       1363     
 5012.41 253     21673    1.86736    1.86762    0.000255759 26       1366     
 5012.93 253     21700    1.86736    1.86762    0.000255759 27       1366     
 5013.64 254     21755    1.86736    1.86762    0.000255716 27       1366     
 5026.02 255     21839    1.86736    1.86762    0.000254003 26       1368     
 5026.45 255     21850    1.86736    1.86762    0.000254003 26       1368     
 5034.18 256     21921    1.86736    1.86762    0.000253939 26       1369     
 5034.61 256     21950    1.86736    1.86762    0.000253939 26       1369     
 5067.31 257     22005    1.86737    1.86761    0.000236357 28       1375     
 5079.59 258     22089    1.86737    1.86761    0.000236216 26       1377     
 5079.96 258     22100    1.86737    1.86761    0.000236216 26       1377     
 5093.85 259     22173    1.86737    1.86761    0.000236194 26       1379     
 5094.32 259     22200    1.86737    1.86761    0.000236194 26       1379     
 5106.03 260     22259    1.86737    1.86761    0.000236138 26       1381     
 5119.03 260     22300    1.86737    1.86761    0.000236138 27       1383     
 5119.63 261     22350    1.86737    1.86761    0.000236123 27       1383     
 5132.71 262     22429    1.86737    1.86761    0.000236096 27       1385     
 5133.15 262     22450    1.86737    1.86761    0.000236096 27       1385     
 5164.6  263     22515    1.86737    1.86761    0.000236057 27       1390     
 5165.15 263     22550    1.86737    1.86761    0.000236057 27       1390     
 5171.9  264     22600    1.86737    1.86761    0.000236023 27       1391     
 5177.71 265     22683    1.86737    1.86761    0.000236005 27       1392     
 5178.08 265     22700    1.86737    1.86761    0.000236005 27       1392     
 5198.21 266     22769    1.86737    1.86761    0.000235975 27       1395     
 5198.7  266     22800    1.86737    1.86761    0.000235975 27       1395     
 5205.06 267     22853    1.86737    1.86761    0.000235971 27       1396     
 5217.54 268     22939    1.86737    1.86761    0.000235886 27       1398     
 5217.91 268     22950    1.86737    1.86761    0.000235886 27       1398     
 5218.65 269     23023    1.86737    1.86761    0.000235876 27       1398     
 5219.11 269     23050    1.86737    1.86761    0.000235876 27       1398     
 5225.36 270     23107    1.86737    1.86761    0.000235869 27       1399     
 5238.79 270     23150    1.86737    1.86761    0.000235869 27       1401     
 5239.45 271     23200    1.86737    1.86761    0.000235834 29       1401     
 5251.72 272     23281    1.86737    1.86761    0.000235813 28       1403     
 5252.15 272     23300    1.86737    1.86761    0.000235813 28       1403     
 5258.07 273     23365    1.86737    1.86761    0.000235804 27       1404     
 5258.63 273     23400    1.86737    1.86761    0.000235804 27       1404     
 5269.3  274     23450    1.86737    1.86761    0.00023578  27       1406     
 5285.71 275     23535    1.86737    1.86761    0.000235765 27       1409     
 5286.07 275     23550    1.86737    1.86761    0.000235765 27       1409     
 5298.93 276     23621    1.86737    1.86761    0.000235745 28       1411     
 5299.35 276     23650    1.86737    1.86761    0.000235745 28       1411     
 5312.42 277     23707    1.86737    1.86761    0.000235682 27       1413     
 5325.65 278     23750    1.86737    1.86761    0.000235682 27       1415     
 5326.21 278     23800    1.86737    1.86761    0.000235669 27       1415     
 5333.2  279     23877    1.86737    1.86761    0.000235666 29       1416     
 5333.61 279     23900    1.86737    1.86761    0.000235666 29       1416     
 5349.43 280     23963    1.86737    1.86761    0.000235642 29       1419     
 5349.91 280     24000    1.86737    1.86761    0.000235642 29       1419     
 5362.89 281     24050    1.86737    1.86761    0.000235634 28       1421     
 5376.28 282     24135    1.86737    1.86761    0.000235587 28       1423     
 5376.65 282     24150    1.86737    1.86761    0.000235587 28       1423     
 5383.07 283     24219    1.86737    1.86761    0.000235547 30       1424     
 5383.52 283     24250    1.86737    1.86761    0.000235547 30       1424     
 5393.66 284     24303    1.86737    1.86761    0.000235528 31       1426     
 5406.02 285     24389    1.86737    1.86761    0.000235478 29       1428     
 5406.37 285     24400    1.86737    1.86761    0.000235478 29       1428     
 5412.76 286     24473    1.86737    1.86761    0.000235466 29       1429     
 5413.2  286     24500    1.86737    1.86761    0.000235466 29       1429     
 5423.08 287     24557    1.86737    1.86761    0.000235457 28       1431     
 5434.29 288     24600    1.86737    1.86761    0.000235457 27       1433     
 5434.88 288     24650    1.86737    1.86761    0.000235434 28       1433     
 5457.62 289     24729    1.86737    1.86761    0.000235419 27       1437     
 5458.02 289     24750    1.86737    1.86761    0.000235419 27       1437     
 5464.02 290     24813    1.86737    1.86761    0.0002354   27       1438     
 5464.49 290     24850    1.86737    1.86761    0.0002354   27       1438     
 5481.65 291     24900    1.86737    1.86761    0.00023537  27       1441     
 5489.29 292     24983    1.86737    1.86761    0.00023536  27       1442     
 5489.73 292     25000    1.86737    1.86761    0.00023536  27       1442     
 5512.94 293     25069    1.86737    1.86761    0.000235332 27       1446     
 5513.39 293     25100    1.86737    1.86761    0.000235332 27       1446     
 5524.93 294     25155    1.86737    1.86761    0.000235311 27       1448     
 5541.97 295     25243    1.86737    1.86761    0.000235278 26       1451     
 5542.32 295     25250    1.86737    1.86761    0.000235278 26       1451     
 5554.12 296     25327    1.86738    1.86761    0.00023524  26       1453     
 5554.53 296     25350    1.86738    1.86761    0.00023524  26       1453     
 5564.57 297     25411    1.86738    1.86761    0.000235187 26       1455     
 5565.05 297     25450    1.86738    1.86761    0.000235187 26       1455     
 5565.59 298     25500    1.86738    1.86761    0.000235018 26       1455     
 5577.67 299     25579    1.86738    1.86761    0.00023501  26       1457     
 5578.06 299     25600    1.86738    1.86761    0.00023501  26       1457     
 5584.16 300     25663    1.86738    1.86761    0.000235008 27       1458     
 5584.62 300     25700    1.86738    1.86761    0.000235008 26       1458     
 5590.71 301     25750    1.86738    1.86761    0.000235008 26       1459     
 5591.38 302     25831    1.86738    1.86761    0.000235002 26       1459     
 5591.76 302     25850    1.86738    1.86761    0.000235002 26       1459     
 5603.83 303     25915    1.86738    1.86761    0.000234994 26       1461     
 5604.29 303     25950    1.86738    1.86761    0.000234994 26       1461     
 5624.55 304     26001    1.86738    1.86761    0.00023497  26       1464     
 5630.55 305     26085    1.86738    1.86761    0.000234952 26       1465     
 5630.93 305     26100    1.86738    1.86761    0.000234952 26       1465     
 5650.58 306     26169    1.86738    1.86761    0.000234942 26       1468     
 5651.04 306     26200    1.86738    1.86761    0.000234942 26       1468     
 5656.59 307     26253    1.86738    1.86761    0.000234939 27       1469     
 5676.81 308     26339    1.86738    1.86761    0.000234911 27       1472     
 5677.18 308     26350    1.86738    1.86761    0.000234911 27       1472     
 5689.45 309     26423    1.86738    1.86761    0.000234905 26       1474     
 5689.89 309     26450    1.86738    1.86761    0.000234905 26       1474     
 5702.75 310     26507    1.86738    1.86761    0.000234894 26       1476     
 5715.43 311     26591    1.86738    1.86761    0.000234886 26       1478     
 5715.91 311     26600    1.86738    1.86761    0.000234886 26       1478     
 5728    312     26675    1.86738    1.86761    0.000234882 27       1480     
 5728.5  312     26700    1.86738    1.86761    0.000234882 27       1480     
 5733.88 313     26759    1.86738    1.86761    0.000234872 27       1481     
 5747.42 313     26800    1.86738    1.86761    0.000234872 27       1483     
 5753.77 314     26850    1.86738    1.86761    0.000234749 27       1484     
 5761.45 315     26929    1.86738    1.86761    0.000234744 27       1485     
 5761.91 315     26950    1.86738    1.86761    0.000234744 27       1485     
 5774.1  316     27013    1.86738    1.86761    0.000234741 26       1487     
 5774.59 316     27050    1.86738    1.86761    0.000234741 26       1487     
 5781.41 317     27100    1.86738    1.86761    0.000234735 26       1488     
 5794.7  318     27181    1.86738    1.86761    0.00023473  26       1490     
 5795.16 318     27200    1.86738    1.86761    0.00023473  26       1490     
 5806.81 319     27265    1.86738    1.86761    0.000234722 26       1492     
 5807.27 319     27300    1.86738    1.86761    0.000234722 26       1492     
 5813.93 320     27350    1.86738    1.86761    0.000234712 26       1493     
 5827.8  321     27433    1.86738    1.86761    0.000234709 26       1495     
 5828.22 321     27450    1.86738    1.86761    0.000234709 26       1495     
 5839.84 322     27517    1.86738    1.86761    0.000234702 26       1497     
 5840.37 322     27550    1.86738    1.86761    0.000234702 26       1497     
 5860.93 323     27603    1.86738    1.86761    0.000234548 26       1500     
 5881.5  324     27689    1.86738    1.86761    0.000234531 28       1503     
 5881.89 324     27700    1.86738    1.86761    0.000234531 28       1503     
 5894.34 325     27775    1.86738    1.86761    0.000234496 28       1505     
 5894.79 325     27800    1.86738    1.86761    0.000234496 28       1505     
 5908.05 326     27861    1.86738    1.86761    0.000234476 29       1507     
 5908.57 326     27900    1.86738    1.86761    0.000234476 29       1507     
 5909.18 327     27950    1.86738    1.86761    0.000234474 29       1507     
 5924.97 328     28031    1.86738    1.86761    0.000234453 29       1510     
 5925.4  328     28050    1.86738    1.86761    0.000234453 29       1510     
 5938.55 329     28117    1.86738    1.86761    0.000234397 29       1512     
 5939.04 329     28150    1.86738    1.86761    0.000234397 29       1512     
 5946.31 330     28201    1.86738    1.86761    0.00023439  29       1513     
 5952.55 331     28285    1.86738    1.86761    0.000234381 29       1514     
 5952.96 331     28300    1.86738    1.86761    0.000234381 29       1514     
 5963.87 332     28369    1.86738    1.86761    0.000234368 29       1516     
 5964.35 332     28400    1.86738    1.86761    0.000234368 29       1516     
 5969.76 333     28453    1.86738    1.86761    0.000234352 28       1517     
 5981.49 334     28537    1.86738    1.86761    0.000234344 28       1519     
 5981.88 334     28550    1.86738    1.86761    0.000234344 28       1519     
 5987.65 335     28621    1.86738    1.86761    0.000234341 28       1520     
 5988.11 335     28650    1.86738    1.86761    0.000234341 28       1520     
 5995.13 336     28705    1.86738    1.86761    0.000234336 29       1521     
 6014.04 337     28791    1.86738    1.86761    0.000234303 29       1524     
 6014.4  337     28800    1.86738    1.86761    0.000234303 29       1524     
 6034.52 338     28877    1.86738    1.86761    0.000234189 29       1527     
 6035.04 338     28900    1.86738    1.86761    0.000234189 29       1527     
 6043.33 339     28961    1.86738    1.86761    0.000234186 29       1528     
 6043.89 339     29000    1.86738    1.86761    0.000234186 29       1528     
 6050.37 340     29050    1.86738    1.86761    0.000234163 29       1529     
 6058.19 341     29129    1.86738    1.86761    0.000234158 29       1530     
 6058.65 341     29150    1.86738    1.86761    0.000234158 29       1530     
 6065.42 342     29213    1.86738    1.86761    0.000234157 30       1531     
 6065.98 342     29250    1.86738    1.86761    0.000234157 30       1531     
 6079.04 343     29300    1.86738    1.86761    0.00023415  29       1533     
 6093.16 344     29383    1.86738    1.86761    0.000234143 29       1535     
 6093.59 344     29400    1.86738    1.86761    0.000234143 29       1535     
 6094.27 345     29467    1.86738    1.86761    0.000234135 29       1535     
 6094.77 345     29500    1.86738    1.86761    0.000234135 29       1535     
 6109.57 346     29553    1.86738    1.86761    0.000234128 29       1537     
 6123.2  347     29637    1.86738    1.86761    0.000234099 29       1539     
 6123.66 347     29650    1.86738    1.86761    0.000234099 29       1539     
 6134.81 348     29721    1.86738    1.86761    0.000234088 29       1541     
 6135.26 348     29750    1.86738    1.86761    0.000234088 29       1541     
 6152.67 349     29805    1.86738    1.86761    0.000234081 30       1544     
 6166.53 350     29889    1.86738    1.86761    0.000234072 30       1546     
 6166.92 350     29900    1.86738    1.86761    0.000234072 30       1546     
 6182.42 351     29973    1.86738    1.86761    0.000234062 29       1549     
 6182.88 351     30000    1.86738    1.86761    0.000234062 29       1549     
 6196.31 352     30057    1.86738    1.86761    0.000234055 28       1551     
 6216.14 353     30141    1.86738    1.86761    0.000234054 28       1554     
 6216.52 353     30150    1.86738    1.86761    0.000234054 28       1554     
 6242.15 354     30227    1.86738    1.86761    0.000233793 28       1558     
 6242.58 354     30250    1.86738    1.86761    0.000233793 29       1558     
 6274.07 355     30313    1.86738    1.86761    0.00023361  29       1563     
 6274.59 355     30350    1.86738    1.86761    0.00023361  30       1563     
 6295.89 356     30400    1.86738    1.86761    0.000233514 29       1566     
 6318.63 357     30481    1.86738    1.86761    0.000233464 28       1569     
 6319.11 357     30500    1.86738    1.86761    0.000233464 28       1569     
 6338.34 358     30567    1.86738    1.86761    0.000233346 29       1572     
 6338.79 358     30600    1.86738    1.86761    0.000233346 29       1572     
 6357.84 359     30651    1.86738    1.86761    0.000233262 28       1575     
 6372.02 360     30733    1.86738    1.86761    0.000233214 28       1577     
 6372.49 360     30750    1.86738    1.86761    0.000233214 28       1577     
 6390.2  361     30817    1.86738    1.86761    0.000233074 31       1580     
 6390.67 361     30850    1.86738    1.86761    0.000233074 31       1580     
 6411.04 362     30901    1.86738    1.86761    0.000233037 30       1583     
 6426.51 363     30985    1.86738    1.86761    0.000232786 29       1585     
 6427.05 363     31000    1.86738    1.86761    0.000232786 29       1585     
 6445.76 364     31069    1.86738    1.86761    0.000232716 29       1588     
 6446.24 364     31100    1.86738    1.86761    0.000232716 29       1588     
 6458.84 365     31153    1.86738    1.86761    0.000232636 28       1590     
 6481.46 366     31237    1.86738    1.86761    0.000232585 27       1593     
 6481.94 366     31250    1.86738    1.86761    0.000232585 28       1593     
 6511.2  367     31323    1.86738    1.86761    0.000232469 26       1597     
 6511.64 367     31350    1.86738    1.86761    0.000232469 26       1597     
 6530.28 368     31407    1.86738    1.86761    0.000232403 27       1600     
 6555.92 369     31491    1.86738    1.86761    0.000232284 28       1604     
 6556.31 369     31500    1.86738    1.86761    0.000232284 28       1604     
 6576.48 370     31575    1.86738    1.86761    0.000232149 27       1607     
 6576.93 370     31600    1.86738    1.86761    0.000232149 26       1607     
 6588.69 371     31659    1.86738    1.86761    0.000232131 25       1609     
 6602.57 371     31700    1.86738    1.86761    0.000232131 26       1611     
 6603.22 372     31750    1.86738    1.86761    0.000232105 26       1611     
 6618.2  373     31827    1.86738    1.86761    0.000232064 26       1613     
 6618.64 373     31850    1.86738    1.86761    0.000232064 26       1613     
 6631.85 374     31911    1.86738    1.86761    0.00023201  26       1615     
 6640.56 374     31950    1.86738    1.86761    0.00023201  26       1616     
 6684.86 375     32000    1.86738    1.86761    0.000231909 27       1623     
 6700.04 376     32075    1.86738    1.86761    0.000228675 27       1625     
 6700.5  376     32100    1.86738    1.86761    0.000228675 27       1625     
 6721.32 377     32159    1.86738    1.86761    0.000228555 27       1628     
 6735.41 377     32200    1.86738    1.86761    0.000228555 28       1630     
 6736.07 378     32250    1.86738    1.86761    0.000228529 30       1630     
 6757.76 379     32327    1.86738    1.86761    0.00022847  28       1633     
 6758.23 379     32350    1.86738    1.86761    0.00022847  28       1633     
 6784.57 380     32413    1.86738    1.86761    0.000228406 27       1637     
 6785.12 380     32450    1.86738    1.86761    0.000228406 27       1637     
 6805.19 381     32500    1.86738    1.86761    0.000228296 27       1640     
 6812.04 382     32581    1.86738    1.86761    0.000228243 27       1641     
 6812.45 382     32600    1.86738    1.86761    0.000228243 27       1641     
 6819.69 383     32665    1.86738    1.86761    0.000228197 26       1642     
 6820.2  383     32700    1.86738    1.86761    0.000228197 27       1642     
 6843.35 384     32750    1.86738    1.86761    0.000228136 27       1645     
 6856.01 385     32833    1.86738    1.86761    0.000228107 30       1647     
 6856.46 385     32850    1.86738    1.86761    0.000228107 30       1647     
 6864.78 386     32917    1.86738    1.86761    0.000228068 27       1648     
 6865.31 386     32950    1.86738    1.86761    0.000228068 27       1648     
 6873.61 387     33000    1.86738    1.86761    0.000228049 27       1649     
 6896.09 388     33085    1.86738    1.86761    0.000228003 26       1652     
 6896.53 388     33100    1.86738    1.86761    0.000228003 26       1652     
 6904.19 389     33167    1.86738    1.86761    0.000227994 26       1653     
 6904.72 389     33200    1.86738    1.86761    0.000227994 26       1653     
 6919.46 390     33251    1.86738    1.86761    0.000227972 26       1655     
 6932.4  391     33335    1.86738    1.86761    0.000227947 27       1657     
 6932.85 391     33350    1.86738    1.86761    0.000227947 27       1657     
 6960.9  392     33419    1.86738    1.86761    0.000227924 28       1661     
 6961.41 392     33450    1.86738    1.86761    0.000227924 28       1661     
 6976.16 393     33501    1.86738    1.86761    0.000227915 28       1663     
 6989.97 394     33585    1.86738    1.86761    0.00022788  29       1665     
 6990.4  394     33600    1.86738    1.86761    0.00022788  29       1665     
 7013.3  395     33669    1.86738    1.86761    0.000227787 29       1668     
 7013.96 395     33700    1.86738    1.86761    0.000227787 29       1668     
 7027.54 396     33753    1.86738    1.86761    0.000227776 30       1670     
 7050.43 397     33837    1.86738    1.86761    0.000227753 29       1673     
 7050.87 397     33850    1.86738    1.86761    0.000227753 29       1673     
 7072.78 398     33921    1.86738    1.86761    0.000227719 29       1676     
 7073.32 398     33950    1.86738    1.86761    0.000227719 29       1676     
 7082.06 399     34005    1.86738    1.86761    0.000227688 29       1677     
 7094.55 400     34087    1.86738    1.86761    0.000227676 28       1679     
 7095    400     34100    1.86738    1.86761    0.000227676 28       1679     
 7117.49 401     34173    1.86738    1.86761    0.00022765  29       1682     
 7118.03 401     34200    1.86738    1.86761    0.00022765  30       1682     
 7133.1  402     34257    1.86738    1.86761    0.000227607 30       1684     
 7148.48 403     34339    1.86738    1.86761    0.000227591 29       1686     
 7148.93 403     34350    1.86738    1.86761    0.000227591 29       1686     
 7165.12 404     34423    1.86738    1.86761    0.000227566 28       1688     
 7165.6  404     34450    1.86738    1.86761    0.000227566 28       1688     
 7188.21 405     34507    1.86738    1.86761    0.000227532 28       1691     
 7209.73 406     34591    1.86738    1.86761    0.000227512 27       1694     
 7210.18 406     34600    1.86738    1.86761    0.000227512 27       1694     
 7227.33 407     34675    1.86738    1.86761    0.000227503 27       1696     
 7227.84 407     34700    1.86738    1.86761    0.000227503 27       1696     
 7234.93 408     34757    1.86738    1.86761    0.000227467 27       1697     
 7241.95 409     34841    1.86738    1.86761    0.000227458 27       1698     
 7242.38 409     34850    1.86738    1.86761    0.000227458 27       1698     
 7250.03 410     34923    1.86738    1.86761    0.000227451 27       1699     
 7250.52 410     34950    1.86738    1.86761    0.000227451 28       1699     
 7275.6  411     35007    1.86738    1.86761    0.000227441 29       1702     
 7276.5  412     35089    1.86738    1.86761    0.000227437 28       1702     
 7276.94 412     35100    1.86738    1.86761    0.000227437 28       1702     
 7292.09 413     35171    1.86738    1.86761    0.00022741  30       1704     
 7292.67 413     35200    1.86738    1.86761    0.00022741  30       1704     
 7300.97 414     35253    1.86738    1.86761    0.000227402 29       1705     
 7315.72 415     35335    1.86738    1.86761    0.000227386 29       1707     
 7316.28 415     35350    1.86738    1.86761    0.000227386 29       1707     
 7325.62 416     35419    1.86738    1.86761    0.000227325 32       1708     
 7326.12 416     35450    1.86738    1.86761    0.000227325 32       1708     
 7341.14 417     35505    1.86738    1.86761    0.000227267 28       1710     
 7356.07 418     35589    1.86738    1.86761    0.000227185 29       1712     
 7356.52 418     35600    1.86738    1.86761    0.000227185 28       1712     
 7372.45 419     35671    1.86738    1.86761    0.000227144 29       1714     
 7372.98 419     35700    1.86738    1.86761    0.000227144 29       1714     
 7387.47 420     35753    1.86738    1.86761    0.000227123 28       1716     
 7402.53 421     35835    1.86738    1.86761    0.000227113 28       1718     
 7403.03 421     35850    1.86738    1.86761    0.000227113 28       1718     
 7425.53 422     35917    1.86738    1.86761    0.00022711  29       1721     
 7426.09 422     35950    1.86738    1.86761    0.00022711  29       1721     
 7433.24 423     36000    1.86738    1.86761    0.00022709  28       1722     
 7458.05 424     36083    1.86738    1.86761    0.000227069 28       1725     
 7458.5  424     36100    1.86738    1.86761    0.000227069 28       1725     
 7474.58 425     36167    1.86738    1.86761    0.000227041 28       1727     
 7475.17 425     36200    1.86738    1.86761    0.000227041 28       1727     
 7483.75 426     36251    1.86738    1.86761    0.000227012 27       1728     
 7493.37 427     36333    1.86738    1.86761    0.000227005 27       1729     
 7493.91 427     36350    1.86738    1.86761    0.000227005 27       1729     
 7509.18 428     36415    1.86738    1.86761    0.000226984 28       1731     
 7509.73 428     36450    1.86738    1.86761    0.000226984 28       1731     
 7530.88 429     36500    1.86738    1.86761    0.000226957 28       1734     
 7546.64 430     36583    1.86738    1.86761    0.000226906 28       1736     
 7547.12 430     36600    1.86738    1.86761    0.000226906 28       1736     
 7562.44 431     36667    1.86738    1.86761    0.000226892 28       1738     
 7563.12 431     36700    1.86738    1.86761    0.000226892 28       1738     
 7594.72 432     36751    1.86738    1.86761    0.00022667  26       1742     
 7610.59 433     36835    1.86738    1.86761    0.00022665  26       1744     
 7611.07 433     36850    1.86738    1.86761    0.00022665  26       1744     
 7619.03 434     36917    1.86738    1.86761    0.000226473 26       1745     
 7619.61 434     36950    1.86738    1.86761    0.000226473 26       1745     
 7635.59 435     37001    1.86738    1.86761    0.000226373 26       1747     
 7642.36 436     37085    1.86738    1.86761    0.00022635  26       1748     
 7642.83 436     37100    1.86738    1.86761    0.00022635  26       1748     
 7659.77 437     37169    1.86738    1.86761    0.000226286 27       1750     
 7660.29 437     37200    1.86738    1.86761    0.000226286 27       1750     
 7677.9  438     37253    1.86738    1.86761    0.000222975 27       1752     
 7696.15 439     37337    1.86738    1.86761    0.000222925 26       1754     
 7696.59 439     37350    1.86738    1.86761    0.000222925 26       1754     
 7704.27 440     37421    1.86738    1.86761    0.000222914 27       1755     
 7704.79 440     37450    1.86738    1.86761    0.000222914 27       1755     
 7719.32 441     37505    1.86738    1.86761    0.000222875 26       1757     
 7735.97 442     37591    1.86738    1.86761    0.000222818 26       1759     
 7736.41 442     37600    1.86738    1.86761    0.000222818 26       1759     
 7760.28 443     37675    1.86738    1.86761    0.000222789 26       1762     
 7779.23 443     37700    1.86738    1.86761    0.000222789 26       1765     
 7793.57 444     37757    1.86738    1.86761    0.000222741 26       1767     
 7814.01 445     37839    1.86738    1.86761    0.000222575 26       1769     
 7814.56 445     37850    1.86738    1.86761    0.000222575 26       1769     
 7842.65 446     37925    1.86738    1.86761    0.000222366 26       1772     
 7843.26 446     37950    1.86738    1.86761    0.000222366 26       1772     
 7867.69 447     38009    1.86738    1.86761    0.000222293 26       1775     
 7884.77 447     38050    1.86738    1.86761    0.000222293 27       1777     
 7885.49 448     38100    1.86738    1.86761    0.000222282 26       1777     
 7893.82 449     38175    1.86738    1.86761    0.000222267 26       1778     
 7894.31 449     38200    1.86738    1.86761    0.000222267 26       1778     
 7902.03 450     38257    1.86738    1.86761    0.000222258 26       1779     
 7902.79 451     38339    1.86738    1.86761    0.000222252 27       1779     
 7903.22 451     38350    1.86738    1.86761    0.000222252 26       1779     
 7919.04 452     38423    1.86738    1.86761    0.00022223  26       1781     
 7919.55 452     38450    1.86738    1.86761    0.00022223  26       1781     
 7935.31 453     38507    1.86738    1.86761    0.000222215 28       1783     
 7948.73 454     38591    1.86738    1.86761    0.000222172 28       1785     
 7949.16 454     38600    1.86738    1.86761    0.000222172 27       1785     
 7964.33 455     38675    1.86738    1.86761    0.000222134 28       1787     
 7964.83 455     38700    1.86738    1.86761    0.000222134 27       1787     
 7991.87 456     38759    1.86738    1.86761    0.000222112 26       1790     
 8004.51 456     38800    1.86738    1.86761    0.000222112 27       1792     
 8005.37 457     38850    1.86738    1.86761    0.000222091 28       1792     
 8006.3  458     38925    1.86738    1.86761    0.000222089 28       1792     
 8006.92 458     38950    1.86738    1.86761    0.000222089 28       1792     
 8007.83 459     39009    1.86738    1.86761    0.000222086 28       1792     
 8025.55 459     39050    1.86738    1.86761    0.000222086 27       1794     
 8026.38 460     39100    1.86738    1.86761    0.000222058 27       1794     
 8034.22 461     39175    1.86738    1.86761    0.000222051 27       1795     
 8034.73 461     39200    1.86738    1.86761    0.000222051 27       1795     
 8035.45 462     39257    1.86738    1.86761    0.000222047 27       1795     
 8052.83 463     39341    1.86738    1.86761    0.000221992 27       1797     
 8053.26 463     39350    1.86738    1.86761    0.000221992 27       1797     
 8069.43 464     39423    1.86738    1.86761    0.00022196  28       1799     
 8069.94 464     39450    1.86738    1.86761    0.00022196  28       1799     
 8086.4  465     39505    1.86738    1.86761    0.000221955 29       1801     
 8102.92 466     39587    1.86738    1.86761    0.000221933 30       1803     
 8103.38 466     39600    1.86738    1.86761    0.000221933 30       1803     
 8110.63 467     39669    1.86738    1.86761    0.000221924 30       1804     
 8111.33 467     39700    1.86738    1.86761    0.000221924 30       1804     
 8136.44 468     39753    1.86738    1.86761    0.000221898 30       1807     
 8153.55 469     39837    1.86738    1.86761    0.000221895 30       1809     
 8154.01 469     39850    1.86738    1.86761    0.000221895 30       1809     
 8169.24 470     39921    1.86738    1.86761    0.000221884 29       1811     
 8169.77 470     39950    1.86738    1.86761    0.000221884 29       1811     
 8187.13 471     40003    1.86738    1.86761    0.000221874 29       1813     
 8206.33 472     40087    1.86738    1.86761    0.000221866 31       1815     
 8206.79 472     40100    1.86738    1.86761    0.000221866 31       1815     
 8223.32 473     40171    1.86738    1.86761    0.000221841 27       1817     
 8223.83 473     40200    1.86738    1.86761    0.000221841 27       1817     
 8224.51 474     40253    1.86738    1.86761    0.000221836 27       1817     
 8242.67 475     40335    1.86738    1.86761    0.000221819 27       1819     
 8243.23 475     40350    1.86738    1.86761    0.000221819 27       1819     
 8251.87 476     40419    1.86738    1.86761    0.00022181  26       1820     
 8252.4  476     40450    1.86738    1.86761    0.00022181  26       1820     
 8271.29 477     40503    1.86738    1.86761    0.000221772 26       1822     
 8291.22 478     40587    1.86738    1.86761    0.000221712 26       1825     
 8291.7  478     40600    1.86738    1.86761    0.000221712 26       1825     
 8324.83 479     40671    1.86738    1.86761    0.000221695 27       1829     
 8325.43 479     40700    1.86738    1.86761    0.000221695 27       1829     
 8342.97 480     40753    1.86738    1.86761    0.000221678 26       1831     
 8358.58 481     40837    1.86738    1.86761    0.000221672 26       1833     
 8359.04 481     40850    1.86738    1.86761    0.000221672 26       1833     
 8382.51 482     40919    1.86738    1.86761    0.000221652 28       1836     
 8383.05 482     40950    1.86738    1.86761    0.000221652 28       1836     
 8409.7  483     41001    1.86738    1.86761    0.000221622 29       1840     
 8426.11 484     41083    1.86738    1.86761    0.000221617 29       1842     
 8426.61 484     41100    1.86738    1.86761    0.000221617 28       1842     
 8443.95 485     41165    1.86738    1.86761    0.000221611 29       1844     
 8444.52 485     41200    1.86738    1.86761    0.000221611 29       1844     
 8462.21 486     41250    1.86738    1.86761    0.000221605 28       1846     
 8471.36 487     41331    1.86738    1.86761    0.000221597 26       1847     
 8471.88 487     41350    1.86738    1.86761    0.000221597 26       1847     
 8486.53 488     41413    1.86738    1.86761    0.000221586 27       1849     
 8487.1  488     41450    1.86738    1.86761    0.000221586 27       1849     
 8494.27 489     41500    1.86738    1.86761    0.000221576 27       1850     
 8509.85 490     41577    1.86738    1.86761    0.000221572 27       1852     
 8510.35 490     41600    1.86738    1.86761    0.000221572 27       1852     
 8525.89 491     41659    1.86738    1.86761    0.000221568 27       1854     
 8544.67 492     41700    1.86738    1.86761    0.000221568 26       1856     
 8545.33 492     41750    1.86738    1.86761    0.00022156  26       1856     
 8560.06 493     41825    1.86738    1.86761    0.000221553 26       1858     
 8560.63 493     41850    1.86738    1.86761    0.000221553 26       1858     
 8575.31 494     41907    1.86738    1.86761    0.000221547 27       1860     
 8584.1  495     41989    1.86738    1.86761    0.000221545 30       1861     
 8584.56 495     42000    1.86738    1.86761    0.000221545 29       1861     
 8602.16 496     42073    1.86738    1.86761    0.000221532 26       1863     
 8602.72 496     42100    1.86738    1.86761    0.000221532 26       1863     
 8610.06 497     42155    1.86738    1.86761    0.000221522 26       1864     
 8617.19 498     42237    1.86738    1.86761    0.000221521 27       1865     
 8617.67 498     42250    1.86738    1.86761    0.000221521 27       1865     
 8618.52 499     42319    1.86738    1.86761    0.000221519 27       1865     
 8619.1  499     42350    1.86738    1.86761    0.000221519 27       1865     
 8634.03 500     42401    1.86738    1.86761    0.000221509 27       1867     
 8659.22 501     42483    1.86738    1.86761    0.000221504 27       1870     
 8659.92 501     42500    1.86738    1.86761    0.000221504 27       1870     
 8678.25 502     42565    1.86738    1.86761    0.000221503 27       1872     
 8678.83 502     42600    1.86738    1.86761    0.000221503 27       1872     
 8696.11 503     42650    1.86738    1.86761    0.000221502 28       1874     
 8712.36 504     42729    1.86738    1.86761    0.000221499 28       1876     
 8712.88 504     42750    1.86738    1.86761    0.000221499 28       1876     
 8729.34 505     42811    1.86738    1.86761    0.000221496 28       1878     
 8729.95 505     42850    1.86738    1.86761    0.000221496 27       1878     
 8737.59 506     42900    1.86738    1.86761    0.000221489 27       1879     
 8762.19 507     42977    1.86738    1.86761    0.000221432 26       1882     
 8762.71 507     43000    1.86738    1.86761    0.000221432 26       1882     
 8778.75 508     43059    1.86738    1.86761    0.000221429 26       1884     
 8794.44 508     43100    1.86738    1.86761    0.000221429 26       1886     
 8795.22 509     43150    1.86738    1.86761    0.000221392 27       1886     
 8812    510     43225    1.86738    1.86761    0.000221384 28       1888     
 8812.54 510     43250    1.86738    1.86761    0.000221384 28       1888     
 8829.22 511     43309    1.86738    1.86761    0.000221329 26       1890     
 8854.54 511     43350    1.86738    1.86761    0.000221329 26       1893     
 8855.31 512     43400    1.86738    1.86761    0.0002213   26       1893     
 8879.03 513     43477    1.86738    1.86761    0.000221287 26       1896     
 8879.53 513     43500    1.86738    1.86761    0.000221287 26       1896     
 8897.93 514     43559    1.86738    1.86761    0.000221275 28       1898     
 8915.74 515     43600    1.86738    1.86761    0.000221275 28       1900     
 8916.55 515     43650    1.86738    1.86761    0.000221269 27       1900     
 8927.74 516     43723    1.86738    1.86761    0.00022125  26       1901     
 8928.29 516     43750    1.86738    1.86761    0.00022125  26       1901     
 8945.72 517     43807    1.86738    1.86761    0.00022124  29       1903     
 8963.95 518     43889    1.86738    1.86761    0.000221229 27       1905     
 8964.41 518     43900    1.86738    1.86761    0.000221229 27       1905     
 8989.07 519     43973    1.86738    1.86761    0.000221195 26       1908     
 8989.63 519     44000    1.86738    1.86761    0.000221195 26       1908     
 8999.26 520     44055    1.86738    1.86761    0.000221179 26       1909     
 9018.29 521     44137    1.86738    1.86761    0.000221173 28       1911     
 9018.8  521     44150    1.86738    1.86761    0.000221173 28       1911     
 9046.99 522     44221    1.86738    1.86761    0.000221158 27       1914     
 9047.55 522     44250    1.86738    1.86761    0.000221158 27       1914     
 9048.31 523     44303    1.86738    1.86761    0.00022113  27       1914     
 9057.85 524     44385    1.86738    1.86761    0.000221124 28       1915     
 9058.37 524     44400    1.86738    1.86761    0.000221124 28       1915     
 9077.83 525     44469    1.86738    1.86761    0.000221114 27       1917     
 9078.41 525     44500    1.86738    1.86761    0.000221114 27       1917     
 9087.33 526     44551    1.86738    1.86761    0.000221093 27       1918     
 9097.74 527     44633    1.86738    1.86761    0.000221088 27       1919     
 9098.26 527     44650    1.86738    1.86761    0.000221088 27       1919     
 9117.34 528     44715    1.86738    1.86761    0.00022108  27       1921     
 9117.99 528     44750    1.86738    1.86761    0.00022108  27       1921     
 9136.67 529     44800    1.86738    1.86761    0.000221063 28       1923     
 9153.76 530     44881    1.86738    1.86761    0.000221056 28       1925     
 9154.28 530     44900    1.86738    1.86761    0.000221056 28       1925     
 9172.61 531     44965    1.86738    1.86761    0.000221052 28       1927     
 9173.22 531     45000    1.86738    1.86761    0.000221052 28       1927     
 9191.07 532     45050    1.86738    1.86761    0.000221044 29       1929     
 9206.23 533     45131    1.86739    1.86761    0.000220407 35       1931     
 9206.93 533     45150    1.86739    1.86761    0.000220407 35       1931     
 9222.27 534     45213    1.86739    1.86761    0.000220402 35       1933     
 9222.9  534     45250    1.86739    1.86761    0.000220402 34       1933     
 9230.39 535     45300    1.86739    1.86761    0.000220392 32       1934     
 9247.47 536     45377    1.86739    1.86761    0.000220389 32       1936     
 9248.08 536     45400    1.86739    1.86761    0.000220389 32       1936     
 9249.01 537     45459    1.86739    1.86761    0.000220382 32       1936     
 9263.71 538     45500    1.86739    1.86761    0.000220382 32       1938     
 9264.46 538     45550    1.86739    1.86761    0.000220352 32       1938     
 9284.05 539     45623    1.86739    1.86761    0.000220341 31       1940     
 9284.6  539     45650    1.86739    1.86761    0.000220341 31       1940     
 9294.9  540     45705    1.86739    1.86761    0.000220336 32       1941     
 9295.84 541     45787    1.86739    1.86761    0.00022032  32       1941     
 9296.33 541     45800    1.86739    1.86761    0.00022032  32       1941     
 9315.54 542     45869    1.86739    1.86761    0.000220307 34       1943     
 9316.14 542     45900    1.86739    1.86761    0.000220307 34       1943     
 9340.44 543     45953    1.86739    1.86761    0.0002203   33       1946     
 9358.91 544     46035    1.86739    1.86761    0.000220293 33       1948     
 9359.43 544     46050    1.86739    1.86761    0.000220293 33       1948     
 9369.16 545     46117    1.86739    1.86761    0.000220289 33       1949     
 9369.79 545     46150    1.86739    1.86761    0.000220289 33       1949     
 9396.15 546     46201    1.86739    1.8676     0.000219401 33       1952     
 9413.42 547     46283    1.86739    1.8676     0.000219398 33       1954     
 9413.97 547     46300    1.86739    1.8676     0.000219398 33       1954     
 9435.01 548     46367    1.86739    1.8676     0.000219383 33       1956     
 9435.74 548     46400    1.86739    1.8676     0.000219383 33       1956     
 9458.26 549     46450    1.86739    1.8676     0.000219304 32       1958     
 9476.75 550     46533    1.86739    1.8676     0.000219299 32       1960     
 9477.34 550     46550    1.86739    1.8676     0.000219299 32       1960     
 9488.13 551     46615    1.86739    1.8676     0.000219285 31       1961     
 9488.85 551     46650    1.86739    1.8676     0.000219285 31       1961     
 9510.09 552     46700    1.86739    1.8676     0.000219169 31       1963     
 9520.54 553     46781    1.86739    1.8676     0.000219162 31       1964     
 9521.16 553     46800    1.86739    1.8676     0.000219162 31       1964     
 9549.48 554     46863    1.86739    1.8676     0.000219138 31       1967     
 9550.18 554     46900    1.86739    1.8676     0.000219138 31       1967     
 9576.75 555     46950    1.86739    1.8676     0.000219137 31       1970     
 9587.07 556     47027    1.86739    1.8676     0.000219133 31       1971     
 9587.64 556     47050    1.86739    1.8676     0.000219133 31       1971     
 9604.26 557     47109    1.86739    1.8676     0.000219125 31       1973     
 9612    558     47150    1.86739    1.8676     0.000219125 31       1974     
 9612.83 558     47200    1.86739    1.8676     0.000219112 31       1974     
 9650.5  559     47273    1.86739    1.8676     0.000218803 31       1978     
 9676.75 559     47300    1.86739    1.8676     0.000218803 32       1981     
 9707.44 560     47357    1.86739    1.8676     0.000210651 33       1984     
 9718.1  561     47439    1.86739    1.8676     0.000210626 33       1985     
 9718.66 561     47450    1.86739    1.8676     0.000210626 33       1985     
 9746.52 562     47523    1.86739    1.8676     0.000210625 34       1988     
 9747.17 562     47550    1.86739    1.8676     0.000210625 34       1988     
 9758.11 563     47605    1.86739    1.8676     0.000210624 34       1989     
 9777.41 564     47689    1.86739    1.8676     0.00021059  34       1991     
 9777.98 564     47700    1.86739    1.8676     0.00021059  34       1991     
 9796.35 565     47775    1.86739    1.8676     0.000210402 32       1993     
 9797    565     47800    1.86739    1.8676     0.000210402 32       1993     
 9808.26 566     47857    1.86739    1.8676     0.0002104   32       1994     
 9829.46 567     47941    1.86739    1.8676     0.000210395 32       1996     
 9830.03 567     47950    1.86739    1.8676     0.000210395 32       1996     
 9849.26 568     48025    1.86739    1.8676     0.000210385 33       1998     
 9849.92 568     48050    1.86739    1.8676     0.000210385 33       1998     
 9861.19 569     48109    1.86739    1.8676     0.000210382 33       1999     
 9871.28 569     48150    1.86739    1.8676     0.000210382 33       2000     
 9872.25 570     48200    1.86739    1.8676     0.000210375 33       2000     
 9873.21 571     48275    1.86739    1.8676     0.000210374 33       2000     
 9873.84 571     48300    1.86739    1.8676     0.000210374 33       2000     
 9902.69 572     48359    1.86739    1.8676     0.000210372 33       2003     
 9920.99 572     48400    1.86739    1.8676     0.000210372 34       2005     
 9921.94 573     48450    1.86739    1.8676     0.000210365 32       2005     
 9931.72 574     48527    1.86739    1.8676     0.000210362 33       2006     
 9932.38 574     48550    1.86739    1.8676     0.000210362 33       2006     
 9942.53 575     48611    1.86739    1.8676     0.000210359 34       2007     
 9943.27 575     48650    1.86739    1.8676     0.000210359 34       2007     
 9944.13 576     48700    1.86739    1.8676     0.000210357 33       2007     
 9970.37 577     48777    1.86739    1.8676     0.000210352 33       2010     
 9971.03 577     48800    1.86739    1.8676     0.000210352 33       2010     
 9971.95 578     48859    1.86739    1.8676     0.000210281 33       2010     
 9972.71 579     48900    1.86739    1.8676     0.000210281 33       2010     
 9973.57 579     48950    1.86739    1.8676     0.000210276 33       2010     
 9984.14 580     49025    1.86739    1.8676     0.000210275 33       2011     
 9984.79 580     49050    1.86739    1.8676     0.000210275 33       2011     
 9996.88 581     49107    1.86739    1.8676     0.000210274 33       2012     
 10003   582     49191    1.86739    1.8676     0.000210251 33       2013     
-------------------------------------------------------------------------------

SARSOP finishing ...
  Preset timeout reached
  Timeout     : 10000.000000s
  Actual Time : 10002.960000s

-------------------------------------------------------------------------------
 Time   |#Trial |#Backup |LBound    |UBound    |Precision  |#Alphas |#Beliefs  
-------------------------------------------------------------------------------
 10003   582     49191    1.86739    1.8676     0.000210251 33       2013     
-------------------------------------------------------------------------------

Writing out policy ...
  output file : ram_pomdp_soln/3e73cf48540.policyx

