
Loading the model ...
  input file   : /home/rstudio/projects/pomdp-ram/notebook/ram_pomdp_soln/3e74a4a4bf7.pomdpx
  loading time : 8.21s 

SARSOP initializing ...
  initialization time : 1145.27s

-------------------------------------------------------------------------------
 Time   |#Trial |#Backup |LBound    |UBound    |Precision  |#Alphas |#Beliefs  
-------------------------------------------------------------------------------
 1145.27 0       0        1.43538    1.81732    0.381936    120      1        
 1148.74 1       85       1.48612    1.55482    0.0686997   35       16       
 1148.81 1       100      1.48612    1.55482    0.0686997   45       16       
 1149.53 2       175      1.49402    1.55481    0.0607935   35       18       
 1149.65 2       200      1.49402    1.55481    0.0607935   50       18       
 1150.99 3       267      1.49911    1.55481    0.0557003   31       23       
 1151.13 3       300      1.49911    1.55481    0.0557003   35       23       
 1152.03 4       359      1.50333    1.55481    0.0514804   37       26       
 1152.21 4       400      1.50333    1.55481    0.0514804   50       26       
 1152.88 5       451      1.50708    1.55481    0.0477295   37       28       
 1153.86 6       545      1.51307    1.5548     0.0417304   18       30       
 1153.89 6       550      1.51307    1.5548     0.0417304   16       30       
 1154.7  7       637      1.5164     1.5548     0.0383994   12       32       
 1154.75 7       650      1.5164     1.5548     0.0383994   13       32       
 1155.64 8       731      1.52098    1.5548     0.0338233   9        34       
 1155.71 8       750      1.52098    1.5548     0.0338233   10       34       
 1156.69 9       823      1.52328    1.5548     0.0315204   11       36       
 1156.79 9       850      1.52328    1.5548     0.0315204   12       36       
 1158.36 10      917      1.52636    1.5548     0.0284436   7        39       
 1158.47 10      950      1.52636    1.5548     0.0284436   8        39       
 1159.56 11      1009     1.52819    1.5548     0.0266067   10       41       
 1159.71 11      1050     1.52819    1.5548     0.0266067   11       41       
 1160.37 12      1101     1.52941    1.5548     0.0253886   10       42       
 1162.29 13      1195     1.53185    1.5548     0.0229517   10       45       
 1162.31 13      1200     1.53185    1.5548     0.0229517   11       45       
 1162.72 14      1287     1.53301    1.5548     0.0217817   11       45       
 1162.78 14      1300     1.53301    1.5548     0.0217817   11       45       
 1164.14 15      1381     1.53465    1.5548     0.0201463   10       47       
 1164.21 15      1400     1.53465    1.5548     0.0201463   11       47       
 1164.99 16      1473     1.53577    1.55479    0.0190271   10       48       
 1165.09 16      1500     1.53577    1.55479    0.0190271   12       48       
 1166.07 17      1567     1.53702    1.55479    0.0177761   10       49       
 1166.19 17      1600     1.53702    1.55479    0.0177761   10       49       
 1168.31 18      1661     1.53846    1.55479    0.0163358   10       52       
 1168.46 18      1700     1.53846    1.55479    0.0163358   12       52       
 1169.53 19      1755     1.53965    1.55479    0.0151439   13       53       
 1170.32 19      1800     1.53965    1.55479    0.0151439   12       54       
 1170.59 20      1850     1.5403     1.55479    0.0144899   13       54       
 1171.74 21      1941     1.54126    1.55479    0.0135302   12       55       
 1171.78 21      1950     1.54126    1.55479    0.0135302   13       55       
 1173.64 22      2035     1.542      1.55479    0.012795    13       57       
 1173.72 22      2050     1.542      1.55479    0.012795    12       57       
 1175.65 23      2129     1.54269    1.55479    0.0120963   12       59       
 1175.75 23      2150     1.54269    1.55479    0.0120963   12       59       
 1177.7  24      2223     1.54325    1.55479    0.0115361   14       61       
 1177.81 24      2250     1.54325    1.55479    0.0115361   14       61       
 1181.64 25      2317     1.54386    1.55478    0.010921    12       65       
 1181.77 25      2350     1.54386    1.55478    0.010921    13       65       
 1183.91 26      2411     1.5445     1.55478    0.0102855   13       67       
 1184.06 26      2450     1.5445     1.55478    0.0102855   14       67       
 1185.35 27      2505     1.54487    1.55478    0.00990808  13       68       
 1187.89 27      2550     1.54487    1.55478    0.00990808  13       70       
 1189.36 28      2600     1.54506    1.55478    0.00972441  14       71       
 1192.69 29      2693     1.54525    1.55478    0.00952709  16       73       
 1192.76 29      2700     1.54525    1.55478    0.00952709  16       73       
 1195.99 30      2787     1.54566    1.55478    0.00912022  14       75       
 1196.07 30      2800     1.54566    1.55478    0.00912022  14       75       
 1198.92 31      2881     1.54599    1.55478    0.0087934   14       77       
 1199.02 31      2900     1.54599    1.55478    0.0087934   15       77       
 1204.7  32      2975     1.54631    1.55477    0.00846474  14       81       
 1204.82 32      3000     1.54631    1.55477    0.00846474  15       81       
 1209.86 33      3069     1.54671    1.55477    0.00806381  12       84       
 1210    33      3100     1.54671    1.55477    0.00806381  12       84       
 1216.39 34      3163     1.54698    1.55477    0.0077952   16       88       
 1216.57 34      3200     1.54698    1.55477    0.0077952   16       88       
 1219.97 35      3257     1.54719    1.55477    0.0075804   17       90       
 1220.16 35      3300     1.54719    1.55477    0.0075804   15       90       
 1223.43 36      3351     1.54735    1.55477    0.00741919  16       92       
 1225.37 37      3445     1.54749    1.55477    0.00727995  16       93       
 1225.42 37      3450     1.54749    1.55477    0.00727995  15       93       
 1229.18 38      3539     1.54763    1.55477    0.00714564  16       95       
 1229.26 38      3550     1.54763    1.55477    0.00714564  16       95       
 1233.06 39      3633     1.54772    1.55477    0.00705288  17       97       
 1233.16 39      3650     1.54772    1.55477    0.00705288  17       97       
 1243.14 40      3727     1.54795    1.55477    0.00681655  16       102      
 1243.28 40      3750     1.54795    1.55477    0.00681655  17       102      
 1247.42 41      3821     1.54821    1.55477    0.00655605  18       104      
 1247.57 41      3850     1.54821    1.55477    0.00655605  18       104      
 1253.94 42      3915     1.54843    1.55477    0.00633646  14       107      
 1254.11 42      3950     1.54843    1.55477    0.00633646  14       107      
 1256.69 43      4009     1.54862    1.55477    0.00615234  15       108      
 1256.9  43      4050     1.54862    1.55477    0.00615234  16       108      
 1265.32 44      4103     1.54879    1.55477    0.00598304  17       112      
 1274.36 45      4150     1.54879    1.55477    0.00598304  17       116      
 1274.72 45      4200     1.54893    1.55477    0.00583845  20       116      
 1284.26 46      4291     1.54909    1.55477    0.00567361  18       120      
 1284.34 46      4300     1.54909    1.55477    0.00567361  17       120      
 1290.72 47      4385     1.54921    1.55477    0.00555478  15       123      
 1290.82 47      4400     1.54921    1.55477    0.00555478  15       123      
 1298.34 48      4479     1.54936    1.55477    0.00541206  18       126      
 1298.48 48      4500     1.54936    1.55477    0.00541206  18       126      
 1308.61 49      4573     1.54947    1.55477    0.00529367  17       130      
 1308.79 49      4600     1.54947    1.55477    0.00529367  18       130      
 1316.3  50      4667     1.54959    1.55477    0.00517754  22       133      
 1316.51 50      4700     1.54959    1.55477    0.00517754  21       133      
 1324.39 51      4761     1.5497     1.55477    0.0050617   21       136      
 1324.62 51      4800     1.5497     1.55477    0.0050617   21       136      
 1333.05 52      4855     1.54978    1.55476    0.00498342  18       139      
 1338.55 52      4900     1.54978    1.55476    0.00498342  21       141      
 1342.09 53      4950     1.54991    1.55476    0.00485017  17       142      
 1353.82 54      5043     1.55003    1.55476    0.00473026  14       146      
 1353.92 54      5050     1.55003    1.55476    0.00473026  14       146      
 1363.1  55      5137     1.55016    1.55476    0.00460099  18       149      
 1363.22 55      5150     1.55016    1.55476    0.00460099  18       149      
 1375.45 56      5231     1.55025    1.55476    0.00451245  17       153      
 1375.61 56      5250     1.55025    1.55476    0.00451245  17       153      
 1382.72 57      5325     1.5503     1.55476    0.004462    17       155      
 1382.9  57      5350     1.5503     1.55476    0.004462    18       155      
 1395.2  58      5419     1.55035    1.55476    0.00441029  16       159      
 1395.42 58      5450     1.55035    1.55476    0.00441029  17       159      
 1405.4  59      5513     1.55041    1.55476    0.00435437  19       162      
 1405.66 59      5550     1.55041    1.55476    0.00435437  19       162      
 1412.66 60      5607     1.55044    1.55476    0.00432285  20       164      
 1412.96 60      5650     1.55044    1.55476    0.00432285  20       164      
 1423.92 61      5701     1.55047    1.55476    0.00428725  18       167      
 1434.52 62      5795     1.55051    1.55476    0.00425336  19       170      
 1434.62 62      5800     1.55051    1.55476    0.00425336  18       170      
 1445.8  63      5889     1.5506     1.55476    0.00415688  18       173      
 1445.93 63      5900     1.5506     1.55476    0.00415688  17       173      
 1456.07 64      5983     1.55068    1.55476    0.00408182  18       176      
 1456.25 64      6000     1.55068    1.55476    0.00408182  18       176      
 1474.76 65      6077     1.55075    1.55476    0.00401195  20       181      
 1474.95 65      6100     1.55075    1.55476    0.00401195  19       181      
 1491.43 66      6171     1.55081    1.55476    0.00394861  24       185      
 1491.66 66      6200     1.55081    1.55476    0.00394861  23       185      
 1506.75 67      6265     1.55088    1.55476    0.003877    20       189      
 1507.02 67      6300     1.55088    1.55476    0.003877    20       189      
 1522.73 68      6359     1.55096    1.55476    0.00379846  19       193      
 1523.02 68      6400     1.55096    1.55476    0.00379846  20       193      
 1541.32 69      6453     1.551      1.55476    0.00375852  19       197      
 1554.69 70      6500     1.551      1.55476    0.00375852  19       200      
 1555.06 70      6550     1.55108    1.55475    0.00367889  19       200      
 1567.94 71      6641     1.55116    1.55475    0.00359903  21       203      
 1568.07 71      6650     1.55116    1.55475    0.00359903  20       203      
 1576.38 72      6733     1.55122    1.55475    0.00353825  21       205      
 1576.56 72      6750     1.55122    1.55475    0.00353825  20       205      
 1586.21 73      6827     1.55126    1.55475    0.00349722  22       207      
 1586.42 73      6850     1.55126    1.55475    0.00349722  21       207      
 1595.12 74      6921     1.5513     1.55475    0.00345596  23       209      
 1595.37 74      6950     1.5513     1.55475    0.00345596  22       209      
 1613.3  75      7015     1.55134    1.55475    0.00340803  21       213      
 1613.56 75      7050     1.55134    1.55475    0.00340803  21       213      
 1626.72 76      7109     1.5514     1.55475    0.00335123  20       216      
 1627.01 76      7150     1.5514     1.55475    0.00335123  20       216      
 1645.2  77      7203     1.55144    1.55475    0.00331403  19       220      
 1663.85 78      7250     1.55144    1.55475    0.00331403  19       224      
 1664.32 78      7300     1.55148    1.55475    0.00326988  20       224      
 1674.94 79      7391     1.5515     1.55475    0.00324726  23       226      
 1675.08 79      7400     1.5515     1.55475    0.00324726  22       226      
 1694.19 80      7487     1.55155    1.55475    0.00320077  24       230      
 1694.34 80      7500     1.55155    1.55475    0.00320077  22       230      
 1703.54 81      7579     1.55159    1.55475    0.00315669  22       232      
 1703.74 81      7600     1.55159    1.55475    0.00315669  22       232      
 1713.96 82      7673     1.55163    1.55475    0.00312047  21       234      
 1714.18 82      7700     1.55163    1.55475    0.00312047  21       234      
 1729.81 83      7767     1.55166    1.55475    0.00308831  22       237      
 1730.06 83      7800     1.55166    1.55475    0.00308831  22       237      
 1745.35 84      7861     1.55171    1.55475    0.00303901  21       240      
 1745.63 84      7900     1.55171    1.55475    0.00303901  21       240      
 1761.49 85      7955     1.55175    1.55475    0.00299815  20       243      
 1772.01 85      8000     1.55175    1.55475    0.00299815  21       245      
 1778.05 86      8050     1.55177    1.55475    0.00297334  22       246      
 1794.64 87      8143     1.55179    1.55475    0.00295459  24       249      
 1794.78 87      8150     1.55179    1.55475    0.00295459  24       249      
 1811.73 88      8237     1.55183    1.55475    0.00291435  24       252      
 1811.91 88      8250     1.55183    1.55475    0.00291435  24       252      
 1827.65 89      8331     1.55186    1.55475    0.00289217  25       255      
 1827.91 89      8350     1.55186    1.55475    0.00289217  27       255      
 1845.1  90      8425     1.55189    1.55475    0.00285753  19       258      
 1845.33 90      8450     1.55189    1.55475    0.00285753  22       258      
 1856.38 91      8519     1.55191    1.55475    0.0028383   21       260      
 1856.63 91      8550     1.55191    1.55475    0.0028383   22       260      
 1873.33 92      8613     1.55195    1.55475    0.00280151  22       263      
 1873.6  92      8650     1.55195    1.55475    0.00280151  21       263      
 1896.93 93      8707     1.55196    1.55475    0.00278148  23       267      
 1897.26 93      8750     1.55196    1.55475    0.00278148  23       267      
 1914.17 94      8801     1.55199    1.55475    0.00275757  25       270      
 1926.26 95      8895     1.55201    1.55475    0.00273601  26       272      
 1926.4  95      8900     1.55201    1.55475    0.00273601  25       272      
 1944.95 96      8987     1.55203    1.55474    0.00271231  24       275      
 1945.16 96      9000     1.55203    1.55474    0.00271231  24       275      
 1958.13 97      9081     1.55205    1.55474    0.00269345  25       277      
 1958.34 97      9100     1.55205    1.55474    0.00269345  26       277      
 1970.31 98      9175     1.55207    1.55474    0.00267129  24       279      
 1970.55 98      9200     1.55207    1.55474    0.00267129  25       279      
 1987.39 99      9269     1.55209    1.55474    0.00265282  25       282      
 1987.67 99      9300     1.55209    1.55474    0.00265282  25       282      
 2012.76 100     9363     1.55211    1.55474    0.00263601  23       286      
 2013.06 100     9400     1.55211    1.55474    0.00263601  23       286      
 2025.29 101     9455     1.55212    1.55474    0.00261755  23       288      
 2037.4  101     9500     1.55212    1.55474    0.00261755  26       290      
 2037.93 102     9550     1.55214    1.55474    0.0026033   24       290      
 2051.11 103     9641     1.55215    1.55474    0.00259238  26       292      
 2051.27 103     9650     1.55215    1.55474    0.00259238  27       292      
 2063.59 104     9735     1.55216    1.55474    0.00257947  26       294      
 2063.8  104     9750     1.55216    1.55474    0.00257947  26       294      
 2076.79 105     9827     1.55217    1.55474    0.00256992  28       296      
 2077.05 105     9850     1.55217    1.55474    0.00256992  27       296      
 2096.14 106     9921     1.55218    1.55474    0.00256226  26       299      
 2096.44 106     9950     1.55218    1.55474    0.00256226  26       299      
 2114.63 107     10015    1.55219    1.55474    0.00255452  25       302      
 2114.94 107     10050    1.55219    1.55474    0.00255452  26       302      
 2128.06 108     10109    1.5522     1.55474    0.00254248  25       304      
 2128.38 108     10150    1.5522     1.55474    0.00254248  27       304      
 2142.03 109     10201    1.55221    1.55474    0.00253381  23       306      
 2167.86 110     10295    1.55221    1.55474    0.00252616  25       310      
 2168.02 110     10300    1.55221    1.55474    0.00252616  24       310      
 2174.97 111     10387    1.55222    1.55474    0.00251964  26       311      
 2175.19 111     10400    1.55222    1.55474    0.00251964  26       311      
 2196.03 112     10483    1.55224    1.55474    0.00249821  25       314      
 2196.27 112     10500    1.55224    1.55474    0.00249821  26       314      
 2210.63 113     10575    1.55225    1.55474    0.00248687  24       316      
 2210.89 113     10600    1.55225    1.55474    0.00248687  24       316      
 2224.13 114     10667    1.55226    1.55474    0.00247581  26       318      
 2224.43 114     10700    1.55226    1.55474    0.00247581  26       318      
 2236.49 115     10759    1.55227    1.55474    0.00246686  28       320      
 2236.87 115     10800    1.55227    1.55474    0.00246686  28       320      
 2248.81 116     10851    1.55228    1.55474    0.00245406  25       322      
 2268.59 117     10945    1.55229    1.55474    0.00244331  26       325      
 2268.76 117     10950    1.55229    1.55474    0.00244331  25       325      
 2275.72 118     11037    1.55231    1.55474    0.00243045  26       326      
 2275.93 118     11050    1.55231    1.55474    0.00243045  28       326      
 2295.06 119     11129    1.55232    1.55474    0.00242193  27       329      
 2295.33 119     11150    1.55232    1.55474    0.00242193  30       329      
 2315.39 120     11223    1.55233    1.55474    0.00241146  28       332      
 2315.7  120     11250    1.55233    1.55474    0.00241146  29       332      
 2329.85 121     11315    1.55233    1.55474    0.0024036   25       334      
 2330.2  121     11350    1.55233    1.55474    0.0024036   26       334      
 2337.52 122     11407    1.55234    1.55474    0.00239661  27       335      
 2337.9  122     11450    1.55234    1.55474    0.00239661  27       335      
 2366.22 123     11503    1.55235    1.55474    0.00238686  26       339      
 2385.69 124     11550    1.55235    1.55474    0.00238686  31       342      
 2386.25 124     11600    1.55236    1.55474    0.00237962  29       342      
 2414.51 125     11691    1.55236    1.55474    0.00237278  29       346      
 2414.73 125     11700    1.55236    1.55474    0.00237278  31       346      
 2429.59 126     11785    1.55237    1.55474    0.00236716  29       348      
 2429.84 126     11800    1.55237    1.55474    0.00236716  32       348      
 2437.01 127     11877    1.55238    1.55474    0.00236086  28       349      
 2437.31 127     11900    1.55238    1.55474    0.00236086  31       349      
 2460.43 128     11971    1.55238    1.55474    0.00235315  28       352      
 2460.75 128     12000    1.55238    1.55474    0.00235315  30       352      
 2475.26 129     12065    1.55239    1.55474    0.00234364  25       354      
 2475.6  129     12100    1.55239    1.55474    0.00234364  27       354      
 2489.41 130     12157    1.5524     1.55474    0.00233425  25       356      
 2489.82 130     12200    1.5524     1.55474    0.00233425  28       356      
 2505.31 131     12250    1.55241    1.55473    0.00232469  23       358      
 2513.26 132     12341    1.55242    1.55473    0.00231937  21       359      
 2513.47 132     12350    1.55242    1.55473    0.00231937  23       359      
 2522.07 133     12433    1.55242    1.55473    0.00231423  23       360      
 2522.31 133     12450    1.55242    1.55473    0.00231423  25       360      
 2530.55 134     12525    1.55242    1.55473    0.00231027  26       361      
 2530.85 134     12550    1.55242    1.55473    0.00231027  29       361      
 2554.49 135     12619    1.55243    1.55473    0.00230537  27       364      
 2554.83 135     12650    1.55243    1.55473    0.00230537  27       364      
 2562.97 136     12711    1.55243    1.55473    0.00230091  29       365      
 2563.35 136     12750    1.55243    1.55473    0.00230091  30       365      
 2578.23 137     12803    1.55244    1.55473    0.00229482  26       367      
 2586.43 138     12895    1.55244    1.55473    0.00229122  29       368      
 2586.63 138     12900    1.55244    1.55473    0.00229122  30       368      
 2602.87 139     12987    1.55245    1.55473    0.00228746  30       370      
 2603.11 139     13000    1.55245    1.55473    0.00228746  29       370      
 2625.77 140     13081    1.55245    1.55473    0.00228085  24       373      
 2626.04 140     13100    1.55245    1.55473    0.00228085  25       373      
 2642.14 141     13173    1.55246    1.55473    0.0022754   24       375      
 2642.45 141     13200    1.55246    1.55473    0.0022754   23       375      
 2657.02 142     13265    1.55246    1.55473    0.00227017  26       377      
 2657.38 142     13300    1.55246    1.55473    0.00227017  25       377      
 2673.77 143     13359    1.55247    1.55473    0.00226467  28       379      
 2674.15 143     13400    1.55247    1.55473    0.00226467  27       379      
 2705.78 144     13451    1.55247    1.55473    0.00225568  29       383      
 2713.69 145     13543    1.55248    1.55473    0.0022488   30       384      
 2713.91 145     13550    1.55248    1.55473    0.0022488   30       384      
 2722.81 146     13635    1.55249    1.55473    0.00224338  27       385      
 2723.06 146     13650    1.55249    1.55473    0.00224338  28       385      
 2753.44 147     13729    1.55249    1.55473    0.00223487  29       389      
 2753.73 147     13750    1.55249    1.55473    0.00223487  29       389      
 2762.1  148     13821    1.5525     1.55473    0.00222946  29       390      
 2762.43 148     13850    1.5525     1.55473    0.00222946  27       390      
 2777.69 149     13913    1.5525     1.55473    0.00222676  29       392      
 2778.09 149     13950    1.5525     1.55473    0.00222676  29       392      
 2803.42 150     14007    1.5525     1.55473    0.00222481  31       395      
 2803.87 150     14050    1.5525     1.55473    0.00222481  30       395      
 2822.21 151     14100    1.5525     1.55473    0.00222291  32       397      
 2857.61 152     14193    1.55251    1.55473    0.0022171   34       401      
 2857.84 152     14200    1.55251    1.55473    0.0022171   31       401      
 2874.42 153     14287    1.55252    1.55473    0.00220915  30       403      
 2874.68 153     14300    1.55252    1.55473    0.00220915  28       403      
 2901.13 154     14379    1.55252    1.55473    0.00220327  28       406      
 2901.45 154     14400    1.55252    1.55473    0.00220327  26       406      
 2910.39 155     14471    1.55253    1.55473    0.00219808  28       407      
 2910.75 155     14500    1.55253    1.55473    0.00219808  26       407      
 2936.88 156     14563    1.55253    1.55473    0.002193    27       410      
 2937.29 156     14600    1.55253    1.55473    0.002193    28       410      
 2956.2  157     14655    1.55254    1.55473    0.0021887   29       412      
 2981.65 157     14700    1.55254    1.55473    0.0021887   29       415      
 2990.94 158     14750    1.55254    1.55472    0.00218401  31       416      
 3008.59 159     14841    1.55254    1.55472    0.00217991  34       418      
 3008.85 159     14850    1.55254    1.55472    0.00217991  34       418      
 3034.74 160     14933    1.55255    1.55472    0.00217692  36       421      
 3035.05 160     14950    1.55255    1.55472    0.00217692  37       421      
 3044.59 161     15025    1.55255    1.55472    0.00217492  34       422      
 3044.95 161     15050    1.55255    1.55472    0.00217492  35       422      
 3054.23 162     15117    1.55255    1.55472    0.0021731   34       423      
 3054.64 162     15150    1.55255    1.55472    0.0021731   35       423      
 3072.84 163     15209    1.55255    1.55472    0.00217104  36       425      
 3073.32 163     15250    1.55255    1.55472    0.00217104  36       425      
 3090.42 164     15301    1.55255    1.55472    0.00216997  36       427      
 3108.18 165     15395    1.55255    1.55472    0.00216839  36       429      
 3108.41 165     15400    1.55255    1.55472    0.00216839  36       429      
 3136.46 166     15487    1.55256    1.55472    0.00216636  37       432      
 3136.76 166     15500    1.55256    1.55472    0.00216636  37       432      
 3155.49 167     15579    1.55256    1.55472    0.00216407  35       434      
 3155.83 167     15600    1.55256    1.55472    0.00216407  34       434      
 3164.44 168     15671    1.55256    1.55472    0.00216178  37       435      
 3164.84 168     15700    1.55256    1.55472    0.00216178  37       435      
 3182.19 169     15763    1.55256    1.55472    0.00215963  35       437      
 3182.65 169     15800    1.55256    1.55472    0.00215963  34       437      
 3201.11 170     15855    1.55256    1.55472    0.00215747  37       439      
 3210.44 170     15900    1.55256    1.55472    0.00215747  35       440      
 3211.24 171     15950    1.55257    1.55472    0.00215526  37       440      
 3230.84 172     16039    1.55257    1.55472    0.00215338  38       442      
 3231.12 172     16050    1.55257    1.55472    0.00215338  35       442      
 3259.49 173     16133    1.55257    1.55472    0.00215129  35       445      
 3259.81 173     16150    1.55257    1.55472    0.00215129  35       445      
 3260.69 174     16225    1.55257    1.55472    0.00214869  33       445      
 3261.07 174     16250    1.55257    1.55472    0.00214869  33       445      
 3297.18 175     16319    1.55258    1.55472    0.00214493  35       449      
 3297.58 175     16350    1.55258    1.55472    0.00214493  33       449      
 3315.8  176     16411    1.55258    1.55472    0.00214165  32       451      
 3316.24 176     16450    1.55258    1.55472    0.00214165  33       451      
 3335.55 177     16503    1.55259    1.55472    0.00213654  28       453      
 3355.58 178     16595    1.55259    1.55472    0.00213251  29       455      
 3355.81 178     16600    1.55259    1.55472    0.00213251  29       455      
 3373.76 179     16687    1.55259    1.55472    0.00212966  30       457      
 3374.04 179     16700    1.55259    1.55472    0.00212966  30       457      
 3392.06 180     16779    1.55259    1.55472    0.00212716  33       459      
 3392.39 180     16800    1.55259    1.55472    0.00212716  32       459      
 3410.28 181     16871    1.5526     1.55472    0.0021252   34       461      
 3410.68 181     16900    1.5526     1.55472    0.0021252   33       461      
 3439.12 182     16965    1.5526     1.55472    0.00212159  32       464      
 3439.56 182     17000    1.5526     1.55472    0.00212159  33       464      
 3468.87 183     17059    1.5526     1.55472    0.00211863  34       467      
 3469.35 183     17100    1.5526     1.55472    0.00211863  34       467      
 3488.38 184     17151    1.5526     1.55472    0.0021167   36       469      
 3517.28 185     17245    1.55261    1.55472    0.00211324  35       472      
 3517.5  185     17250    1.55261    1.55472    0.00211324  36       472      
 3537.68 186     17337    1.55261    1.55472    0.00210762  34       474      
 3537.98 186     17350    1.55261    1.55472    0.00210762  35       474      
 3556.21 187     17429    1.55262    1.55472    0.00210083  30       476      
 3556.53 187     17450    1.55262    1.55472    0.00210083  30       476      
 3613.2  188     17525    1.55262    1.55472    0.00209549  35       482      
 3613.58 188     17550    1.55262    1.55472    0.00209549  36       482      
 3633.24 189     17617    1.55263    1.55472    0.00208812  30       484      
 3633.68 189     17650    1.55263    1.55472    0.00208812  33       484      
 3654.53 190     17709    1.55263    1.55472    0.00208434  29       486      
 3655    190     17750    1.55263    1.55472    0.00208434  31       486      
 3695.32 191     17803    1.55264    1.55472    0.00208008  32       490      
 3726.97 192     17895    1.55264    1.55472    0.00207663  36       493      
 3727.23 192     17900    1.55264    1.55472    0.00207663  37       493      
 3738.13 193     17987    1.55264    1.55472    0.00207232  34       494      
 3738.44 193     18000    1.55264    1.55472    0.00207232  35       494      
 3760.64 194     18079    1.55265    1.55472    0.00206837  34       496      
 3761.02 194     18100    1.55265    1.55472    0.00206837  36       496      
 3783.07 195     18171    1.55265    1.55472    0.00206503  36       498      
 3783.52 195     18200    1.55265    1.55472    0.00206503  35       498      
 3803.57 196     18265    1.55265    1.55472    0.00206123  37       500      
 3804.07 196     18300    1.55265    1.55472    0.00206123  36       500      
 3825.4  197     18357    1.55266    1.55472    0.00205855  38       502      
 3825.96 197     18400    1.55266    1.55472    0.00205855  39       502      
 3837.65 198     18450    1.55266    1.55472    0.00205655  37       503      
 3858.92 199     18541    1.55266    1.55472    0.00205478  36       505      
 3859.21 199     18550    1.55266    1.55472    0.00205478  37       505      
 3870.36 200     18633    1.55266    1.55472    0.00205172  38       506      
 3870.72 200     18650    1.55266    1.55472    0.00205172  38       506      
 3892.04 201     18727    1.55267    1.55472    0.00204848  35       508      
 3892.44 201     18750    1.55267    1.55472    0.00204848  35       508      
 3914.32 202     18819    1.55267    1.55472    0.00204643  35       510      
 3914.8  202     18850    1.55267    1.55472    0.00204643  36       510      
 3936.49 203     18911    1.55267    1.55472    0.00204423  34       512      
 3937.02 203     18950    1.55267    1.55472    0.00204423  34       512      
 3948.55 204     19003    1.55267    1.55472    0.00204192  33       513      
 3969.17 205     19095    1.55268    1.55472    0.00204029  35       515      
 3969.48 205     19100    1.55268    1.55472    0.00204029  35       515      
 3991.45 206     19187    1.55268    1.55472    0.00203966  38       517      
 3991.8  206     19200    1.55268    1.55472    0.00203966  38       517      
 4015.08 207     19279    1.55268    1.55471    0.00203753  44       519      
 4015.49 207     19300    1.55268    1.55471    0.00203753  44       519      
 4027.4  208     19371    1.55268    1.55471    0.0020368   46       520      
 4027.89 208     19400    1.55268    1.55471    0.0020368   46       520      
 4063.57 209     19465    1.55268    1.55471    0.0020357   43       523      
 4064.09 209     19500    1.55268    1.55471    0.0020357   43       523      
 4086.38 210     19557    1.55268    1.55471    0.00203347  41       525      
 4086.98 210     19600    1.55268    1.55471    0.00203347  42       525      
 4107.06 211     19651    1.55269    1.55471    0.00202929  35       527      
 4140.5  212     19743    1.55269    1.55471    0.00202598  35       530      
 4140.84 212     19750    1.55269    1.55471    0.00202598  34       530      
 4152.37 213     19835    1.55269    1.55471    0.00202284  37       531      
 4152.72 213     19850    1.55269    1.55471    0.00202284  37       531      
 4175.48 214     19927    1.55269    1.55471    0.00202028  40       533      
 4175.89 214     19950    1.55269    1.55471    0.00202028  40       533      
 4199.49 215     20019    1.5527     1.55471    0.00201799  38       535      
 4200.01 215     20050    1.5527     1.55471    0.00201799  39       535      
 4210.99 216     20111    1.5527     1.55471    0.0020155   38       536      
 4211.51 216     20150    1.5527     1.55471    0.0020155   38       536      
 4212.32 217     20203    1.5527     1.55471    0.00201126  36       536      
 4224.26 218     20295    1.5527     1.55471    0.00200825  37       537      
 4224.54 218     20300    1.5527     1.55471    0.00200825  37       537      
 4237.12 219     20387    1.55271    1.55471    0.00200575  37       538      
 4237.46 219     20400    1.55271    1.55471    0.00200575  37       538      
 4238.39 220     20479    1.55271    1.55471    0.00200299  40       538      
 4238.79 220     20500    1.55271    1.55471    0.00200299  40       538      
 4273.29 221     20573    1.55271    1.55471    0.00200102  38       541      
 4273.74 221     20600    1.55271    1.55471    0.00200102  38       541      
 4298.18 222     20665    1.55271    1.55471    0.00199902  39       543      
 4298.7  222     20700    1.55271    1.55471    0.00199902  40       543      
 4310.15 223     20757    1.55272    1.55471    0.00199655  36       544      
 4310.7  223     20800    1.55272    1.55471    0.00199655  35       544      
 4323.13 224     20850    1.55272    1.55471    0.00199456  38       545      
 4369.62 225     20943    1.55272    1.55471    0.00199021  37       549      
 4369.91 225     20950    1.55272    1.55471    0.00199021  37       549      
 4382.97 226     21035    1.55272    1.55471    0.00198665  37       550      
 4383.34 226     21050    1.55272    1.55471    0.00198665  37       550      
 4408.7  227     21127    1.55273    1.55471    0.00198286  40       552      
 4409.14 227     21150    1.55273    1.55471    0.00198286  40       552      
 4444.6  228     21221    1.55273    1.55471    0.00198127  40       555      
 4445.1  228     21250    1.55273    1.55471    0.00198127  40       555      
 4469.47 229     21313    1.55273    1.55471    0.001979    41       557      
 4470.06 229     21350    1.55273    1.55471    0.001979    41       557      
 4496.54 230     21405    1.55273    1.55471    0.0019767   43       559      
 4522.25 230     21450    1.55273    1.55471    0.0019767   43       561      
 4523.4  231     21500    1.55274    1.55471    0.00197419  43       561      
 4573.9  232     21589    1.55274    1.55471    0.00197205  40       565      
 4574.23 232     21600    1.55274    1.55471    0.00197205  40       565      
 4597.74 233     21681    1.55274    1.55471    0.00197044  44       567      
 4598.18 233     21700    1.55274    1.55471    0.00197044  44       567      
 4624.86 234     21773    1.55274    1.55471    0.00196815  44       569      
 4625.35 234     21800    1.55274    1.55471    0.00196815  44       569      
 4639.83 235     21865    1.55274    1.55471    0.00196625  45       570      
 4640.46 235     21900    1.55274    1.55471    0.00196625  45       570      
 4677.02 236     21959    1.55275    1.55471    0.00196448  44       573      
 4677.62 236     22000    1.55275    1.55471    0.00196448  44       573      
 4691.62 237     22051    1.55275    1.55471    0.0019636   47       574      
 4718.94 238     22143    1.55275    1.55471    0.00196313  45       576      
 4719.27 238     22150    1.55275    1.55471    0.00196313  45       576      
 4766.54 239     22237    1.55275    1.55471    0.00196098  46       580      
 4766.9  239     22250    1.55275    1.55471    0.00196098  46       580      
 4779.73 240     22329    1.55275    1.55471    0.00195894  45       581      
 4780.17 240     22350    1.55275    1.55471    0.00195894  45       581      
 4792.88 241     22421    1.55275    1.55471    0.00195687  44       582      
 4793.39 241     22450    1.55275    1.55471    0.00195687  44       582      
 4838.44 242     22515    1.55275    1.55471    0.00195543  45       586      
 4839    242     22550    1.55275    1.55471    0.00195543  45       586      
 4864.8  243     22607    1.55275    1.55471    0.00195386  45       588      
 4889.23 243     22650    1.55275    1.55471    0.00195386  43       590      
 4912.09 244     22700    1.55275    1.55471    0.00195138  44       592      
 4949.67 245     22791    1.55276    1.55471    0.00194974  44       595      
 4950.02 245     22800    1.55276    1.55471    0.00194974  44       595      
 4997.39 246     22883    1.55276    1.55471    0.00194745  41       599      
 4997.79 246     22900    1.55276    1.55471    0.00194745  42       599      
 5046.06 247     22977    1.55276    1.55471    0.0019434   41       603      
 5046.52 247     23000    1.55276    1.55471    0.0019434   41       603      
 5099.78 248     23069    1.55276    1.5547     0.00194105  40       607      
 5100.31 248     23100    1.55276    1.5547     0.00194105  40       607      
 5135.96 249     23161    1.55276    1.5547     0.00194064  42       610      
 5136.58 249     23200    1.55276    1.5547     0.00194064  42       610      
 5170.12 250     23253    1.55277    1.5547     0.00193944  42       613      
 5221.35 251     23345    1.55277    1.5547     0.00193837  43       617      
 5221.68 251     23350    1.55277    1.5547     0.00193837  44       617      
 5236.14 252     23437    1.55277    1.5547     0.00193508  42       618      
 5236.57 252     23450    1.55277    1.5547     0.00193508  42       618      
 5274.99 253     23531    1.55277    1.5547     0.00193215  46       621      
 5275.45 253     23550    1.55277    1.5547     0.00193215  46       621      
 5303.32 254     23623    1.55277    1.5547     0.00193101  47       623      
 5303.84 254     23650    1.55277    1.5547     0.00193101  47       623      
 5344.41 255     23715    1.55278    1.5547     0.00192923  47       626      
 5345.1  255     23750    1.55278    1.5547     0.00192923  47       626      
 5398.19 256     23809    1.55278    1.5547     0.00192776  47       630      
 5398.89 256     23850    1.55278    1.5547     0.00192776  47       630      
 5425.67 257     23901    1.55278    1.5547     0.001925    48       632      
 5481.18 258     23995    1.55278    1.5547     0.00192364  49       636      
 5481.5  258     24000    1.55278    1.5547     0.00192364  49       636      
 5520.91 259     24087    1.55278    1.5547     0.00192209  46       639      
 5521.31 259     24100    1.55278    1.5547     0.00192209  46       639      
 5536.11 260     24179    1.55278    1.5547     0.00192006  41       640      
 5536.59 260     24200    1.55278    1.5547     0.00192006  42       640      
 5564.89 261     24271    1.55279    1.5547     0.00191812  41       642      
 5565.46 261     24300    1.55279    1.5547     0.00191812  41       642      
 5609.95 262     24363    1.55279    1.5547     0.00191691  41       645      
 5610.64 262     24400    1.55279    1.5547     0.00191691  41       645      
 5659.21 263     24455    1.55279    1.5547     0.00191449  38       648      
 5726.33 263     24500    1.55279    1.5547     0.00191449  40       652      
 5744.89 264     24550    1.55279    1.5547     0.00191368  42       653      
 5778.13 265     24641    1.55279    1.5547     0.00191183  42       655      
 5778.52 265     24650    1.55279    1.5547     0.00191183  42       655      
 5828.72 266     24733    1.55279    1.5547     0.00191123  45       658      
 5829.21 266     24750    1.55279    1.5547     0.00191123  45       658      
 5885.56 267     24827    1.55279    1.5547     0.00190939  47       661      
 5886.11 267     24850    1.55279    1.5547     0.00190939  47       661      
 5937.53 268     24919    1.55279    1.5547     0.00190847  44       664      
 5938.18 268     24950    1.55279    1.5547     0.00190847  44       664      
 5970.08 269     25011    1.5528     1.5547     0.00190764  44       666      
 5970.84 269     25050    1.5528     1.5547     0.00190764  44       666      
 6002.77 270     25103    1.5528     1.5547     0.00190726  45       668      
 6057.54 271     25195    1.5528     1.5547     0.00190643  44       671      
 6057.97 271     25200    1.5528     1.5547     0.00190643  45       671      
 6113.59 272     25287    1.5528     1.5547     0.00190321  42       674      
 6114.1  272     25300    1.5528     1.5547     0.00190321  42       674      
 6131.6  273     25379    1.5528     1.5547     0.00190086  40       675      
 6132.11 273     25400    1.5528     1.5547     0.00190086  41       675      
 6152.24 274     25471    1.5528     1.5547     0.00189843  42       676      
 6152.91 274     25500    1.5528     1.5547     0.00189843  42       676      
 6202.65 275     25563    1.5528     1.5547     0.00189664  45       679      
 6203.36 275     25600    1.5528     1.5547     0.00189664  45       679      
 6279.65 276     25657    1.55281    1.5547     0.0018936   45       684      
 6299.59 276     25700    1.55281    1.5547     0.0018936   45       685      
 6335.8  277     25750    1.55281    1.5547     0.00189208  46       687      
 6351.09 278     25841    1.55281    1.5547     0.00189068  46       688      
 6351.5  278     25850    1.55281    1.5547     0.00189068  46       688      
 6385.83 279     25933    1.55281    1.5547     0.00188988  46       690      
 6386.35 279     25950    1.55281    1.5547     0.00188988  46       690      
 6420.54 280     26025    1.55281    1.5547     0.00188968  45       692      
 6421.13 280     26050    1.55281    1.5547     0.00188968  45       692      
 6489.71 281     26117    1.55281    1.5547     0.00188826  44       696      
 6490.36 281     26150    1.55281    1.5547     0.00188826  44       696      
 6539.41 282     26211    1.55281    1.5547     0.00188791  44       699      
 6540.24 282     26250    1.55281    1.5547     0.00188791  44       699      
 6588.12 283     26303    1.55281    1.5547     0.00188506  43       702      
 6634.23 284     26395    1.55281    1.5547     0.00188426  43       705      
 6634.6  284     26400    1.55281    1.5547     0.00188426  43       705      
 6683.54 285     26487    1.55282    1.5547     0.00188246  44       708      
 6684.01 285     26500    1.55282    1.5547     0.00188246  44       708      
 6731.65 286     26579    1.55282    1.5547     0.0018812   44       711      
 6732.25 286     26600    1.55282    1.5547     0.0018812   44       711      
 6748.87 287     26671    1.55282    1.5547     0.00188008  45       712      
 6749.55 287     26700    1.55282    1.5547     0.00188008  45       712      
 6800.09 288     26763    1.55282    1.5547     0.00187847  47       715      
 6800.87 288     26800    1.55282    1.5547     0.00187847  47       715      
 6832.83 289     26855    1.55282    1.5547     0.00187722  48       717      
 6877    289     26900    1.55282    1.5547     0.00187722  48       720      
 6878.73 290     26950    1.55282    1.5547     0.0018758   47       720      
 6910.85 291     27039    1.55282    1.5547     0.00187432  43       722      
 6911.33 291     27050    1.55282    1.5547     0.00187432  43       722      
 6958.06 292     27133    1.55282    1.5547     0.00187367  48       725      
 6958.59 292     27150    1.55282    1.5547     0.00187367  48       725      
 6990.53 293     27225    1.55282    1.5547     0.00187288  48       727      
 6991.13 293     27250    1.55282    1.5547     0.00187288  48       727      
 7037.81 294     27317    1.55282    1.5547     0.001872    46       730      
 7038.52 294     27350    1.55282    1.5547     0.001872    46       730      
 7050.38 295     27409    1.55282    1.5547     0.00187124  46       731      
 7051.2  295     27450    1.55282    1.5547     0.00187124  46       731      
 7101.62 296     27501    1.55283    1.5547     0.0018708   46       734      
 7148.18 297     27593    1.55283    1.5547     0.0018689   44       737      
 7148.58 297     27600    1.55283    1.5547     0.0018689   44       737      
 7181.64 298     27685    1.55283    1.5547     0.00186787  41       739      
 7182.14 298     27700    1.55283    1.5547     0.00186787  41       739      
 7211.99 299     27777    1.55283    1.5547     0.001867    40       741      
 7212.58 299     27800    1.55283    1.5547     0.001867    40       741      
 7230.76 300     27869    1.55283    1.5547     0.0018656   41       742      
 7231.44 300     27900    1.55283    1.5547     0.0018656   41       742      
 7280.57 301     27963    1.55283    1.5547     0.0018641   43       745      
 7281.31 301     28000    1.55283    1.5547     0.0018641   43       745      
 7282.56 302     28055    1.55283    1.5547     0.00186344  42       745      
 7313.96 302     28100    1.55283    1.5547     0.00186344  44       747      
 7315.68 303     28150    1.55283    1.5547     0.00186283  41       747      
 7350.56 304     28239    1.55283    1.5547     0.00186204  44       749      
 7351.02 304     28250    1.55283    1.5547     0.00186204  44       749      
 7382.53 305     28331    1.55283    1.5547     0.0018613   45       751      
 7383.08 305     28350    1.55283    1.5547     0.0018613   45       751      
 7414.51 306     28423    1.55284    1.5547     0.00186098  46       753      
 7415.2  306     28450    1.55284    1.5547     0.00186098  46       753      
 7448.77 307     28515    1.55284    1.5547     0.00186037  44       755      
 7449.52 307     28550    1.55284    1.5547     0.00186037  44       755      
 7482.54 308     28609    1.55284    1.5547     0.00185939  42       757      
 7483.33 308     28650    1.55284    1.5547     0.00185939  42       757      
 7539.44 309     28701    1.55284    1.5547     0.00185835  46       760      
 7587.03 310     28793    1.55284    1.5547     0.00185755  46       763      
 7587.47 310     28800    1.55284    1.5547     0.00185755  46       763      
 7621.71 311     28885    1.55284    1.55469    0.00185648  45       765      
 7622.26 311     28900    1.55284    1.55469    0.00185648  45       765      
 7670.31 312     28977    1.55284    1.55469    0.00185458  43       768      
 7670.93 312     29000    1.55284    1.55469    0.00185458  43       768      
 7702.71 313     29069    1.55284    1.55469    0.00185348  43       770      
 7703.43 313     29100    1.55284    1.55469    0.00185348  43       770      
 7757.89 314     29161    1.55284    1.55469    0.00185195  41       773      
 7758.67 314     29200    1.55284    1.55469    0.00185195  41       773      
 7791.6  315     29255    1.55284    1.55469    0.00185147  43       775      
 7840.93 315     29300    1.55284    1.55469    0.00185147  44       778      
 7842.8  316     29350    1.55284    1.55469    0.0018499   44       778      
 7878.48 317     29439    1.55284    1.55469    0.0018496   46       780      
 7878.97 317     29450    1.55284    1.55469    0.0018496   46       780      
 7931.02 318     29533    1.55285    1.55469    0.00184827  45       783      
 7931.56 318     29550    1.55285    1.55469    0.00184827  45       783      
 7953.12 319     29625    1.55285    1.55469    0.00184805  48       784      
 7953.78 319     29650    1.55285    1.55469    0.00184805  48       784      
 8002.77 320     29717    1.55285    1.55469    0.00184639  47       787      
 8003.51 320     29750    1.55285    1.55469    0.00184639  47       787      
 8038.26 321     29809    1.55285    1.55469    0.00184488  46       789      
 8039.14 321     29850    1.55285    1.55469    0.00184488  46       789      
 8073.17 322     29901    1.55285    1.55469    0.00184448  47       791      
 8111.56 323     29993    1.55285    1.55469    0.00184333  51       793      
 8112.04 323     30000    1.55285    1.55469    0.00184333  51       793      
 8148.1  324     30085    1.55285    1.55469    0.00184292  49       795      
 8148.68 324     30100    1.55285    1.55469    0.00184292  49       795      
 8182.3  325     30177    1.55285    1.55469    0.00184256  50       797      
 8183.06 325     30200    1.55285    1.55469    0.00184256  50       797      
 8224.94 326     30269    1.55285    1.55469    0.00184128  49       799      
 8225.73 326     30300    1.55285    1.55469    0.00184128  49       799      
 8268.62 327     30361    1.55285    1.55469    0.00184002  51       801      
 8269.52 327     30400    1.55285    1.55469    0.00184002  51       801      
 8326.51 328     30455    1.55285    1.55469    0.0018388   52       804      
 8385.98 328     30500    1.55285    1.55469    0.0018388   52       807      
 8388.22 329     30550    1.55285    1.55469    0.00183838  54       807      
 8430.97 330     30639    1.55285    1.55469    0.00183756  54       809      
 8431.5  330     30650    1.55285    1.55469    0.00183756  54       809      
 8470.27 331     30731    1.55286    1.55469    0.00183708  55       811      
 8470.93 331     30750    1.55286    1.55469    0.00183708  55       811      
 8509.71 332     30823    1.55286    1.55469    0.00183688  52       813      
 8510.47 332     30850    1.55286    1.55469    0.00183688  52       813      
 8577.62 333     30917    1.55286    1.55469    0.00183584  49       816      
 8578.47 333     30950    1.55286    1.55469    0.00183584  49       816      
 8639.94 334     31009    1.55286    1.55469    0.00183529  51       819      
 8640.89 334     31050    1.55286    1.55469    0.00183529  51       819      
 8700.12 335     31101    1.55286    1.55469    0.00183456  50       822      
 8739.51 336     31193    1.55286    1.55469    0.00183394  50       824      
 8739.99 336     31200    1.55286    1.55469    0.00183394  50       824      
 8783.67 337     31285    1.55286    1.55469    0.00183364  52       826      
 8784.3  337     31300    1.55286    1.55469    0.00183364  52       826      
 8837.95 338     31377    1.55286    1.55469    0.00183268  53       828      
 8838.68 338     31400    1.55286    1.55469    0.00183268  53       828      
 8886.7  339     31469    1.55286    1.55469    0.00183235  52       830      
 8887.57 339     31500    1.55286    1.55469    0.00183235  52       830      
 8928.17 340     31561    1.55286    1.55469    0.00183151  53       832      
 8929.16 340     31600    1.55286    1.55469    0.00183151  53       832      
 8975.24 341     31653    1.55286    1.55469    0.00183107  52       834      
 9017.59 342     31745    1.55286    1.55469    0.00183048  52       836      
 9018.06 342     31750    1.55286    1.55469    0.00183048  52       836      
 9065.37 343     31837    1.55286    1.55469    0.00182988  51       838      
 9065.96 343     31850    1.55286    1.55469    0.00182988  51       838      
 9107.77 344     31929    1.55286    1.55469    0.00182903  53       840      
 9108.47 344     31950    1.55286    1.55469    0.00182903  53       840      
 9130.93 345     32021    1.55286    1.55469    0.00182874  56       841      
 9131.8  345     32050    1.55286    1.55469    0.00182874  56       841      
 9201.44 346     32113    1.55286    1.55469    0.00182772  59       844      
 9202.43 346     32150    1.55286    1.55469    0.00182772  59       844      
 9246.69 347     32205    1.55286    1.55469    0.00182722  60       846      
 9270.4  347     32250    1.55286    1.55469    0.00182722  60       847      
 9272.88 348     32300    1.55286    1.55469    0.00182642  59       847      
 9299.53 349     32389    1.55286    1.55469    0.00182623  57       848      
 9300.16 349     32400    1.55286    1.55469    0.00182623  57       848      
 9351.51 350     32481    1.55286    1.55469    0.00182583  63       850      
 9352.24 350     32500    1.55286    1.55469    0.00182583  63       850      
 9378.29 351     32573    1.55286    1.55469    0.00182529  59       851      
 9379.16 351     32600    1.55286    1.55469    0.00182529  59       851      
 9424.48 352     32665    1.55286    1.55469    0.001825    60       853      
 9425.44 352     32700    1.55286    1.55469    0.001825    60       853      
 9478.2  353     32757    1.55287    1.55469    0.00182425  58       855      
 9479.27 353     32800    1.55287    1.55469    0.00182425  58       855      
 9526.38 354     32850    1.55287    1.55469    0.00182413  58       857      
 9570.83 355     32941    1.55287    1.55469    0.00182366  58       859      
 9571.45 355     32950    1.55287    1.55469    0.00182366  58       859      
 9638.15 356     33033    1.55287    1.55469    0.0018223   57       862      
 9638.84 356     33050    1.55287    1.55469    0.0018223   57       862      
 9682.6  357     33125    1.55287    1.55469    0.00182181  61       864      
 9683.42 357     33150    1.55287    1.55469    0.00182181  61       864      
 9732.06 358     33217    1.55287    1.55469    0.00182131  58       866      
 9733.01 358     33250    1.55287    1.55469    0.00182131  58       866      
 9782.94 359     33309    1.55287    1.55469    0.00182074  54       868      
 9784.04 359     33350    1.55287    1.55469    0.00182074  54       868      
 9829.5  360     33401    1.55287    1.55469    0.00182005  56       870      
 9873.06 361     33493    1.55287    1.55469    0.0018198   57       872      
 9873.61 361     33500    1.55287    1.55469    0.0018198   57       872      
 9920.25 362     33585    1.55287    1.55469    0.00181943  55       874      
 9920.9  362     33600    1.55287    1.55469    0.00181943  55       874      
 9961.93 363     33677    1.55287    1.55469    0.0018189   57       876      
 9962.72 363     33700    1.55287    1.55469    0.0018189   57       876      
 10036.3 364     33769    1.55287    1.55469    0.00181869  59       879      
-------------------------------------------------------------------------------

SARSOP finishing ...
  Preset timeout reached
  Timeout     : 10000.000000s
  Actual Time : 10036.260000s

-------------------------------------------------------------------------------
 Time   |#Trial |#Backup |LBound    |UBound    |Precision  |#Alphas |#Beliefs  
-------------------------------------------------------------------------------
 10036.3 364     33769    1.55287    1.55469    0.00181869  59       879      
-------------------------------------------------------------------------------

Writing out policy ...
  output file : ram_pomdp_soln/3e74a4a4bf7.policyx

