
Loading the model ...
  input file   : /home/rstudio/projects/pomdp-ram/notebook/ram_pomdp_soln/3e759c2d0d7.pomdpx
  loading time : 7.43s 

SARSOP initializing ...
  initialization time : 1814.80s

-------------------------------------------------------------------------------
 Time   |#Trial |#Backup |LBound    |UBound    |Precision  |#Alphas |#Beliefs  
-------------------------------------------------------------------------------
 1814.8  0       0        1.76391    3.21286    1.44894     120      1        
 1816.21 1       55       2.03607    2.44331    0.407237    40       12       
 1820.52 2       111      2.09509    2.44328    0.348188    38       29       
 1821.19 3       165      2.15356    2.44328    0.289723    39       31       
 1823.22 4       217      2.18218    2.44327    0.261094    14       38       
 1824.23 5       267      2.22562    2.44327    0.21765     10       41       
 1827.9  6       313      2.23494    2.44325    0.208309    12       50       
 1837.23 7       355      2.2691     2.44324    0.174136    12       66       
 1843.06 8       400      2.28652    2.44323    0.156715    7        72       
 1870.06 9       450      2.31859    2.44322    0.12463     12       94       
 1880.25 11      519      2.34686    2.44322    0.0963578   11       100      
 1911.45 12      559      2.36559    2.4432     0.0776096   11       116      
 1945.59 13      600      2.37572    2.44319    0.0674635   11       132      
 1989.09 14      650      2.38978    2.44318    0.053401    10       149      
 2056.96 16      719      2.40029    2.44317    0.0428858   10       171      
 2124.54 17      759      2.40741    2.44317    0.0357554   12       190      
 2196.13 18      800      2.41126    2.44317    0.0319121   12       208      
 2249.49 19      850      2.41299    2.44317    0.0301815   14       222      
 2359.4  21      919      2.42045    2.44316    0.0227054   12       247      
 2445.06 22      959      2.42353    2.44316    0.0196252   13       266      
 2475.61 23      1001     2.42494    2.44315    0.0182181   13       271      
 2593.31 24      1050     2.42582    2.44314    0.0173264   14       293      
 2737.11 26      1119     2.42939    2.44314    0.013751    13       318      
 2768.78 27      1159     2.42999    2.44314    0.0131543   16       323      
 2828.45 28      1200     2.43147    2.44314    0.0116669   13       333      
 2990.26 29      1250     2.43232    2.44313    0.0108195   16       357      
 3134.72 31      1311     2.434      2.44313    0.00912732  17       378      
 3250.66 32      1350     2.43455    2.44312    0.00857605  17       395      
 3332.21 33      1400     2.43491    2.44312    0.00821646  19       406      
 3460.37 35      1465     2.43602    2.44312    0.00710193  17       423      
 3585.4  36      1503     2.43634    2.44312    0.00678069  18       439      
 3686.04 37      1550     2.43701    2.44312    0.00611146  17       452      
 3816.67 39      1613     2.43763    2.44312    0.00548085  18       468      
 3906.79 41      1650     2.43788    2.44312    0.00523838  19       480      
 3967.43 42      1700     2.43804    2.44294    0.00489805  23       489      
 4124.05 44      1765     2.43831    2.44287    0.00455873  25       508      
 4196.46 45      1801     2.43881    2.44287    0.00405946  22       516      
 4371.05 46      1850     2.43895    2.44287    0.00391135  21       536      
 4562.66 48      1915     2.43932    2.44286    0.003545    23       556      
 4629.66 50      1957     2.43943    2.44275    0.00332052  25       564      
 4701.41 51      2000     2.43951    2.44275    0.00323786  26       572      
 4951.87 52      2050     2.4397     2.44275    0.0030414   22       597      
 5066.72 54      2107     2.43987    2.44274    0.0028763   21       608      
 5224.4  55      2150     2.43994    2.4427     0.00276026  26       623      
 5486.71 57      2200     2.44021    2.4427     0.00248873  25       648      
 5631.09 58      2257     2.44038    2.44269    0.00231696  25       661      
 5854.8  60      2300     2.44046    2.44265    0.00218922  24       681      
 6116.37 61      2350     2.44052    2.44265    0.00213688  23       703      
 6305    63      2409     2.44064    2.44265    0.00201123  23       719      
 6511.96 64      2450     2.44068    2.44265    0.00196961  23       736      
 6835.71 65      2500     2.44073    2.44264    0.00190917  26       763      
 7047.83 67      2557     2.44094    2.44261    0.0016735   27       779      
 7229.9  68      2600     2.44098    2.44261    0.0016337   25       793      
 7605.36 69      2650     2.44101    2.44261    0.00159691  24       820      
 7787.04 71      2707     2.4411     2.4426     0.00150751  25       835      
 8005.98 73      2750     2.44112    2.44258    0.00146102  25       851      
 8343.85 74      2800     2.44114    2.44258    0.00143777  24       876      
 8618.85 76      2861     2.44119    2.44257    0.00137971  25       894      
 8868.19 77      2900     2.44122    2.44257    0.00134947  25       910      
 9272.85 78      2950     2.44124    2.44257    0.00133136  26       936      
 9505.22 80      3007     2.44127    2.44257    0.00130155  24       952      
 9822.28 81      3050     2.44128    2.44255    0.00126907  25       972      
 10143.6 83      3117     2.44132    2.44255    0.00122918  26       992      
-------------------------------------------------------------------------------

SARSOP finishing ...
  Preset timeout reached
  Timeout     : 10000.000000s
  Actual Time : 10143.620000s

-------------------------------------------------------------------------------
 Time   |#Trial |#Backup |LBound    |UBound    |Precision  |#Alphas |#Beliefs  
-------------------------------------------------------------------------------
 10143.6 83      3117     2.44132    2.44255    0.00122918  26       992      
-------------------------------------------------------------------------------

Writing out policy ...
  output file : ram_pomdp_soln/3e759c2d0d7.policyx

