
Loading the model ...
  input file   : /home/rstudio/projects/pomdp-ram/notebook/ram_pomdp_soln/3e77fc83441.pomdpx
  loading time : 7.39s 

SARSOP initializing ...
  initialization time : 583.51s

-------------------------------------------------------------------------------
 Time   |#Trial |#Backup |LBound    |UBound    |Precision  |#Alphas |#Beliefs  
-------------------------------------------------------------------------------
 583.51  0       0        1.45696    2.40547    0.948517    120      1        
 584.86  1       61       1.73582    1.87745    0.141634    50       15       
 585.04  1       100      1.73582    1.87745    0.141634    67       16       
 585.4   2       150      1.74823    1.87745    0.129224    55       17       
 586.01  3       227      1.7587     1.87745    0.118748    51       19       
 586.08  3       250      1.7587     1.87745    0.118748    60       19       
 587.08  4       311      1.77075    1.87744    0.106697    49       23       
 587.3   4       350      1.77075    1.87744    0.106697    59       24       
 587.9   5       400      1.77936    1.87743    0.0980709   57       26       
 588.76  6       479      1.78725    1.87741    0.0901629   73       29       
 588.86  6       500      1.78725    1.87741    0.0901629   88       29       
 589.82  7       563      1.79331    1.87738    0.0840633   46       32       
 589.94  7       600      1.79331    1.87738    0.0840633   26       32       
 590.83  8       650      1.79856    1.87735    0.0787878   19       34       
 591.47  9       731      1.80304    1.87733    0.0742894   16       36       
 591.51  9       750      1.80304    1.87733    0.0742894   16       36       
 592.52  10      815      1.80586    1.87728    0.0714221   12       39       
 592.6   10      850      1.80586    1.87728    0.0714221   13       39       
 594.06  11      900      1.80876    1.87724    0.0684784   13       42       
 595     12      983      1.81158    1.87723    0.0656518   13       44       
 595.05  12      1000     1.81158    1.87723    0.0656518   14       44       
 596.5   13      1067     1.81351    1.87723    0.0637168   11       46       
 596.58  13      1100     1.81351    1.87723    0.0637168   12       46       
 597.98  14      1151     1.817      1.87722    0.0602151   11       48       
 598.84  15      1235     1.8182     1.8772     0.0589981   17       49       
 598.89  15      1250     1.8182     1.8772     0.0589981   14       49       
 599.71  16      1321     1.82128    1.87719    0.055905    11       51       
 599.78  16      1350     1.82128    1.87719    0.055905    12       51       
 601.26  17      1405     1.82293    1.87718    0.0542431   15       53       
 602.79  18      1489     1.82442    1.87717    0.0527452   11       56       
 602.83  18      1500     1.82442    1.87717    0.0527452   12       56       
 605.8   19      1573     1.82639    1.87716    0.0507694   14       58       
 605.88  19      1600     1.82639    1.87716    0.0507694   15       58       
 607.31  20      1657     1.82846    1.87715    0.0486963   14       60       
 611.28  21      1741     1.8306     1.87715    0.0465427   18       62       
 611.34  21      1750     1.8306     1.87715    0.0465427   16       62       
 614.26  22      1825     1.83154    1.87714    0.0456053   16       64       
 614.35  22      1850     1.83154    1.87714    0.0456053   14       64       
 616.52  23      1911     1.8331     1.87714    0.0440325   19       67       
 616.67  23      1950     1.8331     1.87714    0.0440325   20       67       
 620.26  24      2000     1.8349     1.87712    0.0422272   15       69       
 622.04  25      2079     1.83583    1.87712    0.041283    14       71       
 622.11  25      2100     1.83583    1.87712    0.041283    15       71       
 625.25  26      2163     1.83638    1.87711    0.0407295   19       73       
 625.36  26      2200     1.83638    1.87711    0.0407295   19       73       
 627.93  27      2250     1.83753    1.8771     0.0395696   12       75       
 631.44  28      2331     1.83851    1.87709    0.0385818   14       77       
 631.52  28      2350     1.83851    1.87709    0.0385818   14       77       
 633.2   29      2415     1.83901    1.87708    0.0380629   15       78       
 633.31  29      2450     1.83901    1.87708    0.0380629   16       78       
 636.9   30      2501     1.84034    1.87707    0.0367315   12       80       
 642.6   31      2585     1.8415     1.87707    0.0355683   17       82       
 642.67  31      2600     1.8415     1.87707    0.0355683   17       82       
 645.09  32      2669     1.84197    1.87707    0.035096    17       84       
 645.2   32      2700     1.84197    1.87707    0.035096    17       84       
 648.87  33      2753     1.84309    1.87706    0.0339682   14       88       
 652.16  34      2837     1.84354    1.87705    0.033509    15       90       
 652.23  34      2850     1.84354    1.87705    0.033509    18       90       
 656.03  35      2921     1.84425    1.87704    0.0327884   14       92       
 656.14  35      2950     1.84425    1.87704    0.0327884   14       92       
 658.97  36      3005     1.84488    1.87703    0.0321503   16       94       
 664.59  37      3089     1.84541    1.87702    0.0316159   16       96       
 664.67  37      3100     1.84541    1.87702    0.0316159   13       96       
 668.07  38      3173     1.84577    1.87701    0.0312482   19       98       
 668.19  38      3200     1.84577    1.87701    0.0312482   19       98       
 673.34  39      3257     1.8462     1.87701    0.0308057   15       100      
 675.61  40      3341     1.84647    1.877      0.0305309   17       102      
 675.67  40      3350     1.84647    1.877      0.0305309   17       102      
 680.95  41      3425     1.8469     1.877      0.0300948   14       104      
 681.05  41      3450     1.8469     1.877      0.0300948   14       104      
 686.98  42      3509     1.8471     1.87699    0.0298938   18       106      
 694.11  42      3550     1.8471     1.87699    0.0298938   17       109      
 694.43  43      3600     1.84737    1.87699    0.029614    20       109      
 695.75  44      3677     1.84761    1.87699    0.0293705   18       110      
 695.85  44      3700     1.84761    1.87699    0.0293705   18       110      
 703.25  45      3761     1.84797    1.87698    0.0290113   16       112      
 703.4   45      3800     1.84797    1.87698    0.0290113   14       112      
 704.6   46      3850     1.84827    1.87698    0.0287055   19       113      
 710.37  47      3929     1.84855    1.87697    0.028419    20       115      
 710.5   47      3950     1.84855    1.87697    0.028419    19       115      
 716     48      4015     1.84882    1.87697    0.0281523   21       118      
 716.14  48      4050     1.84882    1.87697    0.0281523   21       118      
 724.71  49      4100     1.84927    1.87697    0.0276934   17       120      
 729.36  50      4185     1.84987    1.87696    0.0270901   16       122      
 729.44  50      4200     1.84987    1.87696    0.0270901   17       122      
 730.72  51      4269     1.85027    1.87695    0.0266827   18       123      
 730.85  51      4300     1.85027    1.87695    0.0266827   18       123      
 735.93  52      4353     1.85052    1.87695    0.0264277   19       125      
 737.38  53      4437     1.85083    1.87694    0.0261138   17       126      
 737.48  53      4450     1.85083    1.87694    0.0261138   17       126      
 747.22  54      4521     1.85118    1.87694    0.0257562   19       128      
 747.35  54      4550     1.85118    1.87694    0.0257562   19       128      
 748.71  55      4605     1.85146    1.87693    0.025467    16       129      
 751.53  56      4689     1.85171    1.87692    0.0252114   18       131      
 751.61  56      4700     1.85171    1.87692    0.0252114   19       131      
 757.03  57      4773     1.85205    1.87692    0.0248644   16       132      
 757.18  57      4800     1.85205    1.87692    0.0248644   15       132      
 763.08  58      4857     1.85225    1.87691    0.0246623   17       134      
 771.71  59      4941     1.85247    1.87691    0.024443    18       136      
 771.8   59      4950     1.85247    1.87691    0.024443    18       136      
 778.77  60      5025     1.85259    1.87691    0.0243206   19       138      
 778.89  60      5050     1.85259    1.87691    0.0243206   19       138      
 783.5   61      5109     1.85279    1.87691    0.0241112   18       140      
 795.27  61      5150     1.85279    1.87691    0.0241112   20       143      
 795.65  62      5200     1.85314    1.8769     0.0237601   19       143      
 797.21  63      5277     1.85333    1.8769     0.0235642   17       144      
 797.33  63      5300     1.85333    1.8769     0.0235642   19       144      
 802.97  64      5361     1.85349    1.87688    0.0233898   17       147      
 803.14  64      5400     1.85349    1.87688    0.0233898   17       147      
 810.1   65      5450     1.85361    1.87688    0.0232714   19       149      
 823.11  66      5529     1.85378    1.87687    0.0230953   19       151      
 823.23  66      5550     1.85378    1.87687    0.0230953   19       151      
 825     67      5613     1.85396    1.87687    0.0229097   20       152      
 825.18  67      5650     1.85396    1.87687    0.0229097   21       152      
 831.87  68      5700     1.85418    1.87685    0.0226772   24       155      
 837.06  69      5781     1.85429    1.87683    0.0225465   25       157      
 837.19  69      5800     1.85429    1.87683    0.0225465   26       157      
 845.11  70      5865     1.85436    1.87683    0.0224711   24       159      
 845.29  70      5900     1.85436    1.87683    0.0224711   24       159      
 852.37  71      5950     1.85449    1.87682    0.0223346   24       160      
 865.17  72      6035     1.85466    1.87682    0.0221629   20       163      
 865.27  72      6050     1.85466    1.87682    0.0221629   20       163      
 870.92  73      6119     1.85486    1.87681    0.0219505   20       165      
 871.09  73      6150     1.85486    1.87681    0.0219505   22       165      
 878.08  74      6203     1.85503    1.87681    0.0217809   18       166      
 889     75      6287     1.85516    1.87681    0.0216485   20       168      
 889.11  75      6300     1.85516    1.87681    0.0216485   21       168      
 891.22  76      6371     1.85525    1.8768     0.0215522   20       169      
 891.37  76      6400     1.85525    1.8768     0.0215522   20       169      
 896.43  77      6455     1.85534    1.8768     0.0214631   22       171      
 910.27  78      6541     1.85541    1.8768     0.0213837   26       174      
 910.36  78      6550     1.85541    1.8768     0.0213837   26       174      
 912.19  79      6625     1.85558    1.8768     0.0212169   20       175      
 912.33  79      6650     1.85558    1.8768     0.0212169   21       175      
 919.18  80      6709     1.85574    1.87679    0.0210515   19       176      
 927.14  80      6750     1.85574    1.87679    0.0210515   20       178      
 927.56  81      6800     1.85587    1.87679    0.0209249   20       178      
 934.08  82      6877     1.85599    1.87678    0.0207904   20       181      
 934.22  82      6900     1.85599    1.87678    0.0207904   20       181      
 942.85  83      6961     1.85608    1.87678    0.0206928   21       183      
 943.07  83      7000     1.85608    1.87678    0.0206928   22       183      
 945.03  84      7050     1.85615    1.87677    0.0206186   21       184      
 959.01  85      7129     1.85624    1.87677    0.020529    23       186      
 959.18  85      7150     1.85624    1.87677    0.020529    24       186      
 966.01  86      7213     1.85627    1.87676    0.0204983   24       189      
 966.22  86      7250     1.85627    1.87676    0.0204983   24       189      
 974.66  87      7300     1.85637    1.87676    0.0203959   27       191      
 986.03  88      7383     1.85651    1.87676    0.0202552   24       193      
 986.17  88      7400     1.85651    1.87676    0.0202552   24       193      
 995.54  89      7467     1.85659    1.87676    0.0201634   25       196      
 995.77  89      7500     1.85659    1.87676    0.0201634   25       196      
 1010.8  90      7551     1.85675    1.87674    0.0199955   27       198      
 1025.97 91      7635     1.85679    1.87674    0.0199491   30       200      
 1026.13 91      7650     1.85679    1.87674    0.0199491   30       200      
 1031.34 92      7719     1.85686    1.87674    0.0198771   30       202      
 1031.57 92      7750     1.85686    1.87674    0.0198771   30       202      
 1040.52 93      7803     1.85694    1.87674    0.0197948   29       203      
 1050.53 94      7889     1.857      1.87674    0.0197395   28       206      
 1050.65 94      7900     1.857      1.87674    0.0197395   28       206      
 1056.79 95      7973     1.85709    1.87673    0.0196379   29       208      
 1056.98 95      8000     1.85709    1.87673    0.0196379   31       208      
 1070.3  96      8057     1.85712    1.87672    0.0196015   36       211      
 1081.35 97      8141     1.85714    1.87672    0.0195803   34       215      
 1081.47 97      8150     1.85714    1.87672    0.0195803   34       215      
 1090.13 98      8225     1.85719    1.87671    0.0195269   29       216      
 1090.31 98      8250     1.85719    1.87671    0.0195269   29       216      
 1106.21 99      8311     1.85722    1.87671    0.0194873   30       219      
 1106.49 99      8350     1.85722    1.87671    0.0194873   29       219      
 1115.16 100     8400     1.85727    1.87671    0.0194378   30       222      
 1118.71 101     8481     1.85731    1.87671    0.019392    29       223      
 1118.87 101     8500     1.85731    1.87671    0.019392    29       223      
 1125.39 102     8565     1.85741    1.8767     0.019288    24       224      
 1125.63 102     8600     1.85741    1.8767     0.019288    25       224      
 1133.48 103     8650     1.85747    1.8767     0.0192322   28       226      
 1142.89 104     8733     1.8575     1.87669    0.01919     29       227      
 1143.05 104     8750     1.8575     1.87669    0.01919     29       227      
 1153.36 105     8817     1.85756    1.87669    0.0191257   29       229      
 1153.59 105     8850     1.85756    1.87669    0.0191257   29       229      
 1162.69 106     8901     1.8576     1.87669    0.0190829   29       230      
 1180.75 107     8985     1.85764    1.87668    0.0190478   33       232      
 1180.91 107     9000     1.85764    1.87668    0.0190478   33       232      
 1193.87 108     9069     1.85766    1.87668    0.0190261   34       234      
 1194.1  108     9100     1.85766    1.87668    0.0190261   34       234      
 1211.89 109     9155     1.85774    1.87667    0.0189368   28       238      
 1230.13 110     9239     1.85776    1.87667    0.0189084   32       241      
 1230.28 110     9250     1.85776    1.87667    0.0189084   32       241      
 1236.59 111     9323     1.85782    1.87667    0.0188482   29       243      
 1236.8  111     9350     1.85782    1.87667    0.0188482   29       243      
 1246.94 112     9407     1.85788    1.87666    0.0187866   32       245      
 1263.9  113     9491     1.85791    1.87665    0.0187397   27       247      
 1264.03 113     9500     1.85791    1.87665    0.0187397   27       247      
 1280.19 114     9575     1.85795    1.87665    0.0187033   28       249      
 1280.4  114     9600     1.85795    1.87665    0.0187033   28       249      
 1296.27 115     9659     1.85799    1.87665    0.0186516   29       251      
 1312.95 115     9700     1.85799    1.87665    0.0186516   31       254      
 1313.54 116     9750     1.85802    1.87665    0.0186271   30       254      
 1333.4  117     9829     1.85808    1.87663    0.0185475   27       257      
 1333.59 117     9850     1.85808    1.87663    0.0185475   27       257      
 1340.32 118     9913     1.85813    1.87663    0.018501    31       258      
 1340.58 118     9950     1.85813    1.87663    0.018501    31       258      
 1361.3  119     10000    1.85814    1.87662    0.0184842   34       261      
 1367.57 120     10083    1.85822    1.87662    0.0183955   28       263      
 1367.74 120     10100    1.85822    1.87662    0.0183955   29       263      
 1392.19 121     10167    1.85827    1.87662    0.0183437   25       265      
 1392.42 121     10200    1.85827    1.87662    0.0183437   25       265      
 1411.25 122     10251    1.85834    1.87661    0.0182772   24       267      
 1419.74 123     10335    1.85841    1.87661    0.0182033   29       269      
 1419.91 123     10350    1.85841    1.87661    0.0182033   29       269      
 1422.95 124     10419    1.85844    1.87661    0.0181681   29       270      
 1423.19 124     10450    1.85844    1.87661    0.0181681   29       270      
 1429.78 125     10503    1.85846    1.87661    0.0181429   27       272      
 1441.75 126     10587    1.8585     1.87661    0.018107    27       273      
 1441.98 126     10600    1.8585     1.87661    0.018107    27       273      
 1458.4  127     10671    1.85853    1.8766     0.018071    29       275      
 1458.63 127     10700    1.85853    1.8766     0.018071    29       275      
 1471.3  128     10755    1.85857    1.8766     0.0180264   28       276      
 1493.88 129     10841    1.85861    1.87659    0.0179845   27       279      
 1494.02 129     10850    1.85861    1.87659    0.0179845   27       279      
 1504.44 130     10925    1.85867    1.87659    0.0179275   28       280      
 1504.67 130     10950    1.85867    1.87659    0.0179275   28       280      
 1508.1  131     11009    1.85868    1.87659    0.0179082   32       281      
 1510.86 131     11050    1.85868    1.87659    0.0179082   32       282      
 1511.52 132     11100    1.85873    1.87659    0.0178607   30       282      
 1538.87 133     11177    1.85874    1.87659    0.0178438   32       284      
 1539.09 133     11200    1.85874    1.87659    0.0178438   32       284      
 1552.84 134     11261    1.85876    1.87658    0.0178208   32       286      
 1554.13 134     11300    1.85876    1.87658    0.0178208   33       287      
 1567.35 135     11350    1.8588     1.87658    0.0177794   35       289      
 1579.49 136     11429    1.85883    1.87658    0.0177495   35       291      
 1579.71 136     11450    1.85883    1.87658    0.0177495   35       291      
 1599.06 137     11513    1.85883    1.87657    0.0177382   40       293      
 1599.37 137     11550    1.85883    1.87657    0.0177382   40       293      
 1618.82 138     11600    1.85884    1.87657    0.0177283   41       295      
 1644.93 139     11681    1.85887    1.87657    0.0176968   40       298      
 1645.16 139     11700    1.85887    1.87657    0.0176968   40       298      
 1662.54 140     11765    1.85888    1.87657    0.0176819   38       300      
 1662.84 140     11800    1.85888    1.87657    0.0176819   38       300      
 1677.17 141     11850    1.8589     1.87656    0.0176686   36       301      
 1699.35 142     11933    1.85895    1.87656    0.0176123   33       304      
 1699.55 142     11950    1.85895    1.87656    0.0176123   33       304      
 1705.95 143     12017    1.85896    1.87656    0.0176      34       306      
 1706.24 143     12050    1.85896    1.87656    0.0176      34       306      
 1716.39 144     12101    1.85899    1.87655    0.017558    36       307      
 1747.1  145     12187    1.85902    1.87655    0.0175244   39       310      
 1747.28 145     12200    1.85902    1.87655    0.0175244   39       310      
 1776.3  146     12271    1.85905    1.87654    0.0174946   41       312      
 1776.57 146     12300    1.85905    1.87654    0.0174946   41       312      
 1780.2  147     12355    1.85907    1.87652    0.017449    40       313      
 1803.65 148     12439    1.85911    1.87652    0.017409    37       315      
 1803.83 148     12450    1.85911    1.87652    0.017409    37       315      
 1808.06 149     12523    1.85913    1.87652    0.0173954   40       316      
 1808.33 149     12550    1.85913    1.87652    0.0173954   40       316      
 1838.23 150     12607    1.85914    1.87652    0.0173772   36       318      
 1842.37 151     12691    1.85916    1.87652    0.0173592   40       319      
 1842.57 151     12700    1.85916    1.87652    0.0173592   40       319      
 1859.34 152     12775    1.85919    1.87652    0.0173271   35       322      
 1859.62 152     12800    1.85919    1.87652    0.0173271   35       322      
 1882.88 153     12859    1.85922    1.87651    0.0172929   38       324      
 1902.17 153     12900    1.85922    1.87651    0.0172929   36       326      
 1902.91 154     12950    1.85923    1.87651    0.0172807   36       326      
 1920.41 155     13027    1.85925    1.87651    0.017256    38       328      
 1920.71 155     13050    1.85925    1.87651    0.017256    38       328      
 1936.41 156     13111    1.85926    1.8765     0.0172405   36       329      
 1936.74 156     13150    1.85926    1.8765     0.0172405   35       329      
 1954.48 157     13200    1.8593     1.8765     0.0172051   33       331      
 1984.12 158     13281    1.85934    1.8765     0.0171639   33       334      
 1984.37 158     13300    1.85934    1.8765     0.0171639   33       334      
 2002.21 159     13365    1.85936    1.8765     0.0171373   34       337      
 2002.53 159     13400    1.85936    1.8765     0.0171373   34       337      
 2007.19 160     13450    1.85938    1.8765     0.017117    34       338      
 2031.39 161     13533    1.85942    1.87649    0.0170776   33       340      
 2031.64 161     13550    1.85942    1.87649    0.0170776   33       340      
 2051.94 162     13617    1.85942    1.87649    0.0170703   36       342      
 2052.25 162     13650    1.85942    1.87649    0.0170703   36       342      
 2070.84 163     13701    1.85943    1.87649    0.0170584   42       344      
 2092.14 164     13785    1.85944    1.87649    0.0170481   45       346      
 2092.38 164     13800    1.85944    1.87649    0.0170481   45       346      
 2109.78 165     13869    1.85948    1.87649    0.0170102   43       348      
 2110.11 165     13900    1.85948    1.87649    0.0170102   43       348      
 2126.77 166     13955    1.85949    1.87649    0.0169952   38       351      
 2138.72 167     14039    1.85951    1.87648    0.0169764   35       352      
 2138.95 167     14050    1.85951    1.87648    0.0169764   35       352      
 2156.56 168     14123    1.85953    1.87648    0.0169525   36       355      
 2156.86 168     14150    1.85953    1.87648    0.0169525   36       355      
 2169.7  169     14207    1.85955    1.87647    0.0169251   41       357      
 2174.68 170     14291    1.85957    1.87646    0.0168977   43       358      
 2174.88 170     14300    1.85957    1.87646    0.0168977   43       358      
 2178.2  171     14373    1.85958    1.87645    0.0168665   47       360      
 2178.6  171     14400    1.85958    1.87645    0.0168665   47       360      
 2206.11 172     14457    1.85959    1.87643    0.0168392   51       363      
 2237.4  173     14541    1.85959    1.87642    0.0168342   49       366      
 2237.62 173     14550    1.85959    1.87642    0.0168342   49       366      
 2247.47 174     14627    1.8596     1.87642    0.0168211   48       368      
 2247.78 174     14650    1.8596     1.87642    0.0168211   48       368      
 2262.07 175     14711    1.85961    1.87642    0.0168061   46       370      
 2262.53 175     14750    1.85961    1.87642    0.0168061   45       370      
 2267.23 176     14800    1.85962    1.87642    0.0167974   43       371      
 2272.48 177     14879    1.85963    1.87642    0.016786    39       372      
 2272.76 177     14900    1.85963    1.87642    0.016786    39       372      
 2297.49 178     14963    1.85964    1.87642    0.0167735   38       374      
 2297.87 178     15000    1.85964    1.87642    0.0167735   38       374      
 2307.04 179     15050    1.85966    1.87642    0.0167577   42       375      
 2348.19 180     15131    1.85966    1.87641    0.0167519   43       377      
 2348.48 180     15150    1.85966    1.87641    0.0167519   43       377      
 2352.86 181     15213    1.85969    1.87641    0.0167256   41       378      
 2353.24 181     15250    1.85969    1.87641    0.0167256   41       378      
 2362.65 182     15300    1.85969    1.87641    0.0167163   41       380      
 2400.17 183     15383    1.8597     1.87641    0.0167065   44       383      
 2400.44 183     15400    1.8597     1.87641    0.0167065   44       383      
 2436.41 184     15469    1.85972    1.87641    0.0166893   44       386      
 2436.81 184     15500    1.85972    1.87641    0.0166893   44       386      
 2451.46 185     15553    1.85973    1.8764     0.0166732   47       387      
 2452.5  186     15637    1.85975    1.8764     0.016653    41       387      
 2452.79 186     15650    1.85975    1.8764     0.016653    41       387      
 2487.75 187     15721    1.85976    1.8764     0.0166389   40       389      
 2488.15 187     15750    1.85976    1.8764     0.0166389   40       389      
 2494.58 188     15805    1.85977    1.8764     0.0166283   36       390      
 2514.36 189     15889    1.85978    1.8764     0.0166123   40       391      
 2514.59 189     15900    1.85978    1.8764     0.0166123   40       391      
 2525.06 190     15973    1.8598     1.87639    0.0165978   39       393      
 2525.4  190     16000    1.8598     1.87639    0.0165978   39       393      
 2546.35 191     16057    1.85981    1.87639    0.0165822   42       394      
 2557.74 192     16141    1.85981    1.87639    0.0165768   43       396      
 2557.97 192     16150    1.85981    1.87639    0.0165768   43       396      
 2578.39 193     16225    1.85982    1.87639    0.0165707   44       397      
 2578.73 193     16250    1.85982    1.87639    0.0165707   44       397      
 2598.5  194     16309    1.85983    1.87639    0.0165632   47       399      
 2609.61 194     16350    1.85983    1.87639    0.0165632   45       401      
 2610.7  195     16400    1.85983    1.87639    0.0165593   47       401      
 2629.25 196     16477    1.85984    1.87639    0.0165421   47       403      
 2629.67 196     16500    1.85984    1.87639    0.0165421   47       403      
 2635.71 197     16561    1.85985    1.87638    0.0165277   49       404      
 2636.27 197     16600    1.85985    1.87638    0.0165277   51       404      
 2657.29 198     16650    1.85985    1.87638    0.0165258   51       405      
 2679.33 199     16729    1.85986    1.87638    0.0165179   53       408      
 2679.67 199     16750    1.85986    1.87638    0.0165179   53       408      
 2686.75 200     16813    1.85986    1.87638    0.0165171   57       409      
 2687.29 200     16850    1.85986    1.87638    0.0165171   57       409      
 2708.48 201     16900    1.85986    1.87638    0.0165136   59       411      
 2741.5  202     16981    1.85987    1.87637    0.0165077   58       413      
 2741.84 202     17000    1.85987    1.87637    0.0165077   58       413      
 2768.39 203     17065    1.85987    1.87637    0.0165047   57       415      
 2768.86 203     17100    1.85987    1.87637    0.0165047   57       415      
 2820.45 204     17151    1.85987    1.87637    0.0164975   52       418      
 2841.91 205     17235    1.85989    1.87637    0.0164793   50       419      
 2842.21 205     17250    1.85989    1.87637    0.0164793   50       419      
 2864.54 206     17319    1.8599     1.87637    0.0164655   55       421      
 2864.96 206     17350    1.8599     1.87637    0.0164655   55       421      
 2895.34 207     17403    1.85991    1.87637    0.0164615   56       423      
 2910.21 208     17487    1.85991    1.87637    0.0164582   57       424      
 2910.51 208     17500    1.85991    1.87637    0.0164582   57       424      
 2954.27 209     17571    1.85992    1.87637    0.0164424   60       426      
 2954.71 209     17600    1.85992    1.87637    0.0164424   60       426      
 2993.76 210     17655    1.85993    1.87636    0.0164384   62       428      
 3023.55 211     17739    1.85993    1.87636    0.0164298   57       430      
 3023.84 211     17750    1.85993    1.87636    0.0164298   57       430      
 3044.58 212     17825    1.85994    1.87636    0.0164191   50       432      
 3044.93 212     17850    1.85994    1.87636    0.0164191   50       432      
 3061.75 213     17909    1.85995    1.87634    0.0163952   49       434      
 3087.59 213     17950    1.85995    1.87634    0.0163952   49       436      
 3088.57 214     18000    1.85996    1.87634    0.0163839   49       436      
 3113.84 215     18077    1.85997    1.87634    0.0163737   55       439      
 3114.19 215     18100    1.85997    1.87634    0.0163737   55       439      
 3167.55 216     18161    1.85997    1.87634    0.0163626   54       441      
 3168.02 216     18200    1.85997    1.87634    0.0163626   54       441      
 3173.3  217     18250    1.85998    1.87633    0.0163546   58       442      
 3201.81 218     18329    1.85999    1.87633    0.016345    54       444      
 3202.13 218     18350    1.85999    1.87633    0.016345    54       444      
 3207.77 219     18413    1.86       1.87633    0.0163338   52       445      
 3208.25 219     18450    1.86       1.87633    0.0163338   52       445      
 3234.11 220     18500    1.86001    1.87633    0.0163151   52       446      
 3262.37 221     18581    1.86002    1.87632    0.0162978   54       447      
 3262.69 221     18600    1.86002    1.87632    0.0162978   54       447      
 3305.79 222     18665    1.86002    1.87632    0.016293    55       449      
 3306.3  222     18700    1.86002    1.87632    0.016293    55       449      
 3338.13 223     18751    1.86003    1.87631    0.0162851   51       452      
 3360.57 224     18835    1.86004    1.87631    0.0162727   52       454      
 3360.89 224     18850    1.86004    1.87631    0.0162727   52       454      
 3380.3  225     18919    1.86004    1.87631    0.016268    50       455      
 3380.71 225     18950    1.86004    1.87631    0.016268    50       455      
 3448.16 226     19003    1.86005    1.87631    0.0162567   51       458      
 3460.94 227     19087    1.86006    1.87631    0.0162505   48       459      
 3461.21 227     19100    1.86006    1.87631    0.0162505   48       459      
 3476.67 228     19171    1.86006    1.8763     0.016244    49       461      
 3477.07 228     19200    1.86006    1.8763     0.016244    49       461      
 3503.95 229     19255    1.86006    1.8763     0.0162419   51       462      
 3511.42 230     19339    1.86008    1.8763     0.016226    48       463      
 3511.72 230     19350    1.86008    1.8763     0.016226    48       463      
 3542.44 231     19423    1.86008    1.8763     0.0162173   49       464      
 3542.83 231     19450    1.86008    1.8763     0.0162173   49       464      
 3553.21 232     19507    1.86009    1.8763     0.0162139   47       466      
 3579.22 233     19591    1.86009    1.8763     0.0162102   49       468      
 3579.47 233     19600    1.86009    1.8763     0.0162102   49       468      
 3592.02 234     19675    1.86009    1.8763     0.0162042   52       470      
 3592.39 234     19700    1.86009    1.8763     0.0162042   52       470      
 3619.3  235     19759    1.8601     1.87629    0.0161939   55       472      
 3631.01 235     19800    1.8601     1.87629    0.0161939   51       474      
 3632.12 236     19850    1.8601     1.87629    0.0161915   55       474      
 3657.19 237     19927    1.86011    1.87629    0.0161793   56       476      
 3657.56 237     19950    1.86011    1.87629    0.0161793   56       476      
 3698.17 238     20011    1.86011    1.87629    0.0161783   61       478      
 3698.75 238     20050    1.86011    1.87629    0.0161783   63       478      
 3736.25 239     20100    1.86012    1.87629    0.0161698   59       480      
 3793.73 240     20179    1.86012    1.87628    0.016161    55       482      
 3794.09 240     20200    1.86012    1.87628    0.016161    55       482      
 3835.87 241     20265    1.86013    1.87626    0.0161269   58       486      
 3836.41 241     20300    1.86013    1.87626    0.0161269   58       486      
 3892.12 242     20350    1.86013    1.87626    0.0161221   56       489      
 3898.07 243     20433    1.86014    1.87625    0.0161113   60       490      
 3898.39 243     20450    1.86014    1.87625    0.0161113   60       490      
 3904.79 244     20517    1.86015    1.87625    0.016101    59       491      
 3905.29 244     20550    1.86015    1.87625    0.016101    59       491      
 3911.81 245     20601    1.86015    1.87625    0.0160965   59       492      
 3931.01 246     20685    1.86016    1.87625    0.0160895   53       494      
 3931.32 246     20700    1.86016    1.87625    0.0160895   53       494      
 3943.98 247     20769    1.86016    1.87624    0.0160828   55       496      
 3944.43 247     20800    1.86016    1.87624    0.0160828   55       496      
 3983.1  248     20853    1.86017    1.87624    0.0160782   54       498      
 4001.93 249     20937    1.86018    1.87624    0.0160671   55       500      
 4002.23 249     20950    1.86018    1.87624    0.0160671   55       500      
 4027.27 250     21021    1.86019    1.87624    0.0160532   55       501      
 4027.74 250     21050    1.86019    1.87624    0.0160532   55       501      
 4081.19 251     21105    1.86019    1.87624    0.016047    56       503      
 4111.25 252     21189    1.8602     1.87624    0.0160383   59       505      
 4111.54 252     21200    1.8602     1.87624    0.0160383   59       505      
 4147.39 253     21273    1.8602     1.87624    0.0160355   58       506      
 4147.83 253     21300    1.8602     1.87624    0.0160355   58       506      
 4186.92 254     21359    1.86021    1.87623    0.0160225   59       508      
 4200.31 254     21400    1.86021    1.87623    0.0160225   56       510      
 4201.64 255     21450    1.86021    1.87623    0.0160212   56       510      
 4244.79 256     21527    1.86022    1.87623    0.0160085   53       512      
 4245.19 256     21550    1.86022    1.87623    0.0160085   53       512      
 4289.23 257     21611    1.86023    1.87623    0.0160049   55       514      
 4289.77 257     21650    1.86023    1.87623    0.0160049   55       514      
 4302.78 258     21700    1.86023    1.87623    0.0160031   60       516      
 4309.63 259     21779    1.86023    1.87623    0.0160007   57       517      
 4310.03 259     21800    1.86023    1.87623    0.0160007   57       517      
 4336.41 260     21863    1.86023    1.87623    0.0159994   56       518      
 4337.01 260     21900    1.86023    1.87623    0.0159994   56       518      
 4406.04 261     21950    1.86024    1.87623    0.015991    58       522      
 4481.2  262     22033    1.86024    1.87622    0.0159842   59       526      
 4481.57 262     22050    1.86024    1.87622    0.0159842   59       526      
 4511.01 263     22117    1.86024    1.87622    0.0159796   58       528      
 4511.56 263     22150    1.86024    1.87622    0.0159796   58       528      
 4519.94 264     22201    1.86025    1.87622    0.0159674   50       529      
 4527.63 265     22285    1.86026    1.87622    0.0159569   52       530      
 4527.98 265     22300    1.86026    1.87622    0.0159569   52       530      
 4543.36 266     22369    1.86027    1.87622    0.0159515   54       532      
 4543.88 266     22400    1.86027    1.87622    0.0159515   54       532      
 4585.03 267     22453    1.86027    1.87622    0.0159499   58       534      
 4632.33 268     22537    1.86027    1.87621    0.0159435   60       536      
 4632.67 268     22550    1.86027    1.87621    0.0159435   60       536      
 4688.13 269     22623    1.86028    1.87621    0.0159298   59       539      
 4688.59 269     22650    1.86028    1.87621    0.0159298   59       539      
 4740.22 270     22707    1.86028    1.87621    0.0159269   63       541      
 4749.8  271     22791    1.86028    1.87621    0.0159238   65       542      
 4750.13 271     22800    1.86028    1.87621    0.0159238   65       542      
 4773.17 272     22877    1.86028    1.8762     0.0159215   70       544      
 4773.7  272     22900    1.86028    1.8762     0.0159215   70       544      
 4806.77 273     22963    1.86029    1.87619    0.0159051   65       546      
 4807.33 273     23000    1.86029    1.87619    0.0159051   65       546      
 4853.64 274     23050    1.86029    1.87619    0.0159016   59       548      
 4905.63 275     23131    1.8603     1.87619    0.0158891   57       550      
 4906.01 275     23150    1.8603     1.87619    0.0158891   57       550      
 4972.47 276     23215    1.8603     1.87619    0.0158861   61       553      
 4973.09 276     23250    1.8603     1.87619    0.0158861   61       553      
 4990.49 277     23300    1.86031    1.87619    0.0158758   64       554      
 5025.99 278     23383    1.86031    1.87619    0.0158733   63       555      
 5026.36 278     23400    1.86031    1.87619    0.0158733   63       555      
 5034.54 279     23467    1.86031    1.87619    0.0158718   62       556      
 5035.08 279     23500    1.86031    1.87619    0.0158718   62       556      
 5078.39 280     23551    1.86032    1.87618    0.015865    65       558      
 5126.02 281     23635    1.86032    1.87618    0.0158627   64       560      
 5126.46 281     23650    1.86032    1.87618    0.0158627   64       560      
 5145.25 282     23721    1.86032    1.87618    0.0158559   59       562      
 5145.76 282     23750    1.86032    1.87618    0.0158559   59       562      
 5175.78 283     23805    1.86033    1.87618    0.0158513   60       565      
 5235.84 284     23891    1.86033    1.87618    0.0158472   59       568      
 5236.19 284     23900    1.86033    1.87618    0.0158472   59       568      
 5328.63 285     23977    1.86034    1.87618    0.0158386   58       571      
 5329.06 285     24000    1.86034    1.87618    0.0158386   58       571      
 5350.29 286     24061    1.86034    1.87617    0.0158356   64       572      
 5350.92 286     24100    1.86034    1.87617    0.0158356   64       572      
 5366.11 287     24150    1.86034    1.87617    0.0158319   57       574      
 5396.1  288     24229    1.86035    1.87617    0.0158278   60       576      
 5396.52 288     24250    1.86035    1.87617    0.0158278   60       576      
 5404.15 289     24313    1.86035    1.87617    0.0158259   61       577      
 5404.84 289     24350    1.86035    1.87617    0.0158259   61       577      
 5422.41 290     24400    1.86035    1.87617    0.015825    61       579      
 5455.47 291     24481    1.86035    1.87616    0.0158141   65       582      
 5455.96 291     24500    1.86035    1.87616    0.0158141   65       582      
 5481.79 292     24567    1.86035    1.87616    0.0158093   68       584      
 5482.38 292     24600    1.86035    1.87616    0.0158093   68       584      
 5514.18 293     24651    1.86036    1.87616    0.0157982   64       585      
 5540.33 294     24735    1.86037    1.87616    0.0157956   62       586      
 5540.71 294     24750    1.86037    1.87616    0.0157956   62       586      
 5548.42 295     24817    1.86037    1.87616    0.0157852   64       587      
 5549    295     24850    1.86037    1.87616    0.0157852   64       587      
 5661.53 296     24901    1.86038    1.87616    0.0157803   64       590      
 5696.38 297     24985    1.86038    1.87616    0.0157782   63       592      
 5696.77 297     25000    1.86038    1.87616    0.0157782   63       592      
 5711.15 298     25071    1.86038    1.87616    0.0157751   59       594      
 5711.67 298     25100    1.86038    1.87616    0.0157751   59       594      
 5776.52 299     25155    1.86039    1.87614    0.0157509   59       596      
 5783.26 300     25237    1.86039    1.87613    0.0157406   64       597      
 5783.69 300     25250    1.86039    1.87613    0.0157406   64       597      
 5818.88 301     25321    1.8604     1.87613    0.0157328   64       599      
 5819.41 301     25350    1.8604     1.87613    0.0157328   64       599      
 5870.25 302     25405    1.8604     1.87613    0.0157306   67       601      
 5963.03 303     25489    1.8604     1.87613    0.0157292   70       603      
 5963.39 303     25500    1.8604     1.87613    0.0157292   70       603      
 5982.53 304     25573    1.8604     1.87613    0.015728    75       604      
 5983.15 304     25600    1.8604     1.87613    0.015728    75       604      
 6024    305     25657    1.8604     1.87613    0.015726    77       606      
 6055.74 306     25741    1.8604     1.87613    0.0157251   79       608      
 6056.1  306     25750    1.8604     1.87613    0.0157251   79       608      
 6065.56 307     25825    1.8604     1.87613    0.0157249   83       609      
 6066.1  307     25850    1.8604     1.87613    0.0157249   83       609      
 6075.81 308     25909    1.8604     1.87612    0.0157212   81       610      
 6140.68 308     25950    1.8604     1.87612    0.0157212   80       612      
 6142.24 309     26000    1.86041    1.87612    0.0157104   79       612      
 6177.84 310     26077    1.86041    1.87612    0.0157086   80       614      
 6178.36 310     26100    1.86041    1.87612    0.0157086   81       614      
 6228.12 311     26161    1.86041    1.87612    0.015706    75       616      
 6228.94 311     26200    1.86041    1.87612    0.015706    75       616      
 6279.26 312     26250    1.86041    1.87612    0.015705    74       618      
 6332.32 313     26329    1.86041    1.87612    0.0157038   79       620      
 6332.83 313     26350    1.86041    1.87612    0.0157038   79       620      
 6368.5  314     26413    1.86042    1.87612    0.0156965   77       622      
 6369.23 314     26450    1.86042    1.87612    0.0156965   77       622      
 6431.21 315     26500    1.86042    1.87611    0.0156902   74       624      
 6441.79 316     26581    1.86043    1.87611    0.0156864   77       626      
 6442.29 316     26600    1.86043    1.87611    0.0156864   77       626      
 6508.09 317     26665    1.86043    1.87611    0.0156832   79       629      
 6508.79 317     26700    1.86043    1.87611    0.0156832   79       629      
 6517.04 318     26750    1.86043    1.87611    0.0156798   81       630      
 6566.31 319     26833    1.86043    1.87611    0.015679    82       632      
 6566.8  319     26850    1.86043    1.87611    0.015679    82       632      
 6614.87 320     26917    1.86043    1.87611    0.0156775   81       633      
 6615.55 320     26950    1.86043    1.87611    0.0156775   81       633      
 6619.12 321     27000    1.86043    1.87607    0.015636    81       634      
 6667.12 322     27083    1.86044    1.87607    0.015634    82       637      
 6667.6  322     27100    1.86044    1.87607    0.015634    82       637      
 6678.87 323     27167    1.86044    1.87607    0.0156301   86       638      
 6679.56 323     27200    1.86044    1.87607    0.0156301   86       638      
 6759.51 324     27251    1.86044    1.87607    0.015629    88       640      
 6822.95 325     27335    1.86044    1.87607    0.0156258   91       643      
 6823.45 325     27350    1.86044    1.87607    0.0156258   91       643      
 6861.1  326     27419    1.86044    1.87606    0.0156222   97       645      
 6861.81 326     27450    1.86044    1.87606    0.0156222   97       645      
 6911.09 327     27503    1.86044    1.87606    0.015619    99       647      
 6951.46 328     27587    1.86044    1.87605    0.0156107   103      651      
 6952.04 328     27600    1.86044    1.87605    0.0156107   103      651      
 6967.47 329     27671    1.86045    1.87605    0.015602    104      652      
 6968.17 329     27700    1.86045    1.87605    0.015602    104      652      
 7018.88 330     27755    1.86045    1.87605    0.0156017   102      653      
 7065.96 331     27841    1.86045    1.87605    0.0155994   106      655      
 7066.4  331     27850    1.86045    1.87605    0.0155994   106      655      
 7108.55 332     27925    1.86045    1.87604    0.0155949   108      658      
 7109.24 332     27950    1.86045    1.87604    0.0155949   108      658      
 7134.11 333     28009    1.86045    1.87604    0.0155938   107      659      
 7218.26 333     28050    1.86045    1.87604    0.0155938   105      661      
 7220.2  334     28100    1.86046    1.87604    0.0155848   100      661      
 7231    335     28177    1.86046    1.87604    0.0155839   94       662      
 7231.62 335     28200    1.86046    1.87604    0.0155839   94       662      
 7242.11 336     28261    1.86046    1.87604    0.0155837   95       663      
 7242.99 336     28300    1.86046    1.87604    0.0155837   95       663      
 7265.9  337     28350    1.86046    1.87604    0.0155832   100      665      
 7347.16 338     28429    1.86046    1.87604    0.0155815   94       667      
 7347.74 338     28450    1.86046    1.87604    0.0155815   94       667      
 7377.66 339     28513    1.86046    1.87604    0.0155809   93       669      
 7378.63 339     28550    1.86046    1.87604    0.0155809   93       669      
 7403.61 340     28600    1.86046    1.87604    0.0155806   93       671      
 7415.01 341     28681    1.86046    1.87604    0.0155742   94       672      
 7415.61 341     28700    1.86046    1.87604    0.0155742   94       672      
 7437.71 342     28765    1.86046    1.87604    0.0155733   98       674      
 7438.68 342     28800    1.86046    1.87604    0.0155733   98       674      
 7460.71 343     28850    1.86047    1.87603    0.0155688   93       676      
 7480.58 344     28933    1.86047    1.87603    0.0155682   89       678      
 7481.15 344     28950    1.86047    1.87603    0.0155682   89       678      
 7492.68 345     29017    1.86047    1.87603    0.0155679   89       679      
 7493.45 345     29050    1.86047    1.87603    0.0155679   89       679      
 7593.11 346     29101    1.86047    1.87603    0.0155663   89       681      
 7603.57 347     29185    1.86047    1.87603    0.0155647   85       682      
 7604.09 347     29200    1.86047    1.87603    0.0155647   85       682      
 7658.45 348     29269    1.86047    1.87603    0.0155641   90       684      
 7659.34 348     29300    1.86047    1.87603    0.0155641   90       684      
 7671.11 349     29353    1.86047    1.87603    0.01556     92       685      
 7677.5  350     29435    1.86048    1.87602    0.0155455   92       686      
 7678.02 350     29450    1.86048    1.87602    0.0155455   92       686      
 7724.54 351     29519    1.86048    1.87602    0.0155445   93       688      
 7725.27 351     29550    1.86048    1.87602    0.0155445   93       688      
 7736.57 352     29603    1.86048    1.87602    0.0155442   97       689      
 7844.99 353     29689    1.86048    1.87602    0.0155428   101      693      
 7845.52 353     29700    1.86048    1.87602    0.0155428   101      693      
 7867.42 354     29773    1.86048    1.87602    0.0155426   104      695      
 7868.23 354     29800    1.86048    1.87602    0.0155426   104      695      
 7921.58 355     29857    1.86048    1.87602    0.0155425   106      696      
 7991.89 356     29941    1.86048    1.87602    0.0155419   106      698      
 7992.38 356     29950    1.86048    1.87602    0.0155419   106      698      
 8009.88 357     30025    1.86048    1.87602    0.0155397   102      699      
 8010.58 357     30050    1.86048    1.87602    0.0155397   102      699      
 8127.75 358     30109    1.86048    1.87602    0.0155376   104      701      
 8201.32 358     30150    1.86048    1.87602    0.0155376   104      703      
 8203.54 359     30200    1.86048    1.87602    0.0155369   104      703      
 8278.74 360     30277    1.86048    1.87602    0.0155361   103      704      
 8279.42 360     30300    1.86048    1.87602    0.0155361   103      704      
 8349.73 361     30361    1.86049    1.87602    0.0155307   106      705      
 8350.7  361     30400    1.86049    1.87602    0.0155307   107      705      
 8403.21 362     30450    1.86049    1.87602    0.0155292   108      708      
 8481.36 363     30531    1.86049    1.87602    0.0155288   111      710      
 8482.13 363     30550    1.86049    1.87602    0.0155288   111      710      
 8536.35 364     30615    1.86049    1.87602    0.0155283   110      711      
 8537.25 364     30650    1.86049    1.87602    0.0155283   110      711      
 8587.27 365     30701    1.86049    1.87602    0.0155238   106      714      
 8614.61 366     30785    1.86049    1.87602    0.015523    102      716      
 8615.21 366     30800    1.86049    1.87602    0.015523    102      716      
 8656.83 367     30869    1.86049    1.87602    0.0155218   100      717      
 8657.67 367     30900    1.86049    1.87602    0.0155218   100      717      
 8749.47 368     30955    1.8605     1.87601    0.0155171   97       719      
 8778.24 369     31039    1.8605     1.87601    0.0155159   98       721      
 8778.84 369     31050    1.8605     1.87601    0.0155159   98       721      
 8793.02 370     31123    1.8605     1.87601    0.0155155   95       722      
 8793.8  370     31150    1.8605     1.87601    0.0155155   95       722      
 8934.71 371     31207    1.8605     1.87601    0.0155141   98       724      
 8991.53 372     31250    1.8605     1.87601    0.0155141   99       727      
 8992.91 372     31300    1.8605     1.87601    0.0155124   98       727      
 9020.74 373     31379    1.8605     1.87601    0.0155102   95       729      
 9021.43 373     31400    1.8605     1.87601    0.0155102   95       729      
 9049.24 374     31463    1.8605     1.87601    0.0155092   96       731      
 9050.15 374     31500    1.8605     1.87601    0.0155092   96       731      
 9184.29 375     31550    1.86051    1.87601    0.0155039   94       733      
 9292.97 376     31631    1.86051    1.87601    0.0155031   94       735      
 9293.62 376     31650    1.86051    1.87601    0.0155031   94       735      
 9325    377     31715    1.86051    1.87601    0.0155024   98       737      
 9325.89 377     31750    1.86051    1.87601    0.0155024   98       737      
 9367.16 378     31800    1.86051    1.87598    0.0154774   98       741      
 9394.67 379     31885    1.86051    1.87598    0.0154748   98       743      
 9395.31 379     31900    1.86051    1.87598    0.0154748   98       743      
 9458.43 380     31969    1.86051    1.87598    0.0154735   100      745      
 9459.43 380     32000    1.86051    1.87598    0.0154735   100      745      
 9507.43 381     32053    1.86051    1.87598    0.0154717   104      746      
 9560.49 382     32137    1.86051    1.87598    0.0154665   105      747      
 9561.13 382     32150    1.86051    1.87598    0.0154665   105      747      
 9631.73 383     32221    1.86051    1.87598    0.0154663   106      748      
 9632.6  383     32250    1.86051    1.87598    0.0154663   106      748      
 9646.71 384     32305    1.86051    1.87598    0.0154658   108      749      
 9676.08 385     32389    1.86051    1.87598    0.0154652   110      751      
 9676.69 385     32400    1.86051    1.87598    0.0154652   110      751      
 9736.54 386     32473    1.86052    1.87598    0.0154609   117      752      
 9737.41 386     32500    1.86052    1.87598    0.0154609   117      752      
 9861.88 387     32557    1.86052    1.87598    0.0154599   119      754      
 9982.39 388     32600    1.86052    1.87598    0.0154599   120      757      
 9984.03 388     32650    1.86052    1.87598    0.015459    118      757      
 10108.2 389     32729    1.86052    1.87598    0.0154581   115      759      
-------------------------------------------------------------------------------

SARSOP finishing ...
  Preset timeout reached
  Timeout     : 10000.000000s
  Actual Time : 10108.160000s

-------------------------------------------------------------------------------
 Time   |#Trial |#Backup |LBound    |UBound    |Precision  |#Alphas |#Beliefs  
-------------------------------------------------------------------------------
 10108.2 389     32729    1.86052    1.87598    0.0154581   115      759      
-------------------------------------------------------------------------------

Writing out policy ...
  output file : ram_pomdp_soln/3e77fc83441.policyx

