
Loading the model ...
  input file   : /home/rstudio/pomdp-solutions-library/c663cac26e8.pomdpx
  loading time : 1.09s 

SARSOP initializing ...
  initialization time : 74.88s

-------------------------------------------------------------------------------
 Time   |#Trial |#Backup |LBound    |UBound    |Precision  |#Alphas |#Beliefs  
-------------------------------------------------------------------------------
 74.88   0       0        1.29889    3.28134    1.98246     50       1        
 80.72   2       53       1.67018    3.12276    1.45258     5        18       
 82.93   4       107      1.85525    3.12054    1.26528     6        21       
 96.56   6       163      2.00498    3.11737    1.11238     7        34       
 101.98  7       200      2.08411    3.11414    1.03003     6        38       
 123.23  9       250      2.19822    3.11193    0.913714    6        43       
 143.68  11      303      2.28742    3.11059    0.823163    5        47       
 205.39  13      359      2.3535     3.10522    0.751717    9        57       
 297.01  14      400      2.38146    3.10477    0.723305    7        68       
 370.31  16      450      2.43748    3.10374    0.666256    6        74       
 431.37  18      500      2.48255    3.10104    0.618495    6        79       
 572.58  20      555      2.51935    3.10006    0.580707    7        88       
 777.45  22      611      2.54958    3.09652    0.546932    8        99       
 809.06  23      650      2.56175    3.09603    0.534283    8        101      
 868.14  25      700      2.58903    3.09474    0.505718    7        104      
 988.28  27      751      2.61195    3.09325    0.481294    9        110      
 1035.88 29      807      2.63039    3.09273    0.462339    7        114      
 1242.51 31      863      2.64363    3.09196    0.448336    9        126      
 1289.14 32      900      2.6482     3.09139    0.443189    8        128      
 1396.9  34      950      2.66716    3.09059    0.423434    8        133      
 1672.94 36      1005     2.679      3.08984    0.410846    11       145      
 1974.13 38      1061     2.68804    3.0893     0.401256    12       156      
 2030.79 39      1100     2.69063    3.08892    0.39829     9        158      
 2155.38 41      1150     2.70151    3.0885     0.386985    10       162      
 2305.63 43      1201     2.70959    3.08756    0.377977    12       167      
 2575.42 45      1257     2.71578    3.08656    0.370782    13       176      
 2693.12 47      1313     2.72016    3.08558    0.365419    18       179      
 2901.39 48      1350     2.72335    3.08522    0.361865    15       186      
 2964    50      1400     2.72904    3.08461    0.355573    10       189      
 3092.81 52      1455     2.73668    3.08415    0.347473    10       196      
 3181.3  54      1511     2.74185    3.08371    0.341865    10       199      
 3623.85 55      1550     2.74477    3.08335    0.338574    15       211      
 4012.84 57      1600     2.74846    3.08304    0.334582    16       223      
 4428.18 59      1655     2.7533     3.08263    0.329335    16       234      
 4915.98 61      1711     2.75655    3.08223    0.325675    16       245      
Writing policy file: ./c663cac26e8_62_5318.23.policy
Intermediate policy written(interval: 5000)
 5318.23 62      1750     2.75829    3.08195    0.323658    15       254      
 5958.73 64      1800     2.76119    3.08139    0.320204    15       268      
 6334.9  66      1851     2.7637     3.08086    0.317162    15       275      
 6423.74 68      1909     2.77019    3.08082    0.31063     16       279      
 6633.47 69      1950     2.77122    3.08051    0.309299    16       283      
 6752.11 71      2000     2.77444    3.08005    0.305607    15       285      
 6957.25 73      2050     2.77719    3.07996    0.302767    15       289      
 7262.11 75      2109     2.78137    3.07916    0.297783    22       295      
 7416.63 76      2150     2.78321    3.07892    0.295711    24       298      
 7724.45 78      2200     2.78613    3.07868    0.29255     19       303      
 8018.31 80      2253     2.7878     3.07834    0.290542    20       308      
 8234.43 82      2311     2.79006    3.07812    0.288063    17       312      
 8470.74 83      2350     2.79074    3.07811    0.287367    18       316      
 8822.99 85      2400     2.79341    3.07756    0.28415     19       321      
 9116.27 87      2453     2.79477    3.07708    0.282313    13       326      
 9400.52 89      2509     2.79612    3.0769     0.280785    17       330      
 9701.08 90      2550     2.79656    3.07688    0.280323    18       335      
 10130.6 92      2600     2.79769    3.0766     0.278909    23       341      
Writing policy file: ./c663cac26e8_94_10417.policy
Intermediate policy written(interval: 5000)
 10417   94      2651     2.79908    3.07633    0.277251    24       345      
 10907.7 96      2707     2.79991    3.07608    0.276169    19       353      
 11503.6 98      2763     2.8016     3.07552    0.273916    20       363      
 12359.7 99      2800     2.80245    3.0755     0.273052    25       376      
 13064.1 101     2850     2.80323    3.07533    0.272099    23       387      
 13625.5 103     2907     2.8042     3.07506    0.270869    23       395      
 14138.5 105     2963     2.80578    3.07457    0.268788    23       403      
 14677.4 106     3000     2.80631    3.07452    0.268205    22       411      
 15128.7 108     3050     2.80695    3.07428    0.267334    23       419      
Writing policy file: ./c663cac26e8_110_15483.8.policy
Intermediate policy written(interval: 5000)
 15483.8 110     3107     2.80783    3.07415    0.266319    26       426      
 15871.8 112     3163     2.80868    3.07364    0.264959    27       434      
 16211.9 113     3200     2.80911    3.07354    0.264432    28       440      
 16535.5 115     3250     2.80983    3.0734     0.263577    26       445      
 16836   117     3305     2.81053    3.07316    0.262628    26       450      
 17315.9 119     3363     2.81247    3.0725     0.260034    23       458      
 17383.1 120     3400     2.81282    3.0725     0.259678    25       459      
 17713.5 122     3450     2.8133     3.07231    0.259004    30       464      
 17995.4 124     3505     2.81447    3.07199    0.257524    28       468      
 18711.9 126     3561     2.81508    3.07194    0.256861    31       479      
 19133.2 127     3600     2.81583    3.07178    0.255958    30       485      
 19424.5 129     3650     2.81892    3.07103    0.252114    24       490      
 19760.8 131     3703     2.81962    3.07073    0.251111    24       494      
 20375.2 133     3761     2.82066    3.07069    0.250025    24       504      
Writing policy file: ./c663cac26e8_134_20642.7.policy
Intermediate policy written(interval: 5000)
 20642.7 134     3800     2.82087    3.07068    0.249811    28       510      
-------------------------------------------------------------------------------

SARSOP finishing ...
  Preset timeout reached
  Timeout     : 20000.000000s
  Actual Time : 20642.740000s

-------------------------------------------------------------------------------
 Time   |#Trial |#Backup |LBound    |UBound    |Precision  |#Alphas |#Beliefs  
-------------------------------------------------------------------------------
 20642.7 134     3800     2.82087    3.07068    0.249811    28       510      
-------------------------------------------------------------------------------

Writing out policy ...
  output file : ./c663cac26e8.policyx

