
Loading the model ...
  input file   : /home/rstudio/pomdp-solutions-library/c763cac26e8.pomdpx
  loading time : 1.11s 

SARSOP initializing ...
  initialization time : 77.37s

-------------------------------------------------------------------------------
 Time   |#Trial |#Backup |LBound    |UBound    |Precision  |#Alphas |#Beliefs  
-------------------------------------------------------------------------------
 77.37   0       0        0.693973   1.88614    1.19216     50       1        
 87.74   2       55       0.91835    1.78643    0.868081    9        21       
 106.62  4       111      1.03514    1.78002    0.744875    6        33       
 145.1   5       150      1.07248    1.77952    0.707033    9        47       
 177.44  7       200      1.13686    1.77828    0.641422    8        54       
 218.27  9       250      1.20153    1.77566    0.574125    10       62       
 286.28  11      305      1.25051    1.77319    0.522681    8        72       
 317.92  13      361      1.28354    1.77231    0.488763    9        76       
 368.78  14      400      1.3017     1.77211    0.470405    7        82       
 431.22  16      450      1.32872    1.77137    0.442651    6        86       
 617.04  18      501      1.35016    1.77066    0.420491    12       96       
 828.38  20      557      1.3697     1.7702     0.400498    11       106      
 1319.68 22      613      1.39169    1.76722    0.375522    9        125      
 1444.95 23      650      1.40094    1.7671     0.366159    9        129      
 1742.79 25      700      1.41339    1.76678    0.3534      8        139      
 2114.25 27      753      1.42889    1.76628    0.337391    10       151      
 2517.15 29      809      1.43966    1.766      0.32634     12       164      
 2688.83 30      850      1.44294    1.76597    0.323028    10       170      
 3118.93 32      900      1.46297    1.76567    0.302693    14       182      
 3428.17 34      951      1.4722     1.76546    0.293267    16       191      
 4037.74 36      1007     1.48041    1.7653     0.284888    16       208      
 4366.48 38      1063     1.48799    1.76501    0.277014    14       216      
 4786.07 39      1100     1.48966    1.76484    0.275179    20       226      
 4973.07 41      1150     1.49263    1.76381    0.271182    17       230      
Writing policy file: ./c763cac26e8_43_5109.86.policy
Intermediate policy written(interval: 5000)
 5109.86 43      1203     1.50225    1.76363    0.261384    18       234      
 5312.88 45      1259     1.50991    1.76345    0.253531    15       238      
 5588.48 46      1300     1.51162    1.76299    0.251366    24       244      
 5675.72 48      1350     1.51802    1.76292    0.244898    13       246      
 6049.75 50      1400     1.52403    1.76275    0.238717    15       254      
 6560.17 52      1450     1.52707    1.76269    0.235625    16       264      
 7003.3  54      1507     1.53371    1.76243    0.228725    15       274      
 7606.33 55      1550     1.53568    1.76239    0.226712    16       285      
 8274.62 57      1600     1.54095    1.762      0.221052    18       297      
 8985.75 59      1650     1.54585    1.76179    0.215934    16       310      
 9666.28 61      1703     1.55172    1.76163    0.209909    18       322      
 9915.26 63      1759     1.55513    1.76159    0.206462    18       327      
Writing policy file: ./c763cac26e8_64_10731.7.policy
Intermediate policy written(interval: 5000)
 10731.7 64      1800     1.55579    1.75987    0.204083    24       341      
 10986.6 66      1850     1.55785    1.75971    0.201859    21       347      
 11834.2 68      1900     1.56056    1.75962    0.199063    20       362      
 12037.7 70      1957     1.56464    1.75943    0.194792    19       367      
 12424.8 72      2011     1.56711    1.75923    0.192125    17       376      
 12690.2 73      2050     1.56828    1.75917    0.19089     17       381      
 13556.4 75      2100     1.56965    1.75906    0.189405    23       397      
 13790.8 77      2151     1.57441    1.75884    0.184424    19       403      
 14213.9 79      2205     1.57769    1.75855    0.180857    18       412      
 15302.3 81      2261     1.57964    1.75844    0.178802    23       430      
Writing policy file: ./c763cac26e8_82_16009.5.policy
Intermediate policy written(interval: 5000)
 16009.5 83      2300     1.58087    1.75834    0.177468    20       442      
 16519.2 84      2350     1.58243    1.75827    0.175842    26       451      
 17144.3 86      2400     1.58405    1.75811    0.174063    20       462      
 17567.2 88      2453     1.58593    1.75801    0.172078    21       470      
 18175.9 90      2507     1.58658    1.75792    0.171344    25       480      
 19246.7 92      2561     1.58802    1.75749    0.169467    24       494      
 20368   93      2600     1.58834    1.75748    0.169144    25       510      
 20915.6 95      2650     1.59254    1.75738    0.164839    19       523      
Writing policy file: ./c763cac26e8_97_21373.7.policy
Intermediate policy written(interval: 5000)
 21373.7 97      2705     1.59473    1.7573     0.162574    21       534      
-------------------------------------------------------------------------------

SARSOP finishing ...
  Preset timeout reached
  Timeout     : 20000.000000s
  Actual Time : 21373.740000s

-------------------------------------------------------------------------------
 Time   |#Trial |#Backup |LBound    |UBound    |Precision  |#Alphas |#Beliefs  
-------------------------------------------------------------------------------
 21373.7 97      2705     1.59473    1.7573     0.162574    21       534      
-------------------------------------------------------------------------------

Writing out policy ...
  output file : ./c763cac26e8.policyx

