
Loading the model ...
  input file   : /home/rstudio/pomdpplus/inst/notebook/tuna/115534937f1.pomdpx
  loading time : 77.38s 

SARSOP initializing ...
  initialization time : 69368.30s

-------------------------------------------------------------------------------
 Time   |#Trial |#Backup |LBound    |UBound    |Precision  |#Alphas |#Beliefs  
-------------------------------------------------------------------------------
 69368.3 0       0        0.608666   0.808043   0.199376    150      1        
-------------------------------------------------------------------------------

SARSOP finishing ...
  Preset timeout reached
  Timeout     : 40000.000000s
  Actual Time : 69368.300000s

-------------------------------------------------------------------------------
 Time   |#Trial |#Backup |LBound    |UBound    |Precision  |#Alphas |#Beliefs  
-------------------------------------------------------------------------------
 69387.3 0       1        0.644869   0.802836   0.157966    140      2        
-------------------------------------------------------------------------------

Writing out policy ...
  output file : tuna/115534937f1.policyx

