
Loading the model ...
  input file   : /home/rstudio/pomdpplus/inst/notebook/tuna/11b4db84db2.pomdpx
  loading time : 76.62s 

SARSOP initializing ...
  initialization time : 82267.08s

-------------------------------------------------------------------------------
 Time   |#Trial |#Backup |LBound    |UBound    |Precision  |#Alphas |#Beliefs  
-------------------------------------------------------------------------------
 82267.1 0       0        0.608666   0.807834   0.199167    150      1        
-------------------------------------------------------------------------------

SARSOP finishing ...
  Preset timeout reached
  Timeout     : 40000.000000s
  Actual Time : 82267.080000s

-------------------------------------------------------------------------------
 Time   |#Trial |#Backup |LBound    |UBound    |Precision  |#Alphas |#Beliefs  
-------------------------------------------------------------------------------
 82276.8 0       1        0.645161   0.802629   0.157468    140      2        
-------------------------------------------------------------------------------

Writing out policy ...
  output file : tuna/11b4db84db2.policyx

