
Loading the model ...
  input file   : /home/rstudio/inst/notebook/tuna-150/3b3df9eb63.pomdpx
  loading time : 13.48s 

SARSOP initializing ...
  initialization time : 6636.68s

-------------------------------------------------------------------------------
 Time   |#Trial |#Backup |LBound    |UBound    |Precision  |#Alphas |#Beliefs  
-------------------------------------------------------------------------------
 6636.68 0       0        3.37514    5.196      1.82086     150      1        
 6666.04 2       50       4.54123    5.17314    0.63191     198      33       
 6730.41 3       111      4.7556     5.17278    0.417176    108      55       
 6811.88 4       150      4.82545    5.17271    0.347268    92       77       
 6909.08 6       203      4.88088    5.17268    0.291797    110      98       
 6987.39 8       271      4.97407    5.17267    0.198601    154      131      
 7112.42 9       300      4.97407    5.17267    0.198601    176      159      
 7233.73 10      369      5.01043    5.17267    0.162243    196      178      
 7346.35 11      401      5.01713    5.17264    0.155508    211      193      
 7543.43 13      455      5.04638    5.17264    0.12626     245      218      
 7808.49 15      511      5.05869    5.17261    0.113922    281      245      
 8088.82 16      550      5.07756    5.17195    0.0943873   313      270      
 8392.67 17      600      5.08082    5.17195    0.0911317   346      296      
 8601.09 19      650      5.08567    5.17195    0.0862803   373      313      
 8860.39 20      700      5.10216    5.17195    0.0697847   402      346      
 9143.33 21      750      5.10587    5.17195    0.0660805   438      367      
 9542.65 22      800      5.10671    5.17195    0.0652411   456      392      
 9960.96 24      861      5.11085    5.17194    0.0610945   495      412      
 10438.1 25      900      5.11107    5.17194    0.0608784   524      432      
 11092.3 27      953      5.12034    5.17166    0.0513264   568      455      
 11871.8 28      1007     5.12063    5.17166    0.051036    607      481      
 12630.5 29      1055     5.1212     5.17166    0.0504609   625      504      
 13345.7 30      1100     5.12143    5.17166    0.0502297   647      526      
 14255.1 31      1150     5.1221     5.17166    0.0495593   684      556      
 14925.8 33      1209     5.12288    5.17166    0.0487784   729      577      
 15528.6 34      1250     5.12312    5.17166    0.0485459   760      599      
 16173   36      1305     5.12351    5.17166    0.0481467   799      621      
 17096.3 38      1361     5.1244     5.17166    0.0472556   847      647      
 17932   39      1400     5.12535    5.17166    0.0463106   872      670      
 18742.7 41      1453     5.126      5.17166    0.0456568   916      689      
 19925   43      1513     5.12624    5.17166    0.0454168   969      716      
 20963.6 44      1550     5.12656    5.17166    0.0450987   1005     737      
Writing policy file: tuna-150/3b3df9eb63_46_22098.8.policy
Intermediate policy written(interval: 15000)
 22098.8 46      1600     5.12661    5.17166    0.0450437   1041     756      
 23565.6 48      1653     5.12667    5.17166    0.0449819   1081     780      
 25056.7 50      1705     5.1267     5.17165    0.0449581   1127     804      
 26351.2 52      1755     5.12733    5.17165    0.0443263   1147     827      
 27790.4 54      1807     5.12769    5.17165    0.0439634   1186     851      
 29403.7 56      1861     5.12789    5.17165    0.0437572   1222     876      
 31109.2 58      1900     5.12799    5.17165    0.0436605   1256     900      
 32905.2 59      1950     5.12809    5.17165    0.043561    1302     923      
 34680.9 61      2000     5.12838    5.17165    0.0432698   1329     944      
 36120.1 63      2050     5.12895    5.17165    0.0426991   1327     965      
Writing policy file: tuna-150/3b3df9eb63_65_37659.4.policy
Intermediate policy written(interval: 15000)
 37659.4 65      2101     5.12916    5.17165    0.0424862   1369     986      
 39575.6 67      2155     5.13342    5.17124    0.0378118   1417     1012     
 41344.1 68      2203     5.13345    5.17124    0.0377872   1462     1035     
 43197.4 69      2250     5.13346    5.17124    0.0377764   1509     1057     
 45265.2 70      2300     5.13347    5.17124    0.0377703   1551     1083     
 47230.6 71      2350     5.13347    5.17124    0.0377658   1596     1110     
 48749.2 73      2415     5.1335     5.17124    0.0377363   1650     1132     
 49970.8 74      2453     5.13351    5.17124    0.0377237   1686     1150     
 52003.4 75      2500     5.13352    5.17124    0.0377146   1730     1176     
Writing policy file: tuna-150/3b3df9eb63_77_54187.7.policy
Intermediate policy written(interval: 15000)
 54187.7 77      2565     5.13353    5.17124    0.0377055   1778     1202     
 55853.1 78      2601     5.13355    5.17123    0.0376812   1808     1218     
 58737.5 79      2650     5.13358    5.17123    0.0376559   1855     1247     
 60797.7 81      2705     5.13359    5.17123    0.037649    1898     1265     
 63490.4 82      2750     5.1336     5.17123    0.0376337   1937     1289     
 66299.1 84      2809     5.13363    5.17123    0.0376076   1988     1312     
 68821.2 85      2850     5.13367    5.17123    0.0375683   2015     1334     
Writing policy file: tuna-150/3b3df9eb63_87_71450.1.policy
Intermediate policy written(interval: 15000)
 71450.1 87      2907     5.13374    5.17123    0.0374939   2060     1356     
 74420.2 88      2950     5.13382    5.17123    0.0374185   2095     1381     
 76926   90      3003     5.13383    5.17123    0.037402    2142     1399     
 80616.6 91      3050     5.13384    5.17123    0.0373977   2180     1427     
 83103.1 93      3101     5.13392    5.17123    0.0373168   2226     1442     
Writing policy file: tuna-150/3b3df9eb63_94_87355.8.policy
Intermediate policy written(interval: 15000)
 87355.8 95      3150     5.13397    5.17123    0.037267    2262     1472     
 89357.6 96      3200     5.134      5.17123    0.0372337   2312     1487     
 93077.5 98      3263     5.13406    5.17123    0.0371701   2354     1515     
 95337.9 99      3300     5.1341     5.17123    0.0371287   2377     1534     
 97870.6 101     3359     5.13411    5.17123    0.0371154   2436     1558     
 100965  102     3400     5.13411    5.17123    0.0371149   2459     1581     
Writing policy file: tuna-150/3b3df9eb63_104_102895.policy
Intermediate policy written(interval: 15000)
 102895  104     3450     5.13412    5.17123    0.0371065   2509     1597     
 106770  106     3509     5.13412    5.17122    0.0371038   2527     1624     
 110495  107     3550     5.13412    5.17122    0.0371026   2550     1648     
 113057  109     3600     5.13413    5.17122    0.0370908   2600     1665     
 116747  111     3653     5.13414    5.17122    0.0370876   2624     1686     
Writing policy file: tuna-150/3b3df9eb63_113_120563.policy
Intermediate policy written(interval: 15000)
 120563  113     3709     5.13414    5.17122    0.0370849   2680     1711     
 125198  114     3750     5.13414    5.17122    0.0370847   2686     1735     
 128099  116     3800     5.13414    5.17122    0.0370843   2736     1752     
 132730  118     3853     5.13414    5.17122    0.0370802   2766     1773     
Writing policy file: tuna-150/3b3df9eb63_120_137217.policy
Intermediate policy written(interval: 15000)
 137217  120     3909     5.13414    5.17122    0.0370796   2822     1797     
 142783  121     3950     5.13414    5.17122    0.0370793   2832     1821     
 146970  123     4000     5.13416    5.17122    0.037068    2882     1841     
 151454  125     4050     5.13416    5.17122    0.037064    2912     1859     
Writing policy file: tuna-150/3b3df9eb63_127_155188.policy
Intermediate policy written(interval: 15000)
 155188  127     4101     5.13416    5.17122    0.0370628   2963     1881     
-------------------------------------------------------------------------------

SARSOP finishing ...
  Preset timeout reached
  Timeout     : 150000.000000s
  Actual Time : 155187.750000s

-------------------------------------------------------------------------------
 Time   |#Trial |#Backup |LBound    |UBound    |Precision  |#Alphas |#Beliefs  
-------------------------------------------------------------------------------
 155188  127     4101     5.13416    5.17122    0.0370628   2959     1881     
-------------------------------------------------------------------------------

Writing out policy ...
  output file : tuna-150/3b3df9eb63.policyx

