
Loading the model ...
  input file   : /home/rstudio/pomdp-solutions-library/tuna/55a713463fd.pomdpx
  loading time : 22.04s 

SARSOP initializing ...
  initialization time : 18213.44s

-------------------------------------------------------------------------------
 Time   |#Trial |#Backup |LBound    |UBound    |Precision  |#Alphas |#Beliefs  
-------------------------------------------------------------------------------
 18213.4 0       0        3.38036    5.16096    1.7806      100      1        
 18215.7 1       50       4.46746    5.13801    0.670543    148      23       
 18217   1       100      4.46746    5.13801    0.670543    198      25       
 18222.4 2       181      4.5493     5.13801    0.588708    178      26       
 18233   3       200      4.70756    5.138      0.430442    192      39       
 18249   4       250      4.8072     5.13798    0.330788    230      69       
 18256   5       300      4.88966    5.13798    0.248322    171      75       
 18259   6       351      4.89596    5.13798    0.242026    162      78       
 18276.5 7       405      4.94968    5.13796    0.188281    181      105      
 18297.1 8       450      4.98822    5.13795    0.149731    179      129      
 18320.7 9       500      5.01202    5.13794    0.125917    197      160      
 18339.4 11      563      5.04879    5.13793    0.0891486   225      183      
 18358.6 12      600      5.06078    5.13793    0.0771581   238      202      
 18376.2 13      650      5.07984    5.13792    0.0580772   226      216      
 18384.7 14      751      5.08571    5.13792    0.0522082   277      222      
 18386.8 14      752      5.08571    5.13792    0.0522082   278      223      
 18423.2 15      813      5.09298    5.1379     0.0449272   290      253      
 18454.2 16      857      5.09924    5.1379     0.0386572   306      274      
 18487.1 17      900      5.1024     5.1379     0.0354962   317      295      
 18524.9 19      971      5.113      5.13789    0.0248861   332      319      
 18561.8 19      1000     5.113      5.13789    0.0248861   350      348      
 18599.7 20      1050     5.11559    5.13787    0.0222815   379      367      
 18645.5 21      1100     5.11823    5.13786    0.0196298   405      391      
 18698.6 22      1150     5.11963    5.13786    0.0182303   447      415      
 18754.5 23      1200     5.12136    5.13785    0.0164912   481      440      
 18786.3 24      1250     5.12251    5.13785    0.015335    429      465      
 18793.3 24      1300     5.12251    5.13785    0.015335    359      465      
 18807.7 25      1407     5.12407    5.13784    0.0137668   312      471      
 18810.6 25      1408     5.12407    5.13784    0.0137668   283      472      
 18865.3 26      1477     5.12486    5.13783    0.0129665   187      506      
 18895.5 26      1500     5.12486    5.13783    0.0129665   170      529      
 18927   27      1550     5.12548    5.13782    0.0123424   150      546      
 18971.2 28      1607     5.12628    5.13781    0.011534    123      571      
 19029.1 29      1673     5.12681    5.1378     0.0109904   116      604      
 19075.9 29      1700     5.12681    5.1378     0.0109904   110      631      
 19109.5 30      1750     5.12725    5.13779    0.0105439   103      648      
 19161.7 31      1805     5.12771    5.13778    0.0100773   93       670      
Writing policy file: tuna//55a713463fd_32_19228.policy
Intermediate policy written(interval: 1000)
 19228   32      1871     5.12822    5.13778    0.00955933  86       703      
 19282   32      1900     5.12822    5.13778    0.00955933  83       732      
 19309.4 33      1950     5.12857    5.13777    0.00919834  83       745      
 19368.4 34      2013     5.12894    5.13777    0.00882961  42       772      
 19444.9 35      2085     5.12923    5.13776    0.0085297   34       808      
 19470.7 35      2100     5.12923    5.13776    0.0085297   40       823      
 19534.6 36      2159     5.12958    5.13775    0.0081687   39       844      
 19580.3 37      2237     5.13026    5.13775    0.00749419  55       877      
 19598.9 37      2250     5.13026    5.13775    0.00749419  55       890      
 19659.8 38      2331     5.13044    5.13775    0.00730967  56       924      
 19691.4 38      2350     5.13044    5.13775    0.00730967  58       943      
 19752.1 39      2425     5.13052    5.13774    0.00721577  56       971      
 19801.2 39      2450     5.13052    5.13774    0.00721577  61       996      
 19856.6 40      2519     5.13064    5.13773    0.00708835  54       1017     
 19927.3 40      2550     5.13064    5.13773    0.00708835  60       1048     
 19981   41      2615     5.13073    5.13773    0.00699457  62       1065     
 20077.9 41      2650     5.13073    5.13773    0.00699457  58       1100     
 20129   42      2711     5.13084    5.13772    0.00687885  64       1113     
Writing policy file: tuna//55a713463fd_42_20252.8.policy
Intermediate policy written(interval: 1000)
 20252.8 42      2750     5.13084    5.13772    0.00687885  58       1152     
 20294.5 43      2807     5.1309     5.13771    0.0068075   64       1161     
 20461.5 43      2850     5.1309     5.13771    0.0068075   63       1204     
 20492.3 44      2901     5.13099    5.1377     0.00670489  60       1208     
 20698.1 45      2997     5.13108    5.13769    0.00660398  67       1255     
 20700.2 45      3000     5.13108    5.13769    0.00660398  65       1256     
 20832.8 46      3050     5.13118    5.13769    0.00650997  78       1299     
 20882.8 47      3109     5.13126    5.13768    0.00642105  78       1309     
 21012.1 47      3150     5.13126    5.13768    0.00642105  73       1350     
 21056.4 48      3209     5.13137    5.13767    0.00629454  74       1359     
 21206.6 48      3250     5.13137    5.13767    0.00629454  82       1400     
Memory limit reached, trying to write out policy

-------------------------------------------------------------------------------
 Time   |#Trial |#Backup |LBound    |UBound    |Precision  |#Alphas |#Beliefs  
-------------------------------------------------------------------------------
 21238.1 48      3258     5.13137    5.13767    0.00629454  90       1407     
-------------------------------------------------------------------------------

Writing out policy ...
  output file : tuna//55a713463fd.policyx

