
Loading the model ...
  input file   : /home/rstudio/pomdp-solutions-library/541fddbb0d.pomdpx
  loading time : 4.69s 

SARSOP initializing ...
  initialization time : 738.02s

-------------------------------------------------------------------------------
 Time   |#Trial |#Backup |LBound    |UBound    |Precision  |#Alphas |#Beliefs  
-------------------------------------------------------------------------------
 738.02  0       0        2.48165    4.2481     1.76645     100      1        
 760.86  3       51       3.61294    4.07173    0.458785    34       25       
 812.93  5       100      3.6875     4.06982    0.382321    42       46       
 879.92  8       155      3.73397    4.06887    0.334896    30       63       
 988.27  10      200      3.74354    4.06859    0.325046    37       81       
 1130.78 13      259      3.75619    4.06842    0.312234    26       99       
 1220.66 15      303      3.76289    4.06824    0.305358    23       110      
 1456.31 17      350      3.76647    4.06797    0.301499    26       129      
 1689.55 20      405      3.76982    4.06756    0.297746    24       145      
 1939.95 22      450      3.77172    4.06745    0.295728    25       160      
 2306.69 25      505      3.77365    4.06741    0.293757    29       178      
 2690.39 27      550      3.7747     4.0668     0.292099    29       194      
 3145.5  30      607      3.77592    4.06651    0.290596    34       212      
 3475.18 32      650      3.77747    4.06629    0.288823    32       225      
 4010.28 35      705      3.77822    4.06609    0.28787     37       243      
 4488.86 37      750      3.77841    4.06577    0.287364    43       257      
 4731.95 40      800      3.77903    4.06569    0.286658    37       265      
 5432.48 43      853      3.77913    4.06569    0.286555    43       282      
Writing policy file: ./541fddbb0d_46_6160.52.policy
Intermediate policy written(interval: 5000)
