
Loading the model ...
  input file   : /home/rstudio/pomdp-solutions-library/542fddbb0d.pomdpx
  loading time : 4.53s 

SARSOP initializing ...
  initialization time : 1533.69s

-------------------------------------------------------------------------------
 Time   |#Trial |#Backup |LBound    |UBound    |Precision  |#Alphas |#Beliefs  
-------------------------------------------------------------------------------
 1533.69 0       0        0.591591   1.79358    1.20198     100      1        
 1543.08 2       50       1.05572    1.70062    0.644898    14       28       
 1564.17 4       100      1.27373    1.70059    0.426857    12       50       
 1583.67 7       161      1.46692    1.70051    0.233589    9        64       
 1612.73 9       209      1.52558    1.70047    0.174886    10       82       
 1648.53 11      257      1.56176    1.70044    0.138678    9        99       
 1694.1  13      305      1.59259    1.70042    0.107823    10       118      
 1748.49 15      355      1.6142     1.7004     0.0862015   10       137      
 1815.94 17      407      1.63248    1.70034    0.0678638   11       155      
 1891.48 19      459      1.64354    1.70031    0.0567645   13       174      
 1960.56 21      507      1.65458    1.70028    0.045696    12       190      
 2052.05 23      555      1.66076    1.70025    0.0394879   12       210      
 2126.7  25      603      1.66638    1.70021    0.0338239   11       224      
 2228.12 27      651      1.67196    1.70016    0.0281982   12       241      
 2336.36 29      701      1.67687    1.70013    0.0232573   13       257      
 2450.48 31      751      1.67983    1.70011    0.0202721   15       273      
 2560.47 33      800      1.68149    1.70009    0.0186039   13       288      
 2706.04 35      850      1.6843     1.70001    0.0157156   15       306      
 2869.51 37      900      1.6863     1.69999    0.0136862   16       326      
 3031.43 39      950      1.68771    1.69996    0.0122545   18       345      
 3200.85 41      1000     1.68871    1.69996    0.0112488   18       364      
 3379.53 43      1050     1.68974    1.69995    0.0102079   19       379      
 3539.63 46      1111     1.69084    1.69993    0.00909021  20       394      
 3776.64 48      1159     1.69169    1.69991    0.00822328  20       411      
 4001.26 50      1203     1.69224    1.69987    0.00763687  20       428      
 4193.07 52      1250     1.69281    1.69986    0.0070538   21       443      
 4483.51 54      1300     1.6933     1.69985    0.00655462  21       462      
 4729.75 57      1357     1.69389    1.69983    0.00594059  22       477      
 4979.91 59      1401     1.69424    1.6998     0.00556171  26       493      
 5287.32 61      1450     1.69454    1.6998     0.00526064  24       511      
 5641.51 64      1507     1.69495    1.69978    0.00483131  25       528      
 5885.13 66      1550     1.69518    1.69978    0.00459988  29       541      
 6318.17 69      1607     1.69553    1.69978    0.00424508  26       558      
Writing policy file: ./542fddbb0d_71_6635.82.policy
Intermediate policy written(interval: 5000)
 6635.82 71      1650     1.69574    1.69975    0.0040116   28       570      
 7086.43 74      1707     1.696      1.69974    0.00373232  30       589      
 7408.5  76      1750     1.69613    1.69973    0.00360095  34       608      
 7678.71 79      1800     1.69632    1.69973    0.00340936  32       620      
 8024.67 82      1851     1.69648    1.69971    0.0032249   35       636      
 8593.1  85      1905     1.69667    1.69969    0.00301523  35       657      
 9129.59 88      1955     1.69678    1.69967    0.0028817   42       674      
 9641.41 91      2005     1.69692    1.69963    0.00270468  42       694      
 10186   94      2053     1.69705    1.6996     0.00255162  41       717      
 10736.9 97      2101     1.69716    1.69954    0.00238187  42       740      
 11251.4 100     2150     1.69725    1.69951    0.00226486  43       760      
Writing policy file: ./542fddbb0d_103_11794.6.policy
Intermediate policy written(interval: 5000)
 11794.6 103     2200     1.69732    1.69948    0.00215904  45       781      
 12553.1 106     2250     1.69741    1.69943    0.00201677  47       806      
 13210.6 109     2300     1.6975     1.6994     0.00190123  45       826      
 13992.2 112     2350     1.6976     1.69935    0.00175152  46       848      
 14698.3 115     2400     1.69766    1.69932    0.00165663  49       868      
 15531.4 118     2451     1.69774    1.69928    0.00153833  48       890      
 16513.1 121     2505     1.69782    1.69924    0.00142492  46       915      
Writing policy file: ./542fddbb0d_123_17074.1.policy
Intermediate policy written(interval: 5000)
 17074.1 123     2550     1.69786    1.69922    0.00135902  47       933      
 17794.7 126     2600     1.69792    1.69919    0.00126799  50       956      
 18481.1 129     2653     1.69798    1.69916    0.00118858  49       977      
 19136   132     2707     1.69803    1.69913    0.00109434  49       1000     
 19725.5 134     2750     1.69806    1.69912    0.00105191  52       1022     
 20353.5 137     2803     1.69811    1.69909    0.000982644 51       1042     
 21040.7 139     2850     1.69814    1.69907    0.000936093 50       1066     
 21976.2 142     2905     1.69819    1.69905    0.000860253 54       1090     
Writing policy file: ./542fddbb0d_144_22595.5.policy
Intermediate policy written(interval: 5000)
 22595.5 144     2950     1.69822    1.69904    0.000825675 57       1112     
-------------------------------------------------------------------------------

SARSOP finishing ...
  Preset timeout reached
  Timeout     : 20000.000000s
  Actual Time : 22595.550000s

-------------------------------------------------------------------------------
 Time   |#Trial |#Backup |LBound    |UBound    |Precision  |#Alphas |#Beliefs  
-------------------------------------------------------------------------------
 22595.6 144     2950     1.69822    1.69904    0.000825675 57       1112     
-------------------------------------------------------------------------------

Writing out policy ...
  output file : ./542fddbb0d.policyx

