
Loading the model ...
  input file   : /home/rstudio/pomdp-solutions-library/6ac36df2138.pomdpx
  loading time : 4.76s 

SARSOP initializing ...
  initialization time : 671.06s

-------------------------------------------------------------------------------
 Time   |#Trial |#Backup |LBound    |UBound    |Precision  |#Alphas |#Beliefs  
-------------------------------------------------------------------------------
 671.06  0       0        2.48165    4.27575    1.7941      100      1        
 675.4   3       50       3.82111    4.10211    0.281006    36       28       
 680.79  5       100      3.9354     4.10199    0.166594    41       45       
 687.28  7       155      3.98402    4.10203    0.118012    27       61       
 702.31  9       200      4.01887    4.10192    0.0830445   28       84       
 723.66  11      253      4.04208    4.10178    0.0596906   27       110      
 747.63  13      300      4.05519    4.10162    0.0464286   19       132      
 780.01  15      350      4.06278    4.10153    0.038748    25       158      
 814.89  18      400      4.06709    4.10142    0.0343284   19       183      
 847.44  20      455      4.07318    4.10128    0.0280991   17       203      
 881.46  22      501      4.07692    4.10113    0.0242069   15       223      
 930.82  24      550      4.07867    4.10102    0.0223507   18       249      
 982.99  27      600      4.08009    4.101      0.0209119   19       273      
 1025.15 29      655      4.08156    4.10095    0.0193864   20       291      
 1073.43 31      701      4.08301    4.10092    0.0179114   16       311      
 1133.04 33      750      4.08375    4.1009     0.0171467   21       334      
 1204.79 35      800      4.08481    4.10082    0.0160132   21       360      
 1284.3  38      861      4.08536    4.1008     0.0154409   22       384      
 1346.03 40      905      4.08577    4.10071    0.0149429   19       402      
 1411.83 42      950      4.08613    4.10067    0.0145474   28       421      
 1505.78 44      1000     4.08642    4.10066    0.0142354   29       445      
 1587.65 46      1050     4.08656    4.10065    0.014091    30       466      
 1670.96 48      1100     4.08742    4.10061    0.0131924   27       487      
 1764.13 50      1150     4.08777    4.10059    0.0128123   29       509      
 1868.47 53      1207     4.08804    4.10056    0.0125161   25       530      
 1946.41 55      1255     4.0885     4.10051    0.0120119   24       548      
 2056.62 57      1303     4.08867    4.1005     0.0118258   28       570      
 2159.69 59      1351     4.08887    4.10046    0.0115893   29       590      
 2287.85 61      1400     4.08898    4.10045    0.0114682   30       613      
 2410.52 63      1450     4.08912    4.10038    0.0112525   30       635      
 2552.33 65      1500     4.08929    4.10036    0.0110694   32       658      
 2696.51 67      1550     4.08936    4.10035    0.0109818   36       681      
 2839.36 70      1609     4.08946    4.1003     0.0108445   34       703      
 2995.17 72      1655     4.08973    4.10023    0.0105049   39       725      
 3135.93 74      1703     4.08976    4.10022    0.0104674   42       744      
 3252.86 76      1750     4.08984    4.1002     0.010358    43       762      
 3421.56 78      1800     4.08988    4.10019    0.0103072   34       784      
 3631.28 80      1850     4.08992    4.10017    0.0102465   42       809      
 3801.78 83      1911     4.08995    4.10016    0.010204    44       829      
 3993.67 85      1957     4.09       4.10012    0.0101295   42       850      
 4181.58 87      2005     4.09004    4.10012    0.0100746   41       871      
 4385.38 89      2055     4.09019    4.1001     0.00991458  37       892      
 4580.3  91      2101     4.09025    4.1001     0.00984236  48       912      
 4801.69 93      2150     4.09028    4.10009    0.00980693  44       933      
 5113.88 95      2200     4.09031    4.10001    0.00969746  42       959      
 5456.15 98      2250     4.09034    4.10001    0.00966374  48       982      
Writing policy file: ./6ac36df2138_100_5757.55.policy
Intermediate policy written(interval: 5000)
 5757.55 100     2309     4.09039    4.09999    0.00960658  51       1002     
 6009.74 102     2355     4.0904     4.09998    0.00958177  47       1020     
Memory limit reached, trying to write out policy

-------------------------------------------------------------------------------
 Time   |#Trial |#Backup |LBound    |UBound    |Precision  |#Alphas |#Beliefs  
-------------------------------------------------------------------------------
 6050.2  102     2358     4.0904     4.09998    0.00958177  50       1022     
-------------------------------------------------------------------------------

Writing out policy ...
  output file : ./6ac36df2138.policyx

