
Loading the model ...
  input file   : /home/rstudio/pomdp-solutions-library/ef7d3b6834.pomdpx
  loading time : 4.47s 

SARSOP initializing ...
  initialization time : 959.20s

-------------------------------------------------------------------------------
 Time   |#Trial |#Backup |LBound    |UBound    |Precision  |#Alphas |#Beliefs  
-------------------------------------------------------------------------------
 959.2   0       0        1.13504    1.93225    0.797211    100      1        
 963.04  3       57       1.51508    1.84499    0.329912    20       21       
 976.01  5       100      1.65601    1.84486    0.188852    15       40       
 1003.26 7       150      1.70554    1.8448     0.139254    14       63       
 1023.15 10      203      1.75103    1.84471    0.0936775   23       76       
 1076.98 12      250      1.77408    1.84462    0.0705419   20       101      
 1123.69 14      300      1.78536    1.84457    0.0592145   23       120      
 1204.73 17      359      1.79906    1.8444     0.0453353   19       145      
 1277.31 19      400      1.80774    1.84427    0.0365392   15       164      
 1356.99 21      450      1.81114    1.84421    0.03307     24       185      
 1479.43 24      509      1.81667    1.84407    0.0273987   20       211      
 1594.39 26      555      1.81894    1.844      0.0250546   23       232      
 1672.75 28      603      1.8205     1.84394    0.0234398   25       247      
 1816.98 30      650      1.8229     1.84385    0.0209518   23       271      
 2038.18 32      700      1.82414    1.84377    0.019632    26       296      
 2347.95 34      750      1.82501    1.84369    0.0186843   31       322      
 2661.13 37      809      1.82636    1.84364    0.0172758   29       345      
 2861    39      859      1.82721    1.84358    0.0163708   27       360      
 3236.25 41      907      1.82783    1.84355    0.0157234   31       382      
 3620.98 43      957      1.82831    1.84352    0.0152113   35       404      
 4082.66 45      1007     1.82883    1.84343    0.0145946   30       428      
 4545.75 47      1057     1.82912    1.84341    0.0142838   33       451      
 5035.1  49      1103     1.82935    1.84339    0.0140333   38       473      
 5596.21 51      1150     1.82948    1.84327    0.0137927   36       495      
Writing policy file: ./ef7d3b6834_53_6257.31.policy
Intermediate policy written(interval: 5000)
 6257.31 53      1200     1.82967    1.84325    0.0135814   42       520      
 6949.31 55      1250     1.82992    1.84316    0.013247    38       546      
 7365.99 57      1300     1.83029    1.84315    0.0128535   37       560      
 7963.43 59      1350     1.83095    1.84312    0.0121686   40       583      
 8654.85 61      1400     1.83113    1.84311    0.0119797   39       606      
 9485.8  63      1450     1.83125    1.84309    0.0118312   42       630      
 10251.2 65      1500     1.83137    1.84302    0.011649    39       651      
 11042.8 67      1550     1.83148    1.84296    0.0114818   51       672      
Writing policy file: ./ef7d3b6834_69_11870.2.policy
Intermediate policy written(interval: 5000)
 11870.2 69      1600     1.83152    1.84291    0.0113911   56       694      
 12951.5 71      1650     1.83156    1.84285    0.0112898   53       719      
 13986.7 73      1700     1.83164    1.84277    0.0111348   51       743      
 15053.4 75      1750     1.83167    1.84272    0.0110497   61       765      
 16250.2 77      1800     1.83174    1.8427     0.0109673   67       789      
Writing policy file: ./ef7d3b6834_79_17245.8.policy
Intermediate policy written(interval: 5000)
 17245.8 79      1850     1.8318     1.84269    0.0108929   64       808      
 18521.4 81      1900     1.83182    1.84264    0.0108258   61       832      
 19621.5 83      1950     1.83198    1.84263    0.0106494   57       855      
 20689.7 85      2000     1.83202    1.84262    0.0106019   56       878      
 21835.8 87      2050     1.83213    1.8426     0.0104727   56       902      
Writing policy file: ./ef7d3b6834_89_22819.4.policy
Intermediate policy written(interval: 5000)
 22819.4 89      2100     1.83227    1.84258    0.0103159   59       924      
-------------------------------------------------------------------------------

SARSOP finishing ...
  Preset timeout reached
  Timeout     : 20000.000000s
  Actual Time : 22819.380000s

-------------------------------------------------------------------------------
 Time   |#Trial |#Backup |LBound    |UBound    |Precision  |#Alphas |#Beliefs  
-------------------------------------------------------------------------------
 22819.4 89      2100     1.83227    1.84258    0.0103159   59       924      
-------------------------------------------------------------------------------

Writing out policy ...
  output file : ./ef7d3b6834.policyx

