
Loading the model ...
  input file   : /home/rstudio/pomdp-solutions-library/4d7e74e760d7.pomdpx
  loading time : 0.19s 

SARSOP initializing ...
  initialization time : 3.14s

-------------------------------------------------------------------------------
 Time   |#Trial |#Backup |LBound    |UBound    |Precision  |#Alphas |#Beliefs  
-------------------------------------------------------------------------------
 3.14    0       0        1.55436    2.56139    1.00704     30       1        
 3.2     4       51       2.28193    2.48076    0.198827    16       26       
 3.3     7       100      2.38807    2.48059    0.0925226   31       50       
 3.36    9       150      2.41968    2.48043    0.0607494   44       64       
 3.5     10      200      2.43499    2.48042    0.0454322   64       88       
 3.66    12      250      2.44852    2.4803     0.0317793   102      111      
 3.82    13      300      2.45769    2.48029    0.0226078   120      128      
 4.01    15      359      2.46405    2.48025    0.0162015   166      144      
 4.38    17      413      2.4681     2.48017    0.0120647   194      169      
 4.66    18      453      2.46926    2.48016    0.010897    223      187      
 5.04    20      500      2.4709     2.48014    0.00924271  223      208      
 5.65    22      561      2.47242    2.48009    0.00766959  229      235      
 6.09    23      600      2.4731     2.48007    0.00697018  249      255      
 6.65    26      659      2.47371    2.48001    0.00630457  262      275      
 7.44    28      715      2.47446    2.47995    0.00549732  302      301      
 8.01    29      750      2.47458    2.47993    0.00535281  302      321      
 8.89    30      800      2.4749     2.47992    0.00501772  122      345      
 9.33    32      865      2.47521    2.4799     0.00469151  106      359      
 9.72    33      900      2.47527    2.47989    0.00462044  88       375      
 10.19   35      953      2.47551    2.47987    0.00435431  73       395      
 10.78   37      1013     2.47566    2.47984    0.00418886  63       418      
 11.22   38      1050     2.47573    2.47982    0.00408294  59       434      
 11.69   40      1107     2.47583    2.4798     0.00397318  52       453      
 12.18   41      1165     2.47592    2.47978    0.00385913  46       473      
 12.6    42      1223     2.47598    2.47977    0.00379245  47       491      
 13.15   42      1250     2.47598    2.47977    0.00379245  48       515      
 13.64   44      1311     2.47605    2.47972    0.00366678  44       530      
 14.14   45      1371     2.47611    2.47971    0.00359517  51       545      
 14.6    46      1403     2.47614    2.4797     0.0035526   50       559      
 15.21   47      1463     2.47618    2.47969    0.00351085  45       579      
 15.81   48      1523     2.47621    2.47968    0.00346951  52       596      
 16.13   49      1550     2.47622    2.47968    0.00345335  52       605      
 17.03   51      1607     2.47625    2.47966    0.00341129  54       629      
 17.87   53      1655     2.47626    2.47963    0.00336467  58       650      
 18.56   54      1715     2.47628    2.47962    0.00333959  71       667      
 19.25   55      1775     2.47631    2.4796     0.00329398  78       684      
 19.73   55      1800     2.47631    2.4796     0.00329398  78       697      
 20.34   56      1850     2.47631    2.4796     0.00328279  73       710      
 20.6    57      1900     2.47632    2.47959    0.00326813  73       714      
 21.47   58      1959     2.47638    2.47958    0.00320154  78       737      
 22.13   59      2000     2.4764     2.47958    0.00318029  79       752      
 22.91   60      2059     2.4764     2.47957    0.00316371  79       770      
 23.83   61      2121     2.47641    2.47956    0.00314792  89       792      
 24.36   62      2150     2.47642    2.47955    0.00313907  87       802      
 25.37   63      2211     2.47643    2.47954    0.00311665  89       823      
 26.04   64      2250     2.47643    2.47952    0.00308803  87       836      
 27.35   65      2300     2.47644    2.47951    0.00306467  68       862      
 28.24   67      2359     2.47646    2.47949    0.00303534  74       878      
 29.37   68      2400     2.47646    2.47949    0.00302485  75       898      
 29.85   69      2450     2.47647    2.47948    0.00300773  79       907      
 31.27   70      2500     2.47647    2.47947    0.0030024   76       933      
 31.62   71      2550     2.47648    2.47945    0.00297117  70       939      
 32.91   73      2613     2.47648    2.47944    0.00296011  74       962      
 33.89   74      2657     2.47649    2.47943    0.00294901  76       979      
 34.77   76      2711     2.47649    2.47943    0.00294115  81       993      
 35.79   77      2753     2.47649    2.47942    0.00292836  79       1010     
 37.16   78      2800     2.47649    2.47941    0.00292156  79       1032     
 38.38   80      2869     2.4765     2.4794     0.00290488  79       1052     
 39.45   81      2905     2.4765     2.47939    0.00289295  83       1069     
 40.83   82      2950     2.4765     2.47939    0.00288981  89       1090     
 42.54   84      3029     2.47656    2.47935    0.00279552  80       1116     
 43.58   85      3067     2.47656    2.47935    0.00278962  83       1130     
 44.59   86      3113     2.47656    2.47933    0.00276928  89       1144     
 45.81   87      3150     2.47657    2.47933    0.0027612   91       1161     
 46.55   88      3203     2.47657    2.47933    0.00275756  113      1171     
 47.94   90      3263     2.47657    2.47932    0.00275158  113      1189     
 48.73   91      3300     2.47657    2.47932    0.0027498   111      1199     
 50.6    92      3350     2.47657    2.47932    0.00274414  113      1224     
 52.39   94      3415     2.47658    2.4793     0.0027258   103      1247     
 53.18   95      3450     2.47658    2.4793     0.00272357  109      1256     
 54.82   97      3509     2.47658    2.47929    0.00271134  106      1276     
 56.45   98      3550     2.47658    2.47929    0.00270613  107      1295     
 56.95   99      3600     2.47658    2.47929    0.00270361  105      1300     
 58.96   100     3650     2.47658    2.47928    0.00269868  92       1325     
 60.5    102     3709     2.47658    2.47926    0.00267413  87       1343     
 62.27   103     3750     2.47659    2.47925    0.00266473  87       1363     
 63.83   105     3817     2.47659    2.47925    0.0026603   90       1381     
 65.24   106     3881     2.47659    2.47925    0.00265897  95       1399     
 66.42   106     3900     2.47659    2.47925    0.00265897  92       1413     
 66.76   107     3950     2.47659    2.47924    0.00265089  97       1417     
 69.02   108     4000     2.47659    2.47924    0.00264957  105      1442     
 70.38   110     4059     2.47659    2.47923    0.00264258  113      1455     
 72.23   111     4100     2.47659    2.47923    0.00264139  108      1474     
 73.48   113     4153     2.47659    2.47923    0.00263766  109      1486     
 75.38   114     4200     2.47659    2.47922    0.00263292  115      1505     
 77.66   115     4250     2.47659    2.47922    0.00263194  122      1529     
 78.93   116     4300     2.47659    2.47922    0.00262531  123      1540     
 80.81   118     4365     2.47659    2.47921    0.0026168   118      1557     
 83.08   119     4429     2.47659    2.47918    0.0025882   119      1580     
 84.4    119     4450     2.47659    2.47918    0.0025882   118      1594     
 86.07   121     4515     2.4766     2.47918    0.00258147  118      1609     
 87.37   122     4579     2.4766     2.47917    0.00257307  121      1623     
 88.74   122     4600     2.4766     2.47917    0.00257307  120      1638     
 89.32   123     4650     2.4766     2.47917    0.00257094  126      1642     
 91.84   124     4700     2.4766     2.47917    0.00256844  129      1665     
 92.17   125     4750     2.4766     2.47916    0.00256412  141      1666     
 93.95   126     4809     2.4766     2.47916    0.00256233  141      1683     
 95.69   127     4850     2.4766     2.47916    0.0025566   143      1698     
 98.56   128     4900     2.4766     2.47915    0.00255187  146      1724     
 100.32  130     4963     2.4766     2.47914    0.00253856  141      1738     
 101.75  132     5011     2.4766     2.47914    0.00253543  147      1749     
 104.06  133     5050     2.4766     2.47914    0.00253342  144      1766     
 106.31  134     5113     2.4766     2.47913    0.00252528  147      1787     
 107.81  135     5153     2.4766     2.47913    0.00252378  148      1799     
 110.31  136     5200     2.4766     2.4791     0.00249938  150      1819     
 112.3   138     5259     2.4766     2.4791     0.00249845  152      1833     
 114.43  140     5311     2.4766     2.4791     0.00249674  153      1849     
 115.98  141     5350     2.4766     2.4791     0.00249608  147      1860     
 118.86  143     5413     2.4766     2.47909    0.00249029  145      1882     
 120.85  144     5451     2.47661    2.47907    0.00246463  149      1896     
 123.51  145     5513     2.47661    2.47905    0.00243597  157      1918     
 125.42  146     5550     2.47661    2.47904    0.00243444  158      1932     
 127.97  147     5600     2.47661    2.47904    0.00243089  170      1950     
 130.85  149     5663     2.47661    2.47902    0.00240899  166      1972     
 132.69  150     5700     2.47661    2.47902    0.00240785  167      1984     
 136.04  151     5750     2.47661    2.47902    0.00240586  173      2008     
 138.26  153     5813     2.47661    2.47901    0.00239716  177      2023     
 139.85  154     5851     2.47661    2.47901    0.00239278  182      2035     
 141.2   156     5903     2.47661    2.479      0.00239145  182      2043     
 143.48  157     5965     2.47661    2.479      0.00238805  159      2061     
 145.5   158     6011     2.47661    2.479      0.00238717  158      2076     
 148.29  159     6073     2.47661    2.479      0.002387    151      2095     
 150.7   160     6117     2.47661    2.479      0.00238687  154      2112     
 151.64  161     6150     2.47661    2.479      0.00238676  155      2117     
 154     163     6200     2.47661    2.479      0.00238669  165      2134     
 156.41  164     6257     2.47661    2.479      0.0023842   167      2150     
 158.7   165     6300     2.47661    2.47899    0.00237895  164      2165     
 161.52  167     6357     2.47661    2.47899    0.00237545  162      2182     
 163.89  168     6400     2.47661    2.47899    0.00237098  155      2197     
 166.37  169     6455     2.47661    2.47898    0.00236312  160      2214     
 168.8   170     6515     2.47661    2.47897    0.0023594   165      2231     
 170.81  171     6555     2.47661    2.47897    0.00235899  167      2243     
 174.2   172     6600     2.47661    2.47896    0.00234445  174      2265     
 175.15  174     6650     2.47661    2.47896    0.0023415   178      2269     
 178.56  175     6700     2.47661    2.47896    0.0023411   177      2291     
 180.7   177     6755     2.47662    2.47895    0.00233844  173      2303     
 182.59  179     6809     2.47662    2.47895    0.00233261  175      2313     
 184.97  180     6851     2.47662    2.47893    0.00231889  168      2327     
 187.5   181     6913     2.47662    2.47893    0.00231689  173      2343     
 189.69  182     6951     2.47662    2.47893    0.00231151  172      2356     
 192.34  183     7000     2.47662    2.47893    0.00230965  179      2372     
 195.91  184     7050     2.47662    2.47892    0.00230229  180      2395     
 198.29  186     7100     2.47662    2.47891    0.00229769  178      2408     
 201.87  187     7150     2.47662    2.47891    0.00229461  179      2430     
 203.63  188     7201     2.47662    2.47891    0.00229407  177      2442     
 207.14  190     7265     2.47662    2.47891    0.00229163  175      2462     
 209.66  191     7307     2.47662    2.47891    0.00229065  185      2476     
 212.18  192     7350     2.47662    2.47891    0.00228972  191      2490     
 216.28  193     7400     2.47662    2.47891    0.00228891  192      2513     
 218.99  194     7450     2.47662    2.4789     0.00228585  189      2531     
 219.93  195     7500     2.47662    2.4789     0.00228548  196      2535     
 223.73  196     7550     2.47662    2.4789     0.00228498  200      2557     
 225.13  197     7600     2.47662    2.4789     0.00228376  198      2564     
 228.88  199     7659     2.47662    2.4789     0.00228295  203      2585     
 230.86  200     7700     2.47662    2.4789     0.00228269  195      2595     
 232.51  201     7753     2.47662    2.4789     0.00228049  201      2603     
 235.21  202     7800     2.47662    2.4789     0.00227865  205      2618     
 237.45  203     7853     2.47662    2.4789     0.00227747  210      2631     
 240.52  204     7915     2.47662    2.47889    0.00227526  205      2649     
 243.88  205     7977     2.47662    2.47888    0.00226572  211      2669     
 246.52  206     8015     2.47662    2.47888    0.0022643   208      2682     
 248.44  207     8050     2.47662    2.47888    0.00226395  206      2690     
 252.04  209     8100     2.47662    2.47887    0.00225549  210      2707     
 255.54  210     8150     2.47662    2.47887    0.00225257  209      2726     
 258.93  212     8211     2.47662    2.47887    0.0022497   203      2742     
 261.35  213     8275     2.47662    2.47886    0.00224499  216      2754     
 264.94  213     8300     2.47662    2.47886    0.00224499  216      2774     
 266.68  214     8350     2.47662    2.47884    0.00221506  223      2781     
 270.33  216     8407     2.47662    2.47883    0.00221127  221      2798     
 272.22  217     8450     2.47662    2.47883    0.0022106   227      2808     
 276.35  218     8500     2.47662    2.47883    0.00220725  228      2828     
 279.37  220     8551     2.47662    2.47883    0.00220448  233      2842     
 282.46  221     8613     2.47662    2.47883    0.00220418  236      2858     
 285.06  222     8650     2.47662    2.47883    0.0022036   245      2869     
 288.02  224     8711     2.47662    2.47883    0.00220302  238      2882     
 289.53  225     8750     2.47662    2.47883    0.00220296  242      2888     
 291.96  226     8805     2.47662    2.47882    0.00220237  238      2900     
 296.35  227     8867     2.47662    2.47882    0.00219844  221      2923     
 299.57  228     8929     2.47662    2.4788     0.0021768   219      2940     
 301.63  229     8963     2.47662    2.4788     0.00217606  217      2949     
 304.08  230     9001     2.47662    2.4788     0.00217575  225      2961     
 307.93  232     9065     2.47662    2.4788     0.00217371  229      2979     
 310.28  233     9103     2.47662    2.4788     0.00217353  228      2989     
 313.4   234     9165     2.47662    2.4788     0.00217339  232      3003     
 314.87  235     9200     2.47662    2.4788     0.00217282  239      3008     
 319.37  237     9267     2.47662    2.47879    0.00216877  239      3029     
 321     238     9300     2.47662    2.47879    0.00216871  242      3035     
 324.52  240     9355     2.47662    2.47879    0.0021685   244      3050     
 327.13  241     9401     2.47662    2.47879    0.00216824  250      3062     
 330.19  242     9463     2.47662    2.47879    0.00216823  256      3077     
 335.07  243     9525     2.47662    2.47879    0.00216813  249      3096     
 337.46  244     9561     2.47662    2.47879    0.00216803  253      3106     
 339.36  245     9600     2.47662    2.47879    0.00216735  257      3114     
 344.01  246     9650     2.47662    2.47879    0.00216633  257      3136     
 345.6   247     9700     2.47662    2.47879    0.00216517  256      3142     
 349.08  248     9757     2.47662    2.47878    0.00215899  264      3158     
 352.89  250     9811     2.47662    2.47878    0.00215773  270      3171     
 355.76  251     9850     2.47662    2.47878    0.00215737  264      3183     
 359.7   252     9909     2.47662    2.47878    0.00215372  264      3200     
 362.54  253     9950     2.47662    2.47878    0.00215349  266      3211     
 367.25  254     10000    2.47662    2.47878    0.00215243  270      3232     
 371.46  256     10067    2.47662    2.47877    0.00214832  276      3250     
 375.83  257     10105    2.47662    2.47877    0.00214651  270      3268     
 378.45  258     10150    2.47662    2.47877    0.00214573  275      3278     
 381.06  259     10201    2.47662    2.47876    0.00213813  279      3290     
 383.91  261     10261    2.47662    2.47876    0.0021381   273      3299     
 386.19  262     10301    2.47662    2.47876    0.00213712  272      3306     
 389.75  264     10359    2.47662    2.47876    0.00213628  271      3319     
 393.99  265     10400    2.47662    2.47876    0.00213601  278      3335     
 395.46  266     10450    2.47662    2.47876    0.00213553  285      3341     
 399.89  267     10500    2.47662    2.47876    0.00213504  291      3359     
 403.16  269     10557    2.47662    2.47876    0.00213275  290      3369     
 405.94  270     10600    2.47662    2.47876    0.00213204  290      3379     
 410.77  272     10669    2.47662    2.47876    0.00213172  299      3398     
 414.81  273     10703    2.47662    2.47875    0.00212965  290      3413     
 418.69  274     10763    2.47662    2.47875    0.00212558  290      3429     
 424.04  275     10800    2.47662    2.47874    0.00211388  286      3448     
 427.69  277     10875    2.47662    2.47873    0.00210511  288      3462     
 431.02  278     10911    2.47663    2.4787     0.00207736  282      3475     
 433.84  279     10950    2.47663    2.4787     0.00206955  284      3486     
 439.27  280     11000    2.47663    2.4787     0.00206848  274      3507     
 444.48  282     11065    2.47663    2.47869    0.00206034  279      3525     
 449.21  283     11105    2.47663    2.47867    0.00204614  278      3542     
 453.03  284     11167    2.47663    2.47867    0.00204372  282      3558     
 456.25  285     11203    2.47663    2.47867    0.00204262  276      3569     
 460.73  286     11265    2.47663    2.47867    0.00204136  280      3587     
 463.3   287     11300    2.47663    2.47867    0.00204092  287      3596     
 468.76  289     11379    2.47663    2.47866    0.00203223  293      3617     
 473.5   290     11400    2.47663    2.47866    0.00203223  296      3634     
 477.1   291     11459    2.47663    2.47864    0.00201351  298      3645     
 482.51  292     11523    2.47663    2.47864    0.00201191  291      3666     
 485.71  293     11561    2.47663    2.47864    0.00201062  291      3677     
 490.04  294     11625    2.47663    2.47864    0.00200969  294      3693     
 495     294     11650    2.47663    2.47864    0.00200969  289      3712     
 496.97  295     11700    2.47663    2.47864    0.00200735  289      3717     
 501.32  297     11761    2.47663    2.47863    0.00200611  293      3730     
 506.21  298     11801    2.47663    2.47863    0.00200454  295      3744     
 510.17  299     11863    2.47663    2.47863    0.00200312  292      3759     
 514.59  300     11925    2.47663    2.47863    0.0020023   295      3773     
 517.76  301     11959    2.47663    2.47863    0.00200212  295      3782     
 522.29  302     12021    2.47663    2.47863    0.0020021   290      3798     
 523.85  303     12050    2.47663    2.47863    0.00200207  291      3801     
 528.03  304     12107    2.47663    2.47863    0.00200181  292      3816     
 532.75  305     12167    2.47663    2.47863    0.00200084  296      3833     
 537.42  306     12227    2.47663    2.47863    0.0019994   298      3850     
 541.49  307     12267    2.47663    2.47863    0.00199877  297      3862     
 547.4   308     12327    2.47663    2.47863    0.00199853  307      3878     
 551.65  309     12367    2.47663    2.47863    0.00199701  306      3891     
 556.56  310     12400    2.47663    2.47862    0.00199585  314      3905     
 563.19  312     12469    2.47663    2.47862    0.00199239  324      3927     
 567.37  313     12500    2.47663    2.47861    0.00197664  331      3940     
 571.9   314     12550    2.47663    2.4786     0.00197192  335      3954     
 577.44  315     12600    2.47663    2.4786     0.00197146  339      3974     
 580.27  316     12650    2.47663    2.4786     0.00197127  338      3982     
 583.43  318     12701    2.47663    2.4786     0.00196986  348      3990     
 588.87  319     12761    2.47663    2.47859    0.00196494  345      4008     
 592.71  320     12800    2.47663    2.47859    0.00196482  346      4019     
 597.05  321     12853    2.47663    2.47859    0.00196475  349      4034     
 601.39  322     12913    2.47663    2.47859    0.00196367  351      4046     
 607.02  323     12953    2.47663    2.47859    0.00196272  348      4061     
 612.52  324     13000    2.47663    2.47859    0.00196242  343      4076     
 618.39  325     13050    2.47663    2.47859    0.00196213  347      4094     
 621.78  327     13100    2.47663    2.47859    0.00196061  353      4102     
 629.5   328     13150    2.47663    2.47859    0.00195989  346      4125     
 632.55  329     13200    2.47663    2.47859    0.00195975  345      4134     
 637.39  331     13255    2.47663    2.47859    0.00195961  346      4145     
 641.8   332     13300    2.47663    2.47859    0.0019593   351      4156     
 646.11  333     13351    2.47663    2.47859    0.00195913  351      4168     
 650.9   334     13411    2.47663    2.47859    0.00195899  355      4182     
 656.07  335     13451    2.47663    2.47858    0.00195589  361      4196     
 661.97  337     13507    2.47663    2.47858    0.00195511  360      4211     
 665.98  338     13550    2.47663    2.47858    0.00195494  353      4221     
 670.73  339     13605    2.47663    2.47858    0.00195484  357      4234     
 676.76  340     13650    2.47663    2.47858    0.00195483  361      4248     
 684.63  342     13715    2.47663    2.47858    0.00195469  364      4268     
 687.84  343     13750    2.47663    2.47858    0.00195469  364      4274     
 692.31  344     13803    2.47663    2.47858    0.00195468  354      4287     
 698.15  345     13863    2.47663    2.47858    0.00195464  352      4302     
 703.28  346     13925    2.47663    2.47858    0.00195385  351      4315     
 708.5   346     13950    2.47663    2.47858    0.00195385  346      4331     
 711.12  348     14009    2.47663    2.47858    0.00195139  347      4335     
 716.19  349     14069    2.47663    2.47858    0.00195004  347      4349     
 721.33  350     14105    2.47663    2.47858    0.00194874  343      4362     
 729.37  351     14150    2.47663    2.47856    0.0019283   353      4386     
 732.81  352     14200    2.47663    2.47856    0.0019265   366      4392     
 739.37  354     14265    2.47663    2.47855    0.00192509  360      4411     
 745.36  355     14300    2.47663    2.47855    0.00192395  367      4427     
 750.99  357     14363    2.47663    2.47853    0.00190464  365      4441     
 757.68  358     14403    2.47663    2.47853    0.00190067  360      4459     
 764.66  360     14467    2.47663    2.47853    0.00189931  368      4477     
 767.99  361     14500    2.47663    2.47853    0.00189851  367      4484     
 775.84  362     14550    2.47663    2.47853    0.00189745  370      4507     
 782.31  364     14613    2.47663    2.47852    0.00188978  378      4522     
 787.24  365     14655    2.47663    2.47852    0.00188971  377      4534     
 793.44  367     14713    2.47663    2.47852    0.00188865  383      4549     
 800.02  368     14751    2.47663    2.47852    0.0018874   382      4564     
 807.62  369     14809    2.47663    2.47852    0.00188659  389      4583     
 814.79  370     14850    2.47663    2.47851    0.00188582  394      4594     
 821.26  371     14900    2.47663    2.47851    0.00188573  411      4609     
 828.66  373     14967    2.47663    2.47851    0.0018857   408      4626     
 836.27  374     15025    2.47663    2.47849    0.00186128  441      4647     
 840.1   375     15053    2.47663    2.47849    0.00186124  408      4653     
 844.42  376     15113    2.47663    2.47849    0.0018608   446      4665     
 847.63  377     15150    2.47663    2.47849    0.00186077  483      4673     
 856.18  379     15215    2.47663    2.47849    0.00185902  408      4689     
 861.22  380     15251    2.47663    2.47849    0.00185898  444      4702     
 865.83  381     15311    2.47663    2.47849    0.00185879  476      4716     
 869.35  382     15350    2.47663    2.47849    0.00185809  515      4725     
 877.72  383     15400    2.47663    2.47849    0.00185804  408      4743     
 881.98  384     15450    2.47663    2.47849    0.00185733  448      4756     
 885.48  386     15503    2.47663    2.47848    0.00185312  498      4764     
 895.12  387     15550    2.47663    2.47848    0.00185154  538      4786     
 904.4   389     15607    2.47663    2.47847    0.00184194  403      4800     
 908.46  390     15650    2.47663    2.47847    0.00184186  442      4810     
 915.39  391     15700    2.47663    2.47847    0.00183761  488      4830     
 921.11  393     15761    2.47663    2.47846    0.0018351   547      4842     
 925.98  394     15800    2.47663    2.47846    0.0018351   579      4852     
 938.52  395     15850    2.47663    2.47846    0.00183509  414      4871     
 945.37  396     15900    2.47663    2.47846    0.00183505  455      4889     
 947.57  398     15961    2.47663    2.47846    0.00183336  496      4892     
 952.22  399     16000    2.47663    2.47846    0.00183335  529      4904     
 957.29  400     16059    2.47663    2.47846    0.00183334  562      4917     
 964.34  401     16119    2.47663    2.47846    0.00183332  595      4934     
 973.08  402     16155    2.47663    2.47846    0.0018329   421      4943     
 978.06  403     16200    2.47663    2.47846    0.00183187  459      4955     
 984.93  404     16259    2.47663    2.47846    0.00182982  499      4972     
 991.75  405     16319    2.47663    2.47846    0.00182977  544      4990     
 997.3   406     16359    2.47663    2.47846    0.00182977  584      5003     
 1001.94 407     16400    2.47663    2.47846    0.00182777  617      5013     
 1014.83 408     16450    2.47663    2.47846    0.00182777  429      5032     
 1021.28 409     16500    2.47663    2.47846    0.00182774  467      5047     
 1024.86 410     16550    2.47663    2.47846    0.00182603  499      5055     
 1033.44 412     16625    2.47663    2.47845    0.00181924  570      5074     
 1041.62 412     16650    2.47663    2.47845    0.00181924  578      5096     
 1046.37 413     16700    2.47665    2.47842    0.00177636  628      5104     
 1049.54 414     16750    2.47665    2.47842    0.00177586  661      5111     
 1055.36 415     16809    2.47665    2.47842    0.00177578  696      5123     
 1070.47 416     16850    2.47665    2.47842    0.00177474  421      5137     
 1072.9  417     16900    2.47665    2.47842    0.00177309  449      5142     
 1082.43 418     16950    2.47665    2.47842    0.00177275  488      5163     
 1086.56 420     17000    2.47665    2.47842    0.00177224  526      5170     
 1094.13 421     17050    2.47665    2.47842    0.00177222  576      5186     
 1102.07 423     17115    2.47665    2.47842    0.00177205  620      5203     
 1106.7  424     17153    2.47665    2.47842    0.00177196  658      5214     
 1113.46 426     17219    2.47665    2.47842    0.00177181  710      5228     
 1120.11 427     17250    2.47665    2.47842    0.00177181  724      5244     
 1125.15 428     17300    2.47665    2.47842    0.00177128  774      5253     
 1133.52 429     17350    2.47665    2.47842    0.00177126  798      5268     
 1153.4  429     17400    2.47665    2.47842    0.00176961  443      5283     
 1155.53 430     17450    2.47665    2.47842    0.0017685   473      5287     
 1165.05 431     17500    2.47665    2.47842    0.00176835  514      5307     
 1168.86 432     17550    2.47665    2.47842    0.0017683   538      5314     
 1174.34 433     17609    2.47665    2.47842    0.00176797  571      5325     
 1179.83 434     17671    2.47665    2.47842    0.00176795  606      5336     
 1183.48 435     17700    2.47665    2.47842    0.00176793  635      5343     
 1192.11 436     17750    2.47665    2.47842    0.00176793  673      5360     
 1196.74 438     17807    2.47665    2.47842    0.00176793  714      5367     
 1202.53 439     17850    2.47665    2.47842    0.0017677   757      5377     
 1212.33 441     17907    2.47665    2.47841    0.00176715  787      5392     
 1219.14 442     17950    2.47665    2.47841    0.00176715  830      5403     
 1229.28 443     18000    2.47665    2.47841    0.00176706  862      5421     
 1236.4  444     18050    2.47665    2.47841    0.00176686  886      5432     
 1245.32 445     18100    2.47665    2.47841    0.00176599  936      5448     
 1272.73 447     18177    2.47665    2.47841    0.00176302  498      5466     
 1279.43 448     18217    2.47665    2.47841    0.00176132  538      5480     
 1281.49 449     18250    2.47665    2.47841    0.00176093  569      5483     
 1293.04 451     18319    2.47665    2.47841    0.00176067  624      5506     
 1299.41 452     18359    2.47665    2.47841    0.00175913  654      5518     
 1309.72 453     18401    2.47665    2.47839    0.00173929  696      5538     
 1321.1  455     18459    2.47665    2.47838    0.00173292  746      5558     
 1333.5  456     18517    2.47665    2.47837    0.0017263   789      5581     
 1341.68 457     18575    2.47665    2.47837    0.00172591  847      5597     
 1348.97 458     18619    2.47665    2.47837    0.00172205  876      5610     
 1356.38 459     18661    2.47665    2.47837    0.00172203  918      5622     
 1362.77 460     18700    2.47665    2.47837    0.00172186  947      5632     
 1371.9  461     18750    2.47665    2.47837    0.00172126  997      5646     
 1385.51 463     18825    2.47665    2.47836    0.00171025  1046     5667     
 1391.28 464     18861    2.47665    2.47836    0.00171021  1082     5676     
 1399.54 465     18900    2.47665    2.47835    0.00170744  1087     5687     
 1411.89 466     18950    2.47665    2.47835    0.00170741  1137     5706     
 1417.92 467     19000    2.47665    2.47835    0.00170717  1187     5715     
 1455.95 468     19050    2.47665    2.47835    0.00170709  516      5736     
 1463.54 469     19100    2.47665    2.47835    0.00170708  566      5749     
 1465.85 470     19150    2.47665    2.47835    0.00170687  596      5751     
 1475.23 472     19227    2.47665    2.47835    0.00170682  621      5767     
 1481.24 473     19267    2.47665    2.47835    0.00170677  661      5776     
 1487.08 474     19303    2.47665    2.47835    0.00170651  678      5785     
 1497.12 475     19363    2.47665    2.47835    0.00170419  738      5802     
 1502.15 476     19400    2.47665    2.47835    0.00170374  749      5809     
 1514.01 477     19450    2.47665    2.47835    0.00170355  789      5828     
 1529.93 479     19519    2.47665    2.47834    0.00169408  858      5847     
 1536.22 480     19557    2.47665    2.47834    0.00169287  894      5856     
 1544.31 481     19617    2.47665    2.47834    0.0016928   926      5869     
 1548.67 482     19650    2.47665    2.47834    0.0016928   959      5874     
 1559.39 484     19709    2.47665    2.47834    0.00169276  1018     5889     
 1568.52 485     19750    2.47665    2.47834    0.00169276  1031     5901     
 1582.28 487     19813    2.47665    2.47834    0.00169123  1058     5919     
 1591.8  488     19853    2.47665    2.47834    0.00169066  1098     5932     
 1601.38 489     19900    2.47665    2.47834    0.00169054  1145     5945     
 1617.71 490     19950    2.47665    2.47834    0.00168984  1168     5967     
 1626.9  492     20015    2.47665    2.47834    0.00168951  1233     5977     
 1634.09 493     20053    2.47665    2.47834    0.00168949  1235     5986     
 1642.66 494     20113    2.47665    2.47834    0.00168901  1295     5997     
 1653.12 495     20173    2.47665    2.47834    0.001689    1355     6010     
 1662.12 496     20217    2.47665    2.47833    0.00168744  1338     6020     
 1703.78 497     20257    2.47665    2.47833    0.00168744  577      6031     
 1712.06 498     20317    2.47665    2.47833    0.00168737  615      6041     
 1716.51 499     20351    2.47665    2.47833    0.00168626  649      6047     
 1725.7  500     20400    2.47665    2.47833    0.00168482  668      6062     
 1735.2  502     20450    2.47665    2.47833    0.00168175  718      6076     
 1746.55 504     20517    2.47665    2.47833    0.00168163  766      6091     
 1755.89 505     20557    2.47665    2.47833    0.00168162  791      6104     
 1763.86 506     20600    2.47665    2.47833    0.00168138  834      6114     
 1771.77 507     20653    2.47665    2.47833    0.00168138  874      6127     
 1780.3  508     20713    2.47665    2.47833    0.00168138  881      6140     
 1785.48 509     20750    2.47665    2.47833    0.00168138  918      6146     
 1794.91 511     20803    2.47665    2.47833    0.00168101  931      6159     
 1805.11 512     20850    2.47665    2.47833    0.00168097  978      6172     
 1814.61 514     20903    2.47665    2.47833    0.00168077  1006     6183     
 1829.01 515     20950    2.47665    2.47833    0.00168077  1053     6203     
 1837.94 516     21000    2.47665    2.47833    0.00168077  1103     6213     
 1852.09 517     21059    2.47665    2.47833    0.00168073  1127     6230     
 1863.07 518     21100    2.47665    2.47833    0.00168072  1168     6242     
 1878.58 519     21150    2.47665    2.47833    0.00168071  1182     6262     
 1891.02 521     21205    2.47665    2.47833    0.00168069  1237     6275     
 1900.74 522     21250    2.47665    2.47833    0.00168069  1260     6285     
 1914.75 524     21317    2.47665    2.47833    0.00167954  1327     6302     
 1923.98 525     21377    2.47665    2.47833    0.00167952  1344     6314     
 1930.53 526     21413    2.47665    2.47833    0.0016795   1380     6322     
 1941.62 527     21473    2.47665    2.47833    0.0016795   1440     6336     
 1951.5  527     21500    2.47665    2.47833    0.0016795   1467     6350     
 1961.07 528     21550    2.47665    2.47833    0.0016795   1455     6360     
 1970.47 530     21600    2.47665    2.47833    0.0016795   1505     6368     
 1983.33 531     21650    2.47665    2.47833    0.0016795   1555     6386     
 1991.43 533     21703    2.47665    2.47833    0.0016794   1566     6393     
Writing policy file: ./4d7e74e760d7_534_2048.93.policy
Intermediate policy written(interval: 2000)
 2048.93 534     21750    2.47665    2.47833    0.00167845  626      6412     
 2055.72 536     21811    2.47665    2.47832    0.00167395  687      6420     
 2065.12 537     21850    2.47665    2.47832    0.0016732   719      6433     
 2071.87 538     21900    2.47665    2.47832    0.00167289  745      6444     
 2085.51 540     21965    2.47665    2.47832    0.00167216  810      6461     
 2094.45 541     22000    2.47665    2.47832    0.00167082  837      6472     
 2102.2  542     22050    2.47665    2.47832    0.00166985  887      6482     
 2114.66 543     22100    2.47665    2.47832    0.00166984  915      6497     
 2120.8  544     22150    2.47665    2.47832    0.00166984  933      6504     
 2137.12 545     22200    2.47665    2.47832    0.00166983  983      6526     
 2141.35 546     22250    2.47665    2.47832    0.00166885  999      6529     
 2151.8  547     22303    2.47665    2.47832    0.00166884  1052     6542     
 2163.46 549     22363    2.47665    2.47832    0.00166857  1064     6554     
 2171.85 550     22400    2.47665    2.47832    0.00166854  1101     6563     
 2184.31 552     22457    2.47665    2.47829    0.00164737  1143     6578     
 2191.77 553     22500    2.47665    2.47829    0.00164483  1186     6587     
 2202.05 554     22559    2.47665    2.47829    0.00164468  1245     6598     
 2211.86 555     22600    2.47665    2.47828    0.00163677  1238     6610     
 2225.28 556     22650    2.47665    2.47828    0.00163639  1288     6627     
 2233.44 558     22701    2.47665    2.47828    0.00163626  1313     6635     
 2247.94 559     22750    2.47665    2.47828    0.00163596  1362     6654     
 2257.29 560     22800    2.47665    2.47828    0.00163442  1412     6662     
 2274.1  561     22850    2.47665    2.47827    0.00162145  1412     6685     
 2284.15 562     22900    2.47665    2.47827    0.0016214   1462     6695     
 2294.51 563     22950    2.47665    2.47827    0.0016214   1512     6707     
 2302.91 564     23000    2.47665    2.47827    0.00162129  1514     6715     
 2308.79 565     23050    2.47665    2.47827    0.00162129  1564     6720     
 2319.49 567     23100    2.47665    2.47826    0.00161484  1614     6731     
 2337.22 569     23161    2.47665    2.47826    0.00161483  1610     6748     
 2350.12 570     23223    2.47665    2.47826    0.00161457  1672     6763     
 2361.63 571     23259    2.47665    2.47826    0.00161396  1708     6774     
 2375.62 572     23301    2.47665    2.47826    0.00161345  1694     6789     
 2388.68 573     23350    2.47665    2.47826    0.00161176  1743     6803     
 2409.06 574     23400    2.47665    2.47826    0.00161124  1793     6826     
 2465.62 575     23450    2.47665    2.47826    0.00160938  654      6831     
 2475.75 576     23500    2.47665    2.47826    0.00160868  704      6845     
 2485.08 578     23563    2.47665    2.47825    0.00160656  757      6854     
 2493.9  579     23601    2.47665    2.47825    0.00160223  786      6864     
 2500.15 581     23651    2.47665    2.47825    0.00160221  836      6870     
 2507.02 582     23700    2.47665    2.47825    0.00160221  853      6877     
 2522.81 584     23769    2.47665    2.47825    0.00160185  922      6897     
 2530.39 585     23800    2.47665    2.47825    0.00159882  934      6906     
 2544.34 586     23850    2.47665    2.47825    0.0015988   984      6924     
 2551.73 588     23901    2.47665    2.47825    0.00159873  1013     6931     
 2564.47 589     23950    2.47665    2.47825    0.00159872  1062     6946     
 2575.28 591     24015    2.47665    2.47825    0.00159872  1098     6957     
 2582.36 592     24050    2.47665    2.47825    0.00159872  1133     6964     
 2596.39 594     24113    2.47665    2.47825    0.00159871  1169     6980     
 2604.69 595     24151    2.47665    2.47825    0.00159866  1207     6988     
 2616.8  596     24200    2.47665    2.47825    0.00159864  1217     6999     
 2634.74 598     24265    2.47665    2.47825    0.00159864  1282     7016     
 2643.07 599     24301    2.47665    2.47825    0.00159864  1318     7025     
 2654.28 600     24363    2.47665    2.47825    0.00159863  1343     7036     
 2667    601     24401    2.47665    2.47825    0.00159863  1381     7047     
 2681.03 602     24450    2.47665    2.47825    0.00159863  1385     7060     
 2697.56 603     24500    2.47665    2.47825    0.00159862  1435     7080     
 2701.26 604     24550    2.47665    2.47824    0.00159695  1485     7080     
 2714.31 605     24605    2.47665    2.47824    0.00159695  1467     7093     
 2726.22 606     24650    2.47665    2.47824    0.00159694  1512     7104     
 2734.08 608     24700    2.47665    2.47824    0.00159693  1562     7109     
 2747.54 610     24755    2.47665    2.47824    0.0015969   1564     7121     
 2763.03 611     24800    2.47665    2.47824    0.0015969   1609     7138     
 2768.89 612     24850    2.47665    2.47824    0.00159652  1659     7140     
 2780.86 614     24903    2.47665    2.47824    0.00159351  1712     7152     
 2794.1  616     24957    2.47665    2.47824    0.0015925   1700     7164     
 2808.08 618     25017    2.47665    2.47824    0.00158996  1760     7176     
 2818.55 619     25050    2.47665    2.47824    0.00158947  1793     7186     
 2834.88 620     25109    2.47665    2.47824    0.00158744  1810     7203     
 2845.16 621     25150    2.47665    2.47823    0.00158682  1851     7212     
 2858.12 622     25207    2.47665    2.47823    0.00158637  1908     7225     
 2868.52 624     25255    2.47665    2.47823    0.00158553  1956     7234     
 2887.57 625     25300    2.47665    2.47821    0.00156374  1941     7251     
 2903.79 626     25350    2.47665    2.47821    0.001563    1991     7269     
 2908.75 627     25400    2.47665    2.47821    0.00156299  2041     7271     
 2977.29 628     25450    2.47665    2.47821    0.00156299  679      7289     
 2981.16 629     25500    2.47665    2.47821    0.00156299  729      7294     
 2996.47 630     25550    2.47665    2.47821    0.00156299  738      7314     
 2998.98 631     25600    2.47665    2.47821    0.00156299  788      7314     
 3013.4  633     25667    2.47665    2.47821    0.00156084  817      7335     
 3022.85 634     25729    2.47665    2.47821    0.00156034  856      7345     
 3031.16 635     25750    2.47665    2.47821    0.00156034  877      7357     
 3043.04 636     25813    2.47665    2.47821    0.00156032  910      7369     
 3050.3  637     25851    2.47665    2.47821    0.00156032  948      7377     
 3059.88 639     25909    2.47665    2.47821    0.00156031  976      7387     
 3067.91 640     25950    2.47665    2.47821    0.00156011  1017     7396     
 3078.97 641     26000    2.47665    2.47821    0.00155968  1048     7409     
 3090.3  643     26053    2.47665    2.47821    0.0015588   1089     7421     
 3100.51 644     26100    2.47665    2.47819    0.00154565  1136     7433     
 3110.74 645     26157    2.47665    2.47819    0.00154416  1193     7446     
 3121.96 646     26200    2.47665    2.47819    0.00154282  1197     7459     
 3139.5  647     26250    2.47665    2.47819    0.00154274  1247     7481     
 3148.37 648     26300    2.47665    2.47819    0.00154266  1265     7489     
 3156.25 649     26350    2.47665    2.47819    0.00154051  1315     7498     
 3168.21 650     26411    2.47665    2.47819    0.00154016  1376     7511     
 3178.37 651     26451    2.47665    2.47819    0.00154016  1368     7520     
 3192.45 652     26500    2.47665    2.47819    0.00154015  1417     7533     
 3207.72 654     26565    2.47665    2.47819    0.00154014  1430     7548     
 3222.47 655     26627    2.47665    2.47819    0.00154014  1492     7563     
 3230.46 656     26671    2.47665    2.47819    0.00153992  1536     7569     
 3244.5  656     26700    2.47665    2.47819    0.00153992  1565     7586     
 3258    657     26750    2.47665    2.47819    0.00153988  1543     7596     
 3264.32 658     26800    2.47665    2.47819    0.00153934  1593     7600     
 3285.33 660     26857    2.47665    2.47818    0.00153723  1650     7620     
 3297.29 661     26919    2.47665    2.47818    0.00153715  1665     7630     
 3305.05 662     26950    2.47665    2.47818    0.00153715  1696     7640     
 3313.72 663     27007    2.47665    2.47818    0.00153711  1753     7645     
 3325.93 664     27050    2.47665    2.47818    0.00153711  1723     7657     
 3338.96 666     27109    2.47665    2.47818    0.00153676  1782     7668     
 3349.04 667     27150    2.47665    2.47818    0.00153641  1823     7677     
 3364.92 668     27200    2.47665    2.47818    0.00153638  1873     7693     
 3372.22 669     27250    2.47665    2.47818    0.00153637  1877     7697     
 3382.18 670     27300    2.47665    2.47818    0.00153585  1927     7705     
 3403.57 671     27350    2.47665    2.47818    0.0015352   1977     7727     
 3409.92 672     27400    2.47665    2.47818    0.00153515  2027     7731     
 3426.42 673     27450    2.47665    2.47818    0.00153514  1999     7748     
 3436.12 674     27500    2.47665    2.47818    0.00153511  2049     7754     
 3499.67 675     27550    2.47665    2.47818    0.00153429  715      7760     
 3515.78 676     27600    2.47665    2.47818    0.00153428  765      7777     
 3527.64 678     27659    2.47665    2.47818    0.00153424  807      7788     
 3539.56 679     27721    2.47665    2.47818    0.00153424  836      7802     
 3548.69 680     27763    2.47665    2.47818    0.00153387  878      7810     
 3559.94 681     27825    2.47665    2.47818    0.00153377  898      7823     
 3569.16 681     27850    2.47665    2.47818    0.00153377  923      7836     
 3576.68 682     27900    2.47665    2.47818    0.00153341  973      7842     
 3583.33 683     27950    2.47665    2.47818    0.00153341  985      7850     
 3592.24 685     28001    2.47665    2.47818    0.00153336  1036     7858     
 3601.71 686     28050    2.47665    2.47818    0.00153334  1040     7869     
 3616.67 687     28100    2.47665    2.47818    0.00153322  1090     7887     
 3629.33 689     28161    2.47665    2.47818    0.00153298  1127     7898     
 3640.64 690     28200    2.47665    2.47818    0.0015289   1166     7911     
 3654.13 691     28259    2.47665    2.47818    0.0015289   1184     7924     
 3665.45 692     28300    2.47665    2.47818    0.0015289   1225     7935     
 3686.84 693     28350    2.47665    2.47818    0.00152889  1275     7958     
 3697.29 695     28411    2.47665    2.47818    0.00152864  1310     7967     
 3708.92 696     28473    2.47665    2.47818    0.0015282   1372     7979     
 3715.57 697     28501    2.47665    2.47818    0.0015282   1400     7985     
 3730.13 698     28550    2.47665    2.47818    0.0015282   1391     8001     
 3742.03 700     28609    2.47665    2.47818    0.0015282   1450     8012     
 3752.32 702     28661    2.47665    2.47818    0.0015282   1453     8021     
 3760.37 703     28700    2.47665    2.47818    0.0015282   1492     8029     
 3777.14 705     28765    2.47665    2.47818    0.0015282   1557     8046     
 3790.41 706     28827    2.47665    2.47818    0.0015282   1561     8059     
 3800.74 706     28850    2.47665    2.47818    0.0015282   1584     8073     
 3807.79 707     28900    2.47665    2.47818    0.00152814  1634     8078     
 3823.18 709     28959    2.47665    2.47818    0.00152795  1617     8091     
 3835.53 710     29019    2.47665    2.47818    0.0015279   1677     8104     
 3847.56 711     29061    2.47665    2.47817    0.00152707  1719     8117     
 3858.74 712     29100    2.47665    2.47817    0.00152631  1718     8128     
 3877.93 714     29163    2.47665    2.47817    0.00152362  1781     8146     
 3887.08 715     29200    2.47665    2.47817    0.00152337  1818     8155     
 3900.28 716     29250    2.47665    2.47817    0.0015233   1868     8167     
 3925    717     29300    2.47665    2.47817    0.00152309  1879     8193     
 3938.68 719     29359    2.47665    2.47817    0.00151905  1938     8204     
 3949.11 720     29400    2.47665    2.47817    0.00151904  1979     8215     
 3956.12 722     29450    2.47665    2.47817    0.00151904  2029     8219     
 3976.66 724     29517    2.47665    2.47817    0.00151904  2049     8238     
 3981.78 725     29550    2.47665    2.47817    0.00151903  2082     8242     
Writing policy file: ./4d7e74e760d7_727_4053.57.policy
Intermediate policy written(interval: 2000)
 4053.57 727     29607    2.47665    2.47817    0.00151902  796      8256     
 4059.84 728     29650    2.47665    2.47817    0.00151901  839      8267     
 4067.18 729     29703    2.47665    2.47817    0.00151901  857      8279     
 4077.14 730     29750    2.47665    2.47817    0.001519    904      8296     
 4083.07 731     29800    2.47665    2.47816    0.00151639  916      8303     
 4095.11 732     29850    2.47665    2.47816    0.00151607  966      8322     
 4102.36 733     29900    2.47665    2.47816    0.00151573  988      8330     
 4111.78 735     29959    2.47665    2.47816    0.00151438  1047     8341     
 4123.32 736     30000    2.47665    2.47816    0.00151338  1078     8359     
 4130.24 737     30050    2.47665    2.47815    0.00150483  1128     8368     
 4137.65 738     30100    2.47665    2.47815    0.0015047   1135     8379     
 4150.5  739     30150    2.47665    2.47815    0.00150422  1185     8397     
 4160.92 741     30215    2.47665    2.47815    0.00150413  1229     8411     
 4170.15 742     30253    2.47665    2.47815    0.00150413  1267     8422     
 4179.14 743     30300    2.47665    2.47815    0.00150407  1314     8433     
 4193.83 744     30350    2.47665    2.47815    0.00150352  1340     8454     
 4200.09 745     30400    2.47665    2.47815    0.00150346  1390     8461     
 4204.68 746     30450    2.47665    2.47815    0.00150346  1440     8466     
 4213.06 747     30501    2.47665    2.47815    0.00150281  1439     8477     
 4228.38 749     30565    2.47665    2.47815    0.00150114  1503     8499     
 4236.82 750     30605    2.47665    2.47815    0.00150069  1543     8510     
 4245.62 751     30663    2.47665    2.47815    0.0014999   1574     8522     
 4254.04 752     30701    2.47665    2.47815    0.00149908  1612     8534     
 4267.24 753     30759    2.47665    2.47814    0.00149039  1670     8553     
 4275.55 754     30800    2.47665    2.47814    0.00149038  1655     8563     
 4286.52 756     30859    2.47665    2.47814    0.00149037  1714     8575     
 4294.68 757     30900    2.47665    2.47814    0.00149037  1755     8586     
 4303.56 758     30957    2.47665    2.47814    0.00149037  1772     8599     
 4311.21 759     31000    2.47665    2.47814    0.00149037  1815     8608     
 4320.54 760     31051    2.47665    2.47814    0.00149036  1866     8621     
 4327.65 761     31109    2.47665    2.47814    0.00149036  1831     8631     
 4334.58 762     31150    2.47665    2.47814    0.00149036  1872     8640     
 4345.78 763     31200    2.47665    2.47814    0.00149036  1922     8657     
 4349.72 765     31250    2.47665    2.47814    0.00149035  1972     8659     
 4363.22 766     31300    2.47665    2.47814    0.00149032  1959     8681     
 4369.07 767     31350    2.47665    2.47814    0.0014897   2009     8687     
 4384.67 768     31400    2.47665    2.47814    0.00148883  2059     8712     
 4393.01 769     31450    2.47665    2.47812    0.00147076  2109     8722     
 4398.11 770     31500    2.47665    2.47812    0.00147062  2067     8724     
 4408.8  771     31555    2.47665    2.47812    0.00147062  2122     8735     
 4419.44 772     31615    2.47665    2.47812    0.00147062  2182     8749     
 4428.4  773     31675    2.47665    2.47812    0.00147062  2242     8761     
 4434.47 774     31713    2.47665    2.47812    0.00147062  2167     8769     
 4439.86 775     31751    2.47665    2.47812    0.00147057  2205     8776     
 4447.55 776     31800    2.47665    2.47812    0.00147043  2254     8786     
 4456.72 777     31851    2.47665    2.47812    0.00146929  2305     8798     
 4467.43 779     31915    2.47665    2.47812    0.00146904  2369     8813     
 4472.85 780     31950    2.47665    2.47812    0.00146903  2305     8819     
 4483.66 781     32009    2.47665    2.47812    0.00146903  2364     8833     
 4492.78 782     32051    2.47665    2.47812    0.00146901  2406     8842     
 4500.73 783     32111    2.47665    2.47812    0.001469    2466     8852     
 4506.88 784     32150    2.47665    2.47812    0.001469    2505     8862     
 4512.75 786     32203    2.47665    2.47812    0.001469    2471     8868     
 4520.16 787     32250    2.47665    2.47812    0.001469    2518     8878     
 4531.7  789     32311    2.47665    2.47812    0.00146899  2579     8894     
 4539.33 790     32350    2.47665    2.47812    0.00146899  2618     8905     
 4549.36 791     32400    2.47665    2.47812    0.00146898  2668     8922     
 4598.14 793     32465    2.47665    2.47812    0.00146883  860      8936     
 4600.25 794     32500    2.47665    2.47812    0.00146883  895      8943     
 4605.96 795     32550    2.47665    2.47812    0.00146883  945      8961     
 4610.63 796     32600    2.47665    2.47812    0.00146883  975      8976     
 4612.95 798     32657    2.47665    2.47812    0.00146881  995      8981     
 4617.17 799     32717    2.47665    2.47812    0.00146873  1055     8994     
 4621.62 800     32779    2.47665    2.47812    0.00146778  1065     9007     
 4624.66 801     32817    2.47665    2.47812    0.00146771  1103     9015     
 4627.72 802     32857    2.47665    2.47812    0.00146731  1143     9024     
 4631.19 803     32901    2.47665    2.47811    0.00146671  1169     9036     
 4635.99 804     32950    2.47665    2.47811    0.0014667   1218     9050     
 4640.66 806     33007    2.47665    2.47811    0.00146529  1275     9062     
 4645.51 807     33050    2.47665    2.47811    0.00146528  1282     9074     
 4649.58 808     33103    2.47665    2.47811    0.00146524  1335     9086     
 4654.66 809     33150    2.47665    2.47811    0.00146522  1341     9098     
 4661.51 811     33215    2.47665    2.47811    0.00146224  1406     9116     
 4666.94 812     33253    2.47665    2.4781     0.00144826  1444     9129     
 4671.12 813     33300    2.47665    2.4781     0.00144825  1476     9139     
 4678.11 814     33350    2.47665    2.4781     0.00144824  1526     9158     
 4684.73 815     33400    2.47665    2.4781     0.00144809  1576     9175     
 4690.19 817     33467    2.47665    2.4781     0.00144808  1595     9185     
 4694.4  818     33500    2.47665    2.4781     0.00144808  1628     9193     
 4700.51 819     33553    2.47665    2.4781     0.00144792  1681     9207     
 4706.93 820     33600    2.47665    2.4781     0.00144696  1681     9222     
 4713.54 821     33650    2.47665    2.47809    0.00144538  1731     9239     
 4718.3  822     33700    2.47665    2.47809    0.00144508  1781     9248     
 4722.81 823     33750    2.47665    2.47809    0.0014444   1831     9256     
 4734.27 825     33811    2.47665    2.47809    0.00143869  1831     9279     
 4738.75 826     33850    2.47665    2.47809    0.00143865  1870     9288     
 4744.68 828     33911    2.47665    2.47809    0.00143863  1931     9299     
 4749.58 829     33950    2.47665    2.47809    0.00143863  1970     9308     
 4758.56 830     34000    2.47665    2.47809    0.00143847  1978     9326     
 4767.5  832     34061    2.47665    2.47808    0.00143628  2039     9340     
 4771.5  833     34100    2.47665    2.47808    0.00143627  2078     9346     
 4777.37 835     34150    2.47665    2.47808    0.00143613  2085     9353     
 4784.59 836     34207    2.47665    2.47808    0.00143612  2142     9366     
 4789.71 837     34250    2.47665    2.47808    0.00143612  2185     9375     
 4798.45 838     34300    2.47665    2.47808    0.00143612  2235     9393     
 4802.87 839     34350    2.47665    2.47808    0.00143612  2285     9397     
 4810.6  841     34411    2.47665    2.47808    0.00143571  2271     9408     
 4817.95 842     34450    2.47665    2.47808    0.00143571  2310     9419     
 4826.88 844     34519    2.47665    2.47808    0.00143571  2379     9433     
 4836.04 845     34579    2.47665    2.47808    0.00143568  2362     9446     
 4842.85 846     34615    2.47665    2.47808    0.00143456  2398     9457     
 4850.09 847     34651    2.47665    2.47808    0.00143428  2434     9468     
 4862    848     34700    2.47665    2.47808    0.00143299  2483     9488     
 4865.92 849     34750    2.47665    2.47808    0.00142786  2533     9491     
 4878.7  850     34800    2.47665    2.47808    0.00142774  2583     9513     
 4886.74 851     34850    2.47665    2.47807    0.00142606  2566     9523     
 4892.31 852     34900    2.47665    2.47807    0.00142605  2616     9528     
 4903.28 854     34977    2.47665    2.47807    0.00142604  2693     9544     
 4910.65 855     35017    2.47665    2.47807    0.00142604  2733     9554     
 4918.72 856     35057    2.47665    2.47807    0.00142561  2773     9565     
 4925.52 857     35101    2.47665    2.47807    0.00142557  2732     9571     
 4932.73 858     35150    2.47665    2.47807    0.00142557  2781     9579     
 4939.73 859     35201    2.47665    2.47807    0.00142515  2832     9590     
 5010.79 860     35263    2.47665    2.47807    0.00142511  970      9601     
 5014.51 861     35300    2.47665    2.47807    0.00142509  1007     9608     
 5022.89 862     35350    2.47665    2.47807    0.00142433  1057     9625     
 5025.6  863     35400    2.47665    2.47807    0.00142433  1049     9629     
 5032.38 865     35461    2.47665    2.47807    0.00142375  1110     9642     
 5038.76 866     35521    2.47665    2.47807    0.00142375  1122     9654     
 5046.99 867     35563    2.47665    2.47807    0.00142374  1164     9666     
 5051.54 868     35601    2.47665    2.47807    0.00142372  1202     9674     
 5057.13 870     35661    2.47665    2.47807    0.00142372  1225     9683     
 5061.52 871     35700    2.47665    2.47807    0.00142372  1264     9689     
 5068.94 873     35759    2.47665    2.47807    0.00142372  1277     9700     
 5076.81 874     35819    2.47665    2.47807    0.00142372  1337     9714     
 5081.89 875     35850    2.47665    2.47807    0.00142372  1368     9723     
 5088.45 876     35917    2.47665    2.47807    0.0014237   1358     9733     
 5092.42 877     35950    2.47665    2.47807    0.0014237   1391     9739     
 5098.27 879     36000    2.47665    2.47807    0.00142369  1441     9747     
 5105.55 881     36051    2.47665    2.47807    0.00142349  1434     9758     
 5115.43 882     36100    2.47665    2.47807    0.00142055  1483     9775     
 5123.6  883     36150    2.47665    2.47807    0.00142044  1533     9790     
 5127.38 885     36200    2.47665    2.47807    0.00142043  1539     9794     
 5134.52 886     36275    2.47665    2.47807    0.00142041  1614     9805     
 5141.43 887     36315    2.47665    2.47807    0.00142041  1654     9816     
 5148.13 888     36351    2.47665    2.47807    0.0014204   1627     9825     
 5155.47 889     36400    2.47665    2.47807    0.0014204   1676     9835     
 5163.15 891     36451    2.47665    2.47807    0.00142038  1727     9847     
 5174.06 893     36515    2.47665    2.47807    0.00142038  1746     9863     
 5181.88 894     36557    2.47665    2.47807    0.00142038  1788     9874     
 5188.92 895     36600    2.47665    2.47807    0.00142038  1831     9884     
 5200.12 896     36650    2.47665    2.47807    0.00142034  1881     9900     
 5202.93 897     36700    2.47665    2.47807    0.00141982  1872     9901     
 5211.12 898     36755    2.47665    2.47807    0.00141967  1927     9914     
 5220.7  899     36815    2.47665    2.47807    0.00141836  1987     9927     
 5227.44 900     36850    2.47665    2.47807    0.00141836  2022     9935     
 5234.69 901     36901    2.47665    2.47807    0.00141834  1984     9943     
 5245.57 903     36961    2.47665    2.47807    0.00141834  2044     9956     
 5256.65 904     37000    2.47665    2.47807    0.00141822  2083     9971     
 5262.68 905     37051    2.47665    2.47805    0.00140361  2134     9977     
 5273.81 906     37100    2.47665    2.47805    0.00140324  2117     9992     
 5282.08 907     37150    2.47665    2.47805    0.00140323  2167     10003    
 5294.34 908     37200    2.47665    2.47805    0.00140323  2217     10020    
 5302.3  910     37257    2.47665    2.47805    0.00140322  2274     10028    
 5309.94 911     37300    2.47665    2.47805    0.00140257  2317     10038    
 5323.72 912     37350    2.47665    2.47805    0.00140257  2309     10057    
 5332.5  913     37400    2.47665    2.47805    0.00140257  2359     10068    
 5339.69 914     37450    2.47665    2.47805    0.00140254  2409     10075    
 5344    915     37500    2.47665    2.47805    0.00140237  2459     10079    
 5358.99 916     37550    2.47665    2.47805    0.00140206  2399     10099    
 5373.67 918     37629    2.47665    2.47805    0.00140132  2478     10116    
 5382.56 919     37669    2.47665    2.47805    0.00140122  2518     10127    
 5390.33 920     37729    2.47665    2.47805    0.00140122  2578     10136    
 5400.06 921     37767    2.47665    2.47805    0.0014012   2616     10146    
 5406.45 922     37805    2.47665    2.47805    0.0014      2577     10152    
 5416.22 923     37850    2.47665    2.47805    0.0014      2622     10162    
 5425.5  924     37903    2.47665    2.47805    0.0014      2675     10173    
 5437.3  925     37950    2.47665    2.47805    0.0014      2722     10187    
 5448.08 926     38005    2.47665    2.47805    0.0014      2777     10199    
 5457.84 927     38050    2.47665    2.47805    0.00139997  2712     10209    
 5471.99 928     38100    2.47665    2.47805    0.00139936  2762     10227    
 5480.59 930     38157    2.47665    2.47805    0.0013993   2819     10235    
 5491.14 931     38201    2.47665    2.47805    0.0013993   2863     10247    
 5503.06 933     38267    2.47665    2.47805    0.0013986   2929     10257    
 5516.38 934     38327    2.47665    2.47805    0.0013986   2889     10270    
 5520.21 935     38355    2.47665    2.47805    0.0013986   2917     10273    
 5532.84 937     38415    2.47665    2.47805    0.00139858  2977     10285    
 5539.71 938     38450    2.47665    2.47805    0.00139858  3012     10292    
 5552.37 939     38509    2.47665    2.47805    0.00139733  3071     10304    
 5562.37 940     38550    2.47665    2.47805    0.00139732  3112     10314    
 5668.73 941     38600    2.47665    2.47804    0.00139637  1029     10335    
 5674.86 942     38650    2.47665    2.47804    0.00139526  1079     10345    
 5682.77 943     38703    2.47665    2.47804    0.00139315  1082     10357    
 5691.52 944     38765    2.47665    2.47804    0.00139231  1144     10373    
 5701.57 945     38801    2.47665    2.47802    0.00137396  1180     10389    
 5708.03 946     38863    2.47665    2.47802    0.0013739   1213     10399    
 5716.55 947     38925    2.47665    2.47802    0.00137384  1275     10412    
 5721.41 948     38957    2.47665    2.47802    0.00137383  1250     10419    
 5730.29 949     39000    2.47665    2.47802    0.00137383  1293     10432    
 5740.36 951     39065    2.47665    2.47802    0.00137367  1318     10445    
 5744.31 952     39100    2.47665    2.47802    0.00137367  1353     10449    
 5752.28 954     39153    2.47665    2.47802    0.00137366  1406     10459    
 5759.9  955     39200    2.47665    2.47802    0.00137366  1390     10469    
 5772.7  956     39250    2.47665    2.47802    0.00137366  1440     10491    
 5777.49 957     39300    2.47665    2.47802    0.00137366  1490     10494    
 5783.61 958     39350    2.47665    2.47802    0.00137339  1465     10502    
 5791.65 960     39411    2.47665    2.47802    0.00137338  1526     10512    
 5799.28 961     39450    2.47665    2.47802    0.00137337  1565     10522    
 5812.73 963     39517    2.47665    2.47802    0.00137281  1586     10538    
 5819.06 964     39550    2.47665    2.47802    0.00137152  1619     10546    
 5829.7  966     39600    2.47665    2.47802    0.00137064  1669     10559    
 5840.18 968     39661    2.47665    2.47802    0.00137062  1687     10571    
 5850.56 969     39721    2.47665    2.47802    0.00137056  1747     10584    
 5858.02 970     39757    2.47665    2.47802    0.00136996  1783     10594    
 5869.45 971     39817    2.47665    2.47802    0.00136768  1843     10609    
 5875.74 972     39853    2.47665    2.47802    0.00136744  1804     10615    
 5887.14 973     39913    2.47665    2.47802    0.00136744  1864     10629    
 5893.73 974     39971    2.47665    2.47802    0.00136734  1922     10635    
 5900.23 975     40005    2.47665    2.47802    0.00136733  1956     10642    
 5909.14 976     40065    2.47665    2.47802    0.00136733  1937     10652    
 5919.06 977     40125    2.47665    2.47802    0.00136733  1997     10665    
 5926.64 978     40159    2.47665    2.47802    0.00136732  2031     10673    
 5934.7  979     40200    2.47665    2.47802    0.00136729  1984     10683    
 5947.88 980     40250    2.47665    2.47802    0.00136713  2034     10699    
 5952.53 981     40300    2.47665    2.47802    0.00136713  2084     10702    
 5962.56 983     40353    2.47665    2.47802    0.00136713  2137     10714    
 5972.97 984     40400    2.47665    2.47802    0.00136713  2107     10725    
 5982.39 986     40451    2.47665    2.47802    0.00136713  2158     10734    
 5993.8  987     40511    2.47665    2.47802    0.00136696  2218     10745    
 6003.82 988     40550    2.47665    2.47801    0.00136548  2257     10754    
 6021.18 989     40600    2.47665    2.478      0.00135499  2307     10774    
 6029.18 990     40650    2.47665    2.478      0.00135466  2254     10781    
 6041.64 991     40700    2.47665    2.478      0.00135464  2304     10796    
 6050.56 993     40750    2.47665    2.478      0.00135463  2354     10803    
Writing policy file: ./4d7e74e760d7_994_6058.43.policy
Intermediate policy written(interval: 2000)
 6058.43 994     40800    2.47665    2.478      0.00135452  2404     10809    
 6071.58 995     40850    2.47665    2.478      0.00135452  2454     10824    
 6084.36 997     40903    2.47665    2.478      0.00135451  2411     10836    
 6096.32 998     40950    2.47665    2.478      0.00135449  2458     10848    
 6107.7  1000    41005    2.47665    2.478      0.00135445  2513     10858    
 6116.12 1002    41055    2.47665    2.478      0.00135445  2563     10865    
 6123.57 1003    41100    2.47665    2.478      0.00135445  2608     10873    
 6136.49 1004    41150    2.47665    2.478      0.00135444  2559     10890    
 6146.15 1006    41200    2.47665    2.478      0.00135444  2609     10899    
 6156.05 1007    41253    2.47665    2.478      0.00135443  2662     10907    
 6170.56 1008    41300    2.47665    2.478      0.00135443  2709     10925    
 6175    1009    41350    2.47665    2.478      0.00135443  2759     10926    
 6184.41 1011    41400    2.47665    2.478      0.00135443  2694     10934    
 6195.35 1012    41450    2.47665    2.478      0.00135443  2744     10944    
 6212.26 1014    41513    2.47665    2.478      0.00135431  2807     10961    
 6224.83 1015    41550    2.47665    2.478      0.0013537   2844     10972    
 6239.35 1016    41600    2.47665    2.478      0.00135366  2894     10985    
 6246.83 1017    41650    2.47665    2.478      0.00135365  2839     10989    
 6263.3  1019    41700    2.47665    2.478      0.00135365  2889     11007    
 6280.66 1020    41779    2.47665    2.478      0.00135278  2968     11023    
 6293.46 1020    41800    2.47665    2.478      0.00135278  2989     11038    
 6302.08 1021    41850    2.47665    2.478      0.00135278  3039     11044    
 6320.74 1023    41917    2.47665    2.478      0.00135276  3106     11060    
 6332    1024    41951    2.47665    2.478      0.00135276  3028     11068    
 6344.5  1025    42000    2.47665    2.478      0.00135276  3077     11078    
 6366.01 1026    42050    2.47665    2.478      0.00135274  3127     11100    
 6377.15 1028    42109    2.47665    2.478      0.00135266  3186     11107    
 6389.94 1029    42155    2.47665    2.478      0.00135266  3232     11118    
 6403.05 1031    42215    2.47665    2.478      0.00135201  3292     11130    
 6415.04 1032    42271    2.47665    2.478      0.00135201  3227     11141    
 6422.52 1033    42303    2.47665    2.478      0.00135188  3259     11147    
 6443.06 1034    42350    2.47665    2.478      0.00135063  3306     11166    
 6592.91 1035    42400    2.47665    2.478      0.00134825  1129     11184    
 6607.03 1036    42450    2.47665    2.478      0.00134716  1179     11206    
 6618.6  1038    42519    2.47665    2.47798    0.0013276   1214     11219    
 6630.1  1039    42561    2.47665    2.47797    0.00132362  1256     11234    
 6637.75 1040    42605    2.47665    2.47797    0.00132217  1300     11243    
 6651.51 1041    42650    2.47665    2.47796    0.0013157   1324     11261    
 6659.24 1043    42700    2.47665    2.47796    0.00131091  1374     11268    
 6672.94 1044    42750    2.47665    2.47796    0.00131091  1424     11283    
 6679.55 1045    42800    2.47665    2.47796    0.00131091  1413     11289    
 6695.06 1047    42865    2.47665    2.47796    0.00131089  1478     11306    
 6703.02 1048    42901    2.47665    2.47796    0.00131089  1514     11314    
 6714.85 1049    42950    2.47665    2.47796    0.00131089  1504     11327    
 6726.12 1051    43009    2.47665    2.47796    0.00131088  1563     11338    
 6734.25 1052    43050    2.47665    2.47796    0.00131047  1604     11347    
 6743.52 1053    43107    2.47665    2.47796    0.00131043  1592     11357    
 6753.42 1054    43150    2.47665    2.47796    0.00131035  1635     11367    
 6769.22 1055    43200    2.47665    2.47796    0.00131035  1685     11385    
 6773.36 1056    43250    2.47665    2.47796    0.00131032  1735     11387    
 6786.42 1058    43307    2.47665    2.47796    0.00131032  1723     11400    
 6797.68 1059    43365    2.47665    2.47796    0.00131032  1781     11413    
 6803.46 1060    43400    2.47665    2.47796    0.00131031  1816     11417    
 6818.67 1061    43450    2.47665    2.47796    0.00131029  1866     11434    
 6828.85 1063    43507    2.47665    2.47796    0.00131028  1843     11442    
 6839.5  1064    43550    2.47665    2.47796    0.00131024  1886     11452    
 6853.13 1065    43600    2.47665    2.47796    0.00131024  1936     11467    
 6864    1067    43667    2.47665    2.47796    0.00131024  1929     11475    
 6868.12 1068    43700    2.47665    2.47796    0.00131024  1962     11478    
 6883.51 1070    43750    2.47665    2.47796    0.00131024  2012     11495    
 6889.94 1071    43800    2.47665    2.47796    0.00131024  2062     11499    
 6901.47 1073    43863    2.47665    2.47796    0.00131024  2043     11511    
 6908.66 1074    43900    2.47665    2.47796    0.00131023  2080     11519    
 6925.22 1075    43950    2.47665    2.47796    0.00131019  2130     11536    
 6935.13 1076    44000    2.47665    2.47796    0.00130783  2180     11547    
 6949.76 1078    44067    2.47665    2.47796    0.00130779  2166     11559    
 6956.35 1079    44100    2.47665    2.47796    0.00130775  2199     11564    
 6973.3  1081    44177    2.47665    2.47796    0.00130774  2276     11579    
 6982.75 1082    44213    2.47665    2.47796    0.00130773  2312     11587    
 6993.58 1083    44271    2.47665    2.47796    0.00130773  2273     11597    
 6998.03 1084    44300    2.47665    2.47796    0.00130773  2302     11600    
 7020.6  1085    44350    2.47665    2.47796    0.00130761  2352     11624    
 7027.1  1086    44400    2.47665    2.47795    0.00129901  2402     11628    
 7046.44 1087    44450    2.47665    2.47795    0.00129901  2452     11648    
 7055.68 1088    44500    2.47665    2.47795    0.00129901  2388     11653    
 7062.35 1089    44550    2.47665    2.47795    0.00129898  2438     11658    
 7074.46 1091    44607    2.47665    2.47795    0.00129896  2495     11668    
 7083.42 1092    44650    2.47665    2.47795    0.00129896  2538     11676    
 7099.3  1093    44700    2.47665    2.47795    0.0012988   2588     11691    
 7109.43 1095    44761    2.47665    2.47795    0.00129729  2536     11698    
 7121.64 1096    44800    2.47665    2.47795    0.00129724  2575     11708    
 7136.46 1097    44850    2.47665    2.47795    0.00129724  2625     11721    
 7158.34 1099    44919    2.47665    2.47795    0.00129724  2694     11739    
 7166.91 1100    44953    2.47665    2.47795    0.00129724  2728     11746    
 7183.62 1101    45000    2.47665    2.47795    0.00129724  2682     11761    
 7191.17 1102    45050    2.47665    2.47795    0.00129724  2732     11765    
 7211.5  1103    45100    2.47665    2.47795    0.00129723  2782     11783    
 7218.49 1105    45159    2.47665    2.47794    0.00129618  2841     11785    
 7230.15 1106    45200    2.47665    2.47794    0.00129617  2882     11795    
 7246.79 1107    45250    2.47665    2.47794    0.00129616  2822     11809    
 7262.54 1109    45313    2.47665    2.47794    0.00129613  2885     11820    
 7270.66 1110    45351    2.47665    2.47794    0.00129593  2923     11826    
 7284.74 1111    45400    2.47665    2.47794    0.00129591  2972     11839    
 7296.47 1112    45450    2.47665    2.47794    0.00129586  3022     11847    
 7322.86 1113    45500    2.47665    2.47794    0.00129522  3072     11872    
 7332.62 1114    45550    2.47665    2.47794    0.0012952   2992     11877    
 7346.43 1116    45601    2.47665    2.47794    0.0012952   3043     11886    
 7361.23 1118    45663    2.47665    2.47794    0.0012952   3105     11897    
 7374.38 1119    45701    2.47665    2.47794    0.0012952   3143     11906    
 7391.37 1120    45750    2.47665    2.47794    0.0012952   3192     11920    
 7403.92 1122    45827    2.47665    2.47794    0.0012952   3269     11927    
 7409.64 1123    45853    2.47665    2.47794    0.0012952   3149     11930    
 7427.38 1124    45900    2.47665    2.47794    0.00129514  3196     11942    
 7451.08 1126    45967    2.47665    2.47794    0.00129465  3263     11961    
 7469.38 1127    46011    2.47665    2.47794    0.00129464  3307     11974    
 7480.96 1128    46069    2.47665    2.47794    0.00129441  3365     11982    
 7495.45 1129    46127    2.47665    2.47794    0.00129422  3423     11992    
 7509.58 1130    46169    2.47665    2.47794    0.00129377  3329     12003    
 7527.16 1131    46227    2.47665    2.47794    0.00129376  3387     12016    
 7539.81 1132    46263    2.47665    2.47794    0.00129376  3423     12024    
 7552.02 1133    46300    2.47665    2.47794    0.00129376  3460     12032    
 7568.84 1135    46355    2.47665    2.47794    0.00129376  3515     12042    
 7584.55 1136    46413    2.47665    2.47794    0.00129376  3573     12053    
 7597.45 1137    46450    2.47665    2.47794    0.00129376  3610     12061    
 7615.86 1138    46507    2.47665    2.47794    0.00129376  3513     12072    
 7632.02 1139    46550    2.47665    2.47794    0.00129376  3556     12082    
 7657.37 1140    46600    2.47665    2.47794    0.00129375  3606     12102    
 7666.52 1142    46650    2.47665    2.47794    0.00129375  3656     12105    
 7683.89 1143    46700    2.47665    2.47794    0.00129374  3706     12118    
 7706.52 1145    46761    2.47665    2.47794    0.00129374  3767     12132    
 7723.48 1146    46819    2.47665    2.47794    0.00129374  3825     12142    
 7738    1147    46877    2.47665    2.47794    0.00129299  3742     12150    
 7743.85 1148    46903    2.47665    2.47794    0.00129299  3768     12153    
 7759.21 1149    46961    2.47665    2.47794    0.00129298  3826     12162    
 7949.98 1150    47000    2.47665    2.47794    0.00129172  1208     12173    
 7966.89 1151    47050    2.47665    2.47794    0.00129147  1258     12192    
 7980.26 1153    47109    2.47665    2.47794    0.00128991  1317     12206    
 7991.98 1154    47167    2.47665    2.47794    0.0012899   1356     12218    
 8001.58 1155    47205    2.47665    2.47794    0.0012899   1394     12226    
 8012.01 1156    47250    2.47665    2.47794    0.00128989  1439     12234    
 8029.31 1157    47300    2.47665    2.47794    0.00128989  1439     12254    
 8038.56 1159    47363    2.47665    2.47794    0.00128989  1502     12260    
 8044.77 1160    47400    2.47665    2.47794    0.00128989  1473     12265    
 8058.36 1162    47450    2.47665    2.47794    0.00128989  1523     12281    
Writing policy file: ./4d7e74e760d7_1163_8070.53.policy
Intermediate policy written(interval: 2000)
 8070.53 1163    47513    2.47665    2.47794    0.00128989  1586     12290    
 8078.79 1164    47551    2.47665    2.47794    0.00128988  1574     12298    
 8091.31 1165    47609    2.47665    2.47794    0.00128988  1632     12309    
 8103.66 1166    47650    2.47665    2.47794    0.00128988  1673     12320    
 8123.29 1168    47711    2.47665    2.47794    0.00128977  1672     12337    
 8134.04 1169    47750    2.47665    2.47794    0.00128977  1711     12347    
 8148.27 1171    47805    2.47665    2.47794    0.00128977  1766     12359    
 8165.96 1172    47850    2.47665    2.47794    0.00128977  1811     12375    
 8181.64 1173    47900    2.47665    2.47794    0.00128957  1801     12388    
 8190.36 1175    47955    2.47665    2.47794    0.00128957  1856     12392    
 8203.09 1176    48013    2.47665    2.47794    0.00128957  1914     12404    
 8221.65 1177    48071    2.47665    2.47794    0.00128957  1876     12420    
 8230.37 1178    48100    2.47665    2.47794    0.00128957  1905     12428    
 8236.18 1179    48151    2.47665    2.47794    0.00128956  1956     12430    
 8253.15 1180    48200    2.47665    2.47794    0.00128956  2005     12444    
 8267.21 1182    48251    2.47665    2.47794    0.00128952  2056     12454    
 8282.33 1183    48300    2.47665    2.47794    0.00128942  2031     12467    
 8299.21 1185    48361    2.47665    2.47794    0.00128841  2092     12481    
 8316.69 1186    48400    2.47665    2.47793    0.00128572  2131     12496    
 8336.96 1187    48450    2.47665    2.47793    0.00128403  2181     12512    
 8345.4  1189    48500    2.47665    2.47793    0.00128384  2204     12516    
 8369.53 1190    48550    2.47665    2.47793    0.00128384  2254     12536    
 8383.45 1192    48607    2.47665    2.47793    0.00128383  2311     12545    
 8396.89 1193    48665    2.47665    2.47793    0.00128381  2369     12556    
 8408.98 1194    48700    2.47665    2.47793    0.00128381  2327     12566    
 8427.87 1195    48750    2.47665    2.47793    0.00128381  2377     12582    
 8445.36 1197    48811    2.47665    2.47793    0.00128381  2438     12593    
 8456.82 1198    48850    2.47665    2.47793    0.00128381  2477     12600    
 8476.18 1199    48900    2.47665    2.47793    0.00128381  2527     12616    
 8492.72 1201    48950    2.47665    2.47793    0.00128381  2487     12626    
 8507.52 1202    49003    2.47665    2.47793    0.00128381  2540     12635    
 8525.28 1203    49061    2.47665    2.47793    0.00128377  2598     12648    
 8543.36 1204    49100    2.47665    2.47792    0.00126962  2637     12663    
 8555.24 1205    49157    2.47665    2.47792    0.00126955  2694     12671    
 8566.34 1206    49200    2.47665    2.47792    0.00126955  2623     12678    
 8596.85 1208    49265    2.47665    2.47792    0.0012681   2688     12699    
 8611.87 1209    49301    2.47665    2.47792    0.00126733  2724     12709    
 8636.57 1210    49350    2.47665    2.47791    0.00126565  2773     12728    
 8650.16 1212    49400    2.47665    2.4779     0.00125538  2823     12737    
 8673.08 1213    49450    2.47665    2.4779     0.00125089  2873     12754    
 8697.53 1214    49500    2.47665    2.4779     0.00124979  2875     12774    
 8706.32 1215    49550    2.47665    2.4779     0.00124973  2925     12778    
 8721.22 1217    49601    2.47665    2.4779     0.00124967  2976     12787    
 8736.98 1219    49661    2.47665    2.4779     0.00124963  3036     12796    
 8750.69 1220    49700    2.47665    2.4779     0.00124963  3075     12805    
 8767.04 1222    49759    2.47665    2.4779     0.00124962  3017     12814    
 8780.39 1223    49800    2.47665    2.4779     0.00124962  3058     12823    
 8801.95 1224    49850    2.47665    2.4779     0.00124961  3108     12839    
 8811.44 1226    49900    2.47665    2.4779     0.0012496   3158     12843    
 8828.01 1227    49957    2.47665    2.4779     0.00124876  3215     12854    
 8845.72 1228    50017    2.47665    2.4779     0.00124876  3275     12865    
 8868.05 1229    50077    2.47665    2.4779     0.00124876  3197     12878    
 8882.51 1230    50115    2.47665    2.4779     0.00124876  3235     12887    
 8896.16 1231    50151    2.47665    2.4779     0.00124835  3271     12896    
 8918.3  1232    50200    2.47665    2.4779     0.0012483   3320     12909    
 8935.81 1234    50253    2.47665    2.4779     0.00124828  3373     12919    
 8952.13 1235    50313    2.47665    2.4779     0.00124828  3433     12930    
 8975.97 1236    50373    2.47665    2.4779     0.00124827  3326     12943    
 8989.66 1237    50409    2.47665    2.4779     0.00124823  3362     12953    
 9005.66 1238    50450    2.47665    2.4779     0.00124823  3403     12962    
 9017.25 1240    50500    2.47665    2.4779     0.00124823  3453     12967    
 9043.5  1241    50550    2.47665    2.4779     0.00124759  3503     12985    
 9060.79 1242    50600    2.47665    2.4779     0.00124694  3553     12994    
 9081.14 1244    50659    2.47665    2.47789    0.00124611  3612     13004    
 9096.5  1245    50701    2.47665    2.47789    0.00124609  3654     13013    
 9113.23 1246    50750    2.47665    2.47789    0.00124609  3594     13022    
 9143.2  1247    50800    2.47665    2.47789    0.00124608  3644     13042    
 9156.96 1248    50850    2.47665    2.47789    0.00124607  3694     13048    
 9166.94 1249    50900    2.47665    2.47789    0.00124603  3744     13053    
 9182.06 1250    50955    2.47665    2.47789    0.00124593  3799     13061    
 9198.22 1251    51000    2.47665    2.47789    0.00124593  3844     13071    
 9227.74 1252    51050    2.47665    2.47789    0.00124592  3894     13088    
 9249.15 1254    51113    2.47665    2.47789    0.00124383  3792     13100    
 9263.28 1255    51153    2.47665    2.47789    0.00124361  3832     13108    
 9285.51 1256    51200    2.47665    2.47789    0.00124358  3879     13122    
 9312.05 1257    51250    2.47665    2.47789    0.00124345  3929     13138    
 9327.07 1258    51300    2.47665    2.47789    0.00124333  3979     13146    
 9341.98 1259    51350    2.47665    2.47789    0.00123994  4029     13156    
 9361.99 1261    51411    2.47665    2.47789    0.00123994  4090     13166    
 9374.35 1262    51450    2.47665    2.47789    0.00123993  3979     13172    
 9400.56 1263    51500    2.47665    2.47789    0.00123988  4029     13189    
 9424.9  1265    51575    2.47665    2.47789    0.00123983  4104     13202    
 9444.7  1266    51613    2.47665    2.47789    0.00123982  4142     13214    
 9461.66 1267    51650    2.47665    2.47789    0.00123981  4179     13224    
 9493.37 1268    51700    2.47665    2.47789    0.0012398   4229     13244    
 9735.64 1269    51750    2.47665    2.47789    0.00123919  1359     13248    
 9751.52 1270    51800    2.47665    2.47789    0.00123914  1409     13264    
 9763.69 1272    51861    2.47665    2.47789    0.00123873  1470     13273    
 9779.4  1273    51921    2.47665    2.47789    0.00123873  1494     13286    
 9791.43 1274    51965    2.47665    2.47789    0.00123873  1538     13295    
 9805.27 1275    52025    2.47665    2.47789    0.00123873  1598     13304    
 9818.47 1276    52067    2.47665    2.47789    0.00123821  1559     13314    
 9827.97 1277    52103    2.47665    2.47789    0.00123821  1595     13321    
 9846.03 1278    52163    2.47665    2.47789    0.00123819  1655     13334    
 9861.25 1279    52223    2.47665    2.47789    0.00123699  1645     13347    
 9873.82 1279    52250    2.47665    2.47789    0.00123699  1672     13359    
 9885    1280    52300    2.47665    2.47789    0.00123699  1722     13366    
 9901.43 1282    52379    2.47665    2.47789    0.00123699  1712     13377    
 9911.86 1283    52415    2.47665    2.47789    0.00123699  1748     13385    
 9930.21 1284    52475    2.47665    2.47789    0.00123698  1808     13399    
 9943.9  1285    52515    2.47665    2.47788    0.00123646  1758     13410    
 9948.32 1286    52550    2.47665    2.47788    0.00123646  1793     13412    
 9962.68 1287    52600    2.47665    2.47788    0.00123646  1843     13422    
 9976.54 1288    52659    2.47665    2.47788    0.00123643  1902     13433    
 9990.99 1289    52719    2.47665    2.47788    0.00123641  1841     13444    
 10006.2 1290    52779    2.47665    2.47788    0.00123641  1901     13455    
 10018.4 1290    52800    2.47665    2.47788    0.00123641  1922     13464    
 10024.6 1291    52850    2.47665    2.47788    0.0012364   1972     13466    
 10042.6 1292    52900    2.47665    2.47788    0.0012364   2022     13481    
 10054.4 1294    52967    2.47665    2.47788    0.00123585  1966     13487    
 10059.2 1295    53000    2.47665    2.47788    0.00123585  1999     13489    
Writing policy file: ./4d7e74e760d7_1296_10075.8.policy
Intermediate policy written(interval: 2000)
 10075.8 1296    53055    2.47665    2.47788    0.00123548  2054     13502    
-------------------------------------------------------------------------------

SARSOP finishing ...
  Preset timeout reached
  Timeout     : 10000.000000s
  Actual Time : 10075.790000s

-------------------------------------------------------------------------------
 Time   |#Trial |#Backup |LBound    |UBound    |Precision  |#Alphas |#Beliefs  
-------------------------------------------------------------------------------
 10076   1296    53055    2.47665    2.47788    0.00123548  1992     13502    
-------------------------------------------------------------------------------

Writing out policy ...
  output file : ./4d7e74e760d7.policyx

