
Loading the model ...
  input file   : /home/rstudio/pomdp-solutions-library/4d7f6a6fe1df.pomdpx
  loading time : 0.12s 

SARSOP initializing ...
  initialization time : 3.84s

-------------------------------------------------------------------------------
 Time   |#Trial |#Backup |LBound    |UBound    |Precision  |#Alphas |#Beliefs  
-------------------------------------------------------------------------------
 3.84    0       0        3.64454    8.18774    4.54321     30       1        
 3.92    3       50       7.42481    7.95071    0.525898    30       20       
 3.99    5       101      7.60672    7.95057    0.343844    28       33       
 4.17    7       150      7.72214    7.94976    0.227616    46       55       
 4.37    10      203      7.80794    7.94916    0.141213    28       73       
 4.67    12      271      7.85033    7.94882    0.0984883   76       97       
 4.73    13      313      7.86025    7.94882    0.088566    93       105      
 4.97    14      357      7.8718     7.94843    0.0766295   120      121      
 5.63    15      400      7.87709    7.94837    0.0712841   116      149      
 5.93    17      451      7.89043    7.94814    0.0577076   100      159      
 6.92    19      500      7.89294    7.94811    0.0551732   135      191      
 7.4     20      550      7.90294    7.94763    0.0446961   166      201      
 8.57    22      613      7.90854    7.94741    0.0388734   161      225      
 10.03   23      650      7.90991    7.94734    0.0374297   81       248      
 11.17   25      709      7.91332    7.94695    0.0336263   72       268      
 12.56   27      750      7.91344    7.94689    0.0334567   78       287      
 13.65   28      819      7.91582    7.94681    0.0309871   71       305      
 14.74   29      861      7.91748    7.94666    0.0291832   70       323      
 16.56   31      900      7.91826    7.94656    0.0283075   55       344      
 18.21   32      950      7.91888    7.94652    0.0276398   45       361      
 19.72   34      1001     7.92033    7.94634    0.0260083   46       377      
 21.39   36      1051     7.92081    7.94632    0.0255014   43       393      
 23.58   38      1103     7.92146    7.94623    0.0247749   38       413      
 24.85   40      1155     7.92177    7.94612    0.0243438   39       424      
 26.52   41      1203     7.92259    7.94594    0.0233514   35       443      
 28.83   43      1253     7.9229     7.94566    0.0227543   39       461      
 31.53   45      1307     7.92312    7.94546    0.022344    42       481      
 34.2    47      1361     7.92337    7.94534    0.0219694   37       500      
 37.11   49      1411     7.92347    7.94532    0.0218574   45       519      
 40.01   51      1461     7.92349    7.94528    0.0217873   51       537      
 42.31   52      1507     7.92412    7.94525    0.0211307   38       554      
 45.46   54      1557     7.92429    7.94519    0.0208979   41       573      
 47.78   55      1600     7.92471    7.94517    0.0204581   36       589      
 50.35   57      1650     7.92492    7.94517    0.0202463   36       604      
 54.14   59      1713     7.92524    7.94512    0.0198734   25       626      
 56.49   60      1751     7.92546    7.94501    0.0195461   32       640      
 60.58   62      1811     7.92569    7.94489    0.0192054   40       663      
 63.78   63      1857     7.92591    7.9447     0.0187969   45       684      
 66.63   65      1909     7.92595    7.94467    0.0187179   45       698      
 70.95   66      1950     7.92597    7.94455    0.0185833   53       718      
 73.75   68      2000     7.92612    7.94446    0.0183412   50       731      
 78.44   70      2071     7.92629    7.94436    0.0180708   45       756      
 80.39   71      2100     7.9263     7.94436    0.0180522   46       764      
 84.45   73      2150     7.92636    7.94435    0.017991    44       781      
 87.93   74      2200     7.92646    7.94432    0.0178601   45       800      
 91.22   76      2250     7.92648    7.94432    0.0178334   45       813      
 95.83   78      2311     7.92656    7.94426    0.0177018   52       833      
 100.11  79      2350     7.92657    7.94421    0.0176387   56       851      
 105.6   81      2411     7.92665    7.9441     0.0174496   57       872      
 111.2   83      2450     7.92666    7.94408    0.0174236   63       892      
 116.32  84      2500     7.92669    7.94403    0.0173429   60       910      
 119.12  86      2550     7.92671    7.94402    0.0173074   69       919      
 123.93  88      2600     7.92672    7.94394    0.0172272   78       935      
 129.21  90      2650     7.92673    7.94376    0.0170369   72       952      
 133.2   92      2701     7.92674    7.94375    0.0170119   76       965      
 139.47  94      2751     7.92675    7.94365    0.0169005   75       984      
 145.54  96      2811     7.92685    7.94353    0.0166803   64       1003     
 150.49  98      2861     7.92686    7.9435     0.0166352   68       1018     
 153.54  99      2900     7.92693    7.94345    0.0165224   59       1027     
 157.25  101     2950     7.92694    7.94341    0.0164719   57       1038     
 162.77  103     3000     7.92695    7.9434     0.0164519   60       1054     
 169.85  105     3061     7.92697    7.94338    0.0164077   61       1076     
 175.31  106     3100     7.92698    7.94338    0.016401    67       1091     
 180.74  108     3165     7.92706    7.9433     0.0162384   65       1111     
 186.38  109     3200     7.92708    7.9433     0.0162169   64       1127     
 190.41  111     3250     7.9271     7.94326    0.0161585   68       1138     
 195.87  113     3300     7.92711    7.94325    0.016149    73       1152     
 202.43  115     3350     7.92711    7.94322    0.016111    75       1167     
 206.82  117     3400     7.92712    7.94322    0.0161028   74       1178     
 211.96  118     3450     7.92715    7.94321    0.0160581   66       1194     
 217.99  120     3500     7.92717    7.94321    0.0160446   68       1207     
 228.45  122     3559     7.92719    7.94293    0.0157435   72       1232     
 234.06  124     3613     7.92721    7.94275    0.0155436   70       1246     
 239.87  125     3665     7.92722    7.94264    0.0154251   84       1266     
 246.81  126     3709     7.92722    7.94262    0.015393    92       1285     
 254.46  128     3761     7.92723    7.94262    0.0153813   91       1303     
 261.71  130     3800     7.92724    7.94262    0.0153794   93       1320     
 269.21  131     3850     7.92724    7.94261    0.0153767   102      1337     
 276.97  133     3919     7.92726    7.94255    0.01529     96       1360     
 281.97  134     3950     7.92726    7.94254    0.0152849   96       1371     
 289.47  136     4009     7.92728    7.94248    0.015204    96       1389     
 297.39  138     4061     7.92728    7.94236    0.0150732   100      1406     
 305.1   139     4115     7.9273     7.9423     0.0149945   108      1428     
 312.11  140     4150     7.92731    7.9423     0.0149907   118      1442     
 317.48  142     4200     7.92731    7.94229    0.0149867   111      1453     
 325.3   144     4257     7.92732    7.94228    0.0149605   108      1471     
 331     146     4307     7.92733    7.94228    0.0149559   116      1482     
 337.85  148     4355     7.92733    7.94228    0.0149469   113      1495     
 345.89  150     4405     7.92733    7.94224    0.0149065   115      1511     
 353.58  151     4450     7.92734    7.9422     0.0148561   111      1527     
 361.39  153     4500     7.92734    7.9422     0.0148524   108      1542     
 368.18  155     4550     7.92735    7.94218    0.0148383   108      1555     
 378.45  157     4600     7.92735    7.94212    0.0147681   103      1572     
 387.59  159     4661     7.92736    7.9421     0.0147413   99       1590     
 393.19  161     4711     7.92736    7.9421     0.0147384   103      1600     
 398.99  162     4750     7.92737    7.9421     0.0147338   99       1611     
 404.77  163     4800     7.92737    7.94209    0.0147142   109      1627     
 415.7   165     4850     7.92738    7.94207    0.0146957   95       1652     
 419.18  166     4900     7.92739    7.94202    0.0146305   103      1658     
 426.73  168     4950     7.92739    7.94199    0.0146004   108      1670     
 436.29  170     5000     7.92739    7.94183    0.0144372   108      1685     
 447.51  172     5050     7.92739    7.94182    0.0144306   109      1702     
 458.5   174     5100     7.92739    7.94181    0.0144167   119      1719     
 473.43  175     5150     7.9274     7.94167    0.0142665   116      1743     
 481.38  177     5200     7.92741    7.94166    0.0142587   112      1755     
 488.67  179     5251     7.92741    7.94165    0.0142487   120      1766     
 497.97  180     5301     7.92741    7.94163    0.0142187   121      1784     
 512.65  181     5350     7.92741    7.94158    0.0141671   112      1810     
 515.86  183     5407     7.92742    7.94152    0.0141      114      1816     
 525.41  184     5463     7.92742    7.94147    0.0140563   127      1836     
 532.66  185     5500     7.92742    7.94143    0.0140137   129      1847     
 544.78  187     5563     7.92742    7.94143    0.0140088   127      1867     
 553.95  188     5611     7.92743    7.9414     0.0139713   128      1884     
 565.82  189     5669     7.92743    7.9414     0.0139633   142      1908     
 569.26  190     5700     7.92743    7.9414     0.013963    147      1912     
 582.7   192     5773     7.92743    7.94139    0.0139533   159      1936     
 594.58  193     5821     7.92744    7.94136    0.0139218   160      1956     
 599.48  194     5850     7.92744    7.94136    0.0139209   160      1962     
 607.96  196     5900     7.92744    7.94135    0.0139143   163      1973     
 618.17  198     5950     7.92744    7.94135    0.0139099   155      1986     
 635.97  200     6011     7.92744    7.94104    0.0135986   155      2012     
 645.09  201     6050     7.92744    7.94104    0.0135951   164      2024     
 655.02  203     6100     7.92745    7.94104    0.0135919   164      2035     
 664.69  204     6150     7.92745    7.94099    0.013548    165      2054     
 674.6   206     6200     7.92745    7.94099    0.0135424   168      2067     
 686.72  208     6271     7.92745    7.94099    0.0135399   175      2087     
 693.29  209     6300     7.92745    7.94099    0.0135397   175      2095     
 706.82  211     6357     7.92745    7.94099    0.0135386   174      2114     
 716.84  212     6409     7.92745    7.94099    0.0135373   182      2133     
 728.69  213     6450     7.92745    7.94098    0.0135322   167      2148     
 739.09  215     6515     7.92745    7.94095    0.0134977   171      2166     
 751.47  216     6550     7.92745    7.94094    0.0134845   170      2181     
 764.42  218     6600     7.92746    7.94073    0.0132743   178      2197     
 782.21  220     6671     7.92746    7.94065    0.0131923   186      2223     
 788.26  221     6700     7.92746    7.94065    0.0131921   187      2230     
 804.49  223     6751     7.92746    7.94063    0.0131701   188      2249     
 818.8   225     6811     7.92746    7.94062    0.0131652   183      2265     
 835.18  227     6850     7.92746    7.94062    0.0131644   189      2284     
 846.33  228     6900     7.92746    7.94062    0.0131558   191      2298     
 859.39  230     6950     7.92746    7.94061    0.0131497   202      2313     
 871.87  232     7011     7.92746    7.94061    0.0131483   206      2329     
 882.81  233     7063     7.92746    7.9406     0.013136    194      2345     
 898.76  234     7100     7.92746    7.94058    0.0131199   186      2363     
 913.75  236     7150     7.92746    7.94057    0.0131059   195      2384     
 925.96  238     7211     7.92747    7.94057    0.0131012   196      2396     
 934.12  239     7250     7.92747    7.94057    0.0131011   198      2405     
 951.4   241     7300     7.92747    7.94054    0.013075    195      2425     
 962.23  242     7359     7.92747    7.94049    0.0130236   201      2439     
 974.43  243     7403     7.92747    7.94049    0.0130195   208      2453     
 986.27  245     7453     7.92747    7.94049    0.0130191   210      2464     
 997.97  246     7500     7.92747    7.94049    0.0130169   207      2477     
 1010.67 249     7559     7.92747    7.94049    0.0130169   222      2489     
 1023.89 250     7607     7.92748    7.94048    0.0130052   217      2506     
 1044    251     7650     7.92748    7.94047    0.0129915   212      2529     
 1053.22 253     7703     7.92748    7.94041    0.0129345   203      2538     
 1071.5  255     7761     7.92748    7.9404     0.012919    200      2557     
 1084.77 257     7809     7.92748    7.9404     0.0129143   194      2570     
 1098.8  258     7850     7.92748    7.94039    0.012906    198      2585     
 1115.62 260     7915     7.92748    7.94037    0.0128814   210      2603     
 1126    261     7950     7.92748    7.94036    0.0128785   211      2612     
 1138.04 263     8000     7.92749    7.94036    0.0128767   206      2624     
 1158.3  264     8050     7.92749    7.94036    0.0128766   206      2650     
 1173.44 266     8100     7.92749    7.94036    0.0128734   203      2667     
 1183.18 267     8159     7.92749    7.94032    0.0128296   204      2677     
 1197.92 268     8215     7.92749    7.94031    0.0128192   218      2698     
 1212.59 269     8250     7.92749    7.94024    0.012753    213      2712     
 1223.12 271     8300     7.92749    7.9402     0.012702    211      2723     
 1235.14 273     8350     7.92749    7.94019    0.0127008   215      2734     
 1247.68 275     8400     7.92749    7.94019    0.0126999   221      2744     
 1263.68 276     8450     7.9275     7.94015    0.012658    210      2762     
 1283.11 278     8515     7.9275     7.94013    0.0126375   217      2784     
 1291.79 279     8550     7.9275     7.94013    0.0126375   219      2792     
 1307.45 281     8600     7.9275     7.94013    0.0126372   220      2806     
 1329.86 283     8665     7.9275     7.94013    0.0126342   221      2828     
 1345.59 284     8700     7.9275     7.94       0.0125012   215      2842     
 1360.27 286     8757     7.9275     7.94       0.0124967   210      2855     
 1376.8  288     8805     7.9275     7.93995    0.0124484   205      2869     
 1390.9  290     8855     7.9275     7.93995    0.0124463   208      2881     
 1407.83 291     8900     7.9275     7.93993    0.0124308   210      2898     
 1419.78 293     8955     7.9275     7.93993    0.0124287   204      2909     
 1436.27 295     9003     7.9275     7.93993    0.0124281   206      2920     
 1452.77 296     9051     7.9275     7.93992    0.0124206   209      2938     
 1473.13 298     9119     7.9275     7.93984    0.0123368   223      2957     
 1479.77 299     9150     7.9275     7.93983    0.0123297   221      2962     
 1494.72 300     9200     7.9275     7.93983    0.0123291   230      2979     
 1519.07 302     9257     7.9275     7.93983    0.0123263   233      2999     
 1535.98 304     9303     7.9275     7.93983    0.0123229   233      3012     
 1550.68 306     9351     7.9275     7.93981    0.012305    242      3023     
 1579.16 308     9423     7.9275     7.93981    0.0123039   227      3049     
 1588.09 309     9450     7.9275     7.93981    0.0123039   226      3056     
 1603.58 310     9500     7.92751    7.93981    0.0122995   225      3072     
 1622.48 312     9550     7.92751    7.9398     0.0122966   233      3086     
 1638.75 315     9609     7.92751    7.9398     0.0122954   237      3098     
 1656.7  317     9657     7.92751    7.9398     0.0122935   231      3111     
 1682.31 318     9715     7.92751    7.93959    0.0120863   236      3138     
 1704.68 319     9771     7.92751    7.93959    0.0120855   238      3161     
 1721.67 320     9815     7.92751    7.93958    0.012073    236      3176     
 1737.38 322     9861     7.92751    7.93955    0.0120399   229      3187     
 1756.23 324     9900     7.92751    7.93955    0.0120376   228      3201     
 1769.74 325     9950     7.92751    7.93955    0.0120367   228      3212     
 1782.89 327     10000    7.92751    7.93955    0.0120362   231      3221     
 1801.17 329     10050    7.92751    7.93954    0.0120346   235      3235     
 1827.95 331     10115    7.92751    7.93954    0.0120294   238      3257     
 1847.61 333     10161    7.92751    7.93943    0.0119225   245      3270     
 1872.93 334     10200    7.92751    7.93943    0.0119196   244      3288     
 1890.62 336     10250    7.92751    7.93929    0.0117837   241      3300     
 1918.88 338     10305    7.92751    7.93927    0.0117631   243      3321     
 1944.26 339     10350    7.92751    7.93927    0.0117628   252      3341     
 1952.88 341     10401    7.92758    7.93926    0.0116719   251      3348     
 1979.01 342     10450    7.92758    7.93924    0.011653    245      3368     
 2000.3  344     10500    7.92759    7.93923    0.0116424   256      3382     
Writing policy file: ./4d7f6a6fe1df_346_2023.34.policy
Intermediate policy written(interval: 2000)
 2023.34 346     10550    7.92759    7.93922    0.0116348   250      3397     
 2044.9  348     10600    7.92759    7.93922    0.011633    252      3411     
 2063.21 350     10650    7.92759    7.9392     0.0116163   253      3423     
 2084.24 352     10703    7.92759    7.9392     0.0116091   260      3437     
 2098.95 354     10753    7.92759    7.9392     0.011608    252      3446     
 2118.53 356     10803    7.92759    7.9392     0.0116073   261      3459     
 2136.1  358     10851    7.92759    7.9392     0.0116043   260      3470     
 2159.36 360     10905    7.92759    7.93919    0.0116025   261      3485     
 2175.61 362     10953    7.92759    7.93919    0.0116021   261      3495     
 2197.18 364     11001    7.92759    7.93919    0.0116011   260      3508     
 2228.37 366     11071    7.9276     7.93919    0.0115966   261      3531     
 2251    367     11123    7.9276     7.93917    0.011574    263      3549     
 2256.26 368     11150    7.9276     7.93917    0.0115739   264      3552     
 2287.98 370     11227    7.9276     7.93916    0.0115615   262      3579     
 2308.17 371     11267    7.9276     7.93916    0.011557    269      3594     
 2326.96 373     11300    7.9276     7.93914    0.0115439   265      3606     
 2346.36 375     11357    7.9276     7.9391     0.011504    259      3617     
 2364.32 377     11407    7.9276     7.9391     0.0115028   262      3628     
 2389.26 379     11457    7.9276     7.9391     0.0115025   265      3643     
 2411.01 381     11505    7.9276     7.9391     0.0115019   267      3655     
 2425.39 383     11551    7.9276     7.9391     0.0115014   271      3663     
 2450.16 384     11605    7.9276     7.9391     0.0114997   279      3683     
 2476.48 385     11650    7.9276     7.9391     0.0114994   280      3700     
 2499.65 386     11700    7.9276     7.93908    0.0114741   274      3718     
 2515.88 388     11755    7.9276     7.93908    0.011473    282      3728     
 2536.89 389     11803    7.9276     7.93907    0.0114703   286      3744     
 2562.19 390     11857    7.9276     7.93903    0.0114259   294      3765     
 2591.69 392     11900    7.9276     7.93903    0.0114258   302      3784     
 2611.15 393     11950    7.9276     7.93902    0.011419    315      3795     
 2634.84 395     12000    7.9276     7.939      0.0113989   318      3808     
 2668.14 397     12067    7.9276     7.939      0.0113931   316      3832     
 2690.73 398     12115    7.92761    7.93899    0.0113861   313      3848     
 2713.13 399     12150    7.92761    7.93894    0.0113352   315      3860     
 2737.27 401     12217    7.92761    7.93893    0.011327    315      3879     
 2753.44 402     12250    7.92761    7.93893    0.0113267   312      3888     
 2782.26 404     12303    7.92761    7.93893    0.0113259   322      3904     
 2816.16 406     12350    7.92761    7.93893    0.0113252   316      3924     
 2841.89 407     12400    7.92761    7.93893    0.0113248   316      3938     
 2858.92 409     12451    7.92761    7.93893    0.0113245   315      3949     
 2880.87 411     12500    7.92761    7.93893    0.0113243   317      3961     
 2900.04 413     12550    7.92761    7.93893    0.0113242   318      3971     
 2928.52 414     12600    7.92761    7.93892    0.0113119   322      3991     
 2951.92 416     12659    7.92761    7.93892    0.0113077   334      4007     
 2966.2  418     12703    7.92761    7.93892    0.0113076   337      4014     
 2990.13 419     12751    7.92761    7.93891    0.0113071   327      4031     
 3025.15 421     12800    7.92761    7.93891    0.0113065   334      4053     
 3043.56 422     12850    7.92761    7.93889    0.0112813   342      4062     
 3079.36 424     12900    7.92761    7.9387     0.0110875   342      4080     
 3097.07 426     12950    7.92761    7.93866    0.0110465   339      4089     
 3122.33 428     13000    7.92761    7.93866    0.0110461   334      4102     
 3162.3  429     13050    7.92761    7.93862    0.011012    330      4125     
 3175.47 431     13100    7.92761    7.93861    0.0110022   336      4132     
 3193.53 433     13150    7.92761    7.93861    0.0110022   344      4141     
 3227.56 434     13200    7.92761    7.9386     0.0109926   354      4161     
 3255.78 436     13251    7.92761    7.93859    0.0109802   349      4176     
 3295.22 438     13307    7.92761    7.93848    0.0108674   351      4196     
 3328.37 440     13369    7.92761    7.93847    0.0108596   355      4213     
 3339.68 441     13400    7.92761    7.93847    0.0108594   359      4218     
 3377.47 443     13459    7.92761    7.93847    0.0108557   353      4238     
 3408.49 444     13507    7.92761    7.93847    0.0108536   360      4257     
 3428.29 446     13557    7.92761    7.93847    0.0108535   353      4266     
 3444.19 447     13600    7.92761    7.93847    0.010853    344      4274     
 3473.91 449     13655    7.92761    7.93846    0.0108513   353      4289     
 3495.75 451     13709    7.92761    7.93846    0.0108512   349      4300     
 3526.18 453     13750    7.92761    7.93846    0.0108512   354      4315     
 3560.02 454     13800    7.92761    7.93846    0.010844    355      4331     
 3590.17 456     13850    7.92761    7.93844    0.0108232   352      4349     
 3611.49 458     13909    7.92761    7.93844    0.010822    352      4358     
 3634.01 460     13957    7.92761    7.93843    0.0108217   346      4368     
 3649.27 462     14005    7.92761    7.93843    0.0108216   350      4375     
 3678.34 464     14059    7.92761    7.93842    0.0108049   345      4389     
 3702.72 465     14101    7.92761    7.93842    0.0108042   347      4403     
 3721.81 467     14150    7.92761    7.93842    0.010804    351      4412     
 3770.5  469     14215    7.92761    7.93837    0.0107533   361      4437     
 3790.9  470     14253    7.92761    7.93837    0.0107527   362      4448     
 3832.59 471     14300    7.92761    7.93837    0.0107525   360      4469     
 3855.88 473     14350    7.92761    7.93833    0.0107168   361      4481     
 3878.91 475     14403    7.92761    7.93833    0.0107158   362      4493     
 3905.85 477     14459    7.92761    7.93833    0.0107108   369      4506     
 3927.88 478     14500    7.92761    7.93831    0.0106968   372      4517     
 3954.73 480     14550    7.92761    7.93831    0.0106954   374      4529     
 3972.7  482     14600    7.92761    7.93831    0.0106953   373      4537     
 4003.34 484     14650    7.92761    7.93831    0.0106945   373      4551     
 4019.19 486     14700    7.92761    7.93831    0.0106934   369      4558     
Writing policy file: ./4d7f6a6fe1df_487_4066.38.policy
Intermediate policy written(interval: 2000)
 4066.38 487     14750    7.92761    7.93829    0.0106761   374      4582     
 4097.04 489     14800    7.92762    7.93819    0.010579    374      4595     
 4129.87 491     14863    7.92762    7.93818    0.0105614   373      4613     
 4156.58 492     14900    7.92762    7.93818    0.0105613   369      4624     
 4188.65 493     14950    7.92762    7.93817    0.0105587   372      4643     
 4212.69 495     15007    7.92762    7.93817    0.0105581   374      4657     
 4259.29 496     15050    7.92762    7.93817    0.0105568   373      4679     
 4287.48 497     15100    7.92762    7.93817    0.0105512   386      4695     
 4317.26 499     15157    7.92762    7.93812    0.0105052   386      4710     
 4347.41 500     15200    7.92762    7.93812    0.0105051   395      4724     
 4376.64 501     15250    7.92762    7.93812    0.0105051   391      4741     
 4417.44 503     15311    7.92762    7.9381     0.0104873   382      4760     
 4434.53 505     15357    7.92762    7.9381     0.010486    385      4767     
 4478.86 506     15400    7.92762    7.93809    0.0104692   381      4787     
 4511.82 509     15461    7.92762    7.93805    0.0104322   385      4801     
 4541.6  510     15505    7.92762    7.93805    0.0104309   383      4817     
 4562.36 512     15551    7.92762    7.93805    0.0104306   383      4825     
 4588.81 513     15600    7.92762    7.93805    0.0104299   388      4840     
 4620.29 514     15650    7.92762    7.93804    0.0104222   390      4858     
 4648.19 516     15700    7.92762    7.93804    0.0104208   390      4869     
 4687.79 518     15750    7.92762    7.93802    0.0104029   388      4887     
 4717.29 520     15805    7.92762    7.938      0.0103822   382      4900     
 4744.63 522     15851    7.92762    7.938      0.0103815   373      4911     
 4771.41 524     15907    7.92762    7.938      0.0103814   376      4923     
 4787.68 526     15955    7.92762    7.938      0.0103814   383      4929     
 4805.38 528     16001    7.92762    7.938      0.0103813   388      4936     
 4854.95 530     16073    7.92762    7.938      0.0103793   396      4961     
 4870.78 531     16100    7.92762    7.938      0.0103789   401      4967     
 4917.03 533     16169    7.92762    7.93796    0.0103425   399      4991     
 4940.44 534     16200    7.92762    7.93796    0.0103425   404      5000     
 4984.32 536     16250    7.92762    7.93795    0.0103364   405      5018     
 5020.65 538     16309    7.92762    7.93791    0.0102887   412      5036     
 5052.26 539     16350    7.92762    7.93791    0.0102881   408      5049     
 5087.14 540     16400    7.92762    7.93791    0.0102877   413      5068     
 5125.78 542     16451    7.92762    7.93791    0.010287    407      5084     
 5165.68 544     16511    7.92762    7.9379     0.0102864   398      5100     
 5199.86 546     16555    7.92762    7.9379     0.0102863   403      5113     
 5239.36 547     16600    7.92762    7.9379     0.0102862   400      5129     
 5272.32 548     16650    7.92762    7.9379     0.0102854   415      5146     
 5291.21 550     16700    7.92762    7.9379     0.0102847   417      5153     
 5319.95 552     16751    7.92762    7.9379     0.0102824   414      5165     
 5343.06 554     16800    7.92762    7.9379     0.0102819   420      5173     
 5385.77 556     16850    7.92762    7.9379     0.0102818   418      5189     
 5424.57 558     16900    7.92762    7.93789    0.0102672   416      5203     
 5468.58 561     16959    7.92762    7.93785    0.0102285   417      5219     
 5513.82 562     17000    7.92762    7.93785    0.0102282   407      5238     
 5524.78 564     17050    7.92762    7.93785    0.010228    409      5242     
 5573.81 566     17121    7.92762    7.93785    0.0102278   410      5266     
 5584.29 567     17150    7.92762    7.93785    0.0102278   411      5269     
 5620.08 568     17200    7.92762    7.93784    0.0102247   411      5287     
 5655.03 570     17250    7.92762    7.93784    0.0102244   416      5300     
 5689.1  572     17300    7.92762    7.93784    0.0102216   414      5312     
 5720.52 575     17357    7.92762    7.93783    0.0102111   412      5323     
 5749.27 576     17400    7.92762    7.93783    0.0102108   414      5335     
 5801.32 578     17461    7.92762    7.93783    0.0102104   424      5357     
 5831.81 580     17505    7.92762    7.93783    0.01021     423      5367     
 5864.27 582     17550    7.92762    7.93783    0.0102097   426      5378     
 5911    584     17609    7.92762    7.93783    0.010208    422      5396     
 5948.7  586     17653    7.92762    7.93783    0.0102072   432      5409     
 5984.25 587     17703    7.92762    7.93781    0.0101871   439      5425     
 6009.23 589     17750    7.92762    7.93781    0.0101871   437      5433     
Writing policy file: ./4d7f6a6fe1df_591_6068.4.policy
Intermediate policy written(interval: 2000)
 6068.4  591     17800    7.92762    7.9378     0.0101853   441      5454     
 6102.43 593     17859    7.92762    7.93779    0.0101691   446      5470     
 6137.3  595     17911    7.92762    7.93779    0.010169    445      5482     
 6169.53 596     17950    7.92762    7.93779    0.0101685   448      5494     
 6205.33 598     18000    7.92762    7.93778    0.0101627   443      5506     
 6256.13 600     18067    7.92762    7.93778    0.0101609   449      5528     
 6296.07 601     18100    7.92762    7.93778    0.0101594   454      5542     
 6350.41 604     18159    7.92762    7.93777    0.0101533   452      5560     
 6405.87 606     18217    7.92762    7.93769    0.0100666   456      5580     
 6436.08 607     18250    7.92762    7.93769    0.0100665   458      5590     
 6464.85 609     18300    7.92762    7.93769    0.0100664   463      5600     
 6506.43 610     18350    7.92762    7.93764    0.0100214   465      5618     
 6538.48 613     18409    7.92762    7.93764    0.0100214   465      5628     
 6569.73 615     18451    7.92762    7.93764    0.0100212   454      5638     
 6629.88 616     18500    7.92762    7.93764    0.0100188   450      5660     
 6677.07 618     18559    7.92762    7.93761    0.00998659  443      5678     
 6711.54 619     18611    7.92762    7.93761    0.00998657  452      5695     
 6739    620     18650    7.92762    7.93761    0.00998645  453      5705     
 6778.17 621     18700    7.92762    7.9376     0.00997773  456      5721     
 6819.45 623     18751    7.92762    7.9376     0.00997767  464      5736     
 6854.35 625     18809    7.92762    7.9376     0.0099769   465      5748     
 6895.62 626     18850    7.92762    7.9376     0.00997687  458      5762     
 6921.36 628     18903    7.92762    7.9376     0.00997396  455      5773     
 6955.23 630     18955    7.92762    7.9376     0.00997287  447      5785     
 7004.36 631     19009    7.92762    7.93753    0.00991092  461      5807     
 7041.66 632     19055    7.92762    7.93753    0.00990443  470      5822     
 7086.49 633     19111    7.92762    7.93753    0.00990429  486      5843     
 7127.67 634     19150    7.92762    7.93753    0.00990414  488      5857     
 7173.48 636     19207    7.92762    7.93751    0.009888    493      5875     
 7219.73 637     19257    7.92762    7.93746    0.00983948  503      5894     
 7273.58 638     19300    7.92762    7.93746    0.00983903  497      5913     
 7301.21 640     19350    7.92762    7.93746    0.00983831  503      5922     
 7341.54 642     19411    7.92762    7.93744    0.00981535  511      5937     
 7377.9  644     19455    7.92762    7.93743    0.00981076  513      5948     
 7443.47 645     19500    7.92762    7.93729    0.00966595  517      5970     
 7481.32 647     19561    7.92762    7.93728    0.00966063  521      5984     
 7526.77 648     19600    7.92762    7.93728    0.00966059  522      5999     
 7562    650     19650    7.92762    7.93728    0.00966055  522      6009     
 7602.44 652     19700    7.92762    7.93728    0.00966053  529      6020     
 7660.56 654     19750    7.92762    7.93728    0.00965981  519      6038     
 7694.83 656     19800    7.92762    7.93728    0.0096556   520      6048     
 7739.32 658     19855    7.92762    7.93728    0.00965532  519      6062     
 7790.9  659     19909    7.92762    7.93728    0.00965497  521      6083     
 7836.13 660     19950    7.92762    7.93728    0.00965208  527      6098     
 7897.16 661     20000    7.92762    7.93726    0.00963544  529      6119     
 7941.8  662     20050    7.92762    7.93725    0.00963055  531      6137     
 7995.25 665     20100    7.92762    7.93715    0.00952954  539      6152     
 8053.09 666     20150    7.92762    7.93715    0.00952361  538      6169     
Writing policy file: ./4d7f6a6fe1df_668_8096.88.policy
Intermediate policy written(interval: 2000)
 8096.88 668     20205    7.92762    7.93696    0.00933282  537      6183     
 8132.94 670     20251    7.92762    7.93696    0.00933235  542      6193     
 8183.43 671     20300    7.92762    7.93696    0.00933232  531      6209     
 8224.12 673     20361    7.92762    7.93695    0.00932621  536      6222     
 8272.34 674     20413    7.92763    7.93693    0.0093097   532      6240     
 8309.13 676     20457    7.92763    7.93691    0.00928241  525      6250     
 8359.46 678     20505    7.92763    7.93691    0.00928021  523      6264     
 8393.21 680     20551    7.92763    7.9369     0.00927978  526      6273     
 8451.3  682     20605    7.92763    7.9369     0.00927733  537      6290     
 8507.02 683     20655    7.92763    7.9369     0.00927712  547      6310     
 8550.77 685     20701    7.92763    7.9369     0.00927705  543      6322     
 8590.32 686     20750    7.92763    7.9369     0.00927691  545      6334     
 8632.45 688     20805    7.92763    7.9369     0.00927684  545      6347     
 8670.39 689     20850    7.92763    7.9369     0.00927683  555      6360     
 8702    691     20900    7.92763    7.9369     0.00927682  563      6368     
 8738.49 692     20950    7.92763    7.9369     0.00927238  563      6381     
 8803.39 694     21007    7.92763    7.93688    0.00925686  548      6402     
 8843.67 696     21053    7.92763    7.93688    0.00925685  548      6412     
 8896    697     21103    7.92763    7.93688    0.00925685  560      6430     
 8942.18 698     21150    7.92763    7.93688    0.00925626  567      6445     
 9019.76 699     21200    7.92763    7.93688    0.00925465  567      6470     
 9061.8  701     21259    7.92763    7.93688    0.00925187  575      6482     
 9102.52 702     21300    7.92763    7.93688    0.00925126  575      6494     
 9169.09 704     21367    7.92763    7.93687    0.00924689  589      6515     
 9206.52 705     21401    7.92763    7.93687    0.00924689  590      6525     
 9256.01 706     21450    7.92763    7.93687    0.00924688  590      6540     
 9304.59 708     21503    7.92763    7.93686    0.00923684  598      6553     
 9342.95 710     21553    7.92763    7.93686    0.00923516  595      6562     
 9393.36 711     21600    7.92763    7.93686    0.00923421  583      6576     
 9450.99 712     21650    7.92763    7.93684    0.00921541  586      6594     
 9496.78 714     21700    7.92763    7.93684    0.00921361  582      6606     
 9552.92 715     21750    7.92763    7.93683    0.00920701  574      6623     
 9612.46 717     21815    7.92763    7.93682    0.00919699  579      6643     
 9647.11 719     21859    7.92763    7.93682    0.00919696  583      6651     
 9690.07 720     21900    7.92763    7.93682    0.00919694  576      6662     
 9743.02 722     21963    7.92763    7.93682    0.00919494  585      6680     
 9775.22 724     22005    7.92763    7.93682    0.00919484  586      6687     
 9850.3  726     22050    7.92763    7.93682    0.00919482  588      6712     
 9880.27 727     22100    7.92763    7.93682    0.00919405  601      6718     
 9941.1  728     22150    7.92763    7.93682    0.00919368  614      6738     
 9996.76 730     22203    7.92763    7.93677    0.00914636  623      6751     
 10049.1 731     22251    7.92763    7.93675    0.00912764  628      6768     
Writing policy file: ./4d7f6a6fe1df_732_10102.2.policy
Intermediate policy written(interval: 2000)
 10102.2 732     22300    7.92763    7.93673    0.00909974  621      6785     
-------------------------------------------------------------------------------

SARSOP finishing ...
  Preset timeout reached
  Timeout     : 10000.000000s
  Actual Time : 10102.220000s

-------------------------------------------------------------------------------
 Time   |#Trial |#Backup |LBound    |UBound    |Precision  |#Alphas |#Beliefs  
-------------------------------------------------------------------------------
 10102.2 732     22300    7.92763    7.93673    0.00909974  621      6785     
-------------------------------------------------------------------------------

Writing out policy ...
  output file : ./4d7f6a6fe1df.policyx

