
Loading the model ...
  input file   : /home/rstudio/pomdp-solutions-library/4d811f98703.pomdpx
  loading time : 0.15s 

SARSOP initializing ...
  initialization time : 2.25s

-------------------------------------------------------------------------------
 Time   |#Trial |#Backup |LBound    |UBound    |Precision  |#Alphas |#Beliefs  
-------------------------------------------------------------------------------
 2.25    0       0        0.887373   1.66976    0.782388    30       1        
 2.35    2       55       1.22026    1.58177    0.361508    75       29       
 2.51    3       100      1.27776    1.57831    0.300555    117      57       
 2.69    5       151      1.32625    1.57803    0.251777    164      73       
 3.03    7       200      1.34502    1.57749    0.232469    210      104      
 3.32    8       250      1.37141    1.57671    0.205299    259      119      
 3.93    10      300      1.37832    1.57622    0.197906    306      150      
 4.49    11      351      1.38298    1.57461    0.191627    344      167      
 5.38    12      400      1.38596    1.57419    0.188228    390      197      
 6.07    14      453      1.39125    1.57339    0.182139    424      212      
 7.15    15      500      1.39353    1.57322    0.179688    457      239      
 8.38    17      555      1.39876    1.57301    0.17425     176      257      
 9.32    18      600      1.4027     1.57255    0.169843    220      285      
 10.22   20      657      1.40737    1.57075    0.163382    108      303      
 11.03   21      700      1.40837    1.57074    0.162376    85       326      
 11.89   23      759      1.41185    1.57053    0.158675    91       347      
 12.7    24      800      1.41216    1.57048    0.158312    91       366      
 13.92   26      861      1.41252    1.57042    0.157897    109      390      
 14.73   27      900      1.41373    1.57035    0.156622    119      407      
 16.04   29      961      1.41446    1.57034    0.155881    133      432      
 17.14   30      1000     1.41467    1.57018    0.15551     107      451      
 19      32      1063     1.41882    1.56931    0.150497    94       479      
 19.89   33      1100     1.41908    1.56931    0.150228    112      494      
 22.11   35      1150     1.41967    1.5693     0.149624    98       522      
 23.23   36      1201     1.4199     1.56927    0.149379    127      536      
 25.43   37      1250     1.41996    1.56923    0.149264    153      565      
 26.81   39      1303     1.42061    1.56908    0.148473    132      581      
 29.07   40      1350     1.42073    1.56907    0.148343    118      608      
 30.68   42      1403     1.42317    1.56906    0.145895    93       625      
 33.38   43      1450     1.42426    1.56906    0.144805    100      651      
 35.11   45      1505     1.42454    1.56904    0.144499    122      667      
 37.31   46      1550     1.42501    1.56902    0.144015    128      690      
 39.72   48      1607     1.42516    1.56851    0.143348    127      711      
 42.1    49      1650     1.4252     1.56849    0.143291    141      733      
 44.64   51      1709     1.42588    1.56827    0.14239     135      754      
 47.11   52      1750     1.42638    1.56827    0.141891    132      773      
 50      54      1811     1.42663    1.5682     0.141573    147      795      
 52.08   55      1850     1.42674    1.56792    0.141181    160      811      
 55.47   57      1913     1.42674    1.56767    0.140937    193      836      
 57.31   58      1950     1.42674    1.56766    0.140927    211      849      
 61.07   60      2013     1.42713    1.56764    0.140506    211      875      
 63.09   61      2050     1.42737    1.56763    0.140266    203      891      
 66.83   63      2115     1.42749    1.56761    0.140117    205      917      
 68.97   64      2150     1.42752    1.56761    0.140087    218      931      
 72.99   66      2200     1.42892    1.56664    0.13772     165      960      
 75.19   67      2251     1.42935    1.56662    0.137274    152      975      
 79.45   68      2300     1.42953    1.56655    0.137013    160      1002     
 82.09   70      2353     1.42987    1.56654    0.136672    167      1018     
 85.97   71      2400     1.42989    1.56653    0.136639    172      1045     
 88.76   73      2453     1.43019    1.56652    0.136334    187      1059     
 92.92   74      2500     1.43064    1.56651    0.135873    186      1085     
 96.06   76      2555     1.43147    1.5665     0.135024    176      1101     
 99.72   77      2600     1.4317     1.5665     0.134798    170      1123     
 103.49  79      2657     1.43183    1.5665     0.134665    189      1141     
 107.29  80      2700     1.43184    1.56649    0.134647    188      1162     
 111.39  82      2757     1.43244    1.56648    0.134042    190      1181     
 115.5   83      2800     1.43245    1.56648    0.134029    194      1205     
 119.96  85      2859     1.43252    1.56647    0.133948    193      1226     
 124.35  86      2900     1.43256    1.56642    0.133862    204      1247     
 129.12  88      2961     1.43267    1.56638    0.133712    217      1269     
 132.63  89      3000     1.43281    1.56638    0.13357     230      1286     
 138.67  91      3063     1.43281    1.56638    0.133566    236      1311     
 142.12  92      3100     1.433      1.56593    0.132926    243      1325     
 148     94      3165     1.43301    1.56593    0.132918    262      1352     
 151.34  95      3200     1.43302    1.56592    0.132904    274      1365     
 158.05  97      3265     1.43306    1.56561    0.132548    277      1392     
 162.11  98      3300     1.43308    1.5656     0.132521    285      1406     
 169.5   100     3350     1.43308    1.5656     0.13252     295      1433     
 173.31  101     3401     1.43317    1.56553    0.132365    296      1446     
 181.73  103     3465     1.43318    1.56552    0.132342    319      1471     
 185.05  104     3500     1.43319    1.56552    0.132322    332      1484     
 191.56  106     3550     1.43319    1.56552    0.132321    336      1509     
 196.17  107     3601     1.43325    1.56551    0.132266    352      1522     
 202.57  108     3650     1.43325    1.56551    0.132257    363      1545     
 207.55  110     3703     1.43326    1.56551    0.132251    380      1559     
 214.45  111     3750     1.43326    1.5655     0.132249    393      1582     
 220.15  113     3805     1.43326    1.5655     0.132238    414      1598     
 227.18  114     3850     1.43329    1.5655     0.132208    409      1619     
 233.35  116     3907     1.43335    1.56545    0.1321      404      1637     
 239.03  117     3950     1.43337    1.56545    0.132079    395      1658     
 246.88  119     4009     1.43348    1.56544    0.131959    380      1680     
 252.72  120     4050     1.43351    1.56543    0.131921    388      1701     
 259.83  122     4109     1.43377    1.56535    0.131578    361      1722     
 265.48  123     4150     1.43385    1.56534    0.131496    351      1740     
 273.33  125     4211     1.43387    1.56534    0.131471    352      1763     
 278.13  126     4250     1.43389    1.56533    0.131439    348      1778     
 286.76  128     4313     1.43392    1.56532    0.131402    364      1803     
 291.99  129     4350     1.43402    1.56528    0.131262    379      1818     
 301.75  131     4415     1.43402    1.56528    0.131253    379      1845     
 306.99  132     4450     1.43403    1.56527    0.131239    359      1858     
 316.46  133     4500     1.43414    1.56492    0.130786    372      1885     
 322.62  135     4553     1.43422    1.56492    0.130694    381      1899     
 332.7   136     4600     1.43423    1.56489    0.13066     387      1925     
 339.31  138     4653     1.43426    1.56487    0.130614    403      1939     
 348.33  139     4700     1.43426    1.56487    0.130608    397      1963     
 355.32  141     4753     1.43431    1.56487    0.130556    394      1977     
 365.14  142     4800     1.43433    1.56486    0.130538    399      2001     
 373.74  144     4857     1.43452    1.56486    0.13034     404      2018     
 381.79  145     4900     1.4347     1.56486    0.130161    408      2036     
 390.49  147     4959     1.43474    1.56486    0.130112    403      2056     
 397.18  148     5000     1.43475    1.56485    0.130105    400      2074     
 408.24  150     5061     1.43477    1.56485    0.13008     401      2096     
 415.4   151     5100     1.43478    1.56485    0.130065    405      2113     
 427.14  153     5163     1.43478    1.56484    0.130063    417      2138     
 432.87  154     5200     1.43479    1.56484    0.130052    426      2151     
 443.62  156     5263     1.43576    1.56484    0.129075    330      2175     
 449.72  157     5300     1.4358     1.56484    0.129042    318      2190     
 459.6   159     5365     1.4359     1.56484    0.128937    263      2215     
 464.63  160     5400     1.4359     1.56484    0.128935    262      2226     
 474.36  162     5450     1.4359     1.56483    0.12893     264      2249     
 481.23  163     5501     1.43592    1.56483    0.128914    271      2262     
 491.87  164     5550     1.43594    1.56483    0.128893    278      2286     
 498.35  166     5603     1.43603    1.56473    0.128704    270      2300     
 507.73  167     5650     1.43606    1.56473    0.12867     264      2322     
 515.67  169     5705     1.43625    1.56473    0.128473    293      2338     
 525.89  170     5750     1.43626    1.56473    0.128467    290      2363     
 533.13  172     5803     1.43631    1.56471    0.128398    303      2378     
 543.16  173     5850     1.43632    1.56471    0.128388    300      2401     
 550.81  175     5905     1.43632    1.5647     0.128379    326      2416     
 559.29  176     5950     1.43632    1.5647     0.128378    339      2434     
 567.63  178     6005     1.43632    1.5647     0.128377    356      2450     
 577.16  179     6050     1.43632    1.5647     0.128377    371      2468     
 585.69  181     6105     1.43636    1.56464    0.12828     367      2483     
 595.29  182     6150     1.43647    1.56462    0.128153    382      2505     
 606.65  184     6205     1.43658    1.56458    0.127999    370      2525     
 617.95  185     6250     1.4366     1.56456    0.127966    384      2551     
 629.2   187     6303     1.43662    1.56453    0.127907    390      2569     
 642.66  188     6350     1.43662    1.5645     0.127879    404      2597     
 650.1   190     6401     1.43666    1.5644     0.127744    404      2611     
 666.31  191     6450     1.4367     1.56439    0.127683    416      2640     
 673.79  193     6500     1.43677    1.56438    0.127614    417      2654     
 687.46  195     6565     1.43679    1.56438    0.127592    433      2675     
 695.54  196     6600     1.43679    1.56438    0.127591    439      2688     
 708.08  198     6665     1.43681    1.56438    0.127568    449      2709     
 715.47  199     6700     1.43681    1.56438    0.127566    460      2723     
 730.31  201     6763     1.43681    1.56437    0.12756     457      2746     
 738.46  202     6800     1.43684    1.56437    0.127535    446      2759     
 753.88  204     6863     1.43684    1.56437    0.12753     472      2783     
 762.22  205     6900     1.43697    1.56437    0.127398    481      2796     
 777.92  207     6963     1.43702    1.56436    0.127347    472      2818     
 784.55  208     7000     1.43702    1.56436    0.127346    474      2828     
 795.45  210     7063     1.43702    1.56436    0.127346    481      2848     
 801.94  211     7100     1.43702    1.56414    0.127119    492      2859     
 816.49  213     7165     1.43702    1.56401    0.126993    507      2879     
 823.86  214     7200     1.43702    1.56401    0.126992    509      2888     
 839.7   216     7265     1.43702    1.56401    0.126992    523      2908     
 847.35  217     7300     1.43702    1.56401    0.126992    529      2918     
 862.25  219     7350     1.43702    1.56401    0.126991    542      2939     
 872.61  220     7401     1.43702    1.56401    0.126991    549      2951     
 889.59  221     7450     1.43715    1.56384    0.126691    532      2976     
 900.1   223     7500     1.43728    1.56384    0.126555    532      2991     
 920.45  225     7550     1.43805    1.56209    0.124047    507      3020     
 932.31  226     7601     1.43812    1.56209    0.123968    497      3035     
 947.79  227     7650     1.43814    1.56209    0.123947    507      3060     
 960.86  229     7701     1.4383     1.56209    0.123793    502      3074     
 978.16  230     7750     1.4383     1.56208    0.123778    504      3099     
 988.02  232     7803     1.43832    1.56207    0.123749    512      3112     
 1004.69 233     7850     1.43833    1.56207    0.123736    517      3135     
 1020.21 235     7905     1.43835    1.56207    0.123717    526      3150     
 1038.47 236     7950     1.43836    1.56207    0.123712    542      3171     
 1053.86 238     8007     1.43837    1.56207    0.123698    546      3189     
 1067.37 239     8050     1.43848    1.56206    0.123582    551      3209     
 1083.56 241     8109     1.4385     1.56206    0.12356     557      3229     
 1098.92 242     8150     1.43851    1.56206    0.12355     553      3249     
 1118.8  244     8213     1.43851    1.56205    0.123542    543      3273     
 1133.61 245     8250     1.43877    1.56199    0.123221    528      3290     
 1154.65 247     8315     1.43878    1.56198    0.123204    536      3316     
 1165.61 248     8350     1.43879    1.56198    0.123196    550      3330     
 1188.99 250     8400     1.43879    1.56198    0.123189    529      3359     
 1201.16 251     8453     1.43886    1.56114    0.122275    514      3372     
 1220.37 252     8500     1.43886    1.56114    0.122274    528      3398     
 1236.81 254     8555     1.43887    1.56113    0.122263    528      3414     
 1254.95 255     8600     1.43887    1.56113    0.122261    536      3437     
 1270.93 257     8657     1.43889    1.56113    0.122241    530      3454     
 1286.04 258     8700     1.43889    1.56113    0.122238    533      3473     
 1303.95 260     8759     1.43889    1.56113    0.122235    550      3492     
 1319.8  261     8800     1.43889    1.56113    0.122235    562      3509     
 1342.87 263     8861     1.4389     1.56113    0.122226    569      3530     
 1355.61 264     8900     1.4389     1.56113    0.122222    580      3545     
 1376.83 266     8963     1.43891    1.56112    0.122216    581      3567     
 1389.62 267     9000     1.43891    1.56112    0.122213    593      3579     
 1413.19 269     9065     1.43891    1.56112    0.122212    604      3604     
 1427.5  270     9100     1.43899    1.56112    0.122133    580      3616     
 1448.89 272     9150     1.439      1.56112    0.122124    572      3642     
 1461.68 273     9201     1.43902    1.56112    0.122099    584      3654     
 1481.36 274     9250     1.43902    1.56112    0.122099    588      3678     
 1496.56 276     9303     1.43902    1.56112    0.122098    607      3691     
 1518.63 277     9350     1.43902    1.56112    0.122097    615      3712     
 1539.09 279     9407     1.43902    1.56112    0.122095    633      3730     
 1556.42 280     9450     1.43903    1.56112    0.122091    638      3750     
 1577.99 282     9509     1.43904    1.56112    0.12208     657      3771     
 1594.36 283     9550     1.43904    1.56112    0.122077    646      3788     
 1618.46 285     9611     1.43904    1.56111    0.122076    646      3810     
 1629.24 286     9650     1.43904    1.56111    0.122071    685      3823     
 1655.11 288     9711     1.43904    1.56111    0.12207     668      3846     
 1669.13 289     9750     1.43904    1.56111    0.12207     707      3859     
 1694.85 291     9813     1.43904    1.56111    0.122069    681      3884     
 1704.77 292     9850     1.43904    1.56111    0.122068    718      3896     
 1725.61 294     9915     1.43904    1.56111    0.122068    777      3921     
 1741.2  295     9950     1.43904    1.56111    0.122068    696      3934     
 1761.67 296     10000    1.43908    1.56111    0.12203     746      3959     
 1776.95 298     10053    1.43911    1.56111    0.122       780      3971     
 1805.52 299     10100    1.43911    1.56111    0.121998    723      3993     
 1820.99 301     10155    1.43912    1.56111    0.12199     778      4009     
 1838.68 302     10200    1.43918    1.56111    0.12193     814      4030     
 1856.41 304     10257    1.43918    1.56111    0.121926    871      4048     
 1883.19 305     10300    1.43918    1.56111    0.121925    722      4067     
 1903.15 307     10359    1.43918    1.56106    0.121874    781      4087     
 1922.03 308     10400    1.43919    1.56106    0.121868    817      4103     
 1941.68 310     10459    1.43919    1.56106    0.121868    853      4122     
 1967.36 311     10500    1.43919    1.56106    0.121864    720      4139     
 1987.47 313     10557    1.4392     1.56106    0.121859    777      4157     
Writing policy file: ./4d811f98703_314_2003.44.policy
Intermediate policy written(interval: 2000)
 2003.44 314     10600    1.43924    1.56105    0.121817    815      4175     
 2022.27 316     10657    1.43924    1.56105    0.121814    869      4194     
 2039.75 317     10700    1.43924    1.56105    0.121814    912      4213     
 2075.08 319     10759    1.43925    1.56105    0.121803    703      4235     
 2091.78 320     10800    1.43926    1.56086    0.121597    744      4253     
 2116.23 322     10861    1.43926    1.56085    0.121582    804      4275     
 2128.88 323     10900    1.43926    1.56084    0.121582    843      4288     
 2156.28 325     10963    1.43926    1.56084    0.121581    900      4311     
 2169.79 326     11000    1.43927    1.56084    0.121575    926      4324     
 2209.73 328     11065    1.43929    1.56084    0.12155     712      4349     
 2225.45 329     11100    1.43929    1.56084    0.121549    747      4362     
 2250.71 331     11150    1.43929    1.56084    0.121549    792      4387     
 2263.6  332     11201    1.43929    1.56084    0.121547    843      4399     
 2286.04 333     11250    1.43931    1.56084    0.121526    887      4423     
 2303.95 335     11305    1.43934    1.56084    0.121498    935      4440     
 2338.59 336     11350    1.43934    1.56084    0.121497    744      4460     
 2358.18 338     11407    1.43934    1.56084    0.121496    801      4477     
 2379.81 339     11450    1.43936    1.56084    0.121481    835      4494     
 2403.11 341     11507    1.43936    1.56084    0.12148     892      4512     
 2422.44 342     11550    1.43936    1.56084    0.12148     925      4530     
 2444.83 344     11609    1.43937    1.56084    0.121468    984      4550     
 2482.1  345     11650    1.43937    1.56084    0.121468    785      4569     
 2504.48 347     11709    1.43937    1.56084    0.121467    844      4589     
 2523.28 348     11750    1.43937    1.56084    0.121465    871      4608     
 2545.85 350     11809    1.43937    1.56083    0.121464    930      4627     
 2565.96 351     11850    1.43937    1.56081    0.121441    960      4644     
 2592.22 353     11911    1.43938    1.56081    0.121431    1021     4665     
 2608.39 354     11950    1.43939    1.56081    0.121425    1047     4678     
 2635.1  356     12009    1.43939    1.56081    0.121421    1106     4700     
 2674.66 357     12050    1.43939    1.56081    0.12142     880      4717     
 2698.49 359     12107    1.4394     1.56081    0.121412    937      4736     
 2721.04 360     12150    1.4394     1.56081    0.12141     973      4753     
 2746.12 362     12207    1.4394     1.56081    0.121408    1030     4773     
 2763.03 363     12250    1.43941    1.56079    0.121382    1068     4787     
 2786.37 365     12307    1.43943    1.56079    0.121354    1125     4805     
 2807.75 366     12350    1.43944    1.56079    0.121349    1147     4822     
 2834.2  368     12409    1.43944    1.56079    0.121348    1206     4841     
 2852.77 369     12450    1.43944    1.56079    0.121348    1247     4856     
 2907.25 371     12511    1.43944    1.56079    0.121343    963      4878     
 2922.84 372     12550    1.43945    1.56079    0.121333    1002     4891     
 2954.42 374     12611    1.43945    1.56079    0.121333    1043     4912     
 2972.17 375     12650    1.43945    1.56079    0.121333    1082     4925     
 3003.07 377     12711    1.43945    1.56079    0.121332    1143     4948     
 3021.25 378     12750    1.43945    1.56079    0.121332    1160     4961     
 3057.27 380     12813    1.43946    1.56078    0.121324    1223     4986     
 3074.96 381     12850    1.43946    1.56078    0.121323    1248     4999     
 3110.08 383     12915    1.43946    1.56078    0.121322    1313     5022     
 3158.77 384     12950    1.43946    1.56078    0.121321    1085     5034     
 3190.9  386     13000    1.43946    1.56078    0.121321    1135     5058     
 3210.8  387     13050    1.43946    1.56078    0.121319    1185     5069     
 3243.38 389     13115    1.43947    1.56078    0.121314    1223     5092     
 3265.65 390     13150    1.43947    1.56078    0.121314    1258     5105     
 3301.97 392     13215    1.43947    1.56078    0.121304    1298     5132     
 3318.47 393     13250    1.43948    1.56078    0.121301    1333     5143     
 3351.59 395     13313    1.43949    1.56078    0.121293    1381     5164     
 3372.44 396     13350    1.43951    1.56078    0.121272    1418     5178     
 3407.94 398     13413    1.43951    1.56078    0.121267    1481     5201     
 3469.58 399     13450    1.43951    1.56078    0.121265    1132     5213     
 3502.7  401     13511    1.43951    1.56078    0.121265    1193     5236     
 3518.62 402     13550    1.43951    1.56078    0.121264    1232     5247     
 3551.91 404     13609    1.43954    1.56078    0.121233    1272     5268     
 3576.52 405     13650    1.43954    1.56078    0.121233    1313     5283     
 3608.02 407     13709    1.43954    1.56078    0.121232    1353     5302     
 3633.98 408     13750    1.43954    1.56078    0.121232    1394     5319     
 3668.66 410     13811    1.43956    1.56062    0.121063    1455     5339     
 3687.15 411     13850    1.43956    1.56062    0.121063    1469     5353     
 3723.53 413     13911    1.43956    1.56062    0.121062    1530     5373     
 3743.73 414     13950    1.43956    1.56062    0.121062    1569     5388     
 3783.66 416     14011    1.43956    1.56062    0.12106     1606     5412     
 3845.23 417     14050    1.43956    1.56062    0.12106     1142     5424     
 3879.72 419     14113    1.43956    1.56062    0.12106     1205     5446     
 3899.56 420     14150    1.43956    1.56062    0.121059    1242     5460     
 3933.77 422     14211    1.43958    1.56062    0.121042    1278     5483     
 3953.84 423     14250    1.43958    1.56062    0.121042    1317     5497     
 3989.76 425     14311    1.43958    1.56058    0.12101     1351     5519     
Writing policy file: ./4d811f98703_426_4012.82.policy
Intermediate policy written(interval: 2000)
 4012.82 426     14350    1.43958    1.56058    0.12101     1390     5533     
 4046.06 428     14411    1.43958    1.56058    0.121008    1451     5554     
 4065.79 429     14450    1.43958    1.56058    0.121008    1465     5569     
 4099.92 431     14511    1.43958    1.56058    0.121007    1526     5591     
 4122.13 432     14550    1.43958    1.56058    0.121007    1565     5606     
 4156.45 434     14611    1.4396     1.56058    0.120977    1602     5631     
 4179.17 435     14650    1.43961    1.56057    0.120965    1641     5645     
 4220.86 437     14713    1.43961    1.56057    0.120958    1704     5670     
 4292.66 438     14750    1.43961    1.56057    0.120956    1224     5682     
 4338.05 440     14815    1.43963    1.56057    0.120937    1289     5706     
 4356.6  441     14850    1.43963    1.56057    0.120937    1324     5716     
 4397.64 443     14915    1.43963    1.56044    0.120812    1383     5743     
 4417.51 444     14950    1.43963    1.56044    0.120812    1418     5757     
 4461.42 446     15015    1.43963    1.56044    0.120807    1483     5784     
 4480.55 447     15050    1.43991    1.56039    0.120479    1503     5797     
 4514.41 449     15100    1.43992    1.56039    0.120472    1553     5822     
 4537.63 450     15151    1.43992    1.56039    0.120461    1604     5834     
 4574.59 451     15200    1.43993    1.56035    0.120425    1645     5855     
 4599.84 453     15250    1.43994    1.56035    0.120416    1695     5865     
 4643.16 455     15315    1.43997    1.56035    0.120387    1760     5888     
 4662.89 456     15350    1.43997    1.56035    0.120384    1766     5900     
 4704.67 458     15413    1.43997    1.56035    0.120383    1829     5923     
 4726.35 459     15450    1.43997    1.56035    0.120382    1866     5935     
 4822.69 461     15509    1.43997    1.56035    0.120382    912      5957     
 4851.01 462     15550    1.43997    1.56035    0.120381    953      5976     
 4884.69 464     15609    1.43998    1.56027    0.120295    999      5995     
 4908.99 465     15650    1.43998    1.56027    0.120294    1040     6012     
 4940.2  467     15705    1.44       1.56027    0.120275    1095     6028     
 4970.3  468     15750    1.44       1.56027    0.120273    1131     6047     
 4997.36 470     15803    1.44       1.56027    0.120269    1184     6062     
 5034.1  471     15850    1.44001    1.56027    0.120262    1215     6085     
 5059.66 473     15903    1.44003    1.56012    0.120081    1268     6098     
 5093.39 474     15950    1.44008    1.56012    0.120031    1293     6118     
 5116.49 476     16001    1.44009    1.56011    0.12003     1344     6131     
 5153.25 477     16050    1.44009    1.56011    0.120029    1393     6153     
 5176.54 479     16101    1.44012    1.56011    0.119994    1426     6165     
 5217.26 481     16165    1.44012    1.56011    0.119994    1490     6188     
 5242.47 482     16200    1.44015    1.56011    0.119968    1525     6198     
 5279.54 484     16263    1.44015    1.56011    0.119967    1565     6221     
 5300.79 485     16300    1.44015    1.56011    0.119967    1602     6234     
 5342.32 487     16363    1.44015    1.56011    0.119966    1634     6258     
 5419.54 488     16400    1.44015    1.56011    0.119964    989      6271     
 5457.84 490     16463    1.44015    1.56011    0.119958    1052     6294     
 5475.25 491     16500    1.44016    1.56011    0.119952    1076     6305     
 5513.33 493     16561    1.44016    1.56011    0.119951    1137     6326     
 5532.79 494     16600    1.44016    1.56011    0.119951    1176     6338     
 5567.71 496     16659    1.44016    1.56011    0.119946    1212     6361     
 5599.23 497     16700    1.44016    1.56011    0.119946    1253     6376     
 5637.29 499     16759    1.44017    1.56011    0.119939    1290     6396     
 5661.15 500     16800    1.44017    1.56011    0.119938    1331     6409     
 5701.56 502     16861    1.44017    1.56011    0.119938    1367     6431     
 5722.95 503     16900    1.44017    1.56011    0.119937    1406     6444     
 5762.82 505     16961    1.44028    1.56011    0.11983     1467     6465     
 5784.47 506     17000    1.44028    1.56011    0.11983     1483     6476     
 5821.1  508     17059    1.4403     1.56011    0.119804    1542     6496     
 5846.91 509     17100    1.4403     1.56011    0.119804    1583     6512     
 5886.23 511     17159    1.4403     1.56011    0.119804    1615     6530     
 5965.95 512     17200    1.44031    1.56011    0.119798    1197     6545     
 6012.4  514     17259    1.44031    1.56011    0.119796    1256     6564     
Writing policy file: ./4d811f98703_515_6039.55.policy
Intermediate policy written(interval: 2000)
 6039.55 515     17300    1.44031    1.56011    0.119796    1297     6579     
 6077.14 517     17361    1.44031    1.56011    0.119796    1336     6599     
 6101.08 518     17400    1.44031    1.56011    0.119796    1375     6613     
 6141.48 520     17461    1.44034    1.56011    0.119765    1404     6634     
 6161.92 521     17500    1.44047    1.56011    0.119641    1443     6646     
 6202.61 523     17561    1.44049    1.56011    0.119621    1504     6668     
 6223.55 524     17600    1.44049    1.5601     0.119617    1543     6680     
 6264.95 526     17663    1.44077    1.56008    0.119318    1570     6702     
 6282.03 527     17700    1.44077    1.56008    0.119308    1607     6711     
 6337.79 529     17759    1.44078    1.56006    0.119285    1659     6735     
 6364.8  530     17800    1.44078    1.56006    0.119281    1700     6749     
 6408.25 532     17861    1.44078    1.56006    0.119281    1761     6770     
 6433.07 533     17900    1.44078    1.56006    0.119281    1800     6782     
 6538.72 535     17961    1.44082    1.56005    0.119233    742      6804     
 6559.25 536     18000    1.44085    1.56005    0.119199    781      6814     
 6600.71 538     18063    1.44086    1.55991    0.119056    837      6838     
 6624.04 539     18100    1.44088    1.55991    0.119026    874      6851     
 6667.16 541     18161    1.44094    1.55991    0.118967    929      6877     
 6693.78 542     18200    1.44095    1.55991    0.118961    968      6894     
 6737.07 544     18259    1.44098    1.55991    0.118929    1023     6914     
 6760.46 545     18300    1.44098    1.55991    0.118929    1064     6926     
 6809    547     18361    1.44098    1.55991    0.118929    1115     6945     
 6829.22 548     18400    1.44098    1.55991    0.118929    1154     6957     
 6869.46 550     18463    1.44098    1.55991    0.118928    1202     6977     
 6891.08 551     18500    1.44098    1.5599     0.118922    1239     6988     
 6934.27 553     18563    1.44099    1.5599     0.118914    1282     7008     
 6956.06 554     18600    1.44099    1.5599     0.118914    1319     7019     
 6996.19 556     18663    1.44099    1.5599     0.118913    1382     7039     
 7014.97 557     18700    1.44099    1.5599     0.118913    1405     7047     
 7096.86 559     18761    1.44099    1.55989    0.118897    792      7066     
 7119.84 560     18800    1.44099    1.55989    0.118897    831      7077     
 7170.03 562     18863    1.44099    1.55989    0.118897    879      7095     
 7186.58 563     18900    1.44099    1.55989    0.118897    916      7103     
 7224.4  565     18961    1.44099    1.55989    0.118896    961      7122     
 7243.42 566     19000    1.44099    1.55989    0.118895    1000     7131     
 7280.02 568     19059    1.44099    1.55989    0.118895    1043     7150     
 7303.55 569     19100    1.44099    1.55989    0.118895    1084     7162     
 7349.46 571     19161    1.44099    1.55989    0.118895    1128     7183     
 7374.25 572     19200    1.44099    1.55989    0.118895    1167     7196     
 7416.15 574     19259    1.44099    1.55989    0.118895    1207     7216     
 7443.22 575     19300    1.44186    1.55943    0.117573    1248     7229     
 7528.14 577     19357    1.44191    1.55943    0.117522    889      7250     
 7561.46 578     19400    1.44193    1.55943    0.117499    932      7267     
 7615.34 580     19457    1.44193    1.55943    0.117496    972      7286     
 7645.43 581     19500    1.44193    1.55943    0.11749     1015     7303     
 7684.95 583     19557    1.44202    1.55942    0.1174      1065     7322     
 7720.63 584     19600    1.44202    1.55942    0.117399    1108     7339     
 7760.99 586     19659    1.44203    1.55942    0.117392    1167     7358     
 7795.98 587     19700    1.44211    1.55942    0.117311    1186     7376     
 7837.91 589     19759    1.44211    1.55942    0.11731     1245     7394     
 7907.66 590     19800    1.44214    1.55942    0.117286    1023     7412     
 7951.6  592     19859    1.44214    1.55942    0.117278    1082     7433     
 7982.58 593     19900    1.44214    1.55942    0.117274    1123     7450     
 8031.27 595     19961    1.44215    1.55942    0.117269    1177     7473     
Writing policy file: ./4d811f98703_596_8057.48.policy
Intermediate policy written(interval: 2000)
 8057.48 596     20000    1.44215    1.55942    0.117267    1216     7485     
 8120.19 598     20061    1.44215    1.55942    0.117265    1260     7508     
 8145.07 599     20100    1.44215    1.55941    0.117264    1299     7522     
 8189.83 601     20159    1.44215    1.55941    0.117263    1340     7543     
 8221.95 602     20200    1.44215    1.55941    0.117262    1381     7559     
 8304.92 604     20257    1.44215    1.55941    0.11726     1147     7577     
 8336.46 605     20300    1.44215    1.55941    0.11726     1190     7593     
 8380.67 607     20357    1.44217    1.55941    0.117245    1247     7611     
 8414.62 608     20400    1.44217    1.55941    0.117238    1266     7628     
 8450.88 610     20455    1.44218    1.55941    0.117232    1321     7644     
 8495.55 611     20500    1.44218    1.55941    0.117232    1349     7665     
 8533.71 613     20557    1.44218    1.55941    0.11723     1406     7682     
 8571.77 614     20600    1.44221    1.55941    0.117205    1449     7702     
 8627.92 616     20657    1.44221    1.55941    0.117202    1487     7719     
 8715.61 617     20700    1.44221    1.55941    0.117202    1244     7736     
 8757.89 619     20759    1.44221    1.55941    0.117201    1303     7754     
 8793.13 620     20800    1.44221    1.55941    0.117201    1344     7773     
 8840.28 622     20857    1.44229    1.55941    0.117122    1379     7793     
 8879.05 623     20900    1.44229    1.55941    0.117122    1422     7812     
 8918.1  625     20955    1.44229    1.55941    0.117121    1477     7828     
 8959.39 626     21000    1.44229    1.55941    0.11712     1506     7848     
 8993.9  628     21053    1.44229    1.55941    0.11712     1559     7861     
 9035.41 629     21100    1.4423     1.55941    0.117109    1606     7881     
 9065.12 631     21151    1.4423     1.55941    0.117106    1651     7893     
 9119.6  632     21200    1.4423     1.55941    0.117106    1700     7916     
 9163.6  634     21251    1.44231    1.55941    0.117103    1751     7928     
 9271.18 636     21315    1.44231    1.55941    0.117098    1231     7952     
 9299.13 637     21350    1.44231    1.55941    0.117097    1266     7965     
 9352.81 639     21413    1.44232    1.5594     0.117082    1329     7988     
 9385.28 640     21450    1.44233    1.5594     0.11707     1360     8004     
 9439.09 642     21509    1.44234    1.5594     0.117063    1419     8026     
 9479.48 643     21550    1.44234    1.5594     0.11706     1460     8047     
 9532.85 645     21609    1.44234    1.55939    0.117053    1503     8067     
 9565.89 646     21650    1.44234    1.55939    0.11705     1544     8083     
 9608.25 648     21705    1.44235    1.55939    0.117043    1599     8100     
 9661.34 649     21750    1.44235    1.55939    0.117038    1622     8122     
 9704    651     21805    1.44235    1.55939    0.117036    1677     8140     
 9809.14 652     21850    1.44236    1.55939    0.117031    1121     8163     
 9857.25 654     21903    1.44236    1.55939    0.11703     1174     8176     
 9903.21 655     21950    1.44236    1.55939    0.117029    1221     8197     
 9935.41 657     22001    1.44236    1.55939    0.117028    1255     8210     
 9984.4  659     22065    1.44236    1.55937    0.117011    1319     8232     
 10010.9 660     22100    1.44236    1.55937    0.117011    1337     8245     
Writing policy file: ./4d811f98703_662_10066.7.policy
Intermediate policy written(interval: 2000)
 10066.7 662     22161    1.44236    1.55937    0.117005    1398     8268     
-------------------------------------------------------------------------------

SARSOP finishing ...
  Preset timeout reached
  Timeout     : 10000.000000s
  Actual Time : 10066.670000s

-------------------------------------------------------------------------------
 Time   |#Trial |#Backup |LBound    |UBound    |Precision  |#Alphas |#Beliefs  
-------------------------------------------------------------------------------
 10066.7 662     22161    1.44236    1.55937    0.117005    1394     8268     
-------------------------------------------------------------------------------

Writing out policy ...
  output file : ./4d811f98703.policyx

