
Loading the model ...
  input file   : /home/rstudio/pomdp-solutions-library/4d847c90b237.pomdpx
  loading time : 0.19s 

SARSOP initializing ...
  initialization time : 5.56s

-------------------------------------------------------------------------------
 Time   |#Trial |#Backup |LBound    |UBound    |Precision  |#Alphas |#Beliefs  
-------------------------------------------------------------------------------
 5.56    0       0        0.619607   1.53076    0.911154    30       1        
 5.73    2       55       0.911139   1.45673    0.545595    7        25       
 5.83    4       107      1.09328    1.45657    0.363293    7        35       
 5.96    6       150      1.1927     1.4564     0.263707    20       51       
 6.19    8       205      1.27459    1.4562     0.181607    30       65       
 6.77    10      257      1.31074    1.45608    0.145334    71       87       
 7.66    12      309      1.35115    1.45592    0.104765    69       108      
 8.61    14      363      1.38462    1.45585    0.0712253   26       124      
 9.24    15      400      1.39066    1.45578    0.0651234   59       133      
 10.09   17      450      1.40594    1.45573    0.0497873   103      145      
 11.01   19      501      1.41435    1.45569    0.0413445   20       155      
 12.89   21      553      1.42307    1.45563    0.0325591   15       175      
 14.47   23      603      1.42819    1.45554    0.0273441   15       189      
 16.55   25      651      1.43366    1.45546    0.0217978   11       206      
 18.54   27      701      1.43911    1.45543    0.0163159   14       221      
 21.79   29      757      1.44254    1.45535    0.01281     12       244      
 24.41   31      813      1.44518    1.4553     0.0101158   11       261      
 26.04   32      850      1.44607    1.45529    0.00922155  12       271      
 29.49   34      900      1.44784    1.45525    0.00740321  14       291      
 33.08   36      953      1.44947    1.45518    0.00571198  14       310      
 36.79   38      1009     1.45039    1.45516    0.004768    14       328      
 42.53   39      1050     1.45085    1.45515    0.0043014   15       354      
 45.14   41      1100     1.45167    1.45508    0.00341898  14       366      
 50.46   43      1153     1.4523     1.45502    0.00271751  15       388      
 58.31   45      1213     1.45284    1.45499    0.00215713  15       418      
 63.82   46      1250     1.45308    1.45495    0.00187058  15       438      
 70.59   48      1309     1.45332    1.45493    0.00160546  16       461      
 76.91   49      1350     1.45341    1.45492    0.00150697  15       482      
 82.73   51      1405     1.45367    1.4549     0.00123743  16       501      
 92.06   52      1450     1.45373    1.45487    0.00113866  16       530      
 97.58   54      1503     1.45385    1.45486    0.00100548  16       546      
 105.04  55      1550     1.45389    1.45485    0.000966504 16       567      
 112.42  57      1605     1.454      1.45484    0.000838487 16       586      
 121.32  58      1650     1.45404    1.45483    0.00079206  16       611      
 130.87  60      1715     1.45412    1.45483    0.000702316 16       635      
 136.37  61      1750     1.45416    1.45482    0.000666639 17       648      
 147.39  63      1800     1.45417    1.45482    0.000649272 19       675      
 154.91  64      1853     1.4542     1.45481    0.00061144  17       690      
 168.37  65      1900     1.45422    1.45481    0.000592947 17       714      
 177.82  67      1961     1.45425    1.45481    0.000558508 17       733      
 185.93  68      2000     1.45426    1.4548     0.0005437   18       751      
 198.81  69      2050     1.45428    1.4548     0.000523912 18       779      
 205.37  71      2105     1.4543     1.45479    0.000491352 18       792      
 215.77  72      2150     1.45431    1.45479    0.000477375 19       814      
 230.66  74      2200     1.45432    1.45479    0.000470127 17       843      
 238.58  75      2255     1.45434    1.45478    0.000441622 17       858      
 247.84  76      2300     1.45435    1.45478    0.000433344 18       876      
 261.75  78      2363     1.45436    1.45478    0.000418626 17       900      
 269.54  79      2400     1.45436    1.45478    0.000415628 20       913      
 284.59  80      2450     1.45437    1.45478    0.0004107   20       939      
 296.92  82      2509     1.45437    1.45478    0.000404665 19       959      
 306.44  83      2550     1.45437    1.45478    0.000401942 19       976      
 321.7   85      2617     1.45438    1.45478    0.000399677 19       1000     
 330.63  86      2653     1.45438    1.45478    0.000396834 19       1013     
 345.9   87      2700     1.45438    1.45477    0.000391429 18       1035     
 359.08  89      2761     1.45439    1.45477    0.000377532 19       1054     
 367.89  90      2800     1.45439    1.45477    0.000375551 18       1067     
 384.58  91      2850     1.45439    1.45477    0.000371484 18       1093     
 396.39  93      2909     1.4544     1.45476    0.000364162 20       1108     
 411.22  94      2950     1.4544     1.45476    0.000359365 19       1128     
 429.37  96      3017     1.45441    1.45476    0.000351371 17       1152     
 437.92  97      3053     1.45441    1.45476    0.000350581 18       1163     
 447.32  98      3100     1.45441    1.45476    0.000348736 19       1176     
 463.32  100     3163     1.45441    1.45475    0.000344205 20       1196     
 470.89  101     3201     1.45441    1.45475    0.000342067 20       1205     
 486.25  102     3250     1.45441    1.45475    0.000341037 21       1222     
 501.88  104     3311     1.45441    1.45475    0.000337636 20       1240     
 511.41  105     3350     1.45442    1.45475    0.00033368  20       1253     
 527.77  107     3417     1.45442    1.45475    0.000331982 19       1272     
 534.41  108     3453     1.45442    1.45475    0.000330674 21       1279     
 543.62  109     3500     1.45442    1.45475    0.000330138 22       1291     
 563.06  111     3563     1.45442    1.45475    0.000326807 20       1312     
 572.85  112     3600     1.45442    1.45475    0.000325494 21       1323     
 590.17  113     3650     1.45442    1.45475    0.000324434 21       1341     
 606.79  115     3707     1.45443    1.45475    0.000320903 21       1359     
 618.87  116     3750     1.45443    1.45475    0.000320237 21       1371     
 634.68  118     3815     1.45443    1.45475    0.000318974 21       1387     
 644.99  119     3850     1.45443    1.45475    0.000318054 21       1398     
 666     120     3900     1.45443    1.45475    0.000317144 21       1419     
 676.36  122     3957     1.45443    1.45475    0.000315656 21       1430     
 687.32  123     4000     1.45443    1.45474    0.000315278 20       1440     
 704.13  125     4065     1.45443    1.45474    0.000314468 20       1455     
 710.81  126     4101     1.45443    1.45474    0.000312713 21       1462     
 728.73  127     4150     1.45443    1.45474    0.000312275 22       1480     
 739.36  129     4207     1.45443    1.45474    0.000310559 23       1492     
 750.84  130     4250     1.45443    1.45474    0.000309457 24       1504     
 767.66  132     4315     1.45444    1.45474    0.000306949 22       1519     
 782.19  133     4351     1.45444    1.45474    0.000304628 22       1531     
 797.08  134     4400     1.45444    1.45474    0.000303813 22       1544     
 809.32  136     4457     1.45444    1.45474    0.00030343  21       1553     
 828.22  137     4500     1.45444    1.45474    0.000302709 20       1569     
 847.85  139     4565     1.45444    1.45474    0.000301283 20       1586     
 856.37  140     4601     1.45444    1.45474    0.000300753 20       1593     
 874.23  141     4650     1.45444    1.45474    0.000300237 20       1607     
 890.64  143     4709     1.45444    1.45474    0.000298211 21       1619     
 905.08  144     4750     1.45444    1.45474    0.000297645 23       1630     
 928.11  146     4817     1.45444    1.45474    0.000296426 22       1649     
 940.01  147     4851     1.45444    1.45474    0.000295999 22       1659     
 957.4   148     4900     1.45444    1.45474    0.000295818 23       1673     
 970.1   150     4955     1.45444    1.45474    0.000295355 22       1682     
 983.28  151     5000     1.45444    1.45474    0.000295038 22       1691     
 1007.81 153     5063     1.45444    1.45474    0.000294824 23       1712     
 1017.08 154     5100     1.45444    1.45474    0.00029442  23       1719     
 1035.53 156     5167     1.45444    1.45474    0.000293779 23       1736     
 1058.38 157     5201     1.45444    1.45474    0.000291785 24       1751     
 1079.65 158     5250     1.45444    1.45474    0.00029154  24       1763     
 1095.58 160     5305     1.45444    1.45474    0.000291018 26       1773     
 1107.35 161     5350     1.45445    1.45474    0.00029084  24       1783     
 1127.91 163     5409     1.45445    1.45474    0.000289823 24       1797     
 1144.12 164     5450     1.45445    1.45474    0.000289668 24       1808     
 1160.46 166     5509     1.45445    1.45474    0.000287369 24       1820     
 1179.54 167     5550     1.45445    1.45474    0.000286005 25       1833     
 1200.71 169     5617     1.45445    1.45474    0.000282339 24       1846     
 1209.63 170     5651     1.45445    1.45473    0.000281617 24       1852     
 1233.11 171     5700     1.45445    1.45473    0.000280469 24       1868     
 1244.99 173     5753     1.45445    1.45473    0.000279457 23       1876     
 1254.7  174     5800     1.45445    1.45473    0.00027926  25       1882     
 1266.96 176     5853     1.45445    1.45473    0.000278991 23       1890     
 1283.82 177     5900     1.45445    1.45473    0.000278874 22       1901     
 1299.57 179     5955     1.45446    1.45473    0.000277313 22       1911     
 1307.34 180     6000     1.45446    1.45473    0.000277066 24       1916     
 1326.12 182     6059     1.45446    1.45473    0.000276147 22       1928     
 1335.88 183     6100     1.45446    1.45473    0.000275541 23       1934     
 1352.33 185     6163     1.45446    1.45473    0.000274331 23       1943     
 1360.61 186     6200     1.45446    1.45473    0.000273664 23       1948     
 1376.64 188     6250     1.45446    1.45473    0.000273423 27       1959     
 1392.35 189     6301     1.45446    1.45473    0.000272828 23       1969     
 1412.59 190     6350     1.45446    1.45473    0.000272024 26       1982     
 1429.53 192     6405     1.45446    1.45473    0.000270389 23       1992     
 1437.69 193     6450     1.45446    1.45473    0.000270042 24       1997     
 1464    195     6509     1.45446    1.45473    0.000269226 23       2010     
 1478.35 196     6550     1.45446    1.45473    0.000268468 25       2018     
 1500.39 198     6611     1.45446    1.45473    0.000267349 24       2029     
 1524.69 199     6650     1.45446    1.45473    0.000262316 26       2042     
 1541.73 201     6713     1.45446    1.45473    0.000261865 24       2051     
 1551.33 202     6750     1.45446    1.45473    0.000261569 25       2057     
 1577.04 204     6817     1.45446    1.45473    0.00026137  25       2070     
 1589.56 205     6853     1.45446    1.45473    0.000261248 25       2076     
 1613.81 206     6900     1.45446    1.45472    0.000259004 25       2091     
 1632.19 208     6957     1.45447    1.45472    0.000258274 25       2101     
 1644.4  209     7000     1.45447    1.45472    0.000258053 25       2107     
 1672.2  211     7065     1.45447    1.45472    0.000257515 25       2122     
 1684.46 212     7100     1.45447    1.45472    0.000257256 25       2128     
 1701.97 214     7150     1.45447    1.45472    0.000257157 25       2137     
 1728.77 215     7203     1.45447    1.45472    0.000253123 25       2151     
 1748.89 216     7250     1.45447    1.45472    0.000252351 26       2163     
 1775.74 218     7307     1.45447    1.45472    0.00025226  25       2178     
 1797.15 219     7350     1.45447    1.45472    0.000252194 28       2189     
 1819.86 221     7411     1.45447    1.45472    0.000251883 26       2201     
 1831.35 222     7450     1.45447    1.45472    0.000251316 27       2207     
 1855    224     7517     1.45447    1.45472    0.00025072  25       2220     
 1864.78 225     7551     1.45447    1.45472    0.000250667 26       2225     
 1884.1  226     7600     1.45447    1.45472    0.000250563 26       2236     
 1899.86 228     7659     1.45447    1.45472    0.000250157 26       2243     
 1916.45 229     7700     1.45447    1.45472    0.000250037 26       2253     
 1951.3  231     7761     1.45447    1.45472    0.000248099 24       2270     
 1965.16 232     7800     1.45447    1.45472    0.000247626 24       2276     
 1992.35 234     7865     1.45447    1.45472    0.000247414 24       2288     
Writing policy file: ./4d847c90b237_235_2006.45.policy
Intermediate policy written(interval: 2000)
 2006.45 235     7900     1.45447    1.45472    0.000247288 24       2295     
 2036.43 236     7950     1.45447    1.45472    0.000247004 27       2310     
 2047.23 238     8005     1.45447    1.45472    0.000245421 25       2315     
 2065.64 239     8050     1.45447    1.45472    0.000245354 25       2326     
 2083.7  241     8107     1.45447    1.45472    0.000245099 25       2334     
 2099.94 242     8150     1.45447    1.45472    0.000245079 25       2342     
 2125.24 244     8211     1.45447    1.45472    0.000244927 25       2353     
 2137.68 245     8250     1.45447    1.45472    0.000244892 25       2359     
 2163.04 247     8315     1.45447    1.45472    0.0002447   25       2371     
 2174.65 248     8350     1.45447    1.45472    0.000244378 25       2377     
 2194.13 249     8400     1.45447    1.45472    0.000244212 25       2387     
 2204.27 251     8453     1.45447    1.45472    0.000243957 25       2392     
 2215.19 252     8500     1.45447    1.45472    0.000243782 26       2397     
 2247.5  254     8561     1.45447    1.45472    0.000243045 27       2412     
 2262.05 255     8600     1.45447    1.45472    0.000242987 27       2418     
 2285.62 257     8663     1.45447    1.45471    0.000242843 30       2428     
 2295.37 258     8700     1.45447    1.45471    0.000242793 30       2432     
 2326.53 260     8750     1.45447    1.45471    0.000242661 28       2445     
 2344.13 261     8805     1.45447    1.45471    0.000242512 26       2452     
 2358.02 262     8850     1.45447    1.45471    0.000242459 26       2458     
 2379.16 264     8905     1.45447    1.45471    0.000242014 26       2468     
 2396.25 265     8950     1.45447    1.45471    0.000241834 26       2475     
 2433.72 267     9011     1.45447    1.45471    0.000239394 26       2491     
 2448.83 268     9050     1.45447    1.45471    0.000239174 26       2498     
 2480.25 270     9115     1.45447    1.45471    0.000238623 27       2511     
 2503.09 271     9151     1.45447    1.45471    0.000237748 27       2521     
 2536.13 272     9200     1.45447    1.45471    0.000237691 29       2535     
 2561.42 274     9255     1.45447    1.45471    0.000237595 28       2547     
 2585.03 275     9300     1.45447    1.45471    0.000237395 28       2558     
 2611.29 277     9357     1.45447    1.45471    0.000237244 25       2567     
 2640.69 278     9400     1.45447    1.45471    0.000237149 26       2580     
 2680.68 280     9465     1.45447    1.45471    0.000236951 26       2597     
 2694.86 281     9501     1.45447    1.45471    0.000236911 25       2603     
 2726.48 283     9550     1.45447    1.45471    0.000236907 26       2616     
 2743.75 284     9601     1.45447    1.45471    0.000236367 25       2622     
 2775.42 285     9650     1.45447    1.45471    0.000236194 25       2634     
 2796.41 287     9705     1.45447    1.45471    0.000235977 25       2643     
 2818.25 288     9750     1.45447    1.45471    0.000235903 25       2651     
 2848.16 290     9807     1.45447    1.45471    0.000235682 24       2663     
 2877.08 291     9850     1.45447    1.45471    0.000235575 25       2675     
 2914.37 293     9911     1.45447    1.45471    0.000235476 25       2691     
 2919.44 294     9950     1.45447    1.45471    0.000235463 25       2693     
 2949.24 296     10013    1.45447    1.45471    0.000235308 25       2705     
 2972.18 297     10050    1.45447    1.45471    0.000235247 25       2715     
 3009.89 299     10100    1.45447    1.45471    0.000235222 26       2732     
 3026.87 300     10150    1.45447    1.45471    0.000235107 26       2739     
 3064.9  302     10215    1.45447    1.45471    0.000235081 26       2757     
 3084.5  303     10251    1.45447    1.45471    0.000234956 25       2765     
 3105.83 304     10300    1.45447    1.45471    0.000234921 25       2774     
 3130.71 306     10355    1.45447    1.45471    0.00023444  26       2783     
 3149.32 307     10400    1.45447    1.45471    0.00023436  25       2790     
 3176.04 309     10457    1.45447    1.45471    0.000234093 25       2801     
 3193.27 310     10500    1.45447    1.45471    0.000234067 26       2808     
 3216.98 312     10559    1.45447    1.45471    0.000233812 25       2817     
 3226.25 313     10600    1.45447    1.45471    0.000233783 25       2820     
 3260.78 315     10663    1.45447    1.45471    0.000233594 25       2833     
 3274.25 316     10700    1.45447    1.45471    0.000233402 26       2839     
 3305.96 318     10765    1.45447    1.45471    0.000232807 26       2851     
 3325.77 319     10801    1.45447    1.45471    0.000232744 26       2859     
 3352.08 320     10850    1.45447    1.45471    0.00023268  25       2869     
 3373.32 322     10903    1.45447    1.45471    0.00023251  25       2876     
 3400.97 323     10950    1.45447    1.45471    0.000232494 27       2886     
 3422.35 325     11003    1.45447    1.45471    0.000232478 27       2894     
 3439.06 326     11050    1.45447    1.45471    0.000232405 27       2900     
 3463.33 328     11105    1.45447    1.45471    0.000232384 26       2909     
 3481.13 329     11150    1.45447    1.45471    0.000232373 26       2915     
 3508.09 331     11207    1.45448    1.45471    0.000232148 25       2923     
 3521.76 332     11250    1.45448    1.45471    0.000232132 25       2928     
 3555.35 334     11311    1.45448    1.45471    0.000232041 26       2940     
 3569.21 335     11350    1.45448    1.45471    0.000231978 25       2945     
 3594.71 337     11411    1.45448    1.45471    0.000231696 26       2954     
 3616.23 338     11450    1.45448    1.45471    0.000231662 26       2962     
 3656.01 340     11511    1.45448    1.45471    0.000231306 26       2976     
 3678.5  341     11550    1.45448    1.45471    0.000231269 26       2984     
 3708.94 343     11611    1.45448    1.45471    0.000231206 25       2995     
 3722.39 344     11650    1.45448    1.45471    0.00023115  25       3000     
 3749.67 346     11709    1.45448    1.45471    0.000231112 26       3009     
 3759.44 347     11750    1.45448    1.45471    0.000230978 27       3012     
 3804.35 349     11809    1.45448    1.45471    0.000230945 27       3027     
 3821.33 350     11850    1.45448    1.45471    0.000230933 26       3033     
 3848.62 352     11907    1.45448    1.45471    0.00023085  26       3043     
 3863.14 353     11950    1.45448    1.45471    0.000230803 26       3048     
 3901.04 355     12007    1.45448    1.45471    0.000230777 27       3061     
 3919.07 356     12050    1.45448    1.45471    0.00023077  27       3067     
 3941.7  358     12105    1.45448    1.45471    0.000230599 27       3074     
 3951.22 359     12150    1.45448    1.45471    0.000230591 27       3078     
 3972.31 361     12205    1.45448    1.45471    0.000230559 27       3084     
 3988.68 362     12250    1.45448    1.45471    0.000230553 28       3089     
Writing policy file: ./4d847c90b237_364_4025.11.policy
Intermediate policy written(interval: 2000)
 4025.11 364     12307    1.45448    1.45471    0.000230525 28       3100     
 4038.89 365     12350    1.45448    1.45471    0.000230505 28       3104     
 4078.56 367     12409    1.45448    1.45471    0.00023047  27       3116     
 4091.54 368     12450    1.45448    1.45471    0.000230428 26       3120     
 4117.37 370     12511    1.45448    1.45471    0.000230248 25       3129     
 4138.33 371     12550    1.45448    1.45471    0.000230164 26       3137     
 4164.65 373     12611    1.45448    1.45471    0.000229238 25       3144     
 4178.75 374     12650    1.45448    1.4547     0.000229201 26       3148     
 4205.38 376     12709    1.45448    1.4547     0.000228668 27       3157     
 4229.19 377     12750    1.45448    1.4547     0.000228604 27       3165     
 4262.16 379     12809    1.45448    1.4547     0.000227404 26       3176     
 4279.04 380     12850    1.45448    1.4547     0.000227363 25       3181     
 4311.88 382     12911    1.45448    1.4547     0.000226028 25       3191     
 4325.73 383     12950    1.45448    1.4547     0.000225959 26       3195     
 4344.7  385     13011    1.45448    1.4547     0.000225947 25       3201     
 4355.88 386     13050    1.45448    1.4547     0.00022593  25       3204     
 4391.03 388     13113    1.45448    1.4547     0.000225924 27       3215     
 4408.01 389     13150    1.45448    1.4547     0.000225922 27       3220     
 4427.4  391     13213    1.45448    1.4547     0.000225879 27       3226     
 4444.23 392     13250    1.45448    1.4547     0.000225877 27       3232     
 4482.25 394     13315    1.45448    1.4547     0.000225797 26       3244     
 4498.68 395     13350    1.45448    1.4547     0.000225794 26       3249     
 4535.18 397     13415    1.45448    1.4547     0.000225773 25       3261     
 4549.69 398     13450    1.45448    1.4547     0.000225772 26       3265     
 4577.76 400     13515    1.45448    1.4547     0.000225725 26       3275     
 4594.51 401     13550    1.45448    1.4547     0.000225718 25       3281     
 4616.78 403     13615    1.45448    1.4547     0.00022554  27       3288     
 4633.23 404     13650    1.45448    1.4547     0.000225474 27       3293     
 4669.29 406     13715    1.45448    1.4547     0.000225272 27       3305     
 4682.33 407     13750    1.45448    1.4547     0.000225266 27       3309     
 4713.83 409     13815    1.45448    1.4547     0.000225255 27       3318     
 4730.82 410     13850    1.45448    1.4547     0.000225253 27       3324     
 4749.7  412     13915    1.45448    1.4547     0.000225235 26       3331     
 4763.36 413     13950    1.45448    1.4547     0.00022521  27       3335     
 4796.76 415     14011    1.45448    1.4547     0.000223706 28       3346     
 4817.73 416     14050    1.45448    1.4547     0.000223639 26       3352     
 4848.84 418     14111    1.45448    1.4547     0.000223594 26       3361     
 4868.7  419     14150    1.45448    1.4547     0.000223441 25       3367     
 4900.6  421     14215    1.45448    1.4547     0.000223165 28       3376     
 4924.48 422     14251    1.45448    1.4547     0.000223155 28       3383     
 4960.49 423     14300    1.45448    1.4547     0.00022315  26       3393     
 4975.79 425     14351    1.45448    1.4547     0.000223129 27       3398     
 5005.16 426     14400    1.45448    1.4547     0.000223124 26       3407     
 5026.46 428     14453    1.45448    1.4547     0.000223106 26       3413     
 5045.39 429     14500    1.45448    1.4547     0.000223105 25       3419     
 5062.71 431     14551    1.45448    1.4547     0.000223002 26       3424     
 5101.19 432     14600    1.45448    1.4547     0.000222908 26       3436     
 5118.28 434     14651    1.45448    1.4547     0.000222719 27       3441     
 5146.85 435     14700    1.45448    1.4547     0.000222693 26       3450     
 5159.23 437     14750    1.45448    1.4547     0.000222553 26       3453     
 5192.39 439     14815    1.45448    1.4547     0.000222538 26       3462     
 5203.8  440     14850    1.45448    1.4547     0.000222517 26       3466     
 5231.12 442     14915    1.45448    1.4547     0.000222485 26       3475     
 5247.57 443     14950    1.45448    1.4547     0.000222467 26       3480     
 5276.99 445     15015    1.45448    1.4547     0.00022244  26       3488     
 5295.45 446     15050    1.45448    1.4547     0.000222437 26       3493     
 5320.21 448     15115    1.45448    1.4547     0.000222398 25       3500     
 5336.18 449     15150    1.45448    1.4547     0.000222393 27       3505     
 5371.54 451     15215    1.45448    1.4547     0.000222331 26       3515     
 5388.64 452     15250    1.45448    1.4547     0.000222301 25       3520     
 5406.97 454     15313    1.45448    1.4547     0.000222257 25       3525     
 5417.86 455     15350    1.45448    1.4547     0.000222255 25       3528     
 5450.48 457     15413    1.45448    1.4547     0.000222187 25       3537     
 5466.37 458     15450    1.45448    1.4547     0.00022217  26       3541     
 5497.58 460     15513    1.45448    1.4547     0.000222154 26       3549     
 5516    461     15550    1.45448    1.4547     0.000222151 26       3554     
 5543.66 463     15611    1.45448    1.4547     0.000222089 26       3561     
 5566.65 464     15650    1.45448    1.4547     0.000221929 26       3567     
 5601.52 466     15711    1.45448    1.4547     0.000221715 26       3576     
 5623.43 467     15750    1.45448    1.4547     0.000221681 25       3582     
 5649.4  469     15813    1.45448    1.4547     0.000221671 26       3589     
 5657.47 470     15850    1.45448    1.4547     0.000221667 26       3591     
 5689.98 472     15913    1.45448    1.4547     0.000221644 25       3600     
 5704.53 473     15950    1.45448    1.4547     0.00022164  25       3604     
 5733.23 475     16013    1.45448    1.4547     0.000221637 26       3612     
 5741.58 476     16050    1.45448    1.4547     0.000221631 26       3614     
 5768.77 478     16111    1.45448    1.4547     0.000221579 27       3622     
 5782.87 479     16150    1.45448    1.4547     0.00022156  27       3626     
 5814.62 481     16209    1.45448    1.4547     0.00022155  27       3635     
 5827.42 482     16250    1.45448    1.4547     0.000221541 27       3638     
 5854.18 484     16309    1.45448    1.4547     0.000221451 27       3645     
 5863.21 485     16350    1.45448    1.4547     0.000221399 26       3647     
 5882.72 487     16407    1.45448    1.4547     0.00022131  28       3652     
 5910.04 488     16450    1.45448    1.45469    0.000217175 29       3660     
 5947.19 490     16507    1.45448    1.45469    0.000217165 28       3671     
 5966.27 491     16550    1.45448    1.45469    0.000217165 28       3676     
 6004.65 493     16609    1.45448    1.45469    0.000217144 29       3687     
 6022.89 494     16650    1.45448    1.45469    0.000217141 29       3692     
Writing policy file: ./4d847c90b237_496_6047.11.policy
Intermediate policy written(interval: 2000)
 6047.11 496     16709    1.45448    1.45469    0.000217137 29       3698     
 6058.95 497     16750    1.45448    1.45469    0.00021713  29       3701     
 6084.49 499     16805    1.45448    1.45469    0.000217129 29       3708     
 6089.53 500     16850    1.45448    1.45469    0.000217124 29       3709     
 6114.28 502     16907    1.45448    1.45469    0.000216996 29       3716     
 6122.24 503     16950    1.45448    1.45469    0.000216985 29       3718     
 6152.3  505     17007    1.45448    1.45469    0.000216963 28       3726     
 6168.13 506     17050    1.45448    1.45469    0.000216847 27       3730     
 6205.76 508     17109    1.45448    1.45469    0.000216828 27       3740     
 6221.72 509     17150    1.45448    1.45469    0.000216823 27       3744     
 6249.43 511     17209    1.45448    1.45469    0.000216818 28       3752     
 6265.76 512     17250    1.45448    1.45469    0.000216726 29       3756     
 6299.44 514     17309    1.45448    1.45469    0.000216669 29       3765     
 6312.8  515     17350    1.45448    1.45469    0.000216663 29       3768     
 6333.17 517     17405    1.45448    1.45469    0.000216611 29       3773     
 6345.26 518     17450    1.45448    1.45469    0.00021661  29       3776     
 6374.05 520     17505    1.45448    1.45469    0.000216585 28       3783     
 6389.14 521     17550    1.45448    1.45469    0.000216325 29       3787     
 6404.08 523     17605    1.45448    1.45469    0.00021631  29       3791     
 6422.26 524     17650    1.45448    1.45469    0.000216309 29       3796     
 6454.75 526     17705    1.45448    1.45469    0.000216268 28       3805     
 6467.97 527     17750    1.45448    1.45469    0.000216267 27       3809     
 6483.69 529     17803    1.45448    1.45469    0.000216256 29       3813     
 6499.67 530     17850    1.45448    1.45469    0.0002162   28       3817     
 6517.65 532     17903    1.45448    1.45469    0.000216177 28       3821     
 6529.64 533     17950    1.45448    1.45469    0.000216174 28       3824     
 6549.94 535     18001    1.45448    1.45469    0.000216169 28       3829     
 6577.23 537     18050    1.45448    1.45469    0.000216168 28       3836     
 6592.87 538     18100    1.45448    1.45469    0.000216163 28       3840     
 6615.7  540     18163    1.45448    1.45469    0.000216041 28       3846     
 6624.62 541     18200    1.45448    1.45469    0.00021604  28       3848     
 6655.21 543     18259    1.45448    1.45469    0.000215341 28       3857     
 6667.17 544     18300    1.45448    1.45469    0.000214855 29       3860     
 6695.58 546     18359    1.45448    1.45469    0.000214764 29       3867     
 6718.23 547     18400    1.45448    1.45469    0.00021475  28       3873     
 6741.93 549     18461    1.45448    1.45469    0.00021459  28       3879     
 6759.28 550     18500    1.45448    1.45469    0.000214582 28       3883     
 6803.72 552     18561    1.45448    1.45469    0.000214564 27       3894     
 6816.4  553     18600    1.45448    1.45469    0.000214549 27       3897     
 6842.65 555     18659    1.45448    1.45469    0.000214543 28       3903     
 6855.32 556     18700    1.45448    1.45469    0.000214533 28       3906     
 6875.37 558     18755    1.45448    1.45469    0.000214529 28       3911     
 6883.43 559     18800    1.45448    1.45469    0.000214527 28       3913     
 6900.06 561     18851    1.45448    1.45469    0.000214524 28       3917     
 6918.22 562     18900    1.45448    1.45469    0.000214522 28       3921     
 6936.62 564     18953    1.45448    1.45469    0.000214517 29       3925     
 6953.9  565     19000    1.45448    1.45469    0.000214516 28       3929     
 6967.44 567     19051    1.45448    1.45469    0.000214514 29       3932     
 6990.42 568     19100    1.45448    1.45469    0.000214512 28       3937     
 7010.39 570     19151    1.45448    1.45469    0.000214503 29       3942     
 7032.02 572     19215    1.45448    1.45469    0.0002145   28       3947     
 7036.55 573     19250    1.45448    1.45469    0.000214489 28       3948     
 7059.46 575     19311    1.45448    1.45469    0.000214458 28       3954     
 7077.17 576     19350    1.45448    1.45469    0.000214456 28       3958     
 7109.54 578     19411    1.45448    1.45469    0.0002144   28       3966     
 7128.39 579     19450    1.45448    1.45469    0.000214352 28       3971     
 7163.92 581     19509    1.45448    1.45469    0.000214275 28       3981     
 7174.23 582     19550    1.45448    1.45469    0.000214274 28       3984     
 7211.29 584     19607    1.45448    1.45469    0.000214271 28       3994     
 7229.34 585     19650    1.45448    1.45469    0.000214268 28       3999     
 7271.62 587     19707    1.45448    1.45469    0.000214237 28       4010     
 7279.5  588     19750    1.45448    1.45469    0.000214207 28       4012     
 7307.09 590     19803    1.45448    1.45469    0.000214207 28       4019     
 7330.78 591     19850    1.45448    1.45469    0.000214205 28       4025     
 7351.59 593     19901    1.45448    1.45469    0.000214144 28       4031     
 7387.97 595     19965    1.45448    1.45469    0.000214134 28       4040     
 7410.3  596     20000    1.45448    1.45469    0.000214111 28       4046     
 7446.07 598     20065    1.45448    1.45469    0.000213958 28       4056     
 7464.54 599     20100    1.45448    1.45469    0.00021395  29       4061     
 7503.45 601     20150    1.45448    1.45469    0.000213941 29       4070     
 7533.55 602     20203    1.45448    1.45469    0.000213936 29       4077     
 7557.46 603     20250    1.45448    1.45469    0.000213896 29       4083     
 7581.99 605     20301    1.45448    1.45469    0.000213895 29       4089     
 7618.05 607     20365    1.45448    1.45469    0.000213892 29       4098     
 7634.55 608     20400    1.45448    1.45469    0.000213891 29       4102     
 7662.62 610     20461    1.45448    1.45469    0.000213886 29       4108     
 7680.75 611     20500    1.45448    1.45469    0.000213878 29       4112     
 7707.08 613     20559    1.45448    1.45469    0.000213591 27       4118     
 7727.42 614     20600    1.45448    1.45469    0.000213586 28       4123     
 7750.16 616     20655    1.45448    1.45469    0.000213573 28       4128     
 7764.76 617     20700    1.45448    1.45469    0.000213573 29       4132     
 7790.09 619     20751    1.45448    1.45469    0.000213571 28       4138     
 7830.16 620     20800    1.45448    1.45469    0.000213571 28       4148     
 7854.12 622     20853    1.45448    1.45469    0.00021357  28       4153     
 7869.93 623     20900    1.45448    1.45469    0.000213556 28       4157     
 7882.49 625     20950    1.45448    1.45469    0.000213531 28       4160     
 7915.62 627     21011    1.45448    1.45469    0.000213504 28       4168     
 7928.72 628     21050    1.45448    1.45469    0.000213474 28       4171     
 7962.91 630     21109    1.45448    1.45469    0.000213472 28       4179     
 7974.75 631     21150    1.45448    1.45469    0.000213471 28       4182     
 7997.84 633     21207    1.45448    1.45469    0.000213468 28       4187     
 8015.79 634     21250    1.45448    1.45469    0.000213467 28       4191     
 8038.05 636     21305    1.45448    1.45469    0.000213415 29       4196     
Writing policy file: ./4d847c90b237_637_8061.16.policy
Intermediate policy written(interval: 2000)
 8061.16 637     21350    1.45448    1.45469    0.000213413 29       4201     
 8093.73 639     21403    1.45448    1.45469    0.00021341  28       4209     
 8123.89 640     21450    1.45448    1.45469    0.000213408 28       4216     
 8140.89 642     21500    1.45448    1.45469    0.000213404 28       4220     
 8171.76 644     21563    1.45448    1.45469    0.000213335 28       4227     
 8185.29 645     21600    1.45448    1.45469    0.000213298 28       4230     
 8211.28 647     21657    1.45448    1.45469    0.000213216 28       4236     
 8230.81 648     21700    1.45448    1.45469    0.000213215 28       4241     
 8261.61 650     21751    1.45448    1.45469    0.000213213 28       4248     
 8292.43 652     21800    1.45448    1.45469    0.000213179 29       4256     
 8309.46 653     21850    1.45448    1.45469    0.000211666 28       4260     
 8342.72 655     21915    1.45448    1.45469    0.00021123  28       4268     
 8355.66 656     21950    1.45448    1.45469    0.000211136 28       4271     
 8386.53 658     22011    1.45448    1.45469    0.000210894 28       4278     
 8398.44 659     22050    1.45448    1.45469    0.000210693 28       4281     
 8432.92 661     22111    1.45448    1.45469    0.000209777 28       4289     
 8433.56 662     22150    1.45448    1.45469    0.000209727 28       4289     
 8452.65 664     22201    1.45448    1.45469    0.000209496 28       4294     
 8479.14 666     22265    1.45448    1.45469    0.000209199 28       4300     
 8497.07 667     22300    1.45448    1.45469    0.000209078 28       4304     
 8526.42 669     22363    1.45448    1.45469    0.00020891  28       4311     
 8537.21 670     22400    1.45448    1.45469    0.000208878 28       4313     
 8562.17 672     22461    1.45448    1.45469    0.000208742 28       4319     
 8595.65 673     22500    1.45448    1.45469    0.000208648 29       4327     
 8623.01 675     22557    1.45448    1.45469    0.000207629 28       4333     
 8636.6  676     22600    1.45448    1.45469    0.000207557 29       4336     
 8665.14 678     22653    1.45448    1.45469    0.000207201 29       4343     
 8696.11 679     22700    1.45448    1.45469    0.000207051 27       4350     
 8724.76 681     22753    1.45448    1.45469    0.000206951 27       4356     
 8750.69 682     22800    1.45448    1.45469    0.000206942 27       4362     
 8768.17 684     22850    1.45448    1.45469    0.000206899 27       4366     
 8806.8  686     22915    1.45448    1.45469    0.000205349 27       4375     
 8821.11 687     22950    1.45448    1.45469    0.000205164 27       4378     
 8853.13 689     23013    1.45448    1.45469    0.00020466  27       4386     
 8861.31 690     23050    1.45448    1.45469    0.000204569 28       4388     
 8882.22 692     23109    1.45448    1.45469    0.000204435 27       4393     
 8896.62 693     23150    1.45448    1.45469    0.000204316 27       4396     
 8933.49 695     23205    1.45448    1.45469    0.00020415  27       4404     
 8947.01 696     23250    1.45448    1.45469    0.00020411  27       4407     
 8973.94 698     23301    1.45448    1.45469    0.000204009 27       4413     
 8994.33 700     23365    1.45448    1.45469    0.000203895 28       4418     
 9005.47 701     23400    1.45448    1.45469    0.000203833 28       4421     
 9032.2  703     23459    1.45448    1.45469    0.000203787 28       4427     
 9048.41 704     23500    1.45448    1.45469    0.000203731 27       4431     
 9077.76 706     23557    1.45448    1.45469    0.00020332  27       4438     
 9121    707     23600    1.45448    1.45469    0.000203201 27       4448     
 9158.14 709     23659    1.45448    1.45469    0.000201757 27       4456     
 9188.76 710     23700    1.45448    1.45469    0.00020128  28       4463     
 9211.01 712     23757    1.45448    1.45469    0.000201256 27       4468     
 9224.36 713     23800    1.45448    1.45469    0.000201238 27       4471     
 9257.36 715     23855    1.45448    1.45469    0.000201183 28       4478     
 9281.99 716     23900    1.45448    1.45469    0.000201169 28       4484     
 9313.18 718     23953    1.45449    1.45469    0.000200922 26       4491     
 9332.52 719     24000    1.45449    1.45469    0.000200856 27       4495     
 9357.67 721     24051    1.45449    1.45469    0.000200799 26       4500     
 9386.75 722     24100    1.45449    1.45469    0.000200688 26       4507     
 9410.21 724     24151    1.45449    1.45469    0.000200448 26       4512     
 9447.25 726     24200    1.45449    1.45469    0.000200201 26       4521     
 9468.29 727     24251    1.45449    1.45469    0.000200128 26       4526     
 9496.32 728     24300    1.45449    1.45469    0.000199947 27       4533     
 9508.92 730     24351    1.45449    1.45469    0.000199782 26       4536     
 9531.79 732     24415    1.45449    1.45469    0.000199723 26       4541     
 9546.39 733     24450    1.45449    1.45469    0.000199697 26       4544     
 9567.62 735     24511    1.45449    1.45469    0.000199651 28       4549     
 9581.74 736     24550    1.45449    1.45469    0.000199614 27       4552     
 9608.51 738     24611    1.45449    1.45469    0.000199571 27       4557     
 9616.45 739     24650    1.45449    1.45469    0.000199561 28       4559     
 9651.1  741     24709    1.45449    1.45469    0.000199321 29       4567     
 9664.61 742     24750    1.45449    1.45469    0.000199193 29       4570     
 9683.12 744     24807    1.45449    1.45469    0.000199001 29       4574     
 9698.51 745     24850    1.45449    1.45469    0.000198849 28       4577     
 9721.05 747     24909    1.45449    1.45469    0.000198689 28       4582     
 9734.86 748     24950    1.45449    1.45469    0.000198671 28       4585     
 9759.2  750     25007    1.45449    1.45469    0.000198555 28       4590     
 9771.64 751     25050    1.45449    1.45469    0.00019852  28       4592     
 9807.19 753     25105    1.45449    1.45469    0.000198412 28       4600     
 9829.2  754     25150    1.45449    1.45469    0.000198377 28       4606     
 9873.41 756     25207    1.45449    1.45469    0.000198262 28       4616     
 9891.98 757     25250    1.45449    1.45469    0.000198148 28       4620     
 9920.57 759     25307    1.45449    1.45469    0.000198004 28       4627     
 9925.88 760     25350    1.45449    1.45469    0.000197997 29       4628     
 9952.29 762     25401    1.45449    1.45469    0.000197952 30       4634     
 9985.64 764     25465    1.45449    1.45469    0.000197685 30       4641     
 10004.2 765     25500    1.45449    1.45469    0.000197613 29       4645     
 10031.5 767     25563    1.45449    1.45469    0.00019747  29       4651     
 10047.2 768     25600    1.45449    1.45469    0.000197444 29       4654     
Writing policy file: ./4d847c90b237_770_10078.9.policy
Intermediate policy written(interval: 2000)
 10078.9 770     25659    1.45449    1.45469    0.000197405 29       4661     
-------------------------------------------------------------------------------

SARSOP finishing ...
  Preset timeout reached
  Timeout     : 10000.000000s
  Actual Time : 10078.880000s

-------------------------------------------------------------------------------
 Time   |#Trial |#Backup |LBound    |UBound    |Precision  |#Alphas |#Beliefs  
-------------------------------------------------------------------------------
 10078.9 770     25659    1.45449    1.45469    0.000197405 29       4661     
-------------------------------------------------------------------------------

Writing out policy ...
  output file : ./4d847c90b237.policyx

