
Loading the model ...
  input file   : /home/rstudio/pomdp-solutions-library/4d857c90b237.pomdpx
  loading time : 0.21s 

SARSOP initializing ...
  initialization time : 5.88s

-------------------------------------------------------------------------------
 Time   |#Trial |#Backup |LBound    |UBound    |Precision  |#Alphas |#Beliefs  
-------------------------------------------------------------------------------
 5.88    0       0        0.840393   2.47313    1.63274     30       1        
 5.98    2       50       1.44101    2.36502    0.924011    13       15       
 6.15    4       100      1.73224    2.36501    0.63277     17       36       
 6.26    6       150      1.90672    2.36485    0.458128    25       45       
 6.57    8       200      2.0186     2.36453    0.345936    54       64       
 6.95    10      250      2.09869    2.3642     0.265514    73       79       
 7.58    12      300      2.17207    2.36412    0.192049    70       97       
 8.51    14      350      2.21061    2.3639     0.15329     56       115      
 9.63    16      405      2.24089    2.36381    0.122923    47       134      
 10.45   18      457      2.2622     2.36372    0.101516    72       145      
 11.55   20      509      2.2795     2.36368    0.0841783   18       157      
 12.28   22      551      2.29898    2.36367    0.0646861   17       164      
 13.97   24      611      2.30894    2.3636     0.0546524   16       180      
 16      25      650      2.31319    2.36358    0.0503869   13       198      
 18.66   27      700      2.31994    2.3635     0.043558    15       219      
 21.05   29      751      2.32651    2.36342    0.0369156   12       235      
 22.99   31      803      2.33118    2.36337    0.032195    12       247      
 24.23   33      855      2.33534    2.36335    0.0280039   12       254      
 27.06   35      907      2.33888    2.36331    0.0244329   12       271      
 30.27   37      959      2.34179    2.36327    0.0214782   13       289      
 33.04   39      1011     2.34448    2.36325    0.0187739   13       303      
 34.57   41      1059     2.34803    2.36325    0.015218    15       310      
 39.81   42      1100     2.34883    2.36324    0.0144104   15       334      
 43.79   44      1150     2.3505     2.36322    0.0127185   15       351      
 47.79   46      1207     2.35203    2.36319    0.0111571   15       367      
 52.17   48      1263     2.35337    2.36318    0.00980556  15       384      
 56      49      1300     2.3542     2.36316    0.00895171  16       399      
 61      51      1351     2.3549     2.36312    0.00821487  15       419      
 66.89   53      1409     2.35565    2.36311    0.00745875  16       440      
 71.37   54      1450     2.35599    2.3631     0.00710837  15       456      
 75.44   56      1500     2.35687    2.36306    0.0061911   15       469      
 81.68   58      1551     2.35736    2.36305    0.00569288  15       489      
 88.43   60      1607     2.3578     2.36304    0.00523878  15       510      
 95.56   62      1663     2.35841    2.36302    0.0046098   16       532      
 102.17  63      1700     2.35858    2.36299    0.00440917  15       552      
 107.37  65      1750     2.35885    2.36297    0.00412049  15       566      
 115.37  67      1805     2.35921    2.36296    0.00374258  16       589      
 125.23  69      1850     2.35932    2.36295    0.00363577  17       615      
 133.09  70      1900     2.35954    2.36292    0.00337826  16       635      
 140.01  72      1951     2.35982    2.36291    0.00309464  17       651      
 151.63  74      2011     2.36006    2.3629     0.00284275  17       679      
 159.09  75      2050     2.36012    2.36289    0.00276528  15       695      
 166.85  77      2100     2.3603     2.36288    0.0025811   16       712      
 178.41  79      2161     2.36042    2.36287    0.00244578  17       737      
 182.23  80      2200     2.36045    2.36287    0.00241323  16       745      
 189.69  82      2251     2.36055    2.36286    0.00231323  16       760      
 201.59  84      2311     2.36061    2.36286    0.00224888  16       784      
 208.68  85      2350     2.36067    2.36285    0.00217975  16       798      
 219.43  87      2401     2.36073    2.36283    0.0021016   16       818      
 231.92  89      2463     2.36082    2.36283    0.00200747  16       842      
 240.05  90      2500     2.36084    2.36282    0.00198224  16       857      
 247.87  92      2553     2.36089    2.36282    0.00192643  17       870      
 258.03  94      2613     2.36092    2.36282    0.00190308  16       888      
 260.98  95      2650     2.36093    2.36282    0.00188686  16       893      
 269.28  97      2703     2.36099    2.36281    0.00182031  16       908      
 278.67  99      2763     2.36104    2.36281    0.00176768  16       923      
 289.52  100     2800     2.36105    2.3628     0.00175249  16       941      
 301.22  102     2855     2.36109    2.36279    0.00170705  16       959      
 310.42  103     2900     2.3611     2.36277    0.00166823  17       974      
 314.53  105     2950     2.36113    2.36277    0.00163849  16       980      
 329     107     3007     2.36116    2.36276    0.00160194  16       1001     
 338.73  108     3050     2.36117    2.36276    0.00158532  16       1016     
 345.95  110     3100     2.36119    2.36276    0.00156402  17       1026     
 357.46  112     3159     2.36122    2.36275    0.0015349   17       1044     
 366.5   113     3200     2.36123    2.36272    0.00149847  16       1057     
 377.2   115     3251     2.36124    2.36272    0.00148424  17       1071     
 385.74  117     3315     2.36125    2.36272    0.00146893  16       1082     
 393.01  118     3350     2.36126    2.36272    0.00146245  16       1092     
 402.29  120     3407     2.36127    2.36271    0.00144818  16       1104     
 409.47  121     3450     2.36127    2.36271    0.00144553  18       1114     
 414.17  123     3500     2.36127    2.36271    0.00143855  16       1120     
 422.1   125     3557     2.36129    2.36271    0.00142166  16       1130     
 433.31  126     3600     2.3613     2.36271    0.00141063  17       1145     
 438.01  128     3650     2.36131    2.36271    0.001401    16       1150     
 447.49  130     3707     2.36132    2.36271    0.00138644  16       1161     
 458.52  131     3750     2.36132    2.36271    0.00138187  16       1175     
 466.77  133     3800     2.36138    2.3627     0.00132593  20       1186     
 481.37  135     3859     2.3614     2.3627     0.00129966  17       1204     
 499.11  136     3900     2.36141    2.3627     0.00128595  18       1227     
 509.34  138     3955     2.36143    2.3627     0.00126679  19       1239     
 522.96  139     4000     2.36144    2.3627     0.00125813  19       1254     
 528.23  141     4050     2.36145    2.3627     0.0012463   18       1259     
 544.79  143     4111     2.36146    2.36269    0.00123892  18       1277     
 550.37  144     4150     2.36146    2.36269    0.00123648  19       1283     
 562.33  146     4205     2.36146    2.36269    0.00123019  19       1296     
 569.62  147     4250     2.36147    2.36269    0.00122707  20       1304     
 575.46  149     4300     2.36148    2.36269    0.00121469  18       1310     
 586.06  151     4357     2.36148    2.36269    0.00120648  18       1321     
 598.02  152     4400     2.36149    2.36269    0.00120295  18       1334     
 607.15  154     4450     2.36149    2.36267    0.00117507  20       1343     
 621.32  156     4511     2.3615     2.36267    0.00116773  18       1358     
 625.04  157     4550     2.3615     2.36267    0.00116319  19       1361     
 645.39  159     4607     2.36151    2.36266    0.00115687  18       1381     
 654.31  160     4650     2.36151    2.36266    0.00115222  18       1389     
 664.17  162     4703     2.36152    2.36266    0.00113826  19       1398     
 675.66  163     4750     2.36152    2.36266    0.00113538  19       1408     
 681.18  165     4800     2.36153    2.36266    0.00112731  18       1413     
 693.07  167     4859     2.36154    2.36266    0.00112039  18       1424     
 699.95  168     4900     2.36154    2.36266    0.00111936  18       1430     
 711.26  170     4953     2.36154    2.36266    0.00111649  19       1440     
 720.63  172     5015     2.36154    2.36266    0.00111165  19       1448     
 725.37  173     5050     2.36154    2.36266    0.0011109   18       1452     
 734.04  175     5107     2.36155    2.36266    0.00110805  19       1460     
 750.96  176     5150     2.36155    2.36265    0.00110609  20       1475     
 760.39  178     5200     2.36155    2.36264    0.00109046  19       1481     
 770.3   180     5265     2.36156    2.36264    0.00108731  20       1490     
 779.94  181     5300     2.36156    2.36264    0.00108222  18       1500     
 787.36  183     5357     2.36156    2.36264    0.00107955  18       1506     
 798.24  184     5400     2.36156    2.36264    0.00107864  18       1515     
 803.98  186     5450     2.36156    2.36264    0.00107735  20       1520     
 812.36  188     5507     2.36156    2.36264    0.00107672  19       1527     
 820.83  189     5550     2.36156    2.36264    0.00107429  18       1534     
 826.08  191     5600     2.36156    2.36264    0.00107278  18       1538     
 839     193     5657     2.36157    2.36263    0.00106832  20       1548     
 847.95  194     5700     2.36157    2.36263    0.00106629  22       1555     
 854.81  196     5750     2.36157    2.36263    0.00106557  21       1560     
 867.47  198     5811     2.3616     2.36263    0.00103012  18       1570     
 880.55  199     5850     2.36161    2.36263    0.00102578  20       1581     
 895.69  201     5905     2.36161    2.36262    0.00101134  21       1593     
 905.1   202     5950     2.36162    2.36262    0.00100287  19       1601     
 913.96  204     6000     2.36163    2.36262    0.000997844 19       1608     
 930.19  206     6063     2.36163    2.36262    0.000991599 19       1621     
 936.27  207     6100     2.36163    2.36262    0.000991005 19       1626     
 948.55  209     6155     2.36163    2.36262    0.000988363 20       1634     
 956.73  210     6200     2.36164    2.36262    0.000986773 20       1640     
 969.19  212     6251     2.36164    2.36262    0.000983847 18       1648     
 984.34  214     6315     2.36164    2.36262    0.000978446 19       1659     
 988.34  215     6350     2.36164    2.36262    0.000976553 18       1662     
 1002.79 217     6411     2.36165    2.36262    0.000971975 19       1672     
 1008.77 218     6450     2.36165    2.36262    0.000971459 19       1676     
 1022.29 220     6503     2.36165    2.36262    0.00097034  20       1685     
 1036.34 222     6550     2.36165    2.36262    0.000969748 20       1694     
 1045.92 223     6600     2.36165    2.36262    0.000965806 18       1701     
 1058.82 225     6657     2.36165    2.36262    0.000964101 20       1709     
 1066.52 226     6700     2.36165    2.36262    0.000963529 20       1714     
 1086.14 228     6751     2.36166    2.36262    0.00096208  20       1727     
 1097.23 230     6813     2.36166    2.36262    0.000958768 19       1734     
 1108.01 231     6850     2.36166    2.36262    0.000957882 21       1741     
 1125.66 233     6905     2.36166    2.36261    0.000954441 22       1752     
 1135.96 235     6950     2.36166    2.36261    0.00095359  23       1759     
 1144.81 236     7000     2.36166    2.36261    0.000952341 22       1765     
 1165.48 238     7061     2.36166    2.36261    0.000948699 19       1779     
 1172.71 239     7100     2.36166    2.36261    0.000948146 19       1784     
 1190.27 241     7155     2.36169    2.36261    0.000924438 18       1795     
 1206.92 242     7200     2.36169    2.36261    0.000922585 18       1806     
 1219.16 244     7250     2.36169    2.36261    0.000920148 19       1813     
 1235.5  246     7313     2.3617     2.36261    0.000915169 23       1823     
 1253.7  247     7350     2.3617     2.36261    0.000910343 23       1835     
 1268.37 249     7409     2.3617     2.36261    0.000908925 23       1844     
 1277.61 250     7450     2.3617     2.36261    0.000906724 21       1850     
 1289.45 252     7501     2.3617     2.36261    0.000905985 21       1857     
 1305.03 254     7565     2.3617     2.36261    0.000902875 21       1866     
 1315.35 255     7600     2.3617     2.36261    0.000902494 22       1872     
 1327.82 257     7657     2.3617     2.36261    0.000901264 21       1879     
 1333.57 258     7700     2.36171    2.36261    0.000900875 21       1882     
 1343.75 260     7750     2.36171    2.36261    0.000900406 22       1887     
 1356.53 262     7811     2.36171    2.36261    0.000898247 19       1894     
 1361.88 263     7850     2.36171    2.36261    0.000897473 19       1897     
 1381.36 265     7905     2.36171    2.3626     0.000891724 19       1907     
 1396.7  267     7950     2.36171    2.3626     0.000890583 18       1915     
 1406.69 268     8000     2.36171    2.3626     0.00088463  18       1921     
 1427.46 270     8061     2.36172    2.3626     0.000882158 18       1932     
 1445.47 271     8100     2.36172    2.3626     0.000881766 22       1943     
 1460.21 273     8155     2.36172    2.3626     0.000878521 20       1951     
 1477.9  274     8200     2.36172    2.3626     0.000878347 21       1961     
 1486.37 276     8250     2.36172    2.3626     0.00087733  20       1966     
 1501.65 278     8311     2.36172    2.3626     0.000876794 20       1974     
 1519.67 279     8350     2.36172    2.3626     0.000876721 20       1985     
 1531.38 281     8401     2.36172    2.36259    0.000866146 20       1991     
 1540.55 283     8463     2.36172    2.36259    0.000865121 20       1997     
 1546.6  284     8500     2.36172    2.36259    0.00086478  20       2000     
 1559.31 286     8553     2.36172    2.36259    0.000864134 20       2006     
 1570.75 288     8615     2.36172    2.36259    0.000863687 19       2013     
 1582.16 289     8650     2.36172    2.36258    0.000863356 19       2019     
 1596.96 291     8707     2.36172    2.36258    0.000860283 20       2027     
 1605.52 292     8750     2.36173    2.36258    0.000858855 21       2031     
 1622.15 294     8803     2.36173    2.36258    0.000857541 21       2039     
 1634.54 296     8863     2.36173    2.36258    0.00085669  20       2046     
 1644.18 297     8900     2.36173    2.36258    0.000856151 20       2051     
 1656.43 299     8957     2.36173    2.36258    0.000854323 21       2057     
 1671.43 300     9000     2.36173    2.36258    0.000853852 22       2064     
 1688.54 302     9050     2.36173    2.36258    0.000852552 21       2073     
 1707.2  304     9111     2.36173    2.36258    0.00085203  21       2082     
 1716.17 305     9150     2.36173    2.36258    0.000851406 21       2086     
 1731.54 307     9205     2.36173    2.36258    0.000850714 22       2093     
 1744.06 309     9250     2.36173    2.36258    0.000850187 22       2099     
 1749.14 310     9300     2.36173    2.36258    0.000849873 22       2102     
 1765.93 312     9357     2.36173    2.36258    0.000849159 23       2111     
 1779.15 313     9400     2.36173    2.36258    0.000848968 25       2117     
 1792.71 315     9450     2.36173    2.36258    0.000848566 24       2124     
 1811.79 317     9507     2.36173    2.36258    0.00084846  23       2134     
 1830.09 318     9550     2.36173    2.36258    0.000848167 25       2143     
 1847.23 320     9601     2.36173    2.36258    0.000847168 23       2151     
 1877.67 322     9661     2.36173    2.36258    0.00084352  23       2166     
 1885.91 323     9700     2.36173    2.36258    0.000843251 22       2170     
 1905.3  325     9751     2.36173    2.36258    0.000842991 24       2179     
 1927.89 327     9813     2.36174    2.36258    0.000842152 23       2189     
 1941.17 328     9850     2.36174    2.36258    0.000841901 23       2195     
 1963.44 330     9903     2.36174    2.36258    0.000841312 22       2205     
 1988.71 332     9965     2.36174    2.36258    0.00084074  24       2217     
 1998.77 333     10000    2.36174    2.36258    0.000840695 24       2222     
Writing policy file: ./4d857c90b237_335_2028.46.policy
Intermediate policy written(interval: 2000)
 2028.46 335     10059    2.36174    2.36258    0.000839238 23       2236     
 2041.27 336     10100    2.36174    2.36258    0.000838756 24       2243     
 2056.98 338     10150    2.36174    2.36258    0.000838051 21       2250     
 2068.11 340     10209    2.36174    2.36258    0.000837342 21       2255     
 2079.38 341     10250    2.36174    2.36258    0.000836552 22       2261     
 2099.46 343     10301    2.36174    2.36258    0.000836139 22       2270     
 2118.54 345     10361    2.36174    2.36258    0.000835615 23       2279     
 2126.02 346     10400    2.36174    2.36258    0.000835547 22       2282     
 2147.91 348     10455    2.36176    2.36258    0.000815182 19       2292     
 2167.7  349     10500    2.36176    2.36258    0.000813672 21       2301     
 2178.92 351     10550    2.36176    2.36257    0.0008122   20       2306     
 2207.45 353     10607    2.36176    2.36257    0.000811183 22       2320     
 2219.84 354     10650    2.36176    2.36257    0.000810715 22       2326     
 2231.62 356     10700    2.36176    2.36257    0.000809804 21       2331     
 2251    358     10761    2.36177    2.36257    0.00080776  21       2340     
 2259.16 359     10800    2.36177    2.36257    0.000807019 20       2343     
 2279.86 361     10851    2.36177    2.36257    0.000805581 22       2352     
 2296.87 363     10911    2.36177    2.36257    0.000804412 21       2359     
 2312.03 364     10950    2.36177    2.36257    0.000803369 22       2365     
 2327.68 366     11007    2.36177    2.36257    0.000801859 20       2371     
 2342.39 367     11050    2.36177    2.36257    0.000801571 20       2378     
 2358.25 369     11101    2.36177    2.36257    0.0007992   20       2384     
 2373.86 371     11161    2.36178    2.36257    0.000798362 20       2391     
 2384.61 372     11200    2.36178    2.36257    0.000796012 20       2395     
 2400.17 374     11255    2.36178    2.36257    0.000795169 21       2401     
 2419.33 375     11300    2.36178    2.36257    0.000794877 22       2409     
 2428.72 377     11350    2.36178    2.36257    0.0007927   21       2413     
 2446.23 379     11411    2.36178    2.36257    0.000791279 21       2420     
 2461.79 380     11450    2.36178    2.36257    0.000790838 22       2427     
 2484.41 382     11501    2.36178    2.36256    0.000784899 22       2436     
 2507.36 384     11561    2.36178    2.36256    0.000783448 22       2447     
 2515.79 385     11600    2.36178    2.36256    0.000783273 22       2450     
 2527.42 387     11651    2.36178    2.36256    0.000782843 20       2455     
 2542.67 389     11711    2.36178    2.36256    0.000782453 22       2461     
 2559.08 390     11750    2.36178    2.36256    0.000780786 22       2468     
 2579.46 392     11803    2.36178    2.36256    0.000779253 22       2476     
 2616.47 394     11863    2.36178    2.36255    0.000769117 21       2491     
 2632.41 395     11900    2.36178    2.36255    0.00076893  23       2498     
 2652.69 397     11955    2.36178    2.36255    0.000768318 24       2506     
 2671.37 398     12000    2.36178    2.36255    0.000767943 24       2513     
 2690.22 400     12051    2.36178    2.36255    0.00076736  21       2520     
 2705.78 402     12113    2.36178    2.36255    0.000766968 23       2526     
 2712.82 403     12150    2.36178    2.36255    0.000766928 23       2529     
 2733.1  405     12207    2.36178    2.36255    0.000766391 21       2538     
 2748.14 406     12250    2.36178    2.36255    0.000766095 22       2544     
 2776.72 408     12303    2.36179    2.36255    0.000761553 21       2554     
 2800.69 410     12365    2.36179    2.36255    0.000760813 21       2563     
 2805.74 411     12400    2.36179    2.36255    0.000760179 21       2565     
 2824.16 413     12459    2.36179    2.36255    0.00075886  21       2572     
 2842.65 414     12500    2.36179    2.36255    0.000758276 23       2580     
 2860.18 416     12555    2.36179    2.36254    0.000752494 22       2587     
 2878.92 417     12600    2.36179    2.36254    0.00075234  24       2594     
 2887.57 419     12650    2.36179    2.36254    0.000751501 22       2597     
 2908.21 421     12713    2.36179    2.36254    0.000750315 21       2604     
 2916.27 422     12750    2.36179    2.36254    0.000750069 21       2607     
 2937.83 424     12807    2.36179    2.36254    0.000749148 21       2615     
 2948.77 425     12850    2.36179    2.36254    0.000748629 22       2619     
 2963.49 427     12901    2.36179    2.36254    0.000748019 25       2625     
 2973.79 429     12965    2.3618     2.36254    0.000746243 25       2629     
 2978.38 430     13000    2.3618     2.36254    0.000746004 26       2631     
 2997.59 432     13057    2.3618     2.36254    0.000745726 23       2638     
 3010.65 433     13100    2.3618     2.36254    0.000745617 22       2642     
 3031.07 435     13153    2.3618     2.36254    0.000744887 24       2649     
 3042.44 437     13200    2.3618     2.36254    0.000744537 23       2653     
 3050.4  438     13250    2.3618     2.36254    0.00074434  23       2656     
 3066.8  440     13309    2.3618     2.36254    0.00074391  24       2662     
 3076.04 441     13350    2.3618     2.36254    0.000743836 23       2665     
 3087.16 443     13400    2.3618     2.36254    0.000743753 24       2669     
 3104.62 445     13459    2.3618     2.36254    0.000743557 24       2675     
 3124.4  446     13500    2.3618     2.36254    0.00074336  24       2682     
 3142.04 448     13551    2.3618     2.36254    0.000742313 28       2688     
 3159.15 450     13613    2.3618     2.36254    0.000740676 25       2694     
 3173.27 451     13650    2.3618     2.36254    0.000739942 24       2699     
 3195.22 453     13709    2.3618     2.36254    0.000739436 23       2706     
 3206.72 454     13750    2.3618     2.36254    0.000739064 23       2710     
 3223.91 456     13805    2.3618     2.36254    0.000738861 27       2717     
 3231.28 458     13850    2.3618     2.36254    0.000738551 25       2720     
 3234.28 459     13900    2.3618     2.36254    0.000738515 25       2721     
 3252.95 461     13957    2.3618     2.36254    0.000738289 24       2727     
 3270.96 462     14000    2.3618     2.36254    0.000738187 26       2733     
 3292.67 464     14055    2.36181    2.36254    0.000725287 25       2741     
 3307.24 465     14100    2.36181    2.36254    0.000724652 26       2746     
 3313.15 467     14150    2.36181    2.36254    0.000723443 24       2748     
 3327.49 469     14209    2.36181    2.36254    0.000722756 24       2753     
 3335.62 470     14250    2.36181    2.36254    0.000722501 23       2756     
 3350.62 472     14301    2.36182    2.36254    0.000721735 23       2761     
 3375.59 474     14350    2.36182    2.36254    0.000721009 24       2770     
 3385.85 475     14400    2.36182    2.36254    0.000720452 23       2773     
 3409.95 477     14459    2.36182    2.36254    0.000719723 24       2782     
 3424.43 478     14500    2.36182    2.36254    0.00071833  23       2787     
 3445.63 480     14553    2.36182    2.36254    0.000717682 24       2795     
 3469.39 481     14600    2.36182    2.36254    0.000717277 23       2803     
 3483.54 483     14650    2.36182    2.36254    0.000716446 21       2808     
 3506.99 485     14711    2.36182    2.36254    0.000715978 22       2817     
 3522.37 486     14750    2.36182    2.36254    0.000715478 22       2822     
 3542.16 488     14805    2.36182    2.36254    0.000715    22       2829     
 3561.31 489     14850    2.36182    2.36254    0.000714796 22       2836     
 3571.38 491     14900    2.36182    2.36254    0.000713473 21       2839     
 3586.1  493     14959    2.36182    2.36254    0.000713027 25       2844     
 3595.79 494     15000    2.36182    2.36253    0.000712821 24       2847     
 3614.66 496     15051    2.36182    2.36253    0.000712055 24       2853     
 3632.27 498     15115    2.36182    2.36253    0.000710969 24       2859     
 3640.93 499     15150    2.36182    2.36253    0.000710718 23       2862     
 3655.23 501     15209    2.36182    2.36253    0.000710145 23       2866     
 3661.26 502     15250    2.36182    2.36253    0.000709899 22       2868     
 3678.21 504     15305    2.36183    2.36253    0.000709286 23       2874     
 3689.62 505     15350    2.36183    2.36253    0.000708829 26       2878     
 3703.68 507     15400    2.36183    2.36253    0.000708679 27       2883     
 3726.09 509     15461    2.36183    2.36253    0.000708379 27       2890     
 3735.99 510     15500    2.36183    2.36253    0.000708149 27       2893     
 3759.23 512     15553    2.36183    2.36253    0.000707689 25       2901     
 3770.89 514     15613    2.36183    2.36253    0.000707479 24       2905     
 3779.82 515     15650    2.36183    2.36253    0.000707136 25       2908     
 3795.35 517     15707    2.36183    2.36253    0.000706616 24       2913     
 3834.61 518     15750    2.36183    2.36253    0.000700597 23       2927     
 3862.47 520     15803    2.36183    2.36253    0.00069767  24       2936     
 3884.63 521     15850    2.36183    2.36253    0.000696714 25       2944     
 3890.64 523     15900    2.36183    2.36253    0.00069496  24       2946     
 3910.68 525     15963    2.36184    2.36253    0.000693825 23       2953     
 3922.28 526     16000    2.36184    2.36253    0.00069338  25       2957     
 3952.08 528     16057    2.36184    2.36253    0.00069279  23       2967     
 3967.57 529     16100    2.36184    2.36253    0.000692654 25       2972     
 3984.21 531     16150    2.36184    2.36252    0.000686057 24       2978     
 4020.58 533     16213    2.36184    2.36252    0.000685224 22       2990     
 4024.76 534     16250    2.36184    2.36252    0.000685116 22       2991     
Writing policy file: ./4d857c90b237_536_4038.98.policy
Intermediate policy written(interval: 2000)
 4038.98 536     16305    2.36184    2.36252    0.000684956 24       2996     
 4051.34 537     16350    2.36184    2.36252    0.000684785 24       3000     
 4069.77 539     16401    2.36184    2.36252    0.000684605 22       3006     
 4086.4  541     16463    2.36184    2.36252    0.000684518 24       3011     
 4092.12 542     16500    2.36184    2.36252    0.00068442  24       3013     
 4111.56 544     16559    2.36184    2.36252    0.000683843 25       3019     
 4118.79 545     16600    2.36184    2.36252    0.000683685 27       3021     
 4144.32 547     16655    2.36184    2.36252    0.000683479 28       3029     
 4159.91 549     16700    2.36184    2.36252    0.000683359 28       3034     
 4166.63 550     16750    2.36184    2.36252    0.000681594 26       3036     
 4188.66 552     16809    2.36184    2.36252    0.000681163 27       3043     
 4203.99 553     16850    2.36184    2.36252    0.000680737 29       3048     
 4225.36 555     16907    2.36184    2.36252    0.000680149 25       3055     
 4239.13 556     16950    2.36184    2.36252    0.000679902 26       3059     
 4269.27 558     17007    2.36184    2.36252    0.000672961 27       3070     
 4280.51 559     17050    2.36184    2.36252    0.000672267 26       3073     
 4299.99 561     17101    2.36184    2.36252    0.000671924 26       3079     
 4324.28 563     17165    2.36184    2.36252    0.000671511 26       3086     
 4333.38 564     17200    2.36185    2.36252    0.000671136 25       3089     
 4361.71 566     17263    2.36185    2.36252    0.000670493 26       3098     
 4370.89 567     17300    2.36185    2.36252    0.000670373 26       3101     
 4396.1  569     17359    2.36185    2.36252    0.000669939 25       3109     
 4427.86 570     17400    2.36185    2.36252    0.000669716 24       3119     
 4440.92 572     17453    2.36185    2.3625     0.000655451 25       3123     
 4466.34 573     17500    2.36185    2.3625     0.000655128 26       3131     
 4489.84 575     17550    2.36185    2.3625     0.000654725 27       3138     
 4511.57 577     17611    2.36185    2.3625     0.000654541 25       3145     
 4526.22 578     17650    2.36185    2.3625     0.000654448 25       3150     
 4549.96 580     17711    2.36185    2.3625     0.000654107 25       3157     
 4563.88 581     17750    2.36185    2.3625     0.000653765 25       3161     
 4593.29 583     17811    2.36185    2.3625     0.000653433 25       3170     
 4603.99 584     17850    2.36185    2.3625     0.000653189 24       3173     
 4619.69 586     17905    2.36185    2.3625     0.000652923 23       3178     
 4634.44 587     17950    2.36185    2.3625     0.00065283  26       3182     
 4664.42 589     18007    2.36185    2.3625     0.000647841 21       3191     
 4671.57 590     18050    2.36185    2.3625     0.000647667 22       3193     
 4699.08 592     18103    2.36185    2.3625     0.000647153 22       3201     
 4715.23 593     18150    2.36185    2.3625     0.000646747 22       3206     
 4736.71 595     18203    2.36185    2.3625     0.000646074 22       3212     
 4759.63 596     18250    2.36186    2.3625     0.000645342 24       3219     
 4784.91 598     18303    2.36186    2.3625     0.000644856 23       3226     
 4801.15 599     18350    2.36186    2.3625     0.000644587 24       3231     
 4818.78 601     18401    2.36186    2.3625     0.000644389 24       3236     
 4842.04 602     18450    2.36186    2.3625     0.000644057 22       3243     
 4849.1  604     18500    2.36186    2.3625     0.000643571 23       3245     
 4873.81 606     18563    2.36186    2.3625     0.00064326  23       3252     
 4884.4  607     18600    2.36186    2.3625     0.000643094 22       3255     
 4904.15 609     18659    2.36186    2.3625     0.000642966 22       3261     
 4912.58 610     18700    2.36186    2.3625     0.0006429   23       3263     
 4931.79 612     18753    2.36186    2.3625     0.000642745 23       3269     
 4955.47 613     18800    2.36186    2.3625     0.000642643 23       3276     
 4971.05 615     18850    2.36186    2.3625     0.000642489 23       3280     
 4991.31 617     18911    2.36186    2.3625     0.000641285 22       3286     
 5008.78 618     18950    2.36186    2.3625     0.000641213 23       3291     
 5031.25 620     19007    2.36186    2.3625     0.000640623 22       3298     
 5057.32 621     19050    2.36186    2.3625     0.00063817  22       3306     
 5087.62 623     19109    2.36186    2.3625     0.000637323 22       3315     
 5102.18 624     19150    2.36186    2.3625     0.000636937 23       3319     
 5130.5  626     19207    2.36186    2.3625     0.00063652  22       3327     
 5151.87 627     19250    2.36186    2.3625     0.000636307 23       3333     
 5177.05 629     19305    2.36186    2.3625     0.000636005 22       3341     
 5194.12 630     19350    2.36186    2.3625     0.000635877 23       3346     
 5215.04 632     19405    2.36186    2.3625     0.000635518 23       3352     
 5236.79 633     19450    2.36186    2.3625     0.000635413 23       3358     
 5262.17 635     19503    2.36186    2.3625     0.00063524  23       3365     
 5286.38 636     19550    2.36186    2.3625     0.000633856 23       3372     
 5315.01 638     19607    2.36186    2.3625     0.000633536 24       3380     
 5328.65 639     19650    2.36186    2.3625     0.000632133 26       3384     
 5359.66 641     19703    2.36186    2.36249    0.000631565 25       3393     
 5387.49 643     19750    2.36186    2.36249    0.000631491 27       3401     
 5402.76 644     19800    2.36186    2.36249    0.000631355 27       3405     
 5427.33 646     19861    2.36186    2.36249    0.000631171 25       3412     
 5445.48 647     19900    2.36186    2.36249    0.000631055 24       3417     
 5457.48 649     19957    2.36186    2.36249    0.000630942 26       3421     
 5471.79 650     20000    2.36186    2.36249    0.000630891 25       3425     
 5503.29 652     20053    2.36186    2.36249    0.000630639 25       3434     
 5534.54 653     20100    2.36186    2.36249    0.000630584 25       3443     
 5550.61 655     20151    2.36186    2.36249    0.000630308 25       3447     
 5568.94 657     20215    2.36186    2.36249    0.000630265 25       3452     
 5581.04 658     20250    2.36186    2.36249    0.000630232 25       3456     
 5601.96 660     20309    2.36186    2.36249    0.000630034 25       3462     
 5614.21 661     20350    2.36186    2.36249    0.000630022 25       3465     
 5645.47 663     20405    2.36186    2.36249    0.000629611 25       3474     
 5662.63 664     20450    2.36186    2.36249    0.000629303 26       3479     
 5677.59 666     20500    2.36186    2.36249    0.000629166 28       3483     
 5705.27 668     20563    2.36186    2.36249    0.000629059 27       3490     
 5717.23 669     20600    2.36186    2.36249    0.000628947 27       3493     
 5745.57 671     20659    2.36186    2.36249    0.00062874  27       3502     
 5763.61 672     20700    2.36186    2.36249    0.000628625 28       3507     
 5788.29 674     20761    2.36186    2.36249    0.000628419 27       3514     
 5806.94 675     20800    2.36186    2.36249    0.000628225 25       3519     
 5847.48 677     20861    2.36187    2.36249    0.000627508 24       3531     
 5867.03 678     20900    2.36187    2.36249    0.000627392 26       3537     
 5890.95 680     20957    2.36187    2.36249    0.000627124 27       3544     
 5902.48 681     21000    2.36187    2.36249    0.000626985 28       3547     
 5929.7  683     21053    2.36187    2.36249    0.000624815 27       3555     
 5957.35 684     21100    2.36187    2.36249    0.000624714 27       3563     
 5983.82 686     21155    2.36187    2.36249    0.000624492 24       3570     
 6000.18 687     21200    2.36187    2.36249    0.000624408 23       3575     
 6016.33 689     21251    2.36187    2.36249    0.000624313 24       3580     
Writing policy file: ./4d857c90b237_690_6042.71.policy
Intermediate policy written(interval: 2000)
 6042.71 690     21300    2.36187    2.36249    0.000624238 25       3587     
 6061.31 692     21350    2.36187    2.36249    0.000624107 27       3592     
 6079.41 694     21407    2.36187    2.36249    0.000624002 27       3597     
 6092.1  695     21450    2.36187    2.36249    0.000623586 28       3601     
 6114.67 697     21503    2.36187    2.36249    0.000623434 28       3607     
 6125.62 698     21550    2.36187    2.36249    0.0006234   27       3610     
 6145.89 700     21601    2.36187    2.36249    0.000623104 27       3615     
 6160.6  702     21661    2.36187    2.36249    0.000623084 27       3619     
 6168.44 703     21700    2.36187    2.36249    0.000623071 27       3621     
 6192.88 705     21755    2.36187    2.36249    0.000622905 29       3627     
 6211.38 706     21800    2.36187    2.36249    0.000622861 29       3632     
 6234.96 708     21855    2.36187    2.36249    0.000622616 31       3638     
 6248.63 709     21900    2.36187    2.36249    0.000621548 30       3642     
 6260.68 711     21951    2.36187    2.36249    0.000621418 30       3645     
 6280.64 713     22000    2.36187    2.36249    0.000621381 28       3650     
 6288.02 714     22050    2.36187    2.36249    0.000620724 27       3652     
 6310.03 716     22115    2.36187    2.36249    0.000620593 27       3658     
 6320.71 717     22150    2.36187    2.36249    0.000620534 27       3661     
 6344    719     22213    2.36187    2.36249    0.000620129 27       3667     
 6353.45 720     22250    2.36187    2.36249    0.000620066 27       3669     
 6379.89 722     22307    2.36187    2.36249    0.000619782 26       3675     
 6391.78 723     22350    2.36187    2.36249    0.000619645 26       3678     
 6415.19 725     22405    2.36187    2.36249    0.000619362 27       3685     
 6431.86 726     22450    2.36187    2.36249    0.000619043 28       3689     
 6441.73 728     22500    2.36187    2.36249    0.000618972 28       3691     
 6465.03 730     22563    2.36187    2.36249    0.000618773 28       3697     
 6482.18 731     22600    2.36187    2.36249    0.000618737 27       3702     
 6503.51 733     22661    2.36187    2.36249    0.000618615 27       3707     
 6511.72 734     22700    2.36187    2.36249    0.000618588 27       3709     
 6537.22 736     22755    2.36187    2.36249    0.000618495 26       3716     
 6551.21 737     22800    2.36187    2.36249    0.000618467 25       3720     
 6574.88 739     22851    2.36187    2.36249    0.000618424 27       3726     
 6600.65 740     22900    2.36187    2.36249    0.000618407 27       3733     
 6614.52 742     22950    2.36187    2.36249    0.000618342 27       3736     
 6629.11 744     23011    2.36187    2.36249    0.00061833  28       3740     
 6638.4  745     23050    2.36187    2.36249    0.000618302 27       3742     
 6662.75 747     23101    2.36187    2.36249    0.000618247 27       3748     
 6685.66 749     23150    2.36187    2.36249    0.000618155 27       3754     
 6703.45 750     23200    2.36187    2.36249    0.000617967 27       3759     
 6731.14 752     23263    2.36187    2.36249    0.000617842 28       3767     
 6744.58 753     23300    2.36187    2.36249    0.000617826 29       3770     
 6780.2  755     23367    2.36187    2.36249    0.000617349 30       3780     
 6797.23 756     23400    2.36187    2.36249    0.000617273 30       3784     
 6818.75 758     23463    2.36187    2.36249    0.000616942 29       3790     
 6842.93 759     23500    2.36187    2.36249    0.000616783 31       3796     
 6865.28 761     23561    2.36187    2.36249    0.000616635 30       3803     
 6883.09 762     23600    2.36187    2.36248    0.000615468 32       3807     
 6904.63 764     23659    2.36187    2.36248    0.000615108 30       3813     
 6915.31 765     23700    2.36187    2.36248    0.000615086 29       3816     
 6941.58 767     23759    2.36187    2.36248    0.000615031 29       3823     
 6957.53 768     23800    2.36187    2.36248    0.000615001 29       3827     
 6982.09 770     23853    2.36187    2.36248    0.000614952 29       3833     
 7000.71 772     23900    2.36187    2.36248    0.000614883 29       3838     
 7008.92 773     23950    2.36187    2.36248    0.000614683 28       3840     
 7030.54 775     24007    2.36187    2.36248    0.000614661 28       3845     
 7039.08 776     24050    2.36187    2.36248    0.000614655 28       3847     
 7067.2  778     24103    2.36187    2.36248    0.000614418 28       3854     
 7113.62 779     24150    2.36187    2.36248    0.000614155 29       3868     
 7139.45 781     24201    2.36187    2.36248    0.000614037 27       3874     
 7176.54 783     24250    2.36187    2.36248    0.000614002 27       3883     
 7192.99 784     24300    2.36187    2.36248    0.000613938 28       3887     
 7215.29 786     24357    2.36187    2.36248    0.00061386  28       3893     
 7230.16 787     24400    2.36187    2.36248    0.000613825 28       3896     
 7265.41 789     24457    2.36187    2.36248    0.000613656 29       3906     
 7280.75 790     24500    2.36187    2.36248    0.000613367 30       3910     
 7296.85 792     24550    2.36187    2.36248    0.000613172 29       3914     
 7323.74 794     24609    2.36187    2.36248    0.000612984 29       3921     
 7333.48 795     24650    2.36187    2.36248    0.000612943 28       3923     
 7351.44 797     24703    2.36187    2.36248    0.00061292  29       3928     
 7375.69 799     24750    2.36187    2.36248    0.0006129   28       3934     
 7391.73 800     24800    2.36187    2.36248    0.000612871 28       3938     
 7420.22 802     24865    2.36187    2.36248    0.00061255  28       3945     
 7432.58 803     24900    2.36187    2.36248    0.0006125   28       3948     
 7457.11 805     24959    2.36187    2.36248    0.000609942 29       3955     
 7467.43 806     25000    2.36187    2.36248    0.000609939 29       3958     
 7491.05 808     25053    2.36187    2.36248    0.000609877 28       3964     
 7514.92 810     25100    2.36187    2.36248    0.000609735 28       3970     
 7531.08 811     25151    2.36187    2.36248    0.00060962  28       3974     
 7553.78 813     25213    2.36187    2.36248    0.000609584 28       3979     
 7563.09 814     25250    2.36187    2.36248    0.000609575 28       3981     
 7583.41 816     25309    2.36187    2.36248    0.000609539 28       3986     
 7596.57 817     25350    2.36187    2.36248    0.000609469 28       3989     
 7625.06 819     25403    2.36187    2.36248    0.000609094 28       3997     
 7647.78 821     25463    2.36187    2.36248    0.000608877 28       4002     
 7662.92 822     25500    2.36187    2.36248    0.000608714 28       4006     
 7683.97 824     25561    2.36187    2.36248    0.000608644 31       4012     
 7690.75 825     25600    2.36187    2.36248    0.000608565 29       4014     
 7704.21 827     25653    2.36187    2.36248    0.000608524 29       4017     
 7729.18 829     25700    2.36187    2.36248    0.000608489 28       4023     
 7737.25 830     25750    2.36187    2.36248    0.000608418 28       4025     
 7758.07 832     25805    2.36187    2.36248    0.000608285 28       4030     
 7779.34 834     25850    2.36187    2.36248    0.000608277 29       4035     
 7794.13 835     25900    2.36187    2.36248    0.000607868 29       4038     
 7816.37 837     25961    2.36187    2.36248    0.000606551 29       4043     
 7825.98 838     26000    2.36187    2.36248    0.000606456 29       4045     
 7849.85 840     26055    2.36187    2.36247    0.000602376 31       4051     
 7864.31 841     26100    2.36187    2.36247    0.000602247 30       4054     
 7888.77 843     26153    2.36187    2.36247    0.000602021 30       4060     
 7913.43 844     26200    2.36187    2.36247    0.000602012 31       4066     
 7940.24 846     26253    2.36187    2.36247    0.000601837 31       4072     
 7973.94 847     26300    2.36187    2.36247    0.000601815 31       4080     
 7990.39 849     26351    2.36187    2.36247    0.000601799 32       4084     
 8007.7  851     26413    2.36187    2.36247    0.000601781 32       4088     
 8021.32 852     26450    2.36187    2.36247    0.000601688 33       4091     
 8032.97 854     26505    2.36187    2.36247    0.000601641 32       4094     
Writing policy file: ./4d857c90b237_855_8056.policy
Intermediate policy written(interval: 2000)
 8056    855     26550    2.36187    2.36247    0.000601619 31       4099     
 8076.19 857     26601    2.36187    2.36247    0.000601596 31       4103     
 8100.89 859     26663    2.36187    2.36247    0.000601562 30       4110     
 8113.85 860     26700    2.36187    2.36247    0.00060155  30       4113     
 8145.91 862     26757    2.36187    2.36247    0.000601353 31       4120     
 8164.38 863     26800    2.36187    2.36247    0.000601337 30       4125     
 8188.23 865     26851    2.36187    2.36247    0.000600891 30       4132     
 8230.62 867     26915    2.36187    2.36247    0.000600873 32       4142     
 8235.84 868     26950    2.36187    2.36247    0.000600653 31       4143     
 8265.27 870     27011    2.36187    2.36247    0.000600514 31       4150     
 8277.62 871     27050    2.36187    2.36247    0.000600512 31       4153     
 8293.25 873     27103    2.36187    2.36247    0.000600509 31       4157     
 8324.19 875     27150    2.36187    2.36247    0.000600464 32       4164     
 8335.81 876     27200    2.36187    2.36247    0.000600272 31       4167     
 8354.78 878     27261    2.36187    2.36247    0.000600182 30       4172     
 8364.93 879     27300    2.36187    2.36247    0.000600145 30       4174     
 8389.95 881     27357    2.36187    2.36247    0.000600126 32       4181     
 8405.34 882     27400    2.36187    2.36247    0.000600074 33       4185     
 8426.99 884     27451    2.36187    2.36247    0.000599923 33       4190     
 8447.73 886     27511    2.36187    2.36247    0.000599706 32       4195     
 8459.79 887     27550    2.36187    2.36247    0.000599602 33       4198     
 8496.46 889     27613    2.36187    2.36247    0.000599457 34       4208     
 8514.64 890     27650    2.36187    2.36247    0.000599416 34       4212     
 8536.95 892     27707    2.36187    2.36247    0.000599307 34       4217     
 8550.37 893     27750    2.36187    2.36247    0.000599304 34       4220     
 8566.98 895     27800    2.36187    2.36247    0.000598994 33       4224     
 8586.38 897     27859    2.36187    2.36247    0.000598989 34       4228     
 8595.53 898     27900    2.36187    2.36247    0.000598953 33       4230     
 8616.93 900     27951    2.36187    2.36247    0.000598935 32       4235     
 8648.32 901     28000    2.36187    2.36247    0.000597725 32       4242     
 8660.79 903     28050    2.36187    2.36247    0.000597655 32       4245     
 8680.5  905     28107    2.36187    2.36247    0.000597651 32       4249     
 8693.11 906     28150    2.36187    2.36247    0.00059764  32       4252     
 8708.75 908     28200    2.36187    2.36247    0.000597517 32       4255     
 8740.49 910     28263    2.36187    2.36247    0.000597466 31       4263     
 8756.06 911     28300    2.36187    2.36247    0.000597387 33       4267     
 8783.92 913     28357    2.36187    2.36247    0.00059732  32       4274     
 8798.3  914     28400    2.36187    2.36247    0.000597319 33       4277     
 8815.67 916     28450    2.36187    2.36247    0.000597312 32       4281     
 8849.25 918     28513    2.36187    2.36247    0.00059731  32       4289     
 8854.7  919     28550    2.36187    2.36247    0.000597232 32       4290     
 8891.8  921     28609    2.36187    2.36247    0.000597161 33       4299     
 8907.95 922     28650    2.36187    2.36247    0.000596993 33       4303     
 8929.91 924     28707    2.36187    2.36247    0.000596735 31       4308     
 8948.85 925     28750    2.36187    2.36247    0.000596652 31       4312     
 8972.76 927     28803    2.36187    2.36247    0.000596437 30       4318     
 8992.88 929     28863    2.36187    2.36247    0.000596412 31       4323     
 9003.33 930     28900    2.36187    2.36247    0.00059641  31       4325     
 9033    932     28955    2.36187    2.36247    0.000596383 32       4332     
 9060.52 934     29000    2.36187    2.36247    0.000596243 32       4338     
 9080.76 935     29050    2.36187    2.36247    0.000596103 31       4343     
 9101.05 937     29105    2.36187    2.36246    0.000587252 30       4348     
 9113.22 938     29150    2.36187    2.36246    0.000586962 31       4351     
 9129.7  940     29200    2.36187    2.36246    0.000586668 32       4355     
 9151.88 942     29263    2.36187    2.36246    0.000586619 31       4360     
 9176.61 943     29300    2.36187    2.36246    0.000586495 31       4366     
 9218.86 945     29363    2.36187    2.36246    0.000584555 31       4376     
 9232.69 946     29400    2.36187    2.36246    0.000584511 31       4379     
 9263.2  948     29461    2.36187    2.36246    0.000584375 31       4386     
 9276.32 949     29500    2.36187    2.36246    0.000584367 31       4389     
 9299.04 951     29555    2.36187    2.36246    0.000584204 31       4394     
 9311.97 953     29600    2.36187    2.36246    0.0005842   31       4397     
 9320.79 954     29650    2.36187    2.36246    0.000584194 31       4399     
 9343.6  956     29707    2.36187    2.36246    0.000584187 31       4404     
 9355.43 957     29750    2.36187    2.36246    0.000584184 31       4407     
 9374.1  959     29800    2.36187    2.36246    0.000584151 31       4411     
 9403.83 961     29865    2.36187    2.36246    0.00058399  31       4418     
 9408.59 962     29900    2.36187    2.36246    0.000583924 31       4419     
 9429.28 964     29959    2.36187    2.36246    0.000583909 31       4423     
 9446.92 965     30000    2.36187    2.36246    0.000583907 34       4427     
 9480.22 967     30059    2.36187    2.36246    0.00058375  36       4435     
 9495.82 968     30100    2.36187    2.36246    0.000583707 35       4439     
 9523.5  970     30155    2.36187    2.36246    0.000583384 34       4445     
 9547.89 971     30200    2.36187    2.36246    0.000582376 34       4450     
 9578.87 973     30253    2.36187    2.36245    0.000582199 35       4457     
 9602.82 974     30300    2.36187    2.36245    0.000582131 35       4463     
 9616.95 976     30350    2.36187    2.36245    0.000582007 35       4466     
 9646.35 978     30411    2.36187    2.36245    0.000581909 34       4473     
 9660.32 979     30450    2.36187    2.36245    0.000581902 33       4476     
 9687.6  981     30509    2.36187    2.36245    0.000581886 33       4482     
 9707.02 982     30550    2.36187    2.36245    0.000581751 33       4486     
 9729.43 984     30607    2.36187    2.36245    0.000581746 34       4491     
 9739.99 985     30650    2.36187    2.36245    0.000581745 34       4493     
 9765.68 987     30705    2.36187    2.36245    0.000581564 35       4499     
 9786.27 988     30750    2.36187    2.36245    0.000581473 35       4504     
 9795.39 990     30800    2.36187    2.36245    0.000581454 34       4506     
 9825    992     30861    2.36187    2.36245    0.00058125  34       4512     
 9834.77 993     30900    2.36187    2.36245    0.00058124  31       4514     
 9860.46 995     30955    2.36187    2.36245    0.000581228 30       4519     
 9882.06 996     31000    2.36187    2.36245    0.000581225 30       4524     
 9890.95 998     31050    2.36187    2.36245    0.000581184 31       4526     
 9930.74 999     31100    2.36187    2.36245    0.000580227 32       4535     
 9949.39 1001    31151    2.36187    2.36245    0.000579742 31       4539     
 9971.45 1002    31200    2.36187    2.36245    0.000579714 31       4544     
 9982.21 1004    31250    2.36187    2.36245    0.000579673 31       4546     
 10004.4 1006    31309    2.36187    2.36245    0.000579661 31       4551     
 10020   1007    31350    2.36187    2.36245    0.000579629 31       4555     
 10030.6 1009    31405    2.36187    2.36245    0.000579527 31       4557     
 10044.5 1011    31450    2.36187    2.36245    0.000579523 31       4560     
Writing policy file: ./4d857c90b237_1012_10060.1.policy
Intermediate policy written(interval: 2000)
 10060.1 1012    31500    2.36187    2.36245    0.00057935  31       4563     
-------------------------------------------------------------------------------

SARSOP finishing ...
  Preset timeout reached
  Timeout     : 10000.000000s
  Actual Time : 10060.080000s

-------------------------------------------------------------------------------
 Time   |#Trial |#Backup |LBound    |UBound    |Precision  |#Alphas |#Beliefs  
-------------------------------------------------------------------------------
 10060.1 1012    31500    2.36187    2.36245    0.00057935  31       4563     
-------------------------------------------------------------------------------

Writing out policy ...
  output file : ./4d857c90b237.policyx

