
Loading the model ...
  input file   : /home/rstudio/pomdp-solutions-library/4d8647401d01.pomdpx
  loading time : 0.13s 

SARSOP initializing ...
  initialization time : 3.76s

-------------------------------------------------------------------------------
 Time   |#Trial |#Backup |LBound    |UBound    |Precision  |#Alphas |#Beliefs  
-------------------------------------------------------------------------------
 3.76    0       0        0.82133    1.56062    0.739293    30       1        
 3.86    3       59       1.19477    1.50063    0.305854    49       28       
 3.94    5       100      1.28724    1.50028    0.213033    69       45       
 4.07    8       159      1.35571    1.49966    0.143954    55       69       
 4.18    10      200      1.36579    1.49935    0.13356     59       87       
 4.36    12      250      1.38748    1.49909    0.111613    63       113      
 4.53    15      301      1.39859    1.49868    0.100094    68       128      
 4.77    17      350      1.40279    1.49865    0.0958528   93       152      
 5       20      401      1.4159     1.49715    0.0812479   92       171      
 5.37    22      450      1.41874    1.49707    0.0783256   91       197      
 5.74    25      507      1.42309    1.49692    0.0738365   97       217      
 6.16    27      550      1.42565    1.49565    0.0699997   101      236      
 6.67    30      600      1.42698    1.49563    0.0686526   91       262      
 7.02    32      651      1.42798    1.49554    0.0675671   119      279      
 7.62    34      700      1.42812    1.49537    0.0672528   147      301      
 8.18    37      755      1.43034    1.49534    0.0649948   117      319      
 8.72    39      800      1.43059    1.49532    0.0647333   134      338      
 9.39    42      859      1.43107    1.49526    0.0641919   64       360      
 9.89    44      901      1.43283    1.49523    0.0623986   72       376      
 10.69   46      950      1.43459    1.49411    0.0595133   58       403      
 11.29   49      1000     1.43506    1.494      0.05894     60       425      
 11.92   51      1055     1.4353     1.49388    0.0585826   52       442      
 12.56   53      1100     1.43547    1.49387    0.0584012   46       461      
 13.68   55      1150     1.43723    1.49199    0.0547561   40       487      
 14.6    57      1200     1.43749    1.49188    0.0543971   37       510      
 15.43   60      1259     1.43763    1.49182    0.0541872   48       528      
 16.17   62      1305     1.43765    1.49181    0.054162    49       542      
 16.9    64      1350     1.43788    1.4918     0.0539185   50       558      
 17.95   66      1400     1.43793    1.49176    0.0538356   46       578      
 19.15   69      1450     1.43795    1.49176    0.0538122   45       599      
 20.12   71      1505     1.43798    1.49175    0.0537748   53       615      
 21.02   73      1551     1.43798    1.49175    0.0537702   58       632      
 22.04   75      1600     1.438      1.49174    0.0537453   58       650      
 23.25   77      1650     1.43825    1.49173    0.0534766   51       672      
 24.23   79      1700     1.43838    1.49171    0.0533306   56       690      
 25.31   82      1759     1.43843    1.49171    0.0532721   51       706      
 26.28   84      1805     1.43874    1.49169    0.0529475   57       723      
 27.18   86      1850     1.43876    1.49168    0.052917    58       739      
 28.22   88      1900     1.43898    1.49165    0.0526667   51       756      
 29.34   90      1950     1.43905    1.49162    0.0525718   58       776      
 30.49   93      2007     1.43915    1.49158    0.0524303   57       794      
 31.65   95      2051     1.43918    1.49156    0.0523763   52       812      
 33.25   97      2100     1.44002    1.49067    0.050646    61       835      
 34.82   99      2150     1.44007    1.49063    0.0505624   53       859      
 36.26   102     2209     1.44028    1.49057    0.0502876   59       878      
 37.54   104     2253     1.44029    1.49056    0.0502679   64       894      
 38.68   106     2300     1.44032    1.49055    0.0502303   76       909      
 40.42   108     2350     1.44033    1.49052    0.0501878   57       930      
 41.73   110     2400     1.44053    1.4905     0.0499719   59       948      
 43.35   113     2459     1.44054    1.49049    0.0499528   70       967      
 44.54   115     2503     1.44054    1.49048    0.049936    72       982      
 45.99   117     2550     1.44055    1.49047    0.0499157   68       998      
 48.04   119     2600     1.44056    1.49045    0.0498879   63       1017     
 49.47   122     2657     1.44061    1.49045    0.0498356   68       1031     
 50.44   124     2705     1.44073    1.49044    0.0497169   71       1042     
 51.98   126     2750     1.44074    1.49044    0.0497058   76       1057     
 53.65   128     2800     1.44074    1.49044    0.0496955   69       1074     
 55.59   131     2861     1.44083    1.49042    0.0495909   68       1093     
 56.86   133     2905     1.44094    1.49042    0.0494735   59       1107     
 58.34   135     2950     1.44095    1.49039    0.0494379   56       1123     
 60.02   137     3000     1.44097    1.49039    0.0494205   61       1139     
 62.34   140     3050     1.44099    1.49039    0.0494019   66       1161     
 63.88   142     3103     1.44099    1.49035    0.0493569   68       1176     
 65.42   144     3150     1.441      1.49034    0.0493396   67       1191     
 67.34   146     3200     1.44101    1.49034    0.0493304   74       1208     
 69.02   149     3257     1.44102    1.49033    0.0493065   71       1220     
 70.33   151     3301     1.44106    1.4903     0.0492435   73       1234     
 72.21   153     3350     1.44107    1.4903     0.0492243   72       1251     
 73.9    156     3407     1.44108    1.49029    0.0492129   77       1267     
 76.28   158     3451     1.44129    1.48939    0.0481035   78       1283     
 78.12   160     3500     1.44129    1.48938    0.0480914   76       1299     
 81.17   162     3550     1.4413     1.48938    0.0480878   76       1320     
 83.28   165     3607     1.44139    1.48938    0.04799     75       1335     
 85.09   167     3651     1.44139    1.48938    0.0479834   79       1350     
 86.81   169     3700     1.44141    1.48937    0.047968    77       1365     
 88.78   171     3750     1.44141    1.48937    0.0479587   87       1382     
 91.34   174     3809     1.44142    1.48936    0.0479434   83       1400     
 93.52   176     3855     1.44142    1.48933    0.047909    89       1416     
 95.68   178     3901     1.44142    1.48932    0.0478968   89       1431     
 97.8    180     3950     1.44143    1.48932    0.0478861   88       1446     
 100.4   183     4007     1.44152    1.48932    0.0477958   92       1463     
 103     185     4051     1.44153    1.48931    0.0477878   95       1477     
 105.48  187     4100     1.44185    1.4893     0.0474496   93       1493     
 109.11  189     4150     1.44186    1.48923    0.0473745   93       1513     
 112.01  192     4207     1.4419     1.48923    0.0473287   83       1530     
 113.88  194     4251     1.44191    1.48923    0.0473205   87       1542     
 117.36  196     4300     1.44287    1.48838    0.0455052   95       1563     
 120.07  199     4359     1.44288    1.48837    0.0454903   100      1580     
 122.61  201     4403     1.44288    1.48837    0.0454891   110      1595     
 125.19  203     4450     1.44289    1.48836    0.0454782   117      1609     
 128.96  205     4500     1.44289    1.48836    0.0454693   101      1631     
 132.04  207     4550     1.44289    1.48836    0.0454631   111      1648     
 134.93  210     4609     1.44291    1.48835    0.0454417   113      1664     
 137.23  212     4655     1.44291    1.48835    0.0454406   120      1679     
 139.52  214     4701     1.44291    1.48835    0.045436    121      1692     
 141.59  216     4750     1.443      1.48835    0.0453429   108      1705     
 144.15  218     4800     1.44303    1.48829    0.0452594   116      1721     
 146.96  221     4850     1.44304    1.48829    0.0452507   110      1738     
 149.09  223     4911     1.44304    1.48829    0.0452437   113      1753     
 151.67  225     4959     1.44304    1.48829    0.0452422   110      1769     
 154.22  227     5005     1.44305    1.48827    0.0452168   107      1783     
 156.79  229     5051     1.44306    1.48827    0.0452045   93       1797     
 159.78  231     5100     1.44308    1.48827    0.0451895   88       1814     
 163.35  233     5150     1.44309    1.48827    0.0451785   86       1831     
 166.28  235     5200     1.44309    1.48827    0.0451714   91       1849     
 169.67  238     5261     1.4431     1.48825    0.0451587   99       1867     
 171.89  240     5307     1.4431     1.48825    0.0451505   102      1881     
 175.14  242     5353     1.44311    1.48824    0.0451373   107      1898     
 177.73  244     5400     1.44311    1.48822    0.0451097   107      1912     
 181.49  246     5450     1.44314    1.48821    0.0450742   105      1931     
 185.34  248     5500     1.44322    1.48819    0.0449704   105      1952     
 187.68  251     5550     1.44323    1.48818    0.0449577   111      1965     
 191.02  253     5607     1.44323    1.48818    0.0449461   111      1980     
 193.83  255     5651     1.44323    1.48818    0.0449417   106      1992     
 196.53  257     5700     1.44324    1.48817    0.044937    107      2006     
 200.45  259     5750     1.44324    1.48817    0.0449311   113      2024     
 203.28  262     5811     1.44324    1.48817    0.0449297   111      2039     
 206.36  264     5857     1.44324    1.48817    0.0449233   112      2054     
 209.54  266     5901     1.44324    1.48817    0.0449226   119      2067     
 212.79  268     5950     1.44326    1.48817    0.0449059   112      2081     
 216.46  271     6000     1.44326    1.48817    0.0449026   103      2097     
 220     273     6057     1.44327    1.48816    0.044892    95       2111     
 222.5   275     6101     1.44328    1.48816    0.0448829   101      2125     
 225.54  277     6150     1.44328    1.48816    0.0448792   111      2139     
 229.5   279     6200     1.44328    1.48816    0.0448778   109      2158     
 232.71  282     6259     1.44329    1.48815    0.0448646   115      2173     
 235.98  284     6303     1.44329    1.48815    0.044864    117      2187     
 238.98  286     6350     1.44329    1.48815    0.0448587   119      2200     
 242.38  288     6400     1.4433     1.48814    0.0448465   117      2215     
 245.41  291     6457     1.4433     1.48814    0.0448454   127      2230     
 248.44  293     6501     1.4433     1.48814    0.0448452   131      2241     
 251.34  295     6550     1.4433     1.48814    0.044845    130      2251     
 255.02  298     6607     1.4433     1.48814    0.0448366   144      2264     
 259.13  300     6653     1.44341    1.48812    0.0447097   145      2281     
 262.54  302     6700     1.44342    1.48812    0.0447068   142      2293     
 266.32  304     6750     1.44342    1.48812    0.0447065   149      2309     
 269.78  307     6807     1.44344    1.48811    0.0446745   141      2322     
 274.52  309     6850     1.44345    1.48811    0.0446628   142      2338     
 277.93  311     6900     1.44345    1.48811    0.0446591   133      2352     
 282.36  313     6950     1.44345    1.48811    0.0446579   129      2369     
 286.2   316     7005     1.44345    1.48811    0.0446542   120      2381     
 288.72  318     7050     1.44345    1.48811    0.0446522   115      2390     
 292.38  320     7100     1.44346    1.48811    0.0446501   125      2404     
 295.67  323     7159     1.44346    1.4881     0.044638    130      2419     
 299.06  325     7205     1.44346    1.4881     0.0446369   134      2432     
 301.98  327     7250     1.44346    1.4881     0.0446355   138      2441     
 307.16  329     7300     1.44346    1.4881     0.0446345   144      2461     
 310.18  332     7355     1.44347    1.48806    0.0445933   142      2471     
 314.17  334     7401     1.44347    1.48805    0.0445862   146      2485     
 318.24  336     7450     1.44347    1.48805    0.0445783   137      2500     
 322.92  338     7500     1.44347    1.48804    0.0445721   143      2517     
 325.97  341     7553     1.44347    1.48804    0.0445669   144      2526     
 329.37  343     7600     1.44347    1.48804    0.0445662   143      2539     
 332.97  346     7661     1.44348    1.48804    0.044559    140      2553     
 336.3   348     7703     1.44348    1.48804    0.0445582   138      2564     
 341.15  350     7750     1.44348    1.48801    0.0445254   138      2580     
 344.96  352     7800     1.44348    1.48801    0.0445224   135      2597     
 347.6   355     7851     1.44348    1.48801    0.0445216   133      2606     
 351.45  357     7900     1.44349    1.488      0.0445156   135      2617     
 356.36  360     7957     1.44349    1.488      0.0445079   145      2631     
 360.24  362     8000     1.44349    1.48799    0.0444979   141      2643     
 365.52  364     8050     1.44352    1.48799    0.0444742   137      2660     
 369.24  367     8103     1.44352    1.48799    0.0444655   135      2671     
 373.52  369     8150     1.44352    1.48799    0.0444643   139      2682     
 377.36  372     8207     1.44353    1.48796    0.0444277   143      2696     
 382.44  374     8251     1.44354    1.48795    0.0444122   147      2711     
 386.66  376     8300     1.44354    1.48795    0.0444061   157      2725     
 390.38  379     8357     1.44354    1.48795    0.0444038   157      2736     
 393.83  381     8401     1.44354    1.48795    0.0444036   153      2747     
 398.15  383     8450     1.44354    1.48794    0.0443945   152      2759     
 404.06  386     8500     1.44355    1.48794    0.0443928   146      2774     
 407.8   388     8555     1.44355    1.48794    0.0443907   152      2785     
 411.82  390     8600     1.44355    1.48793    0.0443754   146      2796     
 416.33  392     8650     1.44355    1.48793    0.0443739   143      2810     
 421.39  395     8707     1.44356    1.48793    0.0443684   138      2823     
 425.03  397     8750     1.44356    1.48793    0.0443683   141      2835     
 431.33  400     8800     1.44356    1.48792    0.0443635   144      2854     
 436.43  402     8851     1.44356    1.48792    0.0443543   156      2870     
 442.04  404     8900     1.44356    1.48792    0.044353    158      2887     
 446.87  407     8959     1.44357    1.48791    0.0443372   147      2902     
 451.74  409     9003     1.44357    1.48788    0.0443039   142      2919     
 457.96  411     9050     1.44357    1.48784    0.0442655   144      2939     
 465.62  414     9109     1.44358    1.48778    0.0442044   149      2960     
 470.59  416     9151     1.44358    1.48778    0.0441993   151      2975     
 477.77  418     9200     1.44359    1.48773    0.0441454   154      2995     
 483.39  421     9257     1.4436     1.48771    0.0441155   161      3011     
 489.2   423     9300     1.4436     1.48767    0.0440711   160      3028     
 495.44  425     9350     1.4438     1.48767    0.0438725   158      3044     
 499.16  428     9405     1.4438     1.48767    0.0438696   154      3055     
 503.67  430     9450     1.4438     1.48767    0.0438677   147      3067     
 510.32  432     9500     1.4438     1.48766    0.0438602   152      3086     
 516.2   435     9557     1.44381    1.48765    0.043843    153      3099     
 521.47  437     9600     1.44381    1.48765    0.043837    166      3111     
 528.23  439     9650     1.44381    1.48765    0.043836    165      3129     
 533.56  442     9703     1.44381    1.48763    0.0438184   170      3143     
 540.82  444     9750     1.44381    1.48763    0.0438177   172      3159     
 548.18  447     9800     1.44381    1.48763    0.0438173   175      3177     
 552.97  449     9853     1.44382    1.48762    0.0438074   174      3187     
 555.84  451     9900     1.44382    1.48762    0.0438071   169      3195     
 561.3   454     9957     1.44382    1.48762    0.0438065   172      3208     
 564.65  456     10000    1.44382    1.48762    0.0438064   182      3216     
 570.4   459     10059    1.44382    1.48762    0.0438034   180      3234     
 575.32  461     10101    1.44382    1.48762    0.0437945   183      3246     
 580.77  463     10150    1.44382    1.48762    0.0437944   186      3261     
 584.75  466     10207    1.44387    1.48761    0.043736    171      3274     
 589.03  468     10250    1.44387    1.48761    0.0437349   176      3284     
 597.35  470     10300    1.44387    1.48761    0.0437333   179      3299     
 602.41  473     10355    1.44388    1.48761    0.043731    180      3309     
 607.05  475     10400    1.44388    1.48761    0.0437308   184      3320     
 614.88  478     10457    1.44388    1.48761    0.0437281   188      3335     
 619.25  480     10500    1.44388    1.4876     0.043727    194      3346     
 626.84  483     10550    1.44388    1.4876     0.0437242   187      3364     
 632.67  485     10603    1.44388    1.4876     0.0437124   178      3379     
 638.7   487     10650    1.44389    1.48759    0.0437041   184      3395     
 646.69  490     10707    1.44389    1.48759    0.0436997   181      3411     
 650.52  492     10750    1.44389    1.48759    0.0436971   185      3419     
 656.81  495     10809    1.44389    1.48758    0.0436918   186      3435     
 661.18  497     10851    1.44389    1.48758    0.0436911   184      3446     
 667.16  499     10900    1.44389    1.48758    0.0436874   193      3461     
 673.74  502     10959    1.44389    1.48758    0.0436846   201      3476     
 679.23  504     11001    1.44389    1.48757    0.0436824   186      3488     
 684.49  506     11050    1.44389    1.48757    0.0436819   197      3501     
 690.25  509     11103    1.44389    1.48757    0.043681    189      3514     
 695.31  511     11150    1.44389    1.48757    0.0436804   191      3526     
 702.01  514     11209    1.4439     1.48757    0.0436722   177      3542     
 708.46  516     11250    1.4439     1.48755    0.0436488   184      3557     
 713.99  518     11300    1.4439     1.48754    0.0436439   191      3572     
 718.35  521     11351    1.4439     1.48754    0.0436353   187      3580     
 724.38  523     11400    1.4439     1.48754    0.0436347   179      3593     
 729.9   526     11455    1.4439     1.48753    0.0436256   187      3608     
 735.95  528     11500    1.44391    1.48752    0.0436169   190      3619     
 742.62  531     11555    1.44391    1.48752    0.0436117   185      3632     
 747.39  533     11600    1.44391    1.48752    0.0436111   182      3642     
 751.71  536     11655    1.44391    1.48752    0.0436108   181      3654     
 754.99  538     11700    1.44391    1.48752    0.0436105   178      3661     
 759.72  541     11757    1.44391    1.48752    0.0436092   187      3671     
 764.81  543     11800    1.44391    1.48752    0.0436081   184      3679     
 771.21  546     11859    1.44391    1.48752    0.0436058   182      3694     
 774.84  548     11900    1.44392    1.48752    0.0436048   179      3702     
 781.94  551     11959    1.44392    1.48752    0.0436013   187      3715     
 787.64  553     12000    1.44392    1.48752    0.0435945   192      3727     
 794.17  556     12059    1.44392    1.48751    0.0435891   190      3742     
 800.31  558     12101    1.44414    1.48751    0.0433676   185      3755     
 808.77  560     12150    1.44414    1.48751    0.0433642   177      3775     
 815.27  563     12201    1.44414    1.4875     0.043359    184      3786     
 820.29  565     12250    1.44414    1.4875     0.043357    186      3799     
 823.58  568     12303    1.44415    1.4875     0.0433532   181      3808     
 829.27  570     12350    1.44415    1.4875     0.0433518   168      3819     
 835.19  573     12407    1.44415    1.4875     0.0433485   175      3832     
 838.97  575     12450    1.44415    1.48749    0.0433467   185      3842     
 843.39  578     12507    1.44415    1.48749    0.0433466   195      3852     
 847.63  580     12550    1.44415    1.48749    0.0433454   186      3860     
 855.97  583     12609    1.44421    1.48748    0.0432675   184      3881     
 861.02  585     12650    1.44421    1.48747    0.0432643   186      3892     
 869.24  588     12700    1.44421    1.48747    0.0432628   181      3909     
 872.07  590     12753    1.44421    1.48747    0.0432583   178      3918     
 876.27  592     12800    1.44421    1.48747    0.0432552   176      3929     
 886     595     12859    1.44479    1.48667    0.0418867   189      3953     
 890.84  597     12900    1.44479    1.48667    0.0418824   194      3963     
 895.72  599     12950    1.44479    1.48666    0.0418735   202      3974     
 899.42  602     13003    1.44479    1.48666    0.0418732   207      3982     
 902.85  604     13050    1.44479    1.48666    0.0418724   204      3991     
 908.72  606     13100    1.44479    1.48666    0.0418716   195      4005     
 914.96  609     13157    1.44479    1.48666    0.0418693   199      4017     
 920.77  611     13201    1.44479    1.48666    0.0418676   201      4027     
 926.92  613     13250    1.44479    1.48666    0.0418649   204      4039     
 935.52  616     13300    1.44479    1.48666    0.0418611   201      4055     
 941.25  618     13357    1.44479    1.48665    0.0418595   210      4067     
 947.76  620     13401    1.44479    1.48665    0.0418592   210      4077     
 954.07  622     13450    1.44479    1.48665    0.0418592   214      4086     
 960.9   625     13509    1.4448     1.48665    0.0418588   216      4098     
 965.89  627     13553    1.4448     1.48665    0.0418582   217      4109     
 972.03  629     13600    1.4448     1.48665    0.0418554   220      4121     
 979.18  632     13659    1.4448     1.48665    0.0418546   224      4134     
 984.38  634     13703    1.4448     1.48665    0.0418479   226      4146     
 989.54  636     13750    1.4448     1.48664    0.041842    223      4157     
 996.47  639     13807    1.4448     1.48662    0.0418195   227      4173     
 1004.37 641     13850    1.4448     1.48662    0.0418184   232      4186     
 1012.45 643     13900    1.4448     1.48662    0.041817    233      4201     
 1018.95 646     13955    1.4448     1.48662    0.041815    235      4213     
 1024.3  648     14001    1.4448     1.48662    0.0418136   239      4224     
 1030.6  650     14050    1.4448     1.48662    0.0418134   237      4233     
 1036.22 653     14107    1.44481    1.48662    0.041813    234      4245     
 1041.17 655     14150    1.44481    1.48662    0.0418125   234      4254     
 1047.52 658     14207    1.44481    1.48662    0.0418106   239      4265     
 1051.99 660     14250    1.44481    1.48662    0.0418105   244      4273     
 1056.4  662     14300    1.44481    1.48662    0.0418094   237      4284     
 1062.16 665     14357    1.44481    1.48662    0.0418082   235      4296     
 1066.4  667     14400    1.44481    1.48662    0.0418079   237      4306     
 1072.88 669     14450    1.44481    1.48662    0.0418076   238      4319     
 1078.66 672     14503    1.44481    1.48661    0.0418056   230      4327     
 1082.92 674     14550    1.44481    1.48661    0.0418055   242      4336     
 1087.31 677     14605    1.44481    1.48661    0.0418051   247      4347     
 1090.47 679     14650    1.44481    1.48661    0.0418051   241      4353     
 1098.64 681     14700    1.44481    1.48661    0.0418046   226      4368     
 1102.85 684     14751    1.44481    1.48661    0.0418044   225      4375     
 1110.76 686     14800    1.44481    1.48661    0.0418028   231      4390     
 1115.95 689     14853    1.44483    1.48658    0.0417488   240      4403     
 1121.57 691     14900    1.44483    1.48657    0.0417421   250      4414     
 1127.42 694     14950    1.44483    1.48657    0.0417369   250      4429     
 1132.1  696     15001    1.44483    1.48654    0.041708    242      4439     
 1137.63 698     15050    1.44483    1.48654    0.0417067   237      4452     
 1144.17 701     15109    1.44483    1.48654    0.0417064   244      4467     
 1150.04 703     15153    1.44483    1.48654    0.0417061   240      4479     
 1154.91 705     15200    1.44483    1.48654    0.0417059   244      4489     
 1161.49 708     15250    1.44483    1.48654    0.0417055   236      4501     
 1166.75 710     15303    1.44483    1.48654    0.0417035   217      4511     
 1172.24 712     15350    1.44484    1.48654    0.0416977   217      4521     
 1180.04 715     15409    1.44484    1.48653    0.0416909   215      4534     
 1185.03 717     15451    1.44484    1.48653    0.0416897   216      4546     
 1191.33 719     15500    1.44484    1.48653    0.0416828   202      4562     
 1196.4  722     15557    1.44484    1.48652    0.0416808   206      4576     
 1201.88 724     15600    1.44484    1.48652    0.0416806   210      4588     
 1207.55 726     15650    1.44485    1.48652    0.0416787   203      4602     
 1213.19 729     15703    1.44485    1.48652    0.0416778   211      4612     
 1218.12 731     15750    1.44485    1.48652    0.0416771   199      4623     
 1223.12 734     15805    1.44485    1.48652    0.0416766   200      4633     
 1228.97 736     15850    1.44485    1.48652    0.0416742   197      4644     
 1235.64 739     15907    1.44485    1.48652    0.0416732   198      4656     
 1242.7  741     15950    1.44485    1.48651    0.0416617   204      4672     
 1251.88 743     16000    1.44485    1.48649    0.0416411   200      4693     
 1256.91 746     16057    1.44485    1.48649    0.0416336   206      4705     
 1261.04 748     16100    1.44485    1.48649    0.0416336   208      4712     
 1268.85 751     16159    1.44485    1.48648    0.0416304   207      4726     
 1273.35 753     16203    1.44485    1.48648    0.0416301   198      4736     
 1278.73 755     16250    1.44486    1.48648    0.041629    200      4746     
 1287.54 758     16309    1.44486    1.48648    0.041624    200      4760     
 1292.91 760     16353    1.44486    1.48648    0.0416203   209      4772     
 1300.05 762     16400    1.44487    1.48643    0.0415635   209      4786     
 1307.77 765     16450    1.44487    1.48643    0.0415632   216      4802     
 1314.22 767     16503    1.44487    1.48642    0.0415553   220      4814     
 1319.19 769     16550    1.44487    1.48642    0.0415529   218      4824     
 1326.51 772     16607    1.44487    1.48641    0.0415431   220      4839     
 1331.75 774     16650    1.44487    1.48641    0.041543    217      4847     
 1341.54 777     16709    1.44487    1.48641    0.0415406   221      4865     
 1346.78 779     16753    1.44487    1.48641    0.0415351   228      4877     
 1352.68 781     16800    1.44487    1.48641    0.041535    213      4889     
 1359.65 784     16857    1.44487    1.48641    0.0415346   224      4906     
 1364.64 786     16900    1.44487    1.48641    0.041533    222      4915     
 1373.68 789     16959    1.44487    1.48641    0.0415316   220      4929     
 1380.53 791     17000    1.44488    1.4864     0.0415187   225      4938     
 1387.9  793     17050    1.44488    1.4864     0.0415181   223      4953     
 1394.33 796     17101    1.44489    1.4864     0.0415169   213      4961     
 1400.93 798     17150    1.44489    1.4864     0.0415167   212      4974     
 1406.9  801     17201    1.44489    1.4864     0.0415163   217      4983     
 1415.66 803     17250    1.44489    1.4864     0.0415123   222      4999     
 1421.63 806     17305    1.44489    1.48639    0.0415068   224      5010     
 1427.92 808     17350    1.44489    1.48639    0.0415045   219      5021     
 1434.29 811     17409    1.44489    1.48639    0.0415032   225      5033     
 1440.85 813     17451    1.44489    1.48639    0.0415006   229      5045     
 1447.48 815     17500    1.44489    1.48639    0.0415002   230      5060     
 1456.04 818     17550    1.44558    1.48607    0.0404912   234      5071     
 1463.25 820     17600    1.44558    1.48607    0.0404911   236      5081     
 1469.22 823     17659    1.44558    1.48607    0.0404911   232      5090     
 1473.67 825     17700    1.44558    1.48607    0.0404911   235      5096     
 1481.59 827     17750    1.44558    1.48607    0.0404911   235      5108     
 1487.97 830     17807    1.44558    1.48607    0.0404911   236      5121     
 1497.22 832     17853    1.44558    1.48606    0.040476    237      5135     
 1503.23 834     17900    1.44558    1.48606    0.0404757   242      5144     
 1509.73 836     17950    1.44558    1.48606    0.0404757   246      5156     
 1516.34 839     18005    1.44558    1.48606    0.0404753   247      5166     
 1519.92 841     18050    1.44558    1.48606    0.0404744   247      5172     
 1531.42 844     18107    1.44558    1.48606    0.0404706   254      5192     
 1535.78 846     18150    1.44559    1.48605    0.040464    255      5201     
 1541.42 848     18200    1.44559    1.48605    0.0404638   250      5213     
 1549.89 851     18255    1.44559    1.48604    0.0404572   249      5223     
 1555.35 853     18300    1.44559    1.48604    0.0404565   255      5231     
 1562.63 856     18359    1.44559    1.48604    0.0404565   255      5243     
 1568.37 858     18401    1.44559    1.48604    0.0404562   256      5252     
 1576.58 860     18450    1.44559    1.48604    0.0404562   263      5264     
 1583.63 863     18501    1.44559    1.48604    0.0404482   272      5272     
 1593.99 865     18550    1.44559    1.48603    0.0404369   268      5291     
 1603.14 868     18605    1.44559    1.48602    0.0404241   261      5305     
 1609.02 870     18650    1.44559    1.48602    0.0404234   260      5315     
 1617.03 872     18700    1.44559    1.48602    0.0404229   263      5327     
 1623.53 875     18759    1.44559    1.48602    0.0404228   266      5339     
 1629.93 877     18801    1.44559    1.48602    0.0404226   263      5349     
 1636.31 879     18850    1.44559    1.48602    0.0404224   256      5361     
 1642.38 882     18907    1.44559    1.48601    0.0404163   255      5372     
 1650.61 884     18950    1.4456     1.486      0.0404047   249      5388     
 1661.94 886     19000    1.44561    1.48598    0.0403683   247      5412     
 1667.67 889     19051    1.44562    1.48597    0.0403475   262      5423     
 1676.19 891     19100    1.44562    1.48597    0.040347    264      5436     
 1680.78 894     19155    1.44565    1.48596    0.0403045   269      5445     
 1684.72 896     19201    1.44565    1.48596    0.0403037   261      5453     
 1694.04 898     19250    1.44565    1.48595    0.0402988   252      5469     
 1702.49 901     19307    1.44565    1.48595    0.0402916   264      5484     
 1707.45 903     19350    1.44565    1.48594    0.040291    265      5493     
 1713.09 906     19409    1.44565    1.48594    0.0402906   267      5505     
 1716.85 908     19450    1.44565    1.48594    0.0402903   268      5510     
 1721.94 910     19500    1.44565    1.48594    0.0402902   263      5520     
 1728.57 913     19555    1.44566    1.48594    0.0402894   266      5528     
 1734.21 915     19600    1.44566    1.48594    0.040289    265      5537     
 1742    918     19659    1.44566    1.48594    0.0402849   264      5551     
 1746.3  920     19701    1.44566    1.48594    0.0402845   262      5559     
 1754.33 922     19750    1.44566    1.48594    0.0402839   261      5571     
 1762.39 925     19809    1.44566    1.48594    0.0402835   250      5584     
 1767.26 927     19850    1.44567    1.48594    0.0402648   245      5592     
 1773.85 929     19900    1.44567    1.48594    0.0402647   242      5603     
 1780.51 932     19953    1.44567    1.48594    0.0402641   239      5612     
 1786.43 934     20000    1.44567    1.48594    0.0402637   239      5622     
 1793.59 937     20050    1.44567    1.48594    0.0402633   241      5635     
 1799.03 939     20101    1.44567    1.48593    0.0402601   244      5643     
 1806.61 941     20150    1.44567    1.48593    0.0402587   233      5654     
 1813.29 944     20205    1.44567    1.48593    0.0402583   236      5665     
 1820.92 946     20250    1.44567    1.48593    0.0402581   244      5676     
 1829.46 949     20309    1.44567    1.48593    0.0402578   246      5688     
 1835.32 951     20353    1.44567    1.48592    0.0402474   253      5699     
 1840.7  953     20400    1.44568    1.48592    0.0402424   249      5709     
 1848.48 956     20459    1.44568    1.48592    0.0402413   253      5721     
 1852.39 958     20501    1.44568    1.48592    0.0402408   259      5728     
 1862.26 960     20550    1.44568    1.48592    0.0402403   269      5743     
 1867.34 963     20605    1.44568    1.48592    0.04024     266      5752     
 1873.53 965     20650    1.44568    1.48592    0.04024     265      5760     
 1882.42 968     20709    1.44568    1.48592    0.0402397   265      5772     
 1888.66 970     20750    1.44568    1.48592    0.0402396   264      5778     
 1897.59 973     20809    1.44568    1.48592    0.0402394   278      5791     
 1904.06 975     20851    1.44568    1.48592    0.0402392   281      5800     
 1909.4  977     20900    1.44568    1.48592    0.0402392   282      5810     
 1915.24 980     20953    1.44568    1.48592    0.0402392   287      5819     
 1919.66 982     21000    1.44568    1.48592    0.0402391   290      5828     
 1929.68 985     21057    1.44568    1.48591    0.0402367   288      5842     
 1938.51 987     21100    1.44568    1.48591    0.0402254   285      5853     
 1949.42 990     21159    1.44568    1.48589    0.0402094   296      5870     
 1960.81 992     21201    1.44569    1.48587    0.0401816   304      5887     
 1970.82 994     21250    1.44569    1.48586    0.040173    313      5903     
 1978.39 997     21305    1.44569    1.48586    0.0401677   309      5915     
 1986.74 999     21350    1.44569    1.48586    0.0401675   313      5922     
 1996.27 1001    21400    1.44569    1.48586    0.0401658   309      5937     
Writing policy file: ./4d8647401d01_1004_2004.4.policy
Intermediate policy written(interval: 2000)
 2004.4  1004    21453    1.44569    1.48585    0.0401613   311      5949     
 2013.81 1006    21500    1.44569    1.48585    0.0401609   298      5962     
 2023.49 1009    21553    1.44569    1.48585    0.0401572   305      5975     
 2034.22 1011    21600    1.44569    1.48584    0.0401528   302      5993     
 2043.58 1014    21655    1.44569    1.48584    0.0401503   309      6007     
 2048.9  1016    21700    1.44569    1.48584    0.04015     312      6013     
 2056.62 1019    21755    1.44569    1.48584    0.0401498   313      6022     
 2063.69 1021    21800    1.44569    1.48584    0.0401495   305      6032     
 2069.64 1023    21850    1.44569    1.48584    0.0401479   306      6043     
 2078.54 1026    21905    1.44569    1.48583    0.040141    299      6055     
 2091.03 1028    21950    1.44574    1.48512    0.0393796   289      6075     
 2096.36 1030    22000    1.44574    1.48512    0.0393794   291      6084     
 2102.63 1033    22059    1.44574    1.48512    0.0393792   290      6095     
 2106.5  1035    22101    1.44574    1.48512    0.0393792   293      6101     
 2114.27 1037    22150    1.44574    1.48512    0.039379    287      6111     
 2122.32 1040    22205    1.44574    1.48512    0.0393769   293      6124     
 2128.63 1042    22250    1.44574    1.48512    0.0393769   297      6132     
 2138.26 1045    22307    1.44574    1.48512    0.0393768   308      6143     
 2144.05 1047    22353    1.44574    1.48512    0.0393756   311      6152     
 2151.07 1049    22400    1.44574    1.48512    0.0393752   307      6161     
 2161.55 1051    22450    1.44574    1.48512    0.0393751   315      6178     
 2171.61 1054    22505    1.44574    1.48511    0.0393658   324      6193     
 2179.51 1056    22550    1.44574    1.48511    0.0393643   319      6203     
 2190.81 1059    22607    1.44574    1.48511    0.0393641   311      6218     
 2197.88 1061    22650    1.44574    1.48511    0.039364    310      6227     
 2207.75 1064    22709    1.44574    1.48511    0.039364    311      6238     
 2215.84 1066    22750    1.44575    1.4851     0.0393494   319      6249     
 2221.68 1068    22800    1.44575    1.4851     0.0393493   315      6257     
 2231.32 1071    22857    1.44575    1.4851     0.0393474   305      6269     
 2238.56 1073    22901    1.44575    1.4851     0.0393473   306      6279     
 2246.36 1075    22950    1.44575    1.4851     0.0393473   310      6291     
 2256.87 1078    23007    1.44575    1.4851     0.0393472   309      6304     
 2264.06 1080    23050    1.44575    1.4851     0.0393472   308      6313     
 2274.87 1082    23100    1.44575    1.4851     0.0393471   310      6327     
 2284.19 1085    23153    1.44575    1.4851     0.0393468   305      6335     
 2289.22 1087    23200    1.44575    1.4851     0.0393464   309      6342     
 2299.5  1090    23259    1.44575    1.48509    0.039342    315      6355     
 2307.94 1092    23303    1.44575    1.48509    0.0393418   316      6366     
 2315.63 1094    23350    1.44575    1.48509    0.0393407   321      6377     
 2324.77 1097    23409    1.44575    1.48509    0.0393403   325      6391     
 2334.02 1099    23451    1.44575    1.48509    0.03934     320      6401     
 2343.1  1101    23500    1.44575    1.48509    0.039335    327      6414     
 2353.79 1104    23557    1.44575    1.48508    0.0393335   322      6430     
 2363.15 1106    23600    1.44575    1.48508    0.039333    324      6441     
 2377.02 1108    23650    1.44575    1.48508    0.0393329   317      6456     
 2385.96 1111    23703    1.44575    1.48508    0.0393295   319      6468     
 2393.13 1113    23750    1.44575    1.48508    0.0393278   313      6479     
 2407.59 1116    23800    1.44575    1.48508    0.0393276   306      6497     
 2413.44 1118    23853    1.44575    1.48508    0.0393246   308      6505     
 2420.84 1120    23900    1.44575    1.48508    0.0393245   302      6514     
 2430.56 1123    23955    1.44575    1.48508    0.0393221   306      6524     
 2438.01 1125    24000    1.44575    1.48508    0.0393208   302      6535     
 2447.5  1127    24050    1.44575    1.48508    0.0393206   301      6544     
 2457.26 1130    24107    1.44575    1.48507    0.0393191   299      6557     
 2466.53 1132    24150    1.44576    1.48507    0.0393153   297      6568     
 2476.73 1134    24200    1.44576    1.48507    0.0393116   292      6583     
 2484.29 1137    24255    1.44576    1.48507    0.0393115   306      6592     
 2489.14 1139    24300    1.44576    1.48507    0.0393115   306      6600     
 2495.98 1141    24350    1.44576    1.48507    0.0393114   304      6610     
 2504.71 1144    24405    1.44576    1.48507    0.0393112   301      6622     
 2513.09 1146    24450    1.44576    1.48507    0.0393111   303      6631     
 2525.79 1149    24509    1.44576    1.48507    0.0393109   306      6645     
 2531.01 1151    24550    1.44576    1.48507    0.0393108   318      6652     
 2537.68 1153    24600    1.44576    1.48506    0.0393061   321      6660     
 2544.81 1156    24655    1.44576    1.48506    0.039306    313      6668     
 2550.81 1158    24700    1.44576    1.48506    0.0393059   311      6675     
 2561.62 1160    24750    1.44576    1.48506    0.0392988   310      6688     
 2570.74 1163    24803    1.44576    1.48506    0.0392932   319      6700     
 2580.91 1165    24850    1.44576    1.48506    0.0392924   307      6713     
 2588.55 1168    24903    1.44576    1.48506    0.0392921   302      6723     
 2598.04 1170    24950    1.44577    1.48505    0.0392833   301      6736     
 2606.89 1173    25007    1.44577    1.48505    0.0392804   298      6747     
 2614.61 1175    25051    1.44577    1.48505    0.0392803   299      6756     
 2622.4  1177    25100    1.44577    1.48505    0.0392802   305      6764     
 2632.86 1180    25157    1.44577    1.48505    0.0392802   304      6775     
 2642.42 1182    25201    1.44577    1.48505    0.0392802   303      6786     
 2649.27 1184    25250    1.44577    1.48504    0.039272    308      6794     
 2659.19 1187    25305    1.44577    1.48504    0.0392689   308      6806     
 2669.74 1189    25350    1.44577    1.48503    0.0392648   312      6819     
 2681.72 1192    25409    1.44577    1.48501    0.0392382   324      6837     
 2692.77 1194    25451    1.44577    1.485      0.0392301   333      6854     
 2705.64 1196    25500    1.44578    1.48496    0.039188    340      6871     
 2715.44 1199    25555    1.44578    1.48496    0.0391862   350      6884     
 2722.03 1201    25600    1.44578    1.48496    0.0391862   350      6892     
 2733.46 1203    25650    1.44578    1.48496    0.039186    342      6904     
 2742.41 1206    25707    1.44578    1.48496    0.0391786   343      6914     
 2750.71 1208    25750    1.44578    1.48495    0.0391775   340      6923     
 2767.17 1210    25800    1.44578    1.48495    0.0391745   332      6945     
 2775.37 1213    25853    1.44578    1.48495    0.0391706   323      6954     
 2782.64 1215    25900    1.44578    1.48494    0.0391614   325      6966     
 2793.13 1218    25959    1.44578    1.48494    0.0391595   323      6980     
 2805.3  1220    26003    1.44578    1.48493    0.0391563   329      6992     
 2811.61 1222    26050    1.44578    1.48493    0.0391562   323      6999     
 2819.68 1225    26107    1.44578    1.48493    0.039156    316      7011     
 2827.89 1227    26150    1.44578    1.48493    0.039156    315      7019     
 2836.75 1229    26200    1.44578    1.48493    0.0391559   304      7030     
 2848.53 1232    26255    1.44578    1.48493    0.0391554   304      7040     
 2858.53 1234    26300    1.44578    1.48493    0.0391553   303      7051     
 2869.12 1237    26359    1.44578    1.48493    0.0391552   303      7061     
 2875.76 1239    26401    1.44578    1.48493    0.039155    305      7067     
 2882.66 1241    26450    1.44578    1.48493    0.0391549   308      7075     
 2892.21 1244    26503    1.44578    1.48493    0.0391522   312      7090     
 2904.96 1246    26550    1.44582    1.48491    0.0390969   320      7109     
 2920.23 1249    26609    1.44582    1.48489    0.0390764   323      7127     
 2929.8  1251    26651    1.44582    1.48488    0.0390628   338      7140     
 2941.96 1253    26700    1.44582    1.48486    0.0390423   352      7158     
 2948.35 1256    26753    1.44582    1.48486    0.0390389   362      7164     
 2954.89 1258    26800    1.44582    1.48486    0.0390389   359      7170     
 2966.5  1261    26850    1.44582    1.48486    0.0390387   364      7183     
 2973.01 1263    26905    1.44582    1.48486    0.0390386   362      7192     
 2978.4  1265    26950    1.44582    1.48486    0.0390383   364      7197     
 2987.67 1268    27005    1.44582    1.48486    0.0390383   367      7205     
 2994.67 1270    27050    1.44582    1.48486    0.0390383   363      7210     
 3005.29 1273    27109    1.44582    1.48486    0.0390381   355      7221     
 3011.11 1275    27151    1.44582    1.48486    0.0390378   351      7228     
 3025.21 1277    27200    1.44582    1.48485    0.0390286   346      7246     
 3035.76 1280    27255    1.44582    1.48485    0.0390268   355      7256     
 3047.48 1282    27300    1.44582    1.48484    0.039023    347      7270     
 3065.71 1285    27359    1.44582    1.48484    0.0390191   354      7287     
 3073.89 1287    27401    1.44582    1.48484    0.0390191   349      7295     
 3082.14 1289    27450    1.44582    1.48483    0.0390144   354      7303     
 3091.89 1292    27507    1.44582    1.48483    0.0390142   363      7315     
 3099.38 1294    27550    1.44582    1.48483    0.0390141   371      7324     
 3110.86 1297    27609    1.44582    1.48483    0.0390138   365      7336     
 3124.37 1299    27653    1.44582    1.48483    0.0390138   368      7347     
 3133.67 1301    27700    1.44582    1.48483    0.0390138   364      7356     
 3142.31 1304    27757    1.44582    1.48483    0.0390136   359      7367     
 3149.54 1306    27801    1.44582    1.48483    0.0390135   358      7376     
 3157.24 1308    27850    1.44582    1.48483    0.0390134   357      7384     
 3169.63 1311    27905    1.44582    1.48483    0.0390134   360      7392     
 3181.14 1313    27950    1.44582    1.48483    0.0390133   357      7401     
 3189.98 1316    28007    1.44582    1.48483    0.039012    350      7413     
 3196.35 1318    28050    1.44582    1.48483    0.0390119   351      7420     
 3206.38 1321    28109    1.44582    1.48483    0.0390118   351      7431     
 3216.68 1323    28150    1.44582    1.48483    0.0390117   343      7440     
 3224.67 1325    28200    1.44582    1.48483    0.0390115   344      7451     
 3234.51 1328    28253    1.44582    1.48483    0.0390114   341      7459     
 3240.55 1330    28300    1.44582    1.48483    0.0390113   340      7464     
 3250.56 1333    28355    1.44582    1.48483    0.0390113   346      7471     
 3257.28 1335    28400    1.44582    1.48483    0.0390113   341      7476     
 3265.97 1338    28453    1.44582    1.48483    0.0390113   346      7485     
 3275.42 1340    28500    1.44582    1.48483    0.0390112   339      7493     
 3285.59 1343    28557    1.44582    1.48483    0.0390079   333      7504     
 3293.75 1345    28600    1.44585    1.48483    0.038981    335      7512     
 3307.03 1348    28659    1.44585    1.48483    0.0389802   342      7525     
 3313.57 1350    28701    1.44585    1.48483    0.0389801   342      7532     
 3321.52 1352    28750    1.44585    1.48483    0.03898     343      7541     
 3332.56 1355    28805    1.44585    1.48483    0.0389798   348      7552     
 3337.68 1357    28850    1.44585    1.48483    0.0389798   348      7557     
 3348.17 1360    28909    1.44585    1.48483    0.0389798   351      7569     
 3357.01 1362    28951    1.44585    1.48483    0.0389797   348      7575     
 3371.4  1364    29000    1.44585    1.48483    0.0389794   350      7589     
 3383.02 1367    29061    1.44585    1.48483    0.038977    345      7602     
 3389.56 1369    29103    1.44585    1.48483    0.0389765   352      7611     
 3396.29 1371    29150    1.44585    1.48482    0.0389744   342      7619     
 3412.53 1374    29207    1.44585    1.48482    0.038974    347      7633     
 3421.5  1376    29250    1.44585    1.48482    0.0389739   346      7641     
 3432.32 1379    29300    1.44585    1.48482    0.0389738   347      7654     
 3441.11 1381    29351    1.44585    1.48482    0.0389714   351      7662     
 3450.3  1383    29400    1.44585    1.48482    0.0389709   349      7673     
 3459.95 1386    29451    1.44585    1.48482    0.0389708   354      7681     
 3468.05 1389    29509    1.44585    1.48482    0.0389708   344      7690     
 3475.64 1391    29550    1.44585    1.48482    0.0389696   349      7697     
 3484.07 1394    29609    1.44585    1.48482    0.0389695   348      7708     
 3495.01 1396    29650    1.44585    1.48482    0.0389694   348      7718     
 3506.85 1399    29707    1.44585    1.48482    0.0389691   343      7731     
 3518    1401    29751    1.44585    1.48482    0.0389688   345      7740     
 3526.6  1404    29807    1.44585    1.48482    0.0389682   349      7748     
 3533.3  1406    29850    1.44585    1.48482    0.0389682   344      7754     
 3540.86 1409    29907    1.44585    1.48482    0.0389682   350      7763     
 3551    1411    29950    1.44585    1.48482    0.038968    341      7773     
 3564.08 1414    30007    1.44585    1.48482    0.0389663   347      7786     
 3573.66 1416    30050    1.44585    1.48482    0.0389662   345      7797     
 3587.43 1419    30109    1.44585    1.48482    0.0389634   350      7812     
 3595.96 1421    30151    1.44585    1.48482    0.0389631   357      7822     
 3605.52 1424    30200    1.44585    1.48482    0.038963    346      7831     
 3613.68 1426    30253    1.44585    1.48482    0.0389628   344      7840     
 3619.27 1428    30300    1.44585    1.48482    0.0389627   348      7847     
 3626.21 1431    30351    1.44585    1.48482    0.0389627   346      7854     
 3636.41 1433    30400    1.44585    1.48482    0.0389627   345      7863     
 3645.78 1436    30453    1.44585    1.48482    0.0389625   341      7871     
 3654.86 1438    30500    1.44585    1.48482    0.0389624   338      7882     
 3667.31 1441    30553    1.44585    1.48482    0.0389622   326      7895     
 3674.15 1443    30600    1.44585    1.48482    0.0389621   327      7903     
 3687.22 1446    30653    1.44585    1.48482    0.038962    332      7915     
 3696.07 1448    30700    1.44585    1.48481    0.0389584   336      7927     
 3703.06 1451    30751    1.44585    1.48481    0.0389582   334      7933     
 3711.06 1453    30800    1.44585    1.48481    0.0389578   332      7943     
 3722.49 1456    30851    1.44585    1.4848     0.0389414   335      7953     
 3736.45 1459    30907    1.44585    1.48479    0.0389367   338      7969     
 3745.37 1461    30950    1.44586    1.48479    0.0389356   346      7978     
 3759.62 1464    31009    1.44586    1.48479    0.0389348   344      7994     
 3768.25 1466    31051    1.44586    1.48479    0.0389346   341      8003     
 3774.34 1469    31109    1.44586    1.48479    0.0389341   345      8008     
 3781.82 1471    31150    1.44586    1.48479    0.0389337   350      8016     
 3795.26 1474    31209    1.44586    1.48479    0.0389331   360      8032     
 3803.88 1476    31250    1.44586    1.48479    0.0389328   362      8040     
 3817.04 1479    31303    1.44586    1.48479    0.0389325   355      8051     
 3831.09 1481    31350    1.44586    1.48479    0.0389314   360      8064     
 3844.49 1484    31405    1.44586    1.48479    0.0389313   363      8078     
 3856.97 1486    31450    1.44586    1.48479    0.0389296   365      8093     
 3878.85 1489    31500    1.44586    1.48478    0.0389188   368      8115     
 3891.96 1491    31550    1.44586    1.48476    0.0388917   375      8127     
 3908.19 1493    31600    1.44586    1.48475    0.0388865   379      8146     
 3921.18 1496    31650    1.44587    1.48475    0.0388861   382      8158     
 3934.02 1498    31700    1.44587    1.48475    0.038885    384      8172     
 3943.14 1501    31751    1.44587    1.48475    0.0388839   376      8179     
 3958.2  1503    31800    1.44587    1.48475    0.0388838   376      8195     
 3968.11 1506    31850    1.44587    1.48475    0.0388838   378      8202     
 3979.7  1509    31909    1.44587    1.48475    0.0388838   376      8212     
 3991.32 1511    31951    1.44587    1.48475    0.0388837   382      8224     
Writing policy file: ./4d8647401d01_1513_4004.56.policy
Intermediate policy written(interval: 2000)
 4004.56 1514    32000    1.44587    1.48475    0.0388821   380      8239     
 4012.76 1516    32050    1.44587    1.48475    0.0388808   382      8245     
 4027.99 1519    32105    1.44587    1.48475    0.0388798   377      8260     
 4036.75 1521    32150    1.44587    1.48475    0.0388798   375      8269     
 4046.92 1524    32205    1.44587    1.48475    0.0388796   385      8281     
 4058.89 1526    32250    1.44587    1.48475    0.0388796   387      8292     
 4069.15 1529    32307    1.44587    1.48475    0.0388792   388      8305     
 4079.73 1531    32350    1.44587    1.48475    0.0388791   392      8316     
 4093.51 1534    32403    1.44587    1.48474    0.0388789   393      8329     
 4104.3  1536    32450    1.44587    1.48474    0.0388749   407      8339     
 4123.56 1539    32505    1.44587    1.48474    0.0388747   411      8354     
 4134.42 1541    32550    1.44587    1.48474    0.0388738   412      8364     
 4152.35 1544    32605    1.44587    1.48474    0.0388734   420      8378     
 4161.13 1546    32650    1.44587    1.48474    0.0388734   428      8386     
 4181.42 1549    32705    1.4459     1.48472    0.0388287   433      8406     
 4195.15 1551    32750    1.4459     1.48472    0.0388203   424      8421     
 4210.29 1554    32803    1.4459     1.4847     0.0388019   426      8436     
 4220.81 1556    32850    1.4459     1.4847     0.0387996   426      8446     
 4234.83 1559    32901    1.4459     1.4847     0.0387995   428      8457     
 4248.43 1562    32959    1.4459     1.4847     0.038799    435      8471     
 4261.57 1564    33001    1.4459     1.48469    0.0387971   435      8482     
 4276.32 1567    33050    1.4459     1.48469    0.0387948   439      8495     
 4290.1  1569    33100    1.4459     1.48469    0.0387938   442      8505     
 4307.15 1572    33159    1.4459     1.48469    0.0387937   442      8520     
 4318.42 1574    33200    1.4459     1.48469    0.0387937   446      8529     
 4338.94 1577    33259    1.4459     1.48469    0.0387937   449      8546     
 4352.76 1579    33300    1.4459     1.48469    0.0387937   448      8556     
 4367.39 1581    33350    1.4459     1.48469    0.0387936   445      8569     
 4381.4  1584    33401    1.4459     1.48469    0.0387936   456      8578     
 4393.92 1587    33459    1.4459     1.48469    0.0387936   455      8591     
 4406.28 1589    33500    1.4459     1.48469    0.0387936   452      8599     
 4422.36 1592    33550    1.4459     1.48469    0.0387936   453      8613     
 4431.91 1594    33601    1.4459     1.48469    0.0387935   456      8621     
 4449.21 1597    33659    1.4459     1.48469    0.0387919   458      8637     
 4458.21 1599    33700    1.4459     1.48469    0.0387919   455      8644     
 4471.08 1602    33759    1.4459     1.48469    0.0387919   455      8657     
 4481.3  1604    33800    1.4459     1.48469    0.0387918   456      8665     
 4500.35 1606    33850    1.4459     1.48469    0.0387917   454      8680     
 4511.82 1609    33900    1.4459     1.48469    0.0387913   457      8689     
 4526.99 1611    33950    1.4459     1.48468    0.0387794   441      8705     
 4535.57 1614    34001    1.4459     1.48468    0.0387783   445      8712     
 4552.22 1616    34050    1.4459     1.48468    0.0387767   432      8723     
 4564.22 1619    34101    1.4459     1.48468    0.0387766   433      8732     
 4578.52 1622    34150    1.4459     1.48468    0.0387764   431      8743     
 4588.3  1624    34205    1.4459     1.48467    0.0387751   434      8753     
 4600.89 1626    34250    1.4459     1.48467    0.0387749   438      8764     
 4616.7  1629    34303    1.4459     1.48467    0.0387684   432      8777     
 4627.81 1631    34350    1.4459     1.48467    0.0387684   434      8787     
 4639.84 1634    34405    1.4459     1.48467    0.0387683   433      8797     
 4651.05 1636    34450    1.4459     1.48467    0.0387682   434      8807     
 4670.17 1639    34509    1.4459     1.48467    0.0387681   429      8821     
 4683.21 1641    34551    1.4459     1.48467    0.0387681   431      8833     
 4692.89 1644    34609    1.4459     1.48467    0.038768    439      8841     
 4704.78 1646    34650    1.4459     1.48467    0.0387679   441      8848     
 4716.43 1649    34705    1.4459     1.48467    0.0387679   442      8857     
 4725.68 1651    34750    1.4459     1.48467    0.0387671   440      8866     
 4745.91 1654    34800    1.4459     1.48467    0.0387652   441      8884     
 4756.23 1656    34851    1.4459     1.48466    0.0387646   431      8895     
 4775.6  1659    34909    1.4459     1.48466    0.0387637   425      8907     
 4790.76 1661    34950    1.4459     1.48466    0.0387632   418      8921     
 4805.32 1664    35000    1.4459     1.48466    0.038763    413      8938     
 4823.38 1666    35050    1.4459     1.48465    0.0387432   417      8951     
 4838.08 1669    35107    1.4459     1.48464    0.0387353   431      8968     
 4850.77 1671    35150    1.4459     1.48464    0.0387349   432      8979     
 4868.51 1674    35207    1.4459     1.48464    0.0387343   433      8994     
 4879.51 1676    35250    1.4459     1.48463    0.0387306   427      9003     
 4892.97 1679    35305    1.4459     1.48463    0.03873     429      9014     
 4907.65 1681    35350    1.4459     1.48463    0.03873     423      9024     
 4919.89 1684    35403    1.4459     1.48463    0.0387298   423      9034     
 4935.37 1686    35450    1.4459     1.48463    0.0387297   428      9047     
 4946    1689    35505    1.4459     1.48463    0.0387296   428      9057     
 4960.63 1691    35550    1.4459     1.48463    0.0387283   431      9069     
 4978.49 1694    35609    1.4459     1.48463    0.0387271   418      9085     
 4989.55 1696    35650    1.4459     1.48463    0.038727    417      9094     
 5006.2  1699    35707    1.4459     1.48463    0.0387269   415      9107     
 5019.04 1701    35750    1.4459     1.48463    0.0387268   419      9117     
 5031.33 1704    35805    1.4459     1.48462    0.0387209   419      9126     
 5050.14 1706    35850    1.4459     1.48462    0.0387202   421      9140     
 5065.05 1709    35907    1.4459     1.48462    0.0387199   412      9152     
 5078.25 1711    35950    1.4459     1.48462    0.0387197   409      9162     
 5096.83 1714    36009    1.4459     1.48462    0.0387194   413      9178     
 5105.03 1716    36050    1.4459     1.48462    0.0387193   420      9187     
 5120.48 1719    36107    1.4459     1.48462    0.0387188   416      9201     
 5134.11 1721    36150    1.4459     1.48462    0.038718    418      9212     
 5143.7  1724    36201    1.4459     1.48462    0.0387179   425      9219     
 5160.54 1726    36250    1.4459     1.48462    0.0387172   431      9236     
 5176.22 1729    36303    1.44591    1.48461    0.0387065   431      9247     
 5199.58 1731    36350    1.44591    1.4846     0.0386905   433      9267     
 5216.7  1734    36403    1.44591    1.48459    0.0386767   425      9281     
 5236.03 1736    36450    1.44591    1.48459    0.0386745   418      9298     
 5252.46 1739    36503    1.44592    1.48458    0.0386678   425      9313     
 5272.29 1741    36550    1.44592    1.48458    0.0386621   432      9330     
 5291.9  1744    36601    1.44592    1.48403    0.0381118   441      9347     
 5311.16 1746    36650    1.44592    1.48403    0.0381101   441      9366     
 5329.94 1749    36703    1.44592    1.48403    0.0381098   443      9381     
 5351.64 1751    36750    1.44592    1.48403    0.0381098   443      9400     
 5365.78 1754    36805    1.44592    1.48403    0.0381095   446      9415     
 5382.75 1756    36850    1.44592    1.48403    0.0381079   449      9431     
 5405.25 1759    36905    1.44592    1.48403    0.0381078   450      9449     
 5422.54 1761    36950    1.44592    1.48403    0.0381077   451      9466     
 5446.9  1764    37007    1.44592    1.48403    0.0381077   443      9485     
 5467.57 1766    37050    1.44592    1.48403    0.0381076   443      9502     
 5485.08 1769    37103    1.44592    1.48403    0.0381055   454      9518     
 5508.06 1771    37150    1.44592    1.48403    0.0381055   459      9535     
 5523.88 1774    37203    1.44592    1.48403    0.038105    462      9547     
 5546.28 1776    37250    1.44592    1.48403    0.038105    455      9565     
 5567.27 1779    37305    1.44592    1.48403    0.0381049   459      9580     
 5584.74 1781    37350    1.44592    1.48403    0.038104    460      9598     
 5605.73 1784    37401    1.44592    1.48402    0.0381014   453      9613     
 5630.28 1786    37450    1.44592    1.48402    0.0380973   457      9633     
 5647.66 1789    37505    1.44593    1.48401    0.0380888   464      9648     
 5665.51 1791    37550    1.44593    1.48401    0.0380884   466      9664     
 5684.3  1794    37605    1.44593    1.48401    0.038088    467      9681     
 5706.9  1796    37650    1.44593    1.48401    0.0380856   466      9699     
 5732.39 1799    37705    1.44593    1.48401    0.0380847   459      9716     
 5755.85 1801    37750    1.44593    1.48401    0.0380815   445      9730     
 5778.59 1804    37805    1.44593    1.48401    0.038079    446      9748     
 5792.86 1806    37850    1.44593    1.48401    0.038079    458      9761     
 5815.14 1809    37903    1.44593    1.484      0.0380787   467      9778     
 5835.46 1811    37950    1.44593    1.484      0.0380786   470      9794     
 5857.48 1814    38005    1.44593    1.484      0.0380785   474      9809     
 5879.68 1816    38050    1.44593    1.484      0.0380703   478      9823     
 5900.45 1819    38103    1.44593    1.484      0.0380702   478      9837     
 5921.11 1821    38150    1.44593    1.484      0.0380702   482      9853     
 5939.45 1824    38203    1.44593    1.484      0.0380701   482      9867     
 5959.86 1826    38250    1.44593    1.484      0.0380701   483      9881     
 5982.4  1829    38301    1.44593    1.48399    0.0380677   490      9895     
 6004.1  1831    38350    1.44593    1.48399    0.0380676   483      9910     
Writing policy file: ./4d8647401d01_1834_6019.85.policy
Intermediate policy written(interval: 2000)
 6019.85 1834    38405    1.44593    1.48399    0.0380676   484      9923     
 6031.12 1836    38450    1.44593    1.48399    0.0380675   489      9934     
 6054.51 1839    38507    1.44593    1.48399    0.0380675   486      9951     
 6069.82 1841    38550    1.44593    1.48399    0.0380675   491      9962     
 6087.99 1844    38605    1.44593    1.48399    0.0380674   492      9976     
 6105.52 1846    38650    1.44593    1.48399    0.0380674   484      9988     
 6127.71 1849    38707    1.44593    1.48399    0.0380674   485      10005    
 6145.16 1851    38750    1.44593    1.48399    0.038067    479      10018    
 6171.18 1854    38809    1.44593    1.48399    0.0380647   474      10037    
 6184.78 1856    38850    1.44593    1.48399    0.0380585   470      10047    
 6204.74 1859    38909    1.44593    1.48399    0.0380584   469      10063    
 6222.52 1861    38950    1.44593    1.48399    0.0380584   459      10075    
 6245.41 1864    39009    1.44593    1.48399    0.0380583   460      10091    
 6260.68 1866    39050    1.44593    1.48399    0.0380583   465      10101    
 6282.23 1869    39107    1.44593    1.48399    0.0380582   456      10113    
 6298.67 1871    39150    1.44593    1.48399    0.0380582   452      10125    
 6323.77 1874    39205    1.44593    1.48399    0.0380581   445      10141    
 6347.88 1876    39250    1.44593    1.48399    0.0380581   452      10157    
 6364.15 1879    39303    1.44593    1.48399    0.038058    450      10171    
 6382.44 1881    39350    1.44593    1.48399    0.038058    458      10185    
 6404.66 1884    39405    1.44593    1.48399    0.038058    463      10201    
 6423.93 1886    39450    1.44593    1.48399    0.0380579   460      10213    
 6446.92 1889    39503    1.44593    1.48399    0.0380579   471      10228    
 6465.88 1891    39550    1.44593    1.48399    0.0380579   474      10245    
 6486.29 1894    39600    1.44593    1.48399    0.0380576   473      10256    
 6503.11 1897    39655    1.44593    1.48399    0.0380544   460      10269    
 6518.03 1899    39700    1.44593    1.48399    0.0380543   462      10281    
 6537.35 1902    39759    1.44593    1.48399    0.0380543   464      10298    
 6548.19 1904    39803    1.44593    1.48399    0.0380542   468      10312    
 6566.69 1906    39850    1.44593    1.48399    0.0380542   464      10325    
 6588    1909    39901    1.44593    1.48399    0.0380541   462      10337    
 6613.53 1911    39950    1.44593    1.48399    0.038054    458      10354    
 6624.49 1914    40000    1.44593    1.48398    0.0380506   456      10361    
 6649.6  1917    40059    1.44593    1.48398    0.0380505   452      10378    
 6665.88 1919    40100    1.44593    1.48398    0.0380505   455      10389    
 6686.74 1922    40153    1.44593    1.48398    0.0380504   453      10403    
 6700.08 1924    40200    1.44593    1.48398    0.0380504   448      10414    
 6719.77 1927    40255    1.44593    1.48398    0.0380486   454      10427    
 6739.36 1929    40300    1.44593    1.48398    0.0380486   454      10439    
 6762.78 1932    40357    1.44593    1.48398    0.0380465   464      10452    
 6777.24 1934    40400    1.44593    1.48398    0.0380465   466      10460    
 6792.01 1937    40455    1.44593    1.48398    0.0380465   469      10472    
 6810.79 1939    40500    1.44593    1.48398    0.0380464   468      10485    
 6834.89 1942    40555    1.44593    1.48398    0.0380461   462      10500    
 6852.46 1944    40600    1.44593    1.48398    0.0380461   461      10513    
 6880.34 1947    40659    1.44593    1.48398    0.038046    458      10532    
 6896.03 1949    40700    1.44593    1.48398    0.0380458   457      10542    
 6914.45 1952    40753    1.44594    1.48398    0.0380444   450      10555    
 6933.03 1954    40800    1.44594    1.48398    0.0380444   452      10566    
 6954.12 1957    40853    1.44594    1.48398    0.0380439   452      10578    
 6970.47 1959    40900    1.44594    1.48398    0.0380438   451      10590    
 6982.38 1962    40950    1.44594    1.48398    0.0380437   446      10598    
 7005.9  1965    41005    1.44594    1.48398    0.03804     439      10613    
 7019.56 1967    41050    1.44594    1.48398    0.0380399   441      10624    
 7041.43 1970    41105    1.44594    1.48398    0.0380369   446      10640    
 7057.03 1972    41150    1.44594    1.48398    0.0380368   449      10651    
 7081.65 1975    41201    1.44594    1.48397    0.0380344   446      10668    
 7113.56 1978    41250    1.44594    1.48396    0.0380221   455      10690    
 7131.01 1980    41301    1.44594    1.48394    0.0379995   464      10701    
 7151.11 1982    41350    1.44639    1.4826     0.0362067   464      10717    
 7170.49 1985    41409    1.44639    1.4826     0.0362065   460      10731    
 7186.57 1987    41453    1.44639    1.48259    0.0361975   459      10744    
 7200.7  1989    41500    1.44639    1.48259    0.0361975   459      10753    
 7224.11 1992    41559    1.44639    1.48259    0.0361975   462      10766    
 7240.31 1994    41605    1.44639    1.48259    0.0361975   464      10777    
 7253.66 1996    41650    1.44639    1.48259    0.0361975   468      10787    
 7270.72 1998    41700    1.44639    1.48259    0.0361956   465      10801    
 7286.43 2001    41759    1.44639    1.48259    0.0361955   465      10814    
 7297.54 2003    41801    1.44639    1.48259    0.0361955   465      10822    
 7317.5  2005    41850    1.44639    1.48259    0.0361955   463      10833    
 7338.29 2008    41905    1.44639    1.48259    0.0361954   473      10845    
 7354.52 2010    41950    1.44639    1.48259    0.0361954   472      10853    
 7377.05 2012    42000    1.44639    1.48259    0.0361953   469      10865    
 7395.23 2015    42055    1.44639    1.48259    0.0361953   474      10875    
 7406.4  2017    42100    1.44639    1.48259    0.0361953   472      10883    
 7427.92 2019    42150    1.44639    1.48258    0.0361895   471      10897    
 7451.28 2022    42209    1.44639    1.48258    0.0361894   477      10914    
 7467.13 2024    42253    1.44639    1.48258    0.0361894   477      10924    
 7480.53 2026    42300    1.44639    1.48258    0.0361894   477      10935    
 7498.65 2028    42350    1.4464     1.48258    0.0361892   479      10946    
 7514.75 2031    42405    1.4464     1.48258    0.0361892   475      10956    
 7533.61 2033    42450    1.4464     1.48258    0.0361892   479      10967    
 7561.99 2035    42500    1.4464     1.48258    0.0361891   472      10986    
 7583.12 2038    42559    1.4464     1.48258    0.0361891   484      11000    
 7596.53 2040    42603    1.4464     1.48258    0.0361891   488      11008    
 7611.82 2042    42650    1.4464     1.48258    0.0361891   484      11016    
 7634.99 2044    42700    1.4464     1.48258    0.036189    492      11031    
 7655.71 2047    42755    1.4464     1.48258    0.036189    491      11045    
 7670.24 2049    42801    1.4464     1.48258    0.03618     475      11059    
 7693.5  2051    42850    1.4464     1.48257    0.0361778   476      11074    
 7712.02 2054    42907    1.4464     1.48257    0.0361777   484      11088    
 7728.92 2056    42950    1.4464     1.48257    0.0361777   483      11098    
 7751.08 2058    43000    1.4464     1.48257    0.0361771   491      11114    
 7775.92 2061    43059    1.4464     1.48257    0.0361704   494      11129    
 7790.37 2063    43101    1.4464     1.48257    0.0361703   498      11139    
 7807.67 2065    43150    1.4464     1.48257    0.0361703   492      11147    
 7827.48 2068    43207    1.4464     1.48257    0.0361703   490      11159    
 7842.88 2070    43250    1.4464     1.48257    0.0361702   498      11169    
 7858.97 2072    43300    1.4464     1.48257    0.0361702   497      11180    
 7877.63 2075    43357    1.4464     1.48257    0.0361701   496      11191    
 7895.11 2077    43401    1.4464     1.48257    0.0361701   488      11201    
 7909.88 2079    43450    1.4464     1.48257    0.0361701   492      11210    
 7930.41 2082    43509    1.4464     1.48257    0.0361701   499      11223    
 7946.56 2084    43551    1.4464     1.48256    0.0361614   499      11233    
 7967.21 2086    43600    1.4464     1.48256    0.0361587   499      11247    
 7991.02 2088    43650    1.4464     1.48256    0.0361587   503      11262    
 8009.91 2091    43705    1.4464     1.48256    0.0361587   509      11272    
Writing policy file: ./4d8647401d01_2093_8026.78.policy
Intermediate policy written(interval: 2000)
 8026.77 2093    43750    1.4464     1.48256    0.0361586   512      11284    
 8054.54 2095    43800    1.4464     1.48256    0.0361586   513      11299    
 8081.51 2098    43859    1.4464     1.48256    0.0361571   523      11316    
 8100.8  2100    43903    1.4464     1.48255    0.0361563   516      11326    
 8115.02 2102    43950    1.4464     1.48255    0.0361546   516      11335    
 8141.75 2105    44011    1.4464     1.48255    0.0361537   522      11352    
 8160.36 2107    44053    1.4464     1.48255    0.0361513   528      11363    
 8175.83 2109    44100    1.4464     1.48255    0.0361512   530      11373    
 8204.37 2112    44159    1.4464     1.48255    0.0361512   523      11388    
 8215.94 2114    44203    1.4464     1.48255    0.0361512   526      11398    
 8236.76 2116    44250    1.4464     1.48255    0.0361512   527      11411    
 8256.62 2118    44300    1.4464     1.48255    0.036151    523      11423    
 8275.35 2121    44357    1.4464     1.48255    0.036149    521      11435    
 8292.46 2123    44401    1.4464     1.48254    0.0361441   527      11448    
 8316.25 2125    44450    1.4464     1.48254    0.0361427   532      11463    
 8343.37 2127    44500    1.4464     1.48254    0.0361426   538      11480    
 8367.69 2130    44557    1.4464     1.48254    0.0361424   540      11493    
 8383.18 2132    44600    1.4464     1.48254    0.0361424   537      11504    
 8408.1  2134    44650    1.4464     1.48254    0.0361423   545      11522    
 8428.99 2137    44700    1.4464     1.48254    0.0361422   537      11536    
 8447.84 2139    44755    1.4464     1.48254    0.0361374   533      11547    
 8468.75 2141    44800    1.4464     1.48254    0.0361373   530      11557    
 8493.03 2143    44850    1.4464     1.48254    0.0361371   535      11571    
 8514.65 2146    44907    1.4464     1.48254    0.0361371   523      11583    
 8535.09 2148    44953    1.4464     1.48254    0.0361371   515      11594    
 8553.8  2150    45000    1.4464     1.48254    0.0361371   515      11604    
 8572.86 2152    45050    1.4464     1.48254    0.036137    516      11619    
 8593.13 2155    45103    1.4464     1.48254    0.0361368   513      11630    
 8615.47 2157    45150    1.4464     1.48254    0.0361367   515      11642    
 8638.78 2159    45200    1.4464     1.48254    0.0361365   494      11658    
 8655.77 2162    45257    1.4464     1.48254    0.0361364   488      11670    
 8673.2  2164    45300    1.4464     1.48254    0.0361364   500      11680    
 8695.43 2166    45350    1.4464     1.48254    0.0361364   487      11694    
 8712.34 2169    45405    1.4464     1.48254    0.0361361   491      11706    
 8731.22 2171    45450    1.4464     1.48254    0.036136    492      11719    
 8748.8  2174    45507    1.4464     1.48254    0.036136    499      11732    
 8766.72 2176    45550    1.4464     1.48254    0.0361359   501      11741    
 8789.94 2178    45600    1.4464     1.48254    0.0361357   505      11758    
 8811.62 2181    45661    1.4464     1.48254    0.0361357   511      11774    
 8833.95 2183    45705    1.4464     1.48254    0.0361357   514      11786    
 8850.74 2185    45750    1.4464     1.48254    0.0361357   507      11795    
 8873.8  2187    45800    1.4464     1.48254    0.0361356   509      11811    
 8891.2  2190    45855    1.4464     1.48254    0.0361352   557      11824    
 8909.53 2192    45900    1.4464     1.48254    0.0361351   523      11834    
 8931.14 2195    45959    1.4464     1.48254    0.0361351   570      11849    
 8945.5  2197    46003    1.4464     1.48253    0.0361316   614      11859    
 8976.85 2199    46050    1.4464     1.48253    0.0361251   529      11875    
 8996.34 2202    46105    1.4464     1.48253    0.0361227   578      11890    
 9026.52 2204    46150    1.4464     1.48252    0.0361194   537      11907    
 9051.6  2207    46200    1.4464     1.48252    0.0361162   587      11925    
 9062.74 2209    46253    1.4464     1.48252    0.0361149   637      11935    
 9082.55 2211    46300    1.4464     1.48251    0.0361086   561      11948    
 9104.94 2214    46357    1.4464     1.48251    0.0361066   612      11963    
 9122.14 2216    46400    1.4464     1.48251    0.0361061   655      11977    
 9158.49 2218    46450    1.4464     1.48251    0.0361054   562      11996    
 9183.3  2221    46505    1.4464     1.48249    0.0360887   617      12013    
 9199.48 2223    46550    1.4464     1.48247    0.0360688   656      12026    
 9218.46 2225    46600    1.4464     1.48247    0.0360673   695      12042    
 9245.21 2228    46657    1.4464     1.48247    0.0360661   573      12057    
 9261.09 2230    46700    1.4464     1.48247    0.0360657   616      12069    
 9277.59 2232    46750    1.4464     1.48247    0.0360652   661      12083    
 9295.74 2235    46803    1.4464     1.48247    0.0360652   705      12095    
 9310.35 2237    46850    1.4464     1.48247    0.0360651   752      12107    
 9342.56 2240    46900    1.4464     1.48247    0.0360651   567      12124    
 9357.77 2242    46953    1.4464     1.48247    0.0360651   620      12134    
 9368.5  2244    47000    1.4464     1.48247    0.0360651   655      12142    
 9386.99 2247    47059    1.44641    1.48247    0.036065    699      12157    
 9398.9  2249    47101    1.44641    1.48247    0.0360621   730      12166    
 9416.06 2251    47150    1.44641    1.48247    0.036062    779      12178    
 9431.4  2254    47205    1.44641    1.48247    0.0360618   812      12188    
 9464.2  2256    47250    1.44641    1.48246    0.0360587   522      12199    
 9482.83 2258    47300    1.44641    1.48246    0.0360579   572      12214    
 9493.67 2261    47355    1.44641    1.48246    0.0360578   617      12225    
 9508.38 2263    47401    1.44641    1.48246    0.0360578   652      12236    
 9527.03 2265    47450    1.44641    1.48246    0.0360564   692      12250    
 9541.61 2268    47501    1.44641    1.48246    0.0360563   743      12260    
 9550.8  2270    47550    1.44641    1.48246    0.0360543   772      12267    
 9565.1  2272    47600    1.44641    1.48246    0.0360543   805      12279    
 9596.26 2275    47655    1.44641    1.48246    0.0360543   544      12290    
 9610.89 2277    47700    1.44641    1.48246    0.0360538   589      12302    
 9627.11 2279    47750    1.44641    1.48246    0.0360538   627      12313    
 9639.16 2282    47801    1.44641    1.48246    0.0360538   653      12321    
 9655.49 2284    47850    1.44641    1.48246    0.0360517   683      12331    
 9672.45 2287    47905    1.44641    1.48246    0.0360499   738      12342    
 9691.57 2289    47950    1.44641    1.48246    0.0360498   769      12353    
 9711.66 2291    48000    1.44641    1.48246    0.0360498   805      12367    
 9727.21 2294    48055    1.44641    1.48246    0.0360498   860      12377    
 9759.52 2296    48100    1.44641    1.48246    0.0360496   569      12387    
 9782.53 2299    48157    1.44641    1.48245    0.0360479   614      12403    
 9798.44 2301    48201    1.44641    1.48245    0.0360479   658      12414    
 9810.49 2303    48250    1.44641    1.48245    0.0360478   696      12423    
 9822.79 2305    48300    1.44641    1.48245    0.0360474   730      12438    
 9833.57 2308    48357    1.44641    1.48245    0.0360474   787      12449    
 9845.01 2310    48400    1.44641    1.48245    0.0360474   813      12458    
 9861.92 2312    48450    1.44641    1.48245    0.0360474   845      12471    
 9872.52 2315    48501    1.44641    1.48245    0.0360473   896      12478    
 9889.92 2317    48550    1.44641    1.48245    0.0360473   923      12488    
 9922.49 2320    48605    1.44641    1.48245    0.0360473   577      12500    
 9933.53 2322    48650    1.44641    1.48245    0.0360411   622      12511    
 9949.26 2324    48700    1.44641    1.48245    0.0360411   664      12524    
 9965.35 2327    48755    1.44641    1.48245    0.0360411   701      12534    
 9974    2329    48800    1.44641    1.48245    0.0360409   746      12545    
 9989.61 2331    48850    1.44641    1.48245    0.0360409   778      12557    
 10006.2 2334    48905    1.44641    1.48245    0.0360409   820      12567    
 10019.5 2336    48950    1.44641    1.48245    0.0360409   865      12576    
Writing policy file: ./4d8647401d01_2339_10039.8.policy
Intermediate policy written(interval: 2000)
 10039.7 2339    49009    1.44641    1.48245    0.0360409   903      12589    
-------------------------------------------------------------------------------

SARSOP finishing ...
  Preset timeout reached
  Timeout     : 10000.000000s
  Actual Time : 10039.740000s

-------------------------------------------------------------------------------
 Time   |#Trial |#Backup |LBound    |UBound    |Precision  |#Alphas |#Beliefs  
-------------------------------------------------------------------------------
 10039.8 2339    49009    1.44641    1.48245    0.0360409   893      12589    
-------------------------------------------------------------------------------

Writing out policy ...
  output file : ./4d8647401d01.policyx

