
Loading the model ...
  input file   : /home/rstudio/pomdp-solutions-library/4d891c136b14.pomdpx
  loading time : 0.12s 

SARSOP initializing ...
  initialization time : 3.64s

-------------------------------------------------------------------------------
 Time   |#Trial |#Backup |LBound    |UBound    |Precision  |#Alphas |#Beliefs  
-------------------------------------------------------------------------------
 3.64    0       0        0.83609    2.22387    1.38778     30       1        
 3.66    2       50       1.50162    2.14602    0.644405    10       15       
 3.66    4       100      1.72487    2.14588    0.421005    18       16       
 3.67    6       150      1.87181    2.14582    0.27401     24       16       
 3.68    8       200      1.95724    2.14567    0.188431    36       17       
 3.68    10      250      2.00626    2.1456     0.139341    47       17       
 3.69    12      300      2.04702    2.14568    0.0986643   48       19       
 3.71    14      350      2.06759    2.14504    0.0774486   67       22       
 3.72    16      400      2.08443    2.14435    0.059923    81       26       
 3.74    18      450      2.09629    2.14401    0.0477259   100      27       
 3.75    20      500      2.10705    2.14373    0.0366812   126      28       
 3.77    22      550      2.11493    2.14368    0.0287465   146      28       
 3.8     24      600      2.11995    2.14352    0.023568    172      32       
 3.83    27      650      2.12404    2.14306    0.0190281   206      37       
 3.88    29      705      2.12869    2.14234    0.0136491   249      41       
 3.91    31      753      2.13187    2.14217    0.0103052   274      41       
 3.96    33      801      2.13338    2.14203    0.00864623  302      48       
 4.03    35      871      2.13464    2.14193    0.00728478  348      53       
 4.06    36      900      2.13525    2.14172    0.00647005  377      54       
 4.13    39      959      2.13674    2.14144    0.00470026  385      59       
 4.18    40      1007     2.13725    2.14142    0.0041687   401      59       
 4.24    42      1051     2.13781    2.14135    0.00354515  440      63       
 4.33    44      1100     2.13825    2.14131    0.00305947  476      69       
 4.42    46      1163     2.13875    2.14125    0.00250022  508      71       
 4.49    48      1207     2.13924    2.14122    0.00198626  552      75       
 4.56    49      1250     2.13935    2.14118    0.00183291  581      78       
 4.65    51      1300     2.13947    2.14118    0.00170775  613      81       
 4.77    52      1350     2.13969    2.14115    0.00145853  617      87       
 4.9     54      1400     2.13984    2.14113    0.00128496  667      95       
 5.02    56      1450     2.14002    2.14111    0.00109094  703      100      
 5.14    58      1503     2.14016    2.1411     0.000937998 738      103      
 5.26    60      1550     2.14026    2.14106    0.000798888 785      111      
 5.5     62      1600     2.1403     2.14104    0.000745652 797      124      
 5.62    63      1650     2.14034    2.14104    0.000693978 813      126      
 5.8     66      1700     2.14039    2.14102    0.000630692 863      135      
 5.98    68      1750     2.14046    2.14101    0.000548022 894      140      
 6.22    69      1811     2.1405     2.141      0.00049672  930      146      
 6.42    71      1859     2.14054    2.14099    0.00044512  978      153      
 6.57    72      1907     2.14056    2.14098    0.000420329 980      153      
 6.77    74      1957     2.1406     2.14098    0.000373041 1030     159      
 7.14    76      2011     2.14062    2.14097    0.000355135 1038     172      
 7.26    77      2061     2.14062    2.14097    0.000344402 1088     173      
 7.49    79      2111     2.14064    2.14097    0.000323472 1138     178      
 7.68    80      2161     2.14065    2.14096    0.000309996 1135     181      
 7.93    82      2200     2.14065    2.14095    0.000300749 1174     189      
 8.23    84      2261     2.14067    2.14095    0.000280683 1183     194      
 8.39    85      2309     2.14067    2.14095    0.00027325  1231     194      
 9.11    87      2357     2.14068    2.14094    0.000260434 326      207      
 9.27    89      2403     2.14069    2.14094    0.00024339  353      222      
 9.35    90      2451     2.1407     2.14094    0.000234016 393      226      
 9.46    92      2500     2.14072    2.14093    0.000211529 419      232      
 9.53    93      2550     2.14073    2.14093    0.000197083 425      233      
 9.78    95      2600     2.14073    2.14093    0.000193647 444      252      
 9.91    97      2653     2.14074    2.14093    0.000184702 469      257      
 10.14   99      2703     2.14074    2.14092    0.000179409 490      271      
 10.24   100     2750     2.14074    2.14092    0.000175499 537      275      
 10.37   102     2801     2.14075    2.14092    0.000166032 542      279      
 10.58   104     2850     2.14075    2.14091    0.000158864 572      290      
 10.66   105     2900     2.14076    2.14091    0.000155183 573      293      
 10.87   107     2950     2.14076    2.14091    0.000145924 623      303      
 11.07   109     3000     2.14076    2.1409     0.000138285 645      311      
 11.38   111     3050     2.14077    2.1409     0.000133753 266      319      
 11.47   112     3100     2.14077    2.1409     0.000128987 285      323      
 11.64   114     3150     2.14077    2.1409     0.000125254 304      335      
 11.81   116     3200     2.14078    2.14089    0.000116584 337      347      
 12.06   118     3250     2.14078    2.14089    0.000111339 177      361      
 12.15   119     3300     2.14078    2.14089    0.000108253 198      367      
 12.25   121     3367     2.14078    2.14089    0.000104591 131      370      
 12.41   122     3400     2.14078    2.14089    0.0001022   111      384      
 12.54   124     3450     2.14079    2.14089    0.000100526 105      394      
 12.72   126     3503     2.14079    2.14088    9.8565e-05  99       409      
 12.86   128     3555     2.14079    2.14088    9.80115e-05 92       419      
 13.05   130     3607     2.14079    2.14088    9.43764e-05 69       434      
 13.08   131     3657     2.14079    2.14088    9.29421e-05 58       434      
 13.23   133     3705     2.14079    2.14088    9.03123e-05 54       445      
 13.31   135     3753     2.14079    2.14088    8.80502e-05 49       450      
 13.35   136     3800     2.14079    2.14088    8.68763e-05 51       451      
 13.46   138     3850     2.14079    2.14088    8.3791e-05  47       458      
 13.59   140     3900     2.1408     2.14088    8.08248e-05 50       469      
 13.75   142     3951     2.1408     2.14087    7.53517e-05 45       481      
 13.9    144     4001     2.1408     2.14087    7.29321e-05 47       492      
 14.15   146     4055     2.1408     2.14087    7.03873e-05 44       510      
 14.19   147     4105     2.1408     2.14087    6.83714e-05 41       510      
 14.36   149     4155     2.1408     2.14087    6.70247e-05 41       521      
 14.56   151     4207     2.1408     2.14087    6.54793e-05 40       535      
 14.65   152     4250     2.1408     2.14087    6.5424e-05  40       539      
 14.81   154     4305     2.1408     2.14087    6.25979e-05 36       549      
 15.04   156     4359     2.1408     2.14087    6.08096e-05 35       563      
 15.29   158     4411     2.14081    2.14086    5.94336e-05 38       578      
 15.5    159     4450     2.14081    2.14086    5.82712e-05 42       589      
 15.78   161     4500     2.14081    2.14086    5.61765e-05 36       605      
 15.91   163     4550     2.14081    2.14086    5.51509e-05 38       611      
 16.03   165     4600     2.14081    2.14086    5.47509e-05 38       616      
 16.35   167     4650     2.14081    2.14086    5.28786e-05 36       632      
 16.53   169     4717     2.14081    2.14086    5.09907e-05 37       640      
 16.6    170     4750     2.14081    2.14086    4.97935e-05 39       642      
 17.01   172     4800     2.14081    2.14086    4.76729e-05 38       660      
 17.33   174     4850     2.14081    2.14086    4.68814e-05 37       675      
 17.55   176     4900     2.14081    2.14086    4.57969e-05 41       683      
 17.79   178     4950     2.14081    2.14086    4.44656e-05 40       692      
 18.04   180     5000     2.14081    2.14086    4.27071e-05 40       702      
 18.26   182     5051     2.14081    2.14086    4.15059e-05 41       710      
 18.5    184     5103     2.14081    2.14085    4.01855e-05 39       719      
 18.74   186     5151     2.14081    2.14085    3.96516e-05 39       728      
 18.91   188     5200     2.14081    2.14085    3.92388e-05 39       733      
 19.19   190     5273     2.14082    2.14085    3.82617e-05 35       743      
 19.44   191     5300     2.14082    2.14085    3.76582e-05 37       752      
 19.56   193     5350     2.14082    2.14085    3.70954e-05 41       755      
 19.83   195     5401     2.14082    2.14085    3.5283e-05  39       765      
 20.35   197     5453     2.14082    2.14085    3.41439e-05 36       786      
 20.43   199     5507     2.14082    2.14085    3.3199e-05  35       787      
 20.81   201     5559     2.14082    2.14085    3.25555e-05 38       802      
 20.86   202     5607     2.14082    2.14085    3.19622e-05 42       802      
 21.5    204     5663     2.14082    2.14085    3.08346e-05 40       827      
 21.86   205     5700     2.14082    2.14085    3.04616e-05 39       839      
 22.15   207     5750     2.14082    2.14085    2.98687e-05 39       849      
 22.66   209     5800     2.14082    2.14085    2.94394e-05 39       867      
 23.02   211     5850     2.14082    2.14085    2.90083e-05 40       879      
 23.45   213     5901     2.14082    2.14085    2.89944e-05 40       893      
 23.84   215     5955     2.14082    2.14085    2.8246e-05  40       905      
 24.13   217     6009     2.14082    2.14085    2.76054e-05 35       913      
 24.59   219     6050     2.14082    2.14085    2.72584e-05 38       928      
 24.71   220     6100     2.14082    2.14085    2.68361e-05 38       930      
 24.78   222     6159     2.14082    2.14085    2.61929e-05 38       930      
 25.44   224     6209     2.14082    2.14085    2.5385e-05  39       951      
 25.95   226     6261     2.14082    2.14085    2.48242e-05 38       966      
 26.4    228     6311     2.14082    2.14085    2.44146e-05 41       979      
 26.91   229     6350     2.14082    2.14084    2.4191e-05  38       994      
 27.39   231     6400     2.14082    2.14084    2.37964e-05 38       1007     
 27.64   233     6450     2.14082    2.14084    2.34176e-05 38       1012     
 28.09   235     6500     2.14082    2.14084    2.28982e-05 41       1023     
 28.25   237     6550     2.14082    2.14084    2.15993e-05 39       1025     
 28.53   239     6621     2.14082    2.14084    2.13775e-05 43       1031     
 28.8    240     6650     2.14082    2.14084    2.1082e-05  43       1037     
 29.29   242     6703     2.14082    2.14084    2.09687e-05 42       1048     
 29.49   244     6753     2.14082    2.14084    2.09097e-05 43       1051     
 29.96   246     6803     2.14082    2.14084    2.09075e-05 43       1062     
 30.41   248     6850     2.14082    2.14084    2.03852e-05 44       1072     
 31.22   250     6900     2.14082    2.14084    1.98027e-05 43       1092     
 31.73   252     6953     2.14082    2.14084    1.97273e-05 45       1103     
 32.25   254     7001     2.14082    2.14084    1.90408e-05 44       1114     
 32.82   256     7057     2.14082    2.14084    1.86029e-05 43       1126     
 33.75   258     7109     2.14082    2.14084    1.82909e-05 45       1147     
 33.84   259     7157     2.14082    2.14084    1.80846e-05 45       1148     
 34.81   261     7213     2.14082    2.14084    1.77609e-05 47       1169     
 35.33   262     7250     2.14082    2.14084    1.75303e-05 50       1179     
 35.44   263     7300     2.14082    2.14084    1.68207e-05 45       1180     
 36.19   264     7350     2.14082    2.14084    1.65697e-05 46       1195     
 37.38   265     7409     2.14082    2.14084    1.65467e-05 45       1220     
 38.08   266     7463     2.14082    2.14084    1.64097e-05 46       1233     
 38.35   267     7500     2.14082    2.14084    1.60901e-05 44       1236     
 39.8    268     7550     2.14082    2.14084    1.5865e-05  46       1264     
 40.61   270     7611     2.14082    2.14084    1.55926e-05 46       1277     
 41.3    271     7655     2.14082    2.14084    1.55912e-05 45       1289     
 42.07   273     7709     2.14082    2.14084    1.50574e-05 45       1301     
 43.18   274     7767     2.14082    2.14084    1.49831e-05 46       1319     
 44.2    275     7821     2.14082    2.14084    1.49796e-05 47       1336     
 45.01   276     7873     2.14082    2.14084    1.49549e-05 45       1349     
 46.36   276     7900     2.14082    2.14084    1.49549e-05 47       1373     
 47.52   278     7950     2.14082    2.14084    1.49398e-05 45       1390     
 48.26   279     8013     2.14082    2.14084    1.46097e-05 44       1399     
 48.48   280     8061     2.14082    2.14084    1.41525e-05 47       1401     
 49.76   281     8111     2.14082    2.14084    1.39032e-05 47       1420     
 50.89   282     8163     2.14082    2.14084    1.37646e-05 47       1436     
 51.88   283     8203     2.14082    2.14084    1.37538e-05 48       1450     
 52.77   284     8251     2.14082    2.14084    1.37454e-05 48       1463     
 54.06   285     8300     2.14082    2.14084    1.37371e-05 53       1481     
 54.48   286     8350     2.14082    2.14084    1.32025e-05 53       1485     
 55.86   287     8400     2.14082    2.14084    1.29666e-05 54       1503     
 57.14   288     8450     2.14082    2.14084    1.28265e-05 52       1519     
 58.64   289     8500     2.14082    2.14084    1.26126e-05 51       1538     
 59.95   290     8550     2.14082    2.14084    1.24381e-05 52       1555     
 60.96   292     8609     2.14082    2.14084    1.2254e-05  52       1566     
 62.28   293     8663     2.14082    2.14084    1.21586e-05 52       1582     
 64.15   294     8717     2.14082    2.14084    1.19351e-05 51       1605     
 65.46   295     8763     2.14082    2.14084    1.19083e-05 51       1619     
 67.19   296     8817     2.14082    2.14084    1.18921e-05 53       1640     
 68.44   297     8850     2.14082    2.14084    1.17261e-05 53       1654     
 69.97   298     8900     2.14082    2.14084    1.15608e-05 52       1672     
 71.48   300     8963     2.14082    2.14084    1.14657e-05 53       1688     
 72.14   301     9000     2.14082    2.14084    1.14571e-05 53       1695     
 73.82   302     9050     2.14082    2.14084    1.12425e-05 53       1713     
 75.49   303     9100     2.14082    2.14084    1.10757e-05 53       1731     
 77.32   304     9150     2.14082    2.14084    1.10647e-05 52       1749     
 77.65   305     9200     2.14082    2.14084    1.09248e-05 49       1752     
 79.47   306     9250     2.14082    2.14084    1.07363e-05 49       1773     
 82.37   308     9300     2.14082    2.14084    1.06105e-05 49       1807     
 83.11   309     9363     2.14083    2.14084    1.04189e-05 49       1814     
 85.08   310     9411     2.14083    2.14084    1.02609e-05 50       1834     
 86.34   311     9450     2.14083    2.14084    1.00996e-05 46       1847     
 88.25   312     9500     2.14083    2.14084    9.97956e-06 47       1866     
 90.04   313     9550     2.14083    2.14084    9.97287e-06 47       1885     
 91.92   315     9615     2.14083    2.14084    9.80987e-06 47       1902     
 93.12   316     9663     2.14083    2.14083    9.65455e-06 48       1914     
 94.67   317     9713     2.14083    2.14083    9.61783e-06 49       1928     
 97.07   318     9769     2.14083    2.14083    9.60943e-06 52       1953     
 97.86   319     9800     2.14083    2.14083    9.41659e-06 51       1959     
 99.75   320     9850     2.14083    2.14083    9.27659e-06 50       1977     
 101.97  321     9900     2.14083    2.14083    9.2714e-06  50       1997     
 103.35  322     9950     2.14083    2.14083    9.06371e-06 51       2010     
 105.05  323     10001    2.14083    2.14083    9.01073e-06 50       2026     
 106.79  324     10050    2.14083    2.14083    9.00133e-06 50       2041     
 108.65  325     10103    2.14083    2.14083    8.84821e-06 50       2058     
 110.97  326     10151    2.14083    2.14083    8.74552e-06 51       2078     
 113.14  327     10203    2.14083    2.14083    8.63452e-06 49       2098     
 115.76  328     10250    2.14083    2.14083    8.36555e-06 49       2121     
 116.39  329     10300    2.14083    2.14083    8.24396e-06 50       2125     
 117.65  330     10350    2.14083    2.14083    8.14525e-06 50       2136     
 119.91  332     10417    2.14083    2.14083    8.00856e-06 50       2154     
 121.74  333     10453    2.14083    2.14083    7.90254e-06 50       2170     
 123.95  334     10503    2.14083    2.14083    7.89987e-06 50       2187     
 125.64  335     10555    2.14083    2.14083    7.83078e-06 50       2201     
 128     336     10601    2.14083    2.14083    7.73861e-06 50       2221     
 130.64  337     10650    2.14083    2.14083    7.72903e-06 51       2242     
 133.37  339     10721    2.14083    2.14083    7.5147e-06  50       2265     
 136.25  340     10773    2.14083    2.14083    7.43406e-06 50       2288     
 138.05  341     10800    2.14083    2.14083    7.43406e-06 51       2303     
 140.71  341     10850    2.14083    2.14083    7.39054e-06 49       2325     
 142.71  342     10900    2.14083    2.14083    7.28516e-06 49       2339     
 144.57  343     10950    2.14083    2.14083    7.28354e-06 49       2353     
 146.64  344     11000    2.14083    2.14083    7.18936e-06 49       2369     
 149.08  345     11057    2.14083    2.14083    7.10392e-06 49       2386     
 150.57  346     11100    2.14083    2.14083    7.09552e-06 49       2397     
 154.09  348     11175    2.14083    2.14083    6.90187e-06 49       2422     
 155.66  349     11203    2.14083    2.14083    6.89691e-06 49       2434     
 157.81  350     11257    2.14083    2.14083    6.83213e-06 48       2450     
 160.32  351     11303    2.14083    2.14083    6.74623e-06 48       2469     
 162.23  352     11355    2.14083    2.14083    6.69818e-06 48       2481     
 165.19  353     11400    2.14083    2.14083    6.57429e-06 48       2503     
 167.34  355     11461    2.14083    2.14083    6.46943e-06 48       2516     
 168.34  356     11500    2.14083    2.14083    6.38842e-06 50       2522     
 168.63  357     11550    2.14083    2.14083    6.00787e-06 52       2522     
 171.2   359     11600    2.14083    2.14083    6.00426e-06 53       2540     
 173.55  359     11650    2.14083    2.14083    5.99336e-06 53       2555     
 175.07  360     11700    2.14083    2.14083    5.95155e-06 54       2565     
 177.94  361     11750    2.14083    2.14083    5.94498e-06 54       2584     
 180.89  362     11800    2.14083    2.14083    5.94313e-06 58       2601     
 182.84  363     11850    2.14083    2.14083    5.86912e-06 53       2615     
 185.23  364     11903    2.14083    2.14083    5.86392e-06 53       2633     
 188.74  365     11959    2.14083    2.14083    5.7869e-06  54       2658     
 191.06  366     12015    2.14083    2.14083    5.70764e-06 53       2675     
 195.07  367     12073    2.14083    2.14083    5.65228e-06 52       2702     
 197.52  368     12125    2.14083    2.14083    5.64189e-06 53       2719     
 200.93  368     12150    2.14083    2.14083    5.64189e-06 53       2744     
 201.36  369     12200    2.14083    2.14083    5.55147e-06 53       2745     
 204.78  370     12250    2.14083    2.14083    5.42143e-06 50       2767     
 207.77  371     12300    2.14083    2.14083    5.34399e-06 50       2785     
 210.35  372     12350    2.14083    2.14083    5.33989e-06 50       2802     
 212.27  373     12400    2.14083    2.14083    5.33463e-06 50       2813     
 215.17  374     12450    2.14083    2.14083    5.29664e-06 50       2829     
 217.48  375     12500    2.14083    2.14083    5.29407e-06 50       2843     
 219.64  376     12550    2.14083    2.14083    5.22536e-06 50       2857     
 223.12  377     12601    2.14083    2.14083    5.15613e-06 50       2878     
 225.18  378     12653    2.14083    2.14083    5.09571e-06 50       2891     
 228.72  379     12709    2.14083    2.14083    5.0365e-06  50       2912     
 232.31  380     12765    2.14083    2.14083    4.96953e-06 50       2936     
 235.88  381     12821    2.14083    2.14083    4.89117e-06 49       2959     
 238.9   382     12869    2.14083    2.14083    4.88979e-06 49       2976     
 240.91  383     12921    2.14083    2.14083    4.84493e-06 51       2988     
 244.74  384     12975    2.14083    2.14083    4.77443e-06 50       3010     
 248.3   384     13000    2.14083    2.14083    4.77443e-06 53       3032     
 250.67  385     13050    2.14083    2.14083    4.7677e-06  53       3043     
 253.56  386     13100    2.14083    2.14083    4.72224e-06 54       3060     
 257.47  387     13150    2.14083    2.14083    4.6571e-06  54       3083     
 261.23  389     13223    2.14083    2.14083    4.54878e-06 54       3101     
 265.61  389     13250    2.14083    2.14083    4.54878e-06 55       3127     
 267.1   391     13305    2.14083    2.14083    4.47858e-06 55       3134     
 270.21  393     13357    2.14083    2.14083    4.4481e-06  56       3152     
 273.35  394     13409    2.14083    2.14083    4.44584e-06 56       3167     
 276.24  395     13467    2.14083    2.14083    4.41707e-06 55       3183     
 276.5   396     13515    2.14083    2.14083    4.37173e-06 58       3183     
 279.07  397     13567    2.14083    2.14083    4.32937e-06 58       3197     
 281.61  398     13619    2.14083    2.14083    4.25353e-06 58       3208     
 281.96  399     13650    2.14083    2.14083    4.1992e-06  59       3209     
 285.82  400     13700    2.14083    2.14083    4.12441e-06 57       3230     
 290.09  401     13750    2.14083    2.14083    4.0667e-06  56       3254     
 294.36  403     13811    2.14083    2.14083    4.01333e-06 57       3275     
 296.84  404     13850    2.14083    2.14083    4.01281e-06 57       3289     
 297.1   405     13900    2.14083    2.14083    3.98192e-06 57       3289     
 300.48  406     13950    2.14083    2.14083    3.97988e-06 57       3308     
 303.79  407     14001    2.14083    2.14083    3.94283e-06 57       3324     
 307.19  408     14050    2.14083    2.14083    3.89894e-06 57       3343     
 309.84  409     14100    2.14083    2.14083    3.87237e-06 59       3358     
 313.54  410     14151    2.14083    2.14083    3.84786e-06 59       3379     
 318.44  411     14203    2.14083    2.14083    3.84657e-06 59       3402     
 322.09  412     14250    2.14083    2.14083    3.80344e-06 59       3422     
 325.86  413     14305    2.14083    2.14083    3.80186e-06 59       3442     
 328.94  414     14351    2.14083    2.14083    3.79968e-06 59       3457     
 332.9   415     14400    2.14083    2.14083    3.79954e-06 61       3475     
 336.23  416     14453    2.14083    2.14083    3.75579e-06 59       3492     
 341.1   417     14511    2.14083    2.14083    3.71813e-06 59       3517     
 344.77  418     14550    2.14083    2.14083    3.71718e-06 59       3536     
 348.5   419     14600    2.14083    2.14083    3.71567e-06 57       3552     
 352.37  420     14650    2.14083    2.14083    3.66862e-06 57       3572     
 355.21  421     14701    2.14083    2.14083    3.59193e-06 58       3586     
 360.53  422     14759    2.14083    2.14083    3.53048e-06 58       3613     
 364.15  423     14800    2.14083    2.14083    3.48267e-06 57       3628     
 367.74  424     14850    2.14083    2.14083    3.44437e-06 57       3645     
 372.9   425     14903    2.14083    2.14083    3.40225e-06 56       3669     
 375.91  427     14955    2.14083    2.14083    3.39713e-06 58       3683     
 379.07  429     15000    2.14083    2.14083    3.27084e-06 55       3696     
 383.77  429     15050    2.14083    2.14083    3.23521e-06 55       3721     
 385.96  430     15100    2.14083    2.14083    3.1934e-06  55       3731     
 388.44  431     15150    2.14083    2.14083    3.16988e-06 55       3742     
 392.98  433     15221    2.14083    2.14083    3.16689e-06 55       3760     
 397.02  434     15275    2.14083    2.14083    3.16525e-06 55       3780     
 400.84  435     15317    2.14083    2.14083    3.13157e-06 54       3799     
 403.4   436     15365    2.14083    2.14083    3.09909e-06 54       3810     
 409.23  437     15421    2.14083    2.14083    3.06776e-06 54       3835     
 410.28  438     15450    2.14083    2.14083    3.06729e-06 54       3839     
 413.53  439     15505    2.14083    2.14083    3.03905e-06 52       3854     
 417.3   440     15565    2.14083    2.14083    3.00126e-06 52       3871     
 422.72  441     15619    2.14083    2.14083    2.99977e-06 52       3894     
 426.3   442     15671    2.14083    2.14083    2.97891e-06 52       3911     
 429.46  443     15709    2.14083    2.14083    2.94299e-06 53       3926     
 433.47  444     15765    2.14083    2.14083    2.9173e-06  54       3945     
 438.33  445     15817    2.14083    2.14083    2.8867e-06  55       3968     
 442.1   446     15853    2.14083    2.14083    2.8542e-06  52       3982     
 446.92  447     15900    2.14083    2.14083    2.85305e-06 53       4005     
 450.43  449     15957    2.14083    2.14083    2.82091e-06 53       4020     
 452.11  450     16000    2.14083    2.14083    2.76036e-06 54       4027     
 456.46  451     16050    2.14083    2.14083    2.74329e-06 54       4046     
 462.56  452     16100    2.14083    2.14083    2.71045e-06 53       4070     
 465.77  453     16150    2.14083    2.14083    2.70886e-06 53       4083     
 470.57  454     16200    2.14083    2.14083    2.69567e-06 53       4103     
 475.19  455     16250    2.14083    2.14083    2.66462e-06 53       4122     
 480.41  456     16300    2.14083    2.14083    2.64333e-06 53       4141     
 485.6   457     16350    2.14083    2.14083    2.61745e-06 54       4164     
 490.26  458     16400    2.14083    2.14083    2.61678e-06 53       4185     
 494.16  459     16450    2.14083    2.14083    2.5814e-06  53       4202     
 498.08  460     16500    2.14083    2.14083    2.58038e-06 53       4216     
 502.15  461     16551    2.14083    2.14083    2.57485e-06 54       4234     
 505.95  462     16603    2.14083    2.14083    2.54835e-06 53       4251     
 506.37  463     16650    2.14083    2.14083    2.52522e-06 56       4251     
 511.1   464     16700    2.14083    2.14083    2.37395e-06 55       4272     
 513.76  465     16750    2.14083    2.14083    2.37255e-06 55       4283     
 517.28  466     16800    2.14083    2.14083    2.36594e-06 55       4294     
 521.42  467     16850    2.14083    2.14083    2.341e-06   55       4312     
 526.42  468     16901    2.14083    2.14083    2.30814e-06 54       4334     
 530.65  469     16959    2.14083    2.14083    2.28941e-06 53       4352     
 537.03  470     17017    2.14083    2.14083    2.28636e-06 53       4376     
 541.14  471     17069    2.14083    2.14083    2.28475e-06 53       4394     
 546.58  472     17123    2.14083    2.14083    2.28355e-06 53       4418     
 548.8   473     17157    2.14083    2.14083    2.2597e-06  54       4427     
 551.57  474     17201    2.14083    2.14083    2.24905e-06 54       4438     
 557.22  475     17250    2.14083    2.14083    2.21367e-06 54       4458     
 561.36  476     17303    2.14083    2.14083    2.20396e-06 55       4475     
 565.54  477     17350    2.14083    2.14083    2.17501e-06 54       4490     
 568.4   478     17400    2.14083    2.14083    2.15352e-06 59       4502     
 572.17  479     17450    2.14083    2.14083    2.12827e-06 59       4517     
 578.86  481     17521    2.14083    2.14083    2.06142e-06 58       4540     
 581.85  482     17550    2.14083    2.14083    2.04236e-06 59       4552     
 589     483     17600    2.14083    2.14083    2.04164e-06 59       4583     
 591.88  484     17650    2.14083    2.14083    2.01952e-06 61       4594     
 594.99  485     17700    2.14083    2.14083    2.01786e-06 64       4606     
 600.38  486     17750    2.14083    2.14083    2.01156e-06 61       4627     
 607.6   487     17800    2.14083    2.14083    1.98745e-06 61       4653     
 609.45  488     17850    2.14083    2.14083    1.98715e-06 61       4659     
 614.27  489     17900    2.14083    2.14083    1.96737e-06 62       4678     
 619.19  490     17950    2.14083    2.14083    1.94917e-06 62       4697     
 626.44  491     18000    2.14083    2.14083    1.91674e-06 63       4726     
 631.05  492     18050    2.14083    2.14083    1.8934e-06  63       4740     
 632.72  494     18100    2.14083    2.14083    1.89187e-06 63       4745     
 636.89  495     18159    2.14083    2.14083    1.86075e-06 62       4762     
 641.37  496     18217    2.14083    2.14083    1.85852e-06 62       4780     
 645.82  497     18273    2.14083    2.14083    1.8291e-06  61       4796     
 652.71  498     18323    2.14083    2.14083    1.80696e-06 62       4819     
 658.59  498     18350    2.14083    2.14083    1.80696e-06 60       4843     
 662.06  500     18417    2.14083    2.14083    1.78015e-06 59       4855     
 663.68  501     18450    2.14083    2.14083    1.7738e-06  60       4860     
 669.76  502     18500    2.14083    2.14083    1.75293e-06 62       4882     
 673.16  503     18550    2.14083    2.14083    1.7456e-06  59       4891     
 677.76  504     18600    2.14083    2.14083    1.73264e-06 61       4909     
 684     505     18655    2.14083    2.14083    1.7318e-06  60       4933     
 687.9   506     18709    2.14083    2.14083    1.71602e-06 60       4947     
 693.59  507     18769    2.14083    2.14083    1.71545e-06 61       4969     
 698.2   508     18825    2.14083    2.14083    1.70884e-06 60       4982     
 703.79  508     18850    2.14083    2.14083    1.70884e-06 61       5004     
 705.96  509     18900    2.14083    2.14083    1.69317e-06 57       5011     
 710.64  510     18950    2.14083    2.14083    1.6796e-06  55       5028     
 716.95  511     19013    2.14083    2.14083    1.67708e-06 56       5051     
 724.67  512     19075    2.14083    2.14083    1.65748e-06 56       5075     
 727.71  512     19100    2.14083    2.14083    1.65748e-06 57       5087     
 730.94  514     19161    2.14083    2.14083    1.61986e-06 56       5098     
 731.32  515     19207    2.14083    2.14083    1.59604e-06 59       5098     
 738.05  516     19250    2.14083    2.14083    1.57718e-06 59       5124     
 741.48  518     19303    2.14083    2.14083    1.56295e-06 59       5136     
 747.4   520     19357    2.14083    2.14083    1.54562e-06 59       5158     
 752.17  521     19400    2.14083    2.14083    1.54551e-06 60       5169     
 757.9   522     19450    2.14083    2.14083    1.54108e-06 58       5190     
 765.08  523     19509    2.14083    2.14083    1.5251e-06  61       5215     
 768.48  524     19550    2.14083    2.14083    1.52485e-06 62       5226     
 773.75  525     19600    2.14083    2.14083    1.51647e-06 61       5244     
 780.54  526     19651    2.14083    2.14083    1.49935e-06 60       5268     
 788.36  528     19700    2.14083    2.14083    1.477e-06   61       5292     
 790.21  529     19759    2.14083    2.14083    1.46162e-06 61       5297     
 796     530     19821    2.14083    2.14083    1.44929e-06 60       5317     
 803.27  531     19850    2.14083    2.14083    1.44929e-06 60       5343     
 806.61  531     19900    2.14083    2.14083    1.43284e-06 60       5354     
 812.9   532     19950    2.14083    2.14083    1.43085e-06 60       5372     
 818.35  533     20000    2.14083    2.14083    1.43025e-06 60       5391     
 823.1   534     20050    2.14083    2.14083    1.41292e-06 60       5407     
 829.62  536     20100    2.14083    2.14083    1.41287e-06 59       5429     
 834.18  536     20150    2.14083    2.14083    1.40426e-06 60       5444     
 837.83  537     20200    2.14083    2.14083    1.39182e-06 58       5455     
 845.12  538     20251    2.14083    2.14083    1.37735e-06 58       5476     
 845.56  539     20300    2.14083    2.14083    1.35928e-06 60       5476     
 851.36  540     20355    2.14083    2.14083    1.34773e-06 58       5495     
 856.23  541     20400    2.14083    2.14083    1.33331e-06 58       5511     
 861.91  542     20450    2.14083    2.14083    1.32646e-06 56       5529     
 870.09  543     20509    2.14083    2.14083    1.31337e-06 57       5556     
 875.13  544     20550    2.14083    2.14083    1.31323e-06 57       5569     
 880.72  545     20605    2.14083    2.14083    1.30406e-06 57       5588     
 885.79  546     20663    2.14083    2.14083    1.26278e-06 57       5605     
 893.26  547     20723    2.14083    2.14083    1.26231e-06 57       5629     
 897.06  548     20755    2.14083    2.14083    1.26166e-06 57       5641     
 903.34  549     20817    2.14083    2.14083    1.2602e-06  57       5661     
 907.93  550     20850    2.14083    2.14083    1.26007e-06 57       5672     
 914.12  551     20909    2.14083    2.14083    1.25586e-06 57       5692     
 918.6   552     20950    2.14083    2.14083    1.24022e-06 58       5706     
 923.6   553     21001    2.14083    2.14083    1.22877e-06 58       5722     
 929.49  554     21050    2.14083    2.14083    1.2127e-06  57       5742     
 931.72  555     21100    2.14083    2.14083    1.1979e-06  57       5748     
 939.61  556     21150    2.14083    2.14083    1.18102e-06 56       5769     
 944.92  557     21200    2.14083    2.14083    1.17439e-06 55       5785     
 949.01  558     21250    2.14083    2.14083    1.1642e-06  54       5797     
 958.14  559     21300    2.14083    2.14083    1.16416e-06 55       5826     
 962.19  560     21350    2.14083    2.14083    1.16385e-06 57       5838     
 964.74  562     21417    2.14083    2.14083    1.15473e-06 56       5844     
 968.35  563     21450    2.14083    2.14083    1.1423e-06  57       5854     
 978.36  564     21509    2.14083    2.14083    1.13178e-06 57       5880     
 985.18  565     21571    2.14083    2.14083    1.12251e-06 57       5901     
 993.68  566     21627    2.14083    2.14083    1.11169e-06 57       5927     
 995.82  567     21655    2.14083    2.14083    1.11134e-06 57       5933     
 1000.91 568     21700    2.14083    2.14083    1.09894e-06 57       5947     
 1006.75 569     21750    2.14083    2.14083    1.09047e-06 57       5964     
 1016.13 570     21807    2.14083    2.14083    1.08905e-06 57       5988     
 1023.57 571     21863    2.14083    2.14083    1.07868e-06 57       6011     
 1032.67 572     21921    2.14083    2.14083    1.06611e-06 57       6039     
 1038.3  573     21977    2.14083    2.14083    1.05579e-06 57       6056     
 1044.98 573     22000    2.14083    2.14083    1.05579e-06 56       6076     
 1049.62 574     22050    2.14083    2.14083    1.04432e-06 56       6089     
 1059.23 575     22100    2.14083    2.14083    1.04381e-06 56       6116     
 1065.33 576     22150    2.14083    2.14083    1.03192e-06 56       6135     
 1072.34 577     22200    2.14083    2.14083    1.02012e-06 57       6157     
 1075.59 578     22250    2.14083    2.14083    1.0193e-06  57       6167     
 1081.89 579     22300    2.14083    2.14083    1.01664e-06 57       6186     
 1088.79 580     22361    2.14083    2.14083    1.00086e-06 57       6207     
 1098.23 581     22421    2.14083    2.14083    1.00017e-06 57       6231     
 1105.62 582     22450    2.14083    2.14083    1.00017e-06 57       6253     
 1112.11 582     22500    2.14083    2.14083    9.95022e-07 58       6272     
 1118.35 583     22550    2.14083    2.14083    9.86764e-07 58       6289     
 1125.18 585     22600    2.14083    2.14083    9.78752e-07 58       6308     
 1125.83 585     22650    2.14083    2.14083    9.65173e-07 59       6308     
 1132.32 586     22700    2.14083    2.14083    9.07103e-07 58       6327     
 1138.43 587     22750    2.14083    2.14083    9.06671e-07 58       6344     
 1146.83 589     22805    2.14083    2.14083    8.96496e-07 58       6362     
 1153.34 590     22867    2.14083    2.14083    8.91773e-07 57       6380     
 1158.94 591     22919    2.14083    2.14083    8.89561e-07 57       6395     
 1167.81 591     22950    2.14083    2.14083    8.89561e-07 57       6422     
 1170.31 592     23000    2.14083    2.14083    8.89275e-07 57       6428     
 1175.52 593     23050    2.14083    2.14083    8.85018e-07 57       6441     
 1182.63 594     23107    2.14083    2.14083    8.81464e-07 57       6460     
 1190.03 595     23155    2.14083    2.14083    8.68772e-07 57       6476     
 1200.01 596     23219    2.14083    2.14083    8.68527e-07 57       6504     
 1203.94 597     23250    2.14083    2.14083    8.68382e-07 57       6514     
 1211.07 598     23300    2.14083    2.14083    8.59193e-07 58       6533     
 1220.07 599     23351    2.14083    2.14083    8.50456e-07 57       6553     
 1227.24 600     23411    2.14083    2.14083    8.48287e-07 58       6573     
 1234.16 601     23463    2.14083    2.14083    8.39015e-07 58       6591     
 1242.29 602     23507    2.14083    2.14083    8.38835e-07 58       6608     
 1249.16 603     23567    2.14083    2.14083    8.31335e-07 57       6627     
 1259.74 604     23600    2.14083    2.14083    8.31335e-07 57       6657     
 1265.21 604     23650    2.14083    2.14083    8.21727e-07 57       6671     
 1270.22 605     23700    2.14083    2.14083    8.21239e-07 57       6683     
 1278.11 606     23755    2.14083    2.14083    8.06036e-07 57       6704     
 1286.08 607     23815    2.14083    2.14083    8.01817e-07 57       6725     
 1298    608     23877    2.14083    2.14083    7.92957e-07 57       6752     
 1305.51 608     23900    2.14083    2.14083    7.92957e-07 57       6774     
 1308.85 609     23950    2.14083    2.14083    7.84051e-07 57       6782     
 1313.34 610     24000    2.14083    2.14083    7.83555e-07 57       6793     
 1319.21 611     24050    2.14083    2.14083    7.72463e-07 57       6808     
 1325.84 612     24100    2.14083    2.14083    7.62836e-07 57       6826     
 1334.72 614     24150    2.14083    2.14083    7.52857e-07 57       6850     
 1339.37 615     24200    2.14083    2.14083    7.46482e-07 57       6862     
 1351.7  616     24250    2.14083    2.14083    7.45705e-07 59       6896     
 1359.28 617     24300    2.14083    2.14083    7.37234e-07 59       6911     
 1367.67 618     24357    2.14083    2.14083    7.28666e-07 60       6933     
 1373.93 619     24417    2.14083    2.14083    7.25864e-07 59       6949     
 1384.08 620     24450    2.14083    2.14083    7.25864e-07 60       6976     
 1387.51 620     24500    2.14083    2.14083    7.25522e-07 59       6984     
 1394.52 621     24553    2.14083    2.14083    7.24562e-07 59       7002     
 1405.32 622     24611    2.14083    2.14083    7.14517e-07 59       7030     
 1414.91 623     24665    2.14083    2.14083    7.14376e-07 60       7049     
 1422    624     24723    2.14083    2.14083    7.13365e-07 60       7066     
 1428.87 625     24763    2.14083    2.14083    7.04133e-07 60       7083     
 1436.58 626     24825    2.14083    2.14083    7.00673e-07 60       7102     
 1443.17 627     24850    2.14083    2.14083    7.00673e-07 60       7119     
 1448.41 627     24900    2.14083    2.14083    7.0055e-07  59       7133     
 1453.96 628     24950    2.14083    2.14083    6.94945e-07 59       7146     
 1462.08 629     25000    2.14083    2.14083    6.86308e-07 59       7165     
 1472.27 630     25057    2.14083    2.14083    6.84826e-07 59       7184     
 1482.54 631     25117    2.14083    2.14083    6.74027e-07 60       7209     
 1489.01 632     25177    2.14083    2.14083    6.66388e-07 55       7224     
 1495.73 632     25200    2.14083    2.14083    6.66388e-07 56       7241     
 1500.61 633     25250    2.14083    2.14083    6.65772e-07 57       7252     
 1508.04 634     25300    2.14083    2.14083    6.57414e-07 57       7270     
 1519.26 635     25359    2.14083    2.14083    6.57241e-07 55       7297     
 1529.03 636     25425    2.14083    2.14083    6.53543e-07 55       7320     
 1534.8  637     25457    2.14083    2.14083    6.45002e-07 55       7328     
 1543.55 638     25511    2.14083    2.14083    6.44686e-07 55       7349     
 1547.24 639     25550    2.14083    2.14083    6.43984e-07 55       7357     
 1557.58 641     25623    2.14083    2.14083    6.37213e-07 55       7381     
 1564.06 641     25650    2.14083    2.14083    6.37213e-07 56       7396     
 1571.08 642     25700    2.14083    2.14083    6.32943e-07 56       7412     
 1577.33 643     25750    2.14083    2.14083    6.32803e-07 56       7425     
 1585.4  644     25807    2.14083    2.14083    6.25455e-07 56       7444     
 1593.81 645     25850    2.14083    2.14083    6.18087e-07 56       7463     
 1608.99 646     25915    2.14083    2.14083    6.13733e-07 56       7493     
 1620.63 647     25973    2.14083    2.14083    6.05992e-07 55       7520     
 1624.35 648     26003    2.14083    2.14083    5.9916e-07  56       7528     
 1637.24 649     26073    2.14083    2.14083    5.92324e-07 56       7558     
 1645.57 650     26100    2.14083    2.14083    5.92324e-07 56       7577     
 1652.59 651     26157    2.14083    2.14083    5.85806e-07 55       7591     
 1664.36 652     26215    2.14083    2.14083    5.7988e-07  55       7617     
 1670.37 653     26251    2.14083    2.14083    5.79639e-07 55       7630     
 1681.94 654     26319    2.14083    2.14083    5.77301e-07 56       7651     
 1682.8  655     26350    2.14083    2.14083    5.74711e-07 57       7652     
 1694.12 656     26409    2.14083    2.14083    5.74589e-07 56       7677     
 1694.73 657     26455    2.14083    2.14083    5.67486e-07 59       7677     
 1706.87 658     26517    2.14083    2.14083    5.62054e-07 60       7705     
 1713.9  659     26557    2.14083    2.14083    5.55323e-07 60       7721     
 1720.16 660     26600    2.14083    2.14083    5.50054e-07 60       7735     
 1727    661     26650    2.14083    2.14083    5.27806e-07 61       7750     
 1737.54 662     26707    2.14083    2.14083    5.27002e-07 63       7774     
 1750.93 663     26779    2.14083    2.14083    5.23948e-07 61       7800     
 1757.58 664     26813    2.14083    2.14083    5.20983e-07 61       7815     
 1762.58 665     26850    2.14083    2.14083    5.16256e-07 61       7826     
 1771.04 667     26911    2.14083    2.14083    5.15352e-07 61       7844     
 1785.39 668     26981    2.14083    2.14083    5.09227e-07 61       7876     
 1792.4  669     27000    2.14083    2.14083    5.09227e-07 61       7891     
 1802.29 669     27050    2.14083    2.14083    5.03514e-07 61       7913     
 1803.31 671     27113    2.14083    2.14083    4.98216e-07 61       7913     
 1819    672     27181    2.14083    2.14083    4.93389e-07 62       7942     
 1825.85 673     27213    2.14083    2.14083    4.86876e-07 62       7956     
 1832.65 674     27251    2.14083    2.14083    4.86773e-07 61       7971     
 1841.35 675     27305    2.14083    2.14083    4.86488e-07 61       7990     
 1847.01 676     27350    2.14083    2.14083    4.86469e-07 61       8002     
 1854.72 677     27400    2.14083    2.14083    4.84761e-07 59       8018     
 1862.1  678     27450    2.14083    2.14083    4.80761e-07 59       8034     
 1872.88 679     27507    2.14083    2.14083    4.79303e-07 60       8057     
 1887.84 680     27569    2.14083    2.14083    4.79117e-07 60       8083     
 1892.7  681     27600    2.14083    2.14083    4.75192e-07 60       8093     
 1906.01 682     27650    2.14083    2.14083    4.71848e-07 59       8123     
 1912.45 683     27700    2.14083    2.14083    4.67239e-07 59       8136     
 1921.18 684     27751    2.14083    2.14083    4.67137e-07 59       8154     
 1929.07 685     27811    2.14083    2.14083    4.63675e-07 58       8170     
 1936.96 686     27850    2.14083    2.14083    4.61397e-07 58       8187     
 1948.06 688     27911    2.14083    2.14083    4.54523e-07 58       8211     
 1955.52 689     27950    2.14083    2.14083    4.54428e-07 58       8227     
 1962.22 690     28000    2.14083    2.14083    4.50233e-07 59       8240     
 1975.9  691     28050    2.14083    2.14083    4.4697e-07  59       8264     
 1983.55 692     28101    2.14083    2.14083    4.42485e-07 59       8280     
 1996.53 693     28167    2.14083    2.14083    4.37531e-07 59       8307     
Writing policy file: ./4d891c136b14_694_2005.63.policy
Intermediate policy written(interval: 2000)
 2005.63 694     28209    2.14083    2.14083    4.34755e-07 59       8325     
 2014.05 695     28250    2.14083    2.14083    4.3465e-07  59       8342     
 2024.45 696     28300    2.14083    2.14083    4.34509e-07 59       8362     
 2031.88 697     28350    2.14083    2.14083    4.33274e-07 59       8376     
 2042.73 698     28405    2.14083    2.14083    4.27934e-07 59       8398     
 2053.86 699     28475    2.14083    2.14083    4.19761e-07 59       8420     
 2064.8  699     28500    2.14083    2.14083    4.19761e-07 59       8437     
 2071.26 700     28551    2.14083    2.14083    4.19152e-07 59       8449     
 2083.4  701     28617    2.14083    2.14083    4.17656e-07 58       8473     
 2088.91 702     28650    2.14083    2.14083    4.14898e-07 57       8484     
 2098.69 703     28700    2.14083    2.14083    4.11806e-07 58       8504     
 2112.01 704     28750    2.14083    2.14083    4.09501e-07 57       8530     
 2121.42 706     28809    2.14083    2.14083    4.05916e-07 57       8547     
 2126.02 707     28850    2.14083    2.14083    4.05761e-07 57       8555     
 2136.71 708     28903    2.14083    2.14083    4.04919e-07 57       8575     
 2153.98 709     28977    2.14083    2.14083    4.03585e-07 57       8603     
 2164.08 709     29000    2.14083    2.14083    4.03585e-07 56       8623     
 2172.23 710     29050    2.14083    2.14083    4.00693e-07 56       8639     
 2182.22 711     29100    2.14083    2.14083    4.00331e-07 57       8659     
 2185.75 713     29151    2.14083    2.14083    3.77044e-07 57       8664     
 2196.6  714     29219    2.14083    2.14083    3.76381e-07 57       8685     
 2209.95 714     29250    2.14083    2.14083    3.76381e-07 57       8712     
 2212.72 715     29300    2.14083    2.14083    3.76297e-07 57       8716     
 2223.12 717     29377    2.14083    2.14083    3.72701e-07 57       8735     
 2233.33 718     29419    2.14083    2.14083    3.67602e-07 57       8755     
 2239.3  719     29451    2.14083    2.14083    3.63289e-07 57       8766     
 2255.29 720     29513    2.14083    2.14083    3.63162e-07 58       8791     
 2273.2  720     29550    2.14083    2.14083    3.63162e-07 58       8826     
 2275.27 721     29600    2.14083    2.14083    3.58761e-07 58       8828     
 2287.16 722     29657    2.14083    2.14083    3.5857e-07  58       8851     
 2300.87 723     29727    2.14083    2.14083    3.58158e-07 58       8877     
 2308.83 724     29761    2.14083    2.14083    3.55561e-07 58       8892     
 2316.43 725     29800    2.14083    2.14083    3.55482e-07 58       8906     
 2319.93 726     29850    2.14083    2.14083    3.50248e-07 58       8912     
 2331.68 727     29901    2.14083    2.14083    3.4804e-07  58       8933     
 2344.62 728     29951    2.14083    2.14083    3.44794e-07 57       8956     
 2352.59 730     30005    2.14083    2.14083    3.3828e-07  58       8970     
 2373.97 731     30077    2.14083    2.14083    3.38082e-07 58       9003     
 2384.45 731     30100    2.14083    2.14083    3.38082e-07 58       9023     
 2390.88 732     30150    2.14083    2.14083    3.34374e-07 58       9034     
 2398.93 733     30200    2.14083    2.14083    3.34227e-07 58       9049     
 2409.36 734     30250    2.14083    2.14083    3.33895e-07 58       9068     
 2420.79 735     30300    2.14083    2.14083    3.30946e-07 58       9089     
 2428.53 736     30350    2.14083    2.14083    3.30034e-07 58       9102     
 2443.37 737     30409    2.14083    2.14083    3.26544e-07 58       9129     
 2456.23 738     30471    2.14083    2.14083    3.26205e-07 58       9153     
 2460.89 739     30505    2.14083    2.14083    3.26132e-07 58       9161     
 2474.7  740     30569    2.14083    2.14083    3.23072e-07 58       9179     
 2489.88 741     30600    2.14083    2.14083    3.23072e-07 58       9207     
 2499.14 741     30650    2.14083    2.14083    3.18553e-07 58       9223     
 2508.17 743     30707    2.14083    2.14083    3.13403e-07 59       9238     
 2522.79 744     30775    2.14083    2.14083    3.10171e-07 59       9264     
 2532.55 744     30800    2.14083    2.14083    3.10171e-07 59       9282     
 2540.3  745     30850    2.14083    2.14083    3.09586e-07 56       9295     
 2552.27 746     30903    2.14083    2.14083    3.06483e-07 56       9317     
 2560.75 747     30950    2.14083    2.14083    3.064e-07   56       9331     
 2570.27 748     31000    2.14083    2.14083    3.05147e-07 57       9348     
 2582.99 749     31050    2.14083    2.14083    3.0508e-07  57       9370     
 2598.43 750     31100    2.14083    2.14083    3.02476e-07 57       9391     
 2605.79 751     31150    2.14083    2.14083    2.99777e-07 57       9403     
 2624.25 752     31217    2.14083    2.14083    2.96951e-07 57       9434     
 2637.5  753     31271    2.14083    2.14083    2.9479e-07  58       9457     
 2645.61 754     31309    2.14083    2.14083    2.94709e-07 58       9471     
 2653.78 755     31357    2.14083    2.14083    2.91314e-07 58       9484     
 2670.48 756     31423    2.14083    2.14083    2.91146e-07 58       9512     
 2682.39 756     31450    2.14083    2.14083    2.91146e-07 58       9533     
 2688.85 757     31500    2.14083    2.14083    2.9073e-07  57       9543     
 2700.87 758     31555    2.14083    2.14083    2.88413e-07 57       9562     
 2717.07 759     31603    2.14083    2.14083    2.85587e-07 57       9583     
 2725.68 760     31650    2.14083    2.14083    2.85144e-07 56       9598     
 2741.32 761     31709    2.14083    2.14083    2.8243e-07  58       9625     
 2751.22 762     31765    2.14083    2.14083    2.81667e-07 57       9641     
 2767.72 763     31821    2.14083    2.14083    2.78402e-07 56       9668     
 2774.69 764     31853    2.14083    2.14083    2.78312e-07 56       9680     
 2784.47 765     31900    2.14083    2.14083    2.76492e-07 57       9696     
 2799.98 767     31963    2.14083    2.14083    2.73692e-07 57       9722     
 2811.04 768     32019    2.14083    2.14083    2.72483e-07 57       9740     
 2822.29 769     32065    2.14083    2.14083    2.70981e-07 57       9758     
 2827.04 770     32100    2.14083    2.14083    2.70938e-07 56       9765     
 2844.17 771     32150    2.14083    2.14083    2.6836e-07  57       9785     
 2857.8  772     32207    2.14083    2.14083    2.67599e-07 57       9807     
 2875.12 773     32271    2.14083    2.14083    2.65007e-07 57       9835     
 2887.42 773     32300    2.14083    2.14083    2.65007e-07 57       9854     
 2893.52 774     32350    2.14083    2.14083    2.64696e-07 58       9863     
 2909.99 775     32407    2.14083    2.14083    2.61818e-07 58       9889     
 2918.55 776     32450    2.14083    2.14083    2.61759e-07 58       9902     
 2931.52 777     32500    2.14083    2.14083    2.6173e-07  58       9921     
 2943.7  778     32550    2.14083    2.14083    2.61605e-07 57       9940     
 2959.85 779     32617    2.14083    2.14083    2.59973e-07 56       9965     
 2974.54 780     32650    2.14083    2.14083    2.59973e-07 56       9989     
 2989.72 780     32700    2.14083    2.14083    2.59585e-07 56       10004    
 2998.84 781     32750    2.14083    2.14083    2.56873e-07 56       10018    
 3012.69 782     32817    2.14083    2.14083    2.56383e-07 57       10041    
 3013.45 783     32859    2.14083    2.14083    2.54362e-07 59       10041    
 3027.63 784     32900    2.14083    2.14083    2.52014e-07 59       10063    
 3044.41 785     32950    2.14083    2.14083    2.50063e-07 59       10090    
 3058.15 787     33000    2.14083    2.14083    2.47552e-07 59       10110    
 3071.22 788     33075    2.14083    2.14083    2.46112e-07 59       10129    
 3080.57 789     33113    2.14083    2.14083    2.46004e-07 59       10143    
 3091.12 790     33150    2.14083    2.14083    2.44308e-07 59       10159    
 3106.44 791     33219    2.14083    2.14083    2.39932e-07 60       10182    
 3119.91 791     33250    2.14083    2.14083    2.39932e-07 60       10203    
 3127.32 792     33300    2.14083    2.14083    2.39564e-07 60       10213    
 3146.37 794     33359    2.14083    2.14083    2.35371e-07 60       10234    
 3159.41 795     33425    2.14083    2.14083    2.34113e-07 60       10254    
 3170.59 796     33463    2.14083    2.14083    2.3231e-07  60       10271    
 3178.05 797     33500    2.14083    2.14083    2.32261e-07 60       10282    
 3192.53 798     33559    2.14083    2.14083    2.31739e-07 60       10303    
 3208.01 799     33627    2.14083    2.14083    2.24309e-07 62       10327    
 3221.32 799     33650    2.14083    2.14083    2.24309e-07 62       10348    
 3231.21 801     33711    2.14083    2.14083    2.22755e-07 62       10361    
 3249.52 802     33775    2.14083    2.14083    2.20656e-07 62       10390    
 3257.87 802     33800    2.14083    2.14083    2.20656e-07 61       10405    
 3266.99 803     33853    2.14083    2.14083    2.19342e-07 61       10418    
 3296.28 804     33929    2.14083    2.14083    2.1648e-07  61       10453    
 3309.55 804     33950    2.14083    2.14083    2.1648e-07  61       10473    
 3324.49 805     34000    2.14083    2.14083    2.14093e-07 61       10496    
 3338.4  806     34050    2.14083    2.14083    2.11921e-07 62       10517    
 3348.79 807     34100    2.14083    2.14083    2.10146e-07 62       10532    
 3361.5  809     34159    2.14083    2.14083    2.09981e-07 62       10550    
 3378.38 810     34235    2.14083    2.14083    2.09951e-07 62       10575    
 3381.97 810     34250    2.14083    2.14083    2.09951e-07 62       10580    
 3394.12 811     34301    2.14083    2.14083    2.08673e-07 62       10597    
 3411.98 812     34377    2.14083    2.14083    2.08325e-07 62       10623    
 3425.46 812     34400    2.14083    2.14083    2.08325e-07 62       10644    
 3439.73 813     34450    2.14083    2.14083    2.06974e-07 62       10665    
 3446.82 814     34500    2.14083    2.14083    2.06938e-07 62       10674    
 3475.82 815     34567    2.14083    2.14083    2.05708e-07 61       10697    
 3494.54 816     34629    2.14083    2.14083    2.03897e-07 59       10725    
 3507.01 816     34650    2.14083    2.14083    2.03897e-07 59       10744    
 3518.51 818     34717    2.14083    2.14083    2.01787e-07 58       10760    
 3528.17 819     34757    2.14083    2.14083    2.00298e-07 60       10774    
 3541.3  820     34800    2.14083    2.14083    2.00106e-07 59       10793    
 3551.55 821     34850    2.14083    2.14083    1.98025e-07 59       10807    
 3563.9  822     34900    2.14083    2.14083    1.97703e-07 60       10824    
 3580.03 823     34950    2.14083    2.14083    1.97628e-07 60       10847    
 3591.66 824     35000    2.14083    2.14083    1.9519e-07  60       10863    
 3606.48 825     35050    2.14083    2.14083    1.95031e-07 60       10883    
 3624.07 826     35100    2.14083    2.14083    1.93508e-07 60       10910    
 3633.49 827     35150    2.14083    2.14083    1.91317e-07 60       10922    
 3657.41 828     35209    2.14083    2.14083    1.91123e-07 60       10944    
 3669.07 829     35250    2.14083    2.14083    1.89047e-07 60       10960    
 3677.1  830     35300    2.14083    2.14083    1.8682e-07  59       10971    
 3687.97 831     35350    2.14083    2.14083    1.86764e-07 59       10986    
 3702.54 832     35413    2.14083    2.14083    1.85624e-07 59       11007    
 3712.06 833     35450    2.14083    2.14083    1.83676e-07 59       11020    
 3729.85 834     35500    2.14083    2.14083    1.81857e-07 59       11044    
 3746.9  835     35550    2.14083    2.14083    1.80008e-07 59       11068    
 3759.25 836     35600    2.14083    2.14083    1.7998e-07  59       11085    
 3768.29 837     35650    2.14083    2.14083    1.79976e-07 60       11097    
 3780.39 838     35707    2.14083    2.14083    1.78546e-07 61       11113    
 3792.64 839     35763    2.14083    2.14083    1.78149e-07 60       11129    
 3804.83 840     35800    2.14083    2.14083    1.7665e-07  60       11145    
 3821.18 841     35850    2.14083    2.14083    1.76563e-07 60       11167    
 3847.36 842     35900    2.14083    2.14083    1.76548e-07 60       11187    
 3858.43 843     35950    2.14083    2.14083    1.76538e-07 59       11203    
 3874.16 844     36000    2.14083    2.14083    1.75196e-07 59       11225    
 3885.61 845     36050    2.14083    2.14083    1.74075e-07 59       11240    
 3901.3  846     36103    2.14083    2.14083    1.72844e-07 59       11262    
 3919.18 847     36157    2.14083    2.14083    1.71233e-07 59       11287    
 3934.33 848     36200    2.14083    2.14083    1.7027e-07  58       11306    
 3950.99 849     36251    2.14083    2.14083    1.69193e-07 58       11328    
 3967.01 850     36303    2.14083    2.14083    1.67657e-07 58       11351    
 3986.86 851     36377    2.14083    2.14083    1.67493e-07 59       11376    
 3996.36 852     36409    2.14083    2.14083    1.66138e-07 59       11388    
 3997.72 853     36450    2.14083    2.14083    1.57737e-07 59       11388    
Writing policy file: ./4d891c136b14_854_4021.29.policy
Intermediate policy written(interval: 2000)
 4021.29 854     36527    2.14083    2.14083    1.56947e-07 59       11419    
 4043.86 854     36550    2.14083    2.14083    1.56947e-07 59       11432    
 4053.31 855     36600    2.14083    2.14083    1.56806e-07 59       11444    
 4067.4  856     36650    2.14083    2.14083    1.568e-07   59       11462    
 4082.14 857     36700    2.14083    2.14083    1.56787e-07 59       11481    
 4100.4  858     36763    2.14083    2.14083    1.56731e-07 60       11504    
 4114.2  859     36805    2.14083    2.14083    1.55021e-07 60       11521    
 4118.89 860     36850    2.14083    2.14083    1.53465e-07 61       11526    
 4132.82 861     36901    2.14083    2.14083    1.53295e-07 61       11543    
 4153.28 862     36973    2.14083    2.14083    1.52995e-07 61       11569    
 4172.06 862     37000    2.14083    2.14083    1.52995e-07 61       11594    
 4179.42 863     37050    2.14083    2.14083    1.51468e-07 61       11602    
 4198.76 864     37113    2.14083    2.14083    1.50535e-07 61       11626    
 4221.35 865     37185    2.14083    2.14083    1.49422e-07 61       11653    
 4224.67 865     37200    2.14083    2.14083    1.49422e-07 60       11657    
 4247.46 866     37250    2.14083    2.14083    1.48142e-07 60       11673    
 4274.19 867     37329    2.14083    2.14083    1.46596e-07 60       11709    
 4289.7  867     37350    2.14083    2.14083    1.46596e-07 60       11730    
 4302.29 868     37405    2.14083    2.14083    1.44689e-07 59       11746    
 4314.63 869     37453    2.14083    2.14083    1.4467e-07  60       11761    
 4326.36 870     37500    2.14083    2.14083    1.44053e-07 61       11776    
 4346.13 871     37550    2.14083    2.14083    1.42871e-07 61       11801    
 4370.42 873     37627    2.14083    2.14083    1.41585e-07 61       11829    
 4386.29 874     37650    2.14083    2.14083    1.41585e-07 61       11849    
 4398.93 874     37700    2.14083    2.14083    1.41549e-07 61       11864    
 4410.93 875     37757    2.14083    2.14083    1.41165e-07 61       11878    
 4426.56 876     37805    2.14083    2.14083    1.40387e-07 61       11897    
 4444.36 877     37850    2.14083    2.14083    1.387e-07   61       11919    
 4482.01 878     37900    2.14083    2.14083    1.37886e-07 59       11944    
 4495.72 879     37950    2.14083    2.14083    1.36841e-07 59       11961    
 4515.47 881     38019    2.14083    2.14083    1.35224e-07 59       11985    
 4533.83 882     38073    2.14083    2.14083    1.33523e-07 59       12008    
 4542.55 883     38111    2.14083    2.14083    1.33497e-07 60       12018    
 4552.75 884     38150    2.14083    2.14083    1.3347e-07  60       12030    
 4566.11 885     38209    2.14083    2.14083    1.32998e-07 60       12045    
 4581.22 886     38253    2.14083    2.14083    1.31846e-07 59       12064    
 4600.19 887     38317    2.14083    2.14083    1.31752e-07 59       12087    
 4614.52 888     38359    2.14083    2.14083    1.30662e-07 58       12104    
 4626.18 889     38400    2.14083    2.14083    1.30643e-07 58       12118    
 4637.21 891     38459    2.14083    2.14083    1.28725e-07 58       12131    
 4663.47 892     38529    2.14083    2.14083    1.27407e-07 57       12162    
 4673.74 892     38550    2.14083    2.14083    1.27407e-07 58       12174    
 4689.11 893     38607    2.14083    2.14083    1.27213e-07 58       12191    
 4718.22 894     38659    2.14083    2.14083    1.25915e-07 63       12214    
 4742.61 895     38739    2.14083    2.14083    1.25714e-07 62       12243    
 4750.07 895     38750    2.14083    2.14083    1.25714e-07 62       12252    
 4765.35 896     38800    2.14083    2.14083    1.24545e-07 62       12269    
 4779.14 897     38850    2.14083    2.14083    1.24532e-07 64       12284    
 4795.29 899     38909    2.14083    2.14083    1.21898e-07 64       12303    
 4813.34 900     38953    2.14083    2.14083    1.21373e-07 63       12323    
 4829.34 901     39000    2.14083    2.14083    1.21326e-07 63       12338    
 4851.94 902     39071    2.14083    2.14083    1.20921e-07 62       12364    
 4868.38 903     39127    2.14083    2.14083    1.20814e-07 62       12383    
 4885.17 903     39150    2.14083    2.14083    1.20814e-07 62       12403    
 4898.36 904     39200    2.14083    2.14083    1.19688e-07 62       12417    
 4915.01 905     39250    2.14083    2.14083    1.19681e-07 62       12436    
 4926.04 906     39300    2.14083    2.14083    1.19533e-07 62       12448    
 4964.62 907     39350    2.14083    2.14083    1.18636e-07 62       12472    
 4983.51 909     39421    2.14083    2.14083    1.17848e-07 63       12493    
 5003.98 910     39477    2.14083    2.14083    1.17824e-07 63       12518    
 5019.94 910     39500    2.14083    2.14083    1.17824e-07 63       12537    
 5029.11 911     39550    2.14083    2.14083    1.17817e-07 61       12546    
 5047.05 912     39600    2.14083    2.14083    1.17421e-07 61       12566    
 5063.76 914     39661    2.14083    2.14083    1.15947e-07 60       12583    
 5087.23 915     39731    2.14083    2.14083    1.15796e-07 61       12607    
 5101.82 915     39750    2.14083    2.14083    1.15796e-07 61       12624    
 5118.16 916     39800    2.14083    2.14083    1.14817e-07 61       12640    
 5129.48 917     39850    2.14083    2.14083    1.1427e-07  61       12650    
 5145.97 918     39900    2.14083    2.14083    1.14239e-07 61       12670    
 5165.13 919     39950    2.14083    2.14083    1.13741e-07 61       12691    
 5188.63 920     40000    2.14083    2.14083    1.1373e-07  61       12716    
 5194.17 922     40067    2.14083    2.14083    1.11411e-07 61       12720    
 5231.81 923     40117    2.14083    2.14083    1.11344e-07 61       12735    
 5251.23 923     40150    2.14083    2.14083    1.11344e-07 61       12759    
 5265.22 924     40211    2.14083    2.14083    1.11083e-07 61       12772    
 5282.14 925     40255    2.14083    2.14083    1.09879e-07 61       12791    
 5302.83 926     40309    2.14083    2.14083    1.09856e-07 61       12812    
 5316.47 927     40355    2.14083    2.14083    1.09849e-07 61       12826    
 5332.42 928     40400    2.14083    2.14083    1.09847e-07 61       12841    
 5347.12 929     40450    2.14083    2.14083    1.09357e-07 62       12856    
 5365.03 930     40500    2.14083    2.14083    1.08517e-07 62       12875    
 5392.85 931     40550    2.14083    2.14083    1.08505e-07 63       12904    
 5397.31 933     40600    2.14083    2.14083    1.07548e-07 62       12907    
 5419.48 934     40657    2.14083    2.14083    1.06379e-07 62       12931    
 5436.56 935     40700    2.14083    2.14083    1.05467e-07 62       12949    
 5455.87 936     40750    2.14083    2.14083    1.05362e-07 62       12970    
 5472.73 937     40800    2.14083    2.14083    1.04093e-07 62       12987    
 5489.49 939     40857    2.14083    2.14083    1.00269e-07 62       13004    
 5534.65 940     40901    2.14083    2.14083    9.91909e-08 62       13023    
 5534.65 940     40901    2.14083    2.14083    9.91909e-08 62       13023    
-------------------------------------------------------------------------------

SARSOP finishing ...
  target precision reached
  target precision  : 0.000000
  precision reached : 0.000000 

-------------------------------------------------------------------------------
 Time   |#Trial |#Backup |LBound    |UBound    |Precision  |#Alphas |#Beliefs  
-------------------------------------------------------------------------------
 5534.65 940     40901    2.14083    2.14083    9.91909e-08 62       13023    
-------------------------------------------------------------------------------

Writing out policy ...
  output file : ./4d891c136b14.policyx

