
Loading the model ...
  input file   : /home/rstudio/pomdp-solutions-library/4d8d1f98703.pomdpx
  loading time : 0.16s 

SARSOP initializing ...
  initialization time : 3.42s

-------------------------------------------------------------------------------
 Time   |#Trial |#Backup |LBound    |UBound    |Precision  |#Alphas |#Beliefs  
-------------------------------------------------------------------------------
 3.42    0       0        0.541471   1.06608    0.524607    30       1        
 3.51    1       50       0.57633    1.00456    0.428232    42       18       
 3.56    3       109      0.595644   1.0011     0.405459    54       22       
 3.68    4       150      0.62507    1.00011    0.375042    78       36       
 3.76    6       209      0.676082   0.997451   0.32137     104      41       
 4       7       250      0.689402   0.996536   0.307134    125      55       
 4.24    9       307      0.727343   0.994908   0.267565    145      65       
 4.33    10      350      0.73487    0.994507   0.259636    168      67       
 4.67    12      405      0.756614   0.993006   0.236392    176      80       
 6.06    13      450      0.766631   0.99242    0.225789    201      103      
 6.32    15      501      0.792092   0.990776   0.198683    127      108      
 6.55    17      565      0.809743   0.989562   0.17982     150      113      
 7.18    18      600      0.817257   0.988887   0.171631    174      128      
 7.97    20      661      0.830173   0.988677   0.158505    203      142      
 8.04    21      700      0.833791   0.98867    0.154878    221      142      
 8.91    23      757      0.843567   0.988071   0.144504    31       154      
 9.01    24      800      0.851327   0.987599   0.136273    41       156      
 10.11   26      853      0.86262    0.987109   0.124489    41       173      
 11.81   27      900      0.867464   0.986976   0.119512    39       199      
 12.57   29      950      0.874652   0.986666   0.112013    40       210      
 14.23   31      1013     0.882335   0.986097   0.103762    38       232      
 15.39   32      1050     0.885858   0.985606   0.0997474   38       245      
 17.33   34      1109     0.889265   0.985593   0.0963283   44       265      
 18.6    35      1150     0.889903   0.985588   0.0956849   35       276      
 20.27   37      1205     0.893747   0.985428   0.0916811   47       291      
 22.75   38      1250     0.895125   0.984879   0.0897538   43       311      
 24.67   40      1301     0.898881   0.984621   0.0857399   52       326      
 27.75   42      1350     0.900977   0.984491   0.0835142   44       350      
 29.03   43      1400     0.903954   0.984233   0.0802795   49       359      
 31.74   45      1461     0.905923   0.984097   0.0781731   55       377      
 32.51   46      1500     0.906438   0.984      0.0775614   51       382      
 35.27   48      1557     0.90874    0.98374    0.0749991   47       400      
 36.99   49      1600     0.909237   0.983732   0.0744945   40       410      
 38.45   51      1650     0.910712   0.98355    0.0728379   41       419      
 41.06   53      1713     0.912063   0.983124   0.0710606   44       433      
 41.6    54      1750     0.912786   0.983116   0.0703305   50       436      
 44.04   56      1809     0.913542   0.982875   0.069333    41       449      
 45.98   57      1850     0.914099   0.982762   0.068663    38       460      
 48.72   59      1903     0.915499   0.982436   0.0669373   48       475      
 52.12   60      1950     0.916303   0.982436   0.0661326   51       493      
 52.56   62      2000     0.917897   0.982381   0.0644833   51       496      
 53.42   64      2061     0.918647   0.98234    0.0636931   42       500      
 53.88   65      2100     0.918926   0.982303   0.0633765   47       502      
 54.98   67      2151     0.920125   0.982106   0.0619812   45       508      
 57.83   69      2213     0.920998   0.982013   0.0610148   50       519      
 58.28   70      2250     0.921252   0.982011   0.0607593   44       521      
 60.8    72      2305     0.921968   0.982001   0.0600329   57       534      
 62.42   74      2350     0.922378   0.982      0.059622    40       542      
 63.73   75      2400     0.923043   0.981916   0.0588733   48       548      
 66.2    77      2457     0.924464   0.981876   0.057412    53       561      
 68.46   78      2500     0.924834   0.981867   0.0570323   57       571      
 69.97   80      2550     0.925355   0.981659   0.0563038   63       577      
 71.36   82      2611     0.925886   0.981658   0.0557727   55       583      
 72.36   83      2650     0.926094   0.981639   0.0555445   57       587      
 73.63   85      2703     0.926671   0.981502   0.0548319   55       593      
 75.2    87      2763     0.926902   0.981502   0.0545997   61       600      
 75.77   88      2800     0.927354   0.981476   0.0541223   68       603      
 77.28   90      2853     0.927613   0.981378   0.0537648   65       609      
 78.68   92      2913     0.928047   0.981335   0.0532874   60       615      
 79.69   93      2950     0.928205   0.9813     0.0530948   68       619      
 82.28   95      3003     0.928482   0.980985   0.0525031   73       629      
 86.4    97      3063     0.929027   0.980794   0.0517668   60       643      
 87.25   98      3100     0.929263   0.980793   0.0515301   60       646      
 89.91   100     3153     0.929477   0.980672   0.0511955   66       655      
 92.55   102     3213     0.929674   0.980664   0.0509896   72       661      
 93.49   103     3250     0.929786   0.980493   0.0507068   71       663      
 94.98   105     3301     0.930025   0.980481   0.0504563   62       668      
 97.01   107     3361     0.930176   0.980342   0.0501651   73       675      
 97.96   108     3400     0.930214   0.980342   0.0501279   69       678      
 99.32   110     3451     0.930601   0.980321   0.0497202   71       683      
 101.34  112     3509     0.930801   0.98032    0.0495199   56       688      
 102.78  113     3550     0.930832   0.980311   0.0494795   60       692      
 104.32  115     3600     0.930968   0.980308   0.0493397   63       696      
 106.83  117     3657     0.931058   0.980295   0.0492363   68       705      
 107.98  118     3700     0.931104   0.980219   0.0491156   72       710      
 110.07  120     3750     0.931407   0.980176   0.0487684   74       718      
 111.59  122     3805     0.931673   0.980022   0.0483485   80       723      
 114.37  124     3861     0.931693   0.979891   0.0481986   90       732      
 115.17  125     3900     0.931799   0.979869   0.0480697   95       735      
 116.68  127     3950     0.932065   0.979867   0.0478024   92       740      
 119.97  129     4011     0.932201   0.979747   0.0475456   100      751      
 121.03  130     4050     0.932261   0.979746   0.0474858   100      754      
 124.07  132     4100     0.932302   0.979746   0.0474446   109      763      
 126.14  134     4157     0.932353   0.979712   0.0473596   107      769      
 127.69  135     4200     0.932381   0.979706   0.0473256   113      774      
 128.84  137     4250     0.932433   0.9796     0.0471674   107      777      
 131.18  139     4301     0.932477   0.9796     0.0471229   113      784      
 132.88  141     4359     0.932487   0.979595   0.0471083   120      789      
 138.06  142     4400     0.932493   0.979546   0.0470525   127      805      
 142.17  144     4450     0.93272    0.97951    0.0467899   129      817      
 145.69  146     4505     0.932781   0.979416   0.0466346   126      827      
 147.14  148     4563     0.932829   0.979382   0.0465535   127      832      
 148.25  149     4600     0.932844   0.97938    0.046536    132      835      
 150.25  151     4651     0.932934   0.979237   0.046303    137      840      
 152.01  153     4709     0.933178   0.979233   0.0460554   133      846      
 153.78  154     4750     0.933195   0.979216   0.046021    133      851      
 156.09  156     4800     0.933302   0.979216   0.0459144   137      857      
 158.39  158     4855     0.933415   0.979055   0.04564     129      863      
 161.7   160     4911     0.933481   0.979038   0.0455571   134      872      
 163.11  161     4950     0.933507   0.979038   0.0455314   132      876      
 164.59  163     5000     0.93353    0.979019   0.0454893   135      880      
 167.7   165     5053     0.933583   0.979018   0.0454355   129      888      
 170.18  167     5109     0.933615   0.979018   0.0454027   137      894      
 170.99  168     5150     0.93371    0.979018   0.045308    132      897      
 172.32  170     5200     0.933776   0.979014   0.0452383   139      901      
 173.96  172     5257     0.933883   0.978997   0.0451137   138      906      
 176.78  174     5313     0.933912   0.978995   0.0450838   144      914      
 179.1   175     5350     0.933935   0.978995   0.0450602   146      920      
 181.49  177     5400     0.933964   0.978953   0.0449891   151      926      
 185.25  179     5455     0.934064   0.978952   0.0448881   149      935      
 187.26  181     5511     0.934103   0.978952   0.0448497   141      940      
 188.93  182     5550     0.934117   0.978952   0.0448357   149      944      
 191.22  184     5600     0.934311   0.978875   0.044564    148      950      
 193.26  186     5657     0.934367   0.978874   0.0445073   154      956      
 195.44  188     5713     0.934413   0.978874   0.0444608   156      961      
 196.81  189     5750     0.934425   0.978763   0.044338    156      964      
 198.76  191     5800     0.934502   0.978719   0.0442171   159      970      
 201.98  193     5855     0.934536   0.978693   0.0441566   160      978      
 206.63  195     5913     0.934726   0.978658   0.0439321   163      989      
 208.41  196     5950     0.934742   0.978658   0.0439158   168      993      
 211.54  198     6000     0.934788   0.978657   0.0438693   170      1000     
 214.25  200     6055     0.934827   0.97861    0.043783    170      1006     
 217.72  202     6100     0.934885   0.9786     0.0437149   169      1015     
 218.82  203     6150     0.934956   0.978489   0.0435327   171      1017     
 221.12  205     6200     0.934995   0.978466   0.0434709   189      1023     
 223.09  207     6255     0.935042   0.978465   0.0434231   194      1027     
 225.6   209     6313     0.935121   0.978404   0.0432827   204      1033     
 227.58  210     6350     0.935157   0.978364   0.0432061   195      1037     
 230.49  212     6400     0.935169   0.978317   0.0431483   202      1043     
 233.12  214     6455     0.935224   0.978317   0.0430932   190      1049     
 237.25  216     6511     0.935235   0.978317   0.0430823   195      1057     
 238.85  217     6550     0.935247   0.978317   0.0430707   193      1060     
 241.2   219     6600     0.935259   0.978317   0.0430582   201      1065     
 243.71  221     6653     0.935337   0.978301   0.0429642   194      1072     
 246.37  223     6709     0.93539    0.9783     0.04291     184      1078     
 249.03  224     6750     0.935432   0.978289   0.0428572   187      1084     
 250.66  226     6800     0.935461   0.978289   0.0428281   190      1087     
 253.09  228     6850     0.935482   0.978284   0.0428023   194      1092     
 255.69  230     6905     0.935518   0.978284   0.0427659   198      1098     
 259.27  232     6963     0.93563    0.978284   0.0426542   191      1105     
 260.71  233     7000     0.935639   0.978284   0.0426448   189      1108     
 263.04  235     7050     0.935657   0.978214   0.0425566   212      1113     
 266.31  237     7103     0.935668   0.978214   0.0425453   201      1119     
 269.23  239     7159     0.935679   0.978157   0.0424775   204      1125     
 271.29  240     7200     0.935679   0.978156   0.0424764   212      1130     
 272.46  242     7250     0.935756   0.978127   0.0423714   203      1132     
 275.8   244     7301     0.935795   0.978127   0.0423323   204      1138     
 278.35  246     7357     0.935839   0.978118   0.042279    214      1144     
 280.66  248     7413     0.935861   0.978116   0.0422545   217      1149     
 282.8   249     7450     0.935872   0.978089   0.0422172   218      1153     
 285.54  251     7500     0.935892   0.978071   0.0421784   211      1158     
 289.31  253     7555     0.935908   0.978071   0.0421626   216      1165     
 291.62  255     7611     0.935924   0.978067   0.0421434   233      1171     
 293.36  256     7650     0.935955   0.978062   0.0421077   218      1175     
 296.35  258     7700     0.93597    0.977994   0.0420234   223      1180     
 299.57  260     7753     0.935989   0.977965   0.0419762   233      1186     
 303.15  262     7809     0.936007   0.977961   0.0419537   263      1192     
 305.37  263     7850     0.936013   0.97795    0.0419368   282      1196     
 309.12  265     7900     0.936027   0.977906   0.0418794   318      1203     
 312.29  267     7950     0.936036   0.977905   0.0418689   323      1209     
 315.6   269     8005     0.936063   0.977827   0.0417636   326      1215     
 318.39  271     8061     0.936069   0.977826   0.0417571   316      1220     
 321.58  272     8100     0.93607    0.977826   0.0417553   326      1225     
 324.92  274     8150     0.936081   0.977826   0.0417445   350      1230     
 327.31  276     8201     0.936118   0.977804   0.0416863   342      1236     
 330.18  278     8255     0.936144   0.97778    0.0416355   369      1241     
 334.13  280     8311     0.936156   0.977777   0.0416209   390      1247     
 336.54  281     8350     0.936168   0.977769   0.0416009   398      1251     
 339.81  283     8400     0.936189   0.977667   0.0414774   426      1256     
 343.21  285     8451     0.936244   0.977657   0.0414135   377      1262     
 347.52  287     8507     0.936254   0.977637   0.041383    338      1270     
 351.31  289     8563     0.936267   0.977401   0.0411332   365      1276     
 352.92  290     8600     0.936278   0.977401   0.041123    380      1278     
 356.63  292     8650     0.936278   0.977399   0.0411213   402      1284     
 360.26  294     8703     0.936283   0.977242   0.0409594   414      1290     
 363.53  296     8759     0.93629    0.97724    0.0409502   405      1295     
 367.24  297     8800     0.93629    0.97724    0.0409494   429      1301     
 369.32  299     8850     0.936296   0.97724    0.0409434   447      1304     
 373.5   301     8901     0.936314   0.977239   0.040925    388      1310     
 376.58  303     8959     0.936345   0.977227   0.0408819   410      1316     
 380.49  304     9000     0.936356   0.977226   0.0408696   434      1322     
 382.76  306     9050     0.936373   0.977201   0.0408287   466      1325     
 386.06  308     9100     0.936394   0.97718    0.040786    491      1331     
 390.14  310     9155     0.936403   0.977169   0.0407653   513      1337     
 394.34  312     9211     0.936414   0.977101   0.040687    543      1343     
 396.56  313     9250     0.936418   0.977101   0.0406835   544      1346     
 400.65  315     9300     0.936434   0.977101   0.0406671   556      1351     
 405.32  317     9351     0.936442   0.977101   0.040659    558      1357     
 408.29  319     9407     0.936455   0.977101   0.0406468   544      1361     
 412.56  321     9463     0.936469   0.977089   0.0406201   572      1367     
 414.35  322     9500     0.936473   0.977088   0.0406156   587      1370     
 420.5   324     9550     0.93648    0.977086   0.040606    613      1378     
 424.73  326     9601     0.936494   0.977083   0.0405885   643      1384     
 430.05  328     9657     0.9365     0.977059   0.0405588   670      1390     
 435.31  330     9713     0.936506   0.977035   0.0405287   689      1396     
 438.21  331     9750     0.936507   0.977035   0.040528    699      1399     
 442.95  333     9800     0.936532   0.977011   0.0404796   721      1405     
 447.63  335     9853     0.93654    0.977011   0.0404713   745      1410     
 451.84  337     9909     0.936542   0.977011   0.0404692   775      1414     
 455.8   338     9950     0.936545   0.977011   0.0404664   790      1418     
 458.41  340     10000    0.936551   0.977011   0.0404601   799      1419     
 463.74  342     10050    0.936557   0.977011   0.0404541   817      1424     
 468.11  344     10103    0.936573   0.976975   0.0404019   838      1429     
 474.47  346     10159    0.936592   0.976896   0.0403039   864      1435     
 478.85  348     10200    0.936595   0.976888   0.0402927   860      1439     
 483.74  349     10250    0.9366     0.976887   0.0402879   883      1443     
 490.61  351     10300    0.936606   0.976836   0.0402299   907      1449     
 496.91  353     10351    0.936622   0.976817   0.040195    908      1455     
 502.62  355     10407    0.936635   0.976806   0.0401707   904      1460     
 509.56  357     10463    0.93664    0.976806   0.0401657   922      1466     
 512.22  358     10500    0.936645   0.976806   0.0401607   729      1468     
 517.4   360     10550    0.936652   0.976751   0.0400987   690      1473     
 521.96  362     10603    0.936657   0.976751   0.0400935   713      1478     
 527.87  364     10659    0.936659   0.976675   0.0400157   732      1484     
 534.07  366     10713    0.936683   0.976675   0.0399912   693      1490     
 537.59  367     10750    0.936689   0.976567   0.0398777   712      1495     
 542.21  369     10801    0.936697   0.976502   0.0398046   737      1499     
 550.51  371     10857    0.936709   0.976474   0.0397647   761      1507     
 557.12  373     10911    0.93672    0.976474   0.0397532   772      1514     
 562.35  374     10950    0.936728   0.976474   0.0397452   776      1519     
 568.01  376     11000    0.936729   0.976458   0.0397284   786      1522     
 574.3   378     11050    0.936734   0.976449   0.0397159   797      1527     
 580.72  380     11103    0.936742   0.976431   0.0396894   796      1533     
 586.85  382     11159    0.936743   0.976431   0.0396881   809      1538     
 591.98  384     11213    0.936745   0.976431   0.0396859   830      1542     
 595.68  385     11250    0.936746   0.976431   0.0396851   841      1545     
 602.43  387     11300    0.936749   0.976429   0.0396793   855      1551     
 609.41  389     11350    0.93675    0.9764     0.0396495   878      1556     
 616.86  391     11403    0.936762   0.976395   0.0396326   912      1561     
 622.93  393     11459    0.936767   0.976382   0.0396145   872      1566     
 628.92  395     11511    0.936767   0.976382   0.0396141   845      1570     
 634.31  396     11550    0.936768   0.976382   0.0396133   825      1574     
 639.8   398     11600    0.936769   0.976279   0.0395097   841      1577     
 647.53  400     11650    0.936771   0.976277   0.0395062   862      1583     
 655.25  402     11703    0.936774   0.976265   0.0394904   882      1588     
 661.95  404     11759    0.936785   0.976249   0.039464    905      1593     
 668.75  405     11800    0.936786   0.976232   0.039446    930      1598     
 673.28  407     11850    0.936799   0.97622    0.0394218   859      1601     
 681.48  409     11900    0.936805   0.97622    0.039415    883      1608     
 690.36  411     11953    0.936807   0.976188   0.0393808   912      1615     
 698.84  413     12009    0.936815   0.976185   0.0393704   939      1621     
 703.23  415     12050    0.936821   0.976185   0.0393645   945      1623     
 708.79  416     12100    0.936822   0.97615    0.0393278   943      1626     
 715.51  418     12150    0.936827   0.97615    0.0393229   957      1631     
 723.85  420     12203    0.936837   0.976138   0.0393014   971      1637     
 733.37  422     12259    0.936841   0.976127   0.0392859   982      1643     
 742.03  424     12313    0.936851   0.976118   0.0392666   980      1649     
 745.69  425     12350    0.936851   0.976118   0.0392666   992      1650     
 751.78  427     12400    0.936851   0.976118   0.0392664   1005     1653     
 757.62  429     12450    0.936853   0.976116   0.039263    1029     1656     
 764.78  431     12500    0.936862   0.976106   0.0392443   897      1661     
 774.41  433     12555    0.936877   0.976102   0.0392243   853      1669     
 783.43  435     12611    0.936883   0.976078   0.0391946   834      1676     
 789.71  437     12650    0.936883   0.976078   0.0391943   836      1682     
 794.15  438     12700    0.936886   0.976078   0.0391917   836      1684     
 800.72  440     12750    0.936899   0.976075   0.0391762   842      1689     
 809.75  442     12800    0.936901   0.976075   0.0391741   846      1695     
 817.3   444     12851    0.936902   0.976075   0.0391734   868      1701     
 825.34  446     12903    0.936903   0.976075   0.0391719   883      1707     
 834.33  448     12957    0.936905   0.976074   0.0391694   900      1713     
 845.24  450     13013    0.936925   0.976074   0.0391493   909      1721     
 852.31  451     13050    0.936929   0.976074   0.039145    922      1726     
 859.33  453     13100    0.93693    0.976072   0.0391427   943      1729     
 869.21  455     13150    0.93693    0.976072   0.0391426   965      1736     
 878.24  457     13200    0.936965   0.976055   0.0390899   965      1743     
 886.32  459     13251    0.936973   0.976055   0.0390823   979      1748     
 899.28  461     13305    0.936982   0.97594    0.0389583   989      1759     
 908.42  463     13359    0.936986   0.975929   0.0389432   1005     1765     
 922.3   465     13400    0.936989   0.975918   0.0389285   1012     1776     
 929.28  466     13450    0.936991   0.975918   0.0389261   1024     1779     
 937.31  468     13500    0.936994   0.975882   0.0388881   1048     1783     
 947.82  470     13550    0.936997   0.975881   0.0388834   1067     1791     
 956.29  472     13605    0.937006   0.975877   0.0388715   1085     1797     
 965.83  474     13661    0.93701    0.975874   0.0388644   1091     1803     
 974.5   476     13700    0.93702    0.975861   0.0388415   1103     1808     
 983.41  477     13750    0.937025   0.975846   0.0388211   1116     1812     
 993.16  479     13800    0.937026   0.975846   0.0388199   1132     1817     
 1004.24 481     13850    0.937034   0.975822   0.0387887   1134     1825     
 1014.33 483     13901    0.937035   0.975821   0.0387861   1145     1831     
 1025.76 485     13953    0.937037   0.975821   0.0387839   1172     1837     
 1035.63 487     14007    0.937039   0.975794   0.0387549   1192     1843     
 1045.74 489     14061    0.93705    0.975779   0.0387291   1199     1849     
 1054.29 490     14100    0.937051   0.975763   0.0387118   1212     1855     
 1062.05 492     14150    0.937071   0.97575    0.0386785   1165     1858     
 1071.27 494     14200    0.937077   0.975745   0.0386683   1173     1863     
 1082.17 496     14250    0.93708    0.975745   0.0386645   1181     1869     
 1089.21 498     14305    0.93709    0.975745   0.0386552   1236     1873     
 1095.41 500     14359    0.937093   0.97574    0.0386465   1290     1876     
 1107.22 502     14413    0.937106   0.97574    0.0386342   1211     1882     
 1111.41 503     14450    0.937106   0.97574    0.0386341   1248     1884     
 1116.48 505     14500    0.937112   0.97574    0.0386278   1298     1886     
 1129.09 507     14550    0.937118   0.975726   0.0386079   1251     1894     
 1141.59 509     14601    0.937123   0.975726   0.0386033   1249     1901     
 1149.32 511     14655    0.937124   0.975716   0.0385923   1303     1906     
 1159.99 513     14709    0.937128   0.975708   0.0385806   1293     1911     
 1169.46 515     14761    0.93713    0.975708   0.0385781   1345     1917     
 1174.06 516     14800    0.937132   0.975703   0.038571    1384     1920     
 1184.11 518     14850    0.937135   0.975703   0.0385684   1340     1924     
 1193.82 520     14900    0.937135   0.975703   0.0385678   1390     1930     
 1207.31 522     14950    0.937135   0.975702   0.0385666   1369     1937     
 1216.33 524     15003    0.937138   0.975692   0.0385538   1422     1944     
 1225    526     15057    0.93716    0.975692   0.0385317   1476     1948     
 1236.34 528     15109    0.937162   0.975692   0.0385301   1411     1952     
 1247.32 530     15161    0.937162   0.97565    0.0384879   1463     1958     
 1255.98 532     15200    0.937163   0.97565    0.0384874   1502     1964     
 1266.44 533     15250    0.937164   0.975644   0.0384797   1484     1968     
 1275.45 535     15300    0.937166   0.975642   0.0384766   1534     1973     
 1287.22 537     15350    0.937166   0.975581   0.0384145   1584     1980     
 1301    539     15400    0.937172   0.975567   0.0383956   1557     1987     
 1311.86 541     15451    0.937174   0.975567   0.0383934   1608     1993     
 1323.01 543     15503    0.937176   0.975567   0.0383914   1660     1999     
 1337.67 545     15555    0.937177   0.97556    0.0383833   1629     2004     
 1348.78 547     15607    0.937178   0.97556    0.0383817   1681     2010     
 1360.25 549     15663    0.937183   0.975551   0.0383678   1737     2017     
 1370.13 550     15700    0.937184   0.975551   0.0383667   1641     2019     
 1378.1  552     15750    0.937195   0.975544   0.0383491   1691     2024     
 1389.39 554     15800    0.9372     0.975544   0.0383435   1741     2031     
 1399.58 556     15850    0.937202   0.975542   0.0383391   1791     2036     
 1412.74 558     15903    0.937205   0.975542   0.0383364   1734     2040     
 1422.35 560     15957    0.937212   0.975534   0.0383221   1788     2045     
 1434.08 562     16013    0.937216   0.975534   0.0383181   1844     2051     
 1443.43 563     16050    0.937216   0.975534   0.038318    1881     2057     
 1458.19 565     16100    0.937224   0.975534   0.0383095   1833     2061     
 1469.05 567     16150    0.937229   0.975534   0.0383049   1883     2067     
 1480.5  569     16200    0.937233   0.975534   0.0383013   1933     2072     
 1492.86 571     16250    0.937237   0.975417   0.0381793   1983     2078     
 1507.18 573     16300    0.93724    0.975417   0.0381768   1877     2083     
 1517.58 575     16351    0.93724    0.975392   0.0381518   1928     2089     
 1529.94 577     16403    0.937242   0.975392   0.0381499   1980     2095     
 1547.65 579     16457    0.937244   0.975368   0.0381239   1928     2103     
 1558.17 581     16509    0.937245   0.975354   0.0381095   1980     2108     
 1567.07 583     16561    0.937246   0.975349   0.038103    2032     2112     
 1574.31 584     16600    0.937246   0.975349   0.0381025   2071     2116     
 1580.45 586     16650    0.937248   0.975348   0.0380999   2031     2118     
 1590.88 588     16700    0.93725    0.975343   0.0380935   2081     2124     
 1606.05 590     16751    0.937252   0.975341   0.0380894   1621     2129     
 1614.88 592     16803    0.937252   0.975333   0.0380811   1673     2133     
 1624.61 594     16857    0.937256   0.975333   0.0380775   1727     2138     
 1635.08 596     16911    0.937264   0.975331   0.0380675   1781     2143     
 1647.95 597     16950    0.937264   0.975287   0.0380231   1544     2148     
 1657.79 599     17000    0.937265   0.975287   0.0380224   1594     2152     
 1669.89 601     17050    0.937267   0.975287   0.0380199   1644     2158     
 1681.27 603     17100    0.937268   0.975287   0.0380192   1694     2164     
 1697.58 605     17150    0.93727    0.97522    0.0379506   1554     2170     
 1708.05 607     17201    0.93727    0.97522    0.0379503   1605     2177     
 1719.15 609     17255    0.937274   0.97522    0.0379466   1659     2183     
 1728.82 611     17307    0.937276   0.975215   0.0379394   1559     2187     
 1744.26 613     17361    0.937277   0.975209   0.0379317   1583     2193     
 1751.62 614     17400    0.93728    0.975209   0.0379292   1622     2197     
 1758.08 616     17450    0.937282   0.9752     0.0379184   1672     2199     
 1766.92 618     17500    0.937283   0.9752     0.037917    1722     2203     
 1780.79 620     17550    0.937287   0.975186   0.0378992   1687     2211     
 1796.25 622     17600    0.937289   0.975186   0.0378976   1702     2216     
 1806.84 624     17651    0.937291   0.975186   0.0378949   1753     2221     
 1819.12 626     17703    0.937294   0.975118   0.0378241   1805     2226     
 1828.28 628     17755    0.937294   0.975117   0.0378229   1857     2230     
 1845.68 630     17809    0.937295   0.975115   0.0378199   1746     2237     
 1857.73 632     17861    0.937295   0.975091   0.0377963   1798     2243     
 1868.62 634     17900    0.937296   0.975091   0.0377948   1837     2249     
 1883.1  635     17950    0.937297   0.975091   0.0377943   1824     2253     
 1897.51 637     18000    0.937297   0.975091   0.0377938   1874     2259     
 1910.15 639     18050    0.937297   0.975083   0.0377859   1924     2265     
 1925.09 641     18100    0.9373     0.975018   0.0377172   1974     2272     
 1943.88 643     18150    0.937301   0.975016   0.037715    1919     2278     
 1957.66 645     18201    0.937302   0.975016   0.0377149   1970     2284     
 1969.31 647     18253    0.93731    0.975013   0.0377033   2022     2289     
 1981.41 649     18305    0.937316   0.975013   0.037697    2074     2294     
 1999.19 651     18357    0.937317   0.975007   0.0376903   1992     2298     
Writing policy file: ./4d8d1f98703_653_2009.61.policy
Intermediate policy written(interval: 2000)
 2009.61 653     18409    0.937318   0.975007   0.0376891   2044     2302     
 2020.64 655     18461    0.937318   0.975007   0.0376888   2096     2307     
 2030.9  657     18500    0.937318   0.975007   0.0376888   2135     2312     
 2039.86 658     18550    0.937319   0.975004   0.0376853   2185     2315     
 2059.68 660     18600    0.937322   0.975004   0.0376826   2095     2320     
 2070.93 662     18650    0.937323   0.974964   0.0376414   2145     2324     
 2085    664     18700    0.937325   0.974928   0.0376021   2195     2330     
 2099.5  666     18750    0.937326   0.974818   0.0374921   2245     2336     
 2111.34 668     18801    0.937327   0.974816   0.0374899   2296     2340     
 2122.56 670     18853    0.937327   0.974816   0.0374894   2207     2344     
 2142.14 672     18905    0.937328   0.974816   0.0374885   2172     2349     
 2152.92 674     18957    0.937329   0.974816   0.0374873   2224     2354     
 2164.6  676     19011    0.937334   0.974814   0.0374805   2278     2361     
 2173.81 677     19050    0.937335   0.974812   0.0374769   2317     2368     
 2181.69 679     19100    0.937338   0.974812   0.0374739   2367     2370     
 2195.43 681     19150    0.93735    0.974795   0.0374449   2289     2378     
 2210.44 683     19201    0.937357   0.974795   0.0374378   2340     2385     
 2233.07 685     19253    0.937361   0.974795   0.0374339   2286     2391     
 2248.22 687     19305    0.937367   0.974779   0.0374115   2338     2397     
 2261.46 689     19357    0.93737    0.974754   0.0373838   2390     2402     
 2276.59 691     19409    0.937371   0.974754   0.0373831   2442     2409     
 2285.78 692     19450    0.937376   0.97474    0.0373644   2483     2414     
 2298.66 694     19500    0.93738    0.97474    0.0373601   2319     2419     
 2325.4  696     19550    0.93738    0.97474    0.0373599   2286     2429     
 2338.13 698     19601    0.937383   0.974729   0.0373464   2337     2436     
 2354.33 700     19653    0.937393   0.974725   0.0373325   2389     2443     
 2374.34 702     19707    0.937397   0.974725   0.0373277   1747     2450     
 2386.72 704     19759    0.937401   0.974725   0.037324    1799     2455     
 2400.37 706     19811    0.937402   0.974718   0.0373159   1851     2461     
 2411.13 708     19850    0.937403   0.974718   0.0373149   1890     2467     
 2422.24 709     19900    0.937407   0.974715   0.0373085   1697     2469     
 2432.21 711     19950    0.937408   0.974715   0.0373067   1747     2473     
 2443.27 713     20000    0.937409   0.974715   0.0373056   1797     2478     
 2461.46 715     20050    0.93741    0.974715   0.0373053   1712     2484     
 2474    717     20100    0.937411   0.974708   0.0372976   1762     2490     
 2487.82 719     20151    0.937411   0.974701   0.0372896   1813     2496     
 2503.46 721     20203    0.937414   0.974558   0.0371436   1762     2500     
 2515.45 723     20255    0.937415   0.974557   0.0371425   1814     2505     
 2528.94 725     20309    0.937419   0.974557   0.0371386   1868     2511     
 2542.42 727     20350    0.937424   0.974535   0.0371112   1909     2518     
 2556.99 728     20400    0.937424   0.974534   0.0371093   1758     2522     
 2568.64 730     20450    0.937428   0.974534   0.0371061   1808     2526     
 2579.27 732     20500    0.937432   0.974534   0.037102    1858     2532     
 2589    734     20550    0.937432   0.974532   0.0370999   1908     2536     
 2602.1  736     20601    0.937434   0.974518   0.0370838   1789     2539     
 2616.12 738     20653    0.937435   0.974517   0.0370827   1841     2545     
 2626.37 740     20705    0.937437   0.97449    0.0370527   1893     2549     
 2640.47 742     20757    0.937442   0.974489   0.0370473   1945     2555     
 2658.67 744     20809    0.937442   0.974489   0.0370464   1848     2560     
 2668.31 746     20850    0.937446   0.974489   0.0370431   1889     2565     
 2677.37 747     20900    0.937449   0.974489   0.0370395   1939     2568     
 2687.69 749     20950    0.937449   0.974489   0.0370394   1989     2572     
 2705.82 751     21000    0.937451   0.974445   0.0369938   1905     2577     
 2720.31 753     21050    0.937456   0.974445   0.0369889   1955     2583     
 2736.26 755     21100    0.937459   0.974427   0.0369686   2005     2589     
 2750.19 757     21151    0.937459   0.974422   0.0369637   2056     2595     
 2770.5  759     21203    0.937459   0.974422   0.0369625   1979     2601     
 2784.35 761     21255    0.937464   0.974395   0.0369307   2031     2607     
 2804.94 763     21307    0.937464   0.974394   0.0369301   2083     2613     
 2826    765     21359    0.937467   0.974394   0.036928    2040     2619     
 2838.59 767     21411    0.937469   0.974376   0.036907    2092     2624     
 2850.72 769     21450    0.937469   0.974376   0.0369069   2131     2629     
 2863.77 770     21500    0.937472   0.974332   0.0368604   2181     2634     
 2875.9  772     21550    0.937472   0.974325   0.036853    2231     2638     
 2895.17 774     21600    0.937473   0.97432    0.036847    2112     2643     
 2912.83 776     21650    0.937474   0.974319   0.0368451   2162     2651     
 2924.33 778     21700    0.937475   0.974317   0.0368421   2212     2656     
 2940.1  780     21751    0.937475   0.974317   0.0368418   2263     2661     
 2954.49 782     21803    0.937476   0.974317   0.0368407   2315     2667     
 2974.38 784     21855    0.937477   0.974314   0.0368373   2190     2672     
 2989.42 786     21907    0.937478   0.974314   0.0368366   2242     2678     
 3004.89 788     21950    0.937478   0.974304   0.0368256   2285     2686     
 3020.21 789     22000    0.937479   0.974304   0.0368243   2335     2691     
 3032.34 791     22050    0.937482   0.974294   0.036812    2385     2695     
 3055.91 793     22100    0.937485   0.974284   0.0367994   2300     2701     
 3070.89 795     22150    0.937485   0.974284   0.0367989   2350     2707     
 3082.49 797     22200    0.937486   0.974284   0.0367979   2400     2712     
 3094.22 799     22253    0.937491   0.974284   0.0367936   2453     2718     
 3109.63 801     22305    0.937491   0.974284   0.0367928   2505     2724     
 3124.63 803     22357    0.937494   0.974284   0.0367899   2387     2730     
 3136.33 805     22409    0.937494   0.974284   0.0367898   2439     2734     
 3158.99 807     22450    0.937495   0.974279   0.0367836   2391     2740     
 3169.02 808     22500    0.937498   0.974279   0.0367805   2441     2743     
 3182.52 810     22550    0.937505   0.974279   0.0367743   2491     2747     
 3195.5  812     22600    0.937506   0.974265   0.0367584   2541     2751     
 3206.83 814     22650    0.937506   0.974263   0.0367566   2591     2755     
 3220.55 816     22701    0.937508   0.974242   0.0367347   2520     2760     
 3232.26 818     22755    0.93751    0.974242   0.0367322   2574     2764     
 3253.46 820     22807    0.937511   0.974242   0.0367308   2539     2768     
 3264.19 822     22859    0.937512   0.974215   0.0367026   2591     2771     
 3277.91 824     22911    0.937514   0.974213   0.0366992   2643     2776     
 3288.37 826     22950    0.937515   0.974213   0.0366986   2682     2779     
 3301.47 827     23000    0.937517   0.974204   0.0366864   2732     2783     
 3312.97 829     23050    0.937518   0.974204   0.0366859   2782     2786     
 3333.71 831     23100    0.937519   0.974129   0.0366106   2552     2790     
 3347.18 833     23150    0.937519   0.974129   0.0366098   2602     2794     
 3361.08 835     23200    0.937522   0.974116   0.036594    2652     2799     
 3374.2  837     23251    0.937523   0.974109   0.0365857   2703     2803     
 3386.38 839     23303    0.937523   0.974105   0.0365821   2755     2806     
 3406.25 841     23355    0.937523   0.974105   0.0365817   2653     2809     
 3425.01 843     23407    0.937524   0.974077   0.0365533   2705     2816     
 3437.94 845     23459    0.937524   0.974075   0.0365513   2757     2821     
 3454.1  847     23511    0.937525   0.974075   0.0365505   2809     2826     
 3476.48 849     23550    0.937525   0.974075   0.0365505   2738     2831     
 3491.43 850     23600    0.937528   0.974075   0.0365467   2788     2836     
 3503.65 852     23650    0.937531   0.974075   0.0365445   2838     2839     
 3519.64 854     23700    0.937531   0.974071   0.0365398   2888     2846     
 3531.47 856     23751    0.937534   0.974071   0.0365371   2939     2849     
 3553.34 858     23803    0.937534   0.974071   0.036537    2698     2853     
 3569.37 860     23855    0.937539   0.974071   0.0365324   2750     2859     
 3583.62 862     23909    0.937541   0.974071   0.0365294   2804     2863     
 3601.67 864     23961    0.937542   0.974071   0.0365287   2856     2868     
 3613.73 866     24000    0.937542   0.974071   0.0365286   2895     2872     
 3639.89 867     24050    0.937543   0.974071   0.0365276   2715     2878     
 3655.52 869     24100    0.937544   0.97406    0.0365167   2765     2883     
 3669.07 871     24150    0.937545   0.974028   0.0364835   2815     2887     
 3690.11 873     24200    0.937547   0.974028   0.036481    2865     2893     
 3714    875     24250    0.937547   0.974027   0.0364801   2778     2898     
 3727.93 877     24300    0.937547   0.974026   0.0364782   2828     2902     
 3743.43 879     24350    0.937548   0.974018   0.03647     2878     2907     
 3756.31 881     24401    0.937548   0.974017   0.0364693   2929     2911     
 3766.61 883     24453    0.937549   0.974011   0.0364622   2981     2914     
 3783.19 885     24505    0.937551   0.97401    0.0364596   3033     2919     
 3813.18 887     24557    0.937551   0.974      0.036449    2892     2925     
 3831.45 889     24607    0.937552   0.974      0.0364477   2942     2931     
 3845.89 891     24659    0.937553   0.973996   0.0364439   2994     2937     
 3861.11 893     24700    0.937554   0.973996   0.0364423   3035     2944     
 3877.28 894     24750    0.937554   0.973985   0.0364312   3085     2950     
 3905.5  896     24800    0.937554   0.973985   0.036431    2897     2955     
 3924.35 898     24850    0.937555   0.973985   0.0364306   2947     2961     
 3940.56 900     24900    0.937556   0.973968   0.0364126   2997     2966     
 3965.27 902     24950    0.937556   0.973968   0.0364121   3047     2974     
 3978.89 904     25000    0.937556   0.973964   0.0364079   3097     2978     
 3996.35 906     25051    0.937558   0.973943   0.0363854   3148     2985     
Writing policy file: ./4d8d1f98703_908_4021.93.policy
Intermediate policy written(interval: 2000)
 4021.93 908     25103    0.937559   0.973942   0.0363837   2895     2990     
 4037.5  910     25157    0.93756    0.973942   0.0363825   2949     2995     
 4059.51 912     25209    0.937561   0.973844   0.0362828   3001     3002     
 4080.86 914     25261    0.937562   0.973844   0.0362825   3053     3008     
 4097.96 916     25300    0.937562   0.973844   0.0362821   3092     3014     
 4127.53 917     25350    0.937563   0.973844   0.0362807   2984     3019     
 4147.44 919     25400    0.937564   0.973844   0.0362802   3034     3025     
 4164.94 921     25450    0.937564   0.973836   0.0362716   3084     3031     
 4182.87 923     25500    0.937565   0.973836   0.036271    3134     3037     
 4199.37 925     25550    0.937568   0.973835   0.0362672   3184     3043     
 4214.98 927     25601    0.937569   0.973834   0.0362645   3235     3050     
 4241.48 929     25655    0.93757    0.973833   0.0362621   3106     3055     
 4265.54 931     25707    0.937571   0.973832   0.0362614   3158     3063     
 4284.6  933     25759    0.937571   0.973827   0.0362558   3210     3069     
 4309.01 935     25811    0.937572   0.973826   0.0362546   3262     3076     
 4327.62 937     25850    0.937572   0.973826   0.0362546   3301     3082     
 4371.91 938     25900    0.937572   0.973825   0.0362528   3184     3093     
 4392.57 940     25950    0.937576   0.973825   0.036249    3234     3099     
 4416.07 942     26000    0.937576   0.973825   0.0362486   3284     3105     
 4438.25 944     26050    0.937576   0.973823   0.0362464   3334     3111     
 4465.65 946     26100    0.937578   0.97374    0.0361622   3384     3119     
 4505.31 948     26151    0.937578   0.97374    0.0361621   3310     3125     
 4523.63 950     26200    0.937578   0.97373    0.0361518   3359     3129     
 4546.41 952     26251    0.937579   0.973716   0.0361376   3410     3135     
 4571.42 954     26307    0.937586   0.973705   0.0361187   3466     3143     
 4594.05 956     26359    0.93759    0.973705   0.036115    3518     3149     
 4614.28 958     26411    0.937592   0.973705   0.0361132   3570     3155     
 4647.63 960     26450    0.937593   0.973705   0.0361115   3156     3161     
 4665.78 961     26500    0.937596   0.973638   0.0360418   3206     3166     
 4681.15 963     26550    0.937598   0.973636   0.0360383   3256     3170     
 4702.78 965     26600    0.937598   0.973636   0.0360374   3306     3176     
 4721.85 967     26650    0.9376     0.973615   0.036015    3356     3182     
 4743.5  969     26700    0.937602   0.973614   0.036012    3406     3188     
 4758.69 971     26750    0.937602   0.973614   0.0360116   3456     3192     
 4780.06 973     26801    0.937602   0.973613   0.0360113   3114     3198     
 4814.37 975     26853    0.937604   0.97361    0.0360055   3076     3204     
 4837.52 977     26907    0.937605   0.973605   0.0359993   3130     3210     
 4859.26 979     26959    0.937606   0.973605   0.0359988   3182     3216     
 4873.65 981     27009    0.937607   0.973605   0.0359982   3232     3219     
 4893.71 983     27061    0.937607   0.973604   0.0359976   3284     3225     
 4917.64 985     27100    0.937607   0.973602   0.0359951   3124     3229     
 4936.38 986     27150    0.937607   0.973602   0.0359948   3174     3234     
 4950.37 988     27200    0.937608   0.973602   0.0359937   3224     3237     
 4967.96 990     27250    0.937609   0.973602   0.0359935   3274     3241     
 4987.97 992     27300    0.937609   0.973601   0.0359929   3324     3247     
 5017.67 994     27350    0.93761    0.973599   0.0359883   3109     3252     
 5033.27 996     27400    0.937632   0.973599   0.0359666   3159     3257     
 5050.04 998     27451    0.937636   0.973595   0.0359593   3210     3262     
 5070.91 1000    27503    0.93764    0.973595   0.0359555   3262     3267     
 5093.28 1002    27557    0.937643   0.973574   0.0359307   3316     3274     
 5112.58 1004    27609    0.937648   0.973574   0.0359257   3368     3279     
 5144.91 1006    27659    0.937649   0.973572   0.0359226   3091     3285     
 5162.7  1008    27709    0.93765    0.973562   0.0359121   3141     3291     
 5178.99 1010    27761    0.93765    0.97356    0.03591     3193     3295     
 5194.02 1011    27800    0.937651   0.97356    0.0359093   3232     3301     
 5209.77 1013    27850    0.937651   0.97356    0.0359091   3282     3304     
 5228.76 1015    27900    0.937651   0.973559   0.0359075   3332     3309     
 5263.07 1017    27950    0.937654   0.973558   0.0359049   3197     3316     
 5284.86 1019    28001    0.937666   0.973556   0.03589     3248     3324     
 5301.63 1021    28053    0.937667   0.973554   0.0358861   3300     3329     
 5313.87 1023    28105    0.937668   0.973553   0.0358844   3352     3332     
 5329.35 1025    28157    0.93767    0.973553   0.0358823   3404     3336     
 5344.57 1027    28209    0.937672   0.973552   0.0358796   3456     3340     
 5373.69 1029    28250    0.937673   0.97355    0.0358772   3349     3345     
 5390.91 1030    28300    0.937673   0.973546   0.0358724   3399     3349     
 5404.61 1032    28350    0.937675   0.973546   0.0358704   3449     3352     
 5425.86 1034    28400    0.937677   0.973546   0.0358687   3499     3359     
 5444.96 1036    28450    0.937678   0.973545   0.0358669   3549     3364     
 5459.14 1038    28501    0.937697   0.973542   0.0358453   3600     3368     
 5488.34 1040    28553    0.937702   0.973501   0.0357984   3180     3372     
 5504.66 1042    28605    0.937706   0.973501   0.0357945   3232     3376     
 5517.05 1044    28653    0.937707   0.973501   0.0357941   3280     3378     
 5533.58 1046    28703    0.937707   0.973501   0.0357934   3330     3382     
 5558.03 1048    28755    0.937709   0.973501   0.0357913   3382     3389     
 5591.04 1050    28807    0.937711   0.973491   0.0357803   3071     3397     
 5610.67 1052    28859    0.937713   0.973489   0.0357759   3123     3403     
 5627.59 1054    28911    0.937714   0.973489   0.0357756   3175     3407     
 5643.03 1056    28950    0.937714   0.973485   0.0357716   3214     3412     
 5668.49 1058    29000    0.937714   0.973467   0.0357531   3091     3416     
 5680.43 1059    29050    0.937715   0.973467   0.035752    3141     3419     
 5696.3  1061    29100    0.93772    0.973461   0.0357413   3191     3423     
 5711.27 1063    29150    0.937721   0.973461   0.0357401   3241     3427     
 5729.87 1065    29200    0.937725   0.97346    0.0357344   3291     3432     
 5753.81 1067    29250    0.937726   0.973459   0.0357327   3135     3435     
 5768.88 1069    29300    0.937726   0.973459   0.0357325   3185     3438     
 5787.32 1071    29350    0.937727   0.973459   0.0357317   3235     3443     
 5808.89 1073    29400    0.937728   0.973458   0.0357298   3285     3449     
 5823.21 1075    29450    0.937732   0.973458   0.0357261   3335     3452     
 5846.04 1077    29500    0.937733   0.973445   0.0357117   3148     3455     
 5864.27 1079    29550    0.937733   0.973445   0.0357117   3198     3461     
 5884.76 1081    29603    0.93774    0.973445   0.0357049   3251     3467     
 5903.04 1083    29655    0.937741   0.973445   0.0357036   3303     3472     
 5932.84 1085    29707    0.937742   0.97335    0.0356077   3097     3477     
 5952.56 1087    29759    0.937742   0.97335    0.0356077   3149     3482     
 5968.8  1089    29809    0.937743   0.973347   0.0356036   3199     3485     
 5989.24 1091    29861    0.937747   0.973347   0.0356      3251     3491     
 6005.12 1093    29900    0.937747   0.973335   0.0355879   3290     3495     
Writing policy file: ./4d8d1f98703_1094_6029.93.policy
Intermediate policy written(interval: 2000)
 6029.93 1094    29950    0.937749   0.973335   0.0355861   3163     3499     
 6045.7  1096    30000    0.937758   0.973332   0.0355739   3213     3503     
 6064.76 1098    30050    0.937762   0.973332   0.0355702   3263     3508     
 6085.8  1100    30100    0.937763   0.973331   0.0355681   3313     3514     
 6110.65 1102    30150    0.937765   0.973293   0.0355278   3222     3517     
 6132.47 1104    30200    0.937765   0.973293   0.0355276   3272     3523     
 6144.91 1106    30250    0.937769   0.973293   0.0355238   3322     3525     
 6170.76 1108    30303    0.93777    0.973293   0.0355224   3375     3534     
 6186.13 1110    30355    0.937771   0.973291   0.0355203   3427     3537     
 6210.7  1112    30407    0.937772   0.973291   0.035519    3268     3540     
 6223.51 1114    30459    0.937778   0.973287   0.0355093   3320     3543     
 6240.59 1116    30509    0.93778    0.973287   0.035507    3370     3547     
 6266.7  1118    30563    0.937786   0.973287   0.0355015   3424     3554     
 6288.97 1119    30600    0.937787   0.973287   0.0355004   3461     3560     
 6314.06 1121    30650    0.937788   0.973218   0.0354308   3304     3563     
 6330.83 1123    30700    0.937789   0.973218   0.035429    3354     3566     
 6347.21 1125    30750    0.937791   0.973217   0.0354258   3404     3570     
 6371.26 1127    30800    0.937792   0.973217   0.0354251   3454     3576     
 6401.82 1129    30850    0.937792   0.973191   0.0353986   3353     3582     
 6419.93 1131    30901    0.937799   0.973187   0.0353885   3404     3588     
 6442.69 1133    30953    0.937801   0.973187   0.0353866   3456     3593     
 6472.65 1135    31005    0.937802   0.973162   0.0353595   3508     3601     
 6510.25 1137    31057    0.937806   0.973162   0.0353554   3432     3609     
 6537.81 1139    31109    0.937809   0.973162   0.0353531   3484     3617     
 6561.85 1141    31161    0.93781    0.973155   0.0353448   3536     3623     
 6581.99 1143    31211    0.937813   0.973155   0.0353415   3586     3627     
 6618.09 1145    31261    0.93782    0.973155   0.035335    3452     3634     
 6639.46 1147    31300    0.937828   0.973137   0.0353089   3491     3640     
 6654.47 1148    31350    0.937828   0.973133   0.0353051   3541     3645     
 6670.67 1150    31400    0.937829   0.973132   0.0353035   3591     3649     
 6691.89 1152    31450    0.937829   0.973127   0.0352986   3641     3655     
 6728.3  1154    31500    0.93783    0.973127   0.0352976   3558     3660     
 6745.56 1156    31550    0.93783    0.973126   0.0352964   3608     3664     
 6760.11 1158    31600    0.937831   0.973124   0.0352936   3658     3667     
 6782.75 1160    31650    0.937836   0.973124   0.0352882   3708     3673     
 6797    1162    31701    0.937836   0.973124   0.0352881   3759     3676     
 6815.52 1164    31751    0.937846   0.97311    0.0352636   3809     3680     
 6849.45 1166    31803    0.937846   0.97311    0.0352633   3699     3685     
 6865.99 1168    31853    0.937847   0.97311    0.0352624   3749     3688     
 6882.52 1170    31901    0.937849   0.973109   0.0352602   3797     3691     
 6899.1  1172    31953    0.937849   0.973107   0.0352579   3849     3695     
 6917.32 1174    32003    0.937849   0.973107   0.0352579   3899     3699     
 6942.48 1176    32055    0.937853   0.973107   0.0352535   3951     3705     
 6978.15 1178    32107    0.937855   0.973107   0.0352517   3764     3710     
 6999.5  1180    32159    0.93786    0.973107   0.0352467   3816     3715     
 7019.52 1181    32200    0.93786    0.973107   0.0352466   3857     3722     
 7037.04 1183    32250    0.937861   0.973105   0.035244    3907     3725     
 7055.01 1185    32300    0.937863   0.973102   0.0352389   3957     3729     
 7085.2  1187    32350    0.937864   0.973102   0.0352379   3788     3734     
 7105.6  1189    32400    0.937865   0.973102   0.0352368   3838     3738     
 7126.35 1191    32450    0.937866   0.973102   0.035236    3888     3742     
 7146.84 1193    32500    0.937866   0.973102   0.0352359   3938     3746     
 7164.17 1195    32550    0.937866   0.973102   0.0352358   3988     3749     
 7201.26 1197    32600    0.937866   0.973102   0.0352356   3893     3755     
 7233.93 1199    32650    0.937866   0.973102   0.0352354   3943     3763     
 7248.75 1201    32700    0.937867   0.973102   0.0352352   3993     3765     
 7273.75 1203    32750    0.93787    0.973088   0.0352183   4043     3771     
 7295.4  1205    32800    0.93787    0.973085   0.0352148   4093     3778     
 7329.24 1207    32850    0.937871   0.973084   0.0352132   3901     3783     
 7350.98 1209    32900    0.937873   0.973084   0.0352111   3951     3788     
 7377.93 1211    32950    0.937876   0.973009   0.0351325   4001     3794     
 7394.11 1213    33000    0.937876   0.973009   0.0351323   4051     3797     
 7418.6  1215    33050    0.937877   0.973009   0.0351317   4101     3802     
 7438.06 1217    33100    0.937881   0.973009   0.0351277   4151     3806     
 7479.57 1219    33150    0.937885   0.973004   0.0351188   3881     3812     
 7495.85 1221    33200    0.937886   0.973004   0.0351178   3931     3816     
 7518.25 1223    33250    0.937887   0.973004   0.035117    3981     3820     
 7540.58 1225    33301    0.937887   0.973002   0.0351145   4032     3825     
 7566.28 1227    33353    0.937888   0.973002   0.0351141   4084     3831     
 7582.16 1229    33403    0.937888   0.973      0.0351119   4134     3834     
 7598.63 1231    33451    0.937889   0.973      0.0351109   4182     3837     
 7635.49 1233    33501    0.937889   0.97297    0.0350808   3945     3841     
 7652.49 1235    33551    0.93789    0.97297    0.0350801   3995     3845     
 7675.83 1237    33601    0.937894   0.97297    0.0350765   4045     3851     
 7694.68 1239    33653    0.937894   0.972969   0.0350755   4097     3855     
 7718.02 1241    33707    0.937895   0.972964   0.0350686   4151     3861     
 7732.76 1243    33757    0.937896   0.972964   0.0350681   4201     3863     
 7752.44 1245    33809    0.937896   0.972964   0.035068    4253     3868     
 7765.83 1247    33857    0.937896   0.972964   0.035068    4301     3870     
 7811.32 1249    33907    0.937896   0.972964   0.0350677   4072     3876     
 7837.05 1251    33959    0.937897   0.972964   0.035067    4124     3882     
 7856.91 1253    34000    0.937897   0.972957   0.0350603   4165     3888     
 7884.97 1255    34050    0.937898   0.972929   0.0350316   4215     3894     
 7899.79 1256    34100    0.937899   0.972929   0.0350302   4265     3896     
 7921.64 1258    34150    0.9379     0.972929   0.0350296   4315     3901     
 7947.25 1260    34200    0.9379     0.972929   0.0350294   4365     3906     
 7985.93 1262    34250    0.937901   0.972929   0.0350283   4234     3910     
 8005.93 1264    34300    0.937901   0.972929   0.0350282   4284     3914     
 8028.71 1266    34350    0.937902   0.972929   0.0350278   4334     3918     
Writing policy file: ./4d8d1f98703_1268_8048.9.policy
Intermediate policy written(interval: 2000)
 8048.9  1268    34400    0.937902   0.972929   0.0350273   4384     3922     
 8070.8  1270    34450    0.937903   0.972929   0.035026    4434     3926     
 8094.52 1272    34500    0.937903   0.972928   0.0350248   4484     3933     
 8121.59 1274    34550    0.937907   0.972928   0.0350213   4534     3938     
 8167.74 1276    34600    0.937907   0.972928   0.0350212   4388     3943     
 8186.58 1278    34650    0.937907   0.972927   0.0350196   4438     3946     
 8205.49 1280    34700    0.937911   0.972927   0.0350161   4488     3950     
 8226.6  1282    34750    0.937912   0.972927   0.0350153   4538     3954     
 8247.18 1284    34800    0.937912   0.972927   0.0350147   4588     3958     
 8280.1  1286    34850    0.937913   0.972927   0.035014    4638     3965     
 8313.53 1288    34900    0.937913   0.972926   0.0350125   4688     3972     
 8365.61 1291    34950    0.937914   0.972913   0.0349988   4511     3979     
 8396.13 1292    35000    0.937916   0.972898   0.0349819   4561     3986     
 8423.25 1295    35061    0.937916   0.972897   0.0349804   4622     3990     
 8443.67 1297    35100    0.937916   0.972897   0.0349802   4661     3994     
 8471.19 1299    35161    0.937917   0.972896   0.0349791   4722     3999     
 8514.1  1301    35211    0.937919   0.972881   0.0349621   4772     4008     
 8566.41 1303    35259    0.93792    0.972878   0.0349589   4639     4014     
 8589.77 1305    35311    0.93792    0.972878   0.0349586   4691     4018     
 8615.78 1307    35359    0.93792    0.972878   0.0349583   4739     4023     
 8643.8  1309    35409    0.937921   0.972878   0.0349574   4789     4029     
 8672.09 1311    35459    0.937921   0.972876   0.0349556   4839     4034     
 8697.2  1313    35509    0.937921   0.972876   0.0349556   4889     4039     
 8723.78 1315    35557    0.937921   0.972865   0.0349443   4937     4044     
 8771.67 1317    35605    0.937921   0.972861   0.0349401   4664     4048     
 8802.77 1319    35655    0.937922   0.972861   0.0349391   4714     4054     
 8821.31 1321    35703    0.937922   0.972861   0.0349391   4762     4056     
 8847.26 1323    35755    0.937922   0.972861   0.034939    4814     4063     
 8872.08 1325    35805    0.937922   0.972861   0.0349388   4864     4068     
 8901.98 1327    35853    0.937922   0.972859   0.0349364   4912     4074     
 8930.75 1329    35903    0.937927   0.972783   0.0348561   4962     4080     
 8953.7  1331    35953    0.937927   0.972781   0.0348547   5012     4084     
 8974.59 1333    36003    0.937928   0.972781   0.0348531   5062     4088     
 9035.23 1335    36057    0.937929   0.97278    0.0348516   4774     4095     
 9059.76 1337    36107    0.93793    0.97278    0.0348507   4824     4099     
 9086.5  1339    36157    0.93793    0.97278    0.0348499   4874     4105     
 9116.79 1341    36209    0.937931   0.97278    0.0348496   4926     4112     
 9148.69 1343    36259    0.937931   0.97278    0.0348492   4976     4119     
 9180.14 1345    36311    0.937931   0.972776   0.0348453   5028     4126     
 9209.7  1347    36359    0.937932   0.97277    0.034838    5076     4132     
 9238.78 1349    36409    0.937935   0.972766   0.0348311   5126     4138     
 9260.53 1351    36457    0.937935   0.972766   0.0348309   5174     4141     
 9322.23 1353    36507    0.937935   0.972766   0.0348307   5019     4148     
 9355.27 1355    36559    0.937935   0.972766   0.0348304   5071     4155     
 9377.79 1357    36611    0.937937   0.972737   0.0348004   5123     4159     
 9405.7  1359    36659    0.937937   0.972699   0.034762    5171     4164     
 9438.8  1361    36711    0.93794    0.972694   0.0347534   5223     4170     
 9457.91 1363    36750    0.93794    0.972691   0.0347508   5262     4175     
 9473.82 1364    36800    0.937941   0.972688   0.0347466   5312     4177     
 9497.76 1366    36850    0.937942   0.972688   0.034746    5362     4181     
 9523.32 1368    36900    0.937942   0.972685   0.0347432   5412     4185     
 9551.11 1371    36950    0.937942   0.972684   0.0347425   5462     4190     
 9578.39 1372    37000    0.937942   0.972684   0.0347419   5512     4195     
 9635.66 1374    37050    0.937943   0.972684   0.0347414   5179     4200     
 9660.67 1376    37100    0.937943   0.972684   0.034741    5229     4204     
 9681.49 1378    37150    0.937945   0.972683   0.0347384   5279     4209     
 9711.06 1380    37200    0.937946   0.972683   0.034737    5329     4215     
 9736.03 1382    37250    0.937946   0.972683   0.0347369   5379     4221     
 9767.28 1384    37300    0.937947   0.972683   0.0347365   5429     4226     
 9789.1  1386    37350    0.937947   0.972683   0.0347364   5479     4229     
 9819.66 1388    37400    0.937947   0.972675   0.0347281   5529     4234     
 9848.61 1390    37450    0.937947   0.972674   0.034727    5579     4240     
 9878.26 1392    37500    0.937948   0.972671   0.0347226   5629     4247     
 9898.15 1394    37550    0.937949   0.972671   0.0347215   5679     4249     
 9963.8  1396    37600    0.937949   0.972671   0.0347212   5232     4255     
 9987.94 1398    37650    0.93795    0.972666   0.0347159   5282     4259     
 10017.5 1400    37700    0.93795    0.972666   0.0347159   5332     4264     
 10044.9 1402    37750    0.93795    0.972666   0.0347156   5382     4269     
Writing policy file: ./4d8d1f98703_1404_10074.policy
Intermediate policy written(interval: 2000)
 10074   1404    37800    0.93795    0.972666   0.0347156   5432     4274     
-------------------------------------------------------------------------------

SARSOP finishing ...
  Preset timeout reached
  Timeout     : 10000.000000s
  Actual Time : 10074.000000s

-------------------------------------------------------------------------------
 Time   |#Trial |#Backup |LBound    |UBound    |Precision  |#Alphas |#Beliefs  
-------------------------------------------------------------------------------
 10075.2 1404    37800    0.93795    0.972666   0.0347156   5312     4274     
-------------------------------------------------------------------------------

Writing out policy ...
  output file : ./4d8d1f98703.policyx

