
Loading the model ...
  input file   : /home/rstudio/pomdp-solutions-library/4d54fe4ce9d.pomdpx
  loading time : 4.68s 

SARSOP initializing ...
  initialization time : 1651.08s

-------------------------------------------------------------------------------
 Time   |#Trial |#Backup |LBound    |UBound    |Precision  |#Alphas |#Beliefs  
-------------------------------------------------------------------------------
 1651.08 0       0        1.30268    4.1577     2.85502     100      1        
 1665.36 2       50       2.48268    3.98058    1.49789     15       22       
 1680.28 4       100      2.99631    3.98053    0.984223    12       34       
 1707.59 6       150      3.30068    3.98042    0.679739    11       49       
 1765.26 8       200      3.48357    3.98036    0.49679     18       71       
 1830.64 11      261      3.65458    3.98025    0.325668    15       90       
 1921.85 13      309      3.72756    3.98019    0.252627    14       111      
 2027.19 15      357      3.77292    3.98013    0.207206    13       132      
 2159.32 17      407      3.81186    3.98008    0.16822     11       153      
 2326.59 19      459      3.84485    3.97996    0.135112    14       176      
 2496.69 21      509      3.86698    3.9799     0.112912    11       196      
 2705.71 23      561      3.88501    3.97985    0.0948388   12       219      
 2901.18 25      600      3.89315    3.97982    0.0866609   15       238      
 3092.18 26      650      3.9045     3.97976    0.0752547   13       257      
 3261.66 28      700      3.91404    3.97972    0.0656726   15       271      
 3523.91 30      750      3.9218     3.97963    0.0578385   15       290      
Writing policy file: ./4d54fe4ce9d_32_3763.82.policy
Intermediate policy written(interval: 2000)
 3763.82 32      800      3.92825    3.97961    0.0513544   15       306      
 4026.99 34      850      3.93254    3.97957    0.0470354   16       325      
 4360.97 36      900      3.93782    3.97951    0.041695    15       344      
 4839.9  38      951      3.94235    3.97948    0.0371369   14       364      
 5203.48 40      1003     3.94614    3.97941    0.0332708   18       378      
 5669.89 42      1055     3.94884    3.97938    0.0305387   20       399      
Writing policy file: ./4d54fe4ce9d_44_6106.32.policy
Intermediate policy written(interval: 2000)
 6106.32 44      1107     3.95168    3.97933    0.0276576   20       420      
 6633.54 46      1159     3.95387    3.97929    0.0254183   20       441      
 7308.08 48      1211     3.95574    3.97927    0.0235222   19       464      
 7999.09 50      1250     3.95664    3.97925    0.02261     20       485      
Writing policy file: ./4d54fe4ce9d_51_8560.37.policy
Intermediate policy written(interval: 2000)
 8560.37 51      1300     3.95825    3.97919    0.0209438   23       503      
 9279.31 53      1350     3.95944    3.97917    0.0197299   24       523      
 9943.69 55      1400     3.9609     3.97915    0.018248    21       541      
Writing policy file: ./4d54fe4ce9d_57_10635.6.policy
Intermediate policy written(interval: 2000)
 10635.6 57      1450     3.96177    3.97911    0.0173408   23       560      
-------------------------------------------------------------------------------

SARSOP finishing ...
  Preset timeout reached
  Timeout     : 10000.000000s
  Actual Time : 10635.560000s

-------------------------------------------------------------------------------
 Time   |#Trial |#Backup |LBound    |UBound    |Precision  |#Alphas |#Beliefs  
-------------------------------------------------------------------------------
 10635.6 57      1450     3.96177    3.97911    0.0173408   23       560      
-------------------------------------------------------------------------------

Writing out policy ...
  output file : ./4d54fe4ce9d.policyx

