
Loading the model ...
  input file   : /home/rstudio/pomdp-solutions-library/4d71683f1e5.pomdpx
  loading time : 4.51s 

SARSOP initializing ...
  initialization time : 601.46s

-------------------------------------------------------------------------------
 Time   |#Trial |#Backup |LBound    |UBound    |Precision  |#Alphas |#Beliefs  
-------------------------------------------------------------------------------
 601.46  0       0        0.915197   1.45919    0.543994    100      1        
 611.25  4       57       1.16954    1.39118    0.22164     31       27       
 627.26  7       101      1.23531    1.39096    0.155653    32       45       
 644.16  10      150      1.25513    1.39076    0.135626    41       59       
 683.06  14      200      1.2759     1.39073    0.114824    39       81       
 725.44  19      253      1.28877    1.39058    0.101813    36       100      
 784.92  23      300      1.29432    1.39046    0.0961406   30       121      
 867.74  28      350      1.29938    1.39008    0.0907083   33       140      
 912.5   33      401      1.30439    1.39005    0.0856572   27       154      
 1003.66 38      453      1.30627    1.38991    0.0836423   32       175      
 1120.32 43      503      1.31101    1.38595    0.0749392   38       196      
 1284.66 46      550      1.31174    1.38594    0.0741979   34       219      
 1448.36 50      601      1.31229    1.38592    0.0736303   37       238      
 1679.27 54      650      1.31308    1.3859     0.0728253   38       258      
 2010.6  58      700      1.31349    1.38578    0.072289    41       280      
 2423.4  62      750      1.31378    1.38567    0.0718873   48       302      
Writing policy file: ./4d71683f1e5_67_2814.67.policy
Intermediate policy written(interval: 2000)
 2814.67 67      805      1.31406    1.38564    0.0715825   45       322      
 3233.86 71      850      1.31431    1.38563    0.0713202   44       342      
 3687.04 76      903      1.31444    1.38561    0.0711733   48       362      
 4236.64 81      950      1.31453    1.38549    0.0709597   52       382      
 4795.97 85      1001     1.31468    1.38545    0.0707675   56       401      
Writing policy file: ./4d71683f1e5_89_5465.77.policy
Intermediate policy written(interval: 2000)
 5465.77 89      1050     1.31472    1.38543    0.0707118   54       424      
 5844.31 94      1101     1.31581    1.3854     0.069593    47       442      
 6475.8  99      1150     1.31623    1.38539    0.0691659   46       464      
 7141.74 103     1200     1.31649    1.38539    0.0688981   48       483      
Writing policy file: ./4d71683f1e5_108_7983.23.policy
Intermediate policy written(interval: 2000)
 7983.23 108     1255     1.31665    1.38533    0.0686715   50       505      
 8709.52 112     1300     1.31682    1.38527    0.0684455   52       522      
 9606.81 117     1350     1.31697    1.38524    0.0682703   56       541      
Writing policy file: ./4d71683f1e5_122_10752.6.policy
Intermediate policy written(interval: 2000)
 10752.6 122     1405     1.31847    1.38328    0.0648093   63       564      
-------------------------------------------------------------------------------

SARSOP finishing ...
  Preset timeout reached
  Timeout     : 10000.000000s
  Actual Time : 10752.590000s

-------------------------------------------------------------------------------
 Time   |#Trial |#Backup |LBound    |UBound    |Precision  |#Alphas |#Beliefs  
-------------------------------------------------------------------------------
 10752.6 122     1405     1.31847    1.38328    0.0648093   63       564      
-------------------------------------------------------------------------------

Writing out policy ...
  output file : ./4d71683f1e5.policyx

