
Loading the model ...
  input file   : /home/rstudio/pomdp-solutions-library/4d73762231.pomdpx
  loading time : 4.97s 

SARSOP initializing ...
  initialization time : 1727.77s

-------------------------------------------------------------------------------
 Time   |#Trial |#Backup |LBound    |UBound    |Precision  |#Alphas |#Beliefs  
-------------------------------------------------------------------------------
 1727.77 0       0        0.504473   0.625051   0.120578    100      1        
 1766.47 2       57       0.530541   0.587127   0.0565858   35       23       
 1796.86 3       100      0.53401    0.586372   0.052362    23       31       
 1825.91 4       150      0.534786   0.585575   0.0507883   25       39       
 1839.43 6       211      0.536726   0.585031   0.0483046   27       42       
 1843.17 7       250      0.537113   0.584784   0.0476715   27       44       
 1856.42 8       300      0.53743    0.584699   0.0472687   31       47       
 1891.51 10      367      0.537913   0.584648   0.0467352   35       52       
 1909.09 11      407      0.538075   0.584482   0.0464071   36       55       
 1928.46 12      450      0.538301   0.584438   0.0461371   35       58       
 1947.6  13      500      0.539176   0.584361   0.0451855   33       62       
 2103.42 15      569      0.540141   0.583433   0.0432918   40       74       
 2159.88 16      607      0.540224   0.583392   0.0431682   41       78       
 2216.83 17      650      0.540395   0.583153   0.042758    46       83       
 2307.78 18      700      0.540446   0.58313    0.0426843   47       88       
 2394.4  19      750      0.540658   0.583      0.042342    52       95       
 2522.7  21      811      0.540817   0.582738   0.0419203   53       102      
 2583.43 22      851      0.540836   0.582704   0.0418682   57       105      
 2649.89 23      900      0.540856   0.582652   0.0417965   58       108      
 2838.45 24      950      0.54086    0.582623   0.0417628   64       114      
 3089.46 26      1013     0.541119   0.58221    0.0410917   64       122      
 3169.99 27      1053     0.541128   0.582159   0.0410306   67       125      
 3335.71 28      1100     0.541154   0.581858   0.0407038   70       130      
 3511.4  29      1150     0.541189   0.581782   0.0405927   66       135      
Writing policy file: ./4d73762231_30_3944.92.policy
Intermediate policy written(interval: 2000)
 3944.92 30      1200     0.541218   0.581735   0.0405171   68       146      
 4071.35 32      1263     0.541272   0.581682   0.0404097   62       149      
 4186.02 33      1303     0.541292   0.581641   0.0403499   62       152      
 4400.49 34      1350     0.54131    0.581592   0.0402824   66       156      
 4506.53 35      1400     0.541315   0.581526   0.040211    69       159      
 5087.12 37      1450     0.541318   0.581476   0.0401586   78       170      
 5258.35 38      1511     0.541328   0.581388   0.04006     80       173      
 5476.12 39      1551     0.541329   0.581362   0.0400322   82       177      
 5734.26 40      1600     0.541337   0.581327   0.0399898   77       181      
 5920.1  41      1650     0.54138    0.58122    0.03984     74       185      
Writing policy file: ./4d73762231_43_6565.63.policy
Intermediate policy written(interval: 2000)
 6565.63 43      1717     0.541386   0.581168   0.039782    75       195      
 6718.52 44      1755     0.54139    0.581152   0.0397618   72       197      
 7100.7  45      1800     0.541411   0.5811     0.039689    74       202      
 7503.81 46      1850     0.54143    0.581017   0.0395873   74       208      
 7720.43 48      1919     0.541838   0.580895   0.0390572   69       213      
 8027.23 49      1959     0.541872   0.580866   0.0389944   67       218      
Writing policy file: ./4d73762231_50_8622.71.policy
Intermediate policy written(interval: 2000)
 8622.71 50      2001     0.541907   0.580805   0.0388973   65       226      
 9709.69 51      2050     0.541967   0.580735   0.0387682   62       239      
 10004.6 53      2119     0.542036   0.580602   0.038565    65       244      
 10097.9 54      2157     0.542041   0.580588   0.0385467   71       245      
Writing policy file: ./4d73762231_55_10776.5.policy
Intermediate policy written(interval: 2000)
 10776.5 55      2201     0.542062   0.580232   0.0381697   70       253      
-------------------------------------------------------------------------------

SARSOP finishing ...
  Preset timeout reached
  Timeout     : 10000.000000s
  Actual Time : 10776.530000s

-------------------------------------------------------------------------------
 Time   |#Trial |#Backup |LBound    |UBound    |Precision  |#Alphas |#Beliefs  
-------------------------------------------------------------------------------
 10776.5 55      2201     0.542062   0.580232   0.0381697   70       253      
-------------------------------------------------------------------------------

Writing out policy ...
  output file : ./4d73762231.policyx

