
Loading the model ...
  input file   : /home/rstudio/pomdp-solutions-library/4d8144f8be5.pomdpx
  loading time : 4.39s 

SARSOP initializing ...
  initialization time : 643.91s

-------------------------------------------------------------------------------
 Time   |#Trial |#Backup |LBound    |UBound    |Precision  |#Alphas |#Beliefs  
-------------------------------------------------------------------------------
 643.91  0       0        1.28071    2.31387    1.03315     100      1        
 647.2   3       50       1.80018    2.21705    0.416868    17       24       
 651.79  6       100      1.97022    2.21671    0.246491    25       44       
 660.2   9       150      2.02945    2.2166     0.187146    40       66       
 673     12      200      2.05837    2.21645    0.158083    41       89       
 687.47  15      250      2.0719     2.21632    0.144416    32       111      
 702.56  18      300      2.08632    2.21623    0.129912    21       134      
 721.22  22      355      2.08944    2.21614    0.126698    32       155      
 743.62  25      400      2.09017    2.21603    0.125857    36       175      
 767.24  29      453      2.0997     2.21592    0.116221    19       195      
 790.72  32      500      2.10247    2.21588    0.11341     18       218      
 814.31  36      551      2.10734    2.21571    0.108373    20       236      
 843.52  40      600      2.10946    2.21562    0.106154    23       260      
 868.76  43      655      2.12161    2.21552    0.093907    19       281      
 894.79  46      700      2.1227     2.21549    0.0927875   22       300      
 925.37  50      753      2.1245     2.2154     0.0908984   25       320      
 958.91  53      800      2.12509    2.21537    0.0902826   27       340      
 993.78  57      851      2.12583    2.21532    0.0894969   35       358      
 1037.24 61      900      2.12804    2.21528    0.0872427   28       379      
 1069.85 64      950      2.13292    2.21524    0.0823226   25       396      
 1106.81 68      1005     2.13414    2.2152     0.08106     28       418      
 1140.99 71      1050     2.13455    2.21514    0.0805875   34       437      
 1176.34 75      1103     2.13602    2.21511    0.0790865   30       455      
 1215.29 78      1150     2.13652    2.21509    0.0785648   36       477      
 1248.46 82      1201     2.13714    2.21504    0.0779011   35       494      
 1309.5  85      1250     2.14113    2.21424    0.0731139   46       519      
 1356.55 89      1303     2.14127    2.21422    0.0729511   62       536      
 1420.69 92      1351     2.14139    2.21418    0.0727894   54       557      
 1481.63 96      1400     2.14147    2.21414    0.0726679   52       577      
 1525.98 99      1451     2.14165    2.21412    0.072468    51       592      
 1585.37 102     1500     2.14174    2.2141     0.0723671   46       613      
 1647.35 106     1555     2.14184    2.21407    0.0722315   60       632      
 1702.19 109     1600     2.14186    2.21406    0.0722016   62       649      
 1784.31 113     1655     2.14191    2.21403    0.0721257   64       670      
 1863.77 116     1700     2.14193    2.21402    0.0720853   79       689      
 1949.53 120     1753     2.14331    2.21355    0.07024     64       709      
 2038.88 123     1800     2.14339    2.21352    0.0701286   63       729      
 2117.61 127     1851     2.14351    2.21347    0.0699546   59       746      
 2237.91 131     1900     2.14355    2.21345    0.0699045   73       768      
 2311.56 134     1950     2.14387    2.21341    0.0695361   71       784      
 2425.13 138     2005     2.14393    2.2134     0.0694701   68       804      
 2514.76 141     2050     2.14394    2.21339    0.0694494   75       821      
 2639.24 145     2105     2.14398    2.21337    0.0693888   86       843      
Writing policy file: ./4d8144f8be5_148_2766.21.policy
Intermediate policy written(interval: 2000)
 2766.21 148     2150     2.14402    2.21336    0.0693353   86       863      
 2901.64 152     2203     2.14407    2.21333    0.0692607   90       882      
 3047.98 155     2250     2.14411    2.2133     0.069195    96       902      
 3166.59 159     2301     2.14412    2.21329    0.0691741   101      919      
 3316.97 163     2350     2.14413    2.21326    0.0691327   95       939      
 3468.42 166     2400     2.14414    2.21324    0.069096    105      956      
 3657.64 170     2455     2.14417    2.21323    0.0690605   112      977      
 3815.25 173     2500     2.14567    2.21322    0.0675538   96       994      
 3961.07 177     2553     2.14582    2.2132     0.0673853   77       1013     
 4073.18 180     2600     2.14586    2.21319    0.0673251   85       1032     
 4195.67 184     2655     2.14593    2.21318    0.0672505   71       1050     
 4318.66 187     2700     2.14622    2.21316    0.0669398   72       1068     
 4455.03 191     2753     2.14626    2.21314    0.0668753   82       1088     
 4608.16 194     2800     2.14627    2.21314    0.0668659   87       1108     
 4735.73 198     2850     2.1463     2.21312    0.0668218   92       1124     
Writing policy file: ./4d8144f8be5_202_4883.45.policy
Intermediate policy written(interval: 2000)
 4883.45 202     2901     2.14633    2.21311    0.0667872   91       1141     
 5044.56 206     2953     2.14634    2.2131     0.0667624   104      1159     
 5246.2  209     3000     2.14742    2.21264    0.0652136   103      1180     
 5388.07 213     3051     2.14745    2.21263    0.0651733   104      1196     
 5537.97 216     3100     2.14746    2.21262    0.0651596   113      1215     
 5666.51 220     3151     2.14748    2.2126     0.0651271   121      1231     
 5862.88 224     3200     2.14748    2.2126     0.0651192   126      1253     
 6029.86 227     3250     2.14752    2.21259    0.0650643   133      1268     
 6255.22 231     3305     2.14753    2.21257    0.0650447   144      1288     
 6459.39 234     3350     2.14754    2.21255    0.0650082   163      1307     
 6681.08 238     3405     2.14755    2.21254    0.0649857   173      1327     
 6857.93 241     3450     2.14756    2.21254    0.0649785   170      1345     
Writing policy file: ./4d8144f8be5_245_7120.94.policy
Intermediate policy written(interval: 2000)
 7120.94 245     3503     2.14759    2.21253    0.0649408   179      1365     
 7343.84 248     3550     2.14759    2.21252    0.0649277   178      1384     
 7554.37 252     3601     2.14761    2.2125     0.0648969   171      1400     
 7801.93 256     3650     2.14762    2.21249    0.0648755   165      1420     
 7990.28 259     3700     2.14763    2.21248    0.0648533   166      1437     
 8237.92 263     3751     2.14763    2.21247    0.0648389   162      1456     
 8550.16 267     3805     2.1481     2.21181    0.0637077   162      1477     
 8741.59 270     3850     2.14811    2.21181    0.0636969   165      1492     
 8953.89 274     3903     2.14821    2.21179    0.0635872   147      1510     
Writing policy file: ./4d8144f8be5_277_9200.14.policy
Intermediate policy written(interval: 2000)
 9200.14 277     3950     2.14822    2.21179    0.0635718   153      1529     
 9441.42 281     4001     2.14823    2.21178    0.0635517   118      1545     
 9701.61 285     4050     2.14824    2.21178    0.063543    116      1564     
 9886.18 288     4101     2.14825    2.21178    0.0635308   121      1579     
 10180.1 292     4150     2.14825    2.21176    0.0635053   125      1599     
 10392.2 295     4200     2.14826    2.21175    0.0634875   119      1613     
 10665.3 299     4253     2.14826    2.21174    0.0634768   126      1632     
 10938.2 302     4300     2.14832    2.21172    0.0634044   135      1653     
 11156.8 306     4351     2.14833    2.21172    0.0633823   132      1670     
Writing policy file: ./4d8144f8be5_310_11348.2.policy
Intermediate policy written(interval: 2000)
 11348.2 310     4403     2.14834    2.2117     0.0633595   139      1687     
-------------------------------------------------------------------------------

SARSOP finishing ...
  Preset timeout reached
  Timeout     : 10000.000000s
  Actual Time : 11348.230000s

-------------------------------------------------------------------------------
 Time   |#Trial |#Backup |LBound    |UBound    |Precision  |#Alphas |#Beliefs  
-------------------------------------------------------------------------------
 11348.2 310     4403     2.14834    2.2117     0.0633595   139      1687     
-------------------------------------------------------------------------------

Writing out policy ...
  output file : ./4d8144f8be5.policyx

