
Loading the model ...
  input file   : /home/rstudio/pomdp-solutions-library/4db5459ee17.pomdpx
  loading time : 4.38s 

SARSOP initializing ...
  initialization time : 714.64s

-------------------------------------------------------------------------------
 Time   |#Trial |#Backup |LBound    |UBound    |Precision  |#Alphas |#Beliefs  
-------------------------------------------------------------------------------
 714.64  0       0        0.525117   1.20834    0.683221    100      1        
 715.43  2       55       0.84164    1.09815    0.256508    118      18       
 716.46  4       107      0.938387   1.09779    0.159401    126      32       
 718.05  6       161      0.992917   1.09747    0.104553    148      46       
 719.72  7       200      1.01066    1.09729    0.086628    166      57       
 721.59  9       250      1.03701    1.09714    0.0601302   36       64       
 723.65  11      301      1.05657    1.09694    0.0403751   30       72       
 726.36  13      359      1.06772    1.09683    0.0291147   24       81       
 731.59  14      400      1.07081    1.09679    0.025977    24       96       
 736.02  16      450      1.07617    1.0967     0.0205219   22       106      
 742.49  18      507      1.08033    1.09662    0.0162835   28       120      
 749.96  19      550      1.0816     1.09659    0.0149954   33       132      
 754.64  21      600      1.08384    1.09656    0.0127282   33       139      
 763.33  23      657      1.08539    1.09653    0.0111351   32       150      
 773.23  24      700      1.08602    1.09651    0.010484    34       163      
 777.53  26      750      1.08752    1.09646    0.00893697  39       168      
 788.5   28      807      1.08864    1.0964     0.00775985  40       181      
 801.34  29      850      1.08905    1.09639    0.00734113  40       195      
 814.43  31      900      1.08969    1.09631    0.00661625  44       207      
 827.96  33      957      1.0904     1.0962     0.00579354  42       219      
 839.54  34      1000     1.09058    1.09619    0.0056031   44       230      
 857.62  36      1053     1.09105    1.09611    0.00505379  44       244      
 874.32  37      1100     1.09126    1.09607    0.00481026  47       257      
 886.94  39      1150     1.0916     1.09601    0.00441149  45       266      
 907.02  41      1213     1.09196    1.09595    0.00398399  46       281      
 920.59  42      1250     1.09211    1.09593    0.0038244   48       291      
 946.49  44      1309     1.09234    1.0959     0.00356732  48       309      
 961.47  45      1350     1.09241    1.09589    0.00347016  50       319      
 983.23  47      1407     1.09258    1.09587    0.00329344  58       332      
 1004.82 48      1450     1.09265    1.09586    0.00321243  62       345      
 1030.97 50      1505     1.0928     1.09585    0.00304662  57       360      
 1056.85 51      1550     1.09287    1.09584    0.00297137  57       374      
 1076.53 53      1601     1.09299    1.0958     0.00281034  57       385      
 1108.43 55      1665     1.09308    1.09578    0.00269325  55       401      
 1128.15 56      1700     1.09312    1.09576    0.00264656  60       411      
 1166.76 58      1761     1.09319    1.09574    0.0025552   57       430      
 1198.47 59      1800     1.09322    1.09574    0.00252021  58       446      
 1241.36 61      1859     1.0933     1.09574    0.00244146  64       465      
 1268.51 62      1900     1.09333    1.09573    0.00240651  65       477      
 1307.98 64      1955     1.09338    1.09573    0.00235203  62       493      
 1349.45 65      2000     1.0934     1.09573    0.00232991  65       511      
 1380.65 67      2051     1.09346    1.09572    0.00225317  61       523      
 1429.8  69      2115     1.0935     1.0957     0.00220565  63       542      
 1455.56 70      2150     1.09352    1.0957     0.00218123  67       553      
 1498.94 72      2211     1.09355    1.0957     0.00214537  64       569      
 1533.31 73      2250     1.09357    1.09569    0.00212493  70       582      
 1576.06 75      2307     1.09361    1.09567    0.00206265  67       599      
 1613.04 76      2350     1.09363    1.09567    0.00204524  64       613      
 1660.14 78      2405     1.09366    1.09567    0.00201083  74       631      
 1711.13 79      2450     1.09367    1.09566    0.0019946   76       650      
 1745.26 81      2501     1.0937     1.09565    0.00195612  78       663      
 1806.45 83      2565     1.09372    1.09564    0.00192179  81       683      
 1843.63 84      2600     1.09373    1.09564    0.00190371  81       694      
 1913.77 86      2663     1.09376    1.09563    0.00186808  83       714      
 1957.21 87      2700     1.09377    1.09562    0.00185524  85       728      
 2019.64 89      2759     1.09378    1.09561    0.00183232  87       746      
 2065.64 90      2800     1.09379    1.09561    0.00182008  83       759      
 2129.26 92      2855     1.09381    1.0956     0.00179066  89       778      
 2212.75 93      2900     1.09382    1.09559    0.00177664  86       800      
 2261.49 95      2951     1.09383    1.09559    0.00175823  92       812      
 2344.93 97      3015     1.09385    1.09558    0.00173668  87       833      
 2392.74 98      3050     1.09385    1.09558    0.00172606  87       844      
 2496.46 100     3111     1.09386    1.09557    0.00170452  82       868      
 2560.15 101     3150     1.09387    1.09556    0.00169092  81       883      
 2637.2  103     3207     1.09388    1.09555    0.00167035  88       900      
 2713.75 104     3250     1.09389    1.09555    0.00166402  86       916      
Writing policy file: ./4db5459ee17_106_2801.47.policy
Intermediate policy written(interval: 2000)
 2801.47 106     3307     1.0939     1.09554    0.00163425  86       935      
 2885.29 107     3350     1.09391    1.09553    0.00162154  84       955      
 2975.31 109     3405     1.09391    1.09552    0.00161     88       972      
 3083.13 110     3450     1.09392    1.09552    0.00160593  87       991      
 3149.92 112     3501     1.09393    1.09552    0.00158912  87       1003     
 3287.01 114     3565     1.09394    1.09551    0.0015704   93       1027     
 3364.07 115     3600     1.09394    1.09551    0.00156698  88       1039     
 3481.28 117     3661     1.09395    1.0955     0.00155528  88       1060     
 3556.53 118     3700     1.09395    1.0955     0.00154506  89       1072     
 3665.55 120     3757     1.09396    1.09549    0.00152996  85       1090     
 3760.86 121     3800     1.09396    1.09549    0.00152322  87       1108     
 3870.8  123     3853     1.09397    1.09548    0.00150472  86       1124     
 4033.59 124     3900     1.09397    1.09548    0.00150221  86       1146     
 4118.25 126     3950     1.09398    1.09547    0.00148851  93       1158     
 4274.45 128     4013     1.09398    1.09546    0.00147963  96       1180     
 4369.62 129     4050     1.09399    1.09546    0.00147391  94       1194     
 4492.82 131     4109     1.09399    1.09545    0.00145877  98       1213     
 4586.47 132     4150     1.09399    1.09545    0.00145592  92       1226     
 4700.31 134     4205     1.094      1.09544    0.00144564  104      1241     
Writing policy file: ./4db5459ee17_135_4825.12.policy
Intermediate policy written(interval: 2000)
 4825.12 135     4250     1.094      1.09544    0.00144214  101      1257     
 4957.46 137     4305     1.094      1.09544    0.00143503  108      1273     
 5102.14 138     4350     1.094      1.09543    0.0014297   107      1292     
 5199.6  140     4401     1.09401    1.09542    0.00141803  112      1303     
 5369.24 142     4465     1.09401    1.09542    0.00140799  110      1324     
 5480.29 143     4500     1.09401    1.09541    0.00140479  108      1337     
 5620.28 145     4563     1.09402    1.09541    0.00139072  111      1355     
 5718.04 146     4600     1.09402    1.09541    0.00138807  108      1367     
 5875.77 148     4661     1.09402    1.0954     0.00137782  107      1386     
 6003.79 149     4700     1.09403    1.0954     0.00137284  106      1400     
 6160.28 151     4757     1.09403    1.09539    0.00136523  106      1416     
 6312.08 152     4800     1.09403    1.09539    0.00136314  102      1433     
 6494.14 154     4853     1.09403    1.09539    0.00135549  102      1452     
 6693.61 155     4900     1.09403    1.09539    0.00135353  106      1471     
 6775.79 157     4950     1.09404    1.09538    0.0013468   111      1480     
Writing policy file: ./4db5459ee17_159_6944.28.policy
Intermediate policy written(interval: 2000)
 6944.28 159     5011     1.09404    1.09538    0.00134122  108      1498     
 7031.59 160     5050     1.09404    1.09538    0.0013356   103      1506     
 7224.21 162     5103     1.09404    1.09537    0.00132849  108      1524     
 7413.5  164     5165     1.09405    1.09536    0.00131182  110      1541     
 7542.07 165     5200     1.09405    1.09536    0.00130966  111      1553     
 7776.45 167     5261     1.09406    1.09535    0.00129256  111      1574     
 7924.68 168     5300     1.09406    1.09534    0.0012855   118      1589     
 8139.79 170     5361     1.09406    1.09534    0.001282    118      1607     
 8283.93 171     5400     1.09406    1.09534    0.0012797   120      1620     
 8470.76 173     5457     1.09406    1.09533    0.00127419  118      1635     
 8651.72 174     5500     1.09406    1.09533    0.00127048  119      1649     
 8817.41 176     5555     1.09406    1.09533    0.00126782  119      1663     
Writing policy file: ./4db5459ee17_177_9041.21.policy
Intermediate policy written(interval: 2000)
 9041.21 177     5600     1.09407    1.09533    0.00125906  114      1682     
 9184.54 179     5651     1.09407    1.09532    0.00125321  115      1693     
 9406.6  180     5700     1.09407    1.09532    0.00125103  120      1711     
 9561.25 182     5750     1.09407    1.09531    0.00124275  122      1723     
 9771.7  184     5813     1.09407    1.09531    0.00123842  120      1741     
 9883.18 185     5850     1.09407    1.09531    0.00123456  115      1750     
 10156.8 187     5911     1.09408    1.09531    0.00123279  116      1770     
 10350.7 188     5950     1.09408    1.09531    0.00123014  110      1784     
 10547.9 190     6007     1.09408    1.09529    0.00121671  128      1801     
 10707.4 191     6050     1.09408    1.09529    0.00121613  132      1814     
 10906.4 193     6103     1.09408    1.09529    0.00120735  134      1828     
Writing policy file: ./4db5459ee17_194_11159.policy
Intermediate policy written(interval: 2000)
 11159   194     6150     1.09408    1.09529    0.00120664  134      1851     
-------------------------------------------------------------------------------

SARSOP finishing ...
  Preset timeout reached
  Timeout     : 10000.000000s
  Actual Time : 11159.020000s

-------------------------------------------------------------------------------
 Time   |#Trial |#Backup |LBound    |UBound    |Precision  |#Alphas |#Beliefs  
-------------------------------------------------------------------------------
 11159   194     6150     1.09408    1.09529    0.00120664  134      1851     
-------------------------------------------------------------------------------

Writing out policy ...
  output file : ./4db5459ee17.policyx

