
Loading the model ...
  input file   : /home/rstudio/pomdp-solutions-library/4dd54af9f12.pomdpx
  loading time : 4.91s 

SARSOP initializing ...
  initialization time : 1344.71s

-------------------------------------------------------------------------------
 Time   |#Trial |#Backup |LBound    |UBound    |Precision  |#Alphas |#Beliefs  
-------------------------------------------------------------------------------
 1344.71 0       0        0.504832   0.607545   0.102713    100      1        
 1422.18 1       50       0.508981   0.571442   0.0624613   124      24       
 1542.18 2       100      0.509356   0.570511   0.0611548   95       36       
 1659.58 4       167      0.512414   0.570352   0.0579374   76       46       
 1781.55 5       207      0.513026   0.570317   0.057291    88       53       
 1945.06 6       250      0.513518   0.570241   0.0567234   97       62       
 2337.85 7       300      0.513892   0.569719   0.0558276   116      79       
 2490.84 8       350      0.515726   0.569707   0.0539809   52       85       
 3017.91 10      417      0.517603   0.569433   0.0518302   37       100      
Writing policy file: ./4dd54af9f12_11_3351.38.policy
Intermediate policy written(interval: 2000)
 3351.38 11      457      0.517975   0.569338   0.0513632   37       109      
 3597.92 12      500      0.518176   0.569127   0.0509512   38       115      
 4597.77 13      550      0.519212   0.568878   0.0496661   40       139      
 5235.89 15      617      0.520671   0.568792   0.0481216   31       152      
 5293.16 16      650      0.52444    0.568519   0.0440787   32       167      
Writing policy file: ./4dd54af9f12_17_5927.95.policy
Intermediate policy written(interval: 2000)
 5927.95 17      700      0.525378   0.568475   0.0430964   32       180      
 6392.62 18      750      0.527038   0.56846    0.0414212   16       189      
 6643.73 20      815      0.528325   0.568396   0.0400714   25       193      
 7080.44 21      857      0.528603   0.568269   0.0396657   23       200      
 7694.73 22      900      0.528648   0.568155   0.0395069   27       209      
Writing policy file: ./4dd54af9f12_23_8456.22.policy
Intermediate policy written(interval: 2000)
 8456.22 23      950      0.529715   0.568088   0.0383726   25       220      
 8949.69 24      1000     0.529971   0.568031   0.03806     25       227      
 9833.06 26      1065     0.530641   0.568002   0.0373605   25       238      
Writing policy file: ./4dd54af9f12_27_10784.8.policy
Intermediate policy written(interval: 2000)
 10784.8 27      1105     0.530688   0.567992   0.0373034   30       250      
-------------------------------------------------------------------------------

SARSOP finishing ...
  Preset timeout reached
  Timeout     : 10000.000000s
  Actual Time : 10784.850000s

-------------------------------------------------------------------------------
 Time   |#Trial |#Backup |LBound    |UBound    |Precision  |#Alphas |#Beliefs  
-------------------------------------------------------------------------------
 10784.8 27      1105     0.530688   0.567992   0.0373034   30       250      
-------------------------------------------------------------------------------

Writing out policy ...
  output file : ./4dd54af9f12.policyx

