
Loading the model ...
  input file   : /tmp/RtmptJqC9W/inputa1c436c0862.pomdpx
  loading time : 12.53s 

SARSOP initializing ...
  initialization time : 4236.18s

-------------------------------------------------------------------------------
 Time   |#Trial |#Backup |LBound    |UBound    |Precision  |#Alphas |#Beliefs  
-------------------------------------------------------------------------------
 4236.18 0       0        0.903437   1.65231    0.748875    150      1        
 4239.55 2       65       1.3487     1.64638    0.29768     82       33       
 4256.01 4       113      1.41875    1.64629    0.22754     100      55       
 4285.28 6       155      1.44543    1.64624    0.200819    111      74       
 4320.04 9       205      1.47906    1.64623    0.16717     92       97       
 4355.41 10      250      1.52745    1.64623    0.118777    100      126      
Memory limit reached, trying to write out policy

-------------------------------------------------------------------------------
 Time   |#Trial |#Backup |LBound    |UBound    |Precision  |#Alphas |#Beliefs  
-------------------------------------------------------------------------------
 4397.91 11      297      1.53314    1.64622    0.113072    143      144      
-------------------------------------------------------------------------------

Writing out policy ...
  output file : /tmp/RtmptJqC9W/outputa1c18248e80.policyx

