
Loading the model ...
  input file   : /tmp/RtmptJqC9W/inputa1c64418e83.pomdpx
  loading time : 11.89s 

SARSOP initializing ...
  initialization time : 4302.89s

-------------------------------------------------------------------------------
 Time   |#Trial |#Backup |LBound    |UBound    |Precision  |#Alphas |#Beliefs  
-------------------------------------------------------------------------------
 4302.89 0       0        1.68661    3.50637    1.81976     150      1        
 4303.99 2       50       3.1708     3.49653    0.325735    53       33       
 4304.23 3       100      3.25515    3.49653    0.241375    77       51       
 4304.26 3       150      3.25515    3.49653    0.241375    127      51       
 4304.71 4       267      3.26464    3.49653    0.231889    111      53       
 4304.9  4       268      3.26464    3.49653    0.231889    112      54       
 4309.38 4       300      3.26464    3.49653    0.231889    134      86       
 4313.79 5       350      3.31436    3.49652    0.182152    111      100      
 4322.36 6       400      3.33011    3.49651    0.166404    97       125      
 4328.93 8       450      3.35985    3.49646    0.13661     80       144      
 4335.87 10      519      3.40832    3.49646    0.0881382   78       176      
 4339.65 10      550      3.40832    3.49646    0.0881382   88       196      
 4342.9  11      600      3.41815    3.49646    0.0783089   50       206      
 4352.55 12      655      3.42688    3.49646    0.0695781   48       232      
 4354.59 13      715      3.43661    3.49646    0.0598444   53       262      
 4367.6  14      777      3.44921    3.49645    0.0472377   52       292      
 4367.76 14      800      3.44921    3.49645    0.0472377   51       292      
 4368.04 15      907      3.4523     3.49645    0.0441461   56       292      
 4368.95 15      908      3.4523     3.49645    0.0441461   55       293      
 4389.8  16      983      3.45644    3.49645    0.0400088   50       330      
 4404.96 16      1000     3.45644    3.49645    0.0400088   55       347      
 4426.05 17      1050     3.46179    3.49643    0.0346432   50       371      
 4450.27 18      1100     3.46325    3.49643    0.0331804   50       395      
 4463.9  20      1157     3.4701     3.49642    0.0263197   61       414      
 4483.71 21      1203     3.47131    3.49642    0.025112    61       436      
 4492.01 22      1250     3.47693    3.49642    0.0194911   42       463      
 4501.27 23      1325     3.47823    3.49642    0.0181872   53       497      
 4502.83 23      1350     3.47823    3.49642    0.0181872   77       522      
Memory limit reached, trying to write out policy

-------------------------------------------------------------------------------
 Time   |#Trial |#Backup |LBound    |UBound    |Precision  |#Alphas |#Beliefs  
-------------------------------------------------------------------------------
 4504.7  23      1358     3.47823    3.49642    0.0181872   85       529      
-------------------------------------------------------------------------------

Writing out policy ...
  output file : /tmp/RtmptJqC9W/outputa1c58f13b15.policyx

