
Loading the model ...
  input file   : /tmp/RtmptJqC9W/inputa1c37b7a948.pomdpx
  loading time : 12.52s 

SARSOP initializing ...
  initialization time : 4101.21s

-------------------------------------------------------------------------------
 Time   |#Trial |#Backup |LBound    |UBound    |Precision  |#Alphas |#Beliefs  
-------------------------------------------------------------------------------
 4101.21 0       0        0.903437   1.65231    0.748875    150      1        
 4127.58 4       50       1.21147    1.64491    0.433441    68       26       
 4133.4  5       111      1.40264    1.64486    0.242225    94       53       
 4209.81 6       167      1.40973    1.64485    0.235112    133      80       
Memory limit reached, trying to write out policy

-------------------------------------------------------------------------------
 Time   |#Trial |#Backup |LBound    |UBound    |Precision  |#Alphas |#Beliefs  
-------------------------------------------------------------------------------
 4239.76 6       178      1.40973    1.64485    0.235112    128      90       
-------------------------------------------------------------------------------

Writing out policy ...
  output file : /tmp/RtmptJqC9W/outputa1c233e0816.policyx

