
Loading the model ...
  input file   : /home/rstudio/pomdp-solutions-library/28b78313f9a.pomdpx
  loading time : 0.58s 

SARSOP initializing ...
  initialization time : 29.70s

-------------------------------------------------------------------------------
 Time   |#Trial |#Backup |LBound    |UBound    |Precision  |#Alphas |#Beliefs  
-------------------------------------------------------------------------------
 29.7    0       0        2.13413    4.25906    2.12493     50       1        
 29.76   3       59       3.51287    4.08377    0.570902    21       21       
 29.78   5       101      3.71881    4.0836     0.364788    38       23       
 29.82   7       150      3.84255    4.08333    0.240782    52       28       
 29.87   9       215      3.90119    4.08325    0.182053    63       37       
 29.91   10      257      3.92129    4.08311    0.161823    81       42       
 29.97   12      307      3.96288    4.08275    0.119872    110      48       
 30.08   14      363      3.99476    4.08233    0.0875766   161      60       
 30.15   15      400      4.00311    4.08226    0.0791463   179      64       
 30.26   17      450      4.01888    4.08211    0.0632337   220      69       
 30.41   19      500      4.02935    4.08184    0.0524926   262      78       
 30.63   21      550      4.03756    4.08161    0.0440441   310      90       
 30.95   23      603      4.04398    4.08142    0.0374397   357      107      
 31.22   25      655      4.04945    4.08135    0.031908    402      118      
 31.54   27      707      4.05317    4.08122    0.0280485   448      130      
 31.87   29      753      4.05664    4.08102    0.024376    489      138      
 32.26   31      801      4.05966    4.08093    0.0212629   537      147      
 32.73   33      855      4.06146    4.08074    0.0192783   585      160      
 33.4    35      911      4.06352    4.08066    0.0171419   634      176      
 34      37      961      4.06479    4.08051    0.0157143   677      189      
 34.51   39      1007     4.06646    4.08045    0.0139991   717      198      
 35.64   41      1053     4.06736    4.08034    0.0129803   115      212      
 36.01   43      1101     4.06809    4.08026    0.0121672   156      225      
 36.47   45      1163     4.06925    4.08011    0.0108694   214      241      
 36.81   46      1200     4.06979    4.0801     0.0103074   243      250      
 37.29   48      1250     4.07047    4.08002    0.00954952  97       261      
 37.9    50      1300     4.07103    4.07991    0.00887373  76       279      
 38.33   52      1350     4.07156    4.07985    0.0082844   63       289      
 38.93   54      1403     4.07194    4.07976    0.00782129  56       308      
 39.53   56      1457     4.0723     4.07969    0.00739765  47       321      
 40.22   58      1507     4.07257    4.07964    0.00707098  44       336      
 40.93   60      1557     4.07291    4.07959    0.00668296  42       352      
 41.62   62      1609     4.07309    4.07952    0.00643423  38       366      
 42.43   64      1657     4.0732     4.07944    0.00623697  31       382      
 43.37   65      1700     4.07328    4.07938    0.00609511  38       400      
 44.32   67      1750     4.07351    4.07935    0.00584394  38       416      
 45.38   69      1801     4.07364    4.07929    0.00564605  40       432      
 46.65   71      1853     4.07386    4.07921    0.00534901  42       450      
 48.08   73      1905     4.07392    4.07917    0.00525594  40       470      
 49.65   74      1950     4.07398    4.07916    0.00518111  33       490      
 50.77   76      2000     4.0741     4.07913    0.00502842  35       504      
 51.72   78      2050     4.07417    4.07908    0.00490994  36       515      
 52.92   80      2101     4.07424    4.07904    0.00480669  36       530      
 54.42   81      2150     4.07427    4.07902    0.00474846  42       548      
 56.36   83      2209     4.07432    4.07896    0.00463943  47       567      
 57.92   84      2250     4.07436    4.07895    0.00459192  43       582      
 59.62   86      2301     4.07439    4.07886    0.00447107  43       598      
 61.35   88      2355     4.07448    4.07882    0.00433635  41       615      
 63.37   89      2400     4.0745     4.0788     0.0043003   45       635      
 65.05   91      2450     4.07455    4.07874    0.00418395  47       650      
 67.92   92      2500     4.07457    4.07872    0.00415089  41       673      
 69.42   94      2550     4.07465    4.07869    0.0040453   47       685      
 71.38   96      2605     4.07473    4.07866    0.00393489  42       701      
 73.64   97      2650     4.07474    4.07865    0.00390887  46       718      
 75.96   99      2703     4.07477    4.07863    0.00385833  45       735      
 78.32   101     2761     4.07481    4.07859    0.00377787  52       753      
 79.4    102     2800     4.07482    4.07858    0.00376517  49       760      
 81.63   104     2850     4.07483    4.07856    0.00372552  46       775      
 83.95   106     2901     4.07487    4.07852    0.00365226  52       794      
 86.94   107     2950     4.07488    4.0785     0.00362677  58       815      
 88.45   109     3000     4.07489    4.07848    0.00358422  58       824      
 90.65   111     3050     4.07491    4.07846    0.00355679  55       839      
 92.12   113     3101     4.07492    4.07845    0.00352835  53       848      
 94.74   114     3150     4.07493    4.07841    0.00347387  50       869      
 97.47   116     3200     4.07495    4.07838    0.0034342   56       887      
 99.5    118     3250     4.07496    4.07837    0.00340754  56       898      
 101.48  120     3300     4.07497    4.07834    0.00336296  57       909      
 104.35  122     3357     4.075      4.07832    0.00331142  54       927      
 106.7   123     3400     4.07501    4.07831    0.00329409  55       942      
 110.56  125     3469     4.07502    4.07829    0.00326867  61       963      
 111.38  126     3500     4.07502    4.07829    0.00326303  61       967      
 116.57  127     3550     4.07503    4.07828    0.00325262  61       993      
 117.87  129     3600     4.07507    4.07823    0.00316645  63       1000     
 122.14  131     3650     4.07508    4.07822    0.00314408  56       1021     
 125.07  132     3705     4.07509    4.0782     0.00311311  65       1037     
 127.31  134     3750     4.07509    4.07819    0.00309925  60       1050     
 128.41  135     3803     4.07511    4.07817    0.00306751  66       1057     
 130.51  136     3850     4.07511    4.07817    0.00305781  66       1070     
 134.2   138     3913     4.07511    4.07815    0.00303693  64       1091     
 136.01  139     3950     4.07512    4.07814    0.0030268   67       1103     
 138.82  141     4003     4.07512    4.0781     0.00297605  71       1116     
 141.72  143     4063     4.07513    4.07808    0.00295287  72       1131     
 144.25  144     4100     4.07513    4.07807    0.00294113  68       1141     
 147.73  146     4151     4.07514    4.07805    0.00291357  68       1157     
 151.02  148     4207     4.07514    4.07804    0.00289896  71       1171     
 153.43  149     4250     4.07514    4.07803    0.00289568  74       1181     
 158.32  151     4313     4.07515    4.07802    0.00286912  72       1200     
 161.36  152     4350     4.07515    4.07799    0.00283178  70       1215     
 163.66  154     4405     4.07516    4.07797    0.0028098   68       1228     
 165.83  155     4450     4.07516    4.07797    0.00280765  71       1242     
 168.45  157     4501     4.07517    4.07795    0.00277983  71       1254     
 172.48  159     4563     4.07518    4.07794    0.00276721  73       1273     
 175.26  160     4600     4.07518    4.07794    0.00275959  68       1286     
 177.78  162     4650     4.07518    4.07792    0.00274408  73       1299     
 181.61  164     4701     4.07519    4.07791    0.00272175  68       1314     
 184.39  165     4750     4.07519    4.0779     0.00271303  72       1329     
 187.82  167     4800     4.07519    4.07789    0.00269599  70       1344     
 191.03  169     4850     4.0752     4.07787    0.00266675  74       1358     
 192.42  170     4900     4.07521    4.07786    0.00265542  78       1363     
 197.84  172     4971     4.07521    4.07785    0.00263849  79       1386     
 200.31  173     5001     4.07521    4.07784    0.00263039  78       1395     
 204.57  175     5055     4.07522    4.07782    0.00260489  79       1412     
 208.63  176     5100     4.07522    4.07782    0.0026011   80       1426     
 210.99  178     5159     4.07522    4.0778     0.00258227  80       1435     
 216.03  179     5200     4.07522    4.07779    0.0025737   82       1453     
 219.57  181     5251     4.07522    4.07777    0.00255321  80       1464     
 227.81  182     5300     4.07522    4.07777    0.0025468   73       1490     
 231.2   184     5350     4.07524    4.07774    0.00249795  80       1503     
 237.12  186     5415     4.07524    4.07772    0.00247677  89       1528     
 239.18  187     5450     4.07525    4.07771    0.00246939  83       1535     
 244.55  189     5513     4.07525    4.0777     0.00245085  86       1556     
 248.41  190     5550     4.07525    4.0777     0.00244392  82       1570     
 251.13  192     5600     4.07525    4.07767    0.00241981  77       1580     
 254.69  193     5650     4.07525    4.07767    0.0024173   80       1592     
 263.28  194     5700     4.07525    4.07767    0.00241156  86       1621     
 268.15  196     5761     4.07526    4.07765    0.00239618  95       1636     
 272.06  197     5800     4.07526    4.07765    0.00239491  91       1649     
 279.45  199     5863     4.07526    4.07764    0.0023764   94       1670     
 283.96  200     5900     4.07526    4.07763    0.00236873  92       1683     
 289.73  202     5955     4.07526    4.07762    0.00235955  90       1702     
 294.72  204     6005     4.07526    4.07759    0.00233002  89       1718     
 298.45  205     6050     4.07526    4.07759    0.0023237   89       1730     
 304.17  207     6109     4.07526    4.07758    0.00231471  87       1750     
 308.45  209     6163     4.07526    4.07757    0.00230172  91       1765     
 314.07  210     6200     4.07526    4.07754    0.00227519  98       1784     
 319.45  212     6255     4.07527    4.07753    0.00226309  96       1798     
 324.92  214     6303     4.07527    4.07752    0.00225481  96       1813     
 330.72  215     6350     4.07527    4.07752    0.00225251  93       1827     
 336.72  217     6403     4.07527    4.07751    0.00224612  90       1842     
 341.63  219     6457     4.07527    4.07751    0.00223719  93       1858     
 347.13  220     6500     4.07527    4.0775     0.00222821  91       1875     
 350.4   222     6550     4.07527    4.07749    0.00222233  87       1886     
 354.67  224     6603     4.07527    4.07749    0.0022114   92       1900     
 359.73  226     6657     4.07528    4.07748    0.00220331  91       1916     
 367.75  227     6700     4.07528    4.07748    0.00219988  88       1940     
 371.47  229     6753     4.07528    4.07746    0.0021876   91       1951     
 378.01  231     6809     4.07528    4.07744    0.00216537  92       1971     
 382.68  233     6859     4.07528    4.07741    0.00213124  93       1985     
 389.36  234     6900     4.07528    4.07741    0.00212675  87       2003     
 396.4   236     6957     4.07528    4.0774     0.00211723  97       2022     
 405.12  237     7000     4.07528    4.0774     0.00211532  93       2044     
 410.15  239     7050     4.07528    4.07739    0.00210456  94       2057     
 417.21  241     7111     4.07529    4.07738    0.00209553  102      2077     
 421     242     7150     4.07529    4.07738    0.00209427  100      2086     
 425.89  244     7200     4.07529    4.07736    0.00207657  100      2097     
 434.38  246     7255     4.07529    4.07735    0.0020619   103      2118     
 442.72  247     7300     4.07529    4.07733    0.00203818  107      2138     
 448.01  249     7351     4.07529    4.07732    0.00203007  106      2148     
 455.12  251     7403     4.07529    4.07732    0.00202154  106      2167     
 462.52  253     7461     4.07529    4.07731    0.00201185  116      2188     
 468.68  254     7500     4.07529    4.0773     0.00200852  113      2204     
 475.95  256     7551     4.07529    4.0773     0.00200133  109      2221     
 483.54  258     7611     4.0753     4.07729    0.00199471  109      2240     
 490.18  259     7650     4.0753     4.07729    0.0019899   110      2257     
 498.09  261     7713     4.0753     4.07728    0.00198289  110      2276     
 503.73  263     7761     4.0753     4.07727    0.00197478  109      2290     
 510.98  265     7817     4.0753     4.07727    0.00196817  113      2307     
 515.25  266     7850     4.0753     4.07726    0.00196337  111      2315     
 528.56  267     7900     4.0753     4.07726    0.00195972  104      2339     
 535.36  269     7950     4.0753     4.07726    0.00195752  104      2353     
 541.45  271     8005     4.0753     4.07724    0.00194592  101      2366     
 547.53  272     8050     4.0753     4.07724    0.00194143  99       2380     
 555.65  274     8100     4.0753     4.07723    0.00192443  98       2399     
 563.85  276     8150     4.07531    4.0772     0.00189774  101      2418     
 574.07  278     8215     4.07531    4.0772     0.00189162  102      2435     
 582.01  279     8250     4.07531    4.07719    0.0018847   105      2448     
 592.58  281     8300     4.07531    4.07714    0.00182796  107      2467     
 603.57  283     8361     4.07531    4.07713    0.00182331  104      2489     
 609.53  284     8400     4.07531    4.07713    0.00181949  100      2499     
 616.62  286     8455     4.07531    4.07713    0.00181817  102      2514     
 626.16  288     8509     4.07532    4.07713    0.00180573  107      2535     
 636.13  289     8550     4.07532    4.07712    0.0018046   111      2551     
 643.82  291     8600     4.07532    4.07712    0.00179963  108      2565     
 652.02  293     8655     4.07532    4.07711    0.00179153  110      2581     
 661.07  294     8700     4.07532    4.07711    0.00179029  111      2597     
 672.43  295     8750     4.07532    4.07711    0.00178636  116      2616     
 682.49  297     8800     4.07532    4.0771     0.00177917  111      2634     
 687.58  299     8850     4.07532    4.07709    0.00177063  112      2648     
 694.2   301     8900     4.07532    4.07709    0.00176234  118      2659     
 706.21  303     8965     4.07532    4.07708    0.00175947  114      2680     
 714.62  304     9000     4.07532    4.07707    0.00174247  116      2701     
 718.77  306     9050     4.07532    4.07706    0.00173365  118      2709     
 728.07  308     9103     4.07532    4.07705    0.00172755  119      2726     
 741.41  309     9150     4.07532    4.07705    0.00172439  125      2752     
 747.25  311     9201     4.07533    4.07703    0.0016979   124      2763     
 759.38  313     9253     4.07534    4.07703    0.00169197  122      2782     
 769.25  315     9303     4.07534    4.07701    0.00166946  119      2801     
 779.35  317     9350     4.07534    4.077      0.00166635  118      2820     
 784.27  318     9400     4.07534    4.077      0.00166266  119      2831     
 791.29  320     9453     4.07534    4.07699    0.00165759  113      2846     
 801.76  322     9513     4.07534    4.07699    0.00165359  104      2863     
 810.11  323     9550     4.07534    4.07698    0.00164631  107      2878     
 819.13  324     9600     4.07534    4.07698    0.00164048  108      2892     
 826.78  326     9655     4.07534    4.07696    0.00161712  113      2909     
 832.76  328     9707     4.07534    4.07696    0.00161612  114      2919     
 843.23  329     9750     4.07534    4.07696    0.00161501  109      2939     
 851.81  331     9803     4.07534    4.07695    0.00160503  116      2955     
 859.06  333     9855     4.07534    4.07694    0.00160213  119      2968     
 866.78  335     9900     4.07534    4.07694    0.00160198  113      2980     
 874.67  337     9950     4.07534    4.07694    0.00160152  112      2992     
 882.19  338     10000    4.07534    4.07694    0.00159841  116      3003     
 896.51  340     10069    4.07534    4.07694    0.00159321  116      3027     
 900.14  341     10100    4.07534    4.07694    0.00159269  115      3034     
 907.6   343     10150    4.07534    4.07693    0.00158604  115      3047     
 917.27  345     10211    4.07534    4.07692    0.00157751  120      3064     
 922.18  346     10250    4.07534    4.07692    0.00157669  123      3071     
 939.79  348     10315    4.07534    4.07691    0.00156193  116      3097     
 949.78  349     10350    4.07534    4.0769     0.0015608   119      3111     
 958.27  350     10400    4.07534    4.0769     0.00155647  122      3124     
 969.44  352     10453    4.07534    4.0769     0.00155353  122      3142     
 978.87  354     10509    4.07534    4.07689    0.00154781  127      3158     
 987.03  355     10551    4.07534    4.07689    0.001547    132      3172     
 1003.63 356     10600    4.07534    4.07689    0.00154089  137      3197     
 1012.38 358     10659    4.07536    4.07688    0.00151819  145      3207     
 1019.18 360     10709    4.07536    4.07687    0.00151193  147      3217     
 1026.49 361     10750    4.07536    4.07687    0.00151034  152      3229     
 1038    363     10801    4.07536    4.07686    0.001498    158      3250     
 1049.48 365     10863    4.07536    4.07685    0.00148899  166      3270     
 1056.82 366     10900    4.07536    4.07685    0.00148555  168      3280     
 1072.41 368     10965    4.07536    4.07684    0.00147922  168      3300     
 1080.58 369     11000    4.07536    4.07683    0.00146939  166      3314     
 1095.19 371     11050    4.07536    4.07683    0.00146602  159      3339     
 1100.55 372     11100    4.07536    4.07682    0.00146049  161      3348     
 1110.09 374     11150    4.07537    4.07681    0.00144445  164      3362     
 1122    375     11200    4.07537    4.07681    0.00144032  155      3378     
 1139.78 377     11261    4.07537    4.07679    0.00142656  148      3402     
 1149.36 378     11300    4.07537    4.07679    0.00142474  150      3417     
 1163.66 380     11367    4.07537    4.07678    0.00141732  153      3438     
 1172.06 381     11400    4.07537    4.07678    0.00141146  152      3450     
 1188.68 382     11450    4.07537    4.07678    0.00141063  155      3471     
 1196.47 384     11503    4.07537    4.07677    0.00140362  158      3481     
 1211.3  385     11550    4.07537    4.07677    0.00140115  161      3500     
 1222.11 387     11605    4.07537    4.07676    0.001396    159      3515     
 1228.91 389     11655    4.07537    4.07676    0.00139222  158      3525     
 1238.92 390     11700    4.07537    4.07676    0.00139198  152      3540     
 1255.02 392     11761    4.07537    4.07675    0.00138692  152      3559     
 1261.14 394     11800    4.07537    4.07675    0.00138649  151      3568     
 1279.14 395     11850    4.07537    4.07675    0.00138604  159      3591     
 1286.74 397     11900    4.07537    4.07675    0.00138367  162      3598     
 1309.24 399     11965    4.07537    4.07675    0.00138172  142      3620     
 1322.46 400     12000    4.07537    4.07675    0.00137901  141      3633     
 1340.5  402     12057    4.07537    4.07674    0.001372    145      3653     
 1358.65 403     12100    4.07537    4.07674    0.00137059  149      3675     
 1372.72 405     12155    4.07537    4.07673    0.00136536  156      3689     
 1388.54 407     12213    4.07537    4.07673    0.00136263  151      3707     
 1399.08 408     12250    4.07537    4.07673    0.00136107  151      3722     
 1414.08 410     12305    4.07537    4.07672    0.00135755  155      3737     
 1440.43 411     12350    4.07537    4.07672    0.00135487  143      3761     
 1449.5  413     12401    4.07537    4.07672    0.0013515   146      3767     
 1468.3  415     12451    4.07537    4.07671    0.00134496  153      3782     
 1481.58 417     12500    4.07537    4.07671    0.00134239  154      3794     
 1504.05 418     12550    4.07537    4.07671    0.00134011  148      3813     
 1512.82 420     12600    4.07537    4.07671    0.0013398   152      3819     
 1529.48 422     12653    4.07537    4.07671    0.00133797  153      3837     
 1543.8  423     12700    4.07537    4.07671    0.00133783  148      3855     
 1562.12 425     12759    4.07537    4.0767     0.0013365   154      3870     
 1573.59 426     12800    4.07537    4.0767     0.00133355  151      3883     
 1593.28 428     12850    4.07537    4.0767     0.00133326  157      3908     
 1601.02 429     12900    4.07537    4.07669    0.00132062  158      3918     
 1614.7  431     12955    4.07537    4.07669    0.00131787  147      3930     
 1634.44 433     13003    4.07537    4.07668    0.00131236  148      3951     
 1657.49 434     13050    4.07537    4.07668    0.00131017  150      3972     
 1666.76 436     13100    4.07537    4.07667    0.00130581  157      3980     
 1677.63 438     13150    4.07537    4.07667    0.0013013   162      3989     
 1705.56 440     13213    4.07537    4.07667    0.00129726  161      4013     
 1713.89 441     13250    4.07537    4.07667    0.00129694  161      4020     
 1724.62 443     13305    4.07537    4.07666    0.00129109  164      4035     
 1734.41 445     13350    4.07537    4.07666    0.00128836  167      4044     
 1751.32 447     13413    4.07537    4.07665    0.00128281  172      4064     
 1762.55 448     13450    4.07537    4.07665    0.00128096  174      4078     
 1777.64 451     13500    4.07537    4.07665    0.00127692  177      4098     
 1787.26 452     13550    4.07537    4.07664    0.00127343  176      4112     
 1811.13 454     13600    4.07537    4.07664    0.00127098  177      4132     
 1822.78 455     13650    4.07537    4.07664    0.00126854  163      4144     
 1833.91 457     13700    4.07537    4.07664    0.00126746  161      4155     
 1856.74 459     13757    4.07537    4.07663    0.00126378  166      4176     
 1879.37 461     13815    4.07537    4.07663    0.00126314  166      4193     
 1903.41 462     13853    4.07537    4.07662    0.00124888  168      4211     
 1933.01 463     13900    4.07537    4.07662    0.00124858  175      4237     
 1945.83 465     13955    4.07537    4.07662    0.001247    180      4252     
 1967.63 466     14000    4.07537    4.07662    0.00124675  179      4276     
 1977.81 468     14050    4.07537    4.07661    0.00123477  174      4284     
 2003.3  469     14100    4.07537    4.0766     0.00123256  170      4305     
 2016.28 471     14150    4.07537    4.0766     0.00122975  170      4315     
Writing policy file: ./28b78313f9a_473_2047.58.policy
Intermediate policy written(interval: 2000)
 2047.58 473     14209    4.07537    4.0766     0.00122721  176      4340     
 2064.08 474     14250    4.07537    4.0766     0.00122496  181      4360     
 2082.01 476     14300    4.07538    4.07659    0.00121308  186      4380     
 2093.14 478     14350    4.07538    4.07658    0.00120058  186      4392     
 2113.71 480     14400    4.07538    4.07657    0.00119499  187      4410     
 2124.54 482     14450    4.07538    4.07657    0.00119095  188      4422     
 2142.22 484     14507    4.07538    4.07656    0.00118058  177      4443     
 2168.18 485     14550    4.07538    4.07656    0.00117914  182      4471     
 2179.4  487     14600    4.07538    4.07655    0.00117019  180      4478     
 2192.6  488     14650    4.07538    4.07655    0.00116631  183      4491     
 2209.87 490     14715    4.07538    4.07655    0.00116252  189      4511     
 2225.62 491     14757    4.07538    4.07654    0.00115983  186      4529     
 2242.13 493     14805    4.07538    4.07654    0.00115303  192      4544     
 2266.71 494     14850    4.07538    4.07654    0.00115279  198      4565     
 2288.84 496     14907    4.07538    4.07653    0.00114228  201      4582     
 2308.78 497     14950    4.07538    4.07653    0.00114179  203      4597     
 2320.59 499     15000    4.07538    4.07652    0.00113747  199      4608     
 2338.36 501     15050    4.07538    4.07652    0.00113659  200      4629     
 2351.19 502     15100    4.07538    4.07652    0.00113399  193      4638     
 2376.43 503     15150    4.07538    4.07652    0.00113184  192      4668     
 2390.65 505     15203    4.07538    4.07651    0.00112552  198      4682     
 2409.86 507     15261    4.07538    4.07651    0.00112277  202      4702     
 2424.31 508     15300    4.07538    4.07651    0.00112099  198      4717     
 2438.17 510     15350    4.07538    4.0765     0.00111526  198      4732     
 2458.22 512     15409    4.07538    4.07649    0.00110876  210      4752     
 2474.66 513     15450    4.07538    4.07649    0.00110826  202      4767     
 2490.31 515     15509    4.07538    4.07649    0.00110627  201      4783     
 2503.16 516     15550    4.07538    4.07649    0.00110369  200      4796     
 2517.06 518     15600    4.07538    4.07648    0.0010993   206      4810     
 2535.54 520     15665    4.07538    4.07648    0.00109723  199      4829     
 2550.85 522     15711    4.07538    4.07648    0.00109285  199      4848     
 2560.84 523     15750    4.07538    4.07647    0.00108991  193      4858     
 2575.48 525     15805    4.07538    4.07647    0.00108964  189      4872     
 2595.92 526     15850    4.07538    4.07647    0.001088    205      4893     
 2621.23 528     15911    4.07538    4.07647    0.00108507  209      4918     
 2635.59 529     15953    4.07538    4.07647    0.00108484  213      4931     
 2661.03 531     16000    4.07539    4.07646    0.00107374  213      4956     
 2668.93 532     16050    4.07539    4.07646    0.00107298  215      4964     
 2693.31 533     16100    4.07539    4.07646    0.00107279  215      4990     
 2702.49 535     16151    4.07539    4.07646    0.00107015  215      4998     
 2727.48 536     16200    4.07539    4.07645    0.0010675   212      5025     
 2739.16 538     16251    4.07539    4.07644    0.00105751  212      5036     
 2761.42 539     16300    4.07539    4.07644    0.00105604  213      5060     
 2772.16 541     16350    4.07539    4.07644    0.0010555   210      5069     
 2792.11 543     16413    4.07539    4.07644    0.00105353  209      5089     
 2810.9  544     16450    4.07539    4.07643    0.00104302  216      5109     
 2827.1  546     16503    4.07539    4.07643    0.00104098  221      5126     
 2853.09 548     16550    4.07539    4.07643    0.00103975  227      5156     
 2871.13 549     16611    4.07539    4.07642    0.00103803  228      5173     
 2887.86 550     16650    4.07539    4.07642    0.00103707  225      5188     
 2912.73 552     16715    4.07539    4.07642    0.00103347  234      5215     
 2923.81 553     16750    4.07539    4.07642    0.00103081  233      5227     
 2935.25 555     16803    4.07539    4.07642    0.00103024  231      5237     
 2960.95 556     16850    4.07539    4.07641    0.00102878  225      5264     
 2977.17 558     16905    4.07539    4.07641    0.00102601  223      5279     
 2987.47 559     16950    4.07539    4.07641    0.00102591  230      5290     
 3017.94 560     17000    4.07539    4.07641    0.00102573  228      5322     
 3032.78 562     17059    4.07539    4.0764     0.00101482  232      5336     
 3057.28 563     17100    4.07539    4.0764     0.00101357  231      5356     
 3085.41 565     17155    4.07539    4.0764     0.00101171  238      5371     
 3093.89 567     17205    4.07539    4.0764     0.00101134  240      5379     
 3114.45 568     17250    4.07539    4.0764     0.00101114  235      5398     
 3133    570     17305    4.07539    4.0764     0.00100968  232      5413     
 3160.5  571     17350    4.07539    4.07639    0.00100759  222      5440     
 3172.85 573     17401    4.07539    4.07639    0.00100606  216      5451     
 3200.09 574     17450    4.07539    4.07639    0.00100421  205      5476     
 3224.71 576     17509    4.07539    4.07638    0.000994669 213      5499     
 3237.88 578     17550    4.07539    4.07638    0.000994507 219      5510     
 3258.51 579     17600    4.07539    4.07638    0.000992346 219      5526     
 3284.12 581     17657    4.07539    4.07638    0.000991785 220      5546     
 3308.91 582     17700    4.07539    4.07637    0.000979653 222      5569     
 3334.44 584     17759    4.07539    4.07636    0.000977805 217      5587     
 3357.47 585     17800    4.07539    4.07636    0.000976138 219      5608     
 3371.72 587     17850    4.07539    4.07636    0.000973233 223      5619     
 3400.29 588     17900    4.07539    4.07636    0.000969553 223      5642     
 3420.63 590     17957    4.07539    4.07635    0.00096729  221      5659     
 3440.5  591     18003    4.07539    4.07635    0.000967004 226      5676     
 3457.53 593     18057    4.07539    4.07635    0.000964317 225      5690     
 3479.15 595     18107    4.07539    4.07635    0.000959948 229      5710     
 3506.22 596     18150    4.07539    4.07634    0.000958187 221      5731     
 3533.13 598     18211    4.07539    4.07634    0.000953969 220      5754     
 3559.2  599     18250    4.07539    4.07634    0.000951955 227      5771     
 3592.7  601     18307    4.07539    4.07634    0.000950319 224      5788     
 3618.72 602     18350    4.07539    4.07634    0.000948525 219      5803     
 3656.26 604     18400    4.07539    4.07633    0.000947    218      5826     
 3683.46 605     18453    4.07539    4.07633    0.000944114 226      5841     
 3715.58 606     18500    4.07539    4.07633    0.000942439 231      5863     
 3748.82 608     18565    4.07539    4.07633    0.00094066  239      5882     
 3767.99 609     18603    4.07539    4.07633    0.000939452 233      5897     
 3793.89 611     18661    4.07539    4.07632    0.000937713 233      5917     
 3810.98 612     18700    4.07539    4.07632    0.000937298 232      5928     
 3830.03 614     18753    4.07539    4.07632    0.000930054 236      5946     
 3852.52 616     18800    4.07539    4.07632    0.000928589 234      5969     
 3867.6  617     18855    4.07539    4.07632    0.00092841  232      5980     
 3882.51 619     18913    4.07539    4.07631    0.000928121 231      5992     
 3901.23 620     18953    4.07539    4.07631    0.000927021 227      6008     
 3919.5  622     19013    4.07539    4.07631    0.000927012 221      6024     
 3925.98 623     19050    4.07539    4.07631    0.000926871 217      6030     
 3946.07 625     19101    4.07539    4.07631    0.000918502 223      6047     
 3967.84 627     19150    4.07539    4.07631    0.000918386 227      6069     
 3976.31 628     19200    4.07539    4.0763     0.000916016 232      6077     
 3989.72 630     19253    4.07539    4.0763     0.000914245 233      6091     
 4009.56 632     19300    4.07539    4.0763     0.000912642 236      6113     
 4020.13 633     19355    4.07539    4.0763     0.000910413 243      6122     
 4041.83 634     19400    4.07539    4.0763     0.000908934 234      6148     
Writing policy file: ./28b78313f9a_636_4052.49.policy
Intermediate policy written(interval: 2000)
 4052.49 636     19457    4.07539    4.07629    0.000904916 241      6158     
 4074.51 638     19511    4.07539    4.07629    0.000902295 245      6181     
 4083.76 639     19550    4.07539    4.07629    0.000901706 241      6192     
 4102.62 641     19613    4.07539    4.07629    0.000898055 242      6216     
 4114.35 642     19650    4.07539    4.07628    0.000896758 237      6234     
 4134.91 643     19700    4.07539    4.07628    0.000892552 239      6262     
 4150.95 645     19759    4.07539    4.07627    0.000885444 249      6282     
 4166.37 646     19800    4.07539    4.07627    0.000885155 246      6299     
 4178.71 648     19857    4.07539    4.07626    0.000875344 256      6315     
 4195.97 650     19900    4.07539    4.07626    0.000875249 257      6336     
 4199.95 651     19950    4.07539    4.07625    0.000866087 257      6341     
 4211.65 653     20001    4.07539    4.07625    0.000864897 255      6358     
 4223.66 655     20059    4.07539    4.07625    0.00086436  251      6376     
 4234.72 657     20103    4.07539    4.07625    0.000861519 254      6388     
 4249.24 658     20150    4.07539    4.07625    0.000860517 247      6406     
 4265.54 660     20203    4.07539    4.07625    0.000858053 255      6426     
 4281.94 662     20250    4.07539    4.07624    0.00085505  257      6447     
 4291.17 663     20301    4.07539    4.07624    0.000853914 249      6457     
 4305.5  664     20350    4.07539    4.07624    0.000853056 251      6475     
 4321.71 666     20415    4.07539    4.07624    0.000852659 256      6496     
 4329.87 667     20450    4.07539    4.07623    0.000844271 258      6507     
 4345.71 669     20511    4.07539    4.07623    0.000842856 257      6528     
 4358.88 671     20550    4.07539    4.07623    0.000842671 249      6544     
 4371.13 672     20600    4.07539    4.07623    0.000840675 252      6562     
 4381.56 674     20661    4.07539    4.07623    0.000838748 251      6580     
 4389.93 675     20700    4.07539    4.07623    0.000837791 250      6595     
 4396.77 677     20753    4.07539    4.07622    0.00083715  248      6604     
 4407.59 679     20817    4.07539    4.07622    0.00083525  250      6620     
 4419.18 680     20855    4.07539    4.07622    0.00083383  250      6634     
 4426.65 681     20900    4.07539    4.07622    0.000833625 251      6646     
 4438.23 683     20955    4.07539    4.07622    0.000832106 254      6666     
 4448.23 685     21021    4.07539    4.07622    0.000831674 256      6685     
 4455.93 686     21050    4.07539    4.07622    0.000830143 251      6697     
 4471.59 688     21123    4.07539    4.07622    0.000830047 257      6719     
 4483.4  689     21161    4.07539    4.07622    0.000829272 261      6734     
 4498.1  691     21200    4.07539    4.07621    0.000826488 263      6753     
 4503.94 692     21250    4.07539    4.07621    0.000824761 265      6759     
 4522.28 694     21309    4.07539    4.07621    0.000824524 278      6781     
 4541.3  696     21361    4.07539    4.07621    0.000818497 286      6804     
 4553.79 697     21409    4.07539    4.07621    0.000817521 288      6823     
 4563.61 698     21450    4.07539    4.07621    0.000817297 282      6839     
 4578.03 700     21511    4.07539    4.0762     0.000816121 271      6859     
 4585.55 701     21551    4.07539    4.0762     0.000815488 267      6869     
 4606.93 702     21600    4.07539    4.0762     0.000814565 263      6895     
 4621.47 704     21655    4.07539    4.0762     0.000813045 267      6912     
 4633.93 705     21700    4.07539    4.0762     0.000812725 267      6927     
 4651.83 707     21763    4.07539    4.0762     0.000810195 256      6948     
 4664.87 708     21800    4.07539    4.07619    0.000803727 259      6961     
 4683.65 710     21850    4.07539    4.07619    0.000801742 267      6980     
 4705.53 711     21900    4.07539    4.07619    0.000801458 263      7004     
 4719.71 713     21950    4.07539    4.07618    0.000792486 260      7019     
 4742.89 715     22000    4.07539    4.07618    0.000791836 262      7045     
 4756.24 716     22050    4.07539    4.07618    0.000790199 266      7059     
 4771.56 717     22100    4.07539    4.07618    0.000789577 258      7081     
 4791.38 719     22161    4.07539    4.07618    0.000787212 256      7101     
 4807.64 720     22200    4.07539    4.07618    0.000786758 255      7118     
 4827.14 721     22250    4.07539    4.07617    0.00078603  261      7138     
 4843.3  723     22323    4.07539    4.07617    0.000784842 260      7155     
 4859.38 724     22361    4.07539    4.07617    0.000784041 262      7172     
 4872.35 725     22400    4.07539    4.07617    0.000783964 264      7185     
 4890.55 727     22455    4.07539    4.07617    0.000783067 265      7203     
 4906.56 728     22500    4.07539    4.07617    0.000782514 267      7221     
 4931.35 729     22550    4.07539    4.07617    0.00078223  258      7248     
 4947.29 731     22611    4.07539    4.07617    0.000781012 265      7263     
 4964.27 732     22650    4.07539    4.07617    0.000779529 267      7280     
 4985.12 733     22700    4.07539    4.07617    0.000779438 264      7301     
 5000.49 735     22759    4.07539    4.07617    0.000778575 261      7315     
 5013.64 736     22800    4.07539    4.07617    0.000778262 272      7327     
 5037.01 738     22857    4.07539    4.07616    0.000774507 276      7349     
 5049.51 739     22900    4.07539    4.07616    0.000774367 272      7362     
 5076.2  741     22965    4.07539    4.07616    0.000770082 268      7388     
 5090.25 742     23000    4.07539    4.07616    0.00076881  271      7401     
 5108.3  744     23061    4.07539    4.07615    0.000765742 278      7424     
 5121.49 745     23100    4.07539    4.07615    0.000765428 281      7439     
 5146.32 747     23165    4.07539    4.07615    0.000763997 277      7467     
 5162.88 748     23200    4.07539    4.07615    0.000763789 267      7480     
 5191.15 750     23263    4.07539    4.07615    0.000761396 261      7507     
 5206.39 752     23300    4.07539    4.07615    0.000760413 259      7525     
 5216.29 753     23350    4.07539    4.07615    0.000758848 264      7534     
 5232.52 755     23405    4.07539    4.07615    0.000758549 266      7550     
 5250.67 756     23450    4.07539    4.07615    0.000757149 262      7568     
 5275.96 758     23507    4.07539    4.07614    0.000755199 266      7591     
 5293.47 759     23550    4.07539    4.07614    0.000754912 264      7612     
 5312.74 761     23603    4.07539    4.07614    0.000752991 265      7631     
 5341.5  762     23650    4.07539    4.07614    0.000751835 274      7658     
 5359.02 764     23707    4.07539    4.07614    0.000751163 273      7673     
 5378.42 765     23750    4.07539    4.07614    0.000749678 277      7694     
 5396.12 766     23800    4.07539    4.07614    0.000749539 277      7709     
 5413.54 768     23850    4.07539    4.07614    0.000748233 273      7723     
 5435.71 769     23900    4.07539    4.07614    0.000748226 277      7744     
 5449.04 771     23955    4.07539    4.07614    0.000748212 285      7755     
 5472.02 772     24000    4.07539    4.07614    0.000748099 291      7774     
 5480.67 774     24051    4.07539    4.07613    0.000744586 290      7781     
 5503.23 776     24107    4.07539    4.07613    0.000737007 278      7801     
 5522.44 777     24150    4.07539    4.07613    0.000736626 284      7816     
 5551.23 779     24211    4.07539    4.07612    0.000734442 288      7839     
 5578.39 780     24250    4.07539    4.07612    0.000731975 292      7863     
 5590.87 782     24300    4.07539    4.07612    0.00073047  292      7871     
 5611.68 784     24353    4.07539    4.07612    0.000728788 294      7892     
 5624.86 786     24409    4.07539    4.07611    0.00072636  287      7906     
 5644.27 788     24450    4.07539    4.07611    0.000724123 291      7921     
 5669.29 789     24500    4.07539    4.07611    0.000722814 288      7942     
 5690.28 791     24563    4.07539    4.07611    0.000720879 285      7961     
 5710.36 792     24600    4.07539    4.07611    0.000720051 280      7978     
 5740.5  794     24667    4.07539    4.07611    0.000719164 282      8006     
 5761.36 795     24703    4.07539    4.07611    0.000718678 281      8022     
 5791.44 796     24750    4.07539    4.07611    0.000716925 293      8048     
 5811.9  798     24813    4.07539    4.0761     0.000711989 280      8062     
 5836.4  799     24850    4.07539    4.0761     0.000707438 281      8081     
 5860.54 801     24915    4.07539    4.07609    0.000705398 283      8101     
 5875.87 802     24950    4.07539    4.07609    0.000705299 284      8114     
 5908.95 803     25000    4.07539    4.07609    0.00070377  288      8142     
 5934.52 805     25065    4.07539    4.07609    0.000702702 302      8164     
 5950.19 806     25100    4.07539    4.07609    0.00070262  306      8175     
 5972.04 808     25161    4.07539    4.07609    0.000700418 310      8195     
 5990.32 809     25200    4.07539    4.07609    0.000699523 305      8212     
 6018.51 811     25257    4.07539    4.07609    0.000697948 308      8234     
 6037.81 812     25300    4.07539    4.07609    0.000697829 307      8253     
Writing policy file: ./28b78313f9a_814_6059.71.policy
Intermediate policy written(interval: 2000)
 6059.71 814     25357    4.07539    4.07608    0.000693728 299      8271     
 6082.77 816     25405    4.07539    4.07608    0.000692911 303      8285     
 6115.02 817     25450    4.07539    4.07608    0.000692816 297      8309     
 6134.62 819     25500    4.07539    4.07608    0.000691995 289      8321     
 6161.47 821     25557    4.07539    4.07608    0.000691341 294      8341     
 6190.24 822     25600    4.07539    4.07608    0.000690488 292      8361     
 6217.79 824     25657    4.07539    4.07607    0.000685978 299      8381     
 6238.95 825     25700    4.07539    4.07607    0.000685889 296      8395     
 6261.49 827     25750    4.07539    4.07607    0.000681069 291      8409     
 6296.58 829     25809    4.07539    4.07607    0.000679834 292      8433     
 6323.16 831     25865    4.07539    4.07606    0.000673213 294      8453     
 6338.28 833     25900    4.07539    4.07606    0.000673139 296      8462     
 6359.67 834     25950    4.07539    4.07606    0.000672069 300      8476     
 6387.32 836     26003    4.07539    4.07606    0.000670961 305      8496     
 6416.22 837     26050    4.07539    4.07606    0.000670957 309      8516     
 6435.4  839     26107    4.07539    4.07606    0.00067047  305      8532     
 6467.84 840     26150    4.07539    4.07606    0.000670257 305      8553     
 6499.06 842     26213    4.07539    4.07606    0.000669356 312      8572     
 6527.56 843     26251    4.07539    4.07605    0.000663588 319      8590     
 6549.13 845     26307    4.07539    4.07605    0.000663077 323      8607     
 6574.56 846     26350    4.07539    4.07605    0.000662068 322      8624     
 6609.71 848     26400    4.07539    4.07605    0.000662023 314      8652     
 6625.97 849     26450    4.07539    4.07605    0.000661698 307      8660     
 6662.23 851     26515    4.07539    4.07605    0.000661222 311      8686     
 6676.45 852     26550    4.07539    4.07605    0.000661187 310      8695     
 6710.55 854     26600    4.07539    4.07605    0.000660368 301      8719     
 6728.62 855     26651    4.07539    4.07605    0.000659815 301      8732     
 6765.57 856     26700    4.07539    4.07605    0.000658917 295      8755     
 6784.98 858     26763    4.07539    4.07605    0.000658891 297      8766     
 6808.3  859     26807    4.07539    4.07605    0.000658847 298      8781     
 6835.7  861     26863    4.07539    4.07605    0.000657331 300      8797     
 6863.44 862     26900    4.07539    4.07605    0.000656533 305      8814     
 6897.73 863     26950    4.07539    4.07605    0.000656454 319      8835     
 6935.97 865     27017    4.07539    4.07604    0.000653132 323      8856     
 6952.7  866     27050    4.07539    4.07604    0.0006531   317      8864     
 6984.25 868     27111    4.07539    4.07604    0.000652635 319      8881     
 7011.7  869     27159    4.07539    4.07604    0.000652546 324      8898     
 7039.27 870     27200    4.07539    4.07604    0.000651958 327      8914     
 7070.98 872     27261    4.07539    4.07604    0.00065188  322      8930     
 7110.39 873     27300    4.07539    4.07604    0.000650784 316      8954     
 7129.3  875     27355    4.07539    4.07604    0.000650203 324      8963     
 7161.26 876     27400    4.07539    4.07604    0.000650199 318      8982     
 7187.6  878     27451    4.07539    4.07604    0.000649173 319      8996     
 7213.76 880     27501    4.07539    4.07604    0.000647277 317      9012     
 7248.54 881     27550    4.07539    4.07604    0.000647273 321      9034     
 7282.74 883     27609    4.07539    4.07604    0.000646207 317      9054     
 7318.57 884     27650    4.07539    4.07603    0.000645654 315      9073     
 7349.83 885     27700    4.07539    4.07603    0.000645619 314      9090     
 7392.91 886     27750    4.07539    4.07603    0.000645583 313      9115     
 7417.94 888     27809    4.07539    4.07603    0.00064472  315      9128     
 7450.13 889     27850    4.07539    4.07603    0.000644616 319      9147     
 7489.74 891     27907    4.07539    4.07603    0.000643636 331      9169     
 7513.98 893     27950    4.07539    4.07603    0.000643505 332      9182     
 7545.28 894     28009    4.07539    4.07603    0.00064207  340      9199     
 7566.24 895     28050    4.07539    4.07603    0.000641272 344      9210     
 7607.71 897     28115    4.07539    4.07603    0.000640482 328      9230     
 7648.72 898     28169    4.07539    4.07603    0.000640099 332      9253     
 7676.7  899     28203    4.07539    4.07603    0.000638994 330      9267     
 7724.11 900     28250    4.07539    4.07603    0.00063812  335      9294     
 7754.87 902     28305    4.07539    4.07603    0.000637346 343      9308     
 7788.11 903     28350    4.07539    4.07603    0.000637258 337      9325     
 7825.55 905     28411    4.07539    4.07603    0.000636692 343      9347     
 7853.89 906     28450    4.07539    4.07602    0.000634452 344      9362     
 7888.63 908     28509    4.07539    4.07602    0.000633417 339      9383     
 7919.75 909     28550    4.07539    4.07602    0.000632196 339      9401     
 7960.19 911     28600    4.07539    4.07602    0.000630997 338      9428     
 7991.05 912     28650    4.07539    4.07602    0.000630128 337      9447     
 8026.2  914     28700    4.07539    4.07602    0.000629982 342      9471     
 8054.4  915     28753    4.07539    4.07602    0.000627666 345      9484     
Writing policy file: ./28b78313f9a_917_8082.55.policy
Intermediate policy written(interval: 2000)
 8082.55 917     28807    4.07539    4.07602    0.000626256 343      9503     
 8109.53 918     28850    4.07539    4.07602    0.000626154 344      9522     
 8142.88 920     28913    4.07539    4.07601    0.000624006 341      9541     
 8177.97 921     28950    4.07539    4.07601    0.000623845 347      9559     
 8201.97 923     29000    4.07539    4.07601    0.00062173  346      9574     
 8227.55 925     29055    4.07539    4.07601    0.00061626  343      9586     
 8267.43 926     29103    4.07539    4.07601    0.000616122 343      9604     
 8301.92 928     29161    4.07539    4.076      0.000613777 338      9622     
 8328.98 929     29200    4.07539    4.076      0.000613263 340      9639     
 8372.71 931     29250    4.07539    4.076      0.000612365 338      9662     
 8402.51 932     29303    4.07539    4.076      0.000611325 342      9677     
 8439.91 933     29350    4.07539    4.076      0.000608572 344      9697     
 8469.14 935     29400    4.07539    4.076      0.000607665 341      9712     
 8506.36 937     29453    4.07539    4.076      0.000606267 342      9729     
 8547.3  939     29509    4.07539    4.07599    0.000604875 343      9748     
 8571.54 940     29550    4.07539    4.07599    0.000604635 344      9765     
 8615.8  942     29600    4.07539    4.07599    0.000600202 344      9788     
 8642.55 943     29653    4.07539    4.07599    0.000599304 347      9801     
 8688.18 944     29700    4.07539    4.07599    0.000599296 349      9822     
 8711.11 946     29751    4.07539    4.07599    0.000598702 347      9836     
 8743.17 948     29815    4.07539    4.07598    0.00059408  350      9859     
 8774.79 949     29850    4.07539    4.07598    0.000593507 345      9875     
 8822.71 951     29913    4.07539    4.07598    0.000592674 348      9896     
 8848.54 952     29961    4.07539    4.07598    0.000592625 347      9908     
 8882.71 953     30000    4.07539    4.07598    0.00059233  347      9925     
 8909.93 955     30050    4.07539    4.07597    0.000584513 346      9941     
 8925.63 957     30100    4.07539    4.07597    0.000584027 346      9950     
 8960.88 959     30150    4.07539    4.07597    0.000582444 348      9971     
 8992.94 961     30209    4.07539    4.07597    0.000581994 344      9987     
 9019.61 962     30250    4.07539    4.07597    0.000581948 344      9998     
 9064.28 963     30300    4.07539    4.07597    0.000581248 337      10026    
 9085.2  965     30351    4.07539    4.07597    0.000578228 342      10036    
 9106.96 967     30400    4.07539    4.07597    0.000577767 341      10047    
 9148.37 969     30459    4.07539    4.07597    0.000576472 340      10068    
 9178.83 971     30513    4.07539    4.07597    0.000575746 345      10084    
 9217.57 972     30550    4.07539    4.07596    0.000574791 347      10101    
 9254.4  974     30600    4.07539    4.07596    0.000569197 353      10117    
 9300.82 976     30663    4.07539    4.07596    0.000567104 356      10144    
 9325.2  978     30700    4.07539    4.07596    0.00056659  360      10160    
 9344.72 979     30750    4.07539    4.07596    0.000566031 357      10171    
 9393.82 980     30800    4.07539    4.07596    0.000565326 358      10198    
 9416.55 982     30853    4.07539    4.07595    0.000564921 354      10210    
 9448.21 983     30900    4.07539    4.07595    0.00056484  353      10229    
 9474.67 985     30961    4.07539    4.07595    0.000564391 356      10247    
 9513.83 986     31000    4.07539    4.07595    0.000563528 356      10264    
 9555.78 988     31063    4.07539    4.07595    0.000562615 355      10292    
 9572.29 989     31100    4.07539    4.07595    0.000562585 358      10301    
 9613.76 990     31150    4.07539    4.07595    0.000562167 357      10324    
 9643.81 992     31215    4.07539    4.07595    0.00056213  358      10341    
 9673.12 993     31257    4.07539    4.07595    0.000561939 349      10357    
 9700.41 994     31300    4.07539    4.07595    0.000561338 347      10376    
 9721.23 996     31353    4.07539    4.07595    0.000561254 348      10390    
 9761.02 997     31400    4.07539    4.07595    0.000561106 349      10407    
 9817.78 998     31450    4.07539    4.07595    0.000561072 355      10436    
 9851.93 1000    31511    4.07539    4.07595    0.000555474 359      10453    
 9882.57 1001    31553    4.07539    4.07595    0.000555464 367      10467    
 9916.97 1003    31613    4.07539    4.07594    0.000554882 373      10488    
 9940.76 1004    31650    4.07539    4.07594    0.000554841 372      10502    
 9960.72 1006    31703    4.07539    4.07594    0.000554017 377      10512    
 9992.67 1007    31750    4.07539    4.07594    0.000553761 380      10530    
 10035   1009    31811    4.07539    4.07594    0.000551978 382      10554    
 10067.5 1010    31850    4.07539    4.07594    0.000551822 378      10572    
Writing policy file: ./28b78313f9a_1012_10111.5.policy
Intermediate policy written(interval: 2000)
 10111.5 1012    31905    4.07539    4.07594    0.000551317 369      10588    
-------------------------------------------------------------------------------

SARSOP finishing ...
  Preset timeout reached
  Timeout     : 10000.000000s
  Actual Time : 10111.460000s

-------------------------------------------------------------------------------
 Time   |#Trial |#Backup |LBound    |UBound    |Precision  |#Alphas |#Beliefs  
-------------------------------------------------------------------------------
 10111.5 1012    31905    4.07539    4.07594    0.000551317 369      10588    
-------------------------------------------------------------------------------

Writing out policy ...
  output file : ./28b78313f9a.policyx

