
Loading the model ...
  input file   : /home/rstudio/pomdp-solutions-library/28c125d74c0.pomdpx
  loading time : 0.69s 

SARSOP initializing ...
  initialization time : 30.77s

-------------------------------------------------------------------------------
 Time   |#Trial |#Backup |LBound    |UBound    |Precision  |#Alphas |#Beliefs  
-------------------------------------------------------------------------------
 30.77   0       0        1.21043    2.19534    0.98491     50       1        
 31.27   3       53       1.75988    2.03584    0.275967    74       28       
 32.22   5       100      1.877      2.03569    0.158687    99       53       
 33.14   7       150      1.93525    2.03561    0.100356    107      75       
 34.28   9       200      1.96357    2.03549    0.0719205   117      97       
 36.13   11      253      1.98165    2.03533    0.0536717   120      119      
 38.23   13      303      1.99404    2.03523    0.0411888   26       143      
 40.1    15      355      2.00096    2.03517    0.0342056   19       162      
 42.34   17      405      2.00762    2.03499    0.0273716   18       186      
 44.64   19      457      2.01144    2.03496    0.023525    22       207      
 47.42   21      513      2.01466    2.03479    0.0201282   23       230      
 49.82   22      550      2.01557    2.03478    0.019207    19       249      
 52.69   24      600      2.01736    2.03469    0.0173245   21       269      
 56.4    26      653      2.01849    2.03457    0.0160783   15       293      
 60.96   28      713      2.01947    2.03445    0.0149877   22       319      
 65.05   29      750      2.01974    2.03444    0.014696    19       340      
 67.97   31      800      2.02029    2.03434    0.0140443   24       354      
 73.99   33      857      2.02076    2.03425    0.0134893   25       380      
 80.09   34      900      2.02093    2.03424    0.0133186   19       405      
 83.61   36      950      2.02172    2.0342     0.0124853   22       418      
 88.39   38      1011     2.02201    2.03418    0.0121638   24       439      
 91.6    39      1050     2.02218    2.03417    0.0119877   24       453      
 96.11   41      1105     2.02255    2.03416    0.0116089   21       470      
 103.81  43      1150     2.02264    2.03415    0.0115095   25       498      
 108.12  44      1200     2.02276    2.03412    0.0113578   24       513      
 113.96  46      1259     2.0229     2.0341     0.0111992   23       532      
 119.01  47      1300     2.02297    2.0341     0.0111328   21       548      
 124.36  49      1351     2.02306    2.03409    0.0110234   26       564      
 130.86  51      1413     2.02327    2.03406    0.0107976   27       582      
 138.39  52      1450     2.02332    2.03406    0.0107445   27       602      
 145.58  54      1503     2.0234     2.03406    0.0106578   25       621      
 152.2   56      1563     2.02344    2.03404    0.0106061   34       637      
 157.97  57      1600     2.02345    2.03404    0.0105873   35       650      
 163.93  59      1655     2.02348    2.03403    0.0105512   34       664      
 174.42  61      1713     2.02358    2.03398    0.0104014   30       687      
 182.03  62      1750     2.02362    2.03397    0.0103545   28       704      
 191.99  64      1807     2.02369    2.03395    0.0102594   33       726      
 201.2   65      1850     2.02372    2.03395    0.0102249   30       745      
 205.35  67      1900     2.02377    2.03394    0.010174    29       753      
 217.85  69      1963     2.02382    2.03394    0.0101181   28       778      
 228.73  70      2000     2.02384    2.03393    0.0100849   31       797      
 237.66  72      2050     2.02388    2.03392    0.0100462   31       812      
 249.31  74      2107     2.02389    2.03388    0.00998256  37       833      
 263.02  75      2150     2.02394    2.03384    0.0099007   38       856      
 269     77      2200     2.02395    2.03383    0.00987625  33       865      
 283.39  79      2255     2.02407    2.03377    0.00969793  36       887      
 292.95  80      2300     2.02409    2.03377    0.00967193  30       900      
 301.72  82      2350     2.02413    2.03375    0.00962219  30       912      
 319.55  84      2407     2.02415    2.03374    0.00959329  38       935      
 327.88  85      2450     2.02416    2.03374    0.0095854   39       946      
 334.27  87      2500     2.02416    2.03374    0.00957442  41       954      
 346.57  89      2555     2.0242     2.03374    0.00953967  40       969      
 362.44  91      2613     2.02422    2.03373    0.00951687  38       988      
 374.88  92      2650     2.02422    2.03367    0.00945156  47       1003     
 387.03  94      2705     2.02423    2.03367    0.00944513  51       1017     
 400.38  96      2750     2.02423    2.03367    0.00943914  47       1032     
 414.12  97      2800     2.02424    2.03363    0.00939118  44       1046     
 429.29  99      2855     2.02425    2.03361    0.00935324  47       1062     
 444.35  101     2900     2.02426    2.03361    0.00934597  44       1079     
 452.88  102     2950     2.02427    2.03359    0.00932235  40       1089     
 470.14  104     3005     2.02428    2.03358    0.00930233  45       1106     
 488.4   106     3061     2.02428    2.03358    0.00929836  58       1123     
 509.68  107     3100     2.02428    2.03358    0.00929564  58       1142     
 521.26  109     3150     2.02429    2.03358    0.00928961  55       1152     
 541.51  111     3209     2.02429    2.03358    0.00928366  48       1169     
 559.76  112     3250     2.0243     2.03356    0.00926572  53       1184     
 575.94  114     3300     2.0243     2.03356    0.00925657  56       1197     
 601.89  116     3357     2.02431    2.0335     0.0091897   51       1219     
 632.03  117     3400     2.02432    2.0335     0.00918257  52       1244     
 648.82  119     3450     2.02432    2.03349    0.00917059  49       1257     
 673.66  121     3507     2.02438    2.03345    0.00906764  45       1278     
 690.44  122     3550     2.0244     2.03344    0.00904046  41       1293     
 706.26  124     3600     2.02442    2.03344    0.00901831  40       1306     
 733.18  126     3655     2.02443    2.03344    0.00900643  43       1327     
 754.85  128     3700     2.02444    2.03344    0.00900237  42       1344     
 775.84  129     3750     2.02444    2.03344    0.00899682  51       1359     
 802.74  131     3803     2.02444    2.03344    0.00899292  50       1378     
 831.57  133     3859     2.02449    2.03336    0.00886948  51       1399     
 847.34  134     3900     2.0245     2.03336    0.00886671  50       1410     
 863.97  136     3950     2.02451    2.03336    0.00885513  54       1421     
 885.48  138     4000     2.02451    2.03335    0.00884007  51       1436     
 911.4   140     4059     2.02452    2.03335    0.00883091  51       1454     
 944.2   141     4100     2.02452    2.03334    0.00882256  49       1476     
 969.83  143     4150     2.02452    2.03331    0.00879094  48       1492     
 997.2   145     4207     2.02453    2.03331    0.00878316  49       1510     
 1022.23 146     4250     2.02453    2.03331    0.00877953  48       1526     
 1032.44 148     4300     2.02454    2.03331    0.00877529  51       1532     
 1057.23 150     4357     2.02454    2.03331    0.00877021  54       1548     
 1085.88 152     4413     2.02454    2.03331    0.00876717  59       1566     
 1112.24 153     4450     2.02454    2.03331    0.00876592  60       1583     
 1135.48 155     4501     2.02455    2.03331    0.00875698  56       1598     
 1166.02 157     4561     2.02455    2.03329    0.00873605  55       1616     
 1183.46 158     4600     2.02456    2.03329    0.0087352   55       1626     
 1209.65 160     4650     2.02456    2.03328    0.00872742  59       1641     
 1231.4  162     4707     2.02456    2.03328    0.00872622  59       1654     
 1251.66 163     4750     2.02456    2.03328    0.00872432  60       1666     
 1272.11 165     4801     2.02457    2.03328    0.00871582  52       1677     
 1292.08 167     4857     2.02458    2.03326    0.00867946  48       1687     
 1310.77 169     4900     2.02459    2.03325    0.00866715  46       1698     
 1333.51 170     4950     2.02463    2.03324    0.00860694  46       1712     
 1346.92 172     5001     2.02465    2.03324    0.0085848   52       1720     
 1374.29 174     5061     2.02466    2.03324    0.00857557  50       1737     
 1381.73 175     5100     2.02466    2.03323    0.0085728   48       1742     
 1396.31 177     5151     2.02467    2.03323    0.00856927  54       1751     
 1434.56 179     5207     2.02467    2.03323    0.00855784  58       1774     
 1474.03 181     5250     2.02467    2.03322    0.00855444  60       1797     
 1489.65 182     5300     2.02468    2.0332     0.00852163  55       1806     
 1507.36 184     5353     2.02468    2.0332     0.00851235  52       1816     
 1544.43 186     5411     2.02469    2.03314    0.00844734  49       1839     
 1561.66 187     5450     2.02469    2.03314    0.00844422  47       1850     
 1574.05 189     5500     2.02469    2.03314    0.0084427   50       1857     
 1593.05 191     5553     2.02469    2.03313    0.00844086  59       1868     
 1622.43 193     5613     2.02469    2.03313    0.0084402   64       1885     
 1644.27 194     5650     2.02469    2.03313    0.00844007  68       1896     
 1664.55 196     5703     2.02469    2.03313    0.00843781  63       1907     
 1699.97 198     5761     2.02481    2.0331     0.00829473  45       1925     
 1713.79 199     5800     2.02481    2.0331     0.0082918   50       1936     
 1726.54 201     5850     2.02482    2.0331     0.00828606  51       1947     
 1740.08 203     5907     2.02482    2.0331     0.0082824   54       1958     
 1751.98 205     5950     2.02482    2.0331     0.00828092  50       1968     
 1765.47 206     6000     2.02482    2.0331     0.00827723  57       1978     
 1780.19 208     6053     2.02483    2.03309    0.00826148  56       1989     
 1800.39 210     6113     2.02484    2.03309    0.00825567  54       2005     
 1807.92 211     6150     2.02484    2.03309    0.008252    52       2011     
 1827.44 213     6205     2.02485    2.03309    0.00824481  42       2027     
 1840.66 215     6263     2.02485    2.03308    0.00822353  47       2037     
 1852.12 216     6300     2.02485    2.03307    0.00822068  51       2046     
 1863.74 218     6353     2.02486    2.03307    0.00821357  58       2055     
 1876.1  220     6411     2.02486    2.03307    0.00820955  52       2064     
 1885.01 221     6450     2.02486    2.03307    0.00820906  53       2070     
 1897.82 223     6501     2.02487    2.03307    0.00820539  56       2079     
 1919.45 225     6559     2.02487    2.03306    0.00819325  60       2094     
 1939.15 226     6600     2.02487    2.03306    0.00818554  59       2108     
 1961.4  228     6650     2.02488    2.03301    0.00812935  50       2122     
 1997.59 230     6709     2.02492    2.033      0.00808341  54       2148     
 2004.61 231     6750     2.02493    2.033      0.00807369  53       2153     
 2014.31 233     6800     2.02496    2.033      0.00804615  53       2160     
Writing policy file: ./28c125d74c0_235_2036.45.policy
Intermediate policy written(interval: 2000)
 2036.45 235     6853     2.02498    2.03299    0.00801133  56       2177     
 2058.11 237     6911     2.02498    2.03295    0.00797078  57       2192     
 2072.67 238     6950     2.02498    2.03295    0.0079676   56       2202     
 2082.34 240     7000     2.02499    2.03295    0.00796307  60       2209     
 2105.58 242     7059     2.02499    2.03292    0.00793325  65       2225     
 2119.97 243     7100     2.02499    2.03292    0.00792995  60       2235     
 2139.27 245     7150     2.02499    2.03292    0.00792779  56       2247     
 2164.34 247     7201     2.025      2.03292    0.0079226   54       2263     
 2182.91 249     7259     2.025      2.03292    0.00792078  57       2276     
 2206.94 250     7300     2.025      2.03292    0.00792045  53       2290     
 2217.21 252     7350     2.025      2.03292    0.00791889  59       2296     
 2245.57 254     7407     2.025      2.03292    0.00791821  67       2312     
 2270.23 255     7450     2.025      2.03292    0.00791644  66       2326     
 2277.19 257     7500     2.025      2.03292    0.00791461  69       2330     
 2290.08 259     7555     2.025      2.03292    0.0079136   74       2338     
 2304.89 261     7611     2.025      2.03292    0.00791279  67       2347     
 2334.05 262     7650     2.02501    2.03292    0.00790701  61       2363     
 2352.18 264     7701     2.02501    2.03291    0.00789587  64       2373     
 2385.8  266     7759     2.02501    2.0329     0.00788672  65       2391     
 2410.78 267     7800     2.02504    2.03289    0.00785164  60       2406     
 2436.95 269     7850     2.02505    2.03288    0.0078274   61       2421     
 2472.59 271     7909     2.02505    2.03287    0.00781991  67       2440     
 2491.1  272     7950     2.02506    2.03287    0.00781765  67       2450     
 2518.01 274     8001     2.02506    2.03287    0.00781148  61       2464     
 2557.16 276     8057     2.02506    2.03287    0.00780878  62       2484     
 2606.34 278     8113     2.02506    2.03287    0.00780711  68       2507     
 2634.26 279     8150     2.02507    2.03286    0.00779765  66       2519     
 2665.82 281     8200     2.02507    2.03286    0.00779484  68       2534     
 2702.73 283     8255     2.02507    2.03286    0.00779372  68       2551     
 2749.51 285     8313     2.02507    2.03286    0.00779187  64       2572     
 2768.61 286     8350     2.02507    2.03286    0.00779088  67       2581     
 2802.58 288     8400     2.02507    2.03285    0.0077822   72       2596     
 2855.52 290     8457     2.02507    2.03283    0.00775698  71       2618     
 2904.88 292     8500     2.02507    2.03283    0.00775596  75       2638     
 2933.85 293     8550     2.02507    2.03283    0.00775484  74       2649     
 2971.3  295     8601     2.02508    2.03283    0.0077516   73       2664     
 3021.92 297     8653     2.02508    2.03283    0.0077514   77       2683     
 3078.86 299     8707     2.02508    2.03282    0.00774538  81       2704     
 3119.03 301     8761     2.02508    2.03282    0.00774307  78       2718     
 3174.37 303     8800     2.02508    2.03282    0.00774155  77       2737     
 3225.2  304     8850     2.02508    2.03282    0.00774046  82       2754     
 3261.26 306     8900     2.02508    2.03278    0.007701    78       2767     
 3301.94 308     8955     2.02508    2.03274    0.00765472  71       2782     
 3363.72 310     9013     2.02508    2.03274    0.00765346  69       2803     
 3408.06 311     9050     2.02508    2.03274    0.00765334  80       2818     
 3446.62 313     9100     2.02508    2.03274    0.00765319  76       2831     
 3504.19 315     9153     2.02509    2.03274    0.00765184  79       2849     
 3567.26 317     9209     2.02509    2.03272    0.00762996  79       2869     
 3614.92 318     9250     2.02509    2.03272    0.00762945  79       2885     
 3659.59 320     9300     2.02509    2.03272    0.00762896  76       2899     
 3703.92 322     9350     2.02509    2.03272    0.00762655  79       2914     
 3779.9  324     9407     2.02509    2.03271    0.00762053  84       2938     
 3847.69 326     9450     2.02509    2.03271    0.00761996  80       2959     
 3882.92 327     9500     2.02509    2.0327     0.00760818  82       2970     
 3937.66 329     9551     2.0251     2.03265    0.00755222  76       2987     
 3987.41 331     9607     2.0251     2.03264    0.00754267  85       3002     
Writing policy file: ./28c125d74c0_332_4061.01.policy
Intermediate policy written(interval: 2000)
 4061.01 333     9650     2.02511    2.0326     0.00749923  83       3025     
 4089.67 334     9700     2.02511    2.0326     0.00749692  78       3034     
 4155.79 336     9757     2.02512    2.03258    0.00745335  82       3054     
 4186.9  337     9800     2.02512    2.03257    0.00745084  81       3068     
 4203.22 339     9850     2.02513    2.03257    0.00744558  76       3075     
 4227.63 341     9905     2.02513    2.03257    0.00744452  78       3085     
 4268.78 343     9961     2.02513    2.03256    0.00742906  81       3104     
 4285.02 344     10000    2.02513    2.03256    0.00742826  89       3111     
 4303.41 346     10050    2.02513    2.03256    0.00742523  81       3119     
 4355.26 348     10105    2.02516    2.03255    0.0073951   79       3144     
 4393.07 350     10163    2.02517    2.03255    0.00738138  81       3162     
 4425.81 351     10200    2.02517    2.03255    0.00737382  85       3178     
 4467.45 353     10253    2.02518    2.03253    0.00734817  78       3197     
 4520.03 355     10315    2.02518    2.03252    0.00733659  80       3222     
 4539.08 356     10350    2.02518    2.03252    0.0073357   82       3231     
 4573.4  358     10407    2.02518    2.03252    0.0073338   84       3247     
 4599.35 360     10463    2.02518    2.03252    0.00733323  88       3258     
 4619.63 361     10500    2.02519    2.03252    0.00733254  86       3267     
 4658.3  363     10551    2.02519    2.03252    0.00733156  89       3283     
 4705.61 365     10609    2.02519    2.03252    0.00733089  90       3303     
 4742.96 367     10650    2.02519    2.03252    0.0073305   79       3318     
 4765.39 368     10700    2.02519    2.03252    0.00732849  80       3327     
 4780.87 370     10750    2.02519    2.03252    0.00732798  80       3333     
 4821.65 372     10805    2.02519    2.03251    0.00732244  74       3349     
 4864.08 374     10863    2.02519    2.0325     0.00730973  77       3367     
 4905.54 375     10900    2.02519    2.0325     0.0073091   78       3382     
 4932.57 377     10950    2.02519    2.0325     0.00730812  83       3392     
 4980.47 379     11005    2.02519    2.0325     0.0073069   87       3410     
 5000.84 381     11059    2.02519    2.0325     0.00730608  84       3417     
 5033.54 382     11100    2.02519    2.0325     0.00730597  87       3429     
 5054.87 384     11150    2.02519    2.0325     0.00730536  84       3436     
 5092.7  386     11209    2.02519    2.0325     0.00730494  86       3449     
 5131.99 388     11250    2.02519    2.0325     0.00730391  89       3462     
 5167.84 389     11300    2.02519    2.03249    0.00730214  91       3475     
 5186.88 391     11350    2.02519    2.03248    0.00728819  86       3482     
 5244.62 393     11405    2.0252     2.03248    0.00728266  91       3502     
 5275.5  395     11461    2.0252     2.03248    0.00727818  89       3514     
 5294.31 396     11500    2.0252     2.03248    0.00727774  86       3522     
 5334.77 398     11550    2.0252     2.03247    0.00726811  92       3537     
 5386.5  400     11605    2.0252     2.03247    0.00726658  87       3555     
 5423.03 402     11659    2.0252     2.03247    0.00726369  91       3568     
 5445.74 403     11700    2.0252     2.03247    0.00726348  92       3576     
 5458.04 405     11750    2.0252     2.03247    0.00726307  90       3580     
 5491.59 407     11800    2.0252     2.03247    0.00726183  98       3592     
 5523.35 409     11851    2.02521    2.03245    0.00724808  99       3604     
 5579.27 411     11909    2.02521    2.03243    0.00721905  98       3624     
 5630.99 412     11950    2.02521    2.03243    0.00721805  93       3642     
 5643.85 414     12000    2.02521    2.03242    0.00721651  98       3647     
 5664.45 416     12050    2.02521    2.03242    0.0072164   95       3655     
 5684.11 418     12101    2.02521    2.03242    0.0072162   95       3662     
 5720.32 420     12153    2.02521    2.03242    0.00721082  100      3675     
 5770.9  422     12207    2.02521    2.0324     0.00718773  106      3693     
 5830.63 424     12265    2.02521    2.03239    0.00718437  91       3715     
 5866.81 425     12300    2.02521    2.03238    0.00716924  83       3729     
 5906.06 427     12350    2.02521    2.03238    0.00716764  78       3743     
 5952.93 429     12407    2.02521    2.03238    0.00716281  81       3762     
 5982.6  430     12450    2.02521    2.03238    0.00716236  86       3777     
 5998.24 432     12500    2.02521    2.03238    0.00716224  100      3784     
 6019.83 434     12550    2.02521    2.03238    0.00716215  95       3794     
 6038.52 436     12605    2.02522    2.03238    0.00716201  96       3803     
 6058.75 438     12661    2.02522    2.03238    0.0071616   98       3812     
Writing policy file: ./28c125d74c0_439_6074.59.policy
Intermediate policy written(interval: 2000)
 6074.59 439     12700    2.02522    2.03238    0.00716033  101      3819     
 6097.35 441     12750    2.02522    2.03237    0.00715949  96       3829     
 6118.71 443     12800    2.02522    2.03237    0.00714909  103      3840     
 6151.23 445     12853    2.02522    2.03237    0.00714852  93       3855     
 6191.11 447     12909    2.02522    2.03237    0.00714825  88       3872     
 6216.01 449     12963    2.02522    2.03236    0.00714785  82       3882     
 6242.19 450     13000    2.02522    2.03236    0.00714499  81       3894     
 6262.38 452     13050    2.02522    2.03236    0.0071372   82       3903     
 6280.33 454     13103    2.02522    2.03236    0.00713704  90       3912     
 6313.81 456     13163    2.02522    2.03236    0.00713635  92       3928     
 6340.7  457     13200    2.02522    2.03236    0.00713582  100      3940     
 6359.59 459     13250    2.02522    2.03235    0.00713445  104      3948     
 6391.32 461     13303    2.02522    2.03235    0.00713338  102      3961     
 6404.88 463     13355    2.02522    2.03235    0.00713298  105      3967     
 6435.17 465     13413    2.02522    2.03235    0.00713217  111      3982     
 6448.9  466     13450    2.02522    2.03235    0.00713187  104      3988     
 6466.04 468     13500    2.02522    2.03235    0.00713083  100      3995     
 6496.52 470     13550    2.02522    2.03235    0.00712672  104      4008     
 6536.44 472     13603    2.02522    2.03235    0.00712658  101      4026     
 6563.95 474     13659    2.02522    2.03235    0.00712633  108      4039     
 6591.97 475     13700    2.02522    2.03235    0.00712608  112      4051     
 6615.56 477     13750    2.02522    2.03235    0.00712566  114      4060     
 6654.89 479     13800    2.02522    2.03235    0.00712412  108      4077     
 6697.31 481     13855    2.02522    2.03233    0.00711117  109      4098     
 6715.43 483     13909    2.02522    2.03233    0.00711006  105      4107     
 6745.83 484     13950    2.02522    2.03233    0.00710944  105      4122     
 6772.64 486     14000    2.02522    2.03233    0.00710909  105      4135     
 6796.82 488     14053    2.02523    2.03233    0.00710712  100      4147     
 6831.38 490     14105    2.02523    2.03232    0.00708966  94       4166     
 6851.81 492     14159    2.02523    2.03232    0.00708924  108      4177     
 6873.66 493     14200    2.02523    2.03232    0.00708791  97       4189     
 6895.95 495     14250    2.02523    2.03231    0.00708293  103      4200     
 6932.68 497     14305    2.02523    2.03227    0.00703733  99       4220     
 6962.7  499     14359    2.02523    2.03226    0.00703394  97       4234     
 6990.99 500     14400    2.02523    2.03226    0.0070339   104      4249     
 7020.2  502     14450    2.02523    2.03226    0.00703355  111      4262     
 7043.7  504     14500    2.02523    2.03226    0.00703333  104      4272     
 7071.82 506     14553    2.02523    2.03226    0.00703331  109      4285     
 7101.01 508     14611    2.02523    2.03226    0.00703285  107      4298     
 7128.18 509     14650    2.02523    2.03226    0.00703258  110      4310     
 7148.82 511     14700    2.02523    2.03226    0.00703255  102      4319     
 7167.43 513     14751    2.02523    2.03226    0.00703253  107      4327     
 7183.39 515     14805    2.02523    2.03226    0.00703224  105      4334     
 7197.57 517     14861    2.02523    2.03226    0.00703187  109      4340     
 7224.85 518     14900    2.02523    2.03226    0.00703185  112      4352     
 7252.31 520     14950    2.02523    2.03226    0.00703157  109      4366     
 7274.56 522     15001    2.02527    2.03225    0.00698542  105      4377     
 7291.64 524     15057    2.02527    2.03225    0.00697951  106      4386     
 7325.9  525     15100    2.02527    2.03225    0.00697615  104      4403     
 7343.63 527     15150    2.02528    2.03224    0.00696113  96       4413     
 7375.93 529     15201    2.02528    2.03222    0.00693896  105      4431     
 7387    531     15253    2.02528    2.03222    0.00693627  99       4436     
 7414.81 533     15305    2.02528    2.03217    0.0068901   94       4452     
 7427.09 535     15363    2.02528    2.03217    0.00688951  98       4460     
 7444.98 536     15400    2.02528    2.03217    0.00688905  104      4473     
 7457.33 538     15450    2.02528    2.03217    0.006887    98       4482     
 7478.61 540     15505    2.02528    2.03217    0.00688652  106      4495     
 7488.9  542     15559    2.02528    2.03217    0.00688644  108      4501     
 7502.18 544     15600    2.02528    2.03217    0.00688594  106      4508     
 7520.56 545     15650    2.02528    2.03217    0.00688529  113      4518     
 7540.71 547     15700    2.02529    2.03216    0.00687234  116      4531     
 7556.17 549     15750    2.02529    2.03216    0.0068714   112      4539     
 7577.42 551     15800    2.02529    2.03215    0.00686452  117      4552     
 7597.22 553     15855    2.02529    2.03215    0.00686251  119      4566     
 7621.87 555     15911    2.02529    2.03215    0.00685751  116      4583     
 7641.57 557     15950    2.02529    2.03215    0.00685738  113      4596     
 7649.81 558     16000    2.02529    2.03214    0.00685646  118      4602     
 7664.3  560     16050    2.02529    2.03214    0.00685607  110      4613     
 7673.94 562     16101    2.02529    2.03214    0.00685603  115      4620     
 7687.75 564     16157    2.02529    2.03214    0.00685536  123      4628     
 7717.15 566     16209    2.02529    2.03214    0.00685136  114      4648     
 7740.62 568     16250    2.02529    2.03214    0.00684919  117      4664     
 7758.66 569     16300    2.02529    2.03214    0.00684904  114      4678     
 7772.74 571     16350    2.02529    2.03214    0.00684878  115      4688     
 7792.19 573     16403    2.02529    2.03214    0.00684861  129      4702     
 7810.39 575     16459    2.02529    2.03214    0.00684851  123      4711     
 7835.62 577     16513    2.02529    2.03214    0.00684837  123      4724     
 7849.32 578     16550    2.02529    2.03214    0.00684837  123      4734     
 7873.48 580     16600    2.02529    2.03211    0.00681737  128      4748     
 7889.76 582     16651    2.02529    2.03211    0.00681682  125      4759     
 7915.69 584     16709    2.02529    2.03209    0.00679779  124      4777     
 7930.06 586     16761    2.02529    2.03209    0.00679763  129      4785     
 7945.4  587     16800    2.02529    2.03209    0.00679754  128      4795     
 7961.01 589     16850    2.02529    2.03209    0.00679742  129      4802     
 7982.45 591     16901    2.02529    2.03209    0.00679739  132      4811     
 7998.46 593     16957    2.02529    2.03209    0.00679729  124      4818     
 8016.49 595     17013    2.02529    2.03209    0.006796    127      4826     
 8049.66 596     17050    2.02529    2.03209    0.00679562  133      4844     
 8070.96 598     17100    2.02529    2.03208    0.00679121  129      4855     
Writing policy file: ./28c125d74c0_600_8098.93.policy
Intermediate policy written(interval: 2000)
 8098.93 600     17150    2.02529    2.03207    0.00678139  140      4873     
 8131.59 602     17203    2.02529    2.03207    0.00678129  136      4888     
 8167.37 604     17259    2.02529    2.03207    0.00677521  122      4904     
 8207.95 606     17313    2.02529    2.03207    0.00677484  126      4920     
 8228.76 607     17350    2.02529    2.03207    0.00677436  135      4928     
 8268.5  609     17400    2.02529    2.03205    0.00675369  127      4944     
 8301.26 611     17453    2.02529    2.03205    0.00675319  125      4957     
 8345.45 613     17509    2.02529    2.03205    0.00675283  126      4975     
 8365.89 615     17550    2.02529    2.03205    0.0067527   121      4983     
 8388.5  616     17600    2.02529    2.03205    0.00675167  126      4991     
 8427.46 618     17650    2.02529    2.03204    0.00674588  134      5005     
 8442.94 620     17700    2.0253     2.03201    0.0067097   128      5010     
 8472.33 622     17751    2.0253     2.03201    0.00670927  122      5024     
 8503.29 624     17805    2.0253     2.03195    0.00665301  116      5039     
 8535.71 626     17861    2.0253     2.03195    0.00665119  124      5055     
 8565.69 628     17900    2.0253     2.03195    0.00665094  132      5069     
 8589.3  629     17950    2.0253     2.03194    0.00663322  139      5080     
 8602.51 631     18000    2.0253     2.03194    0.00663167  124      5085     
 8623.46 633     18051    2.0253     2.03194    0.00663144  122      5095     
 8641.63 635     18107    2.0253     2.03194    0.00663124  117      5103     
 8653.38 636     18150    2.0253     2.03194    0.00663119  120      5108     
 8672.84 638     18200    2.0253     2.03193    0.00663118  123      5117     
 8703.63 640     18250    2.02531    2.03191    0.00660264  120      5132     
 8737.69 642     18305    2.02531    2.03191    0.00660081  121      5148     
 8788.74 644     18361    2.02531    2.03189    0.00657696  117      5172     
 8826.1  645     18400    2.02531    2.03188    0.00657659  114      5188     
 8854.03 647     18450    2.02531    2.03188    0.00656859  117      5199     
 8873.79 649     18500    2.02531    2.03188    0.00656809  116      5208     
 8899.26 651     18553    2.02531    2.03188    0.00656807  112      5220     
 8926.87 653     18609    2.02531    2.03188    0.00656805  117      5231     
 8944.5  654     18650    2.02531    2.03188    0.00656804  124      5239     
 8955.6  656     18700    2.02531    2.03188    0.00656802  127      5243     
 8986.29 658     18753    2.02531    2.03188    0.00656795  118      5255     
 9033.69 660     18809    2.02531    2.03188    0.00656726  115      5273     
 9044.77 662     18861    2.02531    2.03188    0.00656725  113      5277     
 9059.68 663     18900    2.02531    2.03188    0.00656725  113      5283     
 9072.92 665     18950    2.02531    2.03188    0.00656719  114      5288     
 9094.99 667     19000    2.02531    2.03188    0.00656703  113      5297     
 9120.64 669     19053    2.02531    2.03188    0.00656664  121      5307     
 9168.75 671     19109    2.02531    2.03187    0.00656438  126      5326     
 9222.84 673     19161    2.02531    2.03184    0.00652684  123      5346     
 9249.43 674     19200    2.02531    2.03184    0.00652666  129      5357     
 9277.71 676     19250    2.02531    2.03184    0.00652661  114      5367     
 9314.15 678     19301    2.02531    2.03184    0.00652655  121      5381     
 9340.14 680     19357    2.02531    2.03184    0.00652564  119      5391     
 9372.55 682     19411    2.02531    2.03183    0.00651604  121      5405     
 9418.46 683     19450    2.02531    2.03183    0.00651517  127      5423     
 9432.74 685     19500    2.02531    2.03182    0.00650555  136      5429     
 9460.29 687     19550    2.02531    2.03182    0.00650543  129      5440     
 9494.12 689     19605    2.02531    2.03181    0.00649365  130      5456     
 9521.93 691     19659    2.02531    2.03181    0.00649315  120      5467     
 9545.01 692     19700    2.02531    2.0318     0.00648907  121      5477     
 9579    694     19750    2.02531    2.0318     0.00648749  124      5490     
 9617.6  696     19800    2.02531    2.03179    0.00647696  123      5506     
 9662.81 698     19853    2.02532    2.03178    0.00646779  128      5525     
 9711.49 700     19911    2.02532    2.03171    0.00639454  125      5545     
 9727.58 701     19950    2.02532    2.03171    0.00639413  124      5551     
 9753.48 703     20000    2.02532    2.03171    0.00639364  128      5561     
 9791.26 705     20051    2.02532    2.03171    0.00639341  130      5574     
 9849.79 707     20111    2.02532    2.03171    0.00639295  139      5596     
 9887.37 709     20150    2.02532    2.03171    0.00639274  137      5609     
 9913.86 710     20200    2.02532    2.03171    0.0063912   134      5618     
 9934.16 712     20250    2.02532    2.03171    0.00639028  128      5625     
 9972.06 714     20300    2.02532    2.0317     0.00638749  134      5638     
 10014.4 716     20355    2.02532    2.0317     0.00638701  133      5655     
 10036.1 718     20407    2.02532    2.0317     0.00638671  137      5664     
 10086.5 719     20450    2.02532    2.0317     0.0063866   132      5683     
Writing policy file: ./28c125d74c0_721_10116.1.policy
Intermediate policy written(interval: 2000)
 10116.1 721     20500    2.02532    2.0317     0.00638653  140      5693     
-------------------------------------------------------------------------------

SARSOP finishing ...
  Preset timeout reached
  Timeout     : 10000.000000s
  Actual Time : 10116.120000s

-------------------------------------------------------------------------------
 Time   |#Trial |#Backup |LBound    |UBound    |Precision  |#Alphas |#Beliefs  
-------------------------------------------------------------------------------
 10116.1 721     20500    2.02532    2.0317     0.00638653  140      5693     
-------------------------------------------------------------------------------

Writing out policy ...
  output file : ./28c125d74c0.policyx

