
Loading the model ...
  input file   : /home/rstudio/pomdp-solutions-library/28c60fca97e.pomdpx
  loading time : 0.62s 

SARSOP initializing ...
  initialization time : 61.46s

-------------------------------------------------------------------------------
 Time   |#Trial |#Backup |LBound    |UBound    |Precision  |#Alphas |#Beliefs  
-------------------------------------------------------------------------------
 61.46   0       0        0.54512    1.70405    1.15893     50       1        
 63.23   2       55       0.959474   1.53743    0.577957    9        29       
 65.64   4       100      1.11877    1.53725    0.418482    24       49       
 71.79   6       151      1.26483    1.53669    0.271857    11       68       
 78.21   8       200      1.33788    1.53654    0.198661    7        84       
 88.14   10      250      1.39396    1.53615    0.142189    11       102      
 100.33  12      303      1.42528    1.5359     0.110618    7        122      
 112.38  14      357      1.44618    1.53572    0.089545    10       138      
 119.88  16      401      1.46557    1.53559    0.0700191   10       147      
 138.55  18      459      1.48088    1.53533    0.0544583   11       167      
 152.15  19      500      1.48633    1.53528    0.0489516   12       181      
 169.07  21      550      1.49544    1.53515    0.0397083   12       196      
 178.69  23      601      1.50162    1.53503    0.0334018   14       206      
 197.49  25      659      1.50642    1.535      0.028579    15       222      
 218.75  26      700      1.50785    1.53497    0.0271202   17       239      
 242.31  28      750      1.51203    1.53491    0.0228766   16       256      
 265.69  30      805      1.51645    1.53486    0.0184103   14       273      
 297.77  32      863      1.5191     1.53481    0.015708    19       295      
 315.04  33      900      1.51985    1.5348     0.0149516   19       306      
 343.52  35      953      1.52165    1.53473    0.0130866   20       323      
 382.41  37      1013     1.52406    1.5347     0.0106443   21       345      
 405.96  38      1050     1.52473    1.53468    0.00995341  22       357      
 437.62  40      1107     1.52592    1.53466    0.00874516  21       371      
 483.95  41      1150     1.52656    1.53465    0.00808566  22       395      
 508.15  43      1200     1.52756    1.53464    0.00708222  23       407      
 551.65  45      1261     1.52833    1.53462    0.00629383  25       426      
 581.2   46      1300     1.52878    1.53462    0.00584026  25       438      
 608.71  48      1351     1.52946    1.53461    0.00515073  24       450      
 638.44  50      1415     1.5301     1.5346     0.00450618  25       464      
 660.93  51      1450     1.53036    1.53459    0.00423428  24       474      
 707.86  53      1507     1.53084    1.53459    0.00374648  26       494      
 733.37  55      1550     1.53121    1.5345     0.00328882  25       507      
 807.69  57      1613     1.53165    1.53449    0.00283463  26       535      
 838.2   58      1650     1.53188    1.53449    0.00260867  26       546      
 894.86  60      1709     1.53225    1.53448    0.00222729  25       564      
 951.89  61      1750     1.5324     1.53447    0.00207615  26       581      
 992.49  63      1801     1.53267    1.53447    0.00180286  27       593      
 1055.55 65      1863     1.53287    1.53446    0.00159739  27       612      
 1095.88 66      1900     1.53293    1.53446    0.00152828  27       624      
 1160.95 68      1957     1.53317    1.53446    0.00128722  27       643      
 1240.3  69      2000     1.53326    1.53445    0.00119661  27       662      
 1309.06 71      2050     1.53337    1.53443    0.00106733  27       685      
 1405.51 73      2105     1.5335     1.53443    0.000928979 27       705      
 1505.44 74      2150     1.53355    1.53442    0.000873981 27       727      
 1570.61 76      2201     1.53367    1.53442    0.000750533 27       743      
 1714.25 78      2265     1.53377    1.53442    0.000643401 28       773      
 1794.16 79      2300     1.53381    1.53442    0.00060929  27       789      
 1913.15 81      2361     1.53387    1.53441    0.000538521 27       812      
 2011.12 83      2411     1.53392    1.5344     0.000483731 27       835      
Writing policy file: ./28c60fca97e_84_2138.55.policy
Intermediate policy written(interval: 2000)
 2138.55 84      2450     1.53395    1.5344     0.000448488 27       856      
 2234.45 86      2507     1.53399    1.53439    0.000405672 27       877      
 2336.57 87      2550     1.534      1.53439    0.000387103 27       898      
 2440.18 89      2607     1.53404    1.53439    0.00034554  27       918      
 2554.03 90      2650     1.53406    1.53439    0.000324813 27       939      
 2664.6  92      2703     1.53409    1.53438    0.000295849 27       958      
 2786.4  93      2750     1.5341     1.53438    0.000288483 27       980      
 2895.39 95      2800     1.53411    1.53438    0.000271675 27       995      
 3076.77 97      2865     1.53413    1.53438    0.000251872 27       1021     
 3153.34 98      2900     1.53414    1.53438    0.000243209 30       1041     
 3277.67 100     2953     1.53415    1.53438    0.000229446 27       1059     
 3393.28 101     3000     1.53415    1.53438    0.000223495 29       1087     
 3516.76 103     3050     1.53416    1.53437    0.000208808 29       1105     
 3729.3  105     3113     1.53417    1.53437    0.000199072 28       1131     
 3901.25 106     3150     1.53417    1.53437    0.000196852 28       1150     
 3994.73 108     3203     1.53418    1.53437    0.000187739 29       1166     
Writing policy file: ./28c60fca97e_109_4192.76.policy
Intermediate policy written(interval: 2000)
 4192.76 109     3250     1.53418    1.53437    0.00018301  28       1191     
 4340.55 111     3305     1.53419    1.53436    0.000176288 28       1209     
 4549.89 112     3350     1.53419    1.53436    0.000174018 28       1235     
 4693.08 114     3403     1.5342     1.53436    0.000168081 27       1250     
 4939.8  115     3450     1.5342     1.53436    0.000163975 27       1275     
 5061.44 117     3501     1.5342     1.53436    0.000158093 28       1288     
 5289.25 119     3565     1.53421    1.53436    0.000153109 27       1317     
 5370.05 120     3600     1.53421    1.53436    0.000149332 28       1331     
 5450.42 122     3655     1.53421    1.53435    0.000141539 28       1351     
 5560.32 123     3700     1.53422    1.53435    0.000138646 28       1372     
 5677.73 125     3755     1.53422    1.53435    0.000135482 28       1392     
 5791.75 126     3800     1.53422    1.53435    0.000133807 28       1417     
 5825.25 128     3850     1.53422    1.53435    0.000131103 30       1426     
 5965.59 130     3915     1.53422    1.53435    0.000126569 30       1457     
 6019.93 131     3950     1.53422    1.53435    0.000124077 30       1473     
 6077.34 133     4011     1.53423    1.53435    0.000119517 29       1495     
 6130.85 134     4050     1.53423    1.53435    0.000117825 29       1513     
Writing policy file: ./28c60fca97e_136_6215.37.policy
Intermediate policy written(interval: 2000)
 6215.37 136     4111     1.53423    1.53435    0.00011495  29       1539     
 6280.01 137     4150     1.53423    1.53435    0.000113495 30       1559     
 6315.02 139     4211     1.53424    1.53434    0.00010899  30       1575     
 6403    140     4250     1.53424    1.53434    0.000107999 30       1594     
 6526.33 142     4313     1.53424    1.53434    0.000104947 30       1620     
 6602.49 143     4350     1.53424    1.53434    0.000103815 30       1637     
 6739.63 145     4415     1.53424    1.53434    0.000100954 30       1663     
 6806.03 146     4450     1.53424    1.53434    0.000100299 31       1676     
 6967.05 148     4515     1.53424    1.53434    9.9392e-05  29       1705     
 7052.38 149     4550     1.53424    1.53434    9.88579e-05 30       1721     
 7112.19 151     4613     1.53424    1.53434    9.64893e-05 30       1737     
 7211.81 152     4650     1.53424    1.53434    9.59465e-05 31       1754     
 7352    154     4711     1.53424    1.53434    9.47158e-05 31       1778     
 7386.44 155     4750     1.53424    1.53434    9.39457e-05 29       1787     
 7523.92 157     4807     1.53425    1.53434    9.21417e-05 30       1810     
 7525.43 158     4850     1.53425    1.53434    9.20551e-05 33       1812     
 7597.33 160     4903     1.53425    1.53434    9.15927e-05 31       1826     
 7703.2  161     4950     1.53425    1.53434    9.13011e-05 32       1844     
 7813.53 163     5001     1.53425    1.53434    8.99444e-05 30       1859     
 8033.7  164     5050     1.53425    1.53434    8.97473e-05 31       1887     
 8135.59 166     5101     1.53425    1.53434    8.81288e-05 30       1900     
Writing policy file: ./28c60fca97e_168_8236.51.policy
Intermediate policy written(interval: 2000)
 8236.51 168     5163     1.53425    1.53433    8.54094e-05 29       1920     
 8352.09 169     5200     1.53425    1.53433    8.48141e-05 30       1935     
 8581.39 171     5250     1.53425    1.53433    8.46127e-05 30       1966     
 8711.18 172     5300     1.53425    1.53433    8.34616e-05 29       1982     
 8946.7  173     5350     1.53425    1.53433    8.22241e-05 30       2010     
 9086.52 175     5403     1.53425    1.53433    8.13913e-05 29       2026     
 9314.46 176     5450     1.53425    1.53433    8.12097e-05 30       2053     
 9484.3  178     5503     1.53425    1.53433    8.01277e-05 29       2071     
 9712.55 179     5550     1.53425    1.53433    8.0096e-05  31       2099     
 9883.59 181     5601     1.53425    1.53433    7.95352e-05 30       2115     
 10134.2 183     5665     1.53425    1.53433    7.87807e-05 31       2141     
Writing policy file: ./28c60fca97e_184_10254.2.policy
Intermediate policy written(interval: 2000)
 10254.2 184     5700     1.53425    1.53433    7.85305e-05 32       2157     
-------------------------------------------------------------------------------

SARSOP finishing ...
  Preset timeout reached
  Timeout     : 10000.000000s
  Actual Time : 10254.220000s

-------------------------------------------------------------------------------
 Time   |#Trial |#Backup |LBound    |UBound    |Precision  |#Alphas |#Beliefs  
-------------------------------------------------------------------------------
 10254.2 184     5700     1.53425    1.53433    7.85305e-05 32       2157     
-------------------------------------------------------------------------------

Writing out policy ...
  output file : ./28c60fca97e.policyx

