
Loading the model ...
  input file   : /home/rstudio/pomdp-solutions-library/28c99c41e4.pomdpx
  loading time : 0.48s 

SARSOP initializing ...
  initialization time : 25.24s

-------------------------------------------------------------------------------
 Time   |#Trial |#Backup |LBound    |UBound    |Precision  |#Alphas |#Beliefs  
-------------------------------------------------------------------------------
 25.24   0       0        0.870483   2.21505    1.34456     50       1        
 25.29   2       51       1.38284    2.05347    0.670635    67       17       
 25.35   4       101      1.64344    2.05334    0.409899    105      25       
 25.4    6       153      1.77578    2.05326    0.277482    117      31       
 25.48   8       213      1.85486    2.05316    0.198299    141      39       
 25.53   9       250      1.89079    2.05304    0.162247    160      44       
 25.62   11      300      1.93376    2.05281    0.119049    180      49       
 25.73   13      351      1.96552    2.05261    0.0870891   199      56       
 25.9    15      407      1.98653    2.05245    0.0659206   210      67       
 26.06   17      463      2.00279    2.05225    0.0494629   219      76       
 26.14   18      500      2.00757    2.05218    0.044614    242      79       
 26.29   20      550      2.01554    2.0521     0.0365653   249      84       
 26.45   22      605      2.02158    2.05197    0.0303871   244      89       
 26.68   24      661      2.02698    2.0518     0.0248222   254      100      
 26.82   25      700      2.02918    2.05175    0.0225661   270      105      
 27.04   27      750      2.03261    2.05165    0.0190373   269      113      
 27.28   29      807      2.03496    2.05155    0.0165844   278      120      
 27.51   30      850      2.03561    2.05152    0.0159095   296      128      
 27.69   32      900      2.03731    2.05143    0.0141263   299      133      
 28.06   34      955      2.03831    2.05136    0.0130457   330      143      
 28.39   36      1000     2.03893    2.05131    0.0123786   323      155      
 28.66   37      1050     2.03991    2.05124    0.0113328   302      161      
 29.05   39      1105     2.04099    2.05114    0.0101484   324      170      
 29.38   41      1150     2.04138    2.05109    0.00971303  309      177      
 29.63   42      1200     2.04189    2.05102    0.00912547  323      182      
 30.01   44      1253     2.04226    2.05099    0.00873122  317      191      
 30.5    46      1315     2.04283    2.05089    0.008061    69       201      
 30.64   47      1350     2.043      2.05087    0.00786409  52       205      
 30.92   49      1405     2.04323    2.05084    0.00761022  33       213      
 31.3    51      1463     2.04354    2.05081    0.00727041  28       223      
 31.45   52      1500     2.0437     2.05074    0.00704833  30       228      
 31.74   54      1553     2.04382    2.05072    0.00689794  34       237      
 32.1    56      1613     2.04405    2.05064    0.00659444  27       247      
 32.26   57      1650     2.04414    2.05062    0.00648705  27       251      
 32.66   59      1703     2.04428    2.05061    0.00632705  31       261      
 33.16   61      1763     2.04437    2.05058    0.0062103   29       271      
 33.39   62      1800     2.04442    2.05057    0.0061492   30       276      
 33.73   64      1850     2.04452    2.05055    0.00603573  34       283      
 33.97   66      1909     2.0446     2.05053    0.00592842  36       289      
 34.35   67      1950     2.04463    2.0505     0.00587234  31       296      
 34.68   69      2000     2.04472    2.05047    0.00575238  36       302      
 35.13   71      2051     2.04478    2.05038    0.00560115  35       310      
 35.69   73      2107     2.04486    2.05034    0.00547309  33       320      
 36.24   74      2150     2.04488    2.05033    0.00544712  34       328      
 36.62   76      2200     2.04495    2.05031    0.0053566   37       332      
 37.25   78      2250     2.045      2.05029    0.00529182  29       340      
 37.87   80      2307     2.04507    2.05027    0.00520438  32       349      
 38.52   82      2350     2.04509    2.05025    0.00516764  37       358      
 38.96   83      2400     2.04512    2.05024    0.00512126  37       363      
 39.77   85      2451     2.04527    2.05018    0.00490665  42       373      
 40.64   87      2509     2.04532    2.05015    0.00483168  39       383      
 41.07   88      2550     2.04534    2.05012    0.00477525  40       388      
 41.81   90      2600     2.04536    2.0501     0.00473916  41       395      
 42.33   92      2655     2.04538    2.05007    0.00468799  41       402      
 43.09   94      2711     2.04541    2.05004    0.00463225  37       409      
 43.79   95      2750     2.04542    2.05002    0.00460387  39       417      
 44.62   97      2800     2.04545    2.05001    0.00455946  40       424      
 45.38   99      2853     2.04546    2.04998    0.0045185   39       431      
 46.4    101     2909     2.0455     2.04997    0.00446078  46       442      
 47.11   102     2950     2.04551    2.04996    0.00445102  44       448      
 47.46   104     3000     2.04553    2.04995    0.00441896  42       452      
 48.45   106     3053     2.04555    2.04993    0.00438284  46       463      
 49.5    108     3109     2.04557    2.04989    0.00432123  43       471      
 50.48   109     3150     2.04557    2.04989    0.00431354  45       479      
 51.07   111     3200     2.0456     2.04987    0.00427656  51       485      
 51.87   113     3253     2.04561    2.04986    0.00424717  52       492      
 53.02   115     3309     2.04563    2.04984    0.00421562  47       501      
 53.61   116     3350     2.04563    2.04983    0.00420126  46       507      
 54.51   118     3400     2.04564    2.04981    0.00416789  52       515      
 55.55   120     3453     2.04567    2.04979    0.00412237  56       523      
 56.77   122     3509     2.04568    2.04978    0.00410254  57       531      
 57.43   123     3550     2.04568    2.04975    0.00406804  60       539      
 58.14   125     3600     2.04569    2.04974    0.00405251  59       544      
 59.28   127     3655     2.0457     2.04971    0.00400602  61       554      
 60.5    129     3711     2.04572    2.0497     0.00398021  60       563      
 61.48   130     3750     2.04572    2.04969    0.00397395  61       570      
 61.89   132     3800     2.04573    2.04966    0.0039363   62       574      
 63.16   134     3850     2.04573    2.04965    0.0039189   61       583      
 65.03   136     3907     2.04575    2.04963    0.00388127  65       596      
 67.06   138     3963     2.04577    2.04961    0.0038361   62       610      
 68.25   139     4000     2.04579    2.04958    0.00379064  62       619      
 68.89   141     4050     2.0458     2.04957    0.00377583  59       624      
 69.39   143     4100     2.0458     2.04953    0.00372379  61       629      
 70.4    145     4153     2.04581    2.04952    0.00370748  62       637      
 71.49   147     4211     2.04581    2.04948    0.00366823  62       646      
 72.55   148     4250     2.04581    2.04947    0.00365087  66       653      
 73.42   150     4300     2.04582    2.04945    0.00363007  63       660      
 74.5    152     4353     2.04583    2.04944    0.00361115  62       668      
 75.61   154     4411     2.04583    2.04943    0.00359752  63       676      
 76.81   155     4450     2.04584    2.04943    0.00359191  65       682      
 78.07   157     4500     2.04584    2.04941    0.00357069  64       690      
 79.59   159     4550     2.04587    2.04938    0.00351789  70       700      
 80.96   161     4605     2.04587    2.04938    0.00350743  68       710      
 81.97   163     4659     2.04587    2.04936    0.00348985  68       717      
 82.84   164     4700     2.04588    2.04936    0.00348632  69       723      
 83.43   166     4750     2.04588    2.04935    0.00347426  68       727      
 84.4    168     4800     2.04588    2.04934    0.00346011  69       734      
 85.8    170     4853     2.04588    2.04934    0.00345123  71       743      
 87.66   172     4909     2.0459     2.0493     0.0034036   75       755      
 88.99   173     4950     2.0459     2.0493     0.00339948  78       763      
 89.98   175     5000     2.0459     2.04928    0.00337775  83       768      
 91.29   177     5050     2.04591    2.04927    0.00336328  84       776      
 92.15   179     5103     2.04591    2.04925    0.00333839  79       780      
 93.27   181     5159     2.04591    2.04922    0.00330746  80       788      
 94.65   182     5200     2.04591    2.04922    0.00330277  75       796      
 95.36   184     5250     2.04592    2.04921    0.00329158  72       799      
 96.78   186     5300     2.04592    2.04918    0.00325916  70       806      
 98.19   188     5351     2.04592    2.04917    0.00325084  73       813      
 99.41   190     5405     2.04592    2.04916    0.00323918  73       819      
 100.09  192     5463     2.04593    2.04913    0.00320804  80       825      
 101.61  193     5500     2.04593    2.04913    0.00319725  84       833      
 103.41  195     5550     2.04593    2.04912    0.00319134  88       841      
 105.21  197     5603     2.04594    2.04907    0.00312982  85       851      
 106.75  199     5659     2.04594    2.04907    0.00312538  89       859      
 108.45  201     5711     2.04594    2.04906    0.00311986  90       866      
 109.61  202     5750     2.04594    2.04906    0.00311761  88       871      
 110.49  204     5800     2.04594    2.04905    0.00311083  91       876      
 112.84  206     5853     2.04595    2.04905    0.00310378  87       885      
 114.13  208     5905     2.04595    2.04904    0.003096    83       891      
 115.52  210     5959     2.04595    2.04904    0.00309143  85       899      
 117.02  212     6000     2.04595    2.04903    0.00308489  81       905      
 118.06  213     6050     2.04595    2.04903    0.00307651  81       911      
 119.05  215     6100     2.04596    2.049      0.00304649  86       918      
 119.96  217     6153     2.04596    2.04899    0.00303512  84       924      
 121.79  219     6209     2.04596    2.04898    0.0030143   81       932      
 123.12  221     6261     2.04596    2.04897    0.00300917  82       937      
 124.35  222     6300     2.04596    2.04897    0.00300721  85       943      
 125.37  224     6350     2.04597    2.04894    0.00297713  89       947      
 126.57  226     6400     2.04597    2.04893    0.00296076  86       955      
 127.95  228     6451     2.04597    2.04893    0.00295733  86       960      
 129.93  230     6505     2.04597    2.04891    0.00294182  88       969      
 131.51  232     6557     2.04597    2.04888    0.00290675  88       977      
 133.29  234     6613     2.04597    2.04887    0.00289834  86       983      
 134.2   235     6650     2.04597    2.04887    0.002895    86       989      
 135.87  237     6700     2.04598    2.04886    0.00288043  86       995      
 137.32  239     6751     2.04598    2.04883    0.00285199  84       1003     
 138.86  241     6807     2.04598    2.04883    0.00284896  89       1010     
 139.38  242     6850     2.04598    2.04882    0.0028451   90       1013     
 141.3   244     6900     2.04598    2.0488     0.00282286  91       1022     
 142.74  246     6953     2.04598    2.0488     0.00281845  90       1027     
 143.96  248     7007     2.04598    2.0488     0.00281208  89       1032     
 145.35  250     7061     2.04598    2.04879    0.0028027   84       1037     
 147.27  251     7100     2.04598    2.04879    0.00280186  82       1044     
 148.55  253     7150     2.04599    2.04879    0.00280022  83       1048     
 150.93  255     7201     2.04599    2.04878    0.00279812  88       1057     
 152.29  257     7259     2.04599    2.04878    0.00279308  86       1062     
 153.66  259     7313     2.04599    2.04877    0.00278518  86       1066     
 156.19  260     7350     2.04599    2.04877    0.00278342  85       1076     
 156.59  262     7401     2.04599    2.04876    0.00277072  89       1079     
 158.43  264     7455     2.04599    2.04876    0.00276746  91       1085     
 159.7   266     7513     2.04599    2.04875    0.00276351  95       1091     
 161.69  267     7550     2.04599    2.04875    0.00276304  99       1098     
 163.08  269     7600     2.04599    2.04875    0.00276051  95       1102     
 164.2   271     7653     2.04599    2.04873    0.00274322  97       1106     
 165.29  273     7705     2.04599    2.04873    0.00274067  97       1109     
 167.12  275     7759     2.04599    2.04873    0.00273936  94       1114     
 168.63  277     7811     2.04599    2.04873    0.00273504  93       1120     
 170.54  279     7850     2.04599    2.04873    0.00273362  96       1126     
 171.93  280     7900     2.04599    2.04872    0.00273118  94       1130     
 174.33  282     7950     2.046      2.04872    0.00272145  99       1141     
 176.38  284     8000     2.046      2.04871    0.00271547  97       1148     
 178.11  286     8053     2.046      2.04871    0.00271163  96       1155     
 179.42  288     8100     2.046      2.04869    0.00269551  98       1160     
 180.39  289     8150     2.046      2.04869    0.00268982  100      1163     
 182.14  291     8200     2.046      2.04868    0.0026777   99       1169     
 183.71  293     8250     2.046      2.04867    0.00267044  101      1174     
 185.73  295     8300     2.046      2.04867    0.00266841  101      1180     
 188.74  297     8351     2.046      2.04866    0.00265969  102      1191     
 190.8   299     8407     2.046      2.04866    0.0026542   107      1197     
 193.26  301     8461     2.046      2.04866    0.00265335  110      1204     
 196.52  302     8500     2.046      2.04866    0.00265227  110      1219     
 197.48  304     8550     2.04601    2.04866    0.00265017  110      1221     
 199.26  306     8600     2.04601    2.04865    0.00264753  114      1226     
 201.69  308     8650     2.04601    2.04864    0.00263659  115      1234     
 203.98  310     8701     2.04601    2.04864    0.00263319  114      1240     
 205.86  312     8753     2.04601    2.04864    0.0026306   113      1246     
 206.95  314     8800     2.04601    2.04864    0.00262659  112      1252     
 207.64  315     8850     2.04601    2.04862    0.00261327  109      1255     
 210.51  317     8900     2.04601    2.04862    0.00261217  110      1263     
 211.61  319     8951     2.04604    2.04859    0.00255173  107      1267     
 213.76  321     9003     2.04604    2.04859    0.00254829  109      1273     
 216.39  323     9055     2.04604    2.04858    0.00253698  108      1282     
 218.73  325     9107     2.04605    2.04856    0.00251379  108      1288     
 220.8   327     9159     2.04605    2.04855    0.00249916  107      1293     
 222.66  329     9213     2.04605    2.04854    0.00249521  107      1300     
 224.35  330     9250     2.04605    2.04854    0.00249409  105      1304     
 226.49  332     9300     2.04605    2.04854    0.0024901   105      1313     
 229.53  334     9350     2.04605    2.04853    0.00248307  106      1323     
 231.39  336     9400     2.04605    2.04853    0.0024808   106      1327     
 234.01  338     9451     2.04605    2.04851    0.0024628   108      1333     
 237.9   340     9503     2.04605    2.04851    0.00245839  110      1346     
 239.74  341     9550     2.04605    2.04851    0.002457    112      1351     
 240.93  343     9603     2.04605    2.0485     0.00244699  115      1356     
 243.43  345     9655     2.04605    2.04849    0.00243841  113      1363     
 245.27  347     9707     2.04605    2.04849    0.00243512  111      1368     
 245.57  348     9750     2.04606    2.04848    0.00242465  111      1371     
 247.65  350     9801     2.04606    2.04848    0.00241968  112      1376     
 249.7   352     9853     2.04606    2.04846    0.00240832  116      1381     
 251.69  354     9907     2.04606    2.04846    0.00240464  120      1387     
 253.91  356     9963     2.04606    2.04846    0.00240413  116      1392     
 255.61  357     10000    2.04606    2.04846    0.0024029   114      1396     
 259.24  359     10050    2.04606    2.04846    0.00240255  118      1408     
 262.46  361     10100    2.04606    2.04845    0.00239525  121      1417     
 265.46  363     10153    2.04606    2.04845    0.00239258  118      1426     
 265.79  364     10200    2.04606    2.04845    0.00239093  117      1428     
 268.56  366     10250    2.04606    2.04843    0.0023674   117      1435     
 273.02  368     10303    2.04606    2.04843    0.0023622   118      1450     
 273.75  369     10350    2.04606    2.04842    0.00235323  118      1452     
 276.4   371     10400    2.04607    2.04841    0.00234948  123      1460     
 278.79  373     10450    2.04607    2.04841    0.0023419   119      1466     
 280.56  375     10500    2.04607    2.0484     0.0023376   121      1472     
 283.65  377     10550    2.04607    2.04838    0.00230788  119      1480     
 285.39  379     10605    2.04607    2.04838    0.0023062   116      1486     
 285.84  380     10650    2.04607    2.04837    0.00229828  115      1489     
 287.94  382     10700    2.04608    2.04837    0.00229754  116      1495     
 290.85  384     10751    2.04608    2.04837    0.0022939   114      1502     
 292.75  386     10809    2.04608    2.04837    0.00228976  119      1507     
 295.67  388     10861    2.04608    2.04835    0.00227011  121      1514     
 298.17  389     10900    2.04608    2.04835    0.00226847  124      1520     
 301.91  391     10950    2.04608    2.04833    0.00225604  120      1529     
 304.08  393     11000    2.04608    2.04833    0.00225333  120      1537     
 307.08  395     11051    2.04608    2.04832    0.0022439   122      1544     
 310.24  397     11105    2.04608    2.04832    0.00224198  123      1551     
 313.12  399     11157    2.04608    2.04832    0.00223981  123      1558     
 314.98  401     11211    2.04608    2.04832    0.00223742  126      1562     
 315.39  402     11250    2.04608    2.04831    0.0022298   126      1564     
 318.89  404     11305    2.04608    2.04831    0.00222461  131      1573     
 321.63  406     11357    2.04608    2.04829    0.00221237  133      1580     
 324.58  408     11409    2.04608    2.04828    0.00219664  135      1587     
 329.42  410     11450    2.04608    2.04828    0.00219526  137      1601     
 332.58  411     11500    2.04608    2.04827    0.0021904   135      1609     
 335.2   413     11550    2.04608    2.04827    0.0021884   137      1619     
 342.55  415     11600    2.04608    2.04825    0.0021706   134      1637     
 347.14  417     11651    2.04608    2.04825    0.0021678   137      1646     
 349.63  419     11705    2.04608    2.04825    0.00216616  136      1651     
 352.74  421     11759    2.04608    2.04825    0.00216121  134      1659     
 353.15  422     11800    2.04609    2.04824    0.00215434  137      1661     
 355.97  424     11850    2.04609    2.04822    0.00213736  140      1666     
 358.92  426     11905    2.04609    2.04822    0.00213699  140      1672     
 362.66  428     11959    2.04609    2.04822    0.00213056  138      1680     
 365.7   430     12011    2.04609    2.04821    0.00212853  135      1686     
 367.57  431     12050    2.04609    2.04821    0.00212823  134      1691     
 372.25  433     12100    2.04609    2.04821    0.0021241   127      1705     
 374.8   435     12150    2.04609    2.04821    0.00212142  127      1711     
 377.08  437     12203    2.04609    2.0482     0.00211734  127      1717     
 380.07  439     12255    2.04609    2.0482     0.00211241  129      1722     
 381.45  441     12307    2.04609    2.0482     0.00210973  132      1724     
 385.57  443     12350    2.04609    2.0482     0.00210811  133      1732     
 389.19  444     12400    2.04609    2.04819    0.00210299  136      1739     
 390.62  446     12450    2.04609    2.04819    0.00209858  133      1741     
 394.53  448     12500    2.04609    2.04818    0.00208742  133      1748     
 397.05  450     12565    2.04609    2.04817    0.00208561  132      1755     
 398.41  451     12600    2.04609    2.04817    0.00208547  135      1758     
 401.94  453     12650    2.04609    2.04817    0.0020851   134      1765     
 404.15  455     12700    2.04609    2.04817    0.00208398  135      1769     
 406.47  457     12753    2.04609    2.04817    0.0020838   136      1773     
 409.54  459     12807    2.04609    2.04817    0.00208325  134      1778     
 414.92  460     12850    2.04609    2.04817    0.00208257  139      1790     
 418.12  462     12903    2.04609    2.04815    0.00206333  140      1797     
 423.89  464     12957    2.04609    2.04814    0.00205298  142      1810     
 427.17  466     13011    2.04609    2.04814    0.00204846  143      1816     
 430.23  467     13050    2.04609    2.04814    0.00204792  141      1822     
 430.85  469     13100    2.04609    2.04812    0.00202586  138      1823     
 432.47  471     13150    2.04609    2.04812    0.00202284  135      1825     
 435.79  473     13200    2.04609    2.04811    0.0020191   133      1830     
 442.25  475     13250    2.04609    2.04811    0.00201379  139      1843     
 446.16  477     13303    2.04609    2.04809    0.00199628  139      1849     
 452.65  479     13357    2.0461     2.04809    0.00199268  141      1861     
 456.21  481     13411    2.0461     2.04809    0.00199023  141      1867     
 459.2   483     13450    2.0461     2.04809    0.00198989  139      1872     
 460.94  484     13500    2.0461     2.04808    0.00198251  138      1876     
 463.6   486     13561    2.0461     2.04807    0.00197875  144      1884     
 467.41  487     13600    2.0461     2.04805    0.00195051  143      1890     
 468.97  489     13650    2.0461     2.04805    0.00194796  144      1892     
 473.14  491     13700    2.0461     2.04804    0.00194414  148      1900     
 476.45  493     13753    2.0461     2.04804    0.00194184  149      1905     
 479.19  495     13807    2.0461     2.04804    0.00193737  149      1909     
 482.61  497     13863    2.0461     2.04803    0.00193514  151      1915     
 482.93  498     13903    2.0461     2.04803    0.00193392  153      1915     
 487.2   500     13950    2.0461     2.04803    0.00193284  151      1922     
 488.82  501     14000    2.0461     2.04803    0.00193157  154      1924     
 492.72  503     14050    2.0461     2.04802    0.0019222   158      1932     
 495.44  505     14101    2.0461     2.04802    0.00191971  156      1936     
 496.19  506     14150    2.0461     2.04801    0.00190658  159      1941     
 500.37  508     14203    2.0461     2.048      0.00190549  157      1948     
 503.97  510     14257    2.0461     2.048      0.0018993   157      1954     
 507.18  511     14300    2.0461     2.048      0.00189863  156      1961     
 511.68  513     14350    2.0461     2.048      0.0018973   149      1969     
 514.49  515     14400    2.0461     2.048      0.00189653  150      1974     
 515.54  517     14451    2.0461     2.04799    0.00189445  151      1975     
 519.44  519     14507    2.0461     2.04799    0.00189051  149      1984     
 522.56  521     14561    2.0461     2.04799    0.00188987  146      1990     
 526.87  523     14600    2.0461     2.04799    0.00188928  146      1997     
 530.35  524     14650    2.0461     2.04798    0.00188348  149      2002     
 532.3   526     14700    2.0461     2.04797    0.00187101  151      2004     
 535.45  528     14750    2.0461     2.04797    0.00187093  152      2009     
 538.25  530     14800    2.0461     2.04797    0.00187075  157      2014     
 540.74  532     14851    2.0461     2.04797    0.00187063  156      2018     
 543.82  534     14907    2.0461     2.04797    0.00186913  152      2026     
 544.23  535     14950    2.0461     2.04794    0.00183867  151      2027     
 547.49  537     15001    2.0461     2.04794    0.00183525  152      2033     
 550.24  539     15057    2.0461     2.04793    0.00183071  151      2038     
 553.27  541     15109    2.0461     2.04793    0.00182639  146      2043     
 556.05  542     15150    2.0461     2.04793    0.00182605  146      2048     
 556.64  544     15200    2.0461     2.04793    0.00182328  149      2049     
 559.2   546     15250    2.0461     2.04792    0.00182233  142      2054     
 560.63  548     15303    2.0461     2.04792    0.0018196   144      2056     
 566.91  550     15357    2.0461     2.04792    0.00181807  144      2069     
 568.99  552     15411    2.0461     2.04792    0.00181722  145      2072     
 570.98  553     15450    2.0461     2.04792    0.00181683  144      2075     
 576.54  555     15500    2.0461     2.04792    0.00181233  145      2086     
 578.99  557     15550    2.0461     2.04791    0.00181143  146      2091     
 581.65  559     15611    2.0461     2.04791    0.00180856  145      2096     
 584.27  561     15650    2.0461     2.04791    0.001808    147      2100     
 587.41  562     15700    2.0461     2.04791    0.00180718  149      2104     
 591.32  564     15750    2.0461     2.04791    0.00180538  146      2111     
 598.82  566     15800    2.0461     2.04791    0.00180438  147      2123     
 601.56  568     15851    2.0461     2.04791    0.00180141  149      2127     
 608.7   570     15903    2.0461     2.0479     0.00179806  146      2142     
 612.32  572     15955    2.0461     2.0479     0.00179217  144      2148     
 616.46  574     16009    2.0461     2.04789    0.00179051  147      2155     
 619.95  575     16050    2.0461     2.04789    0.00179023  153      2161     
 622.13  577     16103    2.0461     2.04788    0.00178059  155      2166     
 626.73  579     16157    2.0461     2.04788    0.00177412  159      2175     
 629.92  581     16209    2.0461     2.04788    0.00177205  157      2180     
 632.01  583     16261    2.0461     2.04788    0.00177104  159      2183     
 639.26  585     16300    2.0461     2.04787    0.00176375  156      2198     
 643.32  586     16350    2.0461     2.04787    0.00176244  160      2205     
 647.8   588     16400    2.0461     2.04786    0.00175417  164      2213     
 652.81  590     16451    2.0461     2.04786    0.00175382  166      2219     
 664.14  592     16503    2.04611    2.04786    0.00175367  162      2238     
 669     594     16555    2.04611    2.04786    0.00175342  164      2249     
 675.67  596     16611    2.04611    2.04786    0.00175157  164      2261     
 679.87  598     16650    2.04611    2.04786    0.00175088  165      2267     
 689.29  599     16700    2.04611    2.04784    0.00173693  167      2283     
 698.94  601     16750    2.04611    2.04784    0.00173369  175      2299     
 706.87  603     16800    2.04611    2.04784    0.0017336   173      2312     
 712.36  605     16850    2.04611    2.04784    0.00173229  172      2320     
 714.44  607     16900    2.04611    2.04784    0.00173084  172      2322     
 717.22  609     16951    2.04611    2.04783    0.00172378  171      2325     
 721.67  611     17007    2.04611    2.04782    0.00171792  172      2330     
 722.27  612     17050    2.04611    2.04782    0.00171185  169      2330     
 725.66  614     17100    2.04611    2.04782    0.00171141  168      2334     
 728.55  616     17150    2.04611    2.04782    0.00170939  166      2337     
 732.14  618     17200    2.04611    2.04781    0.00170756  165      2341     
 735.68  620     17253    2.04611    2.04781    0.00170687  167      2346     
 739.72  622     17307    2.04611    2.0478     0.00169544  169      2353     
 749.11  624     17361    2.04611    2.04779    0.00168737  170      2372     
 751.4   625     17400    2.04611    2.04779    0.00168713  169      2375     
 756.37  627     17450    2.04611    2.04779    0.00168617  167      2381     
 761.52  629     17500    2.04611    2.04779    0.00168333  164      2387     
 767.78  631     17550    2.04611    2.04779    0.00167825  166      2396     
 772.53  633     17600    2.04611    2.04778    0.00167632  170      2401     
 777.19  635     17651    2.04611    2.04778    0.00167583  172      2406     
 780.88  637     17705    2.04611    2.04778    0.00167539  172      2411     
 788.91  639     17757    2.04611    2.04778    0.00167475  169      2421     
 792.28  641     17800    2.04611    2.04778    0.00167279  167      2427     
 794.6   642     17850    2.04611    2.04778    0.00167241  168      2429     
 797.53  644     17900    2.04611    2.04778    0.00166777  166      2434     
 801.26  646     17953    2.04611    2.04777    0.00166486  165      2439     
 808.43  648     18009    2.04611    2.04777    0.0016608   160      2453     
 816.18  650     18061    2.04611    2.04777    0.00165955  160      2463     
 818.55  652     18100    2.04611    2.04777    0.0016594   162      2466     
 820.16  653     18150    2.04611    2.04777    0.00165792  161      2469     
 824.41  655     18200    2.04611    2.04777    0.0016573   160      2477     
 829.71  657     18250    2.04611    2.04776    0.00165443  165      2485     
 837.83  659     18301    2.04611    2.04776    0.00165311  170      2497     
 842.24  661     18353    2.04611    2.04776    0.00165246  168      2502     
 845.35  663     18407    2.04611    2.04776    0.00165229  170      2505     
 854.12  664     18450    2.04611    2.04776    0.00164954  170      2518     
 856.94  666     18500    2.04611    2.04775    0.00164461  169      2521     
 861.61  668     18551    2.04611    2.04775    0.00164425  169      2527     
 866.36  670     18603    2.04611    2.04774    0.0016317   173      2533     
 872.39  672     18659    2.04611    2.04774    0.00163048  175      2541     
 878.06  674     18711    2.04611    2.04773    0.00162152  175      2550     
 882.54  675     18750    2.04611    2.04773    0.00161965  172      2556     
 889.15  677     18800    2.04611    2.04773    0.0016174   178      2564     
 895.02  679     18850    2.04611    2.04773    0.0016167   176      2570     
 898.46  681     18900    2.04611    2.04771    0.00160547  175      2574     
 903.4   683     18950    2.04611    2.04771    0.00160513  174      2581     
 907.75  685     19001    2.04611    2.04771    0.00160177  177      2586     
 913.1   687     19053    2.04611    2.04771    0.00160052  173      2591     
 917.47  689     19107    2.04611    2.04771    0.00159992  170      2596     
 918.43  690     19150    2.04611    2.04771    0.00159542  166      2598     
 923.48  692     19200    2.04611    2.0477     0.0015949   172      2604     
 928     694     19251    2.04611    2.0477     0.00159399  171      2609     
 934.93  696     19303    2.04611    2.0477     0.00159382  176      2620     
 940.18  698     19357    2.04611    2.0477     0.00159355  179      2626     
 948.86  700     19409    2.04611    2.0477     0.00159187  184      2640     
 953.05  702     19450    2.04611    2.0477     0.00159104  182      2645     
 957.59  703     19500    2.04611    2.0477     0.00158943  179      2649     
 966.09  705     19550    2.04611    2.0477     0.00158923  183      2660     
 969.52  707     19600    2.04611    2.0477     0.00158854  181      2663     
 973.83  709     19650    2.04611    2.0477     0.00158832  185      2668     
 979.31  711     19713    2.04611    2.04769    0.00158208  187      2675     
 988.53  712     19750    2.04611    2.04769    0.00158193  186      2688     
 997.27  714     19800    2.04611    2.04769    0.00158119  187      2700     
 1008.32 716     19850    2.04611    2.04769    0.00157877  190      2713     
 1015.01 718     19900    2.04612    2.04765    0.00153236  187      2721     
 1020.25 720     19951    2.04612    2.04765    0.00153052  185      2728     
 1025.14 722     20003    2.04612    2.04764    0.00152053  185      2732     
 1028.83 724     20055    2.04612    2.04764    0.00151955  178      2735     
 1034.4  726     20111    2.04612    2.04763    0.00151735  172      2741     
 1039.82 727     20150    2.04612    2.04763    0.00151559  167      2746     
 1046.44 729     20200    2.04612    2.04763    0.0015093   174      2755     
 1052.79 731     20250    2.04612    2.04762    0.0015046   171      2761     
 1055.53 733     20309    2.04612    2.04762    0.00150098  169      2764     
 1065.28 735     20363    2.04612    2.04762    0.00149868  173      2775     
 1077.89 736     20400    2.04612    2.04762    0.00149825  172      2791     
 1083.47 738     20450    2.04612    2.04761    0.00149234  169      2796     
 1087.88 740     20500    2.04612    2.04759    0.00147462  169      2800     
 1094.58 742     20550    2.04612    2.04759    0.00147359  171      2807     
 1099.27 744     20603    2.04612    2.04759    0.00147256  169      2812     
 1103.55 746     20661    2.04612    2.04759    0.00147159  167      2819     
 1110.03 747     20700    2.04612    2.04759    0.00146759  168      2828     
 1113.23 749     20750    2.04612    2.04759    0.00146754  172      2832     
 1117.95 751     20800    2.04612    2.04758    0.00145974  171      2838     
 1120.81 753     20850    2.04612    2.04758    0.00145814  171      2841     
 1125.4  755     20903    2.04612    2.04758    0.00145618  170      2847     
 1129.84 757     20955    2.04612    2.04757    0.00145296  172      2852     
 1134.78 759     21011    2.04612    2.04756    0.00144341  172      2859     
 1140.52 760     21050    2.04612    2.04756    0.00144254  174      2864     
 1147.04 762     21100    2.04612    2.04756    0.00144165  172      2870     
 1155.73 764     21150    2.04612    2.04756    0.00143845  169      2881     
 1161.02 766     21203    2.04612    2.04755    0.00143451  172      2887     
 1161.53 767     21250    2.04612    2.04755    0.00143239  172      2887     
 1167.32 769     21301    2.04612    2.04755    0.00143213  175      2894     
 1171.24 771     21353    2.04612    2.04755    0.00143186  171      2898     
 1175.99 773     21407    2.04612    2.04755    0.00143114  169      2904     
 1180.33 774     21450    2.04612    2.04755    0.00143101  177      2909     
 1186.28 776     21500    2.04612    2.04755    0.00142957  180      2918     
 1190.34 778     21550    2.04612    2.04754    0.00142187  174      2925     
 1196.75 780     21603    2.04612    2.04754    0.00141616  174      2932     
 1203.61 782     21657    2.04612    2.04754    0.00141547  171      2940     
 1210.06 784     21711    2.04612    2.04754    0.0014143   166      2945     
 1211.79 785     21750    2.04612    2.04754    0.0014141   167      2946     
 1217.66 787     21801    2.04612    2.04752    0.00140131  166      2951     
 1229.75 789     21857    2.04612    2.04752    0.00140092  168      2964     
 1237.59 790     21900    2.04612    2.04752    0.00140072  168      2972     
 1242.85 792     21950    2.04612    2.04752    0.00140025  171      2977     
 1248.33 794     22000    2.04612    2.04752    0.00139953  168      2982     
 1250.97 796     22055    2.04612    2.04752    0.00139924  167      2986     
 1257.42 798     22107    2.04612    2.04752    0.0013987   164      2992     
 1259.65 799     22150    2.04612    2.04751    0.00138443  168      2995     
 1265.41 801     22200    2.04612    2.0475     0.00138229  170      3001     
 1270.14 803     22251    2.04612    2.0475     0.00138162  174      3006     
 1275.16 805     22303    2.04612    2.0475     0.00137932  173      3010     
 1279.07 807     22355    2.04612    2.0475     0.00137815  171      3013     
 1287.45 809     22411    2.04612    2.0475     0.00137335  176      3023     
 1290.1  810     22450    2.04612    2.0475     0.00137289  176      3025     
 1295.16 812     22501    2.04612    2.04749    0.00136356  171      3031     
 1298.85 814     22557    2.04612    2.04749    0.00136264  174      3035     
 1301.56 816     22611    2.04612    2.04748    0.0013611   172      3037     
 1306.71 817     22650    2.04612    2.04748    0.00135877  174      3042     
 1307.55 819     22700    2.04612    2.04748    0.00135814  177      3042     
 1316.77 821     22750    2.04612    2.04748    0.00135684  175      3052     
 1324.81 823     22800    2.04612    2.04748    0.0013559   174      3059     
 1331.57 825     22851    2.04612    2.04748    0.0013555   175      3064     
 1335.69 827     22903    2.04612    2.04748    0.00135506  176      3067     
 1341.71 829     22959    2.04612    2.04748    0.00135446  175      3073     
 1345.69 830     23000    2.04612    2.04748    0.00135381  173      3077     
 1359.08 832     23050    2.04612    2.04748    0.00135291  175      3094     
 1363.81 834     23100    2.04612    2.04747    0.00134786  176      3098     
 1366.25 836     23150    2.04612    2.04747    0.0013461   178      3100     
 1371.96 838     23200    2.04612    2.04747    0.00134118  177      3105     
 1378.28 840     23251    2.04612    2.04746    0.00133793  174      3111     
 1384.8  842     23305    2.04612    2.04746    0.00133674  173      3117     
 1393.6  844     23357    2.04612    2.04746    0.00133107  171      3124     
 1407.17 846     23411    2.04612    2.04745    0.0013298   174      3138     
 1413    848     23450    2.04612    2.04745    0.00132711  179      3143     
 1418.22 849     23500    2.04612    2.04745    0.00132679  179      3147     
 1426.92 851     23550    2.04612    2.04745    0.00132283  177      3157     
 1432.46 853     23600    2.04612    2.04744    0.00131411  178      3162     
 1441.09 855     23650    2.04612    2.04744    0.00131372  180      3171     
 1454.18 857     23705    2.04612    2.04743    0.00130501  176      3185     
 1460.77 859     23767    2.04612    2.04743    0.001302    176      3190     
 1470.49 860     23800    2.04612    2.04743    0.0013019   177      3199     
 1479.41 862     23850    2.04613    2.04743    0.00130093  180      3206     
 1490.22 864     23903    2.04613    2.04742    0.0012994   179      3217     
 1506.02 866     23955    2.04613    2.04742    0.00129795  182      3231     
 1519.67 868     24009    2.04613    2.04742    0.00129753  186      3243     
 1527.39 870     24050    2.04613    2.04742    0.0012973   186      3249     
 1531.72 871     24100    2.04613    2.04742    0.00129557  185      3252     
 1538.33 873     24150    2.04613    2.04742    0.00129346  180      3257     
 1548.86 875     24200    2.04613    2.04742    0.00129118  180      3268     
 1559.77 877     24250    2.04613    2.04742    0.00129011  182      3278     
 1571.31 879     24301    2.04613    2.04742    0.00128988  180      3289     
 1579.72 881     24353    2.04613    2.04742    0.00128948  181      3295     
 1585.59 883     24405    2.04613    2.04741    0.00128894  182      3299     
 1603.98 885     24457    2.04613    2.0474     0.00127291  184      3313     
 1607.1  887     24511    2.04613    2.0474     0.00127284  184      3316     
 1613.83 888     24550    2.04613    2.0474     0.00127282  182      3321     
 1617.62 890     24609    2.04613    2.0474     0.0012722   184      3325     
 1623.67 892     24663    2.04613    2.0474     0.00127185  183      3329     
 1635.76 893     24700    2.04613    2.04739    0.00126772  181      3339     
 1641.01 895     24750    2.04613    2.04739    0.00126683  181      3343     
 1645.55 897     24800    2.04613    2.04739    0.00126566  182      3346     
 1652.26 899     24855    2.04613    2.04739    0.00126554  184      3351     
 1660.07 901     24907    2.04613    2.04739    0.00125886  183      3357     
 1666.44 903     24959    2.04613    2.04739    0.00125852  184      3362     
 1670.28 905     25011    2.04613    2.04738    0.00125828  187      3366     
 1674.27 906     25050    2.04613    2.04738    0.00125709  188      3370     
 1686.53 908     25100    2.04613    2.04738    0.00125473  191      3385     
 1692.65 910     25150    2.04613    2.04738    0.00125423  194      3394     
 1703.25 912     25200    2.04613    2.04738    0.00125369  191      3402     
 1705.56 913     25250    2.04613    2.04738    0.00125285  189      3404     
 1716.49 915     25300    2.04613    2.04738    0.00125054  190      3414     
 1721.05 917     25363    2.04613    2.04737    0.00124041  195      3418     
 1725.42 918     25400    2.04613    2.04737    0.00123966  195      3421     
 1731.99 920     25450    2.04613    2.04737    0.00123927  198      3426     
 1739.97 922     25500    2.04613    2.04736    0.00123763  196      3432     
 1753.38 924     25550    2.04613    2.04736    0.00123571  200      3444     
 1759.65 926     25603    2.04613    2.04735    0.00122556  201      3448     
 1765.54 928     25659    2.04613    2.04735    0.00122337  199      3452     
 1773.12 930     25700    2.04613    2.04735    0.00122155  201      3458     
 1774.25 931     25750    2.04613    2.04735    0.00121838  202      3459     
 1779.94 933     25800    2.04613    2.04734    0.00121635  201      3465     
 1785.32 935     25850    2.04613    2.04734    0.00121536  204      3469     
 1795.24 937     25900    2.04613    2.04734    0.00121505  203      3479     
 1804.24 939     25951    2.04613    2.04734    0.00121496  206      3490     
 1816.86 941     26003    2.04613    2.04734    0.00121486  202      3500     
 1828.36 943     26055    2.04613    2.04734    0.00121365  202      3512     
 1832.28 945     26100    2.04613    2.04734    0.00121349  201      3518     
 1837.53 946     26150    2.04613    2.04732    0.0011938   203      3522     
 1841.98 948     26200    2.04613    2.04732    0.00119265  201      3525     
 1846.49 950     26250    2.04613    2.04732    0.0011912   199      3529     
 1854.91 952     26305    2.04613    2.04731    0.00118638  198      3537     
 1866.97 954     26357    2.04613    2.04731    0.00118623  198      3547     
 1873.86 956     26411    2.04613    2.04731    0.0011776   197      3553     
 1886.4  957     26450    2.04613    2.04731    0.00117729  199      3565     
 1889.95 959     26500    2.04613    2.0473     0.00117485  197      3568     
 1899.45 961     26550    2.04613    2.0473     0.00117345  197      3574     
 1917.46 963     26600    2.04613    2.04729    0.00116223  201      3590     
 1923.92 965     26651    2.04613    2.04729    0.0011599   203      3594     
 1937.24 967     26705    2.04613    2.04729    0.00115831  205      3606     
 1953.57 969     26759    2.04613    2.04728    0.00115234  205      3619     
 1957.07 971     26800    2.04613    2.04728    0.00115191  207      3622     
 1965.99 972     26850    2.04613    2.04728    0.00114651  208      3629     
 1972.89 974     26900    2.04613    2.04726    0.00113284  211      3634     
 1979.18 976     26950    2.04613    2.04726    0.00113146  213      3638     
 1992.76 978     27005    2.04613    2.04726    0.00113029  211      3651     
 1997.04 980     27059    2.04613    2.04726    0.00112962  211      3654     
 2012.55 981     27100    2.04613    2.04726    0.00112571  213      3664     
Writing policy file: ./28c99c41e4_983_2026.76.policy
Intermediate policy written(interval: 2000)
 2026.76 983     27150    2.04613    2.04725    0.00112521  218      3675     
 2031.39 984     27200    2.04613    2.04725    0.00112205  217      3678     
 2036.86 986     27250    2.04613    2.04725    0.00111978  218      3681     
 2045.07 988     27300    2.04613    2.04725    0.00111955  218      3687     
 2050.23 990     27353    2.04613    2.04724    0.00111238  216      3691     
 2058.11 992     27409    2.04613    2.04724    0.00110845  214      3696     
 2067.21 994     27450    2.04613    2.04724    0.00110832  212      3702     
 2069.68 995     27500    2.04613    2.04724    0.00110724  210      3704     
 2076.05 997     27550    2.04613    2.04722    0.00109384  208      3708     
 2087.56 999     27603    2.04613    2.04722    0.00109262  204      3717     
 2112.93 1001    27661    2.04613    2.04722    0.00109252  213      3738     
 2115.54 1002    27700    2.04613    2.04722    0.00109249  208      3739     
 2130.36 1004    27750    2.04613    2.04722    0.00109162  209      3751     
 2139.53 1006    27801    2.04613    2.04722    0.00108854  210      3757     
 2147.46 1008    27859    2.04613    2.04722    0.00108785  210      3762     
 2153.82 1009    27900    2.04613    2.04722    0.00108762  212      3767     
 2166.4  1011    27950    2.04613    2.04722    0.00108712  216      3777     
 2170.59 1013    28009    2.04613    2.04721    0.00108429  214      3780     
 2197.16 1015    28050    2.04613    2.04721    0.00108421  218      3801     
 2199.47 1016    28100    2.04613    2.04721    0.00108111  218      3802     
 2204.84 1018    28150    2.04613    2.04721    0.0010789   217      3805     
 2222.5  1020    28203    2.04613    2.04721    0.00107802  213      3821     
 2223.97 1021    28250    2.04613    2.04721    0.00107482  212      3822     
 2232.25 1023    28300    2.04613    2.04721    0.00107426  214      3828     
 2237.21 1025    28351    2.04613    2.0472     0.00107271  214      3831     
 2241.89 1027    28407    2.04613    2.0472     0.00107229  215      3834     
 2250.87 1029    28461    2.04613    2.0472     0.00107103  216      3839     
 2256.65 1030    28500    2.04613    2.0472     0.00107102  217      3844     
 2264.25 1032    28550    2.04613    2.0472     0.00107096  222      3849     
 2272.75 1034    28600    2.04613    2.0472     0.00107094  220      3855     
 2289.63 1036    28655    2.04613    2.0472     0.00106973  212      3868     
 2296.87 1038    28711    2.04613    2.0472     0.00106934  213      3874     
 2304.32 1039    28750    2.04613    2.0472     0.0010693   214      3878     
 2310.17 1041    28800    2.04613    2.0472     0.00106926  217      3881     
 2319.06 1043    28850    2.04613    2.0472     0.00106819  219      3886     
 2324.66 1045    28915    2.04613    2.0472     0.00106687  221      3890     
 2332.92 1046    28950    2.04613    2.0472     0.00106671  221      3895     
 2344.29 1048    29000    2.04613    2.0472     0.00106434  221      3903     
 2356.47 1050    29055    2.04613    2.0472     0.00106398  223      3911     
 2377.5  1052    29111    2.04613    2.04719    0.00106071  228      3927     
 2384.15 1053    29150    2.04613    2.04719    0.00106017  227      3932     
 2389.81 1055    29200    2.04613    2.04719    0.00105981  227      3936     
 2395.4  1057    29250    2.04613    2.04719    0.00105798  227      3940     
 2401.03 1059    29300    2.04613    2.04718    0.00105329  227      3944     
 2418.48 1061    29353    2.04613    2.04718    0.00105291  229      3960     
 2420.85 1063    29405    2.04613    2.04718    0.00105266  231      3961     
 2450.4  1065    29459    2.04613    2.04718    0.00105094  237      3983     
 2456.7  1067    29500    2.04613    2.04718    0.00105068  234      3987     
 2461.52 1068    29550    2.04613    2.04718    0.00104944  234      3991     
 2472.23 1070    29600    2.04613    2.04718    0.00104535  231      4000     
 2486.36 1072    29651    2.04613    2.04717    0.00104308  230      4010     
 2492.79 1074    29709    2.04613    2.04717    0.00104138  227      4014     
 2502.76 1076    29763    2.04613    2.04717    0.0010407   228      4019     
 2515.64 1077    29800    2.04613    2.04717    0.00104015  225      4027     
 2524.15 1079    29861    2.04613    2.04717    0.00103851  226      4032     
 2525.09 1080    29900    2.04613    2.04717    0.00103845  226      4032     
 2529.37 1082    29951    2.04613    2.04717    0.00103771  230      4034     
 2542.37 1084    30007    2.04613    2.04717    0.0010373   232      4043     
 2554.38 1086    30061    2.04613    2.04717    0.00103699  226      4049     
 2562.67 1087    30100    2.04613    2.04717    0.00103687  225      4054     
 2570    1089    30150    2.04613    2.04717    0.00103686  227      4058     
 2575.1  1091    30205    2.04613    2.04717    0.00103471  225      4061     
 2596.5  1093    30259    2.04613    2.04717    0.0010342   226      4073     
 2600.88 1095    30311    2.04613    2.04716    0.00103292  227      4075     
 2610.59 1096    30350    2.04613    2.04716    0.00102674  228      4080     
 2627.83 1098    30400    2.04613    2.04716    0.00102413  231      4092     
 2636.66 1100    30450    2.04613    2.04716    0.00102391  236      4097     
 2659.64 1102    30500    2.04613    2.04716    0.00102358  236      4115     
 2674.14 1104    30550    2.04613    2.04715    0.00102199  236      4123     
 2694.1  1106    30600    2.04613    2.04715    0.00102196  236      4136     
 2711.62 1108    30651    2.04613    2.04715    0.00102181  236      4148     
 2716.17 1110    30703    2.04613    2.04715    0.00101978  239      4150     
 2726.86 1112    30759    2.04613    2.04714    0.00101062  238      4156     
 2736.75 1114    30800    2.04613    2.04714    0.00101028  239      4161     
 2744.94 1115    30850    2.04613    2.04714    0.00100685  233      4166     
 2750.06 1117    30907    2.04613    2.04713    0.00100251  235      4170     
 2759.34 1119    30961    2.04613    2.04713    0.00100103  236      4176     
 2791.78 1120    31000    2.04613    2.04713    0.00100081  238      4197     
 2800.07 1122    31050    2.04613    2.04713    0.000998298 236      4201     
 2804    1124    31111    2.04613    2.04712    0.000989207 241      4204     
 2820.3  1125    31150    2.04613    2.04712    0.000989155 239      4215     
 2837.4  1127    31200    2.04613    2.04712    0.000984909 241      4227     
 2838.57 1129    31250    2.04613    2.04712    0.000984815 242      4227     
 2847.18 1131    31300    2.04613    2.04712    0.000983513 243      4232     
 2860.69 1133    31353    2.04613    2.04712    0.000982975 243      4239     
 2870.17 1135    31405    2.04613    2.04712    0.000982508 238      4244     
 2883.4  1137    31459    2.04613    2.04711    0.000982399 238      4254     
 2892.75 1138    31500    2.04613    2.04711    0.000982389 236      4261     
 2906.15 1140    31550    2.04613    2.04711    0.000982364 239      4269     
 2917.07 1142    31600    2.04613    2.04711    0.00098211  239      4274     
 2927.03 1144    31650    2.04613    2.04711    0.00098162  236      4279     
 2934.54 1146    31701    2.04613    2.04711    0.000981596 234      4283     
 2943.8  1148    31757    2.04613    2.04711    0.000981005 237      4289     
 2961.58 1150    31811    2.04613    2.04711    0.000980853 234      4300     
 2977.12 1151    31850    2.04613    2.04711    0.000980787 232      4311     
 2990.46 1153    31900    2.04613    2.04711    0.000978133 227      4322     
 2997.91 1155    31950    2.04613    2.04711    0.000976958 227      4326     
 3014.53 1157    32000    2.04613    2.04711    0.000976761 231      4339     
 3023.4  1159    32053    2.04613    2.0471     0.000968206 230      4346     
 3031.9  1161    32105    2.04613    2.0471     0.000967664 230      4351     
 3037.93 1163    32159    2.04613    2.0471     0.000966432 230      4355     
 3045.49 1164    32200    2.04613    2.0471     0.000966311 233      4359     
 3056.01 1166    32250    2.04613    2.0471     0.000965066 233      4364     
 3061.27 1168    32300    2.04613    2.0471     0.000964723 228      4366     
 3084.62 1170    32353    2.04613    2.0471     0.000963077 231      4381     
 3092.24 1172    32405    2.04613    2.0471     0.000962601 228      4385     
 3100.57 1174    32459    2.04613    2.04709    0.000960498 225      4391     
 3110.71 1176    32513    2.04613    2.04709    0.00095817  230      4399     
 3113.06 1177    32550    2.04613    2.04709    0.000957985 228      4400     
 3116.53 1179    32601    2.04613    2.04709    0.000956049 231      4402     
 3131.4  1181    32659    2.04613    2.04709    0.000955939 234      4414     
 3138.97 1183    32700    2.04613    2.04709    0.000955788 236      4420     
 3155.36 1184    32750    2.04613    2.04709    0.000954635 240      4433     
 3164.03 1186    32800    2.04613    2.04709    0.00095361  239      4437     
 3176.48 1188    32850    2.04613    2.04709    0.000953417 242      4444     
 3185.07 1190    32901    2.04613    2.04709    0.000953178 242      4448     
 3195.19 1192    32955    2.04613    2.04709    0.000953014 246      4453     
 3207.67 1194    33007    2.04613    2.04709    0.000952978 244      4458     
 3221.86 1196    33061    2.04613    2.04709    0.000952948 243      4465     
 3229.15 1198    33100    2.04613    2.04709    0.000952926 249      4468     
 3238.79 1199    33150    2.04613    2.04709    0.000952786 251      4472     
 3245.59 1201    33200    2.04613    2.04709    0.000952362 252      4475     
 3258.93 1203    33250    2.04613    2.04708    0.000951212 250      4482     
 3276.07 1205    33301    2.04613    2.04708    0.000947294 256      4493     
 3287.2  1207    33357    2.04613    2.04708    0.000942415 258      4500     
 3310.06 1209    33409    2.04613    2.04707    0.000939652 256      4512     
 3321.83 1211    33461    2.04613    2.04707    0.000938839 251      4517     
 3324.91 1212    33500    2.04613    2.04707    0.00093547  250      4519     
 3334.34 1214    33550    2.04613    2.04707    0.000934279 249      4524     
 3345.05 1216    33601    2.04613    2.04707    0.00093424  249      4528     
 3358.51 1218    33655    2.04613    2.04707    0.000933797 254      4534     
 3363.49 1220    33700    2.04613    2.04707    0.000933664 253      4537     
 3380.2  1221    33750    2.04613    2.04706    0.000930449 255      4546     
 3399.87 1223    33800    2.04613    2.04706    0.000929433 254      4556     
 3411.21 1225    33851    2.04613    2.04706    0.000929406 252      4561     
 3419.06 1227    33905    2.04613    2.04706    0.000929351 251      4564     
 3429.3  1229    33957    2.04613    2.04706    0.00092924  254      4569     
 3439.29 1231    34011    2.04613    2.04706    0.000922619 255      4573     
 3449.25 1232    34050    2.04613    2.04706    0.000922416 253      4578     
 3459.03 1234    34100    2.04613    2.04705    0.000921191 249      4582     
 3469.55 1236    34157    2.04613    2.04705    0.000913656 252      4588     
 3491.25 1238    34211    2.04613    2.04705    0.000913354 256      4600     
 3503.26 1239    34250    2.04613    2.04705    0.000913345 257      4605     
 3506.57 1241    34300    2.04613    2.04705    0.000913304 259      4606     
 3513.31 1243    34350    2.04613    2.04705    0.000911685 262      4609     
 3524.2  1245    34401    2.04613    2.04705    0.000911664 261      4615     
 3543.72 1247    34453    2.04613    2.04705    0.000911473 262      4626     
 3555.6  1249    34507    2.04613    2.04705    0.000911467 258      4632     
 3561.25 1251    34559    2.04613    2.04704    0.000911307 259      4634     
 3598.53 1253    34611    2.04613    2.04704    0.000909969 267      4654     
 3606.8  1255    34650    2.04613    2.04704    0.000909774 270      4657     
 3617.21 1256    34700    2.04613    2.04704    0.000909007 272      4661     
 3631.1  1258    34750    2.04613    2.04704    0.000902701 275      4667     
 3646.72 1260    34800    2.04613    2.04703    0.000901254 272      4675     
 3672.03 1262    34855    2.04613    2.04703    0.000899637 265      4688     
 3693.95 1264    34909    2.04613    2.04703    0.000898026 263      4702     
 3711.58 1266    34950    2.04613    2.04703    0.000897973 271      4710     
 3718.69 1267    35000    2.04613    2.04703    0.000897746 273      4713     
 3734.12 1269    35050    2.04613    2.04703    0.000897622 268      4721     
 3742.54 1271    35100    2.04613    2.04703    0.000891519 266      4724     
 3751.61 1273    35151    2.04613    2.04703    0.000891497 266      4729     
 3756.02 1275    35217    2.04613    2.04702    0.000888327 265      4732     
 3757.49 1276    35250    2.04613    2.04702    0.00088831  266      4732     
 3774.12 1278    35300    2.04613    2.04702    0.000888197 266      4739     
 3793.98 1280    35350    2.04613    2.04702    0.000887651 271      4750     
 3816.63 1282    35405    2.04613    2.04702    0.000887543 264      4763     
 3848.57 1284    35459    2.04613    2.04702    0.000887496 268      4781     
 3859.17 1286    35513    2.04613    2.04702    0.000886784 267      4786     
 3894.67 1287    35550    2.04613    2.04702    0.000886781 269      4802     
 3907.27 1289    35600    2.04613    2.04701    0.000879989 269      4807     
 3919.97 1291    35650    2.04613    2.04701    0.00087894  273      4813     
 3939.43 1293    35701    2.04613    2.04701    0.000875311 279      4822     
 3946.06 1295    35755    2.04613    2.04701    0.000875019 275      4826     
 3970.75 1297    35811    2.04613    2.04701    0.000874683 276      4838     
 3995.63 1298    35850    2.04613    2.04701    0.000872631 276      4850     
 4006.95 1300    35900    2.04613    2.04701    0.000872617 272      4854     
 4025.5  1302    35950    2.04613    2.04701    0.000872322 270      4861     
Writing policy file: ./28c99c41e4_1304_4058.8.policy
Intermediate policy written(interval: 2000)
 4058.8  1304    36003    2.04613    2.047      0.000869813 273      4876     
 4068.57 1306    36055    2.04613    2.047      0.000869565 278      4879     
 4078.82 1308    36109    2.04613    2.047      0.000869534 277      4883     
 4093.01 1310    36150    2.04613    2.047      0.000869522 281      4889     
 4099.35 1311    36200    2.04613    2.047      0.000869511 280      4891     
 4102.74 1313    36250    2.04613    2.047      0.000868582 273      4892     
 4115.33 1315    36300    2.04613    2.047      0.000868125 271      4897     
 4123.67 1317    36350    2.04613    2.047      0.000867582 266      4901     
 4139.79 1319    36405    2.04613    2.047      0.000861819 267      4909     
 4162.9  1321    36457    2.04613    2.047      0.000860984 272      4922     
 4172.86 1323    36511    2.04613    2.047      0.000860968 275      4926     
 4183.81 1324    36550    2.04613    2.047      0.000860899 277      4931     
 4204.74 1326    36600    2.04613    2.04699    0.000858893 275      4941     
 4218.46 1328    36650    2.04613    2.04699    0.000855864 276      4948     
 4242.46 1330    36701    2.04613    2.04699    0.000854929 278      4960     
 4262.62 1332    36753    2.04613    2.04699    0.000854762 279      4969     
 4272.17 1334    36807    2.04613    2.04699    0.000854644 275      4974     
 4283.5  1336    36861    2.04613    2.04699    0.000854079 280      4979     
 4306.69 1338    36900    2.04613    2.04699    0.000852725 284      4993     
 4310.09 1339    36950    2.04613    2.04698    0.000848502 282      4994     
 4316.09 1341    37001    2.04613    2.04698    0.000848434 281      4996     
 4331.07 1343    37055    2.04613    2.04698    0.000848315 283      5003     
 4356.85 1345    37109    2.04613    2.04698    0.000847762 285      5017     
 4365.87 1347    37161    2.04613    2.04698    0.000847671 283      5021     
 4376.52 1348    37200    2.04613    2.04698    0.000847658 283      5025     
 4385.44 1350    37250    2.04613    2.04698    0.000847646 283      5028     
 4391.2  1352    37300    2.04613    2.04698    0.000847335 283      5030     
 4399.78 1354    37350    2.04613    2.04698    0.000847297 281      5035     
 4426.38 1356    37403    2.04613    2.04698    0.000845079 282      5049     
 4440.96 1358    37457    2.04613    2.04698    0.000842045 279      5055     
 4464.73 1360    37509    2.04613    2.04698    0.000840838 283      5065     
 4474.39 1361    37550    2.04613    2.04698    0.000840832 286      5069     
 4486.15 1363    37600    2.04613    2.04697    0.000839579 290      5075     
 4497.71 1365    37650    2.04613    2.04697    0.000839387 287      5079     
 4510.34 1367    37700    2.04613    2.04697    0.000838971 292      5084     
 4517.45 1369    37750    2.04613    2.04697    0.000838949 290      5087     
 4530.37 1371    37800    2.04613    2.04697    0.000838865 289      5092     
 4541.15 1373    37851    2.04613    2.04697    0.000837994 287      5098     
 4568.56 1375    37905    2.04613    2.04697    0.000836938 292      5110     
 4586.34 1376    37950    2.04613    2.04697    0.000836905 294      5120     
 4591.17 1378    38000    2.04613    2.04697    0.000834408 295      5125     
 4599.83 1380    38051    2.04613    2.04697    0.000834245 292      5128     
 4618.05 1382    38101    2.04613    2.04697    0.000834106 295      5136     
 4619.87 1383    38150    2.04613    2.04697    0.000833276 296      5137     
 4633.33 1385    38200    2.04613    2.04697    0.00083322  297      5142     
 4641.91 1387    38250    2.04613    2.04697    0.000833206 296      5145     
 4650.21 1389    38300    2.04613    2.04697    0.000833192 296      5148     
 4657.85 1391    38350    2.04613    2.04697    0.000833134 292      5151     
 4675.38 1393    38403    2.04613    2.04697    0.000831344 291      5158     
 4684.09 1395    38455    2.04613    2.04697    0.000830755 292      5161     
 4710.67 1397    38507    2.04613    2.04697    0.000830534 296      5173     
 4732.51 1399    38559    2.04613    2.04696    0.00082581  302      5184     
 4740.01 1401    38611    2.04613    2.04696    0.00082568  303      5186     
 4774.14 1402    38650    2.04613    2.04696    0.000825678 303      5203     
 4793.76 1404    38700    2.04613    2.04696    0.000824919 306      5212     
 4809.68 1406    38750    2.04613    2.04696    0.000824293 307      5219     
 4821.35 1408    38800    2.04613    2.04696    0.000822366 302      5224     
 4834.29 1410    38851    2.04613    2.04695    0.000820156 296      5229     
 4836.48 1412    38915    2.04613    2.04695    0.000813363 299      5229     
 4842.6  1413    38950    2.04613    2.04695    0.000813346 299      5231     
 4855.5  1415    39000    2.04613    2.04695    0.000813334 299      5236     
 4863.06 1417    39050    2.04613    2.04695    0.000813288 296      5238     
 4873.06 1419    39100    2.04613    2.04695    0.000813272 303      5241     
 4886.8  1421    39151    2.04613    2.04695    0.000813246 305      5246     
 4889.94 1423    39200    2.04613    2.04695    0.000813208 306      5247     
 4915.48 1425    39251    2.04613    2.04695    0.000811391 301      5259     
 4925.11 1427    39305    2.04613    2.04695    0.00081073  301      5263     
 4943.71 1429    39357    2.04613    2.04694    0.000809786 302      5270     
 4979.32 1431    39411    2.04613    2.04694    0.000808687 295      5285     
 4986.35 1433    39450    2.04613    2.04694    0.000808682 298      5287     
 4998    1434    39500    2.04613    2.04694    0.00080866  301      5291     
 5006.93 1436    39550    2.04613    2.04694    0.000808189 295      5294     
 5017.52 1438    39600    2.04613    2.04694    0.000808175 301      5300     
 5046.51 1440    39650    2.04613    2.04694    0.00080445  305      5313     
 5055.72 1442    39705    2.04613    2.04693    0.000792433 305      5317     
 5068.85 1444    39761    2.04613    2.04693    0.000791636 303      5323     
 5096.14 1445    39800    2.04613    2.04693    0.000791585 301      5335     
 5106.28 1447    39850    2.04613    2.04692    0.000789476 301      5338     
 5118.43 1449    39900    2.04613    2.04692    0.000789434 305      5342     
 5129.64 1451    39950    2.04613    2.04692    0.000788057 309      5347     
 5137.65 1453    40001    2.04613    2.04692    0.000787858 308      5353     
 5150.37 1455    40055    2.04613    2.04692    0.000786927 307      5359     
 5176.41 1457    40107    2.04613    2.04692    0.00078679  305      5372     
 5188.97 1459    40159    2.04613    2.04692    0.000786664 304      5376     
 5196.14 1461    40211    2.04613    2.04692    0.000786632 303      5378     
 5205.4  1463    40250    2.04613    2.04692    0.000786617 301      5381     
 5217.58 1464    40300    2.04613    2.04692    0.000786338 304      5385     
 5232.75 1466    40350    2.04613    2.04692    0.000786016 304      5391     
 5243.9  1468    40401    2.04613    2.04692    0.000785062 304      5397     
 5253.35 1470    40453    2.04613    2.04692    0.000785045 301      5400     
 5260.92 1472    40507    2.04613    2.04692    0.000785016 298      5403     
 5271.35 1474    40559    2.04613    2.04692    0.000784985 298      5407     
 5286.66 1476    40600    2.04613    2.04692    0.000784983 295      5414     
 5304.22 1477    40650    2.04613    2.04692    0.000783649 297      5424     
 5315.05 1479    40700    2.04613    2.04692    0.000781336 297      5428     
 5324.24 1481    40750    2.04613    2.04692    0.000781332 297      5431     
 5344.79 1483    40800    2.04613    2.04692    0.000780937 299      5439     
 5360.55 1485    40850    2.04613    2.04692    0.00078011  294      5444     
 5373.05 1487    40903    2.04613    2.04691    0.000779359 291      5449     
 5380.25 1489    40959    2.04613    2.04691    0.000779303 294      5453     
 5409.17 1491    41011    2.04613    2.04691    0.000777966 296      5468     
 5435.62 1493    41050    2.04613    2.04691    0.000777927 300      5482     
 5443.49 1494    41100    2.04613    2.04691    0.00077435  302      5485     
 5451.03 1496    41150    2.04613    2.04691    0.000774276 301      5487     
 5469.57 1498    41200    2.04613    2.04691    0.000774059 309      5494     
 5492.47 1500    41250    2.04613    2.04691    0.000773809 304      5503     
 5516.68 1502    41300    2.04613    2.04691    0.000772404 303      5512     
 5545.14 1504    41353    2.04614    2.04691    0.000771168 301      5525     
 5573.3  1506    41407    2.04614    2.04691    0.000770425 301      5538     
 5604.61 1508    41461    2.04614    2.0469     0.000769767 298      5553     
 5619.03 1509    41500    2.04614    2.0469     0.000769676 298      5559     
 5631.15 1511    41550    2.04614    2.0469     0.000767199 296      5563     
 5651.21 1513    41601    2.04614    2.0469     0.000767039 291      5572     
 5680.21 1515    41653    2.04614    2.0469     0.000766148 296      5585     
 5692.69 1517    41705    2.04614    2.0469     0.000765432 291      5590     
 5700.47 1519    41757    2.04614    2.0469     0.000765394 296      5593     
 5733.15 1521    41809    2.04614    2.0469     0.000763531 294      5607     
 5744.84 1523    41861    2.04614    2.0469     0.000763502 296      5611     
 5755.73 1525    41900    2.04614    2.0469     0.000763494 294      5615     
 5765    1527    41961    2.04614    2.0469     0.000763486 296      5618     
 5791.35 1529    42000    2.04614    2.0469     0.000763453 296      5630     
 5801.61 1530    42050    2.04614    2.0469     0.000763157 299      5633     
 5808.56 1532    42100    2.04614    2.0469     0.000761903 302      5635     
 5826.31 1534    42150    2.04614    2.0469     0.000761888 300      5641     
 5836.63 1536    42200    2.04614    2.0469     0.00076188  301      5644     
 5847.18 1538    42250    2.04614    2.0469     0.000761558 304      5647     
 5869.33 1540    42300    2.04614    2.0469     0.000761539 304      5655     
 5888.64 1542    42351    2.04614    2.04689    0.000756058 306      5661     
 5902.35 1544    42403    2.04614    2.04689    0.000755498 301      5665     
 5918.18 1546    42455    2.04614    2.04689    0.000755494 298      5672     
 5926.92 1548    42507    2.04614    2.04689    0.000755476 299      5675     
 5942.39 1550    42550    2.04614    2.04689    0.000755473 300      5682     
 5946.35 1552    42611    2.04614    2.04689    0.000755358 299      5683     
 5970.95 1553    42650    2.04614    2.04689    0.000754979 299      5693     
 5985.16 1555    42700    2.04614    2.04689    0.000753675 298      5699     
 5996.25 1557    42750    2.04614    2.04689    0.00075366  298      5704     
 6021.17 1559    42800    2.04614    2.04689    0.000752346 295      5714     
 6047.46 1561    42851    2.04614    2.04689    0.000751941 291      5726     
Writing policy file: ./28c99c41e4_1563_6060.58.policy
Intermediate policy written(interval: 2000)
 6060.58 1563    42903    2.04614    2.04689    0.000751871 291      5731     
 6070.4  1565    42955    2.04614    2.04689    0.00075178  292      5735     
 6073.56 1566    43000    2.04614    2.04689    0.000751492 293      5736     
 6093.9  1568    43050    2.04614    2.04689    0.000750514 294      5750     
 6101.19 1570    43100    2.04614    2.04689    0.000750505 297      5756     
 6106.81 1572    43150    2.04614    2.04689    0.000750502 300      5758     
 6117.67 1574    43201    2.04614    2.04689    0.00075038  301      5763     
 6131.39 1575    43250    2.04614    2.04688    0.000749313 303      5772     
 6157.28 1577    43300    2.04614    2.04688    0.000748094 308      5785     
 6179.72 1579    43350    2.04614    2.04688    0.000746763 302      5799     
 6200.7  1581    43400    2.04614    2.04688    0.000746158 302      5812     
 6231.82 1583    43450    2.04614    2.04688    0.000744298 305      5825     
 6240.21 1585    43507    2.04614    2.04688    0.000740132 307      5828     
 6246.97 1587    43557    2.04614    2.04688    0.000739952 304      5830     
 6284.66 1589    43609    2.04614    2.04688    0.000739708 306      5849     
 6301.34 1591    43659    2.04614    2.04687    0.000739477 304      5858     
 6315.21 1593    43711    2.04614    2.04687    0.000739445 303      5863     
 6324.76 1595    43761    2.04614    2.04687    0.000739329 303      5866     
 6333.4  1597    43811    2.04614    2.04687    0.000738996 304      5870     
 6343.14 1599    43850    2.04614    2.04687    0.000738945 301      5876     
 6357.74 1600    43900    2.04614    2.04687    0.000734632 299      5883     
 6369.47 1602    43950    2.04614    2.04687    0.000734254 302      5888     
 6375.81 1604    44011    2.04614    2.04687    0.000732278 304      5893     
 6383.18 1605    44050    2.04614    2.04687    0.000732267 302      5896     
 6395.54 1607    44100    2.04614    2.04687    0.000732254 303      5900     
 6414.54 1609    44150    2.04614    2.04687    0.000732123 304      5910     
 6422.44 1611    44200    2.04614    2.04687    0.000732121 306      5915     
 6431.27 1613    44250    2.04614    2.04687    0.00073208  305      5922     
 6447    1615    44300    2.04614    2.04687    0.000731697 305      5930     
 6479.38 1617    44350    2.04614    2.04687    0.00073106  301      5945     
 6496.47 1619    44400    2.04614    2.04686    0.00072926  298      5953     
 6507.84 1621    44450    2.04614    2.04686    0.000728544 303      5957     
 6546.33 1623    44500    2.04614    2.04686    0.000728405 311      5976     
 6562.71 1625    44550    2.04614    2.04686    0.000727189 318      5988     
 6570.07 1627    44600    2.04614    2.04686    0.000727174 318      5992     
 6580.32 1629    44651    2.04614    2.04686    0.00072715  320      5996     
 6596.06 1631    44701    2.04614    2.04686    0.000726258 319      6009     
 6605.41 1633    44755    2.04614    2.04686    0.000726255 318      6015     
 6613.67 1635    44805    2.04614    2.04686    0.000726232 317      6018     
 6630.57 1637    44853    2.04614    2.04686    0.000725237 318      6026     
 6636.27 1639    44905    2.04614    2.04686    0.000724884 322      6030     
 6661.45 1641    44957    2.04614    2.04686    0.000724827 323      6049     
 6675.83 1643    45009    2.04614    2.04686    0.000724743 306      6060     
 6694.68 1645    45059    2.04614    2.04686    0.000723847 308      6074     
 6716.62 1647    45109    2.04614    2.04686    0.000723812 308      6090     
 6730.37 1649    45161    2.04614    2.04686    0.000723626 310      6102     
 6733.71 1650    45200    2.04614    2.04686    0.000723429 309      6103     
 6741.86 1652    45250    2.04614    2.04686    0.000722205 309      6109     
 6756.59 1654    45300    2.04614    2.04685    0.000715434 312      6121     
 6772.21 1656    45350    2.04614    2.04685    0.000714401 309      6132     
 6779.71 1658    45400    2.04614    2.04685    0.000713979 304      6135     
 6794.59 1660    45450    2.04614    2.04685    0.000713843 301      6146     
 6812.36 1662    45500    2.04614    2.04685    0.000713716 300      6160     
 6820.97 1664    45550    2.04614    2.04685    0.000713084 303      6166     
 6829.64 1666    45600    2.04614    2.04685    0.000712509 305      6174     
 6843.28 1668    45650    2.04614    2.04684    0.000702389 311      6183     
 6848.74 1670    45700    2.04614    2.04684    0.000702361 311      6185     
 6859.71 1672    45750    2.04614    2.04684    0.000702293 308      6194     
 6865.89 1674    45800    2.04614    2.04684    0.000702273 309      6198     
 6872.85 1676    45850    2.04614    2.04684    0.000701775 309      6201     
 6880.74 1678    45900    2.04614    2.04684    0.000701538 306      6206     
 6897.03 1680    45950    2.04614    2.04684    0.000700953 307      6218     
 6901.31 1682    46005    2.04614    2.04684    0.000700538 307      6222     
 6909.49 1684    46053    2.04614    2.04683    0.000697535 304      6234     
 6913.38 1686    46101    2.04614    2.04683    0.00069753  305      6237     
 6920.63 1688    46153    2.04614    2.04683    0.00069712  306      6244     
 6951.63 1690    46205    2.04614    2.04683    0.000692531 306      6265     
 6968.68 1692    46253    2.04614    2.04682    0.000688876 305      6280     
 6973.66 1694    46305    2.04614    2.04682    0.000686327 309      6284     
 6981.27 1696    46355    2.04614    2.04682    0.00068592  304      6292     
 6995.56 1698    46409    2.04614    2.04682    0.000684753 306      6305     
 7001.01 1700    46461    2.04614    2.04682    0.000683713 306      6311     
 7013.78 1702    46500    2.04614    2.04682    0.000683312 311      6325     
 7028.55 1703    46550    2.04614    2.04682    0.000682177 311      6339     
 7031.3  1705    46601    2.04614    2.04681    0.000678308 313      6341     
 7038.47 1707    46655    2.04614    2.04681    0.000669707 312      6349     
 7041.72 1709    46709    2.04614    2.04681    0.00066968  317      6352     
 7046.7  1711    46761    2.04614    2.04681    0.000669635 315      6356     
 7049.38 1713    46811    2.04614    2.04681    0.000669232 317      6358     
 7052.21 1715    46850    2.04614    2.04681    0.000669115 320      6360     
 7060.45 1716    46900    2.04614    2.04681    0.000669026 318      6371     
 7068.76 1718    46950    2.04614    2.0468     0.000668546 319      6382     
 7079    1720    47000    2.04614    2.0468     0.000667256 325      6397     
 7084.18 1722    47050    2.04614    2.0468     0.000667199 329      6403     
 7089.94 1724    47103    2.04614    2.0468     0.00066698  328      6407     
 7095.3  1726    47157    2.04614    2.0468     0.000666122 327      6411     
 7101.78 1728    47209    2.04614    2.0468     0.00066611  327      6415     
 7103.26 1729    47250    2.04614    2.0468     0.000666093 328      6415     
 7108.75 1731    47300    2.04614    2.0468     0.000665751 333      6419     
 7113.98 1733    47351    2.04614    2.0468     0.000665736 334      6424     
 7119.72 1735    47401    2.04614    2.0468     0.000665723 334      6428     
 7134.16 1737    47455    2.04614    2.0468     0.000665196 335      6443     
 7142.18 1739    47509    2.04614    2.0468     0.000665161 335      6450     
 7153.65 1741    47561    2.04614    2.0468     0.000664749 330      6460     
 7163.5  1743    47600    2.04614    2.0468     0.000663566 326      6469     
 7172.31 1744    47650    2.04614    2.0468     0.000663526 328      6475     
 7183.65 1746    47700    2.04614    2.04679    0.000658014 329      6485     
 7197.34 1748    47750    2.04614    2.04679    0.000657935 334      6497     
 7206.08 1750    47800    2.04614    2.04679    0.000653879 336      6504     
 7211.35 1752    47850    2.04614    2.04679    0.000653871 334      6509     
 7221.1  1754    47900    2.04614    2.04679    0.00065347  334      6519     
 7236.01 1756    47950    2.04614    2.04679    0.000651705 334      6532     
 7250.65 1758    48000    2.04614    2.04678    0.000646092 344      6546     
 7256.79 1760    48055    2.04614    2.04678    0.000645666 341      6553     
 7261.51 1761    48100    2.04614    2.04678    0.000642879 340      6558     
 7270.21 1763    48150    2.04614    2.04678    0.00064257  340      6566     
 7273.46 1765    48200    2.04614    2.04678    0.000640838 341      6568     
 7279.4  1767    48253    2.04614    2.04678    0.000640827 341      6573     
 7291.29 1769    48307    2.04614    2.04678    0.000640043 332      6588     
 7295.36 1771    48359    2.04614    2.04678    0.000638934 332      6591     
 7300.12 1773    48411    2.04614    2.04678    0.000638891 330      6593     
 7305.78 1775    48450    2.04614    2.04678    0.000638888 330      6597     
 7324.23 1776    48500    2.04614    2.04677    0.000637632 332      6612     
 7330.31 1778    48550    2.04614    2.04677    0.00063724  329      6616     
 7337.23 1780    48600    2.04614    2.04677    0.000636876 333      6620     
 7343.95 1782    48663    2.04614    2.04676    0.000626285 334      6626     
 7357.56 1783    48700    2.04614    2.04676    0.000626142 336      6636     
 7371.57 1785    48750    2.04614    2.04676    0.000625385 342      6647     
 7385.35 1787    48800    2.04614    2.04676    0.000625235 342      6657     
 7396.71 1789    48857    2.04614    2.04676    0.000625197 349      6665     
 7405.54 1791    48913    2.04614    2.04676    0.000624813 346      6672     
 7417.7  1792    48950    2.04614    2.04676    0.000624686 343      6682     
 7430.59 1794    49000    2.04614    2.04676    0.000624489 346      6690     
 7442.05 1796    49050    2.04614    2.04676    0.000624405 342      6697     
 7457.46 1798    49107    2.04614    2.04676    0.00062404  343      6709     
 7464.77 1800    49161    2.04614    2.04676    0.000624011 349      6713     
 7478.96 1802    49200    2.04614    2.04676    0.000623876 349      6723     
 7485.96 1803    49250    2.04614    2.04676    0.000623872 345      6727     
 7491.24 1805    49300    2.04614    2.04676    0.000623842 347      6730     
 7498.16 1807    49350    2.04614    2.04676    0.000623554 344      6735     
 7504.48 1809    49400    2.04614    2.04676    0.000622863 340      6739     
 7511.83 1811    49455    2.04614    2.04676    0.000622439 343      6744     
 7525.39 1813    49509    2.04614    2.04676    0.000622178 343      6755     
 7529.84 1815    49561    2.04614    2.04676    0.000622175 341      6758     
 7534.98 1817    49611    2.04614    2.04676    0.000622163 338      6761     
 7542.24 1819    49661    2.04614    2.04676    0.000622159 339      6766     
 7549.96 1821    49700    2.04614    2.04676    0.000622115 336      6770     
 7554.04 1823    49750    2.04614    2.04676    0.000621881 335      6772     
 7567.24 1824    49800    2.04614    2.04676    0.000620992 336      6782     
 7590.71 1826    49850    2.04614    2.04676    0.000620502 338      6801     
 7613.98 1828    49900    2.04614    2.04676    0.000619775 339      6816     
 7631.45 1830    49951    2.04614    2.04675    0.00061131  343      6828     
 7649.71 1832    50003    2.04614    2.04675    0.000611041 347      6841     
 7677.85 1834    50055    2.04614    2.04675    0.000609861 354      6864     
 7683.21 1835    50100    2.04614    2.04675    0.000609108 352      6867     
 7687.92 1837    50150    2.04614    2.04675    0.000608785 354      6870     
 7697.27 1839    50203    2.04614    2.04675    0.000608744 352      6876     
 7706.21 1841    50257    2.04614    2.04675    0.000608656 354      6882     
 7724.27 1843    50309    2.04614    2.04674    0.000607954 358      6895     
 7732.8  1845    50350    2.04614    2.04674    0.000607353 357      6900     
 7738.42 1846    50400    2.04614    2.04674    0.000607199 353      6903     
 7744.73 1848    50450    2.04614    2.04674    0.000606374 348      6911     
 7762.31 1850    50501    2.04614    2.04674    0.000605245 344      6925     
 7764.19 1851    50550    2.04614    2.04674    0.000599108 344      6927     
 7772.29 1853    50600    2.04614    2.04674    0.000599037 343      6933     
 7776.86 1855    50653    2.04614    2.04674    0.000598605 338      6935     
 7794.94 1857    50709    2.04614    2.04674    0.000598516 341      6948     
 7800.24 1859    50763    2.04614    2.04674    0.000598495 343      6951     
 7802.8  1860    50800    2.04614    2.04674    0.00059839  342      6952     
 7808.33 1862    50850    2.04614    2.04674    0.000598282 342      6955     
 7814.93 1864    50900    2.04614    2.04674    0.000598276 343      6959     
 7826.51 1866    50950    2.04614    2.04674    0.000598123 340      6969     
 7830.47 1868    51005    2.04614    2.04674    0.000598111 343      6971     
 7839.35 1870    51059    2.04614    2.04674    0.000598101 342      6976     
 7844.04 1872    51111    2.04614    2.04674    0.000598094 345      6978     
 7858.08 1874    51150    2.04614    2.04674    0.000598059 346      6989     
 7860    1875    51200    2.04614    2.04673    0.000597784 348      6989     
 7867.47 1877    51250    2.04614    2.04673    0.000597535 348      6994     
 7876.88 1879    51300    2.04614    2.04673    0.00059746  347      7001     
 7898.42 1881    51350    2.04614    2.04673    0.000595371 346      7019     
 7916.3  1883    51403    2.04614    2.04673    0.000595274 349      7031     
 7927.93 1885    51457    2.04614    2.04673    0.000595071 348      7039     
 7940.39 1887    51511    2.04614    2.04673    0.00059431  357      7054     
 7945.88 1889    51550    2.04614    2.04673    0.000594299 360      7058     
 7949.56 1890    51600    2.04614    2.04673    0.000594263 358      7062     
 7957.24 1892    51650    2.04614    2.04673    0.000594093 360      7069     
 7964.73 1894    51700    2.04614    2.04673    0.000594079 365      7072     
 7971.76 1896    51751    2.04614    2.04673    0.000594037 370      7075     
 7975.92 1898    51803    2.04614    2.04673    0.000593593 367      7078     
 7982.42 1900    51857    2.04614    2.04673    0.000593568 370      7082     
 7986.18 1902    51909    2.04614    2.04673    0.000593557 370      7084     
 7991.58 1904    51961    2.04614    2.04673    0.000593553 366      7088     
 7997.02 1905    52000    2.04614    2.04673    0.000593551 363      7093     
 8000.7  1907    52050    2.04614    2.04673    0.000593547 362      7095     
 8004.13 1909    52100    2.04614    2.04673    0.000593396 364      7097     
 8017.32 1911    52153    2.04614    2.04673    0.000592488 366      7111     
 8036.66 1913    52205    2.04614    2.04673    0.000591551 372      7123     
 8052.51 1915    52257    2.04614    2.04673    0.000589872 377      7136     
 8058.75 1917    52300    2.04614    2.04673    0.000589752 378      7140     
Writing policy file: ./28c99c41e4_1918_8079.76.policy
Intermediate policy written(interval: 2000)
 8079.76 1918    52350    2.04614    2.04673    0.000588971 377      7153     
 8097.23 1920    52403    2.04614    2.04672    0.000586651 380      7165     
 8105.44 1922    52459    2.04614    2.04672    0.000586607 379      7171     
 8120.61 1924    52500    2.04614    2.04672    0.000586589 380      7182     
 8125.16 1925    52550    2.04614    2.04672    0.000586316 377      7184     
 8139.43 1927    52600    2.04614    2.04672    0.000585463 372      7193     
 8153.27 1929    52650    2.04614    2.04672    0.000585415 372      7200     
 8162.28 1931    52701    2.04614    2.04672    0.000585356 369      7206     
 8169.22 1933    52753    2.04614    2.04672    0.000584346 374      7211     
 8173.51 1935    52805    2.04614    2.04672    0.000584071 369      7213     
 8191.86 1937    52857    2.04614    2.04672    0.000583063 373      7225     
 8200.15 1939    52909    2.04614    2.04672    0.000583037 373      7229     
 8204.26 1940    52953    2.04614    2.04672    0.000582566 376      7232     
 8212.57 1942    53005    2.04614    2.04672    0.000580095 377      7236     
 8219.78 1944    53059    2.04614    2.04672    0.000580076 381      7240     
 8226.58 1946    53111    2.04614    2.04672    0.000580072 378      7243     
 8229.09 1947    53150    2.04614    2.04672    0.000580071 376      7244     
 8234.73 1949    53200    2.04614    2.04672    0.000580063 379      7247     
 8245.69 1951    53250    2.04614    2.04672    0.000580057 379      7253     
 8267.05 1953    53300    2.04614    2.04672    0.000579969 375      7266     
 8280.78 1955    53357    2.04614    2.04672    0.000579738 376      7273     
 8292.18 1957    53409    2.04614    2.04672    0.000579735 373      7279     
 8300.78 1959    53450    2.04614    2.04672    0.000579729 373      7283     
 8307.98 1960    53500    2.04614    2.04672    0.000579683 371      7286     
 8325.07 1962    53550    2.04614    2.04672    0.000579651 370      7297     
 8334.93 1964    53600    2.04614    2.04672    0.000579554 371      7303     
 8345.78 1966    53659    2.04614    2.04672    0.000579229 372      7309     
 8354.78 1968    53711    2.04614    2.04672    0.000578937 373      7314     
 8363.13 1970    53763    2.04614    2.04672    0.00057893  374      7319     
 8368.32 1971    53800    2.04614    2.04672    0.000578926 372      7323     
 8372.3  1973    53850    2.04614    2.04672    0.00057891  367      7325     
 8376.55 1975    53907    2.04614    2.04672    0.000578094 371      7328     
 8380.64 1977    53957    2.04614    2.04672    0.00057809  373      7331     
 8385.51 1979    54009    2.04614    2.04672    0.000578074 368      7335     
 8395.31 1981    54061    2.04614    2.04672    0.000578068 367      7340     
 8407.12 1983    54111    2.04614    2.04672    0.000578018 367      7349     
 8416.03 1984    54150    2.04614    2.04672    0.000577976 370      7354     
 8442.68 1986    54200    2.04614    2.04671    0.000577709 368      7371     
 8459.58 1988    54250    2.04614    2.04671    0.000577395 371      7384     
 8488.22 1990    54300    2.04614    2.04671    0.000577263 379      7399     
 8500.7  1992    54350    2.04614    2.04671    0.000576445 381      7406     
 8527.81 1994    54400    2.04614    2.04671    0.000576344 389      7423     
 8540.22 1996    54450    2.04614    2.04671    0.000571982 388      7430     
 8548.38 1998    54500    2.04614    2.04671    0.000570939 389      7435     
 8580.71 2000    54550    2.04614    2.04671    0.000569951 393      7453     
 8611.37 2002    54601    2.04614    2.04671    0.000569755 400      7472     
 8631.25 2004    54653    2.04614    2.04671    0.000569462 400      7483     
 8634.21 2005    54700    2.04614    2.04671    0.000568527 401      7484     
 8641.44 2007    54750    2.04614    2.04671    0.000568508 401      7488     
 8649.55 2009    54800    2.04614    2.04671    0.000568505 399      7492     
 8665.28 2011    54851    2.04614    2.04671    0.000568453 396      7505     
 8675.41 2013    54900    2.04614    2.04671    0.000568387 394      7513     
 8685.65 2015    54953    2.04614    2.04671    0.000568378 388      7518     
 8707.24 2017    55003    2.04614    2.04671    0.000568368 389      7529     
 8726.39 2019    55053    2.04614    2.04671    0.000568    394      7539     
 8744.92 2021    55107    2.04614    2.0467     0.000565972 395      7552     
 8766.19 2023    55159    2.04614    2.0467     0.000559774 392      7564     
 8773.7  2025    55213    2.04614    2.0467     0.000559752 392      7568     
 8777.52 2026    55250    2.04614    2.0467     0.00055975  394      7570     
 8793.61 2028    55300    2.04614    2.0467     0.000559323 395      7581     
 8810.15 2030    55350    2.04614    2.0467     0.000558956 397      7597     
 8830.56 2032    55400    2.04614    2.0467     0.000557649 399      7608     
 8850.06 2034    55450    2.04614    2.04669    0.000556275 401      7618     
 8858.33 2036    55500    2.04614    2.04669    0.000555114 401      7622     
 8877.96 2037    55550    2.04614    2.04669    0.000554812 402      7633     
 8904.27 2039    55600    2.04614    2.04669    0.000553787 402      7646     
 8910.24 2041    55650    2.04614    2.04669    0.000553645 403      7648     
 8912.13 2042    55700    2.04614    2.04669    0.000549482 405      7648     
 8920.51 2044    55750    2.04614    2.04669    0.000549419 403      7652     
 8925.63 2046    55800    2.04614    2.04669    0.000549365 399      7654     
 8931.61 2048    55850    2.04614    2.04669    0.00054936  400      7657     
 8938.41 2050    55901    2.04614    2.04669    0.000549309 396      7660     
 8955.63 2052    55955    2.04614    2.04669    0.000548999 391      7670     
 8966.76 2054    56011    2.04614    2.04669    0.000548181 394      7676     
 8982.41 2055    56050    2.04614    2.04669    0.000547783 390      7687     
 8985.94 2057    56100    2.04614    2.04668    0.000547196 392      7689     
 9000.34 2059    56150    2.04614    2.04668    0.000546111 392      7702     
 9021.26 2061    56200    2.04614    2.04668    0.000545256 392      7716     
 9031.24 2063    56255    2.04614    2.04668    0.000545246 392      7720     
 9035.73 2065    56305    2.04614    2.04668    0.000545195 391      7721     
 9056.4  2067    56357    2.04614    2.04668    0.000544444 390      7731     
 9076.88 2069    56411    2.04614    2.04668    0.000542957 394      7742     
 9082.51 2070    56450    2.04614    2.04668    0.000542911 393      7744     
 9093.12 2072    56500    2.04614    2.04668    0.000542806 396      7748     
 9100.4  2074    56550    2.04614    2.04668    0.000538912 392      7751     
 9110.81 2076    56600    2.04614    2.04668    0.000538829 392      7756     
 9118.77 2078    56651    2.04614    2.04668    0.00053881  390      7759     
 9127.03 2080    56703    2.04614    2.04668    0.000538592 390      7763     
 9143.17 2082    56755    2.04614    2.04668    0.000538157 390      7773     
 9146.17 2084    56807    2.04614    2.04667    0.000536319 387      7774     
 9168.15 2086    56861    2.04614    2.04667    0.000535829 385      7787     
 9186.35 2087    56900    2.04614    2.04667    0.000535201 386      7798     
 9194.95 2089    56950    2.04614    2.04667    0.000535162 386      7801     
 9202.54 2091    57000    2.04614    2.04667    0.00053438  386      7804     
 9223.52 2093    57050    2.04614    2.04667    0.000534081 387      7815     
 9230.38 2095    57103    2.04614    2.04667    0.000534074 389      7820     
 9240.7  2097    57157    2.04614    2.04667    0.000534059 389      7826     
 9252.08 2099    57211    2.04614    2.04667    0.000533927 386      7831     
 9265.83 2101    57250    2.04614    2.04667    0.000533926 384      7836     
 9270.29 2102    57300    2.04614    2.04667    0.000533923 382      7838     
 9274.18 2104    57355    2.04614    2.04667    0.000533585 381      7840     
 9300.15 2106    57409    2.04614    2.04667    0.000532758 380      7863     
 9308    2108    57461    2.04614    2.04667    0.000532713 381      7866     
 9314.67 2110    57500    2.04614    2.04667    0.000532416 382      7868     
 9325.64 2111    57550    2.04614    2.04667    0.000532404 386      7872     
 9335.11 2113    57600    2.04614    2.04667    0.000532343 391      7877     
 9360.2  2115    57650    2.04614    2.04667    0.00053219  396      7891     
 9368.47 2117    57700    2.04614    2.04667    0.000532175 390      7894     
 9389.08 2119    57753    2.04614    2.04666    0.000525884 387      7907     
 9396.39 2121    57805    2.04614    2.04666    0.000525798 382      7911     
 9406.96 2123    57861    2.04614    2.04666    0.000525794 384      7917     
 9413.17 2124    57900    2.04614    2.04666    0.000525781 386      7921     
 9424.09 2126    57950    2.04614    2.04666    0.000525751 389      7925     
 9435.04 2128    58000    2.04614    2.04666    0.000525736 391      7929     
 9445.07 2130    58051    2.04614    2.04666    0.00052568  391      7933     
 9455.13 2132    58105    2.04614    2.04666    0.000525667 390      7938     
 9481.64 2134    58157    2.04614    2.04666    0.000525166 384      7949     
 9511.41 2136    58211    2.04614    2.04666    0.000525017 384      7964     
 9524.22 2137    58250    2.04614    2.04666    0.000525007 385      7971     
 9530.39 2139    58300    2.04614    2.04666    0.000524999 384      7973     
 9555.78 2141    58350    2.04614    2.04666    0.00052471  389      7984     
 9578.45 2143    58400    2.04614    2.04666    0.000523792 389      7997     
 9587.51 2144    58450    2.04614    2.04666    0.000523691 390      8003     
 9595.53 2146    58500    2.04614    2.04666    0.000522426 390      8007     
 9611.27 2148    58550    2.04614    2.04666    0.000522376 388      8014     
 9624.68 2149    58601    2.04614    2.04664    0.000507244 391      8022     
 9653.94 2150    58650    2.04614    2.04664    0.00050724  395      8036     
 9666.47 2152    58707    2.04614    2.04664    0.00050687  402      8041     
 9681.91 2154    58750    2.04614    2.04664    0.000506852 399      8046     
 9710.54 2155    58819    2.04614    2.04664    0.00050675  399      8062     
 9732.98 2156    58871    2.04614    2.04664    0.000506256 398      8077     
 9755.58 2157    58919    2.04614    2.04664    0.000506246 400      8090     
 9759.99 2158    58950    2.04614    2.04664    0.000506189 397      8091     
 9795.31 2159    59000    2.04614    2.04664    0.000505699 394      8106     
 9816.65 2161    59063    2.04614    2.04664    0.000505613 396      8115     
 9826.92 2162    59100    2.04614    2.04664    0.000505607 394      8119     
 9840.73 2164    59150    2.04614    2.04664    0.0005056   392      8124     
 9848.39 2166    59200    2.04614    2.04664    0.000505578 387      8127     
 9893.59 2168    59271    2.04614    2.04664    0.000505453 390      8149     
 9916.73 2169    59317    2.04614    2.04664    0.000505451 392      8160     
 9924.03 2170    59350    2.04614    2.04664    0.000505447 391      8163     
 9936    2172    59400    2.04614    2.04664    0.000505436 391      8168     
 9945.82 2174    59451    2.04614    2.04664    0.00050543  391      8172     
 9966.87 2175    59500    2.04614    2.04664    0.000505379 387      8182     
 9995.25 2176    59550    2.04614    2.04664    0.000505366 388      8199     
 10020.2 2178    59617    2.04614    2.04664    0.000504678 391      8211     
 10039.3 2179    59650    2.04614    2.04664    0.000504437 385      8222     
 10060.1 2181    59701    2.04614    2.04664    0.000502279 384      8234     
Writing policy file: ./28c99c41e4_2182_10080.2.policy
Intermediate policy written(interval: 2000)
 10080.2 2182    59750    2.04614    2.04664    0.000502221 388      8244     
-------------------------------------------------------------------------------

SARSOP finishing ...
  Preset timeout reached
  Timeout     : 10000.000000s
  Actual Time : 10080.160000s

-------------------------------------------------------------------------------
 Time   |#Trial |#Backup |LBound    |UBound    |Precision  |#Alphas |#Beliefs  
-------------------------------------------------------------------------------
 10080.2 2182    59750    2.04614    2.04664    0.000502221 388      8244     
-------------------------------------------------------------------------------

Writing out policy ...
  output file : ./28c99c41e4.policyx

