
Loading the model ...
  input file   : /home/rstudio/pomdp-solutions-library/28e60fca97e.pomdpx
  loading time : 0.72s 

SARSOP initializing ...
  initialization time : 70.92s

-------------------------------------------------------------------------------
 Time   |#Trial |#Backup |LBound    |UBound    |Precision  |#Alphas |#Beliefs  
-------------------------------------------------------------------------------
 70.92   0       0        0.522593   0.837389   0.314797    50       1        
 76.29   1       50       0.540185   0.75356    0.213375    31       9        
 85.15   3       111      0.558136   0.749506   0.191371    16       16       
 94.99   5       165      0.612591   0.748706   0.136115    11       28       
 110.68  6       203      0.626593   0.748233   0.121639    11       32       
 125.19  7       250      0.632162   0.748074   0.115911    15       35       
 178.62  9       311      0.635413   0.74659    0.111177    17       44       
 191.5   10      350      0.639683   0.746387   0.106704    15       46       
 250.05  12      417      0.647532   0.745504   0.0979722   13       52       
 257.17  13      450      0.656396   0.74544    0.0890444   12       58       
 375.62  15      509      0.670256   0.745205   0.0749485   12       65       
 445.08  16      550      0.676176   0.744934   0.0687585   13       69       
 560.88  18      615      0.68147    0.744691   0.0632218   12       77       
 613.77  19      651      0.683295   0.744625   0.0613307   17       81       
 632.55  20      700      0.685126   0.74459    0.0594645   15       83       
 717.75  22      757      0.686873   0.744111   0.057239    18       88       
 850.29  23      800      0.688466   0.743981   0.055515    15       96       
 940.59  25      861      0.689304   0.743927   0.0546232   17       100      
 1025.15 26      900      0.68947    0.743911   0.0544408   19       103      
 1200.21 27      950      0.689899   0.743776   0.0538772   18       111      
 1251.3  29      1005     0.692762   0.743734   0.0509723   15       113      
 1371.48 30      1050     0.692963   0.743717   0.0507547   17       117      
 1528.16 32      1111     0.693143   0.743586   0.0504427   19       122      
 1662.32 33      1150     0.693732   0.743319   0.0495868   19       126      
 1906.77 35      1200     0.69386    0.743279   0.049419    21       134      
 2026.2  36      1253     0.695317   0.743182   0.047865    19       137      
 2039.83 37      1300     0.696393   0.742769   0.0463757   19       139      
Writing policy file: ./28e60fca97e_39_2239.75.policy
Intermediate policy written(interval: 2000)
 2239.75 39      1361     0.696956   0.74272    0.0457647   21       145      
 2421.61 40      1400     0.697812   0.742653   0.0448408   19       149      
 2707.28 42      1467     0.698879   0.742535   0.0436565   21       156      
 2882.18 43      1503     0.699064   0.742458   0.0433931   22       160      
 3211.19 44      1550     0.699119   0.742389   0.0432691   23       168      
 3525.14 46      1611     0.70003    0.742327   0.0422969   20       175      
 3664.48 47      1650     0.700306   0.742224   0.0419179   22       178      
 4016.15 48      1700     0.700876   0.74221    0.0413337   20       185      
 4183.45 50      1755     0.701566   0.742166   0.0405999   20       188      
Writing policy file: ./28e60fca97e_51_4345.46.policy
Intermediate policy written(interval: 2000)
 4345.46 51      1800     0.701705   0.742114   0.0404092   19       191      
 4505.14 53      1863     0.701853   0.742105   0.0402527   24       194      
 4670.78 54      1901     0.702258   0.742098   0.0398402   23       197      
 5052.87 55      1950     0.702379   0.742096   0.0397169   24       204      
 5393.87 57      2009     0.702609   0.742066   0.0394569   24       210      
 5420.11 58      2050     0.70345    0.741858   0.0384074   23       212      
 5720.97 60      2115     0.704549   0.741798   0.0372483   21       217      
 5902.49 61      2151     0.704779   0.741778   0.0369987   22       220      
 6321.85 62      2200     0.705049   0.741725   0.0366758   25       227      
Writing policy file: ./28e60fca97e_64_6641.74.policy
Intermediate policy written(interval: 2000)
 6641.74 64      2257     0.705341   0.74166    0.0363191   26       232      
 6872.33 65      2300     0.705475   0.741639   0.036164    26       236      
 7237.36 67      2365     0.70583    0.741608   0.035778    26       241      
 7475    68      2401     0.705919   0.741589   0.0356704   27       244      
 7966.04 69      2450     0.706052   0.741578   0.0355266   27       250      
 8494.01 71      2509     0.706242   0.74144    0.0351979   28       256      
 8611.11 72      2550     0.706589   0.741381   0.0347923   25       258      
Writing policy file: ./28e60fca97e_74_9153.34.policy
Intermediate policy written(interval: 2000)
 9153.34 74      2617     0.70681    0.741353   0.0345427   23       264      
 9613.68 75      2653     0.707098   0.741345   0.0342469   26       269      
 10192.4 76      2700     0.707203   0.741286   0.0340834   26       275      
 10576.9 78      2757     0.707284   0.741245   0.0339605   26       280      
 10772.4 79      2800     0.707387   0.741226   0.0338383   24       283      
Writing policy file: ./28e60fca97e_81_11402.3.policy
Intermediate policy written(interval: 2000)
 11402.3 81      2865     0.707534   0.741152   0.0336181   27       294      
-------------------------------------------------------------------------------

SARSOP finishing ...
  Preset timeout reached
  Timeout     : 10000.000000s
  Actual Time : 11402.340000s

-------------------------------------------------------------------------------
 Time   |#Trial |#Backup |LBound    |UBound    |Precision  |#Alphas |#Beliefs  
-------------------------------------------------------------------------------
 11402.3 81      2865     0.707534   0.741152   0.0336181   27       294      
-------------------------------------------------------------------------------

Writing out policy ...
  output file : ./28e60fca97e.policyx

