
Loading the model ...
  input file   : /home/rstudio/pomdp-solutions-library/28f125d74c0.pomdpx
  loading time : 0.67s 

SARSOP initializing ...
  initialization time : 33.08s

-------------------------------------------------------------------------------
 Time   |#Trial |#Backup |LBound    |UBound    |Precision  |#Alphas |#Beliefs  
-------------------------------------------------------------------------------
 33.08   0       0        1.21043    2.16366    0.95323     50       1        
 41.94   2       50       1.54213    1.9945     0.452368    93       31       
 67.45   4       100      1.64333    1.9907     0.34737     34       54       
 115.72  6       150      1.67839    1.98523    0.306842    28       76       
 186.59  8       200      1.69571    1.98328    0.287567    26       93       
 302.46  10      253      1.70961    1.98201    0.2724      19       113      
 459.77  12      309      1.71955    1.98101    0.261458    17       136      
 588.61  14      361      1.72542    1.98036    0.254941    21       158      
 758.86  15      400      1.7281     1.98023    0.252125    28       182      
 932.45  17      450      1.73451    1.97798    0.243466    26       203      
 1109.43 19      500      1.73875    1.97685    0.238101    23       220      
 1396.68 21      557      1.74272    1.97444    0.231725    26       244      
 1738.62 23      613      1.74462    1.97442    0.229803    29       266      
 1916.83 24      650      1.74605    1.97398    0.227934    24       277      
Writing policy file: ./28f125d74c0_26_2106.01.policy
Intermediate policy written(interval: 2000)
 2106.01 26      700      1.74682    1.97398    0.227157    27       288      
 2302.78 28      753      1.74833    1.97393    0.225598    28       300      
 2600.12 30      805      1.74875    1.97393    0.225175    29       315      
 2780.45 32      857      1.74889    1.97383    0.224935    39       324      
 3140.08 34      909      1.74899    1.97382    0.224838    37       341      
 3588.66 36      950      1.74904    1.97378    0.224743    48       361      
 4045.18 37      1000     1.75031    1.97249    0.222184    41       380      
Writing policy file: ./28f125d74c0_39_4610.38.policy
Intermediate policy written(interval: 2000)
 4610.38 39      1050     1.75108    1.9718     0.220718    54       402      
 5066.23 41      1100     1.75142    1.97178    0.220366    42       419      
 5556.58 43      1150     1.75182    1.97177    0.219951    47       438      
 6051.9  45      1200     1.75209    1.97173    0.219637    50       456      
Writing policy file: ./28f125d74c0_47_6619.46.policy
Intermediate policy written(interval: 2000)
 6619.46 47      1257     1.75264    1.97151    0.218865    47       476      
 7223.74 49      1300     1.75274    1.97147    0.218731    47       498      
 7526.94 50      1350     1.76066    1.97027    0.209608    44       509      
 8024.31 52      1403     1.76112    1.97026    0.209139    43       526      
Writing policy file: ./28f125d74c0_54_8693.54.policy
Intermediate policy written(interval: 2000)
 8693.54 54      1461     1.76162    1.96903    0.207407    56       547      
 9290.16 55      1500     1.76195    1.96902    0.207068    47       565      
 9763.38 57      1550     1.76219    1.969      0.206813    43       577      
 10549.5 59      1605     1.76255    1.96883    0.206282    49       597      
Writing policy file: ./28f125d74c0_60_10938.8.policy
Intermediate policy written(interval: 2000)
 10938.8 60      1650     1.76294    1.96869    0.205747    47       611      
-------------------------------------------------------------------------------

SARSOP finishing ...
  Preset timeout reached
  Timeout     : 10000.000000s
  Actual Time : 10938.830000s

-------------------------------------------------------------------------------
 Time   |#Trial |#Backup |LBound    |UBound    |Precision  |#Alphas |#Beliefs  
-------------------------------------------------------------------------------
 10938.8 60      1650     1.76294    1.96869    0.205747    47       611      
-------------------------------------------------------------------------------

Writing out policy ...
  output file : ./28f125d74c0.policyx

