
Loading the model ...
  input file   : /home/rstudio/pomdp-solutions-library/28f60fca97e.pomdpx
  loading time : 0.65s 

SARSOP initializing ...
  initialization time : 74.34s

-------------------------------------------------------------------------------
 Time   |#Trial |#Backup |LBound    |UBound    |Precision  |#Alphas |#Beliefs  
-------------------------------------------------------------------------------
 74.34   0       0        0.54512    1.15641    0.611295    50       1        
 83.19   1       50       0.583072   1.01986    0.436783    33       13       
 96.98   3       107      0.627195   1.01558    0.388382    7        22       
 107.24  4       150      0.647856   1.01497    0.367118    7        25       
 130.21  6       209      0.696103   1.01441    0.318311    7        30       
 140.66  7       250      0.719306   1.01441    0.295106    5        32       
 180.2   9       307      0.734488   1.01052    0.27603     8        36       
 231.67  10      350      0.736362   1.00954    0.273177    11       43       
 254.45  12      407      0.769019   1.00904    0.24002     7        46       
 263.26  13      450      0.774067   1.00847    0.234407    10       47       
 333.85  15      507      0.792084   1.00795    0.215864    10       54       
 368.98  16      550      0.795034   1.00762    0.21259     10       56       
 428.59  18      603      0.796737   1.00622    0.209481    15       59       
 486.41  19      650      0.799011   1.00524    0.206228    15       62       
 580.58  21      701      0.799892   1.00423    0.204341    15       66       
 695.62  23      750      0.809084   1.00423    0.195149    12       71       
 745.91  24      800      0.820394   1.00387    0.183478    10       73       
 871.34  26      863      0.825221   1.00343    0.178211    9        78       
 924.77  27      900      0.835666   1.00316    0.167497    8        80       
 1012.31 29      961      0.84125    1.00302    0.161768    11       83       
 1098.91 30      1000     0.846981   1.00281    0.155833    12       86       
 1250.46 32      1063     0.851209   1.00249    0.151277    10       91       
 1313.61 33      1100     0.852028   1.00228    0.150252    11       93       
 1445.08 35      1159     0.857651   1.00213    0.144477    10       97       
 1482.53 36      1200     0.859158   1.00201    0.142853    12       98       
 1639.28 38      1257     0.860672   1.00177    0.141098    17       103      
 1884.23 39      1300     0.864777   1.00162    0.136844    16       110      
Writing policy file: ./28f60fca97e_41_2118.05.policy
Intermediate policy written(interval: 2000)
 2118.05 41      1359     0.871635   1.00126    0.129622    9        116      
 2313.44 42      1400     0.872662   1.00124    0.128578    12       121      
 2504.76 44      1457     0.87654    1.00101    0.124474    12       126      
 2761.37 45      1500     0.877677   1.00098    0.123306    15       132      
 2951.09 47      1557     0.881874   1.00079    0.118914    13       136      
 3050.69 48      1600     0.882346   1.00073    0.118379    14       138      
 3257.68 50      1653     0.88363    1.00012    0.116487    16       142      
 3400.2  51      1700     0.887958   1.00004    0.112081    12       145      
 3664.5  53      1753     0.890084   0.999867   0.109783    14       150      
 3836.31 54      1800     0.892349   0.999718   0.107369    13       153      
Writing policy file: ./28f60fca97e_56_4195.09.policy
Intermediate policy written(interval: 2000)
 4195.09 56      1855     0.893949   0.999291   0.105342    15       159      
 4538.42 57      1900     0.8965     0.999239   0.102739    14       165      
 4784.43 59      1957     0.898988   0.999175   0.100187    16       169      
 4915.68 60      2000     0.899405   0.999028   0.0996232   16       171      
 5120.12 62      2057     0.901716   0.998937   0.0972209   15       174      
 5317.6  63      2100     0.901799   0.998874   0.0970749   18       177      
 5603.63 65      2157     0.902807   0.998791   0.0959834   16       181      
 6076.02 66      2200     0.903943   0.998725   0.094782    17       188      
Writing policy file: ./28f60fca97e_68_6441.97.policy
Intermediate policy written(interval: 2000)
 6441.97 68      2261     0.90497    0.998546   0.0935767   18       193      
 6594.53 69      2300     0.905046   0.9985     0.0934546   18       195      
 6942.7  71      2361     0.906618   0.998395   0.0917774   17       200      
 7103.38 72      2400     0.906863   0.99832    0.0914573   17       202      
 7719.6  74      2461     0.908481   0.998128   0.089647    17       210      
 8104.49 75      2500     0.909618   0.998108   0.0884897   18       215      
Writing policy file: ./28f60fca97e_77_8491.34.policy
Intermediate policy written(interval: 2000)
 8491.34 77      2561     0.91042    0.997912   0.0874923   17       220      
 8655.09 78      2600     0.910699   0.99782    0.0871219   18       222      
 9047.77 80      2659     0.912849   0.997706   0.0848569   15       227      
 9196.68 81      2700     0.913791   0.997657   0.0838665   16       229      
 9671.12 83      2757     0.915251   0.997599   0.0823482   18       235      
 10122   84      2800     0.91577    0.997564   0.0817944   18       242      
 10441.7 86      2861     0.916813   0.997237   0.0804245   17       248      
Writing policy file: ./28f60fca97e_87_10542.3.policy
Intermediate policy written(interval: 2000)
 10542.3 87      2900     0.91737    0.997164   0.0797948   15       250      
-------------------------------------------------------------------------------

SARSOP finishing ...
  Preset timeout reached
  Timeout     : 10000.000000s
  Actual Time : 10542.270000s

-------------------------------------------------------------------------------
 Time   |#Trial |#Backup |LBound    |UBound    |Precision  |#Alphas |#Beliefs  
-------------------------------------------------------------------------------
 10542.3 87      2900     0.91737    0.997164   0.0797948   15       250      
-------------------------------------------------------------------------------

Writing out policy ...
  output file : ./28f60fca97e.policyx

