
Loading the model ...
  input file   : /home/rstudio/pomdp-solutions-library/290446e47eb.pomdpx
  loading time : 0.59s 

SARSOP initializing ...
  initialization time : 33.14s

-------------------------------------------------------------------------------
 Time   |#Trial |#Backup |LBound    |UBound    |Precision  |#Alphas |#Beliefs  
-------------------------------------------------------------------------------
 33.14   0       0        0.600885   1.49358    0.892694    50       1        
 33.17   2       50       0.976546   1.42238    0.445835    16       14       
 33.19   5       100      1.14366    1.42225    0.278592    16       17       
 33.2    8       150      1.2295     1.42211    0.192612    15       20       
 33.22   10      203      1.27516    1.42192    0.146767    24       22       
 33.24   12      250      1.31732    1.42179    0.104462    29       23       
 33.27   15      307      1.34441    1.42148    0.0770604   38       27       
 33.3    17      350      1.3574     1.42126    0.0638596   52       30       
 33.34   20      403      1.3704     1.42107    0.050669    71       35       
 33.39   23      450      1.37987    1.42088    0.0410104   81       42       
 33.44   25      500      1.39098    1.42051    0.0295363   98       47       
 33.52   28      555      1.39642    1.4202     0.0237829   124      57       
 33.57   30      600      1.39961    1.42004    0.0204293   150      64       
 33.65   33      650      1.40257    1.41989    0.0173218   168      69       
 33.77   36      700      1.40534    1.41962    0.014281    202      78       
 33.87   40      750      1.40764    1.41947    0.0118291   240      85       
 34.01   43      800      1.41018    1.41932    0.00914144  276      93       
 34.15   45      850      1.41138    1.41914    0.00775943  301      100      
 34.27   49      900      1.41233    1.4189     0.00657313  337      105      
 34.45   52      951      1.41343    1.41874    0.00530711  328      112      
 34.63   55      1001     1.41405    1.41866    0.00460631  360      121      
 34.85   58      1050     1.41475    1.4186     0.00385677  401      129      
 35      61      1100     1.41513    1.41847    0.00334954  408      133      
 35.25   64      1150     1.41549    1.4184     0.00290904  452      142      
 35.49   67      1200     1.41574    1.41836    0.0026213   492      151      
 35.77   70      1250     1.4159     1.41829    0.00238387  534      162      
 36.16   73      1300     1.41611    1.41824    0.00213131  576      176      
 36.5    76      1350     1.41629    1.4182     0.00191225  612      186      
 36.9    80      1407     1.41647    1.41815    0.00168174  658      197      
 37.31   83      1450     1.41656    1.41814    0.00157253  701      210      
 37.71   85      1500     1.41666    1.41809    0.00142727  702      220      
 38.1    88      1550     1.41675    1.41807    0.00131894  737      230      
 38.64   91      1600     1.41684    1.41804    0.0012049   202      238      
 38.86   94      1650     1.4169     1.41802    0.00111826  239      247      
 39.21   97      1700     1.41696    1.41799    0.00103802  282      265      
 39.54   100     1753     1.41701    1.41798    0.000968128 323      279      
 39.99   103     1809     1.41706    1.41796    0.000908545 179      294      
 40.24   105     1851     1.41707    1.41795    0.000881003 134      306      
 40.52   108     1909     1.4171     1.41794    0.000837971 134      318      
 40.73   110     1950     1.41713    1.41793    0.000802094 125      327      
 41.18   113     2001     1.41716    1.41792    0.000759954 123      347      
 41.6    116     2059     1.41719    1.41791    0.000720798 99       363      
 42.05   118     2100     1.4172     1.4179     0.000699699 83       382      
 42.36   121     2159     1.41723    1.41789    0.00065973  78       393      
 42.7    123     2200     1.41724    1.41787    0.000638667 70       402      
 43.02   126     2257     1.41725    1.41786    0.000612752 62       413      
 43.4    128     2300     1.41726    1.41786    0.000601183 66       425      
 43.83   131     2355     1.41727    1.41785    0.000575504 62       437      
 44.2    133     2400     1.41728    1.41784    0.000557209 61       449      
 44.69   136     2455     1.41729    1.41782    0.000537206 63       462      
 45.36   139     2500     1.41729    1.41782    0.000525703 60       480      
 45.8    141     2550     1.41731    1.41781    0.000502388 61       490      
 46.23   144     2609     1.41732    1.4178     0.000485101 59       500      
 46.57   146     2651     1.41733    1.4178     0.000468815 54       507      
 47.03   148     2700     1.41734    1.4178     0.000458723 54       519      
 47.78   151     2753     1.41734    1.41779    0.0004508   55       534      
 48.6    153     2800     1.41734    1.41779    0.000444686 56       551      
 49.38   156     2857     1.41735    1.41778    0.000436623 57       566      
 49.88   158     2900     1.41735    1.41778    0.000426524 58       577      
 50.56   161     2953     1.41735    1.41777    0.000414287 54       590      
 51.43   163     3000     1.41736    1.41777    0.00040861  55       606      
 51.99   166     3053     1.41736    1.41776    0.000397857 56       617      
 52.56   168     3100     1.41737    1.41776    0.00039105  50       627      
 53.18   171     3153     1.41737    1.41775    0.000377761 51       638      
 53.91   173     3200     1.41738    1.41775    0.000366802 53       652      
 54.4    176     3253     1.41739    1.41774    0.00035669  54       660      
 55.49   178     3300     1.41739    1.41774    0.000352512 56       678      
 56.73   181     3359     1.41739    1.41774    0.000349346 56       697      
 57.26   183     3400     1.41739    1.41773    0.000341777 59       706      
 58.15   186     3459     1.41739    1.41773    0.000333771 56       721      
 58.62   188     3501     1.4174     1.41772    0.000325248 56       728      
 59.87   190     3550     1.4174     1.41772    0.000319771 63       752      
 60.86   193     3607     1.4174     1.41772    0.00031618  59       767      
 61.59   195     3650     1.4174     1.41772    0.000315186 60       777      
 62.41   198     3709     1.4174     1.41771    0.000306893 56       788      
 63.23   200     3750     1.4174     1.41771    0.000306024 57       799      
 64.26   203     3809     1.41741    1.41771    0.000299524 57       812      
 65.24   205     3851     1.41741    1.41771    0.000298618 56       826      
 66      207     3900     1.41741    1.4177     0.000294392 56       836      
 66.86   210     3953     1.41741    1.4177     0.000285368 62       849      
 67.78   212     4000     1.41741    1.4177     0.000282052 63       861      
 68.66   215     4057     1.41742    1.41769    0.000276457 60       873      
 69.51   217     4100     1.41742    1.41769    0.000271749 62       886      
 70.99   220     4157     1.41742    1.41769    0.000266797 61       904      
 72.17   222     4200     1.41742    1.41768    0.000264507 59       920      
 72.97   224     4250     1.41742    1.41768    0.000263894 58       930      
 74.11   227     4303     1.41742    1.41768    0.000260056 59       943      
 75.41   229     4350     1.41742    1.41768    0.000259346 57       958      
 76.86   232     4401     1.41742    1.41768    0.00025506  59       974      
 78.12   234     4450     1.41743    1.41768    0.000252047 59       987      
 78.54   237     4501     1.41743    1.41768    0.000250405 55       990      
 79.65   239     4550     1.41743    1.41767    0.000246832 57       1002     
 80.51   242     4601     1.41743    1.41767    0.000238365 58       1012     
 81.92   244     4650     1.41743    1.41767    0.000235529 56       1026     
 82.31   247     4703     1.41743    1.41766    0.000230144 58       1030     
 83.61   249     4750     1.41743    1.41766    0.000229721 58       1044     
 85.19   252     4805     1.41743    1.41766    0.000224959 60       1060     
 86.81   254     4850     1.41743    1.41766    0.000221022 60       1077     
 88.48   257     4905     1.41743    1.41765    0.000217072 61       1093     
 90.17   259     4950     1.41744    1.41765    0.00021335  62       1108     
 91.79   262     5007     1.41744    1.41765    0.000208308 60       1124     
 93.48   264     5050     1.41744    1.41764    0.000205922 61       1140     
 95.15   267     5109     1.41744    1.41764    0.000203651 63       1154     
 96.55   269     5150     1.41744    1.41764    0.000200596 61       1167     
 98.58   272     5200     1.41744    1.41764    0.000199043 60       1184     
 100.26  274     5255     1.41744    1.41764    0.000197373 63       1198     
 102.48  276     5301     1.41744    1.41764    0.00019582  65       1216     
 104.26  278     5350     1.41744    1.41764    0.00019392  63       1230     
 106.08  281     5407     1.41744    1.41763    0.000189707 64       1244     
 107.9   283     5450     1.41744    1.41763    0.000188331 66       1257     
 110.49  286     5509     1.41744    1.41763    0.000186661 63       1275     
 112.76  288     5553     1.41744    1.41763    0.000185193 62       1291     
 115.11  290     5600     1.41744    1.41763    0.000183611 61       1310     
 116.94  293     5655     1.41744    1.41763    0.000180821 60       1322     
 117.75  295     5700     1.41744    1.41763    0.000180347 59       1327     
 120.07  298     5757     1.41745    1.41762    0.000176682 62       1344     
 121.54  300     5800     1.41745    1.41762    0.000175264 61       1355     
 124.52  303     5850     1.41745    1.41762    0.000174178 62       1376     
 126.22  305     5901     1.41745    1.41762    0.000173003 63       1387     
 129.69  307     5950     1.41745    1.41762    0.000170209 64       1411     
 131.66  310     6001     1.41745    1.41762    0.000168461 65       1424     
 132.75  312     6050     1.41745    1.41761    0.000166575 65       1432     
 135.47  315     6105     1.41745    1.41761    0.000164842 70       1451     
 137.53  317     6150     1.41745    1.41761    0.000164544 71       1466     
 139.26  320     6207     1.41745    1.41761    0.000162304 70       1478     
 140.86  322     6250     1.41745    1.41761    0.000161191 67       1488     
 142.34  324     6300     1.41745    1.41761    0.000158531 68       1499     
 144.31  327     6351     1.41745    1.41761    0.000155402 64       1512     
 146.3   330     6409     1.41745    1.4176     0.00015199  63       1526     
 148.19  332     6453     1.41745    1.4176     0.000150085 64       1539     
 150.9   334     6500     1.41745    1.4176     0.000148141 67       1559     
 153.48  336     6550     1.41745    1.4176     0.000147764 64       1576     
 155.11  339     6605     1.41745    1.4176     0.000146734 64       1585     
 157.67  341     6650     1.41745    1.4176     0.000145827 66       1601     
 160.59  343     6700     1.41745    1.4176     0.000145715 65       1620     
 162.16  346     6753     1.41745    1.4176     0.00014516  67       1628     
 165.72  348     6800     1.41745    1.4176     0.000144239 67       1647     
 168.97  351     6857     1.41745    1.41759    0.000141776 67       1663     
 170.99  353     6900     1.41745    1.41759    0.000140353 65       1673     
 174.66  356     6959     1.41745    1.41759    0.000139477 66       1691     
 177.26  358     7000     1.41745    1.41759    0.000138629 64       1704     
 180.89  360     7050     1.41745    1.41759    0.000138094 66       1723     
 182.71  363     7101     1.41745    1.41759    0.000134713 68       1733     
 186.48  365     7150     1.41745    1.41759    0.000133693 69       1753     
 189.15  368     7207     1.41745    1.41759    0.000132611 66       1767     
 192.77  370     7250     1.41745    1.41758    0.000130556 67       1784     
 195.49  372     7300     1.41745    1.41758    0.000130342 66       1797     
 197.89  375     7355     1.41745    1.41758    0.000128828 66       1808     
 200.15  377     7400     1.41745    1.41758    0.000128286 66       1820     
 202.05  380     7459     1.41746    1.41758    0.000126918 64       1829     
 204.13  382     7500     1.41746    1.41758    0.000125268 64       1839     
 206.58  385     7557     1.41746    1.41758    0.000123865 64       1851     
 209.91  387     7600     1.41746    1.41758    0.000122983 65       1868     
 212.94  390     7659     1.41746    1.41758    0.000122257 66       1884     
 216.37  392     7701     1.41746    1.41758    0.000120218 65       1902     
 219.45  394     7750     1.41746    1.41758    0.000118863 67       1918     
 222.8   397     7807     1.41746    1.41757    0.000117206 66       1935     
 226.06  399     7851     1.41746    1.41757    0.000116248 68       1950     
 228.83  401     7900     1.41746    1.41757    0.000115371 69       1963     
 231.47  404     7951     1.41746    1.41757    0.00011455  68       1975     
 237.25  406     8000     1.41746    1.41757    0.000112978 67       2000     
 242.26  409     8057     1.41746    1.41757    0.000111173 66       2021     
 242.74  411     8100     1.41746    1.41757    0.000110846 67       2023     
 247.98  413     8150     1.41746    1.41757    0.000110673 68       2046     
 252.75  416     8205     1.41746    1.41757    0.000108549 68       2066     
 255     418     8250     1.41746    1.41757    0.000108453 67       2075     
 258.45  421     8309     1.41746    1.41757    0.000107545 68       2089     
 260.06  423     8351     1.41746    1.41756    0.000106906 69       2095     
 263.32  425     8400     1.41746    1.41756    0.000105549 68       2110     
 268.1   427     8450     1.41746    1.41756    0.000104979 68       2132     
 270.31  430     8507     1.41746    1.41756    0.00010383  68       2140     
 272.82  432     8550     1.41746    1.41756    0.000103206 69       2152     
 276.34  434     8600     1.41746    1.41756    0.000102411 67       2168     
 278.45  437     8655     1.41746    1.41756    0.000101387 68       2176     
 281.85  439     8700     1.41746    1.41756    0.000100694 69       2190     
 285.84  441     8750     1.41746    1.41756    0.000100357 69       2207     
 288.04  444     8803     1.41746    1.41756    9.81345e-05 70       2216     
 290.79  446     8850     1.41746    1.41756    9.70639e-05 69       2226     
 294.76  449     8907     1.41746    1.41756    9.69206e-05 69       2239     
 297.42  451     8950     1.41746    1.41756    9.61474e-05 69       2249     
 301.73  453     9000     1.41746    1.41756    9.61144e-05 72       2265     
 304.04  456     9057     1.41746    1.41756    9.59454e-05 72       2274     
 307.61  458     9100     1.41746    1.41755    9.51413e-05 68       2287     
 312.46  461     9159     1.41746    1.41755    9.37191e-05 66       2304     
 316.64  463     9200     1.41746    1.41755    9.32262e-05 63       2320     
 322.61  466     9250     1.41746    1.41755    9.24713e-05 63       2341     
 327.46  468     9303     1.41746    1.41755    9.19407e-05 64       2359     
 331.9   470     9350     1.41746    1.41755    9.1385e-05  63       2376     
 334.57  473     9405     1.41746    1.41755    9.08181e-05 62       2385     
 339.5   475     9450     1.41746    1.41755    9.0515e-05  63       2402     
 344.36  477     9500     1.41746    1.41755    9.00145e-05 63       2420     
 348.74  480     9555     1.41746    1.41755    8.91842e-05 64       2434     
 351.86  482     9600     1.41746    1.41755    8.90893e-05 65       2445     
 356.53  485     9659     1.41746    1.41755    8.87812e-05 67       2460     
 359.59  487     9701     1.41746    1.41755    8.87533e-05 66       2472     
 364.99  489     9750     1.41746    1.41755    8.8075e-05  66       2490     
 367.96  491     9800     1.41746    1.41755    8.76916e-05 69       2503     
 370.62  494     9850     1.41746    1.41755    8.71694e-05 69       2515     
 374.75  496     9900     1.41746    1.41755    8.57167e-05 68       2531     
 378.38  498     9950     1.41746    1.41755    8.52142e-05 69       2547     
 380.38  501     10003    1.41746    1.41755    8.50063e-05 69       2555     
 384.43  503     10050    1.41746    1.41755    8.45299e-05 67       2571     
 388.66  506     10107    1.41746    1.41755    8.38115e-05 67       2589     
 392.06  508     10150    1.41746    1.41754    8.34288e-05 66       2606     
 396.01  511     10205    1.41746    1.41754    8.2735e-05  67       2622     
 400.85  513     10250    1.41746    1.41754    8.22761e-05 66       2642     
 404.07  516     10305    1.41746    1.41754    8.14503e-05 67       2655     
 407.72  518     10350    1.41746    1.41754    8.07393e-05 67       2667     
 410.64  521     10403    1.41746    1.41754    8.04134e-05 71       2679     
 415.7   523     10450    1.41746    1.41754    7.96944e-05 72       2696     
 419.03  526     10500    1.41746    1.41754    7.9087e-05  73       2710     
 424.12  529     10555    1.41746    1.41754    7.8556e-05  73       2729     
 427.02  531     10600    1.41746    1.41754    7.81751e-05 75       2740     
 431.57  534     10653    1.41746    1.41754    7.72532e-05 75       2756     
 435.65  536     10700    1.41746    1.41754    7.68217e-05 73       2771     
 441.17  539     10750    1.41746    1.41754    7.61407e-05 75       2792     
 445.4   541     10801    1.41746    1.41754    7.55817e-05 75       2807     
 449.12  543     10850    1.41746    1.41754    7.53809e-05 74       2822     
 452.7   546     10903    1.41746    1.41754    7.4466e-05  75       2836     
 456.04  548     10950    1.41746    1.41754    7.35024e-05 74       2849     
 463.45  551     11007    1.41746    1.41754    7.27509e-05 77       2871     
 467.99  553     11050    1.41746    1.41753    7.22925e-05 76       2887     
 471.33  556     11109    1.41746    1.41753    7.17024e-05 75       2900     
 474.49  558     11150    1.41746    1.41753    7.16551e-05 74       2911     
 480.34  560     11200    1.41746    1.41753    7.14373e-05 73       2933     
 484.73  563     11253    1.41746    1.41753    7.05932e-05 73       2951     
 487.48  565     11300    1.41746    1.41753    7.05233e-05 74       2961     
 490.46  568     11355    1.41746    1.41753    6.99207e-05 71       2973     
 492.43  570     11400    1.41746    1.41753    6.97405e-05 71       2980     
 496.91  573     11457    1.41746    1.41753    6.94715e-05 68       2995     
 497.71  575     11500    1.41746    1.41753    6.82553e-05 72       2997     
 501     577     11550    1.41746    1.41753    6.81314e-05 72       3008     
 504.39  580     11600    1.41746    1.41753    6.7748e-05  73       3018     
 510.41  583     11659    1.41746    1.41753    6.72337e-05 74       3038     
 514.13  585     11701    1.41746    1.41753    6.69218e-05 74       3050     
 519.53  587     11750    1.41746    1.41753    6.66707e-05 71       3068     
 524.77  590     11803    1.41746    1.41753    6.60771e-05 74       3085     
 529.72  592     11850    1.41746    1.41753    6.546e-05   74       3100     
 535.4   595     11905    1.41746    1.41753    6.51139e-05 72       3118     
 540.24  597     11950    1.41746    1.41753    6.47925e-05 74       3135     
 544.89  600     12005    1.41746    1.41753    6.38194e-05 73       3150     
 549.69  602     12050    1.41746    1.41753    6.3537e-05  71       3166     
 553.35  604     12100    1.41746    1.41753    6.3317e-05  72       3179     
 557.09  607     12150    1.41746    1.41753    6.27025e-05 71       3192     
 560.39  609     12200    1.41746    1.41753    6.23658e-05 71       3202     
 565.64  612     12253    1.41746    1.41753    6.17175e-05 72       3217     
 572.39  614     12300    1.41746    1.41753    6.14644e-05 72       3237     
 578.38  617     12361    1.41746    1.41752    6.1321e-05  72       3254     
 585.11  619     12401    1.41746    1.41752    6.07388e-05 72       3271     
 589.34  621     12450    1.41746    1.41752    6.01791e-05 70       3282     
 592.56  624     12505    1.41746    1.41752    5.97971e-05 72       3291     
 598.33  626     12550    1.41746    1.41752    5.93024e-05 71       3309     
 603.17  628     12600    1.41746    1.41752    5.90937e-05 71       3324     
 608.45  631     12651    1.41746    1.41752    5.87065e-05 71       3338     
 613.76  633     12700    1.41746    1.41752    5.79186e-05 72       3354     
 619.46  636     12759    1.41746    1.41752    5.7411e-05  72       3370     
 623.78  638     12800    1.41746    1.41752    5.69244e-05 72       3381     
 632.54  640     12850    1.41746    1.41752    5.63459e-05 70       3405     
 635.78  643     12909    1.41746    1.41752    5.58267e-05 73       3413     
 641.64  645     12955    1.41746    1.41752    5.56816e-05 76       3430     
 645.69  647     13000    1.41746    1.41752    5.54046e-05 75       3440     
 652.53  650     13057    1.41746    1.41752    5.48674e-05 75       3457     
 656.01  652     13100    1.41746    1.41752    5.47513e-05 74       3466     
 660.83  654     13150    1.41746    1.41752    5.45085e-05 74       3483     
 665.24  657     13205    1.41746    1.41752    5.43058e-05 74       3498     
 671.11  659     13250    1.41746    1.41752    5.39343e-05 73       3514     
 679.12  661     13300    1.41746    1.41752    5.35444e-05 74       3536     
 683.41  664     13357    1.41746    1.41752    5.32366e-05 75       3548     
 688.17  666     13400    1.41746    1.41752    5.30374e-05 75       3563     
 694.49  669     13459    1.41746    1.41752    5.24407e-05 75       3582     
 697.86  671     13500    1.41746    1.41752    5.23734e-05 74       3591     
 703.87  673     13550    1.41746    1.41752    5.21349e-05 79       3608     
 713.63  676     13609    1.41746    1.41752    5.17007e-05 80       3629     
 719.16  678     13650    1.41746    1.41752    5.12313e-05 79       3647     
 724.91  680     13700    1.41746    1.41752    5.12034e-05 78       3663     
 730.86  683     13753    1.41746    1.41752    5.06251e-05 79       3680     
 736.52  685     13800    1.41746    1.41751    5.0341e-05  77       3698     
 742.26  687     13850    1.41746    1.41751    5.01475e-05 79       3713     
 747.41  690     13900    1.41746    1.41751    4.99599e-05 84       3728     
 750.62  692     13953    1.41746    1.41751    4.95803e-05 81       3737     
 755.34  694     14000    1.41746    1.41751    4.94481e-05 83       3751     
 760.86  696     14050    1.41746    1.41751    4.90386e-05 84       3767     
 768.68  698     14100    1.41746    1.41751    4.89973e-05 82       3787     
 773.61  701     14153    1.41746    1.41751    4.82804e-05 81       3799     
 778.48  703     14200    1.41746    1.41751    4.80981e-05 78       3814     
 784.96  706     14250    1.41746    1.41751    4.79053e-05 78       3834     
 788.96  708     14301    1.41746    1.41751    4.75118e-05 76       3846     
 795.6   710     14350    1.41746    1.41751    4.7286e-05  77       3866     
 801.12  713     14405    1.41746    1.41751    4.67868e-05 76       3882     
 806.46  715     14450    1.41746    1.41751    4.6572e-05  79       3895     
 811.76  718     14509    1.41746    1.41751    4.65418e-05 79       3910     
 814.55  720     14550    1.41746    1.41751    4.56267e-05 79       3919     
 820     722     14600    1.41746    1.41751    4.52224e-05 77       3935     
 826.11  725     14657    1.41746    1.41751    4.49762e-05 77       3950     
 831.06  727     14705    1.41746    1.41751    4.46808e-05 78       3964     
 838.24  729     14750    1.41746    1.41751    4.45751e-05 78       3979     
 847.38  731     14800    1.41746    1.41751    4.43753e-05 79       3999     
 854.17  734     14859    1.41746    1.41751    4.43623e-05 79       4017     
 859.2   736     14901    1.41746    1.41751    4.41931e-05 81       4031     
 863.63  738     14950    1.41746    1.41751    4.40345e-05 81       4044     
 872.14  741     15009    1.41746    1.41751    4.36133e-05 81       4066     
 877.03  743     15059    1.41746    1.41751    4.35502e-05 80       4078     
 882.91  745     15101    1.41746    1.41751    4.34057e-05 80       4092     
 887.95  747     15150    1.41746    1.41751    4.3393e-05  80       4104     
 895.27  750     15201    1.41746    1.41751    4.27756e-05 79       4119     
 904.45  752     15250    1.41746    1.41751    4.24854e-05 81       4140     
 910.06  755     15303    1.41746    1.41751    4.23609e-05 79       4152     
 916.87  757     15350    1.41747    1.41751    4.21931e-05 81       4168     
 922.71  760     15411    1.41747    1.41751    4.16613e-05 79       4183     
 927.05  762     15453    1.41747    1.41751    4.16393e-05 78       4193     
 933.88  764     15500    1.41747    1.41751    4.1365e-05  79       4210     
 942.82  767     15550    1.41747    1.41751    4.10365e-05 78       4231     
 947.93  769     15605    1.41747    1.41751    4.07399e-05 78       4242     
 955.21  771     15650    1.41747    1.41751    4.059e-05   77       4256     
 966.67  774     15700    1.41747    1.41751    4.04006e-05 78       4281     
 972.03  776     15755    1.41747    1.41751    3.99023e-05 77       4294     
 975.74  778     15800    1.41747    1.41751    3.989e-05   77       4303     
 983.77  780     15850    1.41747    1.41751    3.98624e-05 78       4321     
 990.82  783     15903    1.41747    1.4175     3.95255e-05 78       4338     
 996.48  784     15950    1.41747    1.4175     3.86694e-05 79       4352     
 1007.2  785     16000    1.41747    1.4175     3.86658e-05 79       4378     
 1013.06 786     16050    1.41747    1.4175     3.86564e-05 79       4391     
 1022.71 787     16100    1.41747    1.4175     3.86311e-05 79       4415     
 1030.13 788     16150    1.41747    1.4175     3.83159e-05 79       4434     
 1040.43 789     16200    1.41747    1.4175     3.83047e-05 79       4457     
 1051.31 790     16250    1.41747    1.4175     3.80873e-05 79       4480     
 1055.8  792     16300    1.41747    1.4175     3.78833e-05 78       4489     
 1065.38 793     16350    1.41747    1.4175     3.78441e-05 78       4510     
 1072.97 795     16421    1.41747    1.4175     3.77879e-05 80       4525     
 1077.74 796     16451    1.41747    1.4175     3.74719e-05 80       4537     
 1085.23 797     16500    1.41747    1.4175     3.74663e-05 80       4555     
 1096.83 798     16550    1.41747    1.4175     3.7456e-05  79       4582     
 1106.71 799     16600    1.41747    1.4175     3.72642e-05 79       4603     
 1114.99 801     16671    1.41747    1.4175     3.72522e-05 79       4618     
 1120.4  802     16709    1.41747    1.4175     3.72125e-05 78       4628     
 1127.44 803     16753    1.41747    1.4175     3.71987e-05 79       4642     
 1136.3  804     16801    1.41747    1.4175     3.71874e-05 80       4658     
 1153.34 805     16850    1.41747    1.4175     3.70232e-05 79       4687     
 1167.61 806     16900    1.41747    1.4175     3.70167e-05 78       4711     
 1176.63 808     16951    1.41747    1.4175     3.68381e-05 79       4726     
 1188.95 809     17000    1.41747    1.4175     3.67632e-05 80       4750     
 1201.61 811     17063    1.41747    1.4175     3.63892e-05 79       4770     
 1213.7  812     17113    1.41747    1.4175     3.63836e-05 78       4790     
 1222.33 813     17150    1.41747    1.4175     3.63761e-05 76       4803     
 1237.15 815     17221    1.41747    1.4175     3.61746e-05 78       4828     
 1244.43 816     17253    1.41747    1.4175     3.61697e-05 78       4840     
 1257.42 817     17303    1.41747    1.4175     3.60413e-05 79       4862     
 1271.68 818     17357    1.41747    1.4175     3.60326e-05 78       4886     
 1283.6  819     17407    1.41747    1.4175     3.59014e-05 78       4907     
 1294.06 820     17450    1.41747    1.4175     3.58992e-05 78       4925     
 1308.08 822     17511    1.41747    1.4175     3.57284e-05 78       4951     
 1314.81 823     17550    1.41747    1.4175     3.55694e-05 78       4963     
 1327.19 824     17600    1.41747    1.4175     3.552e-05   80       4982     
 1342.22 825     17650    1.41747    1.4175     3.53284e-05 80       5004     
 1356.27 826     17700    1.41747    1.4175     3.53214e-05 80       5028     
 1366.79 827     17750    1.41747    1.4175     3.51785e-05 84       5045     
 1374.37 829     17807    1.41747    1.4175     3.49642e-05 90       5057     
 1384.68 830     17850    1.41747    1.4175     3.49586e-05 89       5073     
 1402.32 832     17917    1.41747    1.4175     3.47911e-05 90       5099     
 1416    833     17973    1.41747    1.4175     3.47838e-05 89       5120     
 1421.71 834     18000    1.41747    1.4175     3.46429e-05 89       5129     
 1438.16 836     18065    1.41747    1.4175     3.46305e-05 89       5153     
 1452.72 837     18113    1.41747    1.4175     3.45259e-05 89       5175     
 1461.41 838     18153    1.41747    1.4175     3.44691e-05 88       5188     
 1477.18 839     18200    1.41747    1.4175     3.44569e-05 87       5214     
 1495.05 841     18273    1.41747    1.4175     3.41377e-05 87       5239     
 1505.83 842     18305    1.41747    1.4175     3.398e-05   87       5254     
 1518.56 843     18353    1.41747    1.4175     3.39769e-05 87       5272     
 1531.24 844     18401    1.41747    1.4175     3.3966e-05  86       5290     
 1547.3  845     18450    1.41747    1.4175     3.38679e-05 87       5315     
 1559.53 847     18505    1.41747    1.4175     3.35962e-05 87       5333     
 1577.09 849     18561    1.41747    1.4175     3.32227e-05 85       5357     
 1585.74 850     18600    1.41747    1.4175     3.3217e-05  86       5370     
 1600.59 851     18650    1.41747    1.4175     3.32083e-05 86       5393     
 1616.32 852     18700    1.41747    1.4175     3.31094e-05 86       5417     
 1631.42 853     18750    1.41747    1.4175     3.30291e-05 87       5439     
 1643.84 854     18800    1.41747    1.4175     3.30244e-05 86       5455     
 1655.76 856     18850    1.41747    1.4175     3.28767e-05 85       5471     
 1673.03 858     18915    1.41747    1.4175     3.28719e-05 85       5494     
 1683.3  859     18961    1.41747    1.4175     3.28641e-05 84       5510     
 1698.69 860     19000    1.41747    1.4175     3.27129e-05 85       5531     
 1713.43 861     19050    1.41747    1.4175     3.27039e-05 86       5551     
 1730.24 862     19100    1.41747    1.4175     3.27025e-05 85       5574     
 1744.87 864     19150    1.41747    1.4175     3.26964e-05 85       5595     
 1757.79 865     19211    1.41747    1.4175     3.24528e-05 85       5611     
 1777.59 866     19261    1.41747    1.4175     3.23226e-05 86       5634     
 1796.64 867     19313    1.41747    1.4175     3.23196e-05 86       5657     
 1808.19 868     19353    1.41747    1.4175     3.2312e-05  86       5672     
 1823.4  869     19400    1.41747    1.4175     3.21529e-05 86       5691     
 1847.24 871     19471    1.41747    1.4175     3.18793e-05 86       5719     
 1857.3  872     19511    1.41747    1.4175     3.18405e-05 84       5732     
 1865.41 873     19550    1.41747    1.4175     3.18323e-05 84       5742     
 1885.23 874     19600    1.41747    1.4175     3.18266e-05 83       5766     
 1899.11 875     19650    1.41747    1.4175     3.17372e-05 83       5783     
 1919.38 877     19721    1.41747    1.4175     3.16992e-05 83       5809     
 1927.72 878     19755    1.41747    1.4175     3.16918e-05 82       5818     
 1942.72 879     19800    1.41747    1.4175     3.16678e-05 81       5836     
 1959.05 880     19850    1.41747    1.4175     3.15823e-05 82       5858     
 1975.49 881     19900    1.41747    1.4175     3.13293e-05 81       5879     
 1995.89 882     19950    1.41747    1.4175     3.13114e-05 81       5904     
 2010.04 884     20009    1.41747    1.4175     3.10092e-05 81       5921     
 2027.81 885     20061    1.41747    1.4175     3.1005e-05  81       5942     
Writing policy file: ./290446e47eb_887_2042.23.policy
Intermediate policy written(interval: 2000)
 2042.23 887     20105    1.41747    1.4175     3.09077e-05 82       5960     
 2057.96 888     20155    1.41747    1.4175     3.09059e-05 82       5980     
 2075.63 890     20213    1.41747    1.4175     3.07763e-05 82       6002     
 2087.74 891     20250    1.41747    1.4175     3.06607e-05 83       6017     
 2106.15 893     20319    1.41747    1.4175     3.05446e-05 83       6038     
 2119.43 894     20353    1.41747    1.4175     3.04605e-05 84       6053     
 2137.03 895     20400    1.41747    1.4175     3.04488e-05 85       6075     
 2154.77 897     20471    1.41747    1.4175     3.03299e-05 85       6102     
 2166.98 898     20500    1.41747    1.4175     3.02179e-05 85       6119     
 2177.29 900     20550    1.41747    1.4175     3.00126e-05 86       6130     
 2198.81 901     20600    1.41747    1.4175     2.99909e-05 87       6155     
 2212.59 903     20661    1.41747    1.4175     2.98417e-05 86       6171     
 2228.96 905     20707    1.41747    1.4175     2.96437e-05 86       6191     
 2243.61 906     20750    1.41747    1.4175     2.96373e-05 86       6208     
 2264.67 907     20800    1.41747    1.4175     2.9625e-05  86       6232     
 2275.69 909     20850    1.41747    1.41749    2.92865e-05 86       6244     
 2293.01 910     20900    1.41747    1.41749    2.91989e-05 88       6267     
 2314.92 911     20950    1.41747    1.41749    2.91923e-05 88       6291     
 2333.44 913     21013    1.41747    1.41749    2.90488e-05 88       6310     
 2348.86 914     21051    1.41747    1.41749    2.90376e-05 87       6326     
 2372.59 915     21100    1.41747    1.41749    2.89051e-05 86       6351     
 2396.07 917     21165    1.41747    1.41749    2.87198e-05 90       6374     
 2409.32 918     21205    1.41747    1.41749    2.8706e-05  87       6388     
 2430.72 919     21250    1.41747    1.41749    2.85395e-05 88       6413     
 2451.09 921     21313    1.41747    1.41749    2.84502e-05 88       6434     
 2469.75 922     21363    1.41747    1.41749    2.84421e-05 91       6453     
 2484.21 923     21400    1.41747    1.41749    2.84399e-05 90       6467     
 2508.08 924     21450    1.41747    1.41749    2.8362e-05  88       6492     
 2530.98 925     21500    1.41747    1.41749    2.83533e-05 89       6519     
 2548.64 927     21563    1.41747    1.41749    2.82524e-05 88       6537     
 2561.14 928     21613    1.41747    1.41749    2.80317e-05 87       6551     
 2575.92 929     21657    1.41747    1.41749    2.80276e-05 89       6568     
 2591.73 930     21700    1.41747    1.41749    2.80268e-05 88       6586     
 2606.55 932     21753    1.41747    1.41749    2.80168e-05 89       6601     
 2626.39 933     21800    1.41747    1.41749    2.78144e-05 89       6624     
 2639.3  935     21851    1.41747    1.41749    2.77566e-05 89       6639     
 2658.56 936     21900    1.41747    1.41749    2.77511e-05 89       6663     
 2683.27 938     21961    1.41747    1.41749    2.76129e-05 90       6686     
 2706.73 939     22011    1.41747    1.41749    2.76038e-05 90       6705     
 2726.94 940     22053    1.41747    1.41749    2.74154e-05 90       6724     
 2743.44 941     22100    1.41747    1.41749    2.74078e-05 90       6739     
 2761.39 942     22150    1.41747    1.41749    2.74051e-05 95       6757     
 2790.32 944     22217    1.41747    1.41749    2.71786e-05 92       6782     
 2809.48 945     22259    1.41747    1.41749    2.71745e-05 94       6799     
 2831.5  946     22300    1.41747    1.41749    2.71669e-05 93       6819     
 2850.52 948     22355    1.41747    1.41749    2.69662e-05 92       6834     
 2877.15 949     22400    1.41747    1.41749    2.69642e-05 93       6858     
 2893.5  951     22450    1.41747    1.41749    2.68357e-05 94       6874     
 2921.08 952     22500    1.41747    1.41749    2.67435e-05 90       6899     
 2942.37 954     22565    1.41747    1.41749    2.66421e-05 90       6918     
 2952.95 955     22600    1.41747    1.41749    2.66359e-05 91       6928     
 2989.21 956     22650    1.41747    1.41749    2.65691e-05 91       6959     
 3012.31 957     22700    1.41747    1.41749    2.65621e-05 92       6980     
 3029.96 959     22771    1.41747    1.41749    2.64132e-05 92       6997     
 3050.32 960     22811    1.41747    1.41749    2.6225e-05  92       7015     
 3070.08 961     22850    1.41747    1.41749    2.61976e-05 92       7032     
 3090.1  963     22911    1.41747    1.41749    2.6e-05     92       7049     
 3110.35 964     22963    1.41747    1.41749    2.59955e-05 92       7068     
 3125.47 965     23011    1.41747    1.41749    2.59313e-05 90       7081     
 3140.8  966     23050    1.41747    1.41749    2.59295e-05 88       7095     
 3169.44 968     23111    1.41747    1.41749    2.58348e-05 86       7119     
 3185.8  969     23150    1.41747    1.41749    2.57245e-05 86       7133     
 3213.94 970     23200    1.41747    1.41749    2.57186e-05 85       7158     
 3234.31 971     23250    1.41747    1.41749    2.55596e-05 88       7178     
 3257.99 972     23300    1.41747    1.41749    2.54228e-05 84       7200     
 3281.39 974     23369    1.41747    1.41749    2.52778e-05 90       7220     
 3294.08 975     23403    1.41747    1.41749    2.52721e-05 89       7232     
 3316.98 976     23450    1.41747    1.41749    2.51683e-05 90       7251     
 3345.54 977     23500    1.41747    1.41749    2.51547e-05 87       7277     
 3365.49 979     23555    1.41747    1.41749    2.50069e-05 85       7293     
 3391.36 980     23600    1.41747    1.41749    2.49094e-05 84       7316     
 3425.32 982     23650    1.41747    1.41749    2.49064e-05 84       7344     
 3435.03 983     23700    1.41747    1.41749    2.48285e-05 85       7352     
 3463.28 984     23750    1.41747    1.41749    2.48228e-05 85       7378     
 3490.56 986     23809    1.41747    1.41749    2.46952e-05 84       7400     
 3514.07 987     23850    1.41747    1.41749    2.46919e-05 84       7419     
 3534.33 988     23900    1.41747    1.41749    2.46911e-05 84       7436     
 3559.95 990     23969    1.41747    1.41749    2.45791e-05 84       7458     
 3578.37 991     24013    1.41747    1.41749    2.45717e-05 86       7473     
 3607.23 992     24065    1.41747    1.41749    2.45234e-05 86       7497     
 3621.58 993     24100    1.41747    1.41749    2.45176e-05 84       7509     
 3644.97 994     24150    1.41747    1.41749    2.45085e-05 91       7530     
 3675.9  996     24213    1.41747    1.41749    2.43463e-05 92       7555     
 3692.26 997     24253    1.41747    1.41749    2.43198e-05 89       7569     
 3715.83 998     24300    1.41747    1.41749    2.42487e-05 86       7589     
 3744.91 999     24350    1.41747    1.41749    2.4245e-05  85       7617     
 3764.66 1001    24400    1.41747    1.41749    2.41285e-05 84       7634     
 3780.32 1002    24450    1.41747    1.41749    2.40576e-05 82       7647     
 3804.41 1003    24500    1.41747    1.41749    2.40442e-05 84       7668     
 3828.58 1004    24550    1.41747    1.41749    2.39106e-05 84       7687     
 3844.32 1006    24600    1.41747    1.41749    2.38131e-05 86       7699     
 3875.41 1007    24650    1.41747    1.41749    2.38009e-05 84       7726     
 3901.27 1009    24709    1.41747    1.41749    2.35171e-05 84       7744     
 3920.37 1010    24755    1.41747    1.41749    2.34908e-05 85       7760     
 3938.61 1011    24800    1.41747    1.41749    2.34485e-05 82       7775     
 3969.51 1012    24850    1.41747    1.41749    2.33959e-05 82       7799     
 4002.79 1013    24900    1.41747    1.41749    2.33188e-05 83       7827     
 4024.1  1015    24967    1.41747    1.41749    2.3307e-05  82       7843     
Writing policy file: ./290446e47eb_1016_4042.33.policy
Intermediate policy written(interval: 2000)
 4042.33 1016    25001    1.41747    1.41749    2.3213e-05  81       7857     
 4067.08 1017    25050    1.41747    1.41749    2.32077e-05 81       7876     
 4098.04 1019    25111    1.41747    1.41749    2.30983e-05 81       7900     
 4121.93 1020    25150    1.41747    1.41749    2.3086e-05  83       7920     
 4141.33 1022    25200    1.41747    1.41749    2.29766e-05 84       7937     
 4158.75 1024    25250    1.41747    1.41749    2.27048e-05 86       7950     
 4188.32 1026    25315    1.41747    1.41749    2.26362e-05 86       7973     
 4200.03 1027    25350    1.41747    1.41749    2.26281e-05 86       7981     
 4237.32 1028    25400    1.41747    1.41749    2.26258e-05 86       8008     
 4268.13 1029    25450    1.41747    1.41749    2.25746e-05 87       8029     
 4298.25 1030    25500    1.41747    1.41749    2.2568e-05  91       8052     
 4322.64 1032    25567    1.41747    1.41749    2.23974e-05 90       8070     
 4348.33 1033    25617    1.41747    1.41749    2.22942e-05 87       8094     
 4366.3  1034    25655    1.41747    1.41749    2.22888e-05 87       8110     
 4386.73 1036    25703    1.41747    1.41749    2.22211e-05 88       8128     
 4408.59 1038    25763    1.41747    1.41749    2.21472e-05 87       8149     
 4435.21 1039    25811    1.41747    1.41749    2.20411e-05 87       8172     
 4462.69 1040    25850    1.41747    1.41749    2.20376e-05 87       8193     
 4485.61 1042    25901    1.41747    1.41749    2.19173e-05 87       8210     
 4513.3  1044    25959    1.41747    1.41749    2.1807e-05  87       8232     
 4534.63 1046    26011    1.41747    1.41749    2.17163e-05 87       8250     
 4563.54 1047    26061    1.41747    1.41749    2.16546e-05 88       8273     
 4582.27 1048    26101    1.41747    1.41749    2.16518e-05 88       8289     
 4609.25 1050    26159    1.41747    1.41749    2.16453e-05 86       8310     
 4639.66 1051    26200    1.41747    1.41749    2.15909e-05 87       8334     
 4656.86 1053    26259    1.41747    1.41749    2.15033e-05 87       8349     
 4675.36 1054    26307    1.41747    1.41749    2.14775e-05 87       8365     
 4698.06 1055    26350    1.41747    1.41749    2.13831e-05 88       8382     
 4728.77 1057    26413    1.41747    1.41749    2.1304e-05  89       8408     
 4747.74 1058    26450    1.41747    1.41749    2.12993e-05 89       8423     
 4773.42 1059    26500    1.41747    1.41749    2.12237e-05 95       8442     
 4795.29 1061    26557    1.41747    1.41749    2.11826e-05 92       8458     
 4827.66 1062    26605    1.41747    1.41749    2.10788e-05 91       8480     
 4863.3  1063    26650    1.41747    1.41749    2.10297e-05 91       8508     
 4890.08 1065    26700    1.41747    1.41749    2.08518e-05 93       8530     
 4902.44 1066    26750    1.41747    1.41749    2.06931e-05 94       8541     
 4930.62 1067    26800    1.41747    1.41749    2.06868e-05 93       8566     
 4950.49 1069    26853    1.41747    1.41749    2.04757e-05 93       8582     
 4964.71 1070    26900    1.41747    1.41749    2.04507e-05 94       8593     
 4997.9  1071    26950    1.41747    1.41749    2.04468e-05 91       8615     
 5023.55 1072    27000    1.41747    1.41749    2.03917e-05 90       8635     
 5051.48 1073    27050    1.41747    1.41749    2.03855e-05 95       8658     
 5068.18 1075    27100    1.41747    1.41749    2.03281e-05 95       8670     
 5100.03 1077    27161    1.41747    1.41749    2.02777e-05 93       8694     
 5115.6  1078    27200    1.41747    1.41749    2.00178e-05 93       8705     
 5140.23 1079    27250    1.41747    1.41749    2.00138e-05 91       8724     
 5162.02 1080    27300    1.41747    1.41749    1.98605e-05 91       8743     
 5196.26 1082    27361    1.41747    1.41749    1.98043e-05 90       8766     
 5219.28 1083    27409    1.41747    1.41749    1.97998e-05 90       8783     
 5240.85 1084    27457    1.41747    1.41749    1.97659e-05 90       8798     
 5260.16 1085    27500    1.41747    1.41749    1.9688e-05  90       8815     
 5281.82 1087    27555    1.41747    1.41749    1.96325e-05 90       8833     
 5320.23 1089    27600    1.41747    1.41749    1.9628e-05  90       8860     
 5331.51 1090    27650    1.41747    1.41749    1.93746e-05 91       8869     
 5356.53 1091    27700    1.41747    1.41749    1.93502e-05 91       8886     
 5393.91 1093    27767    1.41747    1.41749    1.92799e-05 92       8911     
 5412.46 1094    27801    1.41747    1.41749    1.92774e-05 93       8924     
 5439.77 1095    27850    1.41747    1.41749    1.92718e-05 92       8945     
 5476.19 1097    27919    1.41747    1.41749    1.92281e-05 91       8970     
 5497.24 1098    27951    1.41747    1.41749    1.91524e-05 91       8984     
 5528.84 1099    28001    1.41747    1.41749    1.91145e-05 91       9008     
 5551.59 1100    28050    1.41747    1.41749    1.91115e-05 91       9024     
 5582.86 1101    28100    1.41747    1.41749    1.9105e-05  91       9046     
 5606.19 1103    28157    1.41747    1.41749    1.89162e-05 91       9062     
 5636.81 1104    28200    1.41747    1.41749    1.89134e-05 91       9084     
 5656.99 1105    28250    1.41747    1.41748    1.87745e-05 91       9099     
 5694.3  1106    28300    1.41747    1.41748    1.87734e-05 91       9124     
 5721.79 1108    28371    1.41747    1.41748    1.87659e-05 93       9142     
 5752.09 1109    28417    1.41747    1.41748    1.86981e-05 91       9162     
 5776.84 1110    28467    1.41747    1.41748    1.86689e-05 91       9178     
 5800.74 1111    28505    1.41747    1.41748    1.86658e-05 91       9193     
 5838.87 1113    28567    1.41747    1.41748    1.86176e-05 91       9219     
 5862.61 1114    28603    1.41747    1.41748    1.85782e-05 91       9235     
 5895.14 1115    28650    1.41747    1.41748    1.85184e-05 91       9261     
 5935.97 1116    28700    1.41747    1.41748    1.85164e-05 93       9288     
 5948.55 1118    28753    1.41747    1.41748    1.83732e-05 91       9296     
 5970.81 1119    28800    1.41747    1.41748    1.83516e-05 90       9311     
 6003.93 1120    28850    1.41747    1.41748    1.82157e-05 90       9333     
 6038.43 1121    28900    1.41747    1.41748    1.82114e-05 90       9357     
Writing policy file: ./290446e47eb_1123_6062.04.policy
Intermediate policy written(interval: 2000)
 6062.04 1123    28963    1.41747    1.41748    1.81335e-05 90       9371     
 6092.9  1124    29000    1.41747    1.41748    1.80504e-05 90       9391     
 6126.49 1125    29050    1.41747    1.41748    1.8048e-05  92       9413     
 6148.8  1127    29100    1.41747    1.41748    1.80022e-05 90       9433     
 6160.52 1128    29150    1.41747    1.41748    1.77457e-05 91       9446     
 6177.71 1129    29200    1.41747    1.41748    1.7742e-05  90       9464     
 6199.81 1131    29250    1.41747    1.41748    1.7737e-05  90       9486     
 6210.86 1132    29300    1.41747    1.41748    1.76492e-05 90       9499     
 6227.78 1133    29350    1.41747    1.41748    1.76018e-05 89       9519     
 6254.19 1134    29400    1.41747    1.41748    1.75997e-05 90       9548     
 6270.18 1136    29469    1.41747    1.41748    1.75402e-05 90       9565     
 6280.91 1137    29500    1.41747    1.41748    1.74948e-05 90       9577     
 6302.83 1139    29557    1.41747    1.41748    1.74175e-05 90       9600     
 6321.78 1141    29617    1.41747    1.41748    1.73605e-05 90       9622     
 6331.2  1142    29650    1.41747    1.41748    1.73574e-05 90       9630     
 6352.51 1143    29700    1.41747    1.41748    1.73194e-05 90       9656     
 6365.22 1145    29753    1.41747    1.41748    1.7277e-05  90       9670     
 6380.15 1146    29800    1.41747    1.41748    1.72468e-05 90       9688     
 6401.22 1147    29850    1.41747    1.41748    1.72105e-05 99       9707     
 6417.35 1149    29903    1.41747    1.41748    1.7158e-05  95       9729     
 6433.45 1150    29950    1.41747    1.41748    1.70569e-05 96       9750     
 6454.27 1151    30000    1.41747    1.41748    1.70564e-05 94       9773     
 6471.69 1152    30050    1.41747    1.41748    1.70547e-05 95       9794     
 6492.1  1153    30100    1.41747    1.41748    1.6999e-05  95       9816     
 6506.7  1155    30157    1.41747    1.41748    1.69179e-05 96       9831     
 6523.06 1156    30200    1.41747    1.41748    1.68441e-05 94       9850     
 6538.69 1158    30250    1.41747    1.41748    1.68391e-05 93       9863     
 6554.53 1159    30303    1.41747    1.41748    1.67853e-05 98       9888     
 6566.9  1160    30357    1.41747    1.41748    1.67615e-05 94       9907     
 6582.72 1161    30407    1.41747    1.41748    1.67552e-05 94       9929     
 6596.25 1162    30453    1.41747    1.41748    1.66942e-05 95       9950     
 6606.35 1163    30500    1.41747    1.41748    1.66871e-05 94       9966     
 6619.87 1165    30555    1.41747    1.41748    1.6586e-05  94       9988     
 6633.12 1166    30605    1.41747    1.41748    1.65843e-05 93       10009    
 6643.06 1167    30650    1.41747    1.41748    1.65813e-05 93       10025    
 6660.11 1168    30700    1.41747    1.41748    1.657e-05   94       10053    
 6675.62 1170    30765    1.41747    1.41748    1.64923e-05 95       10075    
 6691.97 1171    30817    1.41747    1.41748    1.64499e-05 95       10100    
 6697.95 1173    30859    1.41747    1.41748    1.637e-05   94       10112    
 6708.26 1174    30900    1.41747    1.41748    1.6367e-05  91       10131    
 6718.99 1176    30950    1.41747    1.41748    1.63162e-05 91       10151    
 6731.6  1177    31000    1.41747    1.41748    1.62979e-05 91       10174    
 6745.72 1178    31050    1.41747    1.41748    1.62937e-05 90       10200    
 6758.5  1180    31119    1.41747    1.41748    1.62199e-05 90       10220    
 6769.01 1181    31157    1.41747    1.41748    1.61897e-05 89       10237    
 6780.85 1183    31219    1.41747    1.41748    1.61439e-05 90       10260    
 6790.01 1184    31267    1.41747    1.41748    1.60596e-05 94       10278    
 6796.66 1185    31303    1.41747    1.41748    1.60555e-05 91       10291    
 6810.11 1187    31371    1.41747    1.41748    1.60226e-05 92       10317    
 6815.36 1188    31407    1.41747    1.41748    1.60184e-05 90       10328    
 6826.03 1189    31459    1.41747    1.41748    1.59918e-05 92       10350    
 6834.47 1190    31507    1.41747    1.41748    1.59886e-05 90       10368    
 6845.65 1191    31557    1.41747    1.41748    1.58779e-05 90       10391    
 6850.21 1193    31613    1.41747    1.41748    1.54243e-05 92       10399    
 6855.57 1194    31650    1.41747    1.41748    1.54211e-05 91       10409    
 6864.41 1196    31713    1.41747    1.41748    1.54158e-05 91       10428    
 6873.16 1197    31753    1.41747    1.41748    1.53689e-05 90       10446    
 6882.28 1198    31800    1.41747    1.41748    1.53652e-05 92       10465    
 6893.42 1199    31850    1.41747    1.41748    1.5336e-05  92       10489    
 6906.45 1201    31900    1.41747    1.41748    1.52846e-05 92       10516    
 6913.13 1201    31950    1.41747    1.41748    1.52671e-05 93       10537    
 6919.75 1202    32000    1.41747    1.41748    1.5265e-05  94       10556    
 6925.47 1203    32050    1.41747    1.41748    1.5182e-05  95       10571    
 6934.89 1205    32100    1.41747    1.41748    1.51754e-05 93       10591    
 6942.14 1206    32173    1.41747    1.41748    1.50567e-05 95       10614    
 6949.62 1207    32223    1.41747    1.41748    1.50335e-05 94       10637    
 6954.06 1208    32257    1.41747    1.41748    1.50326e-05 95       10648    
 6958.62 1209    32300    1.41747    1.41748    1.50322e-05 94       10660    
 6968.5  1211    32363    1.41747    1.41748    1.4994e-05  94       10685    
 6974.1  1212    32400    1.41747    1.41748    1.4992e-05  93       10701    
 6980.3  1214    32453    1.41747    1.41748    1.49518e-05 93       10715    
 6989.07 1215    32503    1.41747    1.41748    1.48904e-05 92       10736    
 6999.78 1217    32550    1.41747    1.41748    1.48897e-05 93       10761    
 7005.66 1218    32615    1.41747    1.41748    1.48345e-05 92       10777    
 7010.88 1219    32650    1.41747    1.41748    1.47985e-05 92       10791    
 7016.09 1221    32700    1.41747    1.41748    1.47607e-05 92       10804    
 7025.68 1222    32750    1.41747    1.41748    1.47004e-05 93       10831    
 7035.74 1224    32821    1.41747    1.41748    1.46418e-05 93       10855    
 7043.97 1225    32863    1.41747    1.41748    1.46086e-05 94       10873    
 7052.67 1226    32900    1.41747    1.41748    1.45697e-05 94       10892    
 7061.72 1228    32957    1.41747    1.41748    1.45452e-05 94       10911    
 7069.98 1229    33000    1.41747    1.41748    1.45427e-05 95       10932    
 7078.58 1231    33059    1.41747    1.41748    1.44955e-05 94       10950    
 7085.66 1233    33103    1.41747    1.41748    1.44217e-05 94       10967    
 7094.14 1234    33150    1.41747    1.41748    1.4419e-05  93       10990    
 7104.44 1236    33221    1.41747    1.41748    1.43843e-05 93       11015    
 7110.9  1237    33269    1.41747    1.41748    1.43806e-05 93       11032    
 7117.54 1238    33300    1.41747    1.41748    1.43403e-05 93       11049    
 7126.69 1240    33351    1.41747    1.41748    1.42973e-05 92       11063    
 7138.05 1242    33423    1.41747    1.41748    1.42582e-05 93       11091    
 7142.56 1243    33457    1.41747    1.41748    1.42551e-05 93       11101    
 7152.23 1245    33501    1.41747    1.41748    1.41721e-05 94       11120    
 7159.63 1246    33550    1.41747    1.41748    1.41487e-05 94       11138    
 7169.43 1247    33600    1.41747    1.41748    1.40461e-05 94       11161    
 7181    1248    33650    1.41747    1.41748    1.40408e-05 95       11187    
 7195.26 1249    33700    1.41747    1.41748    1.39967e-05 94       11214    
 7203.63 1251    33773    1.41747    1.41748    1.39074e-05 94       11233    
 7210.39 1252    33813    1.41747    1.41748    1.39055e-05 95       11250    
 7216.8  1253    33850    1.41747    1.41748    1.37952e-05 96       11264    
 7227.18 1255    33915    1.41747    1.41748    1.37897e-05 93       11287    
 7234.26 1256    33951    1.41747    1.41748    1.37479e-05 93       11303    
 7247.63 1257    34000    1.41747    1.41748    1.37476e-05 92       11325    
 7259.48 1259    34069    1.41747    1.41748    1.37079e-05 94       11348    
 7266.28 1260    34105    1.41747    1.41748    1.36384e-05 97       11363    
 7272.68 1261    34150    1.41747    1.41748    1.36347e-05 97       11377    
 7282.97 1262    34200    1.41747    1.41748    1.35828e-05 95       11399    
 7291.38 1264    34257    1.41747    1.41748    1.35406e-05 94       11416    
 7301.58 1265    34300    1.41747    1.41748    1.3538e-05  96       11437    
 7304.18 1267    34351    1.41747    1.41748    1.33862e-05 101      11441    
 7319.69 1268    34400    1.41747    1.41748    1.33842e-05 100      11466    
 7328.04 1270    34461    1.41747    1.41748    1.33801e-05 99       11483    
 7338.25 1271    34507    1.41747    1.41748    1.3333e-05  100      11504    
 7348.73 1272    34551    1.41747    1.41748    1.33324e-05 99       11522    
 7356.73 1273    34600    1.41747    1.41748    1.33288e-05 100      11539    
 7368.43 1274    34650    1.41747    1.41748    1.32829e-05 99       11561    
 7379.18 1275    34700    1.41747    1.41748    1.32291e-05 99       11584    
 7390.12 1277    34753    1.41747    1.41748    1.31637e-05 99       11606    
 7400.47 1278    34801    1.41747    1.41748    1.31632e-05 99       11626    
 7410.42 1279    34850    1.41747    1.41748    1.31612e-05 100      11646    
 7423.15 1280    34900    1.41747    1.41748    1.3067e-05  100      11667    
 7432.3  1281    34950    1.41747    1.41748    1.30641e-05 98       11685    
 7437.53 1283    35000    1.41747    1.41748    1.3018e-05  99       11695    
 7453.77 1284    35050    1.41747    1.41748    1.30148e-05 101      11725    
 7462.34 1285    35100    1.41747    1.41748    1.29831e-05 100      11742    
 7470.62 1287    35171    1.41747    1.41748    1.29679e-05 99       11757    
 7481.76 1288    35221    1.41747    1.41748    1.29652e-05 100      11778    
 7489.35 1289    35250    1.41747    1.41748    1.29163e-05 100      11788    
 7500.32 1290    35301    1.41747    1.41748    1.29148e-05 105      11809    
 7510.56 1291    35350    1.41747    1.41748    1.2912e-05  100      11830    
 7525.09 1293    35413    1.41747    1.41748    1.28357e-05 99       11853    
 7532.71 1294    35455    1.41747    1.41748    1.28087e-05 99       11867    
 7548.9  1295    35500    1.41747    1.41748    1.27721e-05 97       11893    
 7561.48 1296    35550    1.41747    1.41748    1.27193e-05 95       11915    
 7568.95 1298    35601    1.41747    1.41748    1.26631e-05 95       11928    
 7579.42 1299    35650    1.41747    1.41748    1.26615e-05 95       11948    
 7594.66 1300    35700    1.41747    1.41748    1.26593e-05 95       11977    
 7604.13 1302    35765    1.41747    1.41748    1.2546e-05  95       11993    
 7614.78 1303    35800    1.41747    1.41748    1.25454e-05 94       12009    
 7625.2  1304    35850    1.41747    1.41748    1.24745e-05 95       12028    
 7636.56 1305    35900    1.41747    1.41748    1.24713e-05 95       12051    
 7651.4  1307    35973    1.41747    1.41748    1.24267e-05 101      12078    
 7658.5  1308    36005    1.41747    1.41748    1.23853e-05 101      12091    
 7675.67 1309    36059    1.41747    1.41748    1.23834e-05 99       12112    
 7688.36 1310    36109    1.41747    1.41748    1.23405e-05 99       12135    
 7698.19 1311    36153    1.41747    1.41748    1.23371e-05 98       12151    
 7710.93 1312    36203    1.41747    1.41748    1.2258e-05  97       12174    
 7724.3  1313    36250    1.41747    1.41748    1.22574e-05 96       12196    
 7741.53 1314    36300    1.41747    1.41748    1.22544e-05 96       12218    
 7751.04 1316    36359    1.41747    1.41748    1.21999e-05 94       12234    
 7760.24 1318    36409    1.41747    1.41748    1.21987e-05 95       12250    
 7772.84 1319    36457    1.41747    1.41748    1.21036e-05 94       12271    
 7781.8  1321    36509    1.41747    1.41748    1.20841e-05 96       12287    
 7799.04 1322    36550    1.41747    1.41748    1.20537e-05 96       12310    
 7814.22 1323    36600    1.41747    1.41748    1.19546e-05 97       12332    
 7824.45 1325    36669    1.41747    1.41748    1.19488e-05 96       12349    
 7831.69 1326    36709    1.41747    1.41748    1.1911e-05  96       12362    
 7844.38 1327    36750    1.41747    1.41748    1.18661e-05 96       12384    
 7852.45 1329    36803    1.41747    1.41748    1.18215e-05 96       12394    
 7863.35 1330    36850    1.41747    1.41748    1.18196e-05 96       12412    
 7877.53 1331    36900    1.41747    1.41748    1.18188e-05 96       12435    
 7885.95 1333    36957    1.41747    1.41748    1.17899e-05 96       12450    
 7897.92 1335    37000    1.41747    1.41748    1.17008e-05 97       12471    
 7904.3  1336    37050    1.41747    1.41748    1.16973e-05 97       12480    
 7918.73 1337    37100    1.41747    1.41748    1.16631e-05 97       12502    
 7940.98 1338    37150    1.41747    1.41748    1.16288e-05 97       12528    
 7958    1339    37200    1.41747    1.41748    1.16262e-05 98       12552    
 7967.36 1341    37255    1.41747    1.41748    1.15555e-05 98       12564    
 7980.13 1342    37300    1.41747    1.41748    1.15523e-05 98       12581    
 8000.4  1344    37365    1.41747    1.41748    1.14913e-05 98       12606    
 8011.01 1345    37405    1.41747    1.41748    1.14326e-05 98       12623    
 8027.72 1346    37450    1.41747    1.41748    1.13989e-05 99       12649    
 8042.28 1348    37513    1.41747    1.41748    1.13697e-05 104      12667    
 8055.44 1349    37550    1.41747    1.41748    1.13682e-05 100      12680    
Writing policy file: ./290446e47eb_1351_8076.17.policy
Intermediate policy written(interval: 2000)
 8076.17 1351    37619    1.41747    1.41748    1.13366e-05 101      12701    
 8085.98 1352    37650    1.41747    1.41748    1.13132e-05 100      12717    
 8107.9  1353    37700    1.41747    1.41748    1.13123e-05 100      12742    
 8121.33 1355    37767    1.41747    1.41748    1.131e-05   99       12761    
 8129.17 1356    37800    1.41747    1.41748    1.13089e-05 99       12773    
 8136.23 1358    37850    1.41747    1.41748    1.12766e-05 98       12784    
 8147.42 1360    37901    1.41747    1.41748    1.12515e-05 98       12802    
 8158.74 1361    37953    1.41747    1.41748    1.12373e-05 100      12819    
 8173.76 1362    38000    1.41747    1.41748    1.12358e-05 102      12839    
 8190.12 1364    38065    1.41747    1.41748    1.11534e-05 99       12863    
 8200.49 1365    38100    1.41747    1.41748    1.11531e-05 101      12878    
 8213.71 1367    38167    1.41747    1.41748    1.11517e-05 103      12897    
 8223.25 1368    38200    1.41747    1.41748    1.11091e-05 103      12910    
 8244.16 1369    38250    1.41747    1.41748    1.11076e-05 99       12934    
 8253.09 1371    38313    1.41747    1.41748    1.10749e-05 99       12946    
 8264.12 1372    38350    1.41747    1.41748    1.10728e-05 100      12963    
 8282.69 1373    38400    1.41747    1.41748    1.10481e-05 100      12989    
 8289.46 1375    38450    1.41747    1.41748    1.09926e-05 100      12998    
 8307.68 1376    38500    1.41747    1.41748    1.09921e-05 101      13026    
 8320.34 1378    38550    1.41747    1.41748    1.09246e-05 101      13043    
 8331.12 1380    38600    1.41747    1.41748    1.08741e-05 101      13058    
 8344.9  1382    38659    1.41747    1.41748    1.08324e-05 99       13076    
 8364.81 1383    38700    1.41747    1.41748    1.07847e-05 99       13093    
 8391.37 1384    38750    1.41747    1.41748    1.07598e-05 99       13116    
 8415.53 1386    38815    1.41747    1.41748    1.07579e-05 99       13141    
 8425.57 1387    38850    1.41747    1.41748    1.06989e-05 101      13157    
 8440.35 1389    38913    1.41747    1.41748    1.06728e-05 100      13177    
 8452.96 1390    38955    1.41747    1.41748    1.06713e-05 99       13194    
 8473.87 1391    39000    1.41747    1.41748    1.06471e-05 99       13215    
 8492.54 1393    39065    1.41747    1.41748    1.06445e-05 101      13240    
 8507.12 1394    39100    1.41747    1.41748    1.06307e-05 100      13259    
 8518.11 1396    39150    1.41747    1.41748    1.05751e-05 99       13275    
 8536.74 1397    39200    1.41747    1.41748    1.05749e-05 99       13294    
 8556.55 1398    39250    1.41747    1.41748    1.05727e-05 98       13321    
 8568.94 1399    39300    1.41747    1.41748    1.05329e-05 98       13338    
 8581.13 1401    39357    1.41747    1.41748    1.05056e-05 98       13354    
 8604.38 1402    39405    1.41747    1.41748    1.04827e-05 102      13375    
 8618.26 1403    39450    1.41747    1.41748    1.0481e-05  100      13395    
 8630.33 1405    39503    1.41747    1.41748    1.04352e-05 100      13411    
 8652.71 1407    39557    1.41747    1.41748    1.0383e-05  100      13435    
 8667.69 1408    39601    1.41747    1.41748    1.03808e-05 103      13451    
 8678.55 1410    39650    1.41747    1.41748    1.03553e-05 102      13467    
 8699.65 1412    39703    1.41747    1.41748    1.03157e-05 99       13485    
 8716.4  1413    39750    1.41747    1.41748    1.02914e-05 97       13503    
 8734.83 1415    39805    1.41747    1.41748    1.0289e-05  96       13523    
 8750.95 1417    39853    1.41747    1.41748    1.0254e-05  95       13537    
 8769.93 1418    39900    1.41747    1.41748    1.02531e-05 95       13556    
 8797.07 1419    39950    1.41747    1.41748    1.0251e-05  95       13586    
 8817.14 1421    40017    1.41747    1.41748    1.01628e-05 94       13606    
 8824.86 1422    40050    1.41747    1.41748    1.01523e-05 96       13615    
 8845.15 1423    40100    1.41747    1.41748    1.01505e-05 95       13642    
 8859.34 1424    40150    1.41747    1.41748    1.01359e-05 96       13659    
 8876.8  1425    40200    1.41747    1.41748    1.01356e-05 95       13680    
 8901.15 1427    40271    1.41747    1.41748    1.00902e-05 95       13705    
 8910.96 1428    40303    1.41747    1.41748    1.00727e-05 96       13718    
 8922.84 1430    40357    1.41747    1.41748    1.00718e-05 96       13734    
 8937.87 1432    40409    1.41747    1.41748    1.00376e-05 98       13754    
 8949.58 1433    40453    1.41747    1.41748    1.0036e-05  97       13768    
 8966.9  1434    40501    1.41747    1.41748    9.96399e-06 97       13790    
 8984.38 1436    40567    1.41747    1.41748    9.95979e-06 96       13811    
 9001.55 1437    40600    1.41747    1.41748    9.93543e-06 96       13830    
 9014.77 1439    40655    1.41747    1.41748    9.90338e-06 96       13844    
 9031.43 1440    40703    1.41747    1.41748    9.89298e-06 94       13861    
 9048.83 1441    40750    1.41747    1.41748    9.89256e-06 95       13882    
 9061.37 1443    40800    1.41747    1.41748    9.8743e-06  95       13897    
 9089.88 1445    40850    1.41747    1.41748    9.87354e-06 96       13924    
 9097.4  1446    40900    1.41747    1.41748    9.83752e-06 95       13933    
 9111.53 1448    40950    1.41747    1.41748    9.80485e-06 95       13951    
 9129.52 1450    41009    1.41747    1.41748    9.80312e-06 96       13972    
 9148.01 1452    41059    1.41747    1.41748    9.76305e-06 96       13993    
 9159.27 1453    41100    1.41747    1.41748    9.75361e-06 96       14008    
 9177.81 1454    41150    1.41747    1.41748    9.75296e-06 96       14031    
 9208.22 1456    41223    1.41747    1.41748    9.71786e-06 101      14058    
 9220.02 1457    41251    1.41747    1.41748    9.71601e-06 101      14065    
 9242.31 1459    41317    1.41747    1.41748    9.65882e-06 100      14089    
 9254.98 1460    41350    1.41747    1.41748    9.65733e-06 98       14104    
 9274.77 1462    41400    1.41747    1.41748    9.53401e-06 100      14119    
 9292.5  1463    41450    1.41747    1.41748    9.53302e-06 99       14136    
 9303.95 1465    41500    1.41747    1.41748    9.51686e-06 99       14146    
 9329.84 1467    41571    1.41747    1.41748    9.51527e-06 97       14173    
 9336.83 1468    41600    1.41747    1.41748    9.44921e-06 98       14182    
 9364.34 1469    41650    1.41747    1.41748    9.42854e-06 97       14208    
 9389.67 1470    41700    1.41747    1.41748    9.40433e-06 97       14230    
 9408.92 1472    41750    1.41747    1.41748    9.36147e-06 97       14243    
 9433.8  1473    41800    1.41747    1.41748    9.3397e-06  97       14267    
 9459.98 1475    41857    1.41747    1.41748    9.32831e-06 99       14287    
 9484.92 1477    41903    1.41747    1.41748    9.30069e-06 98       14304    
 9506.87 1479    41955    1.41747    1.41748    9.25731e-06 99       14324    
 9526.61 1480    42000    1.41747    1.41748    9.2568e-06  98       14336    
 9558.43 1481    42050    1.41747    1.41748    9.25502e-06 98       14361    
 9580.37 1483    42115    1.41747    1.41748    9.21412e-06 98       14379    
 9594.48 1484    42161    1.41747    1.41748    9.21294e-06 98       14397    
 9610.68 1485    42200    1.41747    1.41748    9.17681e-06 98       14413    
 9630.69 1486    42250    1.41747    1.41748    9.16443e-06 99       14432    
 9650.28 1487    42300    1.41747    1.41748    9.08729e-06 99       14453    
 9664.41 1488    42350    1.41747    1.41748    9.08672e-06 98       14469    
 9702.2  1489    42400    1.41747    1.41748    9.08517e-06 97       14493    
 9724.56 1491    42457    1.41747    1.41748    9.07244e-06 97       14510    
 9751.06 1492    42500    1.41747    1.41748    9.07191e-06 97       14534    
 9768.96 1494    42550    1.41747    1.41748    9.04344e-06 97       14548    
 9790.47 1495    42600    1.41747    1.41748    9.00494e-06 98       14571    
 9810.36 1497    42657    1.41747    1.41748    8.98678e-06 98       14590    
 9838.64 1498    42700    1.41747    1.41748    8.97224e-06 98       14608    
 9865.2  1500    42755    1.41747    1.41748    8.94442e-06 98       14630    
 9879    1501    42800    1.41747    1.41748    8.91968e-06 101      14645    
 9901.61 1503    42859    1.41747    1.41748    8.8824e-06  100      14666    
 9926.18 1504    42907    1.41747    1.41748    8.88188e-06 100      14684    
 9949.62 1505    42950    1.41747    1.41748    8.8813e-06  100      14705    
 9969.11 1507    43017    1.41747    1.41748    8.85654e-06 99       14727    
 9986.13 1508    43050    1.41747    1.41748    8.83751e-06 99       14741    
 10014.8 1510    43117    1.41747    1.41748    8.81887e-06 99       14767    
 10030.6 1511    43167    1.41747    1.41748    8.81764e-06 99       14786    
 10040.9 1512    43200    1.41747    1.41748    8.75286e-06 101      14798    
 10073.1 1513    43250    1.41747    1.41748    8.75249e-06 100      14827    
Writing policy file: ./290446e47eb_1515_10086.1.policy
Intermediate policy written(interval: 2000)
 10086.1 1515    43301    1.41747    1.41748    8.7331e-06  101      14840    
-------------------------------------------------------------------------------

SARSOP finishing ...
  Preset timeout reached
  Timeout     : 10000.000000s
  Actual Time : 10086.130000s

-------------------------------------------------------------------------------
 Time   |#Trial |#Backup |LBound    |UBound    |Precision  |#Alphas |#Beliefs  
-------------------------------------------------------------------------------
 10086.1 1515    43301    1.41747    1.41748    8.7331e-06  101      14840    
-------------------------------------------------------------------------------

Writing out policy ...
  output file : ./290446e47eb.policyx

