
Loading the model ...
  input file   : /home/rstudio/pomdp-solutions-library/29360fca97e.pomdpx
  loading time : 0.51s 

SARSOP initializing ...
  initialization time : 16.08s

-------------------------------------------------------------------------------
 Time   |#Trial |#Backup |LBound    |UBound    |Precision  |#Alphas |#Beliefs  
-------------------------------------------------------------------------------
 16.08   0       0        0.506307   0.766812   0.260505    50       1        
 16.51   2       61       0.601742   0.697989   0.0962463   103      31       
 17.07   3       100      0.606113   0.697642   0.0915294   140      54       
 18.01   5       155      0.618819   0.695838   0.0770194   177      78       
 19.23   6       200      0.624428   0.69516    0.0707321   222      108      
 20.59   8       250      0.629414   0.693903   0.0644892   271      126      
 23.41   10      315      0.630347   0.693698   0.0633513   127      157      
 24.79   11      350      0.632325   0.693301   0.0609752   73       176      
 27.26   13      413      0.633092   0.692973   0.0598813   63       205      
 28.86   14      450      0.633733   0.692818   0.0590846   60       225      
 31.57   16      515      0.635272   0.692079   0.0568071   65       254      
 33.56   17      550      0.635678   0.692079   0.056401    57       272      
 36.66   19      600      0.636127   0.691977   0.0558499   57       303      
 38.44   20      651      0.636313   0.691918   0.0556044   72       320      
 42.58   21      700      0.637034   0.691613   0.0545786   79       352      
 45.16   23      753      0.637271   0.691537   0.054266    69       369      
 48.91   24      800      0.637806   0.69149    0.0536839   69       398      
 51.87   26      853      0.637982   0.691434   0.053452    75       417      
 56.59   27      900      0.638094   0.691422   0.0533284   88       447      
 59.32   29      951      0.638228   0.691355   0.0531267   81       463      
 65.01   31      1015     0.639443   0.690824   0.0513807   93       494      
 68.31   32      1050     0.639468   0.690809   0.0513404   102      511      
 75.77   34      1100     0.639724   0.69079    0.0510662   100      542      
 79.48   35      1151     0.639986   0.690725   0.0507395   87       558      
 85.92   36      1200     0.639988   0.69072    0.0507316   103      589      
 90.49   38      1253     0.64024    0.690633   0.0503928   126      606      
 97.6    39      1300     0.640248   0.69063    0.0503812   118      633      
 103.11  41      1355     0.640358   0.690612   0.0502546   113      652      
 110.64  42      1400     0.640384   0.690607   0.0502233   110      679      
 116.78  44      1455     0.640541   0.690561   0.0500193   104      699      
 124.83  45      1500     0.640598   0.69053    0.0499324   107      726      
 131.84  47      1555     0.640999   0.690425   0.0494256   129      747      
 140.18  48      1600     0.641013   0.690424   0.0494109   138      773      
 147.1   50      1657     0.641019   0.690396   0.0493773   129      794      
 156.17  51      1700     0.641028   0.690353   0.0493249   131      819      
 162.93  53      1757     0.641081   0.690346   0.0492652   120      839      
 172.13  54      1800     0.641083   0.690345   0.0492622   132      865      
 179.88  56      1855     0.641086   0.690339   0.0492533   145      884      
 190.86  57      1900     0.641108   0.690333   0.0492247   157      912      
 198.98  59      1951     0.641122   0.69031    0.0491879   170      929      
 213.95  61      2015     0.641738   0.690064   0.0483259   194      961      
 222.64  62      2050     0.641867   0.69004    0.0481735   198      979      
 235.57  64      2115     0.641962   0.690014   0.0480523   180      1007     
 242.38  65      2150     0.641989   0.690011   0.0480223   169      1024     
 255.4   67      2200     0.641992   0.69001    0.0480175   161      1054     
 264.37  68      2250     0.642022   0.689995   0.0479724   156      1070     
 279.01  70      2300     0.642023   0.689991   0.0479678   150      1101     
 286.91  71      2350     0.642036   0.689987   0.0479501   164      1115     
 301.36  73      2413     0.64207    0.689983   0.047913    154      1143     
 311.13  74      2450     0.642075   0.689982   0.0479072   160      1162     
 327.37  76      2509     0.642139   0.689897   0.0477576   180      1187     
 340.36  77      2550     0.64214    0.689883   0.0477431   203      1211     
 354.4   79      2605     0.642148   0.689863   0.0477146   227      1232     
 368.32  80      2650     0.642149   0.689806   0.0476578   236      1257     
 383.32  82      2705     0.642301   0.689665   0.0473637   229      1277     
 395.68  83      2750     0.642346   0.689631   0.047285    202      1299     
 408.4   85      2807     0.642367   0.689629   0.0472619   175      1319     
 423.47  86      2850     0.642373   0.689624   0.0472515   169      1344     
 436     88      2905     0.642388   0.689562   0.0471738   171      1363     
 450.91  89      2950     0.642391   0.689553   0.0471621   195      1388     
 461.54  91      3003     0.642403   0.689545   0.047142    207      1404     
 482.18  92      3050     0.642469   0.689403   0.0469348   181      1434     
 492.29  94      3101     0.64247    0.689367   0.0468971   177      1449     
 516.09  96      3150     0.64249    0.689365   0.0468751   197      1478     
 530.25  97      3201     0.642506   0.689359   0.0468526   204      1494     
 549.52  99      3265     0.642551   0.689333   0.0467818   213      1522     
 560.65  100     3300     0.642553   0.689327   0.046774    223      1538     
 583.32  102     3363     0.64256    0.689304   0.0467445   232      1566     
 597.22  103     3400     0.642569   0.689301   0.0467319   225      1585     
 618.59  105     3461     0.64257    0.689297   0.0467269   235      1612     
 637.54  106     3500     0.642571   0.689297   0.0467261   244      1631     
 658.09  108     3559     0.642679   0.689297   0.0466171   196      1654     
 678.41  109     3600     0.642698   0.689297   0.046599    167      1678     
 695.35  111     3657     0.642701   0.689292   0.0465909   185      1698     
 718.66  112     3700     0.642705   0.689292   0.0465866   197      1723     
 736.58  114     3753     0.642706   0.68929    0.0465846   214      1741     
 759.55  115     3800     0.642706   0.68929    0.0465846   237      1766     
 772.63  117     3850     0.642711   0.68929    0.0465796   249      1778     
 794.71  119     3900     0.642712   0.68929    0.0465783   258      1802     
 809.72  120     3951     0.64272    0.68929    0.0465702   251      1816     
 835.04  122     4000     0.642735   0.68929    0.0465547   273      1844     
 848.46  123     4050     0.642757   0.689264   0.0465069   288      1857     
 877.04  125     4115     0.64279    0.689253   0.046463    286      1884     
 888.81  126     4150     0.64279    0.689253   0.0464629   288      1896     
 911.67  128     4215     0.64279    0.689253   0.0464628   275      1921     
 924.65  129     4250     0.64279    0.689253   0.0464628   255      1933     
 947.26  131     4315     0.64279    0.689253   0.0464628   191      1957     
 957.23  132     4350     0.64279    0.689253   0.0464628   192      1967     
 982.69  134     4411     0.64279    0.689253   0.0464627   198      1990     
 996.4   135     4450     0.642791   0.689253   0.0464625   206      2003     
 1015.87 137     4507     0.642791   0.689253   0.0464619   223      2022     
 1039.03 138     4550     0.642792   0.689251   0.0464595   230      2043     
 1058.74 140     4603     0.642802   0.689246   0.0464444   234      2061     
 1087.36 141     4650     0.642802   0.689243   0.0464404   253      2089     
 1099.14 143     4700     0.642804   0.689242   0.0464384   252      2099     
 1121.62 145     4763     0.642804   0.689242   0.0464384   264      2119     
 1142.33 146     4800     0.642804   0.689242   0.0464376   259      2136     
 1174.27 148     4859     0.643024   0.689153   0.0461285   229      2160     
 1201.99 149     4900     0.643024   0.689153   0.0461281   222      2183     
 1228.28 151     4955     0.64303    0.689151   0.0461212   234      2203     
 1259.35 152     5000     0.643031   0.689151   0.04612     254      2229     
 1279.55 154     5051     0.643032   0.68915    0.0461178   270      2245     
 1313.5  156     5115     0.643051   0.689116   0.0460649   266      2273     
 1336.23 157     5150     0.643052   0.689115   0.0460627   266      2290     
 1376.99 159     5211     0.643053   0.689113   0.0460597   275      2317     
 1401.18 160     5250     0.643065   0.689112   0.0460472   260      2337     
 1434.87 162     5307     0.643065   0.689109   0.0460436   276      2359     
 1466.76 163     5350     0.643066   0.689108   0.0460426   280      2383     
 1496.88 165     5403     0.643081   0.689079   0.045998    275      2402     
 1537.11 166     5450     0.643081   0.689077   0.0459956   280      2430     
 1558.05 168     5500     0.643081   0.689074   0.0459923   272      2443     
 1599.52 170     5563     0.643081   0.689063   0.0459819   276      2471     
 1629.35 171     5600     0.643089   0.689062   0.0459731   291      2490     
 1678.42 173     5659     0.64371    0.688782   0.0450722   270      2516     
 1712.78 174     5700     0.64374    0.688777   0.0450366   245      2536     
 1747.53 176     5755     0.643754   0.68877    0.0450158   233      2555     
 1789.03 177     5800     0.643756   0.68877    0.0450139   244      2580     
 1810.31 179     5851     0.643757   0.68876    0.0450026   252      2595     
 1846.9  181     5915     0.643757   0.68876    0.0450026   268      2620     
 1871.1  182     5950     0.643759   0.68876    0.0450006   273      2635     
 1921.5  184     6011     0.643825   0.688756   0.044931    273      2662     
 1949.32 185     6050     0.643826   0.688738   0.0449121   256      2680     
 1987.77 187     6107     0.643847   0.688733   0.044886    258      2700     
Writing policy file: ./29360fca97e_188_2029.74.policy
Intermediate policy written(interval: 2000)
 2029.74 188     6150     0.643848   0.688732   0.0448845   279      2725     
 2063.34 190     6203     0.643849   0.688729   0.0448804   303      2743     
 2090.05 192     6250     0.646555   0.688656   0.0421007   286      2765     
 2134.03 194     6315     0.646556   0.688652   0.0420954   259      2792     
 2159.77 195     6351     0.646556   0.688651   0.0420947   264      2806     
 2198.17 196     6400     0.646557   0.688646   0.0420889   235      2834     
 2228.7  198     6455     0.646557   0.688642   0.0420852   224      2852     
 2266.63 199     6500     0.646558   0.688638   0.0420808   197      2875     
 2302.39 201     6559     0.646623   0.688636   0.0420134   197      2895     
 2332.37 202     6600     0.64664    0.688618   0.041978    194      2915     
 2382.04 204     6663     0.646641   0.688603   0.0419623   201      2941     
 2414.06 205     6700     0.646652   0.688602   0.0419505   205      2958     
 2466.11 206     6750     0.646654   0.6886     0.0419459   203      2988     
 2495.21 208     6803     0.646666   0.688593   0.0419267   196      3003     
 2545.88 209     6850     0.646666   0.688589   0.0419227   217      3029     
 2590.42 211     6909     0.64667    0.688587   0.0419174   210      3050     
 2621.59 212     6950     0.64667    0.688586   0.0419168   199      3067     
 2679.12 214     7013     0.646692   0.688585   0.0418932   188      3092     
 2707.06 215     7050     0.646692   0.688583   0.0418913   196      3108     
 2775.42 217     7100     0.646704   0.688582   0.0418773   195      3138     
 2816.65 218     7153     0.646733   0.688578   0.0418451   213      3155     
 2871.23 219     7200     0.646733   0.688576   0.0418427   230      3181     
 2905.25 221     7259     0.64674    0.688557   0.0418171   227      3201     
 2943.75 222     7300     0.64674    0.688549   0.0418083   236      3220     
 2998.28 224     7361     0.646804   0.688547   0.0417422   257      3246     
 3036.44 225     7400     0.646805   0.688543   0.0417386   250      3264     
 3097.54 227     7465     0.646807   0.688542   0.0417349   268      3292     
 3131.6  228     7500     0.646807   0.688541   0.0417337   274      3306     
 3195.99 229     7550     0.646807   0.688541   0.0417334   270      3337     
 3227.09 231     7605     0.646808   0.688538   0.0417303   272      3354     
 3272.31 232     7650     0.646821   0.688538   0.0417169   266      3377     
 3314.28 234     7707     0.646823   0.688538   0.041715    261      3396     
 3364.81 235     7750     0.646823   0.688538   0.0417148   268      3417     
 3410.07 237     7809     0.646823   0.688534   0.0417109   260      3436     
 3452.82 238     7850     0.646823   0.688534   0.0417109   260      3454     
 3517.55 240     7911     0.646823   0.688534   0.0417107   263      3477     
 3556.64 241     7950     0.646824   0.688534   0.0417095   273      3493     
 3615.02 243     8013     0.646825   0.688534   0.0417092   229      3516     
 3652.87 244     8050     0.646825   0.688534   0.0417086   210      3530     
 3731.81 246     8115     0.646847   0.688519   0.0416725   214      3558     
 3773.11 247     8150     0.646847   0.688519   0.0416722   222      3573     
 3853.4  249     8200     0.646848   0.688519   0.041671    232      3601     
 3885.68 250     8251     0.646848   0.688518   0.0416706   252      3616     
 3961.58 251     8300     0.646848   0.688518   0.0416703   275      3645     
 4008.2  253     8355     0.646849   0.688518   0.041669    291      3661     
Writing policy file: ./29360fca97e_254_4074.02.policy
Intermediate policy written(interval: 2000)
 4074.02 254     8400     0.646849   0.688517   0.0416688   296      3686     
 4132    256     8457     0.646849   0.688517   0.0416682   299      3707     
 4188.13 257     8500     0.646849   0.688517   0.0416682   287      3729     
 4255.53 259     8559     0.64685    0.688517   0.0416671   292      3750     
 4314.32 260     8600     0.646888   0.688517   0.0416287   271      3770     
 4384.8  262     8663     0.646889   0.688514   0.0416247   250      3794     
 4425.73 263     8700     0.646889   0.688514   0.0416244   243      3810     
 4502.51 265     8750     0.646889   0.688514   0.0416244   247      3838     
 4533.99 266     8801     0.64689    0.688513   0.0416238   264      3852     
 4590.7  267     8850     0.64689    0.688513   0.0416233   274      3882     
 4617.63 269     8903     0.647039   0.688495   0.0414559   241      3897     
 4664.28 270     8950     0.647039   0.688495   0.0414553   213      3923     
 4709.76 272     9005     0.64704    0.688492   0.0414511   239      3941     
 4755.37 273     9050     0.64704    0.688491   0.0414502   254      3965     
 4801.43 275     9107     0.64704    0.68849    0.0414495   274      3985     
 4846.89 276     9150     0.647042   0.688489   0.0414471   283      4007     
 4896.95 278     9209     0.647042   0.688489   0.0414464   276      4029     
 4936.16 279     9250     0.647042   0.688488   0.0414457   275      4050     
 4995.18 281     9311     0.647042   0.688487   0.0414447   304      4073     
 5035.7  282     9350     0.647042   0.688486   0.0414433   313      4092     
 5094.57 284     9413     0.647043   0.688481   0.0414383   332      4117     
 5122.25 285     9450     0.647043   0.688481   0.0414377   342      4133     
 5199.13 287     9515     0.647044   0.688477   0.0414327   363      4162     
 5229.61 288     9550     0.647045   0.688477   0.041432    362      4177     
 5288.79 290     9600     0.647045   0.688477   0.0414317   385      4205     
 5329.92 291     9651     0.647045   0.688476   0.0414306   388      4219     
 5398.75 292     9700     0.647045   0.688475   0.0414296   383      4246     
 5442.81 294     9753     0.647046   0.688474   0.0414286   378      4261     
 5503.64 295     9800     0.647046   0.688474   0.0414278   383      4286     
 5552.1  297     9855     0.647046   0.68847    0.0414243   399      4304     
 5637.44 298     9900     0.647046   0.688469   0.0414224   374      4329     
 5707.2  300     9957     0.647112   0.688467   0.041355    373      4349     
 5785.79 301     10000    0.647112   0.688463   0.0413507   353      4371     
 5858.52 303     10059    0.647112   0.688463   0.0413505   350      4390     
 5914.16 304     10100    0.647112   0.688463   0.0413505   339      4406     
 5982.29 306     10161    0.647112   0.688457   0.0413449   325      4428     
 6024.82 307     10200    0.647112   0.688457   0.0413449   323      4441     
Writing policy file: ./29360fca97e_309_6101.83.policy
Intermediate policy written(interval: 2000)
 6101.83 309     10263    0.647113   0.688457   0.0413439   318      4464     
 6146.08 310     10300    0.647113   0.688457   0.0413439   326      4476     
 6224.08 312     10365    0.647113   0.688447   0.0413338   331      4499     
 6268.59 313     10400    0.647114   0.688445   0.0413303   327      4513     
 6345.42 315     10450    0.647114   0.688445   0.0413303   349      4535     
 6390.29 316     10501    0.647114   0.688445   0.0413303   349      4546     
 6463.91 317     10550    0.647114   0.688445   0.0413303   338      4568     
 6506.44 319     10603    0.647117   0.688445   0.0413274   330      4580     
 6574.29 320     10650    0.647117   0.688444   0.0413272   343      4599     
 6640.79 322     10705    0.64714    0.688419   0.0412787   340      4616     
 6729.43 323     10750    0.64714    0.688416   0.0412752   323      4641     
 6800.07 325     10807    0.647141   0.688414   0.0412737   331      4661     
 6878.09 326     10850    0.647141   0.688413   0.0412727   342      4683     
 6952.6  328     10909    0.647146   0.688413   0.0412668   351      4704     
 7014.05 329     10950    0.647146   0.688409   0.0412628   336      4720     
 7097.59 331     11013    0.647147   0.688409   0.0412622   295      4742     
 7145.37 332     11050    0.647147   0.688409   0.041262    293      4755     
 7229.45 334     11115    0.647148   0.688408   0.0412601   296      4778     
 7272.92 335     11150    0.647148   0.688408   0.0412601   313      4789     
 7342.17 337     11200    0.647148   0.688408   0.0412601   329      4810     
 7385.49 338     11251    0.647148   0.688408   0.0412601   327      4822     
 7459.31 339     11300    0.647148   0.688408   0.0412601   340      4843     
 7512.28 341     11353    0.647149   0.688408   0.0412597   333      4857     
 7598.71 342     11400    0.647149   0.688407   0.0412584   328      4881     
 7650.96 344     11455    0.64715    0.688406   0.0412565   344      4894     
 7709.97 345     11500    0.64715    0.688406   0.0412565   361      4910     
 7765.86 347     11557    0.64715    0.688406   0.0412565   366      4925     
 7827.25 348     11600    0.64715    0.688406   0.0412565   360      4941     
 7901.96 350     11659    0.64715    0.688406   0.0412565   370      4959     
 7949.92 351     11700    0.64715    0.688406   0.0412564   371      4970     
 8021.44 353     11761    0.64715    0.688406   0.0412564   368      4990     
 8059.3  354     11800    0.64715    0.688406   0.0412564   379      5001     
Writing policy file: ./29360fca97e_356_8136.54.policy
Intermediate policy written(interval: 2000)
 8136.54 356     11863    0.64715    0.688406   0.0412564   372      5022     
 8175.67 357     11900    0.647151   0.688406   0.0412556   370      5033     
 8248.33 359     11965    0.647151   0.688406   0.0412553   384      5053     
 8283.12 360     12000    0.647151   0.688406   0.0412553   392      5064     
 8359.49 362     12050    0.647151   0.688406   0.0412553   400      5086     
 8404.55 363     12101    0.647151   0.688406   0.0412553   417      5097     
 8481.78 365     12150    0.647151   0.688406   0.0412553   418      5119     
 8529.77 366     12201    0.647151   0.688406   0.0412552   431      5130     
 8609.16 367     12250    0.647151   0.688406   0.0412552   444      5150     
 8659.55 369     12301    0.647151   0.688406   0.0412552   452      5160     
 8739.46 370     12350    0.647151   0.688406   0.0412552   456      5182     
 8795.48 372     12403    0.647151   0.688406   0.0412552   448      5194     
 8864.03 373     12450    0.647151   0.688406   0.041255    459      5211     
 8922.65 375     12505    0.647151   0.688406   0.0412547   425      5225     
 8983.77 376     12550    0.647151   0.688404   0.0412532   418      5241     
 9047.79 378     12605    0.647151   0.688404   0.0412532   390      5255     
 9121.15 379     12650    0.647151   0.688404   0.0412532   388      5272     
 9175.96 381     12703    0.647151   0.688404   0.0412532   398      5284     
 9253.22 382     12750    0.647151   0.688404   0.0412532   383      5303     
 9298.67 384     12803    0.647151   0.688404   0.0412532   389      5315     
 9386.16 385     12850    0.647151   0.688392   0.0412413   387      5335     
 9442.82 387     12903    0.647165   0.68839    0.0412247   392      5347     
 9513.48 388     12950    0.647165   0.68839    0.0412247   395      5365     
 9565.46 390     13005    0.647165   0.68839    0.0412247   397      5378     
 9633.51 391     13050    0.647166   0.68839    0.0412241   384      5392     
 9699.1  393     13105    0.647166   0.68839    0.0412241   387      5406     
 9767.19 394     13150    0.647166   0.68839    0.0412241   397      5421     
 9837.79 396     13205    0.647167   0.68839    0.041223    393      5436     
 9908.08 397     13250    0.647167   0.68839    0.041223    397      5453     
 9979.22 399     13307    0.6472     0.688389   0.0411889   374      5468     
 10082.5 400     13350    0.64722    0.688386   0.0411661   375      5491     
Writing policy file: ./29360fca97e_402_10175.4.policy
Intermediate policy written(interval: 2000)
 10175.4 402     13409    0.64722    0.688383   0.0411634   370      5512     
-------------------------------------------------------------------------------

SARSOP finishing ...
  Preset timeout reached
  Timeout     : 10000.000000s
  Actual Time : 10175.390000s

-------------------------------------------------------------------------------
 Time   |#Trial |#Backup |LBound    |UBound    |Precision  |#Alphas |#Beliefs  
-------------------------------------------------------------------------------
 10175.4 402     13409    0.64722    0.688383   0.0411634   370      5512     
-------------------------------------------------------------------------------

Writing out policy ...
  output file : ./29360fca97e.policyx

