
Loading the model ...
  input file   : /home/rstudio/pomdp-solutions-library/294385f432.pomdpx
  loading time : 0.71s 

SARSOP initializing ...
  initialization time : 65.79s

-------------------------------------------------------------------------------
 Time   |#Trial |#Backup |LBound    |UBound    |Precision  |#Alphas |#Beliefs  
-------------------------------------------------------------------------------
 65.79   0       0        1.04056    2.17156    1.131       50       1        
 101.72  2       55       1.37647    2.06065    0.68418     19       26       
 175.53  4       109      1.47488    2.05631    0.581437    17       44       
 249.66  6       163      1.53436    2.05548    0.52112     12       56       
 404.77  7       200      1.5613     2.05447    0.493174    19       71       
 658.82  9       250      1.60901    2.05312    0.44411     17       89       
 887.4   11      300      1.64593    2.05241    0.406478    15       100      
 1225.14 13      350      1.67223    2.05183    0.379593    12       115      
 1824.23 15      400      1.6911     2.05056    0.359455    13       131      
Writing policy file: ./294385f432_17_2558.14.policy
Intermediate policy written(interval: 2000)
 2558.14 17      450      1.70571    2.04989    0.344177    11       146      
 3708.4  19      501      1.72415    2.04938    0.325231    12       167      
 4364.38 21      555      1.74216    2.04796    0.305804    12       178      
Writing policy file: ./294385f432_23_5412.56.policy
Intermediate policy written(interval: 2000)
 5412.56 23      609      1.75642    2.04747    0.291052    15       193      
 6737.15 25      661      1.76688    2.04708    0.280199    16       211      
 7069    26      700      1.78017    2.04694    0.266772    15       218      
Writing policy file: ./294385f432_28_8087.76.policy
Intermediate policy written(interval: 2000)
 8087.76 28      750      1.788      2.04646    0.258461    18       231      
 9238.75 30      800      1.80107    2.04604    0.244969    13       245      
Writing policy file: ./294385f432_32_10411.2.policy
Intermediate policy written(interval: 2000)
 10411.2 32      853      1.81003    2.04582    0.235793    15       261      
-------------------------------------------------------------------------------

SARSOP finishing ...
  Preset timeout reached
  Timeout     : 10000.000000s
  Actual Time : 10411.230000s

-------------------------------------------------------------------------------
 Time   |#Trial |#Backup |LBound    |UBound    |Precision  |#Alphas |#Beliefs  
-------------------------------------------------------------------------------
 10411.2 32      853      1.81003    2.04582    0.235793    15       261      
-------------------------------------------------------------------------------

Writing out policy ...
  output file : ./294385f432.policyx

