
Loading the model ...
  input file   : /home/rstudio/pomdp-solutions-library/52b28a0b85f.pomdpx
  loading time : 0.58s 

SARSOP initializing ...
  initialization time : 22.85s

-------------------------------------------------------------------------------
 Time   |#Trial |#Backup |LBound    |UBound    |Precision  |#Alphas |#Beliefs  
-------------------------------------------------------------------------------
 22.85   0       0        0.507741   0.976673   0.468932    50       1        
 24.17   1       50       0.596109   0.703698   0.107589    95       28       
 26.52   2       100      0.615733   0.702001   0.0862681   59       54       
 29.54   3       150      0.624624   0.700644   0.0760196   25       79       
 34.02   4       200      0.626619   0.700417   0.0737972   20       104      
 40.53   5       250      0.627948   0.699612   0.0716646   17       131      
 47.58   6       300      0.631939   0.699301   0.0673614   18       157      
 56.88   7       350      0.633048   0.698974   0.0659255   24       183      
 69      8       400      0.633936   0.698512   0.064576    17       209      
 85.03   9       450      0.635612   0.698211   0.0625995   18       233      
 111.04  10      500      0.636322   0.698185   0.0618631   21       258      
 146.3   11      550      0.63792    0.697417   0.0594966   21       281      
 194.32  12      600      0.638512   0.697319   0.0588066   20       306      
 258.97  13      650      0.63878    0.696925   0.0581453   29       331      
 327.89  14      700      0.638845   0.696678   0.0578328   36       356      
 405.89  15      750      0.638983   0.696633   0.0576505   35       381      
 490.58  16      800      0.639176   0.696378   0.057202    26       406      
 553.58  17      850      0.640138   0.696184   0.056046    25       427      
 638.39  18      900      0.640378   0.696044   0.0556657   26       452      
 723.8   20      950      0.640563   0.695916   0.0553534   36       476      
 850.59  20      1000     0.640677   0.695863   0.0551862   40       501      
 944.58  21      1050     0.640748   0.695813   0.0550651   39       524      
 1046.4  22      1100     0.640966   0.695492   0.0545255   37       548      
 1155.61 23      1150     0.641124   0.695437   0.0543132   37       572      
 1244.77 25      1200     0.64118    0.695406   0.0542253   45       595      
 1357.25 26      1250     0.641228   0.695256   0.0540287   43       618      
 1455.5  27      1323     0.641317   0.695086   0.0537691   40       642      
 1542.95 28      1373     0.641339   0.695011   0.0536727   42       664      
 1645.16 29      1423     0.641384   0.694927   0.0535424   39       688      
 1743.69 30      1473     0.641409   0.694904   0.053495    41       711      
 1837.28 31      1521     0.641456   0.694798   0.0533421   46       732      
 1936.24 32      1571     0.641486   0.694792   0.0533054   51       754      
 2049.33 33      1621     0.641801   0.694706   0.0529051   42       778      
 2139.64 34      1671     0.642175   0.69464    0.0524646   36       801      
 2234.59 35      1723     0.642275   0.694371   0.0520963   39       826      
 2330.98 36      1773     0.642328   0.694356   0.0520278   44       849      
 2449.53 37      1821     0.642374   0.69432    0.0519459   46       871      
 2547.87 38      1871     0.642394   0.694234   0.0518407   50       893      
 2663.12 39      1919     0.642412   0.694218   0.051806    57       916      
 2774.99 40      1967     0.642434   0.694129   0.0516946   53       938      
 2911.65 41      2017     0.642467   0.69411    0.0516437   44       961      
 3042.26 42      2067     0.642495   0.694101   0.0516065   58       985      
 3183.24 43      2117     0.642512   0.694088   0.0515762   63       1008     
 3327.92 44      2167     0.642533   0.693798   0.0512653   77       1032     
 3488.56 45      2219     0.642673   0.693723   0.0510498   49       1056     
 3644.3  46      2267     0.642709   0.693704   0.0509958   60       1079     
 3815.61 47      2317     0.642734   0.693595   0.0508613   59       1103     
 3991.46 48      2367     0.642758   0.693559   0.0508007   58       1127     
 4139.18 49      2415     0.642782   0.693535   0.0507527   63       1147     
 4314.6  50      2465     0.642796   0.693428   0.0506326   60       1170     
 4476.4  51      2513     0.642811   0.693403   0.0505922   71       1192     
 4696.14 52      2563     0.642817   0.693399   0.0505813   74       1212     
 4885.16 53      2613     0.642824   0.693378   0.0505544   84       1234     
Writing policy file: ./52b28a0b85f_54_5075.63.policy
Intermediate policy written(interval: 5000)
 5075.63 54      2663     0.642838   0.693375   0.0505369   86       1256     
 5286.64 55      2713     0.642847   0.693351   0.050504    93       1280     
 5518.67 56      2761     0.642851   0.693333   0.0504825   103      1302     
 5754.78 57      2811     0.642991   0.693258   0.0502676   75       1323     
 5933.89 58      2859     0.643033   0.693257   0.0502236   71       1346     
 6142.6  59      2909     0.64306    0.693124   0.0500642   70       1369     
 6428.38 60      2957     0.643082   0.693056   0.0499741   64       1390     
 6679.46 61      3007     0.643103   0.693022   0.0499186   77       1414     
 6908.6  62      3059     0.643588   0.692991   0.0494031   70       1436     
 7084.49 63      3109     0.643664   0.692965   0.0493006   74       1459     
 7350.66 64      3161     0.643746   0.692607   0.0488611   63       1485     
 7641.3  65      3211     0.643763   0.692489   0.048726    74       1509     
 7954.58 66      3263     0.643778   0.692481   0.0487025   66       1533     
 8223.23 67      3313     0.643785   0.692412   0.0486269   81       1555     
 8519.44 68      3361     0.643825   0.692377   0.0485521   65       1577     
 8868.64 69      3413     0.643846   0.692358   0.0485126   69       1601     
 9180.64 70      3463     0.643913   0.692276   0.0483631   63       1625     
 9465.95 71      3513     0.643958   0.692265   0.048307    58       1649     
 9759.79 72      3563     0.643994   0.692238   0.0482441   59       1673     
Writing policy file: ./52b28a0b85f_73_10087.policy
Intermediate policy written(interval: 5000)
 10087   73      3615     0.64406    0.692223   0.0481637   60       1697     
 10377.2 74      3665     0.644099   0.692217   0.0481187   67       1720     
 10668   75      3713     0.644107   0.692214   0.0481066   71       1741     
 10998.3 76      3763     0.644117   0.692213   0.0480963   67       1764     
 11336.4 77      3811     0.644122   0.692213   0.0480908   69       1785     
 11687.2 78      3863     0.644131   0.692212   0.0480812   81       1807     
 12114.4 79      3915     0.644135   0.69221    0.0480749   83       1831     
 12480.6 80      3963     0.644154   0.692195   0.0480405   97       1853     
 12835.7 81      4013     0.644162   0.692191   0.0480282   98       1876     
 13221.3 82      4063     0.644176   0.692175   0.0479982   99       1899     
 13624.8 83      4111     0.644191   0.69217    0.0479799   75       1921     
 13993   84      4159     0.644198   0.692169   0.0479706   75       1942     
 14367   85      4207     0.644203   0.692168   0.0479654   81       1963     
 14767.3 86      4259     0.644211   0.692168   0.0479577   80       1985     
Writing policy file: ./52b28a0b85f_87_15176.6.policy
Intermediate policy written(interval: 5000)
 15176.6 87      4309     0.644213   0.692168   0.0479551   86       2007     
 15587.8 88      4357     0.644218   0.692167   0.0479487   71       2028     
 16027.5 89      4407     0.644223   0.692166   0.0479427   86       2050     
 16441.3 90      4455     0.644227   0.692165   0.0479381   86       2071     
 16888.3 91      4505     0.644229   0.692165   0.0479358   92       2093     
 17302.6 92      4555     0.644235   0.692165   0.0479299   96       2114     
 17702.4 93      4605     0.644241   0.692165   0.0479235   105      2135     
 18164.6 94      4655     0.644243   0.692164   0.0479213   95       2156     
 18569.5 95      4707     0.644245   0.692164   0.0479192   106      2178     
 19013.2 96      4759     0.64425    0.692163   0.0479129   89       2201     
 19489.6 97      4807     0.644271   0.692162   0.0478919   85       2223     
 19955.7 98      4857     0.644274   0.692158   0.0478842   97       2244     
Writing policy file: ./52b28a0b85f_99_20317.4.policy
Intermediate policy written(interval: 5000)
 20317.4 99      4907     0.64428    0.692153   0.0478731   100      2267     
-------------------------------------------------------------------------------

SARSOP finishing ...
  Preset timeout reached
  Timeout     : 20000.000000s
  Actual Time : 20317.360000s

-------------------------------------------------------------------------------
 Time   |#Trial |#Backup |LBound    |UBound    |Precision  |#Alphas |#Beliefs  
-------------------------------------------------------------------------------
 20317.4 99      4907     0.64428    0.692153   0.0478731   100      2267     
-------------------------------------------------------------------------------

Writing out policy ...
  output file : ./52b28a0b85f.policyx

