
Loading the model ...
  input file   : /home/rstudio/pomdp-solutions-library/c693cac26e8.pomdpx
  loading time : 0.78s 

SARSOP initializing ...
  initialization time : 17.42s

-------------------------------------------------------------------------------
 Time   |#Trial |#Backup |LBound    |UBound    |Precision  |#Alphas |#Beliefs  
-------------------------------------------------------------------------------
 17.42   0       0        1.22669    1.90757    0.680881    50       1        
 17.62   4       50       1.60089    1.81605    0.215154    88       28       
 17.86   7       100      1.6806     1.8138     0.133207    106      51       
 18.24   10      150      1.70521    1.81241    0.107199    128      74       
 18.77   13      209      1.72273    1.81071    0.0879846   131      101      
 19.23   15      251      1.72867    1.81054    0.0818648   123      120      
 19.91   17      300      1.73563    1.80963    0.0740017   157      147      
 20.8    20      350      1.73712    1.80917    0.0720422   166      173      
 21.66   22      407      1.74324    1.8087     0.0654568   205      194      
 22.74   24      455      1.74452    1.80863    0.064108    163      217      
 24.06   26      503      1.74884    1.80789    0.0590426   131      239      
 25.39   28      555      1.74915    1.80786    0.0587118   123      263      
 26.73   30      605      1.74934    1.80778    0.0584428   128      285      
 28.25   32      653      1.75043    1.80766    0.0572211   122      307      
 30.23   34      703      1.75077    1.80758    0.0568082   108      330      
 32.17   36      751      1.75084    1.80735    0.0565043   99       353      
 34.58   38      801      1.75167    1.80702    0.0553569   102      376      
 36.63   40      853      1.75168    1.80702    0.0553341   94       400      
 39.14   42      905      1.75175    1.80698    0.0552274   82       423      
 41.63   44      957      1.75179    1.80698    0.0551866   94       447      
 44.41   46      1005     1.75195    1.80694    0.0549975   108      468      
 47.43   48      1055     1.75226    1.8069     0.0546389   60       490      
 50.51   50      1103     1.75287    1.80681    0.0539432   75       512      
 53.48   52      1151     1.75292    1.8068     0.0538799   85       533      
 57.37   54      1200     1.75398    1.80652    0.0525382   98       557      
 61.06   56      1250     1.75491    1.80647    0.0515552   70       580      
 64.47   58      1300     1.75508    1.80645    0.0513792   92       601      
 68.61   60      1350     1.75629    1.80636    0.0500659   110      623      
 72.16   62      1400     1.75631    1.80634    0.0500366   95       644      
 76.48   64      1450     1.75634    1.80633    0.0499922   85       665      
 81.53   66      1500     1.7567     1.80621    0.0495131   93       686      
 87.14   68      1551     1.7567     1.80621    0.0495035   104      708      
 91.87   70      1603     1.75674    1.80618    0.0494397   98       731      
 97.47   72      1655     1.75676    1.80617    0.0494143   91       753      
 104.2   74      1705     1.75704    1.80615    0.04911     105      775      
 111.42  76      1757     1.75705    1.80614    0.0490933   125      797      
 118.61  78      1807     1.75719    1.8061     0.0489147   101      820      
 126.41  80      1855     1.75739    1.80608    0.0486887   102      841      
 131.89  82      1905     1.75739    1.80607    0.0486809   120      862      
 137.92  84      1955     1.75741    1.80605    0.0486373   116      883      
 143.75  86      2003     1.75744    1.80604    0.0485954   117      903      
 149.74  88      2051     1.75745    1.80603    0.0485896   125      923      
 156.51  90      2100     1.75745    1.80603    0.048587    135      942      
 164.17  92      2150     1.75746    1.80601    0.0485508   157      961      
 172.51  94      2200     1.75747    1.80599    0.0485142   171      982      
 186.54  96      2250     1.75748    1.80598    0.0484949   169      1005     
 196.31  98      2300     1.75749    1.80597    0.0484851   157      1025     
 206.96  100     2350     1.75749    1.80597    0.0484799   143      1047     
 218.25  102     2400     1.75755    1.80595    0.0484081   132      1071     
 231.83  105     2461     1.75865    1.80543    0.0467783   146      1093     
 245.3   107     2500     1.75866    1.80543    0.046767    146      1114     
 255.7   108     2550     1.75866    1.80542    0.0467596   115      1134     
 266.49  110     2600     1.75871    1.80542    0.0467114   118      1155     
 280.01  113     2661     1.75872    1.80542    0.0466934   121      1176     
 293.03  115     2711     1.75875    1.80541    0.0466611   126      1197     
 308.15  117     2759     1.75888    1.80538    0.0464963   154      1217     
 323.48  119     2809     1.75888    1.80537    0.0464931   155      1238     
 342.06  121     2861     1.7589     1.80537    0.046476    158      1260     
 356.52  123     2911     1.75894    1.80537    0.046433    149      1280     
 369.54  125     2950     1.75894    1.80537    0.0464303   163      1302     
 382.97  127     3011     1.75898    1.80537    0.046389    151      1322     
 397.51  129     3059     1.75898    1.80536    0.0463808   162      1342     
 414.83  131     3107     1.75941    1.80529    0.0458755   161      1363     
 431.15  133     3159     1.75942    1.80528    0.0458688   152      1383     
 446.21  135     3207     1.75942    1.80528    0.045865    153      1402     
 462.02  137     3255     1.75943    1.80528    0.0458556   161      1421     
 482.95  139     3305     1.75962    1.80525    0.0456301   169      1443     
 499.11  141     3355     1.75962    1.80525    0.0456247   184      1463     
 516.94  143     3403     1.75962    1.80524    0.0456205   192      1482     
 536.67  145     3453     1.75962    1.80524    0.0456185   181      1503     
 555.93  147     3503     1.75965    1.80524    0.0455888   181      1523     
 579.98  149     3551     1.75977    1.8052     0.0454303   184      1543     
 597.58  151     3600     1.75977    1.8052     0.0454296   197      1562     
 621.27  153     3650     1.75977    1.8052     0.0454253   173      1584     
 639.81  155     3700     1.75978    1.8052     0.0454218   170      1603     
 662.89  157     3750     1.75978    1.8052     0.0454161   185      1623     
 687.56  159     3800     1.75978    1.8052     0.0454155   208      1644     
 710.37  161     3850     1.75978    1.8052     0.0454126   166      1665     
 731.75  163     3900     1.75979    1.8052     0.0454102   156      1687     
 754.91  165     3950     1.75979    1.8052     0.0454093   169      1708     
 777.57  167     4000     1.75981    1.80517    0.0453632   163      1729     
 798.75  170     4061     1.75981    1.80517    0.0453586   182      1748     
 819.38  172     4109     1.75981    1.80517    0.0453536   169      1768     
 840.39  174     4157     1.75982    1.80517    0.0453517   153      1786     
 859.34  176     4205     1.75982    1.80517    0.0453499   159      1804     
 878.41  178     4253     1.75982    1.80517    0.0453426   174      1820     
 905.45  180     4301     1.75988    1.80515    0.0452704   188      1841     
 926.62  182     4350     1.7599     1.80515    0.0452534   197      1859     
 950.24  184     4400     1.75991    1.80515    0.0452417   213      1880     
 976.32  186     4450     1.75991    1.80515    0.0452401   233      1901     
 1003.34 188     4500     1.75991    1.80515    0.0452388   255      1921     
 1031.86 190     4550     1.75991    1.80515    0.0452383   256      1942     
 1057.46 192     4600     1.75991    1.80515    0.0452364   254      1963     
 1083.35 195     4661     1.75991    1.80514    0.0452338   262      1981     
 1109.04 197     4709     1.75991    1.80514    0.0452307   252      2001     
 1135.48 199     4757     1.75991    1.80513    0.0452129   250      2020     
 1162.33 201     4805     1.75992    1.80513    0.0452087   245      2038     
 1190.41 203     4853     1.75992    1.80512    0.0452027   248      2056     
 1216.69 205     4901     1.75992    1.80512    0.0451991   253      2076     
 1242.78 207     4950     1.75993    1.80512    0.0451958   216      2096     
 1271.78 209     5000     1.75993    1.80512    0.0451896   181      2117     
 1293.72 211     5050     1.76132    1.80509    0.0437653   145      2138     
 1311.13 213     5100     1.76137    1.80508    0.0437102   150      2158     
 1333.14 215     5150     1.76137    1.80508    0.0437043   176      2178     
 1354.74 217     5200     1.76138    1.80508    0.0436973   203      2199     
 1375.75 219     5250     1.76138    1.80507    0.0436902   233      2219     
 1405.88 221     5300     1.76138    1.80507    0.0436864   256      2243     
 1427.69 223     5350     1.76139    1.80507    0.0436805   255      2261     
 1450.97 225     5400     1.76141    1.80507    0.0436574   256      2281     
 1479.2  227     5450     1.76141    1.80506    0.0436511   249      2299     
 1513.65 229     5500     1.76168    1.805      0.0433216   235      2321     
 1539.21 231     5550     1.76168    1.805      0.0433199   242      2341     
 1555.6  233     5600     1.76168    1.805      0.0433187   254      2359     
 1577.69 235     5650     1.76168    1.80499    0.043318    259      2378     
 1601.09 237     5700     1.76168    1.80499    0.0433158   279      2398     
 1624.8  239     5750     1.76168    1.80499    0.0433127   286      2417     
 1647.44 241     5800     1.76168    1.80499    0.0433112   272      2438     
 1672.24 243     5850     1.76168    1.80499    0.0433111   284      2457     
 1702.2  245     5900     1.76168    1.80499    0.0433071   284      2477     
 1738.17 247     5950     1.76168    1.80499    0.0433066   300      2498     
 1769.96 249     6000     1.76169    1.80499    0.0433048   313      2516     
 1799.06 251     6050     1.76169    1.80499    0.0433046   318      2534     
 1828.43 253     6100     1.76169    1.80499    0.0433016   318      2553     
 1858.23 255     6150     1.76169    1.80499    0.0433007   311      2573     
 1892.83 257     6200     1.76169    1.80499    0.0432995   322      2593     
 1924.79 259     6250     1.76169    1.80499    0.0432986   318      2614     
 1960.68 261     6300     1.76169    1.80499    0.0432983   323      2635     
 1991.8  263     6350     1.76169    1.80499    0.0432979   336      2654     
 2030.15 265     6400     1.76169    1.80499    0.0432959   352      2674     
 2063.09 267     6450     1.76169    1.80499    0.0432944   364      2695     
 2101.37 269     6500     1.76169    1.80498    0.0432926   367      2715     
 2138.79 272     6561     1.76169    1.80498    0.0432917   387      2734     
 2168.24 274     6609     1.76169    1.80498    0.0432916   399      2751     
 2202.79 276     6657     1.76169    1.80498    0.0432912   414      2769     
 2242.17 278     6707     1.76169    1.80498    0.043291    433      2788     
 2283    280     6757     1.76169    1.80498    0.0432902   435      2808     
 2326.17 282     6807     1.7617     1.80498    0.0432875   447      2829     
 2367.34 284     6855     1.7617     1.80498    0.0432862   424      2849     
 2404.92 286     6903     1.7617     1.80498    0.0432855   431      2867     
 2449.06 288     6953     1.7617     1.80498    0.0432817   434      2888     
 2488.01 290     7001     1.7617     1.80498    0.0432807   426      2907     
 2527.89 292     7050     1.7617     1.80498    0.0432786   422      2925     
 2571.73 294     7100     1.7617     1.80498    0.0432767   412      2945     
 2617.94 296     7150     1.7617     1.80498    0.0432765   412      2964     
 2678.05 298     7200     1.7617     1.80497    0.043275    403      2986     
 2725.51 300     7250     1.7617     1.80497    0.0432735   397      3005     
 2769.48 302     7300     1.7617     1.80497    0.0432712   403      3023     
 2814.69 304     7350     1.7617     1.80494    0.0432398   382      3043     
 2857.56 307     7411     1.7617     1.80494    0.0432392   372      3061     
 2894.82 309     7459     1.7617     1.80494    0.0432381   368      3080     
 2925.74 311     7507     1.7617     1.80494    0.0432376   341      3100     
 2970.04 313     7555     1.7617     1.80494    0.043237    336      3118     
 3007.31 315     7603     1.7617     1.80494    0.0432366   339      3134     
 3047    317     7651     1.7617     1.80494    0.0432363   344      3153     
 3093.99 319     7700     1.7617     1.80494    0.0432356   341      3170     
 3145.45 321     7750     1.7617     1.80494    0.043235    340      3190     
 3189.77 323     7800     1.76171    1.80494    0.0432339   345      3210     
 3242.1  325     7850     1.76171    1.80494    0.0432338   357      3231     
 3302.05 327     7900     1.76171    1.80494    0.0432337   370      3252     
 3351.19 329     7950     1.76171    1.80494    0.043232    387      3273     
 3398.28 331     8000     1.76171    1.80494    0.0432316   398      3294     
 3442.65 334     8061     1.76171    1.80494    0.0432306   408      3313     
 3486.13 336     8109     1.76171    1.80494    0.0432291   398      3331     
 3535.52 338     8157     1.76171    1.80494    0.0432289   384      3349     
 3579.74 340     8205     1.76171    1.80493    0.0432221   387      3366     
 3631.58 342     8253     1.76171    1.80493    0.0432213   402      3383     
 3682.69 344     8301     1.76171    1.80493    0.0432209   414      3402     
 3733.05 346     8350     1.76171    1.80493    0.0432207   427      3421     
 3776.62 348     8400     1.76171    1.80493    0.0432185   401      3438     
 3824.76 350     8450     1.76172    1.80493    0.0432161   327      3459     
 3865.31 352     8500     1.76172    1.80493    0.0432139   306      3479     
 3918.08 354     8550     1.76172    1.80493    0.0432134   256      3501     
 3980.43 356     8600     1.76178    1.80487    0.0430958   250      3523     
 4027.01 359     8661     1.76178    1.80485    0.0430737   263      3541     
 4082.87 361     8711     1.76178    1.80485    0.0430733   271      3560     
 4134.22 363     8759     1.76178    1.80485    0.0430725   278      3579     
 4170.97 365     8807     1.76178    1.80485    0.0430716   274      3596     
 4215.67 367     8855     1.76178    1.80485    0.0430714   293      3614     
 4265.59 369     8905     1.76178    1.80485    0.0430704   318      3633     
 4318.05 371     8955     1.76178    1.80485    0.0430678   321      3653     
 4368.77 373     9003     1.76178    1.80485    0.0430677   339      3671     
 4415.83 375     9051     1.76178    1.80485    0.0430673   351      3690     
 4475.12 377     9100     1.76178    1.80485    0.0430673   365      3707     
 4525.04 379     9150     1.76178    1.80485    0.0430671   368      3726     
 4579.39 381     9200     1.76178    1.80485    0.0430669   355      3748     
 4644.55 383     9250     1.76178    1.80485    0.0430642   336      3768     
 4720.93 385     9300     1.76235    1.80479    0.0424327   328      3791     
 4782.41 387     9350     1.76236    1.80479    0.042431    322      3811     
 4846.23 389     9400     1.76236    1.80479    0.0424295   332      3832     
 4903.09 392     9461     1.76236    1.80478    0.0424226   347      3850     
 4964.23 394     9511     1.76236    1.80478    0.0424211   346      3869     
Writing policy file: ./c693cac26e8_396_5018.policy
Intermediate policy written(interval: 5000)
 5018    396     9559     1.76236    1.80478    0.0424207   368      3887     
 5077.79 398     9607     1.76236    1.80478    0.0424201   396      3906     
 5134.74 400     9655     1.76236    1.80478    0.0424185   421      3924     
 5199.67 402     9703     1.76236    1.80478    0.0424179   440      3944     
 5257.04 404     9751     1.76236    1.80478    0.0424174   458      3962     
 5319.08 406     9800     1.76236    1.80478    0.0424172   464      3979     
 5384.9  408     9850     1.76236    1.80477    0.0424162   404      3998     
 5448.67 410     9900     1.76236    1.80477    0.042416    349      4018     
 5512.99 412     9950     1.76236    1.80477    0.0424159   327      4036     
 5573.34 414     10000    1.76236    1.80477    0.0424154   319      4055     
 5639.62 416     10050    1.76236    1.80477    0.0424152   333      4076     
 5696.04 418     10100    1.76236    1.80477    0.0424143   343      4094     
 5751.57 420     10150    1.76236    1.80477    0.0424135   344      4114     
 5813.57 423     10211    1.76236    1.80477    0.0424116   353      4133     
 5876.34 425     10259    1.76236    1.80477    0.0424107   360      4151     
 5937.13 427     10307    1.76236    1.80477    0.0424064   376      4169     
 5986.76 429     10357    1.76237    1.80477    0.0424052   382      4190     
 6049.78 431     10405    1.76237    1.80477    0.0424048   396      4208     
 6107.48 433     10453    1.76237    1.80477    0.0424043   417      4223     
 6168.51 435     10501    1.76237    1.80477    0.0424041   440      4241     
 6227.35 437     10550    1.76237    1.80477    0.0424033   440      4257     
 6292.75 439     10600    1.76238    1.80477    0.0423928   399      4276     
 6354.36 441     10650    1.76238    1.80477    0.0423922   343      4295     
 6420.69 443     10700    1.76238    1.80477    0.0423863   291      4315     
 6491.17 445     10750    1.76238    1.80477    0.0423861   298      4336     
 6564.54 447     10800    1.76238    1.80477    0.0423858   314      4357     
 6623.39 449     10850    1.76239    1.80477    0.0423816   317      4377     
 6681.68 451     10900    1.7624     1.80477    0.0423715   324      4396     
 6739.54 454     10961    1.7624     1.80477    0.0423706   350      4414     
 6786.95 456     11009    1.7624     1.80477    0.0423682   325      4431     
 6843.44 458     11057    1.7624     1.80477    0.0423653   273      4449     
 6905.93 460     11105    1.7624     1.80477    0.0423646   257      4468     
 6970.73 462     11153    1.7624     1.80477    0.0423627   250      4488     
 7032.04 464     11201    1.7624     1.80477    0.0423617   265      4506     
 7097.06 466     11250    1.7624     1.80477    0.0423614   257      4525     
 7156.73 468     11300    1.76241    1.80476    0.0423576   258      4543     
 7220.6  470     11350    1.76241    1.80476    0.0423571   278      4562     
 7285.72 472     11400    1.76241    1.80476    0.0423568   283      4582     
 7348.34 474     11450    1.76241    1.80476    0.0423544   288      4600     
 7418.43 476     11500    1.76241    1.80476    0.0423539   311      4619     
 7490.85 478     11550    1.76241    1.80476    0.0423529   333      4639     
 7561.93 480     11600    1.76241    1.80476    0.0423525   352      4659     
 7643.57 483     11661    1.76248    1.8047     0.042222    381      4678     
 7701.83 485     11709    1.76248    1.8047     0.0422172   360      4694     
 7767.45 487     11757    1.76252    1.8047     0.042186    324      4714     
 7837.58 489     11807    1.76252    1.8047     0.0421817   329      4735     
 7878.94 491     11853    1.76263    1.80467    0.0420424   315      4755     
 7957.91 493     11903    1.76364    1.80415    0.0405154   281      4777     
 8016.65 495     11951    1.76364    1.80415    0.0405091   263      4795     
 8088.46 497     12001    1.76364    1.80415    0.0405064   257      4814     
 8165.48 499     12051    1.76364    1.80415    0.0405046   275      4834     
 8235.22 501     12101    1.76365    1.80415    0.0405039   295      4852     
 8292.83 503     12151    1.76365    1.80415    0.0405018   300      4873     
 8341.14 505     12200    1.76365    1.80415    0.0404993   312      4890     
 8391.07 507     12250    1.76366    1.80414    0.0404862   319      4910     
 8438.91 509     12300    1.76366    1.80414    0.0404845   334      4929     
 8485.35 511     12350    1.76366    1.80414    0.0404843   349      4947     
 8546.05 513     12400    1.76366    1.80414    0.0404836   356      4965     
 8598.19 515     12450    1.76366    1.80414    0.0404835   358      4983     
 8673.21 517     12500    1.76366    1.80414    0.0404823   332      5004     
 8763.31 519     12550    1.76366    1.80414    0.0404807   303      5025     
 8834.41 521     12600    1.76367    1.80414    0.0404673   297      5042     
 8911.21 523     12650    1.76368    1.80414    0.0404626   318      5060     
 8983.05 525     12700    1.76368    1.80414    0.040462    336      5079     
 9056.77 527     12750    1.76368    1.80414    0.0404602   355      5097     
 9128.54 529     12800    1.76368    1.80414    0.0404597   362      5115     
 9195.07 531     12850    1.76371    1.80414    0.0404335   368      5133     
 9258.49 533     12900    1.76371    1.80414    0.0404333   392      5151     
 9319.44 535     12950    1.76371    1.80414    0.0404331   402      5171     
 9390.94 537     13000    1.76371    1.80414    0.0404288   386      5189     
 9470.65 539     13050    1.76371    1.80414    0.0404285   392      5208     
 9541.23 541     13100    1.76371    1.80414    0.0404281   406      5226     
 9615.29 543     13150    1.76371    1.80414    0.0404281   423      5244     
 9699.16 545     13200    1.76371    1.80414    0.0404278   419      5263     
 9776.73 547     13250    1.76371    1.80414    0.0404277   428      5282     
 9851.84 549     13300    1.76371    1.80412    0.0404143   443      5299     
 9928.58 551     13350    1.76371    1.80412    0.0404142   453      5318     
 10001.6 553     13400    1.76371    1.80412    0.0404128   445      5335     
Writing policy file: ./c693cac26e8_555_10075.8.policy
Intermediate policy written(interval: 5000)
 10075.8 555     13450    1.76371    1.80412    0.0404128   421      5354     
 10165.6 558     13500    1.76371    1.80412    0.040412    410      5372     
 10243   560     13550    1.76371    1.80412    0.0404118   399      5389     
 10322.3 562     13611    1.76371    1.80412    0.0404103   354      5406     
 10407.2 564     13659    1.76371    1.80412    0.0404101   330      5424     
 10490.4 566     13709    1.76372    1.80412    0.0404076   314      5443     
 10583.8 568     13759    1.76372    1.80412    0.0404058   321      5461     
 10665.4 570     13807    1.76372    1.80412    0.0404033   326      5480     
 10739.6 572     13855    1.76372    1.80412    0.0404003   338      5496     
 10825.3 574     13907    1.76372    1.80412    0.0403975   346      5517     
 10908.7 576     13957    1.76373    1.80412    0.0403874   352      5535     
 10986.7 578     14005    1.76373    1.80412    0.0403871   364      5553     
 11086   580     14055    1.76374    1.80412    0.040383    373      5571     
 11158.5 582     14103    1.76374    1.80412    0.0403819   374      5588     
 11239.2 584     14153    1.76374    1.80412    0.0403808   385      5607     
 11317.8 586     14203    1.76374    1.80412    0.0403807   380      5625     
 11397   588     14251    1.76374    1.80412    0.0403795   380      5642     
 11484   590     14300    1.76374    1.80412    0.0403786   380      5661     
 11561.7 592     14350    1.76374    1.80412    0.0403784   398      5681     
 11636.5 594     14400    1.76374    1.80412    0.0403778   410      5701     
 11707   596     14450    1.76374    1.80412    0.0403773   423      5718     
 11788   598     14500    1.76374    1.80412    0.0403771   417      5736     
 11867.8 600     14550    1.76374    1.80412    0.0403754   425      5753     
 11944.8 602     14600    1.76374    1.80412    0.0403751   434      5770     
 12028.7 604     14650    1.76374    1.80412    0.0403751   442      5788     
 12100.3 606     14700    1.76374    1.80412    0.040375    441      5806     
 12164.9 608     14750    1.76375    1.80412    0.0403653   454      5823     
 12252.4 610     14800    1.76375    1.80412    0.0403649   435      5843     
 12358   612     14850    1.76375    1.80412    0.0403647   433      5861     
 12457.4 614     14900    1.76375    1.80412    0.0403646   421      5880     
 12539   617     14961    1.76375    1.80412    0.0403638   422      5898     
 12612   619     15009    1.76375    1.80412    0.0403635   434      5916     
 12697.5 621     15057    1.76375    1.80412    0.0403633   427      5933     
 12772.1 623     15105    1.76375    1.80412    0.0403631   435      5950     
 12854.8 625     15153    1.76375    1.80412    0.040363    450      5967     
 12945.8 627     15201    1.76375    1.80412    0.0403618   452      5984     
 13032.2 629     15250    1.76375    1.80412    0.0403617   455      6002     
 13136.6 631     15300    1.76375    1.80412    0.0403611   478      6019     
 13218.7 633     15350    1.76375    1.80412    0.0403608   490      6037     
 13299.2 635     15400    1.76376    1.80411    0.0403514   506      6055     
 13425.7 637     15450    1.76376    1.80411    0.0403509   501      6076     
 13528.6 639     15500    1.76376    1.80411    0.0403487   514      6096     
 13610.4 641     15550    1.76376    1.80411    0.0403483   520      6115     
 13714.7 643     15600    1.76376    1.80411    0.0403467   530      6135     
 13812.8 645     15650    1.76377    1.80411    0.0403448   545      6154     
 13903.9 647     15700    1.76377    1.80411    0.0403443   570      6172     
 14010.5 649     15750    1.76377    1.80411    0.0403426   575      6189     
 14107.2 652     15811    1.76377    1.80411    0.0403413   585      6205     
 14201.4 654     15859    1.76377    1.80411    0.0403407   586      6223     
 14303.9 656     15909    1.76377    1.80411    0.0403392   595      6240     
 14397.4 658     15957    1.76377    1.80411    0.040339    599      6256     
 14481.9 660     16007    1.76377    1.80411    0.040339    599      6273     
 14579.6 662     16055    1.76377    1.80411    0.040339    612      6289     
 14677.3 664     16107    1.76377    1.80411    0.040339    625      6308     
 14756.6 666     16155    1.76377    1.80411    0.0403388   623      6324     
 14872.3 668     16203    1.76377    1.80411    0.0403358   634      6341     
 14991.2 670     16251    1.76377    1.80411    0.0403357   644      6357     
Writing policy file: ./c693cac26e8_672_15110.9.policy
Intermediate policy written(interval: 5000)
 15110.9 672     16300    1.76377    1.80411    0.0403356   656      6374     
 15212.9 674     16350    1.76377    1.80411    0.0403353   666      6391     
 15331.4 676     16400    1.76377    1.80411    0.0403352   671      6409     
 15438.6 678     16450    1.76377    1.80411    0.040335    686      6428     
 15570.9 680     16500    1.76377    1.80411    0.040335    701      6446     
 15711   682     16550    1.76377    1.8041     0.0403343   691      6463     
 15814.3 685     16611    1.76377    1.8041     0.0403342   696      6479     
 15927.4 687     16659    1.76377    1.8041     0.0403342   700      6496     
 16012.1 689     16707    1.76377    1.8041     0.0403342   697      6512     
 16103.6 691     16755    1.76377    1.8041     0.0403341   702      6529     
 16192.5 693     16803    1.76377    1.8041     0.0403341   711      6544     
 16263.3 695     16851    1.76377    1.8041     0.040334    718      6560     
 16347.8 697     16901    1.76377    1.8041     0.0403305   712      6576     
 16420.6 699     16950    1.76377    1.8041     0.0403305   725      6592     
 16489.3 701     17000    1.76377    1.8041     0.0403305   735      6608     
 16562.3 703     17050    1.76377    1.8041     0.0403304   735      6626     
 16633.8 705     17100    1.76378    1.8041     0.0403283   731      6643     
 16684.9 707     17150    1.76378    1.8041     0.0403283   739      6659     
 16742   709     17200    1.76378    1.8041     0.0403282   757      6677     
 16786.5 711     17250    1.76378    1.8041     0.0403281   773      6694     
 16825   714     17311    1.76378    1.8041     0.0403281   790      6711     
 16875.2 716     17359    1.76378    1.8041     0.0403212   803      6726     
 16916.9 718     17407    1.76378    1.8041     0.0403205   806      6740     
 16964.1 720     17455    1.76378    1.8041     0.0403187   811      6758     
 17023.6 722     17503    1.76387    1.80407    0.0401931   815      6777     
 17073.9 724     17553    1.76388    1.80407    0.0401875   842      6794     
 17128.6 726     17601    1.76388    1.80407    0.0401862   785      6811     
 17190.8 728     17650    1.76388    1.80407    0.0401855   726      6827     
 17236.2 730     17700    1.76388    1.80407    0.0401852   678      6847     
 17277.7 732     17750    1.76388    1.80407    0.0401849   628      6866     
 17324.6 734     17800    1.76388    1.80407    0.0401812   590      6885     
 17370.6 736     17850    1.76388    1.80407    0.0401806   519      6904     
 17414.5 738     17900    1.76389    1.80407    0.0401704   520      6923     
 17460.6 740     17950    1.76389    1.80406    0.0401699   513      6943     
 17509.7 742     18000    1.76389    1.80406    0.0401696   507      6963     
 17563.1 744     18050    1.76389    1.80406    0.0401693   506      6982     
 17603.7 746     18100    1.76389    1.80406    0.0401691   493      7001     
 17653.4 748     18150    1.7639     1.80406    0.0401686   483      7021     
 17701.5 750     18200    1.7639     1.80406    0.0401678   472      7040     
 17745   753     18261    1.7639     1.80406    0.0401672   455      7055     
 17790.2 755     18309    1.7639     1.80406    0.040167    465      7074     
 17832.4 757     18357    1.7639     1.80406    0.0401663   470      7091     
 17880.4 759     18405    1.7639     1.80406    0.0401658   465      7108     
 17927.8 761     18453    1.7639     1.80406    0.0401654   467      7127     
 17971.3 763     18501    1.7639     1.80406    0.0401644   463      7145     
 18027   765     18550    1.7639     1.80406    0.0401638   445      7164     
 18076.7 767     18600    1.7639     1.80406    0.0401635   419      7184     
 18125.3 769     18650    1.7639     1.80406    0.0401633   405      7203     
 18174.3 771     18700    1.7639     1.80406    0.0401628   404      7221     
 18227.6 773     18750    1.7639     1.80406    0.0401622   401      7240     
 18273.5 775     18800    1.7639     1.80406    0.040162    418      7260     
 18316.8 778     18861    1.7639     1.80406    0.040161    444      7275     
 18369.1 780     18909    1.7639     1.80406    0.0401607   442      7292     
 18418.4 782     18957    1.7639     1.80406    0.0401605   437      7309     
 18466.1 784     19005    1.7639     1.80406    0.0401605   452      7326     
 18531.7 786     19053    1.7639     1.80406    0.0401603   464      7342     
 18582.7 788     19101    1.7639     1.80406    0.0401602   479      7360     
 18641.6 790     19150    1.7639     1.80406    0.0401598   459      7378     
 18692.7 792     19200    1.7639     1.80406    0.0401595   473      7394     
 18752.3 794     19250    1.7639     1.80406    0.0401594   495      7413     
 18808   796     19300    1.7639     1.80406    0.0401594   499      7433     
 18864.4 798     19350    1.7639     1.80406    0.0401594   496      7452     
 18939.6 800     19400    1.7639     1.80406    0.0401588   490      7473     
 18988.1 802     19450    1.76396    1.80403    0.0400715   482      7491     
 19053.2 804     19500    1.76396    1.80403    0.040071    477      7511     
 19125.5 807     19561    1.76396    1.80403    0.0400702   471      7529     
 19184.4 809     19611    1.76397    1.80403    0.0400617   415      7547     
 19237.6 811     19659    1.76397    1.80403    0.040059    391      7565     
 19301.5 813     19707    1.76397    1.80403    0.0400586   362      7582     
 19354.5 815     19755    1.76397    1.80403    0.0400584   368      7600     
 19403   817     19803    1.76397    1.80403    0.040058    382      7617     
 19449.8 819     19851    1.76398    1.80403    0.0400555   385      7635     
 19504   821     19900    1.76398    1.80403    0.0400536   389      7653     
 19560.1 823     19950    1.76398    1.80403    0.0400533   396      7670     
 19615.5 825     20000    1.76398    1.80403    0.0400493   402      7688     
 19678   827     20050    1.76398    1.80403    0.0400473   408      7707     
 19753.4 829     20100    1.76399    1.80403    0.0400446   410      7726     
 19809.4 831     20150    1.76399    1.80403    0.0400446   417      7746     
 19861.5 833     20200    1.76399    1.80403    0.0400445   418      7766     
 19910.8 836     20261    1.76399    1.80403    0.0400441   428      7784     
 19961   838     20309    1.76399    1.80403    0.040044    429      7801     
 20016.7 840     20357    1.76399    1.80403    0.0400407   435      7817     
 20064.8 842     20405    1.76399    1.80403    0.0400379   438      7835     
Writing policy file: ./c693cac26e8_844_20114.8.policy
Intermediate policy written(interval: 5000)
 20114.8 844     20453    1.76399    1.80403    0.0400375   445      7852     
-------------------------------------------------------------------------------

SARSOP finishing ...
  Preset timeout reached
  Timeout     : 20000.000000s
  Actual Time : 20114.800000s

-------------------------------------------------------------------------------
 Time   |#Trial |#Backup |LBound    |UBound    |Precision  |#Alphas |#Beliefs  
-------------------------------------------------------------------------------
 20114.8 844     20453    1.76399    1.80403    0.0400375   445      7852     
-------------------------------------------------------------------------------

Writing out policy ...
  output file : ./c693cac26e8.policyx

