
Loading the model ...
  input file   : /home/rstudio/pomdp-solutions-library/c783cac26e8.pomdpx
  loading time : 1.00s 

SARSOP initializing ...
  initialization time : 40.72s

-------------------------------------------------------------------------------
 Time   |#Trial |#Backup |LBound    |UBound    |Precision  |#Alphas |#Beliefs  
-------------------------------------------------------------------------------
 40.72   0       0        2.46026    4.2176     1.75734     50       1        
 44.35   3       53       3.54992    4.0351     0.485175    27       26       
 52.8    5       100      3.63832    4.03299    0.394668    30       50       
 84.73   8       157      3.69465    4.0215     0.326851    24       74       
 131.35  10      203      3.71098    4.02103    0.310047    26       95       
 203.19  12      250      3.71967    4.01661    0.296935    30       119      
 269.64  14      300      3.72769    4.01655    0.288863    25       141      
 379.36  17      357      3.73371    4.01621    0.282506    24       162      
 472.84  19      400      3.73579    4.01618    0.280398    31       180      
 577.46  21      450      3.73782    4.01565    0.277837    34       204      
 694.45  24      507      3.74051    4.01557    0.275059    31       224      
 854.14  26      550      3.74189    4.01556    0.273674    34       243      
 1014.82 28      600      3.74399    4.01531    0.271325    32       269      
 1151.9  31      653      3.74594    4.01507    0.269135    29       287      
 1322.12 33      700      3.74735    4.01324    0.265887    40       311      
 1496.66 36      757      3.74781    4.01323    0.265414    51       332      
 1695.49 38      800      3.74809    4.01322    0.26513     54       349      
 1889.05 41      857      3.74867    4.0132     0.264534    57       371      
 2066.17 43      900      3.7492     4.01319    0.263986    50       389      
 2327.82 45      950      3.75068    4.01287    0.262186    46       413      
 2618.07 48      1005     3.75122    4.01175    0.260524    51       432      
 3030.9  50      1050     3.75141    4.01172    0.260305    49       452      
 3373.72 53      1107     3.75213    4.01169    0.259558    61       474      
 3646.97 55      1150     3.7526     4.01165    0.259048    60       492      
 3993.57 57      1200     3.75282    4.01163    0.258809    61       518      
 4288.8  60      1255     3.75417    4.00821    0.254039    70       539      
 4511.99 62      1300     3.75433    4.00789    0.253561    81       554      
 4887.43 64      1350     3.75442    4.00787    0.253458    97       579      
Writing policy file: ./c783cac26e8_67_5175.11.policy
Intermediate policy written(interval: 5000)
 5175.11 67      1403     3.7546     4.00783    0.253231    88       597      
 5532.74 69      1450     3.75464    4.00782    0.253184    88       618      
 5852.56 72      1505     3.75489    4.00782    0.252927    87       636      
 6237.23 74      1550     3.75493    4.00781    0.252885    90       655      
 6633.47 77      1605     3.75498    4.00778    0.252806    88       676      
 7028.22 79      1650     3.755      4.00778    0.25278     102      696      
 7420.06 82      1705     3.75503    4.00763    0.2526      120      714      
 7923.25 84      1750     3.75558    4.00406    0.248476    118      736      
 8564.21 87      1809     3.75568    4.00403    0.248347    118      757      
 8970.15 89      1851     3.7557     4.00401    0.248315    110      774      
 9603.45 91      1900     3.75571    4.00401    0.2483      104      798      
 10111   94      1951     3.75574    4.004      0.248258    109      814      
Writing policy file: ./c783cac26e8_96_10813.2.policy
Intermediate policy written(interval: 5000)
 10813.2 96      2000     3.75584    4.004      0.248154    121      838      
 11273.2 99      2051     3.75588    4.00399    0.248113    121      854      
 12055.5 101     2100     3.75594    4.00398    0.248047    134      877      
 12728.4 104     2153     3.75595    4.00397    0.248022    140      895      
 13483.4 106     2200     3.75598    4.00396    0.247983    145      918      
 13987.5 109     2251     3.756      4.00395    0.247957    148      934      
 14823.5 111     2300     3.756      4.00394    0.247941    144      957      
 15379.1 114     2350     3.75607    4.00394    0.247872    148      971      
Writing policy file: ./c783cac26e8_117_16218.3.policy
Intermediate policy written(interval: 5000)
 16218.3 117     2405     3.75617    4.00392    0.247748    155      993      
 16980.4 119     2450     3.75618    4.00392    0.247735    165      1013     
 17709.5 122     2503     3.75626    4.00386    0.247596    169      1033     
 18454   124     2550     3.75978    4.00325    0.24347     135      1054     
 19327.3 126     2600     3.75994    4.00323    0.243289    106      1077     
 20006.8 129     2653     3.76058    4.00181    0.241236    117      1097     
 20535.1 131     2700     3.76089    4.00127    0.240381    116      1115     
Writing policy file: ./c783cac26e8_133_21218.6.policy
Intermediate policy written(interval: 5000)
 21218.6 134     2750     3.76092    4.00124    0.240324    91       1140     
-------------------------------------------------------------------------------

SARSOP finishing ...
  Preset timeout reached
  Timeout     : 20000.000000s
  Actual Time : 21218.580000s

-------------------------------------------------------------------------------
 Time   |#Trial |#Backup |LBound    |UBound    |Precision  |#Alphas |#Beliefs  
-------------------------------------------------------------------------------
 21218.6 134     2750     3.76092    4.00124    0.240324    91       1140     
-------------------------------------------------------------------------------

Writing out policy ...
  output file : ./c783cac26e8.policyx

