
Loading the model ...
  input file   : /home/rstudio/pomdp-solutions-library/19f61cedb3f.pomdpx
  loading time : 5.25s 

SARSOP initializing ...
  initialization time : 1698.27s

-------------------------------------------------------------------------------
 Time   |#Trial |#Backup |LBound    |UBound    |Precision  |#Alphas |#Beliefs  
-------------------------------------------------------------------------------
 1698.27 0       0        0.58774    1.93534    1.3476      100      1        
 1704.69 2       55       0.911328   1.87204    0.960709    5        10       
 1708.22 4       111      1.0986     1.87173    0.773135    13       14       
 1719.65 5       150      1.15577    1.87146    0.715689    4        20       
 1736.59 7       200      1.23673    1.87074    0.634011    7        26       
 1755.69 9       250      1.30583    1.87034    0.564514    7        31       
 1777.18 11      303      1.37664    1.86996    0.493322    7        36       
 1792.53 13      357      1.42526    1.86976    0.444501    6        39       
 1815.36 14      400      1.45321    1.86969    0.416481    6        44       
 1849.94 16      450      1.50506    1.86941    0.364349    7        50       
 1880.48 18      500      1.54109    1.86926    0.328169    7        54       
 1913.43 20      555      1.57202    1.86921    0.297194    7        58       
 1966.22 22      611      1.60083    1.86915    0.268325    7        65       
 1990.83 23      650      1.61695    1.86911    0.252157    7        68       
 2030.01 25      700      1.64132    1.86876    0.227442    8        72       
 2072.1  27      751      1.66333    1.86869    0.205365    9        76       
 2118.42 29      807      1.68094    1.86862    0.187681    7        80       
 2155.99 31      863      1.69638    1.86859    0.172215    8        83       
 2180.41 32      900      1.70362    1.86846    0.164838    10       85       
 2232.59 34      950      1.7183     1.86836    0.150062    9        89       
 2287.79 36      1003     1.73155    1.86821    0.136661    9        93       
 2353.92 38      1059     1.74295    1.868      0.125048    9        98       
 2417.42 39      1100     1.74737    1.86799    0.120623    9        102      
 2448.14 41      1150     1.75788    1.86775    0.10987     10       104      
 2517.78 43      1200     1.76626    1.86768    0.101418    10       108      
 2568.59 45      1255     1.77468    1.86755    0.0928627   10       111      
 2638.58 47      1311     1.78114    1.86746    0.0863155   9        115      
 2676.79 48      1350     1.78425    1.86741    0.0831656   9        117      
Writing policy file: ./19f61cedb3f_50_2753.26.policy
Intermediate policy written(interval: 1000)
 2753.26 50      1400     1.7894     1.86739    0.0779878   9        121      
 2835.41 52      1451     1.79404    1.86737    0.0733267   9        125      
 2875.19 54      1507     1.79794    1.86733    0.0693941   12       127      
 2941.04 56      1563     1.80242    1.86713    0.0647052   12       130      
 2986.65 57      1600     1.80435    1.8671     0.0627474   11       132      
 3052.69 59      1650     1.80739    1.86708    0.0596879   12       135      
 3206.49 61      1703     1.81043    1.86706    0.0566317   14       142      
 3303.87 63      1759     1.81384    1.86701    0.0531672   13       146      
 3417.55 64      1800     1.81484    1.86699    0.0521434   12       150      
 3476.22 66      1850     1.81743    1.86697    0.0495457   11       152      
 3567.83 68      1900     1.81976    1.86695    0.0471919   12       155      
 3713.76 70      1953     1.82201    1.86689    0.0448812   15       160      
 3714.5  72      2005     1.82363    1.86688    0.043244    12       160      
Writing policy file: ./19f61cedb3f_74_3786.28.policy
Intermediate policy written(interval: 1000)
 3786.28 74      2057     1.82485    1.86686    0.0420091   11       162      
 3819.74 76      2109     1.82619    1.86684    0.0406471   10       163      
 3926.17 78      2150     1.8272     1.86681    0.0396137   11       166      
 3964.44 79      2200     1.82836    1.8668     0.0384409   11       167      
 4079.47 81      2250     1.82956    1.86677    0.0372147   11       170      
 4080.11 83      2300     1.83066    1.86677    0.0361076   11       170      
 4154.13 85      2350     1.83172    1.86676    0.0350415   11       172      
 4234.48 87      2400     1.83255    1.86675    0.0342013   14       174      
 4312.96 89      2451     1.83333    1.86674    0.033406    13       176      
 4394.97 91      2503     1.83438    1.86672    0.0323404   13       178      
 4543.77 93      2559     1.83529    1.86662    0.0313333   15       182      
 4616.32 95      2611     1.83601    1.8666     0.0305808   14       184      
 4661.39 97      2650     1.83631    1.86659    0.0302847   14       185      
 4662.06 98      2700     1.83693    1.86656    0.0296275   14       185      
 4711.05 100     2750     1.83746    1.86654    0.0290819   15       186      
 4783.78 102     2800     1.83799    1.86653    0.0285429   15       188      
Writing policy file: ./19f61cedb3f_104_5021.73.policy
Intermediate policy written(interval: 1000)
 5021.73 104     2850     1.83913    1.8665     0.0273767   17       195      
 5222.17 106     2900     1.84001    1.86645    0.0264383   15       199      
 5366.27 108     2950     1.8408     1.86641    0.0256081   16       202      
 5542.42 110     3001     1.84136    1.86638    0.0250205   16       206      
 5788.32 112     3053     1.84247    1.86634    0.0238705   17       212      
 5948.97 114     3105     1.84292    1.86631    0.0233882   17       215      
Writing policy file: ./19f61cedb3f_116_6159.16.policy
Intermediate policy written(interval: 1000)
 6159.16 116     3157     1.84324    1.86629    0.0230493   16       219      
 6456.2  118     3209     1.8443     1.86626    0.0219541   17       227      
 6725.37 120     3261     1.84481    1.86625    0.0214404   16       233      
 6945.95 122     3300     1.84505    1.86625    0.0211942   17       237      
 7101.25 123     3350     1.84543    1.86624    0.0208121   16       240      
Writing policy file: ./19f61cedb3f_125_7275.92.policy
Intermediate policy written(interval: 1000)
 7275.92 125     3400     1.84581    1.86623    0.0204246   17       243      
 7525.13 127     3450     1.84612    1.86621    0.0200921   17       247      
 7756.39 129     3500     1.84643    1.8662     0.0197754   18       251      
 7993.54 131     3550     1.84669    1.86615    0.0194637   20       255      
 8137.04 133     3600     1.84685    1.86614    0.0192966   20       257      
Writing policy file: ./19f61cedb3f_135_8406.38.policy
Intermediate policy written(interval: 1000)
 8406.38 135     3650     1.84717    1.86613    0.0189543   21       261      
 8608.28 137     3700     1.84787    1.86612    0.0182448   21       264      
 8676.19 139     3750     1.84803    1.86611    0.0180859   20       265      
 8820.19 141     3800     1.84829    1.8661     0.0178096   19       267      
 8968.65 143     3850     1.84841    1.86609    0.017688    21       269      
 9207.27 145     3900     1.84854    1.86609    0.0175546   21       272      
Writing policy file: ./19f61cedb3f_147_9456.67.policy
Intermediate policy written(interval: 1000)
 9456.67 147     3950     1.84913    1.86609    0.01696     21       275      
 9747.87 149     4000     1.84938    1.86608    0.0166942   21       279      
 9912.41 151     4050     1.84986    1.86607    0.0162098   22       281      
 10070.7 153     4100     1.85009    1.86604    0.0159492   21       283      
 10388.6 155     4150     1.85034    1.86603    0.0156893   20       287      
Writing policy file: ./19f61cedb3f_158_10630.7.policy
Intermediate policy written(interval: 1000)
 10630.7 158     4211     1.85086    1.86601    0.0151486   21       290      
 10891.8 160     4259     1.85112    1.86599    0.0148714   21       293      
 11166.4 162     4307     1.85126    1.86599    0.0147239   22       296      
 11423.8 164     4355     1.85168    1.86594    0.0142677   21       299      
 11620   166     4403     1.85184    1.86593    0.0140877   21       301      
Writing policy file: ./19f61cedb3f_168_11874.4.policy
Intermediate policy written(interval: 1000)
 11874.4 168     4451     1.85224    1.86592    0.0136832   22       304      
 12039.5 170     4500     1.8524     1.86592    0.0135222   21       307      
 12261.7 172     4550     1.85251    1.86592    0.013407    22       311      
 12432.1 174     4600     1.85259    1.86591    0.0133247   23       314      
 12576.2 176     4650     1.85265    1.8659     0.0132449   24       317      
 12777.4 179     4700     1.85305    1.86589    0.0128372   26       321      
 12833.6 181     4755     1.85314    1.86589    0.0127483   25       322      
Writing policy file: ./19f61cedb3f_183_12996.9.policy
Intermediate policy written(interval: 1000)
 12996.9 183     4801     1.85325    1.86588    0.0126382   24       325      
 13281.9 185     4850     1.85354    1.86588    0.0123403   26       328      
 13745.8 188     4900     1.85365    1.86587    0.012217    25       332      
Writing policy file: ./19f61cedb3f_190_14074.7.policy
Intermediate policy written(interval: 1000)
 14074.7 190     4955     1.85394    1.86586    0.0119114   28       335      
 14809.7 192     5001     1.8541     1.86583    0.0117256   29       342      
Writing policy file: ./19f61cedb3f_194_15351.3.policy
Intermediate policy written(interval: 1000)
 15351.3 194     5050     1.85418    1.86582    0.0116313   30       347      
 16074.2 197     5100     1.85427    1.86581    0.0115355   27       353      
 16330.1 199     5155     1.85457    1.86581    0.0112353   24       355      
Writing policy file: ./19f61cedb3f_201_16660.3.policy
Intermediate policy written(interval: 1000)
 16660.3 201     5200     1.85465    1.8658     0.0111441   24       358      
 17165.4 203     5250     1.85472    1.86579    0.0110709   26       362      
Writing policy file: ./19f61cedb3f_206_17890.1.policy
Intermediate policy written(interval: 1000)
 17890.1 206     5309     1.85499    1.86579    0.0107989   26       368      
 18230.1 208     5353     1.85508    1.86579    0.0107083   24       371      
 18805.1 210     5400     1.85513    1.86578    0.0106488   25       376      
Writing policy file: ./19f61cedb3f_212_19301.5.policy
Intermediate policy written(interval: 1000)
 19301.5 212     5450     1.8553     1.86576    0.0104676   26       380      
 19684.5 215     5505     1.85537    1.86576    0.0103895   29       383      
 19808.8 217     5550     1.85542    1.86576    0.0103347   31       384      
 20209.6 220     5609     1.85568    1.86575    0.0100755   34       389      
Writing policy file: ./19f61cedb3f_222_20482.8.policy
Intermediate policy written(interval: 1000)
 20482.8 222     5651     1.85579    1.86573    0.00994683  31       393      
-------------------------------------------------------------------------------

SARSOP finishing ...
  Preset timeout reached
  Timeout     : 20000.000000s
  Actual Time : 20482.800000s

-------------------------------------------------------------------------------
 Time   |#Trial |#Backup |LBound    |UBound    |Precision  |#Alphas |#Beliefs  
-------------------------------------------------------------------------------
 20482.8 222     5651     1.85579    1.86573    0.00994683  31       393      
-------------------------------------------------------------------------------

Writing out policy ...
  output file : ./19f61cedb3f.policyx

