
Loading the model ...
  input file   : /home/rstudio/pomdp-solutions-library/1a65fbebb01.pomdpx
  loading time : 4.62s 

SARSOP initializing ...
  initialization time : 1300.19s

-------------------------------------------------------------------------------
 Time   |#Trial |#Backup |LBound    |UBound    |Precision  |#Alphas |#Beliefs  
-------------------------------------------------------------------------------
 1300.19 0       0        2.69616    5.91378    3.21763     100      1        
 1409.4  2       50       4.17429    5.7755     1.6012      16       30       
 1647.63 4       100      4.40553    5.7703     1.36477     22       53       
 2105.6  6       150      4.51895    5.76472    1.24576     25       74       
Writing policy file: ./1a65fbebb01_8_2739.15.policy
Intermediate policy written(interval: 1000)
 2739.15 8       200      4.57692    5.75407    1.17716     25       94       
 3652.13 10      250      4.60654    5.73828    1.13174     20       115      
Writing policy file: ./1a65fbebb01_12_4735.6.policy
Intermediate policy written(interval: 1000)
 4735.6  12      300      4.63948    5.72881    1.08932     20       136      
Writing policy file: ./1a65fbebb01_14_6099.34.policy
Intermediate policy written(interval: 1000)
 6099.34 14      351      4.66145    5.71483    1.05338     20       157      
Writing policy file: ./1a65fbebb01_16_7827.88.policy
Intermediate policy written(interval: 1000)
 7827.88 16      403      4.68804    5.70751    1.01947     19       180      
Writing policy file: ./1a65fbebb01_18_9896.63.policy
Intermediate policy written(interval: 1000)
 9896.63 18      455      4.71321    5.70326    0.990056    13       203      
Writing policy file: ./1a65fbebb01_20_12044.5.policy
Intermediate policy written(interval: 1000)
 12044.5 20      507      4.72995    5.69965    0.969704    14       225      
Writing policy file: ./1a65fbebb01_22_14656.6.policy
Intermediate policy written(interval: 1000)
 14656.6 22      561      4.74588    5.69118    0.945293    18       248      
Writing policy file: ./1a65fbebb01_23_17159.4.policy
Intermediate policy written(interval: 1000)
 17159.4 23      600      4.75338    5.69026    0.936878    17       269      
Writing policy file: ./1a65fbebb01_25_20072.9.policy
Intermediate policy written(interval: 1000)
 20072.9 25      650      4.75922    5.68954    0.93032     17       291      
-------------------------------------------------------------------------------

SARSOP finishing ...
  Preset timeout reached
  Timeout     : 20000.000000s
  Actual Time : 20072.930000s

-------------------------------------------------------------------------------
 Time   |#Trial |#Backup |LBound    |UBound    |Precision  |#Alphas |#Beliefs  
-------------------------------------------------------------------------------
 20072.9 25      650      4.75922    5.68954    0.93032     17       291      
-------------------------------------------------------------------------------

Writing out policy ...
  output file : ./1a65fbebb01.policyx

