
Loading the model ...
  input file   : /home/rstudio/pomdp-solutions-library/1a75fbebb01.pomdpx
  loading time : 4.67s 

SARSOP initializing ...
  initialization time : 1013.63s

-------------------------------------------------------------------------------
 Time   |#Trial |#Backup |LBound    |UBound    |Precision  |#Alphas |#Beliefs  
-------------------------------------------------------------------------------
 1013.63 0       0        0.744226   1.41781    0.673587    100      1        
 1101.07 2       50       0.932398   1.38242    0.450023    17       25       
 1267.05 4       103      1.0078     1.38216    0.37436     25       49       
 1496.19 6       159      1.06072    1.38123    0.320511    23       73       
 1995.86 7       200      1.07878    1.38096    0.30218     19       96       
Writing policy file: ./1a75fbebb01_9_2604.7.policy
Intermediate policy written(interval: 1000)
 2604.7  9       250      1.1091     1.38065    0.27155     13       113      
 3169.33 11      300      1.13122    1.38049    0.249269    14       126      
Writing policy file: ./1a75fbebb01_13_4381.26.policy
Intermediate policy written(interval: 1000)
 4381.26 13      355      1.14574    1.37927    0.233527    13       148      
Writing policy file: ./1a75fbebb01_15_5776.42.policy
Intermediate policy written(interval: 1000)
 5776.42 15      409      1.15351    1.37852    0.22501     15       170      
Writing policy file: ./1a75fbebb01_16_7745.94.policy
Intermediate policy written(interval: 1000)
 7745.94 16      450      1.15797    1.37788    0.219916    20       195      
Writing policy file: ./1a75fbebb01_18_9281.7.policy
Intermediate policy written(interval: 1000)
 9281.7  18      500      1.17268    1.37756    0.204879    15       212      
Writing policy file: ./1a75fbebb01_20_10887.5.policy
Intermediate policy written(interval: 1000)
 10887.5 20      550      1.1839     1.37678    0.192878    13       228      
Writing policy file: ./1a75fbebb01_22_13182.5.policy
Intermediate policy written(interval: 1000)
 13182.5 22      605      1.19313    1.37639    0.183267    11       250      
Writing policy file: ./1a75fbebb01_24_16005.8.policy
Intermediate policy written(interval: 1000)
 16005.8 24      661      1.20042    1.37603    0.175613    14       274      
Writing policy file: ./1a75fbebb01_25_18669.3.policy
Intermediate policy written(interval: 1000)
 18669.3 26      700      1.20211    1.37584    0.173728    22       295      
Writing policy file: ./1a75fbebb01_27_21106.7.policy
Intermediate policy written(interval: 1000)
 21106.7 27      750      1.20423    1.37573    0.171501    22       312      
-------------------------------------------------------------------------------

SARSOP finishing ...
  Preset timeout reached
  Timeout     : 20000.000000s
  Actual Time : 21106.700000s

-------------------------------------------------------------------------------
 Time   |#Trial |#Backup |LBound    |UBound    |Precision  |#Alphas |#Beliefs  
-------------------------------------------------------------------------------
 21106.7 27      750      1.20423    1.37573    0.171501    22       312      
-------------------------------------------------------------------------------

Writing out policy ...
  output file : ./1a75fbebb01.policyx

