
Loading the model ...
  input file   : /home/rstudio/pomdp-solutions-library/1ad5fbebb01.pomdpx
  loading time : 4.68s 

SARSOP initializing ...
  initialization time : 1534.60s

-------------------------------------------------------------------------------
 Time   |#Trial |#Backup |LBound    |UBound    |Precision  |#Alphas |#Beliefs  
-------------------------------------------------------------------------------
 1534.6  0       0        0.625222   1.61207    0.986849    100      1        
 1601.68 2       55       0.820787   1.56472    0.743929    15       24       
 1725.89 4       111      0.945044   1.56397    0.618926    13       45       
 1805.95 5       150      0.995253   1.56306    0.567808    6        57       
 1897.44 7       200      1.05323    1.56207    0.508847    8        68       
 2011.61 9       251      1.09893    1.56096    0.462031    8        80       
 2267.21 11      307      1.1554     1.55991    0.404515    7        100      
 2476.18 13      363      1.20076    1.55865    0.357894    6        114      
Writing policy file: ./1ad5fbebb01_14_2622.83.policy
Intermediate policy written(interval: 1000)
 2622.83 14      400      1.21622    1.55843    0.342207    6        123      
 2856.91 16      450      1.24322    1.55754    0.314312    5        133      
 3202.75 18      503      1.26268    1.55733    0.294656    7        146      
 3407.65 20      559      1.27843    1.55723    0.278806    9        153      
Writing policy file: ./1ad5fbebb01_21_3781.32.policy
Intermediate policy written(interval: 1000)
 3781.32 21      600      1.28643    1.55713    0.270697    8        166      
 4212.62 23      650      1.29978    1.55687    0.257088    8        179      
Writing policy file: ./1ad5fbebb01_25_4827.38.policy
Intermediate policy written(interval: 1000)
 4827.38 25      700      1.3114     1.55684    0.245447    9        194      
 5393.6  27      755      1.32121    1.55644    0.235225    10       208      
Writing policy file: ./1ad5fbebb01_29_6019.51.policy
Intermediate policy written(interval: 1000)
 6019.51 29      811      1.33012    1.55568    0.225561    10       221      
 6730.46 30      850      1.33338    1.55562    0.222247    12       234      
Writing policy file: ./1ad5fbebb01_32_7046.08.policy
Intermediate policy written(interval: 1000)
 7046.08 32      900      1.34168    1.5556     0.213916    10       240      
 7592.01 34      951      1.3494     1.55557    0.206174    8        251      
Writing policy file: ./1ad5fbebb01_36_8223.46.policy
Intermediate policy written(interval: 1000)
 8223.46 36      1007     1.3562     1.55545    0.19925     10       262      
 9034.29 38      1063     1.36211    1.5554     0.193289    11       275      
Writing policy file: ./1ad5fbebb01_39_10173.5.policy
Intermediate policy written(interval: 1000)
 10173.5 39      1100     1.36482    1.55537    0.190555    8        292      
Writing policy file: ./1ad5fbebb01_41_11259.7.policy
Intermediate policy written(interval: 1000)
 11259.7 41      1150     1.36983    1.55523    0.185408    8        307      
 12185.9 43      1203     1.37407    1.55517    0.1811      8        319      
Writing policy file: ./1ad5fbebb01_45_12410.9.policy
Intermediate policy written(interval: 1000)
 12410.9 45      1259     1.37965    1.55516    0.175509    9        322      
Writing policy file: ./1ad5fbebb01_46_13640.7.policy
Intermediate policy written(interval: 1000)
 13640.7 46      1300     1.3825     1.55516    0.172655    11       339      
 13992.8 48      1350     1.38566    1.55514    0.169478    12       344      
Writing policy file: ./1ad5fbebb01_50_14656.7.policy
Intermediate policy written(interval: 1000)
 14656.7 50      1400     1.39017    1.55504    0.164876    10       352      
Writing policy file: ./1ad5fbebb01_52_15657.8.policy
Intermediate policy written(interval: 1000)
 15657.8 52      1455     1.39345    1.55499    0.161535    11       364      
 16392.4 54      1513     1.4005     1.55496    0.154455    11       373      
 16650.9 55      1550     1.40236    1.55494    0.152583    12       376      
Writing policy file: ./1ad5fbebb01_57_17527.6.policy
Intermediate policy written(interval: 1000)
 17527.6 57      1600     1.40577    1.55494    0.149167    12       387      
 17797.5 59      1653     1.40815    1.55489    0.146743    10       390      
Writing policy file: ./1ad5fbebb01_61_19075.1.policy
Intermediate policy written(interval: 1000)
 19075.1 61      1709     1.41003    1.55476    0.144729    17       404      
Writing policy file: ./1ad5fbebb01_62_20541.policy
Intermediate policy written(interval: 1000)
 20541   62      1750     1.411      1.55473    0.143736    14       418      
-------------------------------------------------------------------------------

SARSOP finishing ...
  Preset timeout reached
  Timeout     : 20000.000000s
  Actual Time : 20541.010000s

-------------------------------------------------------------------------------
 Time   |#Trial |#Backup |LBound    |UBound    |Precision  |#Alphas |#Beliefs  
-------------------------------------------------------------------------------
 20541   62      1750     1.411      1.55473    0.143736    14       418      
-------------------------------------------------------------------------------

Writing out policy ...
  output file : ./1ad5fbebb01.policyx

