
Loading the model ...
  input file   : /home/rstudio/pomdp-solutions-library/1ae5fbebb01.pomdpx
  loading time : 4.77s 

SARSOP initializing ...
  initialization time : 1561.77s

-------------------------------------------------------------------------------
 Time   |#Trial |#Backup |LBound    |UBound    |Precision  |#Alphas |#Beliefs  
-------------------------------------------------------------------------------
 1561.77 0       0        0.625222   1.54959    0.924372    100      1        
 1716.87 2       55       0.775787   1.49176    0.715974    9        27       
 2121    4       111      0.880573   1.4879     0.607331    7        50       
Writing policy file: ./1ae5fbebb01_5_2785.07.policy
Intermediate policy written(interval: 1000)
 2785.07 5       150      0.92742    1.48754    0.560118    12       73       
 3563.51 7       200      0.964826   1.48467    0.519841    7        92       
Writing policy file: ./1ae5fbebb01_9_4456.41.policy
Intermediate policy written(interval: 1000)
 4456.41 9       251      0.993271   1.48264    0.489367    10       110      
Writing policy file: ./1ae5fbebb01_11_5866.5.policy
Intermediate policy written(interval: 1000)
 5866.5  11      307      1.02183    1.48237    0.460533    8        133      
Writing policy file: ./1ae5fbebb01_13_7577.79.policy
Intermediate policy written(interval: 1000)
 7577.79 13      363      1.04957    1.48189    0.432319    10       156      
Writing policy file: ./1ae5fbebb01_14_9168.policy
Intermediate policy written(interval: 1000)
 9168    14      400      1.06087    1.48173    0.42086     9        174      
Writing policy file: ./1ae5fbebb01_16_11067.3.policy
Intermediate policy written(interval: 1000)
 11067.3 16      450      1.08022    1.48099    0.400775    7        193      
Writing policy file: ./1ae5fbebb01_18_13382.8.policy
Intermediate policy written(interval: 1000)
 13382.8 18      503      1.09269    1.47913    0.386446    10       214      
Writing policy file: ./1ae5fbebb01_20_15847.7.policy
Intermediate policy written(interval: 1000)
 15847.7 20      559      1.10547    1.47861    0.373142    9        235      
Writing policy file: ./1ae5fbebb01_21_18954.8.policy
Intermediate policy written(interval: 1000)
 18954.8 21      600      1.10955    1.47834    0.368797    12       259      
Writing policy file: ./1ae5fbebb01_23_21337.3.policy
Intermediate policy written(interval: 1000)
 21337.3 23      650      1.1206     1.47766    0.357062    11       276      
-------------------------------------------------------------------------------

SARSOP finishing ...
  Preset timeout reached
  Timeout     : 20000.000000s
  Actual Time : 21337.280000s

-------------------------------------------------------------------------------
 Time   |#Trial |#Backup |LBound    |UBound    |Precision  |#Alphas |#Beliefs  
-------------------------------------------------------------------------------
 21337.3 23      650      1.1206     1.47766    0.357062    11       276      
-------------------------------------------------------------------------------

Writing out policy ...
  output file : ./1ae5fbebb01.policyx

