
Loading the model ...
  input file   : /home/rstudio/pomdpplus/inst/notebook/tuna/10c4db84db2.pomdpx
  loading time : 74.30s 

SARSOP initializing ...
  initialization time : 102301.79s

-------------------------------------------------------------------------------
 Time   |#Trial |#Backup |LBound    |UBound    |Precision  |#Alphas |#Beliefs  
-------------------------------------------------------------------------------
 102302  0       0        3.37514    5.19556    1.82042     150      1        
-------------------------------------------------------------------------------

SARSOP finishing ...
  Preset timeout reached
  Timeout     : 40000.000000s
  Actual Time : 102301.790000s

-------------------------------------------------------------------------------
 Time   |#Trial |#Backup |LBound    |UBound    |Precision  |#Alphas |#Beliefs  
-------------------------------------------------------------------------------
 102304  0       1        4.0028     5.17269    1.16989     149      2        
-------------------------------------------------------------------------------

Writing out policy ...
  output file : tuna/10c4db84db2.policyx

