
Loading the model ...
  input file   : /home/rstudio/pomdpplus/inst/notebook/tuna/10f4db84db2.pomdpx
  loading time : 74.24s 

SARSOP initializing ...
  initialization time : 95211.49s

-------------------------------------------------------------------------------
 Time   |#Trial |#Backup |LBound    |UBound    |Precision  |#Alphas |#Beliefs  
-------------------------------------------------------------------------------
 95211.5 0       0        2.0621     3.21977    1.15767     150      1        
-------------------------------------------------------------------------------

SARSOP finishing ...
  Preset timeout reached
  Timeout     : 40000.000000s
  Actual Time : 95211.490000s

-------------------------------------------------------------------------------
 Time   |#Trial |#Backup |LBound    |UBound    |Precision  |#Alphas |#Beliefs  
-------------------------------------------------------------------------------
 95213.5 0       1        2.44331    3.20487    0.761559    148      2        
-------------------------------------------------------------------------------

Writing out policy ...
  output file : tuna/10f4db84db2.policyx

