
Loading the model ...
  input file   : /home/rstudio/pomdpplus/inst/notebook/tuna/1104db84db2.pomdpx
  loading time : 74.11s 

SARSOP initializing ...
  initialization time : 92235.60s

-------------------------------------------------------------------------------
 Time   |#Trial |#Backup |LBound    |UBound    |Precision  |#Alphas |#Beliefs  
-------------------------------------------------------------------------------
 92235.6 0       0        1.75103    2.58453    0.8335      150      1        
-------------------------------------------------------------------------------

SARSOP finishing ...
  Preset timeout reached
  Timeout     : 40000.000000s
  Actual Time : 92235.600000s

-------------------------------------------------------------------------------
 Time   |#Trial |#Backup |LBound    |UBound    |Precision  |#Alphas |#Beliefs  
-------------------------------------------------------------------------------
 92237.5 0       1        1.93888    2.5722     0.63332     147      2        
-------------------------------------------------------------------------------

Writing out policy ...
  output file : tuna/1104db84db2.policyx

