
Loading the model ...
  input file   : /home/rstudio/pomdpplus/inst/notebook/tuna/1124db7fa44.pomdpx
  loading time : 77.76s 

SARSOP initializing ...
  initialization time : 93123.53s

-------------------------------------------------------------------------------
 Time   |#Trial |#Backup |LBound    |UBound    |Precision  |#Alphas |#Beliefs  
-------------------------------------------------------------------------------
 93123.5 0       0        1.75103    2.58485    0.833821    150      1        
-------------------------------------------------------------------------------

SARSOP finishing ...
  Preset timeout reached
  Timeout     : 40000.000000s
  Actual Time : 93123.530000s

-------------------------------------------------------------------------------
 Time   |#Trial |#Backup |LBound    |UBound    |Precision  |#Alphas |#Beliefs  
-------------------------------------------------------------------------------
 93139.9 0       1        1.87561    2.57252    0.696914    147      2        
-------------------------------------------------------------------------------

Writing out policy ...
  output file : tuna/1124db7fa44.policyx

