
Loading the model ...
  input file   : /home/rstudio/pomdpplus/inst/notebook/tuna/3474c53bc41.pomdpx
  loading time : 13.97s 

SARSOP initializing ...
  initialization time : 4634.16s

-------------------------------------------------------------------------------
 Time   |#Trial |#Backup |LBound    |UBound    |Precision  |#Alphas |#Beliefs  
-------------------------------------------------------------------------------
 4634.16 0       0        1.26514    1.9627     0.697556    150      1        
 4716.79 3       50       1.57805    1.95064    0.372584    195      29       
 4809.92 5       100      1.66394    1.95058    0.28664     99       47       
 4889.87 6       150      1.6864     1.95056    0.26416     96       85       
 4901.35 7       207      1.74892    1.95055    0.201628    95       99       
 5010.34 8       255      1.77386    1.95055    0.176687    88       121      
 5191.4  9       300      1.78763    1.95054    0.162915    77       145      
 5393.93 11      350      1.81348    1.95053    0.137056    73       166      
 5612.64 13      401      1.84394    1.95036    0.106421    72       185      
 5917.71 15      453      1.86089    1.95034    0.089452    65       208      
 6232.13 17      501      1.86845    1.95034    0.0818873   63       228      
 6647.6  19      553      1.88031    1.95031    0.0700069   55       251      
 6927.06 20      600      1.88288    1.95031    0.06743     53       284      
 7035.25 20      650      1.88288    1.95031    0.06743     81       334      
 7055.55 21      735      1.89012    1.95031    0.0601828   87       340      
 7278.18 21      750      1.89012    1.95031    0.0601828   85       354      
 7611.21 23      803      1.89528    1.95029    0.0550174   75       371      
 8263.98 25      861      1.89849    1.95028    0.0517821   71       398      
 8876.36 27      900      1.9005     1.95027    0.0497658   77       421      
 9526.05 28      950      1.90282    1.95027    0.047445    72       443      
 10230   30      1000     1.90548    1.95025    0.0447674   71       464      
 10970   33      1061     1.90814    1.95023    0.0420941   68       485      
 11861   35      1109     1.90965    1.95023    0.040586    65       505      
 12806.8 37      1161     1.91153    1.95018    0.0386416   71       528      
 13645.5 38      1200     1.91206    1.95018    0.0381205   72       550      
 14518.4 40      1250     1.91232    1.95018    0.0378579   70       569      
Writing policy file: tuna/3474c53bc41_43_15336.1.policy
Intermediate policy written(interval: 10000)
 15336.1 43      1305     1.91253    1.95017    0.037633    73       587      
 16383.5 45      1350     1.91377    1.95015    0.0363795   65       609      
 17335.8 48      1407     1.91475    1.95002    0.0352693   82       630      
 18467.8 50      1451     1.91505    1.95002    0.0349765   76       648      
 19829   52      1500     1.91533    1.95002    0.0346927   74       672      
 20841.1 55      1550     1.91546    1.95002    0.0345668   83       688      
 22613.6 58      1607     1.91664    1.95001    0.0333748   72       712      
 24164.2 60      1651     1.91709    1.95       0.0329129   66       731      
Writing policy file: tuna/3474c53bc41_62_26286.policy
Intermediate policy written(interval: 10000)
 26286   62      1700     1.91725    1.95       0.0327499   68       754      
 27804.7 65      1751     1.91733    1.95       0.0326661   76       771      
 29650.9 68      1809     1.91777    1.95       0.0322243   61       794      
 31290.4 70      1850     1.918      1.95       0.0319958   70       812      
 33354.2 73      1903     1.91807    1.95       0.0319252   58       831      
 35653.9 76      1957     1.91816    1.95       0.0318361   64       852      
Writing policy file: tuna/3474c53bc41_77_37007.7.policy
Intermediate policy written(interval: 10000)
 37007.7 77      2000     1.91844    1.94998    0.031534    59       883      
 37546.7 77      2050     1.91844    1.94998    0.031534    91       933      
 37623.8 78      2139     1.91947    1.94997    0.0305089   102      939      
 38764.4 78      2150     1.91947    1.94997    0.0305089   108      949      
 41078.4 81      2209     1.91952    1.94997    0.0304557   111      968      
 43477.3 83      2255     1.91995    1.94992    0.0299735   111      988      
 45596.9 85      2303     1.91997    1.94992    0.0299557   115      1008     
Writing policy file: tuna/3474c53bc41_87_47706.9.policy
Intermediate policy written(interval: 10000)
 47706.9 87      2350     1.91998    1.94992    0.0299453   119      1028     
 50280.1 89      2400     1.92024    1.94992    0.0296835   111      1051     
 52444   92      2459     1.92035    1.94992    0.0295758   111      1072     
 54429.7 94      2503     1.92047    1.94992    0.0294509   120      1090     
 57093.2 96      2550     1.92047    1.94992    0.0294507   121      1110     
Writing policy file: tuna/3474c53bc41_99_60428.7.policy
Intermediate policy written(interval: 10000)
 60428.7 99      2609     1.92049    1.94992    0.0294351   114      1133     
 62960.8 101     2650     1.92049    1.94992    0.0294279   117      1149     
 66752.4 104     2707     1.92058    1.94992    0.0293424   113      1172     
 69842.4 106     2750     1.92059    1.94992    0.0293294   117      1190     
Writing policy file: tuna/3474c53bc41_109_73504.4.policy
Intermediate policy written(interval: 10000)
 73504.4 109     2801     1.92079    1.94992    0.0291274   120      1210     
 77929   112     2857     1.92083    1.94992    0.0290818   113      1232     
 81829.6 114     2900     1.92083    1.94992    0.0290816   122      1251     
Writing policy file: tuna/3474c53bc41_117_85040.6.policy
Intermediate policy written(interval: 10000)
 85040.6 117     2951     1.92089    1.94991    0.0290263   118      1268     
 89549.1 120     3005     1.92098    1.94991    0.0289241   122      1291     
 93216.1 123     3050     1.92099    1.94991    0.0289195   128      1312     
Writing policy file: tuna/3474c53bc41_125_96332.2.policy
Intermediate policy written(interval: 10000)
 96332.2 125     3100     1.92101    1.94991    0.0288986   128      1330     
 99858.9 128     3151     1.92126    1.94991    0.0286426   115      1348     
 103202  131     3207     1.92127    1.94991    0.0286359   114      1370     
Writing policy file: tuna/3474c53bc41_133_106883.policy
Intermediate policy written(interval: 10000)
 106883  133     3250     1.92127    1.94991    0.0286335   108      1389     
 110626  136     3300     1.92129    1.94991    0.0286166   125      1406     
 114790  139     3353     1.92137    1.94991    0.0285365   119      1425     
Writing policy file: tuna/3474c53bc41_142_118548.policy
Intermediate policy written(interval: 10000)
 118548  142     3405     1.92138    1.94991    0.0285253   128      1443     
 122668  145     3457     1.92139    1.94991    0.0285177   127      1462     
 127264  147     3500     1.92203    1.9499     0.0278779   133      1482     
Writing policy file: tuna/3474c53bc41_150_132536.policy
Intermediate policy written(interval: 10000)
 132536  150     3559     1.92216    1.9499     0.0277445   139      1505     
 136343  152     3603     1.92216    1.9499     0.0277443   140      1523     
 141808  154     3650     1.92216    1.9499     0.0277442   141      1545     
Writing policy file: tuna/3474c53bc41_157_146564.policy
Intermediate policy written(interval: 10000)
 146564  157     3705     1.92216    1.9499     0.027744    139      1564     
 151490  159     3750     1.92216    1.9499     0.0277434   133      1584     
 156284  162     3805     1.92216    1.9499     0.0277427   135      1603     
Writing policy file: tuna/3474c53bc41_164_161163.policy
Intermediate policy written(interval: 10000)
 161163  164     3850     1.92218    1.9499     0.027722    133      1623     
 165624  167     3901     1.92218    1.9499     0.0277176   133      1641     
Writing policy file: tuna/3474c53bc41_169_172086.policy
Intermediate policy written(interval: 10000)
 172086  170     3950     1.92245    1.94986    0.0274074   147      1666     
 176520  172     4005     1.92246    1.94986    0.0273966   145      1683     
 181163  174     4050     1.92246    1.94986    0.0273957   137      1702     
Writing policy file: tuna/3474c53bc41_177_187188.policy
Intermediate policy written(interval: 10000)
 187188  177     4107     1.92246    1.94986    0.0273953   129      1724     
 192805  179     4150     1.92246    1.94986    0.0273948   131      1744     
Writing policy file: tuna/3474c53bc41_182_197552.policy
Intermediate policy written(interval: 10000)
 197552  182     4200     1.92246    1.94986    0.0273936   134      1760     
 204178  185     4253     1.92252    1.94986    0.0273397   136      1781     
Writing policy file: tuna/3474c53bc41_188_210718.policy
Intermediate policy written(interval: 10000)
 210718  188     4307     1.92252    1.94986    0.0273384   136      1802     
 217267  190     4350     1.92255    1.94985    0.0273002   137      1824     
Writing policy file: tuna/3474c53bc41_193_222481.policy
Intermediate policy written(interval: 10000)
 222481  193     4400     1.92256    1.94985    0.0272838   135      1841     
 228683  196     4453     1.92281    1.94985    0.0270358   139      1861     
Writing policy file: tuna/3474c53bc41_198_235191.policy
Intermediate policy written(interval: 10000)
 235191  198     4500     1.92283    1.94985    0.027016    126      1884     
 240164  201     4550     1.92287    1.94985    0.0269774   139      1900     
Writing policy file: tuna/3474c53bc41_204_246463.policy
Intermediate policy written(interval: 10000)
 246463  204     4603     1.92287    1.94985    0.0269736   136      1919     
 254030  207     4650     1.92288    1.94985    0.0269672   142      1941     
Writing policy file: tuna/3474c53bc41_209_260290.policy
Intermediate policy written(interval: 10000)
 260290  209     4700     1.92291    1.94985    0.0269334   140      1959     
-------------------------------------------------------------------------------

SARSOP finishing ...
  Preset timeout reached
  Timeout     : 250000.000000s
  Actual Time : 260290.180000s

-------------------------------------------------------------------------------
 Time   |#Trial |#Backup |LBound    |UBound    |Precision  |#Alphas |#Beliefs  
-------------------------------------------------------------------------------
 260290  209     4700     1.92291    1.94985    0.0269334   140      1959     
-------------------------------------------------------------------------------

Writing out policy ...
  output file : tuna/3474c53bc41.policyx

