
Loading the model ...
  input file   : /home/rstudio/pomdp-solutions-library/10033157e1b.pomdpx
  loading time : 4.65s 

SARSOP initializing ...
  initialization time : 634.09s

-------------------------------------------------------------------------------
 Time   |#Trial |#Backup |LBound    |UBound    |Precision  |#Alphas |#Beliefs  
-------------------------------------------------------------------------------
 634.09  0       0        0.992561   1.69532    0.702763    100      1        
 687.25  2       50       1.23157    1.57138    0.339811    148      28       
 750.99  5       101      1.29403    1.57121    0.277186    56       43       
 922.89  7       150      1.31879    1.5711     0.252306    26       67       
 984.71  10      207      1.34412    1.57075    0.226633    20       77       
 1119.13 12      251      1.3545     1.57001    0.215514    10       93       
 1284.95 14      300      1.36212    1.56944    0.207325    17       110      
 1560.95 16      350      1.36806    1.56924    0.20118     19       133      
 1792    19      409      1.37402    1.5692     0.195182    13       150      
 2012.06 21      455      1.37658    1.5689     0.192313    9        164      
 2310.79 23      500      1.37867    1.56889    0.190219    16       181      
 2676.43 25      550      1.38033    1.56887    0.188533    14       202      
 3052.82 27      600      1.38325    1.56882    0.185562    26       223      
 3399.7  29      650      1.38494    1.56816    0.183219    27       243      
 3784.93 32      711      1.38652    1.56798    0.181458    20       262      
 4099.41 34      757      1.38707    1.56797    0.180905    22       276      
 4417.15 36      801      1.38761    1.5679     0.180285    22       292      
 4820.06 38      850      1.38799    1.56758    0.179589    28       312      
 5069.82 40      900      1.38978    1.56687    0.177089    31       328      
 5371.85 42      950      1.39056    1.56629    0.175735    25       345      
Writing policy file: ./10033157e1b_44_5666.02.policy
Intermediate policy written(interval: 5000)
 5666.02 44      1000     1.3912     1.5662     0.174997    23       363      
 5965.34 47      1057     1.39175    1.56617    0.174424    24       379      
 6251.2  49      1103     1.39218    1.56617    0.173988    25       390      
 6684.19 51      1151     1.39267    1.56613    0.173467    32       406      
 7107.69 53      1200     1.39298    1.56613    0.173156    29       423      
 7682.39 55      1250     1.39318    1.56613    0.172948    28       444      
 8160.16 58      1309     1.3936     1.56605    0.172451    26       460      
 8524.03 60      1355     1.39394    1.56605    0.172107    23       472      
 8926.28 62      1400     1.39406    1.56605    0.171988    31       484      
 9460.78 64      1450     1.39413    1.56605    0.171915    34       499      
 10154.4 67      1500     1.39427    1.56602    0.171753    46       516      
 10546.1 69      1555     1.39436    1.56583    0.171469    44       525      
Writing policy file: ./10033157e1b_71_11073.1.policy
Intermediate policy written(interval: 5000)
 11073.1 71      1600     1.39439    1.56581    0.171422    38       537      
 11895.4 73      1650     1.3945     1.56575    0.171249    38       555      
 12999.1 75      1700     1.39458    1.56561    0.17103     38       576      
 13774.9 78      1757     1.39465    1.56558    0.170929    42       590      
 14320.9 80      1801     1.39471    1.56558    0.170874    44       599      
 15199.7 82      1850     1.39474    1.56519    0.170454    46       613      
Writing policy file: ./10033157e1b_84_16374.5.policy
Intermediate policy written(interval: 5000)
 16374.5 84      1900     1.39479    1.56519    0.170405    49       630      
 17510.3 87      1959     1.39487    1.56519    0.17032     51       645      
 18135.9 89      2003     1.39491    1.56519    0.170272    55       655      
 18805.2 91      2050     1.39497    1.56519    0.170218    56       665      
 19816.7 93      2100     1.39501    1.56519    0.170173    51       679      
 20775.5 96      2157     1.39506    1.56518    0.170127    50       692      
Writing policy file: ./10033157e1b_98_21948.5.policy
Intermediate policy written(interval: 5000)
 21948.5 98      2203     1.39523    1.56494    0.169714    57       708      
-------------------------------------------------------------------------------

SARSOP finishing ...
  Preset timeout reached
  Timeout     : 20000.000000s
  Actual Time : 21948.500000s

-------------------------------------------------------------------------------
 Time   |#Trial |#Backup |LBound    |UBound    |Precision  |#Alphas |#Beliefs  
-------------------------------------------------------------------------------
 21948.5 98      2203     1.39523    1.56494    0.169714    57       708      
-------------------------------------------------------------------------------

Writing out policy ...
  output file : ./10033157e1b.policyx

