
Loading the model ...
  input file   : /home/rstudio/pomdp-solutions-library/ffd3157e1b.pomdpx
  loading time : 4.02s 

SARSOP initializing ...
  initialization time : 322.03s

-------------------------------------------------------------------------------
 Time   |#Trial |#Backup |LBound    |UBound    |Precision  |#Alphas |#Beliefs  
-------------------------------------------------------------------------------
 322.03  0       0        2.51304    4.22541    1.71236     100      1        
 327.41  3       51       3.68533    4.04827    0.362942    147      27       
 336.15  5       101      3.73454    4.04653    0.311997    54       52       
 348.21  7       151      3.78778    4.04381    0.256036    45       77       
 364.64  9       205      3.81301    4.04208    0.229068    41       104      
 385.05  11      259      3.83207    4.0411     0.209032    36       131      
 409.27  13      313      3.84069    4.04022    0.199539    42       157      
 431.93  14      350      3.84711    4.0398     0.192693    39       179      
 457.06  16      400      3.8498     4.03923    0.189422    39       201      
 485.95  18      453      3.85536    4.03878    0.183418    34       225      
 525.28  20      511      3.86232    4.03803    0.175711    43       253      
 569.42  21      550      3.86406    4.03782    0.173761    42       277      
 605.91  23      600      3.87076    4.03716    0.166402    33       298      
 651.97  25      655      3.87304    4.03702    0.163978    47       322      
 709.24  27      713      3.87734    4.03653    0.159191    43       350      
 758.61  28      750      3.87832    4.0365     0.158183    47       371      
 807.85  30      801      3.88106    4.03599    0.154936    42       392      
 876.94  32      859      3.88306    4.03584    0.152782    44       419      
 956.95  33      900      3.88316    4.03583    0.152671    63       445      
 1018.03 35      950      3.88545    4.03535    0.149899    65       465      
 1099.97 37      1005     3.88758    4.03514    0.147561    56       490      
 1194.36 39      1050     3.88888    4.03506    0.146182    54       518      
 1261.08 40      1100     3.88962    4.03502    0.145404    64       538      
 1342.66 42      1155     3.89216    4.0348     0.142641    61       561      
 1443.07 44      1211     3.89233    4.03473    0.142407    62       587      
 1543.9  45      1250     3.89256    4.03472    0.142156    75       610      
 1637.77 47      1301     3.89262    4.0347     0.142076    90       629      
 1780.22 49      1361     3.89399    4.03464    0.140647    88       657      
 1903.35 50      1400     3.89402    4.03463    0.140614    90       681      
 2002.97 52      1450     3.89452    4.03454    0.14002     82       699      
 2151.29 54      1507     3.8948     4.03446    0.139658    93       724      
 2306.91 55      1550     3.8953     4.03439    0.139085    61       752      
 2404.9  57      1600     3.89829    4.03398    0.135689    74       770      
 2555.88 59      1657     3.89847    4.0339     0.135422    100      795      
 2717.4  61      1700     3.89857    4.03389    0.13532     100      820      
 2841.9  62      1750     3.89877    4.03388    0.135112    108      839      
 2988.6  64      1801     3.89884    4.03387    0.135035    122      860      
 3223.75 66      1861     3.89919    4.03386    0.134671    130      888      
 3447.68 67      1900     3.89922    4.03386    0.134643    120      911      
 3626.46 69      1950     3.89964    4.03383    0.134189    139      928      
 3883.75 71      2007     3.89971    4.03381    0.134103    124      953      
 4180.06 72      2050     3.89974    4.03381    0.134063    115      980      
 4381.47 74      2100     3.89998    4.03378    0.133801    119      1000     
 4569.79 76      2153     3.90301    4.03377    0.130768    94       1020     
 4838.78 78      2213     3.90406    4.03366    0.129594    100      1047     
 5055.86 79      2250     3.90424    4.03362    0.129379    96       1069     
 5252.9  81      2303     3.90711    4.03322    0.126114    84       1089     
Writing policy file: ./ffd3157e1b_82_5531.61.policy
Intermediate policy written(interval: 5000)
 5531.61 83      2350     3.9072     4.03319    0.125998    94       1117     
 5726.4  84      2400     3.90834    4.03299    0.124648    100      1136     
 5984.56 86      2457     3.90848    4.03298    0.124503    115      1160     
 6268.43 87      2500     3.90864    4.03296    0.124315    124      1185     
 6465.56 89      2550     3.90875    4.03296    0.124204    114      1203     
 6810.39 91      2613     3.90881    4.03292    0.124114    133      1232     
 7061.22 92      2650     3.90918    4.03285    0.123672    130      1253     
 7343.48 94      2705     3.90928    4.03282    0.123535    137      1275     
 7707.14 95      2750     3.9093     4.03282    0.123514    140      1304     
 7929.83 97      2800     3.9094     4.03281    0.123409    154      1321     
 8255.3  99      2855     3.90941    4.0328     0.123389    156      1344     
 8681.89 100     2900     3.90942    4.0328     0.123379    171      1373     
 8934.74 102     2950     3.90943    4.03274    0.123305    191      1390     
 9287.48 104     3007     3.90954    4.03274    0.123195    173      1414     
 9698.89 105     3050     3.90957    4.03273    0.123163    166      1440     
 9974.27 107     3100     3.90959    4.03273    0.123132    168      1458     
 10386.7 109     3159     3.90963    4.03271    0.123082    157      1483     
Writing policy file: ./ffd3157e1b_110_10813.9.policy
Intermediate policy written(interval: 5000)
 10813.9 110     3200     3.90963    4.03271    0.123081    169      1508     
 11089.2 112     3250     3.90979    4.0327     0.122912    161      1525     
 11512.8 114     3307     3.90981    4.0327     0.122892    154      1549     
 11938.1 116     3350     3.90981    4.0327     0.122888    151      1573     
 12245.4 117     3400     3.90983    4.0327     0.122871    143      1592     
 12627.9 119     3455     3.91133    4.03253    0.1212      136      1614     
 13109.7 121     3513     3.91191    4.0325     0.12059     141      1641     
 13463.6 122     3550     3.91208    4.03248    0.120406    151      1661     
 13871.6 124     3605     3.91224    4.03245    0.120207    170      1682     
 14369.3 126     3663     3.91239    4.03244    0.120046    152      1709     
 14743.6 127     3700     3.91256    4.03239    0.119831    144      1730     
 15135   129     3753     3.91263    4.03238    0.119755    150      1751     
 15635.6 131     3811     3.91265    4.03237    0.119716    159      1778     
Writing policy file: ./ffd3157e1b_132_16057.8.policy
Intermediate policy written(interval: 5000)
 16057.8 132     3850     3.91327    4.03229    0.119013    154      1801     
 16487.6 134     3905     3.91331    4.03225    0.118941    171      1822     
 17028.9 136     3963     3.91334    4.03224    0.118897    154      1849     
 17419.9 137     4000     3.91336    4.03224    0.118872    153      1868     
 17856.2 139     4053     3.91348    4.0322     0.11872     160      1889     
 18417.6 141     4113     3.91349    4.03217    0.118682    177      1915     
 18838   142     4150     3.91351    4.03217    0.118665    180      1935     
 19228.5 144     4205     3.91353    4.03217    0.118638    196      1957     
 19672.8 146     4263     3.91355    4.03216    0.118615    195      1982     
 20020   147     4300     3.9136     4.03216    0.118559    204      2003     
 20354.5 149     4351     3.91362    4.03215    0.118531    230      2023     
 20731.4 151     4411     3.91364    4.03215    0.118509    217      2050     
 20998.4 152     4450     3.91364    4.03215    0.118506    216      2072     
Writing policy file: ./ffd3157e1b_154_21205.1.policy
Intermediate policy written(interval: 5000)
 21205.1 154     4501     3.91368    4.03214    0.11846     203      2090     
-------------------------------------------------------------------------------

SARSOP finishing ...
  Preset timeout reached
  Timeout     : 20000.000000s
  Actual Time : 21205.120000s

-------------------------------------------------------------------------------
 Time   |#Trial |#Backup |LBound    |UBound    |Precision  |#Alphas |#Beliefs  
-------------------------------------------------------------------------------
 21205.1 154     4501     3.91368    4.03214    0.11846     203      2090     
-------------------------------------------------------------------------------

Writing out policy ...
  output file : ./ffd3157e1b.policyx

