
Loading the model ...
  input file   : /home/rstudio/pomdp-solutions-library/ffd4bb26e4b.pomdpx
  loading time : 4.30s 

SARSOP initializing ...
  initialization time : 642.12s

-------------------------------------------------------------------------------
 Time   |#Trial |#Backup |LBound    |UBound    |Precision  |#Alphas |#Beliefs  
-------------------------------------------------------------------------------
 642.12  0       0        1.21672    1.94748    0.730761    100      1        
 652.16  3       50       1.56076    1.85726    0.296499    36       28       
 669.83  6       100      1.65184    1.8571     0.205263    30       48       
 681.51  9       150      1.68937    1.85688    0.167507    34       61       
 720.92  12      200      1.7119     1.85676    0.144861    31       85       
 763.74  16      255      1.72706    1.85622    0.129156    30       106      
 821.26  19      300      1.73476    1.8562     0.121441    34       125      
 919.04  23      355      1.73959    1.85609    0.116505    31       147      
 1062.3  26      400      1.74035    1.85598    0.115637    34       168      
 1274.73 30      450      1.74142    1.85576    0.114338    34       190      
 1472.33 34      500      1.74413    1.85574    0.111619    33       210      
 1700.89 39      555      1.74577    1.85527    0.1095      47       230      
 1959.5  43      605      1.74644    1.85523    0.108793    39       251      
 2200.93 47      655      1.74699    1.85522    0.10823     41       271      
 2467.69 51      703      1.74719    1.85516    0.107965    36       290      
 2874.58 55      750      1.74744    1.85498    0.107547    37       309      
 3100.35 59      803      1.75012    1.85497    0.104846    45       326      
 3314    63      851      1.75042    1.85495    0.104533    41       345      
 3644    67      901      1.75068    1.85489    0.10421     49       366      
 4023.75 71      953      1.75419    1.85136    0.0971734   57       389      
 4467.62 74      1000     1.75431    1.85135    0.0970477   65       410      
 4805.49 78      1055     1.75438    1.85135    0.0969653   52       431      
 5071.73 81      1100     1.75499    1.85134    0.0963444   53       450      
 5433.36 85      1157     1.75507    1.85133    0.0962554   52       473      
Writing policy file: ./ffd4bb26e4b_88_5892.39.policy
Intermediate policy written(interval: 5000)
 5892.39 88      1200     1.75511    1.85132    0.0962139   52       489      
 6586.43 92      1250     1.75525    1.85132    0.0960639   53       512      
 7048.95 95      1301     1.75543    1.8513     0.0958619   57       531      
 7753.69 99      1350     1.75552    1.85129    0.0957737   60       555      
 8191.52 102     1400     1.75565    1.85125    0.0956017   63       571      
 9056.82 106     1451     1.75571    1.85124    0.0955283   70       591      
 9930.12 110     1500     1.75576    1.85123    0.0954738   69       612      
 10797.5 113     1550     1.75582    1.85117    0.0953515   82       630      
Writing policy file: ./ffd4bb26e4b_117_11843.8.policy
Intermediate policy written(interval: 5000)
 11843.8 117     1601     1.75585    1.85117    0.0953121   90       651      
 12977.6 121     1653     1.75595    1.85115    0.0951929   80       673      
 14000.4 125     1705     1.75597    1.8511     0.095138    92       692      
 15140.1 128     1750     1.756      1.8511     0.0950959   99       712      
 16177.6 132     1801     1.75608    1.85108    0.0950054   82       730      
Writing policy file: ./ffd4bb26e4b_136_17087.3.policy
Intermediate policy written(interval: 5000)
 17087.3 136     1851     1.75609    1.85108    0.0949834   82       747      
 18101   140     1901     1.75613    1.85107    0.0949444   90       765      
 19285.3 144     1955     1.75617    1.85105    0.094882    91       785      
 20621.8 147     2000     1.75618    1.85104    0.0948648   100      806      
 21701.5 151     2050     1.75627    1.85086    0.094589    104      823      
Writing policy file: ./ffd4bb26e4b_155_23167.8.policy
Intermediate policy written(interval: 5000)
 23167.8 155     2100     1.7563     1.85085    0.0945564   94       844      
-------------------------------------------------------------------------------

SARSOP finishing ...
  Preset timeout reached
  Timeout     : 20000.000000s
  Actual Time : 23167.780000s

-------------------------------------------------------------------------------
 Time   |#Trial |#Backup |LBound    |UBound    |Precision  |#Alphas |#Beliefs  
-------------------------------------------------------------------------------
 23167.8 155     2100     1.7563     1.85085    0.0945564   94       844      
-------------------------------------------------------------------------------

Writing out policy ...
  output file : ./ffd4bb26e4b.policyx

