
Loading the model ...
  input file   : /home/rstudio/pomdp-solutions-library/ffe4bb26e4b.pomdpx
  loading time : 4.08s 

SARSOP initializing ...
  initialization time : 720.54s

-------------------------------------------------------------------------------
 Time   |#Trial |#Backup |LBound    |UBound    |Precision  |#Alphas |#Beliefs  
-------------------------------------------------------------------------------
 720.54  0       0        2.48165    4.2481     1.76645     100      1        
 745.21  3       51       3.61294    4.07173    0.458785    34       25       
 800.68  5       100      3.6875     4.06982    0.382321    42       46       
 865.57  8       155      3.73397    4.06887    0.334896    30       63       
 970.19  10      200      3.74354    4.06859    0.325046    37       81       
 1097.74 13      259      3.75619    4.06842    0.312234    26       99       
 1181.49 15      303      3.76289    4.06824    0.305358    23       110      
 1377.74 17      350      3.76647    4.06797    0.301499    26       129      
 1571.97 20      405      3.76982    4.06756    0.297746    24       145      
 1805.02 22      450      3.77172    4.06745    0.295728    25       160      
 2157.62 25      505      3.77365    4.06741    0.293757    29       178      
 2514.31 27      550      3.7747     4.0668     0.292099    29       194      
 2954    30      607      3.77592    4.06651    0.290596    34       212      
 3283.24 32      650      3.77747    4.06629    0.288823    32       225      
 3838.62 35      705      3.77822    4.06609    0.28787     37       243      
 4328.88 37      750      3.77841    4.06577    0.287364    43       257      
 4564.06 40      800      3.77903    4.06569    0.286658    37       265      
 5237.26 43      853      3.77913    4.06569    0.286555    43       282      
Writing policy file: ./ffe4bb26e4b_46_5899.66.policy
Intermediate policy written(interval: 5000)
 5899.66 46      907      3.77956    4.0654     0.285836    47       298      
 6362.18 48      950      3.77978    4.0654     0.285618    39       308      
 6861.32 51      1005     3.78126    4.06465    0.283387    41       321      
 7532.79 53      1050     3.78165    4.0646     0.282948    55       335      
 8290.33 56      1100     3.78182    4.06459    0.282767    47       349      
 9247.76 59      1151     3.78185    4.06459    0.282733    47       365      
 10248.6 62      1205     3.78195    4.06458    0.282632    52       382      
Writing policy file: ./ffe4bb26e4b_64_11144.policy
Intermediate policy written(interval: 5000)
 11144   64      1250     3.78226    4.06457    0.282313    51       399      
 11682.7 67      1300     3.78263    4.06457    0.281938    51       409      
 12229.2 70      1351     3.78273    4.06447    0.281739    61       421      
 12967.6 73      1405     3.78281    4.06447    0.28166     67       436      
 13593.2 76      1450     3.78283    4.06447    0.281642    68       450      
 14004.7 78      1501     3.79193    4.06426    0.272335    45       462      
 14819.6 80      1550     3.79229    4.06416    0.271862    44       480      
 15581.8 83      1603     3.7932     4.06393    0.270724    55       496      
Writing policy file: ./ffe4bb26e4b_85_16581.policy
Intermediate policy written(interval: 5000)
 16581   85      1650     3.79341    4.06352    0.270107    54       514      
 17515.3 88      1705     3.79411    4.06351    0.269409    56       531      
 18272.7 90      1750     3.79467    4.06351    0.26884     55       544      
 19375   93      1807     3.79551    4.06337    0.267858    50       562      
 20260.5 95      1850     3.79558    4.06337    0.267796    64       575      
 21216.1 98      1903     3.7956     4.06329    0.267688    64       588      
Writing policy file: ./ffe4bb26e4b_100_22158.2.policy
Intermediate policy written(interval: 5000)
 22158.2 100     1950     3.79578    4.06329    0.267501    65       602      
-------------------------------------------------------------------------------

SARSOP finishing ...
  Preset timeout reached
  Timeout     : 20000.000000s
  Actual Time : 22158.240000s

-------------------------------------------------------------------------------
 Time   |#Trial |#Backup |LBound    |UBound    |Precision  |#Alphas |#Beliefs  
-------------------------------------------------------------------------------
 22158.2 100     1950     3.79578    4.06329    0.267501    65       602      
-------------------------------------------------------------------------------

Writing out policy ...
  output file : ./ffe4bb26e4b.policyx

