
Loading the model ...
  input file   : /home/rstudio/pomdp-solutions-library/4d4732e8560.pomdpx
  loading time : 4.28s 

SARSOP initializing ...
  initialization time : 584.52s

-------------------------------------------------------------------------------
 Time   |#Trial |#Backup |LBound    |UBound    |Precision  |#Alphas |#Beliefs  
-------------------------------------------------------------------------------
 584.52  0       0        1.21672    1.95614    0.73942     100      1        
 586.57  4       50       1.72508    1.8681     0.143019    18       27       
 588.38  7       101      1.78987    1.86807    0.0782      34       51       
 593.46  10      153      1.82289    1.868      0.0451038   42       77       
 601.22  13      205      1.83798    1.86793    0.0299459   40       103      
 610.14  16      257      1.8482     1.86783    0.0196284   38       129      
 614.21  17      300      1.85024    1.86784    0.0175955   33       143      
 624.57  19      350      1.85361    1.86777    0.0141552   30       167      
 636.62  22      407      1.85617    1.86768    0.0115118   28       192      
 649.24  24      450      1.85773    1.86763    0.00989967  24       216      
 663.83  26      500      1.85906    1.86756    0.00849173  30       241      
 679.13  29      559      1.86047    1.86751    0.00704218  23       266      
 692.98  31      600      1.86093    1.86748    0.00654952  25       285      
 711.68  33      650      1.86147    1.86745    0.005982    29       308      
 735.34  35      700      1.86168    1.86744    0.00575938  29       336      
 754.37  38      757      1.86221    1.86739    0.00518272  28       357      
 772.56  40      801      1.86238    1.86736    0.00498543  27       377      
 795.93  42      857      1.86264    1.86735    0.00471221  32       401      
 816.58  44      903      1.86277    1.86734    0.00457241  34       422      
 840.97  46      950      1.86288    1.86732    0.00444169  34       445      
 872.45  48      1000     1.86304    1.8673     0.00426065  36       472      
 896.94  51      1050     1.8631     1.8673     0.00419318  42       493      
 925.16  53      1105     1.86317    1.86728    0.00410976  38       514      
 957.45  55      1159     1.86327    1.86726    0.0039873   34       538      
 984.7   57      1203     1.86335    1.86725    0.00390275  34       558      
 1014.51 59      1250     1.86343    1.86725    0.00381552  31       579      
 1051.93 61      1300     1.86349    1.86724    0.00374427  38       604      
 1091.59 63      1350     1.86354    1.86721    0.00367717  44       630      
 1123.61 66      1409     1.8636     1.8672     0.00359547  41       650      
 1157.77 68      1453     1.86363    1.86719    0.00356083  40       670      
 1199.18 70      1500     1.86371    1.86717    0.0034527   38       693      
 1247.25 72      1557     1.8638     1.86716    0.00336304  43       719      
 1288.97 74      1607     1.86385    1.86715    0.00329965  43       742      
 1329.83 76      1657     1.86389    1.86714    0.00324443  50       764      
 1373.55 78      1705     1.86392    1.86713    0.00321538  45       786      
 1417.63 80      1753     1.86395    1.86713    0.00317409  52       808      
 1464.82 82      1801     1.86397    1.86711    0.00313941  50       830      
 1514.1  84      1851     1.86399    1.86711    0.00311665  44       852      
 1574.48 86      1900     1.864      1.8671     0.00309927  47       875      
 1639.71 88      1950     1.86401    1.8671     0.00308764  55       899      
 1703.5  90      2001     1.86405    1.86709    0.00303983  53       921      
 1779.28 92      2050     1.86406    1.86709    0.00302558  57       945      
 1884.81 94      2119     1.8641     1.86708    0.00297932  66       976      
 1962.85 95      2150     1.86413    1.86707    0.00293888  69       996      
 2048.93 97      2200     1.86414    1.86705    0.00291683  67       1019     
 2136.25 99      2250     1.86414    1.86705    0.00290798  73       1041     
 2227.68 101     2300     1.86415    1.86705    0.00289333  80       1064     
 2335.93 103     2350     1.86417    1.86704    0.00286767  74       1089     
 2427.37 105     2400     1.86419    1.86704    0.00284936  73       1112     
 2535.13 107     2450     1.8642     1.86703    0.00283524  76       1136     
Writing policy file: ./4d4732e8560_109_2627.23.policy
Intermediate policy written(interval: 2000)
 2627.23 109     2500     1.8642     1.86702    0.00281417  73       1158     
 2726.18 112     2561     1.86421    1.86701    0.00280257  71       1180     
 2815.89 114     2607     1.86422    1.86701    0.00279045  77       1200     
 2934.95 115     2650     1.86423    1.86701    0.00277531  81       1226     
 3032.96 118     2707     1.86424    1.867      0.00276667  81       1245     
 3129.55 120     2753     1.86424    1.867      0.00276194  85       1264     
 3240.08 122     2801     1.86424    1.867      0.00275627  81       1285     
 3370.13 124     2850     1.86425    1.867      0.00275188  81       1309     
 3499.1  126     2900     1.86425    1.867      0.00274772  89       1333     
 3640.2  128     2950     1.86426    1.86699    0.00273261  80       1358     
 3752.03 131     3000     1.86426    1.86699    0.00272652  73       1379     
 3879.17 133     3061     1.86428    1.86698    0.00270113  82       1402     
 3991.79 135     3107     1.86428    1.86697    0.00269773  84       1421     
 4111.99 137     3155     1.86428    1.86697    0.0026944   90       1441     
 4248.7  139     3203     1.86428    1.86697    0.00269018  96       1463     
 4391.24 141     3250     1.86428    1.86697    0.00268866  98       1485     
 4535.64 143     3300     1.86428    1.86697    0.00268539  100      1508     
Writing policy file: ./4d4732e8560_145_4673.35.policy
Intermediate policy written(interval: 2000)
 4673.35 145     3350     1.86429    1.86697    0.00267695  91       1530     
 4825.6  148     3411     1.86429    1.86697    0.00267522  96       1552     
 4971.86 150     3459     1.86431    1.86695    0.00263995  104      1574     
 5119.95 152     3507     1.86432    1.86695    0.00262764  111      1596     
 5244.26 154     3555     1.86432    1.86694    0.00262622  114      1614     
 5385.59 156     3601     1.86432    1.86694    0.0026227   105      1634     
 5518.08 158     3650     1.86432    1.86694    0.002619    96       1653     
 5699.73 160     3700     1.86432    1.86694    0.0026157   87       1677     
 5870.74 162     3750     1.86433    1.86694    0.00261128  89       1701     
 6018.74 165     3807     1.86434    1.86693    0.00259658  101      1720     
 6157.49 167     3851     1.86434    1.86693    0.00259494  105      1738     
 6316.06 169     3900     1.86434    1.86693    0.00258999  99       1759     
 6489.75 171     3950     1.86434    1.86693    0.00258453  90       1782     
 6650.37 173     4000     1.86435    1.86693    0.00258118  89       1803     
Writing policy file: ./4d4732e8560_175_6812.41.policy
Intermediate policy written(interval: 2000)
 6812.41 175     4050     1.86435    1.86692    0.00257549  99       1824     
 7014.86 177     4100     1.86435    1.86692    0.00257365  105      1849     
 7176.7  179     4150     1.86435    1.86692    0.00256727  106      1869     
 7364.23 182     4200     1.86436    1.86692    0.00256352  96       1891     
 7554.32 184     4261     1.86436    1.86691    0.00255144  88       1914     
 7734.45 186     4307     1.86436    1.8669     0.00253845  89       1935     
 7908.27 188     4353     1.86436    1.8669     0.00253543  89       1955     
 8078.03 190     4400     1.86436    1.8669     0.00253402  99       1974     
 8261.56 192     4450     1.86438    1.86689    0.00251633  93       1995     
 8457.19 194     4500     1.86438    1.86689    0.00250934  99       2017     
 8672.97 196     4550     1.86439    1.86689    0.00250467  91       2041     
Writing policy file: ./4d4732e8560_199_8877.98.policy
Intermediate policy written(interval: 2000)
 8877.98 199     4611     1.86439    1.86689    0.00249772  90       2063     
 9061.33 201     4657     1.86439    1.86689    0.00249618  93       2083     
 9236.02 203     4703     1.8644     1.86689    0.00249274  106      2101     
 9423.02 205     4750     1.8644     1.86689    0.0024871   104      2120     
 9643.66 207     4800     1.8644     1.86688    0.00248592  105      2143     
 9864.45 209     4850     1.8644     1.86688    0.00248522  101      2165     
 10075.4 211     4900     1.8644     1.86688    0.00248431  103      2186     
 10296.5 214     4950     1.8644     1.86688    0.00247518  99       2208     
 10514.8 216     5011     1.86441    1.86688    0.00247256  98       2228     
 10714   218     5057     1.86441    1.86688    0.00246984  106      2247     
Writing policy file: ./4d4732e8560_220_10930.9.policy
Intermediate policy written(interval: 2000)
 10930.9 220     5107     1.86441    1.86688    0.0024678   106      2268     
-------------------------------------------------------------------------------

SARSOP finishing ...
  Preset timeout reached
  Timeout     : 10000.000000s
  Actual Time : 10930.910000s

-------------------------------------------------------------------------------
 Time   |#Trial |#Backup |LBound    |UBound    |Precision  |#Alphas |#Beliefs  
-------------------------------------------------------------------------------
 10930.9 220     5107     1.86441    1.86688    0.0024678   106      2268     
-------------------------------------------------------------------------------

Writing out policy ...
  output file : ./4d4732e8560.policyx

