
Loading the model ...
  input file   : /home/rstudio/pomdp-solutions-library/4d678a61223.pomdpx
  loading time : 4.34s 

SARSOP initializing ...
  initialization time : 811.93s

-------------------------------------------------------------------------------
 Time   |#Trial |#Backup |LBound    |UBound    |Precision  |#Alphas |#Beliefs  
-------------------------------------------------------------------------------
 811.93  0       0        3.34361    7.39292    4.04931     100      1        
 812.74  2       50       5.80688    7.11588    1.30901     12       22       
 814.15  5       109      6.43549    7.11554    0.680047    11       37       
 816.16  7       159      6.67096    7.11532    0.444361    20       51       
 818.16  9       200      6.73704    7.11523    0.378192    34       66       
 820.75  10      250      6.80737    7.11522    0.307847    19       76       
 824.24  12      307      6.88944    7.11503    0.225588    25       89       
 829.36  14      359      6.93667    7.11479    0.178115    29       101      
 836.76  15      400      6.95506    7.11472    0.159658    27       117      
 846.41  17      450      6.98359    7.1145     0.130914    27       133      
 854.41  19      500      7.00499    7.11432    0.109334    24       146      
 866.61  21      555      7.02806    7.11412    0.0860638   22       165      
 879.46  22      600      7.03407    7.11407    0.0800025   24       183      
 887.66  24      650      7.04717    7.11401    0.0668456   23       194      
 906.09  26      709      7.05567    7.1139     0.0582361   27       214      
 922.22  27      750      7.05903    7.11384    0.0548165   28       229      
 939.31  29      800      7.06492    7.11372    0.0487922   33       245      
 960.62  31      861      7.07123    7.11367    0.0424353   33       264      
 978.22  32      900      7.07305    7.11365    0.0405908   38       278      
 997.81  34      953      7.07591    7.11359    0.0376789   39       294      
 1025.28 36      1013     7.07849    7.11349    0.0349974   46       314      
 1041.35 37      1050     7.07998    7.11345    0.0334717   43       325      
 1068.86 39      1103     7.08256    7.11336    0.0307982   44       342      
 1103.28 41      1163     7.08446    7.11323    0.0287718   43       362      
 1130.7  42      1200     7.08542    7.11319    0.0277713   42       377      
 1145.04 44      1250     7.08736    7.11314    0.0257804   46       386      
 1170.62 46      1300     7.08855    7.11307    0.0245196   49       400      
 1211.53 48      1361     7.09005    7.113      0.0229486   43       421      
 1237.26 49      1400     7.09078    7.11294    0.0221617   47       434      
 1268.77 51      1450     7.09179    7.1129     0.021112    46       449      
 1311.7  53      1507     7.09336    7.11285    0.0194898   55       469      
 1346.78 55      1563     7.09424    7.11279    0.0185468   55       485      
 1383.74 56      1600     7.09461    7.11276    0.0181513   56       499      
 1427.73 58      1657     7.09532    7.11268    0.0173573   62       518      
 1466.18 59      1700     7.09592    7.11262    0.0167007   64       533      
 1511.18 61      1757     7.09656    7.11257    0.0160048   59       550      
 1553.21 63      1805     7.09702    7.11252    0.0155039   57       565      
 1587.7  65      1853     7.09735    7.11246    0.0151128   59       577      
 1628.36 67      1911     7.09767    7.11241    0.0147315   59       592      
 1682.19 68      1950     7.09782    7.11238    0.0145625   59       610      
 1721.96 70      2001     7.09824    7.11235    0.0141038   58       624      
 1759.44 72      2051     7.09858    7.11224    0.013658    58       636      
 1827.24 73      2100     7.09874    7.11222    0.0134739   60       657      
 1870.59 75      2150     7.09899    7.11218    0.0131861   60       669      
 1923.41 77      2200     7.09924    7.11208    0.012839    62       684      
 2004.74 79      2261     7.09947    7.11201    0.012537    63       707      
 2060.3  81      2313     7.09966    7.11197    0.0123097   68       722      
 2112.89 82      2350     7.09981    7.11196    0.0121512   68       736      
 2170.24 84      2405     7.1001     7.11188    0.011779    67       751      
 2264.07 85      2450     7.10018    7.11186    0.0116823   73       774      
 2328.33 87      2501     7.10035    7.11182    0.0114689   71       789      
 2416.41 89      2563     7.1005     7.11173    0.0112362   69       809      
 2478.19 90      2600     7.10058    7.11171    0.0111348   70       822      
 2560.73 92      2650     7.1007     7.11159    0.0108898   67       839      
 2650.47 94      2703     7.10085    7.11155    0.0107023   77       857      
 2721.68 96      2750     7.10092    7.1115     0.0105783   77       872      
Writing policy file: ./4d678a61223_98_2830.6.policy
Intermediate policy written(interval: 2000)
 2830.6  98      2813     7.10103    7.11143    0.0103956   76       894      
 2903.87 99      2850     7.10109    7.11139    0.0103008   74       909      
 3015.82 101     2911     7.1014     7.11134    0.00993763  79       931      
 3081.97 102     2950     7.10148    7.11131    0.00983655  81       944      
 3175.61 104     3000     7.10155    7.11129    0.00973507  80       960      
 3281.81 106     3050     7.10161    7.11124    0.00962444  79       980      
 3397.44 108     3100     7.10166    7.11119    0.00953142  76       1001     
 3465.66 110     3150     7.10177    7.11113    0.00936878  81       1012     
 3589.09 112     3203     7.10184    7.11108    0.00924105  76       1030     
 3680.03 114     3253     7.10193    7.111      0.00907059  81       1046     
 3760.97 116     3301     7.10197    7.11097    0.00900367  78       1058     
 3890.71 118     3359     7.10205    7.11088    0.00883564  81       1080     
 3974.79 119     3400     7.10208    7.11087    0.00879092  83       1093     
 4105.77 121     3455     7.10213    7.1108     0.00867352  84       1113     
 4284.92 122     3500     7.10214    7.11079    0.00865716  85       1136     
 4413.58 124     3559     7.1022     7.11073    0.00852661  98       1153     
 4555.98 126     3615     7.10226    7.11066    0.00839973  87       1172     
 4669.35 127     3650     7.10227    7.11064    0.00837218  90       1187     
 4777.25 129     3700     7.1023     7.11063    0.00832879  92       1201     
Writing policy file: ./4d678a61223_131_4905.37.policy
Intermediate policy written(interval: 2000)
 4905.37 131     3750     7.10233    7.11059    0.00826009  92       1216     
 4993.02 133     3800     7.10237    7.11058    0.00821064  103      1228     
 5124.36 135     3850     7.10238    7.11054    0.00816173  107      1242     
 5376.51 136     3900     7.10239    7.11054    0.00814973  107      1270     
 5476.51 138     3953     7.10242    7.11049    0.0080711   106      1282     
 5597.79 140     4005     7.10245    7.11046    0.00800703  100      1297     
 5735.07 142     4050     7.10247    7.11044    0.00797163  92       1315     
 5849.23 143     4100     7.1025     7.11039    0.00788536  95       1329     
 6005.05 145     4150     7.10252    7.11035    0.00783178  98       1346     
 6195.95 147     4209     7.10254    7.11033    0.00779163  107      1369     
 6334.97 149     4257     7.10255    7.11031    0.00776123  108      1383     
 6488.56 151     4317     7.10256    7.11029    0.00772727  108      1399     
 6621.22 152     4350     7.10257    7.11028    0.00771673  100      1411     
 6815.2  154     4400     7.10258    7.11023    0.00764907  108      1428     
Writing policy file: ./4d678a61223_156_7050.76.policy
Intermediate policy written(interval: 2000)
 7050.76 156     4459     7.1026     7.1102     0.00760058  120      1450     
 7231.37 157     4503     7.10261    7.11018    0.00757421  125      1467     
 7419.94 159     4563     7.10262    7.11017    0.00754737  121      1486     
 7643.7  160     4600     7.10263    7.11014    0.00750688  115      1508     
 7757.07 162     4650     7.10265    7.1101     0.00745223  113      1520     
 7915.49 164     4703     7.10266    7.11008    0.00742554  116      1536     
 8116.14 166     4755     7.10267    7.11006    0.00739445  118      1553     
 8268.92 168     4801     7.10269    7.11005    0.00736717  120      1566     
 8535.58 169     4850     7.10269    7.11005    0.00736227  119      1591     
 8651.51 171     4900     7.10285    7.11001    0.00716151  117      1601     
 8855.46 173     4955     7.10287    7.10999    0.00712724  120      1621     
Writing policy file: ./4d678a61223_175_9123.1.policy
Intermediate policy written(interval: 2000)
 9123.1  175     5015     7.10287    7.10998    0.00710502  121      1643     
 9354.54 176     5050     7.10288    7.10998    0.00709918  121      1661     
 9542.56 178     5100     7.10288    7.10993    0.00704659  121      1676     
 9654.85 180     5150     7.10289    7.10992    0.00702629  129      1688     
 9870.95 182     5209     7.10291    7.10989    0.00698611  125      1709     
 10016.2 184     5257     7.10292    7.10989    0.00697214  127      1722     
 10180.8 186     5311     7.10292    7.10988    0.00696177  126      1739     
 10315.1 187     5350     7.10293    7.10988    0.00695036  129      1752     
 10535.3 189     5419     7.10293    7.10986    0.00693073  135      1774     
 10598.8 190     5450     7.10296    7.10983    0.00687587  136      1782     
 10762.6 192     5507     7.10297    7.10983    0.00685778  143      1800     
 10879.1 193     5550     7.10297    7.10982    0.00685164  145      1814     
 11004.1 195     5603     7.10298    7.10982    0.00684584  147      1829     
Writing policy file: ./4d678a61223_196_11144.9.policy
Intermediate policy written(interval: 2000)
 11144.9 196     5650     7.10298    7.10982    0.00683762  148      1844     
-------------------------------------------------------------------------------

SARSOP finishing ...
  Preset timeout reached
  Timeout     : 10000.000000s
  Actual Time : 11144.870000s

-------------------------------------------------------------------------------
 Time   |#Trial |#Backup |LBound    |UBound    |Precision  |#Alphas |#Beliefs  
-------------------------------------------------------------------------------
 11144.9 196     5650     7.10298    7.10982    0.00683762  148      1844     
-------------------------------------------------------------------------------

Writing out policy ...
  output file : ./4d678a61223.policyx

