
Loading the model ...
  input file   : /home/rstudio/pomdp-solutions-library/4d75785a257.pomdpx
  loading time : 4.79s 

SARSOP initializing ...
  initialization time : 1769.44s

-------------------------------------------------------------------------------
 Time   |#Trial |#Backup |LBound    |UBound    |Precision  |#Alphas |#Beliefs  
-------------------------------------------------------------------------------
 1769.44 0       0        0.532893   1.14956    0.616666    100      1        
 1867.63 2       57       0.622641   1.08063    0.457986    21       23       
 1898.22 4       113      0.662075   1.07719    0.415115    10       27       
 2034.57 5       150      0.681863   1.07719    0.395323    9        40       
 2315.49 7       200      0.721847   1.07594    0.354088    8        56       
 2586.31 9       253      0.745419   1.0746     0.329178    9        69       
 2734.3  11      309      0.768014   1.07336    0.305341    10       75       
 3146.48 12      350      0.777523   1.07255    0.295031    11       90       
 3343.73 14      400      0.79393    1.07221    0.278277    9        97       
Writing policy file: ./4d75785a257_16_3866.99.policy
Intermediate policy written(interval: 2000)
 3866.99 16      450      0.810534   1.07177    0.26124     10       111      
 4455.26 18      505      0.823544   1.07152    0.247977    13       126      
 5365.5  20      561      0.833988   1.07121    0.23722     12       146      
Writing policy file: ./4d75785a257_21_5993.34.policy
Intermediate policy written(interval: 2000)
 5993.34 21      600      0.839614   1.07114    0.231522    12       158      
 6989.64 23      650      0.851295   1.07084    0.219544    10       174      
 7913.54 25      701      0.859597   1.07057    0.210968    15       188      
Writing policy file: ./4d75785a257_27_9549.96.policy
Intermediate policy written(interval: 2000)
 9549.96 27      757      0.86711    1.07031    0.203204    12       209      
 11259.9 29      813      0.874347   1.0701     0.195749    12       229      
Writing policy file: ./4d75785a257_30_12336.7.policy
Intermediate policy written(interval: 2000)
 12336.7 30      850      0.876808   1.07005    0.193241    12       245      
-------------------------------------------------------------------------------

SARSOP finishing ...
  Preset timeout reached
  Timeout     : 10000.000000s
  Actual Time : 12336.730000s

-------------------------------------------------------------------------------
 Time   |#Trial |#Backup |LBound    |UBound    |Precision  |#Alphas |#Beliefs  
-------------------------------------------------------------------------------
 12336.7 30      850      0.876808   1.07005    0.193241    12       245      
-------------------------------------------------------------------------------

Writing out policy ...
  output file : ./4d75785a257.policyx

