
Loading the model ...
  input file   : /home/rstudio/pomdp-solutions-library/4d7732e8560.pomdpx
  loading time : 4.30s 

SARSOP initializing ...
  initialization time : 616.60s

-------------------------------------------------------------------------------
 Time   |#Trial |#Backup |LBound    |UBound    |Precision  |#Alphas |#Beliefs  
-------------------------------------------------------------------------------
 616.6   0       0        1.21672    1.94748    0.730761    100      1        
 626.48  3       50       1.56076    1.85726    0.296499    36       28       
 643.57  6       100      1.65184    1.8571     0.205263    30       48       
 654.76  9       150      1.68937    1.85688    0.167507    34       61       
 695.84  12      200      1.7119     1.85676    0.144861    31       85       
 738.07  16      255      1.72706    1.85622    0.129156    30       106      
 795.62  19      300      1.73476    1.8562     0.121441    34       125      
 898.01  23      355      1.73959    1.85609    0.116505    31       147      
 1046.77 26      400      1.74035    1.85598    0.115637    34       168      
 1286.66 30      450      1.74142    1.85576    0.114338    34       190      
 1635.05 34      500      1.74413    1.85574    0.111619    33       210      
 2043.67 39      555      1.74577    1.85527    0.1095      47       230      
 2397.62 43      605      1.74644    1.85523    0.108793    39       251      
Writing policy file: ./4d7732e8560_47_2684.91.policy
Intermediate policy written(interval: 2000)
 2684.91 47      655      1.74699    1.85522    0.10823     41       271      
 3067.35 51      703      1.74719    1.85516    0.107965    36       290      
 3539.48 55      750      1.74744    1.85498    0.107547    37       309      
 3722.74 59      803      1.75012    1.85497    0.104846    45       326      
 3934.49 63      851      1.75042    1.85495    0.104533    41       345      
 4206.08 67      901      1.75068    1.85489    0.10421     49       366      
 4574.91 71      953      1.75419    1.85136    0.0971734   57       389      
Writing policy file: ./4d7732e8560_74_4962.52.policy
Intermediate policy written(interval: 2000)
 4962.52 74      1000     1.75431    1.85135    0.0970477   65       410      
 5409.14 78      1055     1.75438    1.85135    0.0969653   52       431      
 5751.11 81      1100     1.75499    1.85134    0.0963444   53       450      
 6190.09 85      1157     1.75507    1.85133    0.0962554   52       473      
 6594.42 88      1200     1.75511    1.85132    0.0962139   52       489      
Writing policy file: ./4d7732e8560_91_7306.07.policy
Intermediate policy written(interval: 2000)
 7306.07 92      1250     1.75525    1.85132    0.0960639   53       512      
 7932.49 95      1301     1.75543    1.8513     0.0958619   57       531      
 8767.6  99      1350     1.75552    1.85129    0.0957737   60       555      
Writing policy file: ./4d7732e8560_102_9391.26.policy
Intermediate policy written(interval: 2000)
 9391.26 102     1400     1.75565    1.85125    0.0956017   63       571      
 10213.6 106     1451     1.75571    1.85124    0.0955283   70       591      
 11088.9 110     1500     1.75576    1.85123    0.0954738   69       612      
Writing policy file: ./4d7732e8560_113_11876.4.policy
Intermediate policy written(interval: 2000)
 11876.4 113     1550     1.75582    1.85117    0.0953515   82       630      
-------------------------------------------------------------------------------

SARSOP finishing ...
  Preset timeout reached
  Timeout     : 10000.000000s
  Actual Time : 11876.430000s

-------------------------------------------------------------------------------
 Time   |#Trial |#Backup |LBound    |UBound    |Precision  |#Alphas |#Beliefs  
-------------------------------------------------------------------------------
 11876.4 113     1550     1.75582    1.85117    0.0953515   82       630      
-------------------------------------------------------------------------------

Writing out policy ...
  output file : ./4d7732e8560.policyx

