
Loading the model ...
  input file   : /home/rstudio/pomdp-solutions-library/4d84fe4ce9d.pomdpx
  loading time : 5.00s 

SARSOP initializing ...
  initialization time : 1943.39s

-------------------------------------------------------------------------------
 Time   |#Trial |#Backup |LBound    |UBound    |Precision  |#Alphas |#Beliefs  
-------------------------------------------------------------------------------
 1943.39 0       0        1.30268    3.31028    2.0076      100      1        
 1979.44 2       57       1.65017    3.15836    1.50819     13       17       
 2043.8  4       111      1.84277    3.15436    1.3116      8        31       
 2071.94 5       150      1.94133    3.15371    1.21238     6        36       
 2128.28 7       200      2.06976    3.15117    1.08141     7        43       
 2209.59 9       250      2.17299    3.14879    0.975801    5        52       
 2307.69 11      305      2.28212    3.14479    0.862675    7        61       
 2367.55 13      361      2.3595     3.14148    0.781982    7        65       
 2567.71 14      400      2.39201    3.14088    0.748866    6        75       
 2971.99 16      450      2.44738    3.13895    0.691567    8        90       
 3414.81 18      501      2.49613    3.13742    0.641284    7        103      
 3843.76 20      557      2.54003    3.13461    0.594577    9        114      
Writing policy file: ./4d84fe4ce9d_22_4241.95.policy
Intermediate policy written(interval: 2000)
 4241.95 22      613      2.57148    3.13305    0.561567    10       124      
 4374.88 23      650      2.58763    3.13157    0.543939    8        127      
 4609.28 25      700      2.60993    3.13052    0.520596    9        132      
 5239.79 27      753      2.63172    3.12928    0.497559    10       145      
 5529.73 29      809      2.64963    3.12845    0.478818    10       150      
 6207.96 30      850      2.66074    3.12771    0.46697     9        161      
Writing policy file: ./4d84fe4ce9d_32_6350.89.policy
Intermediate policy written(interval: 2000)
 6350.89 32      900      2.67354    3.12711    0.45357     11       163      
 6863.8  34      950      2.68762    3.12611    0.43849     12       171      
 7264.31 36      1005     2.69733    3.12556    0.428231    11       177      
Writing policy file: ./4d84fe4ce9d_38_8421.07.policy
Intermediate policy written(interval: 2000)
 8421.07 38      1061     2.70852    3.12361    0.415091    13       191      
 9077.42 39      1100     2.71492    3.12327    0.408352    11       200      
 9872.26 41      1150     2.72504    3.12241    0.397377    12       210      
 10156.5 43      1201     2.73457    3.12196    0.387387    9        213      
Writing policy file: ./4d84fe4ce9d_45_11499.1.policy
Intermediate policy written(interval: 2000)
 11499.1 45      1257     2.74137    3.12145    0.38008     13       234      
-------------------------------------------------------------------------------

SARSOP finishing ...
  Preset timeout reached
  Timeout     : 10000.000000s
  Actual Time : 11499.060000s

-------------------------------------------------------------------------------
 Time   |#Trial |#Backup |LBound    |UBound    |Precision  |#Alphas |#Beliefs  
-------------------------------------------------------------------------------
 11499.1 45      1257     2.74137    3.12145    0.38008     13       234      
-------------------------------------------------------------------------------

Writing out policy ...
  output file : ./4d84fe4ce9d.policyx

