
Loading the model ...
  input file   : /home/rstudio/pomdp-solutions-library/4da1683f1e5.pomdpx
  loading time : 4.58s 

SARSOP initializing ...
  initialization time : 1201.46s

-------------------------------------------------------------------------------
 Time   |#Trial |#Backup |LBound    |UBound    |Precision  |#Alphas |#Beliefs  
-------------------------------------------------------------------------------
 1201.46 0       0        0.643067   1.43139    0.788319    100      1        
 1206.31 3       55       1.0534     1.36499    0.311584    8        27       
 1209.96 5       100      1.12615    1.36498    0.238825    20       45       
 1225.32 8       159      1.23578    1.36494    0.129167    21       67       
 1243.6  10      201      1.26023    1.36492    0.104693    17       84       
 1262.27 13      250      1.29063    1.36489    0.074261    15       100      
 1288.51 15      301      1.31339    1.36486    0.0514775   12       118      
 1342.65 17      350      1.32393    1.36483    0.0408938   15       145      
 1399.36 20      409      1.33434    1.36479    0.0304471   15       168      
 1450.59 22      451      1.3393     1.36476    0.0254629   12       186      
 1526.16 24      500      1.34376    1.36474    0.0209764   13       212      
 1585.58 27      555      1.34926    1.36471    0.0154579   13       231      
 1672.19 29      600      1.35207    1.36468    0.0126098   13       253      
 1772.93 32      657      1.35435    1.36461    0.0102564   14       277      
 1852.19 34      701      1.3553     1.36459    0.00929016  18       296      
 1983.82 36      750      1.35641    1.36455    0.00814035  16       324      
 2097.11 39      801      1.3578     1.36451    0.00670985  17       343      
 2271.13 41      850      1.35822    1.36449    0.00626767  21       371      
 2383.37 44      901      1.35905    1.36445    0.00540237  22       391      
 2548    47      950      1.3595     1.36443    0.00492382  24       415      
 2716.92 49      1000     1.36027    1.36437    0.00410286  21       436      
 2926.48 52      1059     1.36071    1.36433    0.00361953  22       462      
 3090.6  54      1100     1.36107    1.36429    0.00321914  24       483      
Writing policy file: ./4da1683f1e5_57_3300.53.policy
Intermediate policy written(interval: 2000)
 3300.53 57      1157     1.36134    1.36426    0.00291125  25       507      
 3484.94 59      1200     1.36153    1.36424    0.00271261  28       530      
 3672.39 62      1255     1.36167    1.36421    0.00253663  27       552      
 3900.15 65      1300     1.36184    1.3642     0.00235524  31       578      
 4129.9  67      1350     1.36206    1.36416    0.00210476  32       601      
 4369.07 70      1405     1.36222    1.36414    0.00191662  33       623      
 4651.79 72      1450     1.36231    1.36412    0.0018105   34       648      
 4923.61 75      1505     1.36246    1.36408    0.00162753  36       672      
 5154.42 77      1550     1.36251    1.36408    0.00156935  38       694      
Writing policy file: ./4da1683f1e5_80_5454.75.policy
Intermediate policy written(interval: 2000)
 5454.75 80      1603     1.3626     1.36405    0.00145633  36       718      
 5770.86 82      1650     1.36266    1.36403    0.00137307  38       744      
 6010.53 85      1703     1.36276    1.36402    0.00126263  41       763      
 6307.15 87      1750     1.36282    1.36401    0.00118893  39       788      
 6615.03 90      1803     1.36289    1.36399    0.00109988  40       810      
 6923.42 92      1850     1.36294    1.36399    0.00105251  41       835      
 7246.46 95      1903     1.363      1.36398    0.000980168 43       856      
Writing policy file: ./4da1683f1e5_97_7586.66.policy
Intermediate policy written(interval: 2000)
 7586.66 97      1950     1.36303    1.36396    0.000931851 44       880      
 7890.91 100     2005     1.36308    1.36396    0.000873989 44       902      
 8222.84 102     2050     1.3631     1.36394    0.000848656 44       926      
 8555.39 105     2109     1.36313    1.36394    0.000804184 45       947      
 8843.24 107     2151     1.36317    1.36393    0.00076474  48       966      
 9224.45 109     2200     1.3632     1.36393    0.000732828 49       988      
Writing policy file: ./4da1683f1e5_112_9712.13.policy
Intermediate policy written(interval: 2000)
 9712.13 112     2259     1.36322    1.36392    0.000699922 50       1015     
 10000.7 114     2303     1.36324    1.36392    0.000680534 51       1033     
 10337.6 116     2350     1.36326    1.36391    0.000658115 55       1055     
 10767.7 119     2400     1.36328    1.36391    0.000631918 54       1080     
 11053.8 121     2453     1.3633     1.36391    0.000607007 54       1097     
 11433.5 123     2500     1.36331    1.3639     0.000591097 53       1120     
Writing policy file: ./4da1683f1e5_125_11970.policy
Intermediate policy written(interval: 2000)
 11970   125     2550     1.36332    1.3639     0.000573775 55       1143     
-------------------------------------------------------------------------------

SARSOP finishing ...
  Preset timeout reached
  Timeout     : 10000.000000s
  Actual Time : 11970.020000s

-------------------------------------------------------------------------------
 Time   |#Trial |#Backup |LBound    |UBound    |Precision  |#Alphas |#Beliefs  
-------------------------------------------------------------------------------
 11970   125     2550     1.36332    1.3639     0.000573775 55       1143     
-------------------------------------------------------------------------------

Writing out policy ...
  output file : ./4da1683f1e5.policyx

