
Loading the model ...
  input file   : /home/rstudio/pomdp-solutions-library/4da732e8560.pomdpx
  loading time : 4.50s 

SARSOP initializing ...
  initialization time : 1229.20s

-------------------------------------------------------------------------------
 Time   |#Trial |#Backup |LBound    |UBound    |Precision  |#Alphas |#Beliefs  
-------------------------------------------------------------------------------
 1229.2  0       0        0.845032   1.92922    1.08419     100      1        
 1232.82 3       53       1.37698    1.84072    0.463738    5        27       
 1239.66 5       100      1.5686     1.84069    0.272089    16       46       
 1248.23 8       151      1.67408    1.84067    0.166593    12       59       
 1264.86 10      200      1.71308    1.84065    0.127566    13       80       
 1292.53 13      257      1.75781    1.8406     0.0827893   16       104      
 1313.53 15      300      1.77427    1.84058    0.0663071   14       119      
 1364.87 17      350      1.78515    1.84055    0.055402    11       146      
 1417.4  20      405      1.80327    1.84049    0.03722     11       168      
 1478.37 22      450      1.80819    1.84046    0.0322746   15       191      
 1550.67 25      500      1.81506    1.84043    0.0253763   13       216      
 1623.12 27      553      1.82023    1.84037    0.0201466   14       237      
 1698.46 29      600      1.82323    1.84033    0.0171027   13       257      
 1812.89 31      650      1.82545    1.84031    0.0148634   16       285      
 1912.08 34      705      1.8283     1.84026    0.0119557   14       306      
 2022.09 36      750      1.82949    1.84022    0.0107261   16       329      
 2147.08 39      809      1.83086    1.84017    0.00930988  17       354      
 2257.48 41      851      1.83172    1.84014    0.00841913  18       374      
 2426.39 43      900      1.83266    1.8401     0.00744411  19       401      
 2595.66 46      957      1.83351    1.84006    0.00654453  19       425      
 2751.91 48      1001     1.83391    1.84002    0.00610844  20       447      
 2933.97 50      1050     1.83444    1.83997    0.00552451  22       473      
 3132.05 53      1100     1.83478    1.83996    0.00517981  26       499      
Writing policy file: ./4da732e8560_55_3332.96.policy
Intermediate policy written(interval: 2000)
 3332.96 55      1155     1.83525    1.83993    0.00467856  25       521      
 3478.9  57      1200     1.83551    1.83991    0.00439801  27       540      
 3709.32 59      1250     1.83575    1.83989    0.00414268  25       567      
 3967.08 62      1309     1.83617    1.83987    0.00370301  29       592      
 4128.09 64      1353     1.83632    1.83985    0.00353841  31       610      
 4345.57 66      1400     1.83648    1.83985    0.00336562  28       633      
 4632.95 68      1450     1.83665    1.83982    0.00317077  32       659      
 4860.59 71      1507     1.8369     1.83981    0.00290667  33       681      
 5083.42 73      1551     1.83703    1.83979    0.00276253  29       701      
 5323.34 75      1600     1.83716    1.83978    0.00262582  33       725      
Writing policy file: ./4da732e8560_77_5624.43.policy
Intermediate policy written(interval: 2000)
 5624.43 78      1650     1.83725    1.83977    0.00252026  34       751      
 5913.27 80      1705     1.83744    1.83974    0.00230199  37       773      
 6217.19 82      1750     1.83753    1.83973    0.00219597  38       795      
 6546.01 84      1800     1.83765    1.83971    0.00205713  38       820      
 6988.59 86      1850     1.83773    1.8397     0.00196768  36       846      
 7323.98 89      1907     1.83783    1.83968    0.00184895  38       868      
Writing policy file: ./4da732e8560_91_7630.53.policy
Intermediate policy written(interval: 2000)
 7630.53 91      1953     1.8379     1.83967    0.00177145  40       888      
 8015.39 93      2000     1.83797    1.83967    0.0016907   40       910      
 8421.45 95      2050     1.83802    1.83966    0.00163877  40       935      
 8930.14 97      2100     1.83809    1.83964    0.0015483   42       961      
 9316.93 100     2157     1.83817    1.83963    0.00145565  42       982      
Writing policy file: ./4da732e8560_102_9768.69.policy
Intermediate policy written(interval: 2000)
 9768.69 102     2201     1.83822    1.83962    0.00140355  44       1003     
 10228.3 104     2250     1.83826    1.83961    0.00135363  44       1028     
 10803.4 106     2300     1.8383     1.83961    0.00130654  44       1053     
 11199.3 109     2357     1.83836    1.8396     0.00123429  43       1072     
 11642.9 111     2403     1.83842    1.83958    0.00115851  47       1094     
Writing policy file: ./4da732e8560_113_12056.policy
Intermediate policy written(interval: 2000)
 12056   113     2450     1.83846    1.83958    0.00111903  48       1116     
-------------------------------------------------------------------------------

SARSOP finishing ...
  Preset timeout reached
  Timeout     : 10000.000000s
  Actual Time : 12055.980000s

-------------------------------------------------------------------------------
 Time   |#Trial |#Backup |LBound    |UBound    |Precision  |#Alphas |#Beliefs  
-------------------------------------------------------------------------------
 12056   113     2450     1.83846    1.83958    0.00111903  48       1116     
-------------------------------------------------------------------------------

Writing out policy ...
  output file : ./4da732e8560.policyx

