
Loading the model ...
  input file   : /home/rstudio/pomdp-solutions-library/4dc1683f1e5.pomdpx
  loading time : 4.67s 

SARSOP initializing ...
  initialization time : 1345.48s

-------------------------------------------------------------------------------
 Time   |#Trial |#Backup |LBound    |UBound    |Precision  |#Alphas |#Beliefs  
-------------------------------------------------------------------------------
 1345.48 0       0        1.39127    3.00308    1.61181     100      1        
 1351.11 3       57       2.29969    2.88269    0.582999    18       25       
 1359.44 5       100      2.49386    2.88266    0.388801    13       45       
 1380.39 7       150      2.62585    2.88262    0.256768    16       67       
 1412.22 10      205      2.72544    2.88256    0.157117    20       87       
 1458.08 12      250      2.76264    2.88252    0.119884    18       110      
 1522.82 15      309      2.80296    2.88246    0.0795004   20       135      
 1582.71 17      353      2.81926    2.88244    0.0631769   14       154      
 1675.58 19      400      2.83355    2.88237    0.0488194   15       181      
 1771.75 22      459      2.84436    2.8823     0.0379408   12       206      
 1813.77 23      503      2.84961    2.88225    0.0326344   17       216      
 1981.16 25      563      2.85449    2.88214    0.0276469   20       246      
 2090.85 26      600      2.85714    2.8821     0.0249594   21       263      
 2231.42 28      650      2.85979    2.88206    0.022273    23       288      
 2369.31 30      700      2.86296    2.88202    0.0190592   18       308      
 2544.79 32      750      2.86499    2.88198    0.0169923   20       334      
 2710.7  35      807      2.86719    2.88191    0.0147149   18       357      
 2904.03 37      857      2.86865    2.88189    0.0132438   22       379      
 3162.31 39      913      2.87053    2.88184    0.0113062   19       407      
Writing policy file: ./4dc1683f1e5_40_3352.79.policy
Intermediate policy written(interval: 2000)
 3352.79 40      950      2.87136    2.88179    0.0104368   23       424      
 3696.42 42      1021     2.8725     2.88176    0.00925994  28       454      
 3836.68 43      1050     2.87283    2.88175    0.00892721  26       468      
 4116.06 45      1101     2.87343    2.88169    0.00826159  28       492      
 4434.13 47      1150     2.87377    2.88166    0.00789586  29       515      
 4819.52 50      1200     2.87416    2.88162    0.00745931  31       542      
 5112.4  51      1250     2.87495    2.88158    0.00662566  27       562      
Writing policy file: ./4dc1683f1e5_52_5391.02.policy
Intermediate policy written(interval: 2000)
 5391.02 52      1300     2.87525    2.88154    0.00628798  32       586      
 5541.15 54      1350     2.8756     2.88152    0.005912    31       605      
 5762.05 56      1405     2.876      2.88148    0.00547771  34       631      
 5985.18 57      1450     2.87625    2.88145    0.00520029  39       655      
 6134.29 59      1501     2.87649    2.88141    0.00492705  38       677      
 6357.94 60      1550     2.87668    2.88139    0.0047103   37       706      
 6488.65 62      1601     2.8769     2.88136    0.00446299  40       724      
 6658.8  64      1657     2.87709    2.88134    0.00425344  39       751      
 6883.08 66      1717     2.87732    2.8813     0.00397691  42       779      
 7015.8  67      1750     2.87743    2.88128    0.00385696  43       793      
 7296.59 69      1813     2.87762    2.88126    0.003635    47       823      
Writing policy file: ./4dc1683f1e5_70_7513.91.policy
Intermediate policy written(interval: 2000)
 7513.91 70      1850     2.87774    2.88125    0.00351367  51       842      
 7795.82 72      1909     2.87787    2.88122    0.00334425  52       870      
 8062.77 73      1950     2.87795    2.8812     0.00324348  49       892      
 8392.63 75      2005     2.87809    2.88118    0.00308389  47       915      
 8860.15 76      2050     2.87816    2.88117    0.00300902  51       941      
 9232.33 78      2100     2.87827    2.88115    0.00287485  51       961      
Writing policy file: ./4dc1683f1e5_80_9843.53.policy
Intermediate policy written(interval: 2000)
 9843.53 80      2165     2.87839    2.88113    0.00273857  55       991      
 10250.5 81      2200     2.87843    2.88112    0.002691    56       1011     
 10857.5 82      2250     2.8785     2.88112    0.00261701  62       1036     
 11498.1 84      2309     2.8786     2.8811     0.0025047   58       1057     
Writing policy file: ./4dc1683f1e5_85_12017.5.policy
Intermediate policy written(interval: 2000)
 12017.5 85      2350     2.87865    2.88109    0.00244562  60       1077     
-------------------------------------------------------------------------------

SARSOP finishing ...
  Preset timeout reached
  Timeout     : 10000.000000s
  Actual Time : 12017.530000s

-------------------------------------------------------------------------------
 Time   |#Trial |#Backup |LBound    |UBound    |Precision  |#Alphas |#Beliefs  
-------------------------------------------------------------------------------
 12017.5 85      2350     2.87865    2.88109    0.00244562  60       1077     
-------------------------------------------------------------------------------

Writing out policy ...
  output file : ./4dc1683f1e5.policyx

