
Loading the model ...
  input file   : /home/rstudio/pomdp-solutions-library/4de3762231.pomdpx
  loading time : 3.93s 

SARSOP initializing ...
  initialization time : 293.75s

-------------------------------------------------------------------------------
 Time   |#Trial |#Backup |LBound    |UBound    |Precision  |#Alphas |#Beliefs  
-------------------------------------------------------------------------------
 293.75  0       0        0.896146   1.46772    0.571575    100      1        
 296.56  2       51       1.08514    1.35246    0.267311    137      27       
 305.99  4       111      1.10534    1.35098    0.245641    96       57       
 317.1   5       150      1.11821    1.35023    0.23202     53       81       
 326.56  7       201      1.15306    1.3491     0.196037    39       102      
 345.99  9       261      1.16235    1.34826    0.185916    48       132      
 363.44  10      300      1.16966    1.34775    0.178084    36       156      
 376.58  12      350      1.1788     1.34734    0.168533    38       175      
 402.54  14      409      1.18558    1.34693    0.161349    42       203      
 423.38  15      450      1.19152    1.34654    0.155013    43       228      
 445.35  17      500      1.19923    1.34608    0.146844    41       248      
 483.37  19      563      1.20527    1.34577    0.140498    44       277      
 513.43  20      600      1.20877    1.34565    0.136876    41       298      
 549.53  22      659      1.21196    1.34529    0.133334    55       323      
 587.66  23      700      1.21435    1.34521    0.130853    44       347      
 623.23  25      755      1.21586    1.34509    0.129228    66       369      
 671.89  26      800      1.21686    1.34495    0.128088    83       397      
 703.16  28      851      1.21758    1.34491    0.127329    81       414      
 766.77  30      915      1.21906    1.34489    0.125833    100      444      
 811.05  31      950      1.21929    1.34488    0.125587    115      462      
 881.02  33      1011     1.22076    1.34475    0.123996    97       489      
 936.57  34      1050     1.22099    1.34474    0.123745    73       511      
 1007.28 36      1107     1.22141    1.34468    0.123277    103      534      
 1086.94 37      1150     1.22241    1.34468    0.122264    86       559      
 1147.84 39      1203     1.22329    1.34468    0.12139     87       578      
 1247.99 40      1250     1.22336    1.34468    0.121311    103      607      
 1304.41 42      1300     1.22613    1.34433    0.118199    83       624      
 1401.9  44      1363     1.22689    1.34419    0.117303    91       653      
 1479.08 45      1400     1.22693    1.34418    0.11725     107      673      
 1579.25 47      1459     1.22706    1.34416    0.117106    151      698      
 1664.95 48      1500     1.22841    1.34406    0.115654    87       720      
 1750.84 50      1555     1.22933    1.344      0.114669    88       741      
 1867.42 51      1600     1.22941    1.344      0.114596    122      768      
 1943.06 53      1651     1.22963    1.344      0.11437     139      784      
 2087.03 55      1715     1.2301     1.34399    0.113895    135      814      
 2177.1  56      1750     1.23023    1.34395    0.113718    128      832      
Writing policy file: ./4de3762231_58_2319.47.policy
Intermediate policy written(interval: 2000)
 2319.47 58      1811     1.23045    1.34393    0.113481    134      859      
 2444.14 59      1850     1.23079    1.34393    0.113143    164      881      
 2556.09 61      1907     1.23088    1.34391    0.113034    185      904      
 2700.71 62      1950     1.23088    1.34391    0.113029    201      928      
 2807.98 64      2003     1.23258    1.34391    0.111333    93       946      
 2996.35 65      2050     1.23263    1.34391    0.111279    101      976      
 3087.47 67      2100     1.23372    1.3438     0.110086    116      991      
 3249.9  69      2163     1.23579    1.34364    0.107849    96       1018     
 3367.57 70      2200     1.2367     1.34356    0.106864    90       1039     
 3510.28 72      2259     1.23811    1.34339    0.105278    110      1064     
 3658.34 73      2300     1.23828    1.34338    0.105105    132      1088     
 3807.6  75      2355     1.23842    1.34337    0.104959    170      1109     
 3998.91 76      2400     1.23848    1.34333    0.104851    194      1136     
 4124.21 78      2451     1.2385     1.34332    0.10482     226      1153     
Writing policy file: ./4de3762231_80_4351.12.policy
Intermediate policy written(interval: 2000)
 4351.12 80      2515     1.2387     1.34332    0.104618    232      1182     
 4488.79 81      2550     1.2387     1.34332    0.104613    248      1198     
 4712.16 83      2611     1.2387     1.34332    0.104611    251      1224     
 4865.63 84      2650     1.23877    1.34332    0.104546    251      1243     
 5057.23 86      2707     1.23889    1.3433     0.104411    257      1266     
 5261.14 87      2750     1.23904    1.34329    0.104249    209      1291     
 5419.7  89      2803     1.23929    1.34328    0.103992    123      1310     
 5636.46 90      2850     1.23941    1.34325    0.103842    139      1339     
 5747.58 92      2900     1.23942    1.34325    0.103832    157      1353     
 6018.21 94      2963     1.23962    1.34319    0.103568    160      1381     
 6200.71 95      3000     1.23962    1.34319    0.103564    173      1399     
Writing policy file: ./4de3762231_97_6423.44.policy
Intermediate policy written(interval: 2000)
 6423.44 97      3059     1.23983    1.34319    0.10336     174      1423     
 6611.02 98      3100     1.24058    1.3431     0.102519    102      1445     
 6794.59 100     3155     1.24108    1.34305    0.101975    120      1466     
 7058.21 101     3200     1.2411     1.34305    0.101949    141      1493     
 7215.81 103     3251     1.24136    1.34293    0.101576    167      1509     
 7483.06 105     3315     1.2414     1.34292    0.101523    180      1538     
 7706.87 106     3350     1.2414     1.34291    0.101514    171      1556     
 7966.49 108     3411     1.24141    1.34291    0.101502    185      1582     
 8183.08 109     3450     1.24141    1.34291    0.101501    198      1602     
Writing policy file: ./4de3762231_111_8445.76.policy
Intermediate policy written(interval: 2000)
 8445.76 111     3507     1.24166    1.34291    0.101248    164      1625     
 8740.54 112     3550     1.24183    1.3429     0.101068    153      1651     
 8960.43 114     3603     1.24192    1.34289    0.100967    152      1670     
 9285.47 115     3650     1.24199    1.34289    0.100894    130      1699     
 9450.52 117     3700     1.24201    1.34289    0.100876    149      1713     
 9774.88 119     3763     1.24201    1.34289    0.10087     168      1741     
 10012.6 120     3800     1.24213    1.34289    0.100752    161      1760     
 10248.2 122     3859     1.24265    1.34279    0.100142    161      1784     
Writing policy file: ./4de3762231_123_10506.7.policy
Intermediate policy written(interval: 2000)
 10506.7 123     3900     1.24272    1.34278    0.100057    171      1807     
-------------------------------------------------------------------------------

SARSOP finishing ...
  Preset timeout reached
  Timeout     : 10000.000000s
  Actual Time : 10506.730000s

-------------------------------------------------------------------------------
 Time   |#Trial |#Backup |LBound    |UBound    |Precision  |#Alphas |#Beliefs  
-------------------------------------------------------------------------------
 10506.7 123     3900     1.24272    1.34278    0.100057    171      1807     
-------------------------------------------------------------------------------

Writing out policy ...
  output file : ./4de3762231.policyx

