
Loading the model ...
  input file   : /home/rstudio/pomdp-solutions-library/4df5459ee17.pomdpx
  loading time : 4.48s 

SARSOP initializing ...
  initialization time : 879.17s

-------------------------------------------------------------------------------
 Time   |#Trial |#Backup |LBound    |UBound    |Precision  |#Alphas |#Beliefs  
-------------------------------------------------------------------------------
 879.17  0       0        0.555562   1.5472     0.991637    100      1        
 904.97  1       50       0.637802   1.40801    0.770207    115      29       
 931.72  3       107      0.686067   1.40672    0.720648    15       44       
 968.69  4       150      0.727089   1.40629    0.679204    10       60       
 994.82  6       209      0.766183   1.40412    0.637936    10       69       
 1050.15 7       250      0.798649   1.40375    0.605099    9        88       
 1131.67 9       309      0.845038   1.40159    0.556557    12       112      
 1171.76 10      350      0.856558   1.40078    0.544222    14       123      
 1238.51 12      405      0.896209   1.39909    0.502877    13       139      
 1308.72 13      450      0.926385   1.39858    0.472199    13       153      
 1328.85 15      501      0.947144   1.39783    0.450687    19       157      
 1473.3  17      565      0.97926    1.39645    0.417191    31       184      
 1542.42 18      600      0.989545   1.39617    0.406629    14       194      
 1685.39 20      661      1.02328    1.39519    0.371913    34       217      
 1792.87 21      700      1.03932    1.39467    0.355353    22       231      
 1951.27 23      757      1.07404    1.39439    0.320346    23       252      
 2054.12 24      800      1.08949    1.39427    0.304786    21       264      
 2087.48 26      853      1.11812    1.39394    0.275817    19       268      
 2170.72 27      900      1.12693    1.39367    0.266742    15       279      
 2248.07 29      950      1.14056    1.39362    0.253064    18       288      
 2507.46 31      1000     1.14755    1.3935     0.245947    31       315      
 2594.29 32      1050     1.16452    1.39323    0.22871     17       323      
Writing policy file: ./4df5459ee17_33_2895.18.policy
Intermediate policy written(interval: 2000)
 2895.18 34      1100     1.17227    1.39301    0.220746    23       349      
 3012.87 35      1151     1.18427    1.3926     0.208322    26       359      
 3269.69 36      1200     1.19132    1.39236    0.201038    26       381      
 3431.17 38      1253     1.20481    1.39201    0.187203    30       393      
 3817.31 39      1300     1.21149    1.39175    0.180259    30       419      
 4148.87 41      1355     1.2205     1.3914     0.1709      37       437      
 4512.53 42      1400     1.22465    1.39121    0.166554    17       456      
Writing policy file: ./4df5459ee17_44_4902.59.policy
Intermediate policy written(interval: 2000)
 4902.59 44      1457     1.23211    1.39101    0.158901    28       474      
 5225.74 45      1500     1.23628    1.39082    0.154547    22       491      
 5663.36 47      1559     1.24265    1.39058    0.147929    34       510      
 6096.02 48      1600     1.24668    1.39036    0.143684    20       528      
 6573.91 50      1661     1.25204    1.39021    0.138169    32       548      
Writing policy file: ./4df5459ee17_51_6903.54.policy
Intermediate policy written(interval: 2000)
 6903.54 51      1700     1.25348    1.39011    0.136637    28       564      
 7156.28 53      1763     1.25927    1.38984    0.130578    24       577      
 7419.1  54      1800     1.26101    1.3898     0.128783    23       592      
 7805.89 56      1865     1.26534    1.38946    0.124112    40       619      
 7968.22 57      1900     1.26762    1.38925    0.121629    40       632      
 8287.34 59      1950     1.26883    1.38923    0.120394    32       659      
 8459.6  60      2001     1.27137    1.38915    0.117782    30       673      
 8687.79 61      2050     1.27262    1.3891     0.116487    27       695      
 8827.69 63      2103     1.27461    1.3891     0.11449     40       709      
Writing policy file: ./4df5459ee17_64_9025.87.policy
Intermediate policy written(interval: 2000)
 9025.87 64      2150     1.27566    1.3891     0.113437    36       729      
 9154.66 66      2205     1.27883    1.389      0.110177    38       743      
 9378.02 67      2250     1.28003    1.38899    0.108966    30       767      
 9506.1  69      2307     1.28204    1.38875    0.106712    32       782      
 9625.12 70      2350     1.28309    1.38853    0.105445    33       797      
 9771.85 72      2409     1.28461    1.38853    0.103917    32       813      
 9948.14 73      2450     1.28545    1.38837    0.102912    37       831      
 10223.5 75      2511     1.28648    1.38827    0.101785    33       854      
 10399.3 76      2550     1.28697    1.38812    0.101149    47       868      
 10744.7 78      2615     1.28772    1.38807    0.100351    52       893      
 10962.3 79      2650     1.28792    1.38804    0.100123    45       907      
Writing policy file: ./4df5459ee17_80_11298.3.policy
Intermediate policy written(interval: 2000)
 11298.3 81      2700     1.28809    1.38804    0.0999491   46       929      
-------------------------------------------------------------------------------

SARSOP finishing ...
  Preset timeout reached
  Timeout     : 10000.000000s
  Actual Time : 11298.300000s

-------------------------------------------------------------------------------
 Time   |#Trial |#Backup |LBound    |UBound    |Precision  |#Alphas |#Beliefs  
-------------------------------------------------------------------------------
 11298.3 81      2700     1.28809    1.38804    0.0999491   46       929      
-------------------------------------------------------------------------------

Writing out policy ...
  output file : ./4df5459ee17.policyx

