
Loading the model ...
  input file   : /home/rstudio/pomdp-solutions-library/4df732e8560.pomdpx
  loading time : 4.72s 

SARSOP initializing ...
  initialization time : 1703.98s

-------------------------------------------------------------------------------
 Time   |#Trial |#Backup |LBound    |UBound    |Precision  |#Alphas |#Beliefs  
-------------------------------------------------------------------------------
 1703.98 0       0        3.07974    6.41395    3.3342      100      1        
 1745.88 2       51       4.36297    6.16413    1.80117     22       16       
 1814.5  4       103      4.54095    6.16184    1.62088     10       28       
 1938.74 6       155      4.68453    6.15903    1.4745      8        40       
 2017.84 8       207      4.78859    6.15644    1.36785     11       46       
 2066.85 10      261      4.87512    6.1542     1.27909     10       49       
 2376.17 11      300      4.92183    6.15317    1.23134     12       65       
 2575.4  13      350      4.98657    6.15019    1.16361     12       73       
 2884.86 15      400      5.05308    6.14959    1.09651     7        84       
 3289.31 17      450      5.08884    6.14608    1.05724     8        96       
 3579.25 19      501      5.12065    6.14142    1.02078     11       104      
Writing policy file: ./4df732e8560_21_4001.58.policy
Intermediate policy written(interval: 2000)
 4001.58 21      555      5.1661     6.13691    0.970809    8        115      
 4755.31 23      611      5.19056    6.13264    0.942071    8        131      
 5497.38 24      650      5.20185    6.13096    0.929107    12       145      
Writing policy file: ./4df732e8560_26_6346.81.policy
Intermediate policy written(interval: 2000)
 6346.81 26      700      5.20654    6.12716    0.920617    15       158      
 7288.33 28      750      5.23147    6.12373    0.892263    9        172      
 8335.05 30      800      5.24428    6.12104    0.876769    9        185      
Writing policy file: ./4df732e8560_32_9080.22.policy
Intermediate policy written(interval: 2000)
 9080.22 32      850      5.2526     6.11979    0.867188    14       195      
 10106.1 34      901      5.2601     6.11953    0.859428    12       208      
Writing policy file: ./4df732e8560_36_11478.7.policy
Intermediate policy written(interval: 2000)
 11478.7 36      953      5.26542    6.1185     0.853087    13       223      
-------------------------------------------------------------------------------

SARSOP finishing ...
  Preset timeout reached
  Timeout     : 10000.000000s
  Actual Time : 11478.740000s

-------------------------------------------------------------------------------
 Time   |#Trial |#Backup |LBound    |UBound    |Precision  |#Alphas |#Beliefs  
-------------------------------------------------------------------------------
 11478.7 36      953      5.26542    6.1185     0.853087    13       223      
-------------------------------------------------------------------------------

Writing out policy ...
  output file : ./4df732e8560.policyx

