
Loading the model ...
  input file   : /home/rstudio/pomdp-solutions-library/compact-sethi-120/449f36cea628.pomdpx
  loading time : 8.02s 

SARSOP initializing ...
  initialization time : 2110.46s

-------------------------------------------------------------------------------
 Time   |#Trial |#Backup |LBound    |UBound    |Precision  |#Alphas |#Beliefs  
-------------------------------------------------------------------------------
 2110.46 0       0        3.70474    6.29256    2.58782     120      1        
 2119.15 3       53       4.76829    5.43214    0.663851    16       28       
 2136.61 5       100      4.96993    5.43081    0.460879    10       54       
 2165.47 7       150      5.09286    5.42917    0.336308    18       81       
 2204.14 9       200      5.16097    5.42763    0.266664    14       107      
 2248.26 12      250      5.19885    5.42612    0.227265    17       132      
 2298.19 14      311      5.23168    5.42496    0.193278    15       155      
 2357.4  16      350      5.24392    5.42457    0.180646    17       179      
 2424.02 17      400      5.25666    5.42385    0.167181    13       203      
 2492.55 19      450      5.26655    5.42272    0.156163    15       226      
 2571.16 21      500      5.27451    5.42174    0.147229    15       249      
 2653.91 23      550      5.27792    5.42134    0.143421    17       271      
 2746.94 25      600      5.28149    5.42102    0.139527    22       293      
 2839.24 27      651      5.28486    5.42046    0.135602    19       316      
 2926.13 29      703      5.28947    5.41958    0.130105    16       338      
 3027.81 31      755      5.29146    5.41912    0.127654    22       361      
 3140.72 33      807      5.29271    5.41881    0.126098    25       384      
 3286.1  35      859      5.29383    5.41828    0.124448    20       409      
 3434.25 37      911      5.29496    5.41803    0.123077    29       433      
 3608.21 39      950      5.29526    5.41797    0.122712    35       457      
 3790.57 40      1000     5.29591    5.41771    0.121798    33       479      
 3965.83 42      1050     5.29701    5.41742    0.120408    27       500      
 4079.37 44      1100     5.29968    5.41726    0.117576    25       521      
Writing policy file: compact-sethi-120/449f36cea628_46_4190.83.policy
Intermediate policy written(interval: 2000)
 4190.83 46      1150     5.30059    5.41698    0.11639     31       543      
 4308.14 48      1201     5.30244    5.41621    0.113771    23       566      
 4427.32 50      1253     5.30346    5.41592    0.11246     27       590      
 4545.76 52      1307     5.3038     5.4158     0.111991    32       613      
 4698.43 54      1359     5.30544    5.41505    0.109618    28       637      
 4830.98 56      1411     5.30581    5.4149     0.109088    35       661      
 4964.35 58      1450     5.3061     5.41462    0.10852     39       682      
 5108.43 59      1500     5.30665    5.41446    0.107803    37       703      
 5262.9  61      1550     5.30732    5.41407    0.106743    34       726      
 5382.41 63      1600     5.30777    5.41355    0.105788    34       746      
 5516.71 65      1650     5.30791    5.41344    0.105526    50       767      
 5660.51 67      1701     5.30818    5.41336    0.10518     39       789      
 5814.44 69      1753     5.30827    5.41331    0.105039    56       812      
 5983.59 71      1805     5.3086     5.41318    0.104577    60       836      
 6145.22 73      1857     5.30875    5.41293    0.104179    59       860      
Writing policy file: compact-sethi-120/449f36cea628_75_6337.02.policy
Intermediate policy written(interval: 2000)
 6337.02 75      1909     5.30902    5.41272    0.103699    40       885      
 6544.33 77      1963     5.3093     5.41231    0.103009    43       910      
 6772.33 78      2000     5.30947    5.41222    0.102756    46       932      
 7039.63 80      2050     5.30963    5.4121     0.102473    50       953      
 7313.24 82      2100     5.30976    5.41198    0.102216    59       973      
 7623.37 84      2151     5.30997    5.41185    0.101881    54       994      
 8007.55 86      2205     5.31013    5.4116     0.101475    55       1018     
Writing policy file: compact-sethi-120/449f36cea628_88_8429.19.policy
Intermediate policy written(interval: 2000)
 8429.19 88      2259     5.31061    5.41137    0.100764    52       1041     
 8609.25 90      2311     5.31083    5.41109    0.100263    51       1063     
 8815.37 91      2350     5.31093    5.41107    0.100135    60       1086     
 9025.57 93      2400     5.311      5.41098    0.0999835   67       1107     
 9245.39 95      2450     5.31112    5.41089    0.0997779   65       1128     
 9472.59 97      2500     5.31171    5.41062    0.0989074   60       1148     
 9664.13 99      2550     5.31184    5.41037    0.0985297   56       1169     
 9908.83 101     2603     5.31196    5.41023    0.0982699   54       1193     
 10192.5 103     2657     5.31206    5.41017    0.098114    62       1218     
Writing policy file: compact-sethi-120/449f36cea628_105_10504.5.policy
Intermediate policy written(interval: 2000)
 10504.5 105     2711     5.31221    5.41011    0.097902    57       1243     
-------------------------------------------------------------------------------

SARSOP finishing ...
  Preset timeout reached
  Timeout     : 10000.000000s
  Actual Time : 10504.530000s

-------------------------------------------------------------------------------
 Time   |#Trial |#Backup |LBound    |UBound    |Precision  |#Alphas |#Beliefs  
-------------------------------------------------------------------------------
 10504.5 105     2711     5.31221    5.41011    0.097902    57       1243     
-------------------------------------------------------------------------------

Writing out policy ...
  output file : compact-sethi-120/449f36cea628.policyx

