
Loading the model ...
  input file   : /home/rstudio/pomdp-solutions-library/compact-sethi-120/449f6d59c7e3.pomdpx
  loading time : 7.74s 

SARSOP initializing ...
  initialization time : 2074.06s

-------------------------------------------------------------------------------
 Time   |#Trial |#Backup |LBound    |UBound    |Precision  |#Alphas |#Beliefs  
-------------------------------------------------------------------------------
 2074.06 0       0        2.70104    4.62843    1.92739     120      1        
 2083.06 3       50       3.19662    3.92173    0.725113    27       31       
 2101.31 5       103      3.52075    3.91668    0.395933    25       53       
 2132.9  7       150      3.60455    3.91529    0.310743    12       79       
 2179.81 10      209      3.6653     3.91347    0.248166    17       106      
 2222.9  12      253      3.69893    3.91034    0.211417    19       127      
 2282.91 14      300      3.71276    3.90965    0.196898    22       152      
 2354.98 16      350      3.71962    3.90894    0.189323    18       178      
 2437.38 18      400      3.72846    3.90777    0.179309    15       204      
 2511.28 21      457      3.73355    3.90709    0.173538    21       224      
 2590.69 23      505      3.73662    3.90656    0.169935    17       246      
 2681.88 25      551      3.74029    3.90579    0.165503    20       269      
 2772.82 27      600      3.75171    3.90379    0.152076    19       292      
 2887.18 29      650      3.75416    3.90305    0.148885    23       317      
 3002.39 31      700      3.76059    3.90259    0.141995    21       342      
 3116.37 33      750      3.76259    3.90244    0.139845    24       365      
 3258.03 35      800      3.76412    3.90227    0.138157    31       390      
 3400.99 37      850      3.76473    3.90157    0.136846    34       414      
 3564.3  39      900      3.76635    3.90114    0.134795    33       439      
 3722.5  41      950      3.76708    3.901      0.133918    35       462      
 3888.16 44      1011     3.76764    3.90069    0.133042    38       484      
 4064.17 46      1059     3.76793    3.90048    0.132551    42       506      
Writing policy file: compact-sethi-120/449f6d59c7e3_48_4240.04.policy
Intermediate policy written(interval: 2000)
 4240.04 48      1107     3.76809    3.90041    0.132318    45       528      
 4404.99 50      1157     3.76985    3.90018    0.130331    31       551      
 4543.64 52      1203     3.77205    3.89991    0.127857    28       572      
 4710.54 54      1251     3.77255    3.8997     0.127159    41       594      
 4878.96 56      1300     3.77286    3.89951    0.126645    45       616      
 5044.74 58      1350     3.77319    3.89922    0.126026    38       639      
 5215.65 60      1400     3.77344    3.89906    0.125619    46       662      
 5442.99 62      1450     3.77363    3.89899    0.125365    46       689      
 5648.2  65      1500     3.77396    3.89834    0.124372    46       713      
 5845.01 67      1550     3.77413    3.89829    0.124161    57       736      
 6030.62 69      1609     3.77433    3.89818    0.123849    67       757      
 6214.75 71      1657     3.77445    3.89809    0.123645    60       778      
Writing policy file: compact-sethi-120/449f6d59c7e3_73_6423.27.policy
Intermediate policy written(interval: 2000)
 6423.27 73      1707     3.77481    3.89794    0.123133    65       801      
 6609.03 75      1751     3.77485    3.89786    0.123016    78       820      
 6831.7  77      1800     3.77494    3.89767    0.122725    84       844      
 7065.25 79      1850     3.77501    3.89753    0.122521    83       869      
 7292.2  81      1900     3.77506    3.89737    0.122316    75       892      
 7576.81 84      1950     3.77514    3.89705    0.121903    77       916      
 7823.19 86      2005     3.77521    3.89693    0.121715    90       935      
 8112.19 88      2051     3.77524    3.89681    0.121569    99       956      
Writing policy file: compact-sethi-120/449f6d59c7e3_90_8456.7.policy
Intermediate policy written(interval: 2000)
 8456.7  90      2100     3.77663    3.89641    0.119777    110      980      
 8852.33 92      2150     3.77668    3.8962     0.119524    118      1005     
 9194.48 94      2200     3.77703    3.8961     0.119076    78       1029     
 9464.17 97      2259     3.77721    3.89582    0.118607    73       1051     
 9718.15 99      2305     3.77724    3.89575    0.118508    94       1070     
 10021.2 101     2351     3.77729    3.89567    0.118384    105      1091     
 10331.2 103     2400     3.77732    3.89558    0.118255    95       1111     
Writing policy file: compact-sethi-120/449f6d59c7e3_105_10781.7.policy
Intermediate policy written(interval: 2000)
 10781.7 105     2450     3.77734    3.89544    0.118101    101      1137     
-------------------------------------------------------------------------------

SARSOP finishing ...
  Preset timeout reached
  Timeout     : 10000.000000s
  Actual Time : 10781.740000s

-------------------------------------------------------------------------------
 Time   |#Trial |#Backup |LBound    |UBound    |Precision  |#Alphas |#Beliefs  
-------------------------------------------------------------------------------
 10781.7 105     2450     3.77734    3.89544    0.118101    101      1137     
-------------------------------------------------------------------------------

Writing out policy ...
  output file : compact-sethi-120/449f6d59c7e3.policyx

