
Loading the model ...
  input file   : /home/rstudio/pomdp-solutions-library/compact-sethi-120/449f340f847e.pomdpx
  loading time : 7.84s 

SARSOP initializing ...
  initialization time : 1036.09s

-------------------------------------------------------------------------------
 Time   |#Trial |#Backup |LBound    |UBound    |Precision  |#Alphas |#Beliefs  
-------------------------------------------------------------------------------
 1036.09 0       0        4.06339    6.43226    2.36886     120      1        
 1037    4       55       5.33201    5.56989    0.237884    47       29       
 1037.64 6       121      5.4082     5.56974    0.161542    73       45       
 1038.43 7       150      5.44155    5.56968    0.128125    100      61       
 1040.75 9       213      5.49101    5.56946    0.0784565   141      91       
 1042.37 10      251      5.50383    5.56932    0.0654851   107      109      
 1045.07 11      300      5.51495    5.56928    0.0543297   52       136      
 1047.1  14      357      5.52919    5.56913    0.0399385   40       156      
 1049.19 15      400      5.536      5.56907    0.033069    46       178      
 1051.81 17      450      5.54062    5.56887    0.0282564   45       202      
 1054.81 19      500      5.54373    5.5688     0.0250702   42       226      
 1057.91 22      557      5.54686    5.56874    0.021881    36       247      
 1061.5  24      600      5.54842    5.56866    0.0202374   30       269      
 1065.94 26      659      5.55118    5.56847    0.0172907   32       293      
 1069.57 28      707      5.55172    5.56832    0.0165942   31       315      
 1073.2  30      753      5.55221    5.56822    0.0160184   28       335      
 1077.13 32      800      5.553      5.56819    0.0151858   25       355      
 1081.98 34      850      5.55375    5.56815    0.014395    28       379      
 1087.83 36      900      5.55407    5.56805    0.0139718   30       404      
 1092.89 38      953      5.55525    5.56801    0.0127649   29       424      
 1099.67 40      1011     5.55567    5.5679     0.0122315   32       450      
 1104.64 42      1061     5.55585    5.56788    0.0120282   34       467      
 1111.67 44      1107     5.55602    5.5678     0.0117801   32       490      
 1118.46 46      1153     5.55635    5.56766    0.0113092   32       512      
 1127.56 47      1200     5.55644    5.56766    0.0112164   39       542      
 1130.49 49      1250     5.55712    5.5676     0.010483    39       552      
 1137.56 51      1303     5.55722    5.56751    0.0102934   44       577      
 1144.17 53      1355     5.55735    5.56749    0.010136    42       598      
 1152.29 54      1400     5.55739    5.56748    0.0100912   49       624      
 1157.36 56      1453     5.55779    5.56746    0.00966882  44       639      
 1164.41 58      1505     5.5579     5.56744    0.00953414  54       660      
 1173.02 60      1555     5.55795    5.56735    0.00939729  45       683      
 1181.05 62      1609     5.55801    5.56734    0.00933154  48       703      
 1189.15 64      1661     5.55806    5.56732    0.00925479  53       723      
 1198.09 65      1700     5.55809    5.56731    0.00922669  55       744      
 1209.28 67      1750     5.55812    5.56722    0.00910209  64       768      
 1219.95 69      1815     5.55831    5.56715    0.00883759  64       792      
 1228.67 70      1859     5.55839    5.56715    0.00875347  63       813      
 1238.14 71      1900     5.55841    5.56709    0.00868187  70       836      
 1243.71 73      1950     5.55844    5.56709    0.00865043  66       848      
 1250.66 75      2000     5.55847    5.56708    0.00860789  68       863      
 1260.25 77      2051     5.5585     5.56706    0.00856395  63       883      
 1271.8  79      2103     5.55851    5.56706    0.00854353  73       906      
 1282.97 81      2159     5.55858    5.56704    0.00846508  68       927      
 1295.17 83      2211     5.5586     5.56703    0.00842899  74       949      
 1307.89 85      2263     5.55862    5.56702    0.00840533  79       971      
 1319.91 86      2300     5.55862    5.56699    0.00836993  77       991      
 1327.76 88      2350     5.55863    5.56699    0.00835755  71       1003     
 1338.22 90      2400     5.55868    5.56694    0.0082622   68       1020     
 1349.31 92      2450     5.55869    5.56694    0.00824681  65       1038     
 1365.41 94      2505     5.55873    5.56694    0.0082025   69       1063     
 1377    96      2557     5.55875    5.56693    0.0081714   73       1080     
 1392.51 98      2609     5.55877    5.56692    0.00814899  73       1103     
 1406.71 99      2650     5.55877    5.56691    0.00813854  71       1123     
 1420.51 101     2700     5.55881    5.5669     0.00809776  71       1142     
 1437.15 103     2750     5.55882    5.56688    0.00806733  71       1165     
 1451.43 105     2801     5.5589     5.56683    0.00792878  64       1184     
 1463.91 107     2851     5.55891    5.56682    0.00791184  69       1201     
 1481.85 109     2901     5.55895    5.56677    0.00781419  70       1223     
 1502.26 111     2955     5.55896    5.56674    0.00777496  71       1246     
 1519.35 113     3005     5.55897    5.56673    0.00775955  75       1265     
 1537.24 115     3059     5.55897    5.56672    0.00774769  86       1285     
 1558.68 116     3113     5.55906    5.56672    0.00765751  85       1311     
 1574.69 117     3150     5.55906    5.56671    0.00764978  80       1330     
 1589.97 119     3200     5.55907    5.56671    0.00763791  78       1347     
 1609.57 121     3263     5.55909    5.56667    0.00757892  72       1371     
 1625.78 122     3300     5.55909    5.56666    0.007574    74       1390     
 1641.25 124     3351     5.5591     5.56666    0.00756481  80       1407     
 1664.51 126     3409     5.55911    5.56665    0.00753649  78       1431     
 1684.18 128     3461     5.55912    5.56664    0.00752457  81       1452     
 1706.54 129     3500     5.55912    5.56664    0.00751947  79       1475     
 1726.23 131     3550     5.55913    5.56664    0.00751424  81       1494     
 1747.47 133     3600     5.55913    5.56663    0.00749835  84       1514     
 1765.22 135     3650     5.55914    5.56658    0.00744568  93       1530     
 1786.12 137     3700     5.55915    5.56657    0.00741976  102      1548     
 1809.09 139     3750     5.55915    5.56657    0.00741792  110      1568     
 1828.97 141     3800     5.55915    5.56657    0.00741649  109      1586     
 1849.69 143     3853     5.55915    5.56657    0.00741188  98       1604     
 1878.29 145     3911     5.55917    5.56656    0.00739344  80       1630     
 1901.14 146     3950     5.55917    5.56656    0.00739024  80       1650     
 1922.31 148     4000     5.55917    5.56655    0.00738272  88       1667     
 1942.16 150     4050     5.55917    5.56652    0.00734901  95       1683     
 1963.75 152     4100     5.55917    5.56652    0.00734453  88       1700     
 1991.34 154     4151     5.55919    5.56648    0.0072923   94       1722     
 2013.13 156     4203     5.55919    5.56647    0.00728173  102      1739     
 2031.28 158     4255     5.55919    5.56647    0.00727739  98       1753     
 2056.91 160     4315     5.5592     5.56646    0.00726283  101      1774     
 2073.82 161     4350     5.5592     5.56646    0.00726205  99       1786     
 2093.42 163     4400     5.5592     5.56645    0.00725548  103      1801     
 2124.53 165     4457     5.5592     5.56645    0.00725175  118      1824     
 2155.56 167     4509     5.5592     5.56643    0.00722665  110      1845     
 2181.68 169     4559     5.5592     5.56643    0.00722343  116      1864     
 2212.58 171     4611     5.55921    5.56638    0.00717167  115      1885     
 2232.73 172     4650     5.55922    5.56638    0.00715085  111      1900     
 2260.53 174     4701     5.55923    5.56633    0.0071036   110      1920     
 2288.31 176     4753     5.55923    5.56633    0.00709417  99       1939     
 2313.04 178     4805     5.55924    5.56632    0.0070856   108      1956     
 2339.48 180     4859     5.55924    5.56632    0.0070833   111      1974     
 2360.83 182     4913     5.55924    5.56628    0.00704031  113      1988     
 2377.84 183     4950     5.55924    5.56628    0.00703924  109      1999     
 2398.55 185     5000     5.55924    5.56628    0.0070375   113      2012     
 2425.22 187     5050     5.55924    5.56628    0.00703692  110      2029     
 2457.08 189     5100     5.55924    5.56627    0.00703609  118      2050     
 2484.54 191     5150     5.55925    5.56624    0.00698668  130      2067     
 2518.7  193     5207     5.55926    5.56623    0.00697644  109      2089     
 2546.59 195     5257     5.55926    5.56622    0.00695715  116      2108     
 2576.37 197     5305     5.55926    5.56622    0.00695301  112      2127     
 2604.88 199     5357     5.55927    5.56622    0.00695155  106      2146     
 2637.88 200     5413     5.55931    5.5662     0.00689626  104      2172     
 2664.58 201     5450     5.55931    5.5662     0.00688965  104      2191     
 2686.94 203     5500     5.55932    5.5662     0.00687941  103      2205     
 2706.65 205     5550     5.55932    5.56619    0.00687172  113      2219     
 2729.16 207     5600     5.55932    5.56618    0.00686111  106      2235     
 2757.35 209     5650     5.55932    5.56618    0.00685642  115      2255     
 2785.58 211     5700     5.55932    5.56614    0.00681859  123      2274     
 2810.65 213     5750     5.55932    5.56611    0.00678493  121      2291     
 2836.74 214     5800     5.55933    5.56611    0.00677441  114      2313     
 2868.66 216     5861     5.55934    5.56607    0.00673173  117      2338     
 2889.51 217     5903     5.55934    5.56606    0.00672478  110      2355     
 2919.05 219     5957     5.55934    5.56605    0.00670146  112      2378     
 2949.16 221     6009     5.55935    5.56604    0.00669453  122      2400     
 2978.24 223     6061     5.55935    5.56601    0.00666582  115      2421     
 3000.46 224     6100     5.55935    5.56601    0.00666334  121      2437     
 3023.25 226     6150     5.55935    5.56601    0.00666073  123      2453     
Writing policy file: compact-sethi-120/449f340f847e_228_3039.52.policy
Intermediate policy written(interval: 2000)
 3039.52 228     6200     5.55935    5.566      0.00665336  132      2464     
 3062.96 230     6250     5.55935    5.566      0.0066505   129      2480     
 3085.63 232     6300     5.55935    5.56599    0.00663788  129      2495     
 3112.34 234     6350     5.55935    5.56594    0.00658956  136      2513     
 3139.02 236     6401     5.55935    5.56594    0.00658407  141      2531     
 3170.46 237     6450     5.55935    5.56594    0.00658203  150      2553     
 3199.32 239     6500     5.55935    5.56593    0.00657776  155      2572     
 3220.23 241     6550     5.55935    5.56593    0.00657742  156      2585     
 3243.87 243     6600     5.55935    5.56593    0.0065771   161      2600     
 3268.06 245     6650     5.55936    5.56592    0.0065606   152      2615     
 3295.19 247     6701     5.55936    5.56592    0.00655863  149      2632     
 3321.74 249     6751     5.55936    5.56592    0.00655758  163      2649     
 3345.03 251     6803     5.55936    5.56591    0.00655381  146      2663     
 3369.39 253     6855     5.55936    5.56591    0.00654766  144      2678     
 3395.88 255     6905     5.55936    5.56591    0.00654648  136      2694     
 3425.22 257     6955     5.55936    5.56591    0.00654498  137      2712     
 3455.7  259     7009     5.55936    5.56591    0.00654455  145      2731     
 3480.94 261     7061     5.55936    5.5659     0.00654205  153      2746     
 3518.48 262     7131     5.55937    5.56589    0.00651707  159      2775     
 3527.62 263     7155     5.55937    5.56589    0.00651682  152      2780     
 3554.84 265     7207     5.55937    5.56589    0.00651661  153      2797     
 3579.21 267     7257     5.55937    5.56589    0.00651517  145      2812     
 3603.86 269     7307     5.55937    5.56588    0.00651013  159      2827     
 3640.08 271     7361     5.55937    5.56587    0.0064911   170      2849     
 3669.35 273     7400     5.55937    5.56586    0.00648984  170      2867     
 3699.75 274     7450     5.55938    5.56586    0.00648571  165      2885     
 3724.03 276     7500     5.55938    5.56586    0.00648483  165      2899     
 3749.91 278     7550     5.55938    5.56586    0.0064845   168      2914     
 3774.87 280     7600     5.55938    5.56586    0.00648441  174      2929     
 3805.42 282     7650     5.55938    5.56586    0.00648333  170      2946     
 3837.2  284     7700     5.55938    5.56586    0.00648023  165      2964     
 3872.8  286     7755     5.55938    5.56581    0.00643506  160      2985     
 3907.01 288     7811     5.55938    5.5658     0.0064258   161      3005     
 3933.24 290     7861     5.55938    5.5658     0.00642473  174      3020     
 3955.28 292     7909     5.55938    5.5658     0.0064198   171      3032     
 3989.26 293     7950     5.55938    5.56579    0.00640645  160      3052     
 4019.21 295     8000     5.55938    5.56579    0.0064024   156      3069     
 4050.7  297     8050     5.55939    5.56576    0.00637388  166      3087     
 4085.81 299     8100     5.55939    5.56573    0.00634709  157      3106     
 4114.66 301     8150     5.55939    5.56573    0.0063455   156      3122     
 4146.16 303     8200     5.55939    5.56572    0.00633075  162      3140     
 4188.1  305     8257     5.55939    5.56568    0.00628794  165      3165     
 4216.36 307     8309     5.55939    5.56568    0.00628742  169      3181     
 4246.1  309     8350     5.55939    5.56568    0.00628731  177      3198     
 4279.63 310     8400     5.55939    5.56568    0.00628484  182      3217     
 4300.04 312     8450     5.55939    5.56568    0.00628405  174      3228     
 4325.07 314     8500     5.55939    5.56568    0.00628369  181      3242     
 4365.9  316     8563     5.55939    5.56568    0.0062834   180      3266     
 4396.83 317     8600     5.55939    5.56568    0.00628333  185      3283     
 4428.02 319     8650     5.55939    5.56568    0.00628326  183      3300     
 4458.74 321     8707     5.55939    5.56567    0.00627661  164      3318     
 4493.14 322     8750     5.55939    5.56567    0.00627523  160      3338     
 4528.62 324     8803     5.55939    5.56567    0.00627186  165      3358     
 4561.81 326     8855     5.55939    5.56567    0.0062713   166      3376     
 4591.41 328     8905     5.55939    5.56566    0.00627005  164      3392     
 4632.2  330     8957     5.5594     5.56565    0.00625229  162      3415     
 4666.16 332     9007     5.5594     5.56564    0.00624399  164      3434     
 4700.22 333     9050     5.5594     5.56564    0.00624364  163      3453     
 4731.89 336     9100     5.5594     5.56564    0.00624287  169      3470     
 4761.73 337     9150     5.5594     5.56564    0.00624045  173      3486     
 4793.64 339     9200     5.5594     5.56564    0.00623964  175      3503     
 4823.96 341     9250     5.5594     5.56564    0.0062393   174      3520     
 4852.09 343     9303     5.5594     5.56564    0.00623734  179      3536     
 4885.22 345     9350     5.5594     5.56563    0.00623452  184      3554     
 4917    347     9400     5.5594     5.56563    0.00622979  169      3570     
 4954.62 349     9450     5.5594     5.56559    0.00618986  159      3591     
 4984.04 351     9500     5.5594     5.56558    0.00618001  164      3607     
 5011.81 353     9550     5.5594     5.56558    0.00617827  168      3622     
 5034.8  355     9600     5.5594     5.56558    0.00617804  174      3634     
Writing policy file: compact-sethi-120/449f340f847e_357_5055.99.policy
Intermediate policy written(interval: 2000)
 5055.99 357     9650     5.5594     5.56558    0.00617787  174      3645     
 5091.63 359     9711     5.55941    5.56556    0.00615101  168      3665     
 5112.63 360     9750     5.55941    5.56556    0.006149    164      3676     
 5143.32 363     9800     5.55941    5.56556    0.00614841  168      3693     
 5161.98 364     9850     5.55941    5.56556    0.00614801  175      3703     
 5189.05 366     9915     5.55942    5.56555    0.00613082  174      3720     
 5208.64 368     9950     5.55942    5.56555    0.00612543  175      3731     
 5240.65 370     10000    5.55942    5.56554    0.00611598  161      3750     
 5269.32 372     10061    5.55942    5.56553    0.00610668  165      3766     
 5305    374     10109    5.55943    5.56548    0.00604996  175      3787     
 5338.19 376     10157    5.55943    5.56546    0.0060317   189      3806     
 5373.96 378     10209    5.55943    5.56546    0.00603073  196      3826     
 5413.72 379     10250    5.55943    5.56546    0.00602819  194      3847     
 5448    381     10300    5.55943    5.56545    0.00602556  185      3864     
 5484.37 383     10350    5.55943    5.56544    0.00601068  181      3882     
 5518.35 385     10400    5.55943    5.56544    0.00600939  175      3899     
 5547.05 387     10450    5.55943    5.56544    0.00600693  168      3914     
 5579.23 389     10500    5.55943    5.56543    0.00600376  172      3930     
 5629.27 391     10563    5.55943    5.56541    0.0059752   174      3956     
 5662.7  392     10600    5.55943    5.5654     0.00596678  178      3972     
 5703.75 394     10650    5.55943    5.5654     0.00596485  190      3991     
 5740.15 396     10700    5.55943    5.56539    0.00595822  185      4007     
 5769.19 398     10750    5.55943    5.56539    0.00595761  190      4021     
 5801.05 400     10800    5.55943    5.56539    0.00595725  196      4035     
 5843.21 402     10853    5.55943    5.56539    0.00595484  191      4056     
 5878.73 404     10901    5.55943    5.56536    0.00592403  191      4073     
 5923.14 405     10950    5.55943    5.56536    0.00592345  191      4096     
 5961.47 407     11000    5.55943    5.56532    0.00589061  204      4115     
 5997.81 409     11051    5.55943    5.56531    0.00587787  201      4134     
 6027.47 411     11101    5.55943    5.56531    0.0058771   203      4149     
 6081.29 412     11150    5.55943    5.56531    0.00587707  209      4180     
 6099.29 414     11200    5.55944    5.56529    0.00585575  217      4188     
 6130.35 416     11250    5.55944    5.56529    0.00585015  215      4204     
 6160.35 418     11301    5.55944    5.56526    0.0058223   213      4218     
 6192.5  420     11353    5.55944    5.56526    0.00582129  222      4235     
 6231.2  422     11403    5.55944    5.56523    0.00579298  234      4255     
 6271.42 424     11459    5.55944    5.56523    0.00579223  242      4276     
 6310.31 426     11509    5.55944    5.56523    0.00579037  230      4296     
 6346.15 427     11550    5.55944    5.56522    0.00578608  219      4315     
 6377.49 429     11600    5.55944    5.56522    0.00578467  224      4331     
 6412.9  431     11650    5.55944    5.56522    0.0057841   222      4349     
 6453.56 433     11711    5.55944    5.56522    0.00578177  238      4372     
 6491.93 435     11759    5.55944    5.56522    0.00578026  232      4391     
 6524.06 437     11809    5.55944    5.56522    0.00578021  224      4407     
 6562.93 438     11850    5.55944    5.56522    0.00578021  231      4428     
 6586.75 440     11900    5.55944    5.56522    0.00577982  230      4440     
 6626.29 442     11963    5.55944    5.56522    0.00577834  226      4462     
 6657.29 444     12009    5.55944    5.56521    0.00577224  223      4478     
 6684.57 445     12051    5.55944    5.56521    0.00576948  208      4493     
 6719.95 447     12100    5.55944    5.56517    0.00572724  213      4512     
 6750.17 449     12150    5.55945    5.56514    0.00569213  216      4528     
 6785.56 451     12200    5.55945    5.56514    0.00569023  228      4547     
 6819.97 453     12253    5.55945    5.56514    0.00568968  227      4566     
 6845.98 455     12301    5.55945    5.56513    0.0056852   223      4579     
 6881.4  457     12353    5.55945    5.56511    0.00566491  233      4598     
 6905.6  459     12403    5.55945    5.56511    0.00566477  229      4610     
 6936.95 461     12450    5.55945    5.56511    0.00566419  231      4627     
 6960.07 462     12500    5.55945    5.56511    0.00566347  232      4639     
 6987.83 465     12550    5.55945    5.56511    0.00566338  236      4653     
 7015.93 466     12600    5.55945    5.56511    0.00566325  227      4668     
 7037.96 468     12650    5.55945    5.56511    0.00566322  238      4680     
Writing policy file: compact-sethi-120/449f340f847e_470_7059.86.policy
Intermediate policy written(interval: 2000)
 7059.86 470     12701    5.55945    5.56511    0.00566318  233      4691     
 7088.39 472     12751    5.55945    5.56511    0.00566179  240      4706     
 7116.18 474     12803    5.55945    5.56511    0.00566168  244      4721     
 7147.97 476     12855    5.55945    5.56508    0.00563646  240      4738     
 7177.34 478     12909    5.55945    5.56508    0.00563275  237      4753     
 7209.02 480     12961    5.55945    5.56508    0.00563267  250      4770     
 7236.91 482     13011    5.55945    5.56508    0.00563195  254      4784     
 7271.54 484     13061    5.55945    5.56507    0.00562145  252      4802     
 7301.73 486     13111    5.55945    5.56507    0.0056212   246      4817     
 7332.09 488     13163    5.55945    5.56507    0.00562034  245      4832     
 7360.04 489     13200    5.55945    5.56507    0.00562006  255      4846     
 7386.99 491     13250    5.55945    5.56507    0.00562001  270      4858     
 7413.65 493     13300    5.55945    5.56507    0.00561996  266      4870     
 7453.95 495     13350    5.55945    5.56507    0.00561928  273      4889     
 7497.03 497     13400    5.55945    5.56507    0.00561696  267      4909     
 7531.96 499     13450    5.55945    5.56507    0.0056169   258      4925     
 7566.33 501     13501    5.55945    5.56507    0.00561681  253      4941     
 7609.57 503     13561    5.55945    5.56507    0.00561653  241      4962     
 7649.69 505     13609    5.55945    5.56506    0.00561498  254      4980     
 7681.02 507     13657    5.55945    5.56506    0.00561489  253      4993     
 7714.3  509     13709    5.55945    5.56506    0.00561488  253      5007     
 7753.42 511     13757    5.55945    5.56506    0.00561488  248      5023     
 7784.12 513     13803    5.55945    5.56506    0.0056147   246      5035     
 7816.27 515     13855    5.55945    5.56506    0.00561432  249      5048     
 7856.84 517     13903    5.55945    5.56506    0.00560766  240      5065     
 7902.58 519     13950    5.55945    5.56504    0.00559247  239      5084     
 7944.77 521     14000    5.55945    5.56503    0.00557753  251      5101     
 7986.96 523     14050    5.55945    5.56502    0.00557242  255      5117     
 8037.41 525     14103    5.55945    5.56501    0.00556354  264      5138     
 8084.38 527     14153    5.55945    5.56501    0.00556122  273      5157     
 8127.93 528     14200    5.55945    5.56501    0.00556044  269      5174     
 8170.2  530     14250    5.55945    5.565      0.00554551  260      5190     
 8212.72 532     14300    5.55945    5.565      0.0055453   262      5206     
 8245.8  534     14350    5.55945    5.565      0.00554436  261      5219     
 8291.67 536     14400    5.55945    5.56499    0.00554296  254      5237     
 8331.54 538     14450    5.55945    5.56499    0.00554268  241      5252     
 8385.46 540     14500    5.55945    5.56499    0.00554192  240      5274     
 8419.35 542     14550    5.55945    5.56499    0.00553827  237      5287     
 8466.18 545     14600    5.55945    5.56499    0.00553559  238      5305     
 8508.1  547     14659    5.55945    5.56494    0.00549205  239      5321     
 8545.39 549     14707    5.55945    5.56494    0.00549192  243      5335     
 8590.07 551     14757    5.55945    5.56494    0.00549147  239      5352     
 8649.48 552     14800    5.55945    5.56494    0.00549081  243      5377     
 8678.89 554     14850    5.55945    5.56494    0.00548983  235      5387     
 8733.41 556     14900    5.55945    5.56494    0.00548387  237      5408     
 8786.13 558     14950    5.55945    5.56494    0.00548362  251      5427     
 8831.27 560     15000    5.55945    5.56493    0.00548127  255      5443     
 8887.42 562     15050    5.55945    5.56493    0.00547943  250      5464     
 8950.82 564     15100    5.55945    5.56493    0.00547844  256      5487     
 9000.2  567     15150    5.55945    5.56489    0.00543522  262      5505     
 9050.53 568     15200    5.55945    5.56488    0.0054273   273      5523     
Writing policy file: compact-sethi-120/449f340f847e_570_9089.61.policy
Intermediate policy written(interval: 2000)
 9089.61 570     15250    5.55945    5.56488    0.005427    275      5536     
 9151.05 573     15300    5.55945    5.56488    0.00542615  281      5557     
 9194.93 574     15350    5.55946    5.56483    0.00537258  271      5573     
 9247.8  576     15401    5.55946    5.56482    0.00536798  275      5592     
 9302.89 578     15459    5.55946    5.56482    0.00536753  283      5612     
 9341    580     15500    5.55946    5.56482    0.00536733  290      5625     
 9387.47 581     15550    5.55946    5.56482    0.00536701  292      5641     
 9433.05 583     15600    5.55946    5.56482    0.00536552  287      5656     
 9470.01 585     15650    5.55946    5.56482    0.00536527  299      5668     
 9526.21 587     15700    5.55946    5.56482    0.00536387  299      5687     
 9586.49 589     15753    5.55946    5.56482    0.00536355  286      5706     
 9649.67 591     15807    5.55946    5.56482    0.00536336  284      5727     
 9712.29 593     15861    5.55946    5.56482    0.00536309  287      5748     
 9763.01 595     15907    5.55946    5.56482    0.00536267  282      5764     
 9798.33 597     15953    5.55946    5.56482    0.0053625   286      5774     
 9854.44 599     16003    5.55946    5.56482    0.00536235  291      5792     
 9895.17 601     16051    5.55946    5.56482    0.00536216  295      5804     
 9938.45 603     16100    5.55946    5.56482    0.00536109  292      5817     
 9985.46 605     16155    5.55946    5.56482    0.00536108  295      5832     
 10034   607     16205    5.55946    5.56482    0.00536108  296      5847     
 10076.5 609     16253    5.55946    5.56482    0.00536051  300      5859     
 10138.4 611     16305    5.55946    5.56482    0.0053602   302      5878     
 10205.6 613     16361    5.55946    5.56482    0.00535854  303      5898     
 10259.3 615     16409    5.55946    5.56482    0.00535851  292      5914     
 10314.1 616     16450    5.55946    5.56482    0.00535851  298      5931     
 10380.6 618     16511    5.55946    5.56481    0.00535353  300      5952     
 10428.1 620     16557    5.55946    5.56481    0.005351    303      5965     
 10474.6 622     16605    5.55946    5.56481    0.0053508   303      5978     
 10515.7 624     16651    5.55946    5.56481    0.00535079  309      5989     
 10566.7 626     16707    5.55946    5.56481    0.00535077  309      6004     
 10635.1 627     16750    5.55946    5.56481    0.00535076  311      6025     
 10682.7 629     16805    5.55946    5.56481    0.00535043  306      6039     
 10740.2 630     16853    5.55946    5.56481    0.00534978  293      6057     
 10822.5 632     16909    5.55946    5.56481    0.00534931  303      6079     
 10894.9 634     16957    5.55946    5.5648     0.00534517  298      6099     
 10959.9 635     17000    5.55946    5.5648     0.00534402  298      6118     
 11011.5 638     17050    5.55946    5.5648     0.00534277  307      6132     
 11079.6 640     17107    5.55946    5.56479    0.00532791  309      6151     
Writing policy file: compact-sethi-120/449f340f847e_642_11158.policy
Intermediate policy written(interval: 2000)
 11158   642     17155    5.55946    5.56474    0.00527854  288      6172     
-------------------------------------------------------------------------------

SARSOP finishing ...
  Preset timeout reached
  Timeout     : 10000.000000s
  Actual Time : 11158.010000s

-------------------------------------------------------------------------------
 Time   |#Trial |#Backup |LBound    |UBound    |Precision  |#Alphas |#Beliefs  
-------------------------------------------------------------------------------
 11158   642     17155    5.55946    5.56474    0.00527854  288      6172     
-------------------------------------------------------------------------------

Writing out policy ...
  output file : compact-sethi-120/449f340f847e.policyx

