
Loading the model ...
  input file   : /home/rstudio/pomdp-solutions-library/compact-sethi-120/449f3cf0ddad.pomdpx
  loading time : 8.30s 

SARSOP initializing ...
  initialization time : 1014.44s

-------------------------------------------------------------------------------
 Time   |#Trial |#Backup |LBound    |UBound    |Precision  |#Alphas |#Beliefs  
-------------------------------------------------------------------------------
 1014.44 0       0        1.26156    2.30851    1.04695     120      1        
 1029.03 1       50       1.51799    1.71402    0.19603     157      33       
 1051.19 3       115      1.59674    1.71276    0.116021    53       59       
 1075.53 4       155      1.6162     1.71235    0.0961486   41       79       
 1110.83 5       200      1.62495    1.71208    0.0871297   23       104      
 1158.93 6       250      1.63028    1.71196    0.0816813   21       133      
 1193.9  8       317      1.64863    1.71169    0.0630524   35       160      
 1231.78 9       363      1.65501    1.71149    0.0564768   33       183      
 1282.91 10      413      1.65608    1.71139    0.0553102   33       208      
 1341.89 11      461      1.65696    1.71119    0.0542312   37       232      
 1407.4  12      509      1.65776    1.71097    0.0532082   33       256      
 1482.96 13      557      1.65879    1.71085    0.0520598   35       280      
 1562.02 14      603      1.65889    1.71066    0.0517711   43       303      
 1657.46 15      653      1.65972    1.71057    0.0508548   44       328      
 1761.13 16      701      1.66238    1.7104     0.0480283   31       352      
 1876.8  17      751      1.66267    1.71035    0.047678    38       377      
 2006.61 18      800      1.66283    1.71021    0.0473793   48       402      
 2148.04 19      850      1.66299    1.71016    0.0471658   42       427      
 2308.87 20      900      1.66306    1.71014    0.0470749   50       452      
 2473.46 21      950      1.66313    1.71008    0.0469426   47       477      
 2652.81 22      1000     1.66319    1.71006    0.0468697   51       503      
 2843.13 23      1050     1.66325    1.70999    0.0467385   57       529      
Writing policy file: compact-sethi-120/449f3cf0ddad_24_3030.65.policy
Intermediate policy written(interval: 2000)
 3030.65 24      1100     1.66333    1.70996    0.046624    59       555      
 3225.44 25      1150     1.6634     1.70995    0.0465455   68       581      
 3390.39 26      1200     1.66428    1.70971    0.0454369   49       605      
 3567.86 27      1250     1.66467    1.70971    0.0450412   45       630      
 3759.7  28      1300     1.66485    1.70963    0.04478     45       656      
 3950.37 29      1350     1.66514    1.70951    0.0443767   47       682      
 4131.63 31      1423     1.66524    1.70942    0.0441836   54       706      
 4301.52 32      1471     1.66581    1.70936    0.043544    57       729      
 4474.77 33      1517     1.66583    1.70933    0.0434949   57       751      
 4672.62 34      1565     1.66595    1.7093     0.0433557   49       774      
 4885.13 35      1613     1.66597    1.7093     0.0433277   55       797      
Writing policy file: compact-sethi-120/449f3cf0ddad_36_5120.03.policy
Intermediate policy written(interval: 2000)
 5120.03 36      1661     1.66631    1.70926    0.0429462   44       820      
 5344.96 37      1709     1.66637    1.70924    0.0428683   48       843      
 5597.67 38      1757     1.66638    1.70922    0.0428398   54       867      
 5860.64 39      1803     1.66644    1.70917    0.0427313   61       890      
 6147.99 40      1850     1.66647    1.70909    0.0426245   70       914      
 6424.4  41      1900     1.66655    1.70893    0.042371    66       940      
 6720.86 42      1950     1.66658    1.70886    0.0422722   52       966      
 7020.11 43      2000     1.66661    1.70885    0.0422371   65       991      
Writing policy file: compact-sethi-120/449f3cf0ddad_44_7339.55.policy
Intermediate policy written(interval: 2000)
 7339.55 44      2050     1.66664    1.70883    0.0421902   63       1016     
 7670.82 45      2100     1.66666    1.70879    0.0421278   63       1041     
 8037.79 46      2150     1.66667    1.70876    0.0420929   73       1068     
 8414.41 47      2200     1.66738    1.70858    0.041202    70       1094     
 8789.49 48      2250     1.6674     1.70857    0.0411648   76       1119     
 9202.88 49      2300     1.66744    1.70851    0.041069    83       1145     
Writing policy file: compact-sethi-120/449f3cf0ddad_50_9591.94.policy
Intermediate policy written(interval: 2000)
 9591.94 51      2350     1.66745    1.70851    0.0410562   90       1168     
 10015.6 52      2421     1.66746    1.70844    0.0409795   89       1192     
 10412.6 53      2469     1.66752    1.70844    0.0409243   85       1215     
 10783   54      2517     1.66753    1.70842    0.0408905   60       1238     
 11159   55      2567     1.66756    1.70841    0.0408499   71       1262     
 11491.4 56      2613     1.66757    1.70838    0.0408142   78       1284     
Writing policy file: compact-sethi-120/449f3cf0ddad_57_11833.3.policy
Intermediate policy written(interval: 2000)
 11833.3 57      2659     1.66757    1.70836    0.0407922   66       1306     
-------------------------------------------------------------------------------

SARSOP finishing ...
  Preset timeout reached
  Timeout     : 10000.000000s
  Actual Time : 11833.260000s

-------------------------------------------------------------------------------
 Time   |#Trial |#Backup |LBound    |UBound    |Precision  |#Alphas |#Beliefs  
-------------------------------------------------------------------------------
 11833.3 57      2659     1.66757    1.70836    0.0407922   66       1306     
-------------------------------------------------------------------------------

Writing out policy ...
  output file : compact-sethi-120/449f3cf0ddad.policyx

