
Loading the model ...
  input file   : /home/rstudio/pomdp-solutions-library/compact-sethi-120/449f5e7b88e.pomdpx
  loading time : 7.59s 

SARSOP initializing ...
  initialization time : 1086.64s

-------------------------------------------------------------------------------
 Time   |#Trial |#Backup |LBound    |UBound    |Precision  |#Alphas |#Beliefs  
-------------------------------------------------------------------------------
 1086.64 0       0        4.06339    6.40722    2.34383     120      1        
 1094.61 4       57       5.19354    5.53842    0.344882    18       30       
 1105.57 6       100      5.27826    5.53674    0.258481    20       54       
 1124.13 9       159      5.35002    5.53446    0.184446    16       81       
 1147.16 11      205      5.36489    5.53361    0.16872     15       104      
 1174.2  13      251      5.37365    5.53262    0.158973    17       127      
 1208.94 15      300      5.38441    5.53168    0.14727     21       153      
 1249.89 17      350      5.39066    5.53057    0.139907    27       178      
 1298.87 19      400      5.39259    5.53002    0.13743     24       202      
 1353.45 21      450      5.39475    5.52952    0.134769    26       227      
 1409.5  23      500      5.39926    5.52885    0.129586    31       251      
 1468.49 25      550      5.40005    5.52863    0.128584    31       274      
 1537    28      600      5.40271    5.52799    0.125283    24       298      
 1614.17 29      650      5.40355    5.52787    0.124316    32       321      
 1697.3  32      711      5.40416    5.52763    0.123475    38       343      
 1788.21 34      759      5.40487    5.52687    0.121997    38       365      
 1893.11 36      811      5.40676    5.52649    0.119727    34       389      
 1991.72 38      859      5.40795    5.52625    0.118298    30       411      
 2103.75 40      909      5.40815    5.52609    0.117947    42       434      
 2220.83 42      959      5.40834    5.52584    0.1175      49       456      
 2364.33 44      1009     5.40844    5.52567    0.117231    57       480      
 2461.16 46      1057     5.41123    5.5249     0.113668    55       502      
 2563.81 48      1105     5.41161    5.52479    0.113185    55       524      
 2685.09 50      1159     5.41184    5.52474    0.112908    51       549      
 2810.76 52      1209     5.412      5.5247     0.112699    48       572      
 2949.07 54      1263     5.41206    5.52467    0.112608    59       596      
 3079.41 55      1300     5.41215    5.52466    0.112515    61       618      
Writing policy file: compact-sethi-120/449f5e7b88e_58_3218.78.policy
Intermediate policy written(interval: 2000)
 3218.78 58      1361     5.41223    5.52464    0.112409    56       640      
 3363.1  60      1409     5.4124     5.52444    0.112037    63       662      
 3525.56 62      1459     5.41249    5.52442    0.111934    72       685      
 3700.55 64      1509     5.41279    5.5243     0.111509    70       709      
 3875.68 66      1559     5.41291    5.52391    0.110999    74       732      
 4054.54 68      1609     5.41299    5.52387    0.110874    70       755      
 4227.21 70      1659     5.41305    5.52384    0.110793    68       778      
 4404.14 72      1707     5.41308    5.52381    0.110725    78       800      
 4566.1  74      1755     5.4135     5.52355    0.110056    72       820      
 4742.57 76      1805     5.4136     5.5235     0.1099      58       843      
 4903.93 78      1853     5.41372    5.52336    0.10964     71       865      
 5068.49 80      1903     5.41411    5.52307    0.108957    73       888      
 5198.95 82      1951     5.41425    5.52301    0.108763    71       910      
Writing policy file: compact-sethi-120/449f5e7b88e_84_5346.83.policy
Intermediate policy written(interval: 2000)
 5346.83 84      2003     5.41441    5.52289    0.108483    68       934      
 5495.16 86      2053     5.41449    5.52282    0.108333    74       956      
 5651.77 88      2101     5.41453    5.52263    0.108094    76       977      
 5838.48 90      2151     5.41462    5.52249    0.107869    71       1000     
 6037.18 92      2200     5.41466    5.5224     0.107744    84       1023     
 6253.87 94      2251     5.41468    5.52234    0.107656    98       1046     
 6485.98 96      2300     5.41484    5.52187    0.107029    98       1070     
 6709.27 98      2350     5.41488    5.52185    0.106974    81       1092     
 6946.59 100     2401     5.41491    5.5218     0.10689     87       1113     
 7216.37 102     2450     5.41495    5.52157    0.106628    91       1136     
Writing policy file: compact-sethi-120/449f5e7b88e_104_7503.policy
Intermediate policy written(interval: 2000)
 7503    104     2500     5.41496    5.52155    0.106586    86       1159     
 7821.32 106     2550     5.41504    5.52139    0.106348    96       1183     
 8129.09 108     2600     5.4151     5.52136    0.106256    97       1205     
 8479.46 110     2650     5.41511    5.52134    0.106228    96       1229     
 8812.88 112     2700     5.4152     5.52109    0.10589     99       1252     
 9182.5  114     2750     5.41524    5.52107    0.105824    105      1276     
Writing policy file: compact-sethi-120/449f5e7b88e_116_9589.49.policy
Intermediate policy written(interval: 2000)
 9589.49 116     2800     5.41526    5.52102    0.10576     100      1300     
 9991.54 118     2850     5.41538    5.52089    0.105516    118      1323     
 10405   120     2900     5.41538    5.52087    0.105489    107      1345     
 10781.8 123     2961     5.4154     5.52083    0.105435    118      1365     
 11261.1 125     3000     5.4154     5.52076    0.105358    116      1389     
Writing policy file: compact-sethi-120/449f5e7b88e_127_11660.1.policy
Intermediate policy written(interval: 2000)
 11660.1 127     3061     5.41541    5.52072    0.105309    119      1409     
-------------------------------------------------------------------------------

SARSOP finishing ...
  Preset timeout reached
  Timeout     : 10000.000000s
  Actual Time : 11660.080000s

-------------------------------------------------------------------------------
 Time   |#Trial |#Backup |LBound    |UBound    |Precision  |#Alphas |#Beliefs  
-------------------------------------------------------------------------------
 11660.1 127     3061     5.41541    5.52072    0.105309    119      1409     
-------------------------------------------------------------------------------

Writing out policy ...
  output file : compact-sethi-120/449f5e7b88e.policyx

