
Loading the model ...
  input file   : /home/rstudio/pomdp-solutions-library/2a9e5b9973ea.pomdpx
  loading time : 3.22s 

SARSOP initializing ...
  initialization time : 507.54s

-------------------------------------------------------------------------------
 Time   |#Trial |#Backup |LBound    |UBound    |Precision  |#Alphas |#Beliefs  
-------------------------------------------------------------------------------
 507.54  0       0        0.768087   1.46283    0.694743    100      1        
 507.76  4       50       1.12322    1.39705    0.273831    130      20       
 507.93  7       100      1.26012    1.39701    0.136893    168      30       
 508.18  9       150      1.31012    1.39695    0.0868349   195      43       
 508.65  12      200      1.33946    1.39689    0.0574294   235      53       
 509.08  15      250      1.35385    1.39683    0.0429817   271      61       
 509.6   19      307      1.36666    1.39674    0.0300811   291      72       
 510.18  22      351      1.37309    1.39668    0.0235854   306      82       
 510.73  25      400      1.37806    1.39665    0.0185882   335      91       
 511.48  28      450      1.38063    1.39659    0.0159578   347      103      
 512.25  31      500      1.38335    1.39652    0.0131716   373      113      
 513.02  34      550      1.38505    1.39648    0.011427    185      120      
 513.95  37      600      1.38669    1.39642    0.00972427  163      134      
 514.83  40      650      1.38787    1.39633    0.00845968  135      145      
 515.62  43      700      1.38851    1.39628    0.00776981  106      156      
 516.6   46      750      1.38948    1.39622    0.00674421  83       168      
 517.57  49      801      1.3902     1.39617    0.00596747  67       181      
 518.35  52      855      1.39068    1.3961     0.00542546  51       192      
 518.98  55      905      1.39108    1.39609    0.00501439  46       202      
 519.73  58      953      1.39151    1.39608    0.0045738   40       211      
 520.75  61      1003     1.39187    1.39602    0.00414601  42       222      
 521.57  64      1051     1.39213    1.39599    0.00385858  41       233      
 522.35  67      1100     1.39244    1.39598    0.00354248  44       241      
 522.83  70      1150     1.39278    1.39595    0.00317286  42       247      
 523.94  73      1200     1.39299    1.3959     0.00291386  46       258      
 524.67  76      1250     1.39316    1.39587    0.00271296  50       265      
 525.56  79      1300     1.39333    1.39587    0.00254232  54       275      
 526.25  83      1355     1.39351    1.39586    0.00235017  56       283      
 527.23  86      1400     1.39363    1.39584    0.00220949  56       291      
 528.05  90      1453     1.39379    1.39583    0.00204108  62       299      
 529.16  93      1501     1.39389    1.39581    0.00191587  64       310      
 530.35  96      1550     1.39398    1.3958     0.00181772  64       322      
 531.58  100     1605     1.3941     1.39579    0.0016956   65       334      
 533.28  103     1650     1.39421    1.39577    0.00156006  68       348      
 535.07  106     1700     1.39427    1.39575    0.00147966  74       364      
 537.09  110     1757     1.39437    1.39573    0.00135232  75       378      
 538.79  113     1805     1.39443    1.39572    0.001288    75       389      
 541.2   116     1851     1.39447    1.3957     0.00123136  76       404      
 542.99  119     1900     1.39453    1.3957     0.00117066  75       415      
 545.57  123     1957     1.39458    1.39568    0.00109677  73       428      
 547.98  126     2005     1.39462    1.39567    0.00104889  77       442      
 549.95  129     2053     1.39466    1.39566    0.00100146  78       457      
 551.77  132     2105     1.39469    1.39565    0.000964865 74       471      
 553.66  135     2155     1.39472    1.39564    0.000922532 75       484      
 555.69  138     2203     1.39473    1.39563    0.000890627 78       498      
 558.45  141     2255     1.39476    1.39561    0.000850213 77       516      
 560.14  144     2303     1.39478    1.3956     0.00081839  78       526      
 562.34  147     2351     1.39481    1.3956     0.000786321 77       539      
 565.32  150     2403     1.39483    1.39559    0.000759028 78       557      
 567.49  153     2455     1.39485    1.39558    0.000735537 80       570      
 570.31  155     2500     1.39488    1.39558    0.000702362 78       586      
 572.43  158     2550     1.39489    1.39557    0.0006765   78       597      
 576.61  161     2603     1.3949     1.39556    0.00065538  78       615      
 581.46  163     2650     1.39491    1.39555    0.000641318 79       635      
 584.14  166     2700     1.39492    1.39555    0.000625852 80       648      
 586.97  169     2759     1.39493    1.39554    0.000609788 81       659      
 590.15  171     2800     1.39494    1.39554    0.000598529 82       672      
 595.52  174     2855     1.39495    1.39553    0.000582278 83       692      
 599.06  176     2900     1.39495    1.39553    0.000571839 82       708      
 604.13  178     2950     1.39496    1.39552    0.000561875 82       728      
 607.1   181     3001     1.39497    1.39552    0.000552471 82       739      
 611.91  183     3050     1.39497    1.39551    0.000544372 88       760      
 615.36  186     3103     1.39498    1.39551    0.00053278  85       773      
 618.17  188     3150     1.39499    1.39551    0.000523236 86       785      
 621.68  191     3205     1.39499    1.3955     0.000512705 85       800      
 627.23  193     3250     1.39499    1.3955     0.000509216 86       821      
 632.36  196     3300     1.395      1.3955     0.000503109 85       840      
 636.01  198     3353     1.39501    1.3955     0.000489251 87       854      
 641.42  200     3400     1.39501    1.39549    0.000477322 89       872      
 646.75  202     3450     1.39501    1.39549    0.000473894 86       888      
 651.13  205     3511     1.39502    1.39549    0.000468458 87       902      
 655.14  207     3555     1.39502    1.39548    0.000463995 87       914      
 659.11  209     3600     1.39502    1.39548    0.000461024 95       926      
 664.75  211     3650     1.39502    1.39548    0.000454293 90       941      
 670.95  214     3703     1.39503    1.39548    0.000446288 86       958      
 675.69  216     3750     1.39503    1.39547    0.000441671 88       978      
 681.95  219     3809     1.39503    1.39547    0.000435469 98       996      
 686.91  221     3851     1.39504    1.39547    0.000433404 92       1010     
 692.36  223     3900     1.39504    1.39547    0.000427837 91       1025     
 698.63  226     3957     1.39504    1.39546    0.000424151 89       1042     
 703.4   228     4001     1.39504    1.39546    0.000420642 91       1055     
 708.72  230     4050     1.39504    1.39546    0.000420021 92       1068     
 712.42  233     4107     1.39505    1.39546    0.000415199 93       1079     
 716.29  235     4151     1.39505    1.39546    0.000413194 92       1088     
 721     237     4200     1.39505    1.39546    0.000411282 91       1100     
 727.69  240     4255     1.39505    1.39546    0.000406868 87       1116     
 732.64  242     4300     1.39505    1.39546    0.000405133 85       1130     
 737.01  244     4350     1.39505    1.39545    0.000402943 85       1141     
 742.46  247     4409     1.39505    1.39545    0.000399386 89       1154     
 747.74  249     4450     1.39505    1.39545    0.000398693 90       1167     
 754.54  252     4509     1.39506    1.39545    0.000395253 85       1182     
 760.38  254     4550     1.39506    1.39545    0.000393679 85       1195     
 767.52  257     4609     1.39506    1.39545    0.000390859 87       1210     
 773.19  259     4655     1.39506    1.39545    0.000388846 95       1224     
 781.64  261     4700     1.39506    1.39545    0.000387369 89       1245     
 785.84  264     4750     1.39506    1.39545    0.0003854   89       1256     
 788.12  266     4801     1.39506    1.39545    0.000383099 90       1262     
 795.85  268     4850     1.39506    1.39544    0.000381021 89       1279     
 803.72  270     4900     1.39506    1.39544    0.00038056  85       1295     
 806.2   273     4951     1.39506    1.39544    0.000378799 86       1301     
 810.77  275     5000     1.39506    1.39544    0.000378641 88       1312     
 814.1   278     5057     1.39507    1.39544    0.000376289 88       1323     
 820.14  280     5100     1.39507    1.39544    0.000373677 86       1338     
 829.91  283     5157     1.39507    1.39544    0.000370568 85       1359     
 837.41  285     5201     1.39507    1.39544    0.000367884 87       1375     
 843.56  287     5250     1.39507    1.39544    0.000366194 89       1387     
 851.05  290     5305     1.39507    1.39543    0.000364214 85       1404     
 857     292     5350     1.39507    1.39543    0.000362839 84       1418     
 865.12  295     5409     1.39507    1.39543    0.000357783 87       1435     
 872.62  297     5453     1.39507    1.39543    0.000355953 86       1450     
 878.18  299     5500     1.39507    1.39543    0.000353959 87       1465     
 885.07  301     5550     1.39507    1.39543    0.000350677 89       1480     
 893.15  304     5607     1.39508    1.39542    0.00034939  88       1496     
 899.6   306     5653     1.39508    1.39542    0.000348242 92       1511     
 908.3   308     5700     1.39508    1.39542    0.000346241 92       1532     
 919.5   311     5759     1.39508    1.39542    0.000343344 91       1553     
 925.52  313     5803     1.39508    1.39542    0.000342461 92       1566     
 931.9   315     5850     1.39508    1.39542    0.000341493 91       1578     
 939.81  318     5900     1.39508    1.39542    0.000340447 92       1595     
 946.62  320     5951     1.39508    1.39542    0.000337779 93       1605     
 957.72  322     6000     1.39508    1.39541    0.000335031 93       1623     
 967.43  324     6050     1.39508    1.39541    0.000334078 95       1642     
 973.32  327     6105     1.39508    1.39541    0.000332816 95       1654     
 981.23  329     6151     1.39508    1.39541    0.000330303 93       1670     
 990.41  331     6200     1.39508    1.39541    0.000329263 95       1684     
 1002.36 333     6250     1.39508    1.39541    0.000328018 96       1705     
 1012.68 336     6305     1.39508    1.39541    0.000325539 92       1720     
 1022.91 338     6350     1.39508    1.3954     0.000323263 95       1736     
 1034.55 340     6400     1.39508    1.3954     0.000322199 95       1754     
 1042.15 343     6453     1.39508    1.3954     0.000321234 94       1769     
 1051.21 345     6500     1.39508    1.3954     0.00031893  95       1784     
 1056.71 347     6550     1.39508    1.3954     0.00031873  99       1795     
 1060.49 350     6603     1.39508    1.3954     0.000317587 99       1802     
 1066.23 352     6650     1.39508    1.3954     0.000317523 97       1814     
 1077.53 355     6709     1.39508    1.3954     0.000316413 96       1833     
 1085.12 357     6753     1.39508    1.3954     0.000315301 96       1845     
 1091.84 359     6800     1.39508    1.3954     0.000314285 97       1855     
 1102.1  362     6859     1.39508    1.3954     0.00031248  100      1872     
 1110.31 364     6900     1.39508    1.3954     0.00031137  98       1883     
 1119.97 366     6950     1.39508    1.3954     0.000311306 100      1896     
 1130.93 369     7009     1.39508    1.3954     0.000311164 98       1912     
 1140.46 371     7051     1.39508    1.3954     0.000311139 99       1925     
 1144.56 373     7100     1.39508    1.39539    0.000310118 102      1931     
 1152.82 376     7161     1.39508    1.39539    0.000308941 101      1943     
 1162.48 378     7205     1.39509    1.39539    0.000307767 101      1957     
 1169.9  380     7250     1.39509    1.39539    0.000307666 98       1969     
 1179.13 382     7300     1.39509    1.39539    0.000304847 100      1984     
 1182.53 385     7353     1.39509    1.39539    0.000304178 97       1989     
 1187.69 387     7400     1.39509    1.39539    0.000304124 97       1998     
 1199.75 389     7450     1.39509    1.39539    0.000304108 96       2014     
 1205.19 392     7505     1.39509    1.39539    0.000304026 95       2021     
 1214.08 394     7550     1.39509    1.39539    0.000303913 96       2031     
 1223.76 397     7600     1.39509    1.39539    0.000302497 100      2046     
 1232.8  399     7653     1.39509    1.39539    0.000302325 100      2059     
 1241.85 401     7700     1.39509    1.39539    0.000302287 97       2069     
 1248.7  404     7757     1.39509    1.39539    0.000301191 98       2080     
 1257.17 406     7800     1.39509    1.39539    0.000300212 97       2090     
 1271.09 408     7850     1.39509    1.39539    0.000299561 100      2107     
 1276.57 411     7905     1.39509    1.39539    0.000298851 102      2112     
 1285    413     7950     1.39509    1.39539    0.000298687 103      2122     
 1292.16 416     8007     1.39509    1.39539    0.000298    102      2132     
 1298.21 418     8050     1.39509    1.39539    0.000297915 103      2140     
 1310.39 421     8109     1.39509    1.39539    0.00029784  99       2153     
 1321.08 423     8155     1.39509    1.39538    0.000296517 103      2168     
 1325.97 425     8200     1.39509    1.39538    0.000296443 102      2173     
 1332.79 428     8255     1.39509    1.39538    0.000296331 104      2182     
 1342.72 430     8300     1.39509    1.39538    0.000296289 100      2195     
 1351.15 433     8359     1.39509    1.39538    0.00029621  100      2206     
 1360.91 435     8400     1.39509    1.39538    0.000296184 102      2218     
 1374.02 438     8450     1.39509    1.39538    0.000295371 99       2234     
 1384.63 440     8500     1.39509    1.39538    0.000294729 99       2248     
 1396.26 443     8559     1.39509    1.39538    0.000294023 97       2263     
 1401.26 445     8601     1.39509    1.39538    0.000293442 96       2270     
 1409.91 447     8650     1.39509    1.39538    0.00029337  98       2281     
 1417.78 450     8707     1.39509    1.39538    0.000293316 99       2291     
 1425.2  452     8750     1.39509    1.39538    0.000293299 105      2303     
 1437.4  454     8800     1.39509    1.39538    0.00029137  98       2320     
 1446.76 457     8850     1.39509    1.39538    0.000289578 94       2331     
 1462.19 459     8900     1.39509    1.39538    0.00028932  95       2349     
 1470.85 462     8951     1.39509    1.39538    0.000287776 94       2357     
 1478.92 464     9000     1.39509    1.39538    0.000287721 100      2366     
 1489.44 467     9053     1.39509    1.39538    0.000287591 96       2378     
 1504.79 469     9100     1.39509    1.39538    0.000286548 97       2392     
 1509.32 472     9157     1.39509    1.39538    0.000286408 94       2398     
 1515.94 474     9200     1.39509    1.39538    0.000286336 96       2406     
 1529.45 477     9257     1.39509    1.39538    0.000284445 96       2423     
 1541.76 479     9300     1.39509    1.39538    0.000284312 97       2436     
 1563.91 482     9357     1.39509    1.39537    0.000283066 96       2459     
 1574.72 484     9400     1.39509    1.39537    0.000282921 96       2470     
 1585.65 487     9457     1.39509    1.39537    0.000282732 95       2479     
 1603.52 489     9500     1.39509    1.39537    0.000280525 95       2498     
 1617.23 492     9553     1.39509    1.39537    0.000279474 97       2511     
 1629.29 494     9600     1.39509    1.39537    0.000279297 91       2525     
 1640.53 497     9653     1.39509    1.39537    0.000277964 95       2539     
 1654.8  500     9700     1.39509    1.39537    0.000277179 94       2555     
 1662.78 502     9750     1.39509    1.39537    0.000276263 92       2563     
 1672.01 505     9809     1.39509    1.39537    0.000276128 92       2572     
 1682.5  507     9850     1.39509    1.39537    0.000276086 91       2582     
 1699.23 510     9905     1.39509    1.39537    0.000275996 92       2598     
 1713.84 512     9950     1.39509    1.39537    0.000275007 94       2612     
 1731.45 515     10005    1.39509    1.39537    0.000274061 92       2629     
 1748.88 517     10050    1.39509    1.39537    0.000273449 94       2646     
 1760.86 520     10100    1.39509    1.39537    0.000273325 93       2656     
 1774.72 523     10155    1.39509    1.39537    0.000272215 94       2668     
 1789.27 525     10200    1.39509    1.39537    0.000271606 96       2683     
 1805.33 528     10250    1.39509    1.39536    0.000271119 96       2698     
 1825.99 531     10307    1.39509    1.39536    0.00026975  94       2719     
 1836.27 533     10350    1.39509    1.39536    0.000269178 97       2729     
 1853.22 536     10403    1.39509    1.39536    0.000268327 100      2745     
 1865.41 538     10450    1.39509    1.39536    0.000267227 103      2759     
 1873.74 541     10503    1.39509    1.39536    0.000267201 102      2766     
 1889.55 543     10550    1.39509    1.39536    0.000266182 97       2780     
 1897.68 546     10600    1.39509    1.39536    0.000266082 97       2786     
 1916.6  549     10657    1.39509    1.39536    0.00026539  96       2803     
 1929.95 551     10701    1.39509    1.39536    0.000264847 99       2818     
 1949.78 554     10759    1.39509    1.39536    0.000264306 97       2836     
 1971.07 556     10801    1.39509    1.39536    0.000263314 97       2854     
 1986.74 559     10857    1.39509    1.39536    0.000263181 98       2870     
 2004.6  561     10900    1.39509    1.39536    0.000261792 99       2887     
 2021.5  564     10955    1.39509    1.39536    0.000260736 95       2901     
 2038.38 566     11000    1.39509    1.39535    0.000259975 100      2918     
 2048.67 569     11051    1.39509    1.39535    0.000259882 99       2926     
 2058.91 572     11109    1.3951     1.39535    0.000259799 98       2933     
 2074.58 574     11151    1.3951     1.39535    0.000258673 102      2950     
 2089.16 577     11209    1.3951     1.39535    0.000257638 99       2964     
 2106.36 579     11251    1.3951     1.39535    0.000256807 101      2981     
 2112.09 581     11300    1.3951     1.39535    0.000256755 99       2986     
 2123.67 584     11353    1.3951     1.39535    0.000255906 105      2999     
 2132.32 586     11400    1.3951     1.39535    0.000255847 103      3005     
 2149.12 589     11451    1.3951     1.39535    0.000255004 97       3018     
 2173.82 592     11507    1.3951     1.39535    0.000254388 98       3038     
 2189.6  594     11550    1.3951     1.39535    0.000254347 98       3052     
 2207.43 597     11605    1.3951     1.39535    0.000253668 98       3065     
 2224.15 599     11650    1.3951     1.39535    0.000253608 104      3080     
 2247.05 602     11703    1.3951     1.39535    0.000251612 102      3099     
 2265.26 604     11750    1.3951     1.39535    0.000251603 101      3111     
 2275.82 607     11805    1.3951     1.39535    0.000250917 101      3120     
 2287.7  609     11850    1.3951     1.39535    0.000250881 100      3130     
 2305.48 612     11907    1.3951     1.39535    0.000249925 100      3149     
 2322.22 614     11950    1.3951     1.39535    0.000249454 103      3166     
 2352.23 617     12007    1.3951     1.39534    0.000248167 99       3188     
 2369.01 619     12051    1.3951     1.39534    0.000246577 102      3203     
 2382.69 622     12100    1.3951     1.39534    0.000246504 99       3213     
 2404.08 624     12151    1.3951     1.39534    0.000245852 95       3231     
 2426.3  627     12207    1.3951     1.39534    0.000244839 94       3248     
 2440.96 629     12250    1.3951     1.39534    0.000244806 96       3261     
 2464.78 632     12309    1.3951     1.39534    0.000243474 102      3279     
 2473.5  634     12350    1.3951     1.39534    0.000243346 98       3284     
 2486.68 637     12409    1.3951     1.39534    0.000243279 99       3293     
 2501.79 639     12453    1.3951     1.39534    0.000242821 98       3305     
Writing policy file: ./2a9e5b9973ea_641_2523.76.policy
Intermediate policy written(interval: 2000)
 2523.76 641     12500    1.3951     1.39534    0.000242807 98       3323     
 2537.4  644     12553    1.3951     1.39534    0.000241737 98       3332     
 2553    646     12600    1.3951     1.39534    0.000241694 100      3343     
 2568.57 649     12655    1.3951     1.39534    0.00024168  101      3356     
 2583.29 651     12700    1.3951     1.39534    0.000241672 103      3367     
 2602.43 654     12755    1.3951     1.39534    0.000240904 98       3380     
 2614.81 656     12800    1.3951     1.39534    0.000240873 101      3389     
 2631.99 659     12857    1.3951     1.39534    0.000240803 101      3402     
 2655.31 661     12900    1.3951     1.39534    0.000240446 105      3422     
 2674.89 664     12955    1.3951     1.39534    0.00023922  100      3436     
 2687.84 666     13000    1.3951     1.39534    0.000239198 102      3445     
 2701.76 669     13051    1.3951     1.39534    0.000239148 99       3454     
 2728.17 672     13100    1.3951     1.39534    0.000238098 97       3473     
 2744.59 674     13150    1.3951     1.39534    0.00023746  98       3485     
 2767.9  677     13207    1.3951     1.39533    0.000236427 101      3501     
 2789.82 679     13250    1.3951     1.39533    0.000235607 101      3517     
 2816.91 682     13307    1.3951     1.39533    0.000234133 102      3537     
 2833.43 684     13350    1.3951     1.39533    0.000233703 101      3548     
 2853.36 687     13403    1.3951     1.39533    0.000232714 102      3562     
 2870.88 689     13450    1.3951     1.39533    0.000232258 102      3574     
 2885.41 692     13503    1.3951     1.39533    0.0002322   100      3583     
 2905.84 694     13550    1.3951     1.39533    0.000231183 102      3597     
 2917.3  697     13605    1.3951     1.39533    0.000231095 101      3605     
 2938.28 699     13650    1.3951     1.39533    0.00023107  100      3621     
 2951.41 702     13705    1.3951     1.39533    0.000230627 102      3632     
 2966.12 704     13750    1.3951     1.39533    0.000230622 103      3642     
 2979    706     13800    1.3951     1.39533    0.000230613 102      3654     
 2993.31 709     13853    1.3951     1.39533    0.000230518 100      3664     
 3010.44 711     13900    1.3951     1.39533    0.000230483 100      3676     
 3021.11 714     13950    1.3951     1.39533    0.000230448 101      3683     
 3039.5  717     14009    1.3951     1.39533    0.000230377 102      3697     
 3053.93 719     14050    1.3951     1.39533    0.000229919 100      3707     
 3077.76 722     14107    1.3951     1.39533    0.000229405 101      3720     
 3091.69 724     14150    1.3951     1.39533    0.000229401 101      3728     
 3114.25 727     14205    1.3951     1.39533    0.000228991 101      3746     
 3126.23 729     14250    1.3951     1.39533    0.000228985 106      3755     
 3150.76 732     14305    1.3951     1.39533    0.000228498 103      3772     
 3168.61 734     14350    1.3951     1.39533    0.000228059 102      3783     
 3188.01 737     14401    1.3951     1.39533    0.000227997 104      3795     
 3215.94 740     14459    1.3951     1.39533    0.000227464 102      3812     
 3246.86 742     14500    1.3951     1.39533    0.000226979 100      3831     
 3267.69 745     14553    1.3951     1.39532    0.000225596 99       3843     
 3290.77 747     14600    1.3951     1.39532    0.000225008 97       3857     
 3311.32 750     14653    1.3951     1.39532    0.000224277 100      3873     
 3333.15 752     14700    1.3951     1.39532    0.000224247 103      3887     
 3356.08 755     14753    1.3951     1.39532    0.000223625 104      3904     
 3371.91 757     14800    1.3951     1.39532    0.00022359  105      3915     
 3385.07 760     14855    1.3951     1.39532    0.000223299 104      3926     
 3403.37 762     14900    1.3951     1.39532    0.000222601 104      3941     
 3423.39 765     14953    1.3951     1.39532    0.000221815 104      3955     
 3440.22 767     15000    1.3951     1.39532    0.00022177  103      3966     
 3465.99 770     15053    1.3951     1.39532    0.000221322 105      3981     
 3482.03 772     15100    1.3951     1.39532    0.000221321 104      3990     
 3497.21 775     15151    1.3951     1.39532    0.000220925 101      3998     
 3520.44 778     15200    1.3951     1.39532    0.000220626 99       4013     
 3532.99 780     15250    1.3951     1.39532    0.000220579 100      4019     
 3556.64 783     15305    1.3951     1.39532    0.000219571 106      4035     
 3574.24 785     15350    1.3951     1.39532    0.000219404 106      4045     
 3592.07 788     15400    1.3951     1.39532    0.000218886 107      4057     
 3621.93 791     15459    1.3951     1.39532    0.000218374 102      4076     
 3631.35 793     15501    1.3951     1.39532    0.00021837  106      4083     
 3661.73 796     15559    1.3951     1.39532    0.000217915 105      4104     
 3685.16 798     15600    1.3951     1.39532    0.000216612 104      4121     
 3717.72 800     15650    1.3951     1.39532    0.00021581  106      4141     
 3750.98 803     15703    1.3951     1.39532    0.000214837 106      4159     
 3775.45 805     15750    1.3951     1.39531    0.000213549 101      4175     
 3794.39 808     15805    1.3951     1.39531    0.000212822 102      4186     
 3813.67 810     15850    1.3951     1.39531    0.000212367 106      4200     
 3833.94 813     15903    1.3951     1.39531    0.000211702 106      4212     
 3846.96 815     15950    1.3951     1.39531    0.0002117   105      4218     
 3859.45 818     16003    1.3951     1.39531    0.000211669 111      4226     
 3871.94 820     16050    1.3951     1.39531    0.000211668 111      4234     
 3885.29 823     16101    1.3951     1.39531    0.000211639 110      4242     
 3899.04 825     16150    1.3951     1.39531    0.000211561 108      4248     
 3921.58 828     16201    1.3951     1.39531    0.000210856 109      4261     
 3950.77 830     16250    1.3951     1.39531    0.000210844 108      4277     
 3976.55 833     16303    1.3951     1.39531    0.000209779 106      4292     
 4008.56 835     16350    1.3951     1.39531    0.00020921  108      4315     
 4028.93 838     16401    1.3951     1.39531    0.000208542 106      4327     
 4048.72 840     16450    1.3951     1.39531    0.000208537 107      4338     
 4074.95 843     16503    1.3951     1.39531    0.000207861 105      4354     
 4108.04 845     16550    1.3951     1.39531    0.000207292 103      4373     
 4134.7  848     16603    1.3951     1.39531    0.000206955 105      4387     
 4156.87 850     16650    1.3951     1.39531    0.000206943 104      4398     
 4185.58 853     16703    1.3951     1.39531    0.000206692 102      4414     
 4196.81 855     16750    1.3951     1.39531    0.00020669  105      4421     
 4216.21 858     16807    1.3951     1.39531    0.000206659 103      4431     
 4226.93 860     16851    1.3951     1.39531    0.000206658 104      4438     
 4267.63 862     16900    1.3951     1.39531    0.000206189 100      4462     
 4300.33 865     16957    1.3951     1.39531    0.00020488  102      4482     
 4311.69 867     17001    1.3951     1.39531    0.000204879 104      4488     
 4334.24 870     17050    1.3951     1.39531    0.000204878 104      4500     
 4364.08 872     17100    1.3951     1.39531    0.000204648 106      4521     
 4389.45 875     17155    1.3951     1.39531    0.000203777 106      4537     
 4406.73 877     17200    1.3951     1.3953     0.000203234 103      4545     
 4428.63 880     17255    1.3951     1.3953     0.000203211 102      4557     
 4455.48 882     17300    1.3951     1.3953     0.000202961 101      4572     
 4471.33 885     17353    1.3951     1.3953     0.000202953 102      4582     
 4497.11 887     17400    1.3951     1.3953     0.000202768 104      4597     
 4517.62 890     17457    1.3951     1.3953     0.000202756 108      4608     
Writing policy file: ./2a9e5b9973ea_892_4527.74.policy
Intermediate policy written(interval: 2000)
 4527.74 892     17500    1.3951     1.3953     0.00020274  106      4613     
 4552.93 895     17553    1.3951     1.3953     0.000202318 103      4629     
 4574.7  898     17600    1.3951     1.3953     0.00020231  103      4641     
 4581.84 900     17650    1.3951     1.3953     0.000202284 100      4644     
 4603.59 903     17703    1.3951     1.3953     0.000201772 105      4655     
 4636.07 905     17750    1.3951     1.3953     0.000201615 106      4672     
 4659.54 908     17801    1.3951     1.3953     0.000200762 104      4684     
 4704.82 910     17850    1.3951     1.3953     0.000200459 105      4709     
 4729.95 913     17907    1.3951     1.3953     0.000199706 108      4722     
 4754.61 915     17950    1.3951     1.3953     0.000199677 106      4736     
 4785.51 918     18007    1.3951     1.3953     0.000199329 107      4752     
 4807.64 920     18050    1.3951     1.3953     0.000198686 105      4766     
 4824.11 923     18100    1.3951     1.3953     0.000198591 106      4776     
 4841.8  925     18151    1.3951     1.3953     0.000198557 107      4788     
 4861.93 928     18200    1.3951     1.3953     0.000198055 113      4799     
 4872.42 930     18250    1.3951     1.3953     0.000198046 107      4803     
 4908.55 933     18307    1.3951     1.3953     0.000197413 107      4819     
 4940.74 935     18350    1.3951     1.3953     0.000197012 106      4833     
 4960.19 938     18407    1.3951     1.3953     0.00019701  106      4841     
 4977.87 940     18450    1.3951     1.3953     0.000196548 109      4851     
 4993.96 943     18505    1.3951     1.3953     0.000196514 105      4860     
 5024.6  945     18550    1.3951     1.3953     0.000196255 103      4874     
 5041.03 948     18603    1.3951     1.3953     0.000196215 104      4883     
 5075.23 950     18650    1.3951     1.3953     0.000195942 108      4904     
 5090.91 953     18703    1.3951     1.3953     0.000195748 108      4912     
 5104.15 956     18750    1.3951     1.3953     0.000195739 104      4919     
 5121.78 958     18800    1.3951     1.3953     0.000195699 104      4928     
 5150.32 961     18855    1.3951     1.3953     0.000194801 107      4949     
 5157.66 963     18900    1.3951     1.3953     0.000194801 108      4952     
 5177.21 966     18953    1.3951     1.3953     0.000194789 110      4961     
 5214.59 969     19009    1.3951     1.3953     0.00019409  110      4978     
 5223.49 971     19050    1.3951     1.39529    0.000193101 113      4984     
 5238.58 974     19105    1.3951     1.39529    0.0001931   112      4992     
 5274.61 976     19150    1.3951     1.39529    0.000192865 109      5010     
 5299.27 979     19207    1.3951     1.39529    0.000192528 111      5026     
 5330.85 981     19250    1.3951     1.39529    0.000192033 112      5043     
 5366.91 984     19307    1.3951     1.39529    0.000191719 111      5059     
 5393.17 986     19350    1.3951     1.39529    0.000191226 112      5071     
 5399.96 989     19405    1.3951     1.39529    0.000190882 112      5076     
 5414.57 991     19450    1.3951     1.39529    0.000190879 115      5084     
 5440.33 994     19503    1.3951     1.39529    0.000190875 114      5095     
 5471.44 996     19550    1.3951     1.39529    0.000190417 114      5113     
 5487.18 999     19607    1.3951     1.39529    0.000190403 113      5123     
 5497.66 1001    19650    1.3951     1.39529    0.000190363 113      5127     
 5542.67 1004    19703    1.3951     1.39529    0.000189977 112      5147     
 5581.93 1007    19750    1.3951     1.39529    0.000189435 110      5169     
 5608.75 1009    19800    1.3951     1.39529    0.000189099 110      5182     
 5642.91 1012    19857    1.3951     1.39529    0.000188813 110      5200     
 5661.19 1014    19903    1.3951     1.39529    0.000188736 110      5210     
 5677.93 1017    19950    1.3951     1.39529    0.000188736 110      5220     
 5707.76 1019    20000    1.3951     1.39529    0.00018849  111      5233     
 5743.57 1022    20059    1.3951     1.39529    0.000188105 112      5254     
 5771.2  1024    20100    1.3951     1.39529    0.000187815 113      5267     
 5804.92 1026    20150    1.3951     1.39529    0.000187809 116      5285     
 5814.14 1029    20200    1.3951     1.39529    0.000187684 113      5290     
 5830.46 1032    20257    1.3951     1.39529    0.000187395 112      5299     
 5846.65 1034    20300    1.3951     1.39529    0.000187395 113      5306     
 5863.17 1037    20353    1.3951     1.39529    0.000187369 110      5316     
 5900.94 1040    20400    1.3951     1.39529    0.000187203 113      5337     
 5927.18 1042    20450    1.3951     1.39529    0.000186796 112      5349     
 5952.37 1045    20505    1.3951     1.39529    0.000186474 111      5360     
 5971.12 1047    20550    1.3951     1.39529    0.000186467 113      5370     
 6015.08 1050    20605    1.3951     1.39529    0.000186212 114      5390     
 6051.96 1052    20650    1.3951     1.39529    0.000185837 116      5407     
 6084.75 1054    20700    1.3951     1.39529    0.000185432 113      5428     
 6105.18 1057    20753    1.3951     1.39529    0.000184336 115      5439     
 6126.32 1059    20800    1.3951     1.39529    0.000184302 116      5448     
 6141.66 1062    20857    1.3951     1.39529    0.000184277 118      5456     
 6157.87 1064    20900    1.3951     1.39529    0.000184277 119      5463     
 6171.41 1067    20957    1.3951     1.39529    0.000184277 116      5471     
 6204.02 1069    21000    1.3951     1.39529    0.000184034 116      5489     
 6245.66 1072    21055    1.3951     1.39528    0.000182402 115      5511     
 6258.69 1074    21100    1.3951     1.39528    0.000181883 116      5520     
 6272.39 1077    21155    1.3951     1.39528    0.000181882 118      5529     
 6281.12 1079    21200    1.3951     1.39528    0.000181882 117      5533     
 6295.43 1082    21251    1.3951     1.39528    0.000181869 115      5539     
 6332.4  1084    21300    1.3951     1.39528    0.00018152  118      5560     
 6370.35 1087    21355    1.3951     1.39528    0.000181336 118      5579     
 6388.27 1089    21400    1.3951     1.39528    0.000181335 117      5587     
 6405.16 1092    21455    1.3951     1.39528    0.000181335 117      5597     
 6439.49 1094    21500    1.3951     1.39528    0.000181297 121      5613     
 6477.56 1097    21557    1.3951     1.39528    0.000180006 125      5630     
 6501.36 1099    21600    1.3951     1.39528    0.000179982 123      5640     
 6517.3  1102    21655    1.3951     1.39528    0.000179942 122      5647     
Writing policy file: ./2a9e5b9973ea_1104_6553.41.policy
Intermediate policy written(interval: 2000)
 6553.41 1104    21700    1.3951     1.39528    0.000179111 121      5662     
 6570.88 1107    21755    1.3951     1.39528    0.000178967 124      5672     
 6599.44 1109    21800    1.3951     1.39528    0.000178424 124      5685     
 6639.71 1112    21853    1.3951     1.39528    0.000178168 117      5702     
 6676.58 1115    21909    1.3951     1.39528    0.000177545 112      5717     
 6719.64 1117    21950    1.3951     1.39528    0.000177058 108      5735     
 6756.8  1119    22000    1.3951     1.39528    0.000176844 106      5754     
 6770.7  1122    22051    1.3951     1.39528    0.000176843 108      5760     
 6812.02 1124    22100    1.3951     1.39528    0.000176501 108      5780     
 6829.66 1127    22150    1.3951     1.39528    0.000175862 106      5790     
 6862.24 1130    22205    1.3951     1.39528    0.000175817 105      5805     
 6897.11 1132    22250    1.3951     1.39528    0.000175809 103      5819     
 6931.04 1135    22301    1.3951     1.39528    0.000175192 107      5832     
 6964.51 1137    22350    1.3951     1.39528    0.000175191 107      5844     
 6984.56 1140    22403    1.3951     1.39528    0.000175186 106      5851     
 6999.56 1142    22450    1.3951     1.39528    0.000175071 108      5859     
 7028.13 1145    22507    1.3951     1.39528    0.00017507  108      5869     
 7057.39 1147    22550    1.3951     1.39528    0.000175062 109      5881     
 7084.25 1150    22605    1.3951     1.39528    0.000175045 110      5891     
 7138.88 1152    22650    1.3951     1.39528    0.000174719 109      5914     
 7162.74 1155    22700    1.3951     1.39528    0.000174671 108      5923     
 7196    1158    22757    1.3951     1.39528    0.000173797 110      5937     
 7232.68 1160    22800    1.3951     1.39528    0.000173773 110      5951     
 7284    1163    22857    1.3951     1.39528    0.00017315  109      5970     
 7317.08 1165    22900    1.3951     1.39528    0.000173084 110      5984     
 7360.16 1168    22957    1.3951     1.39527    0.000172731 110      5999     
 7376.18 1170    23000    1.3951     1.39527    0.000172731 109      6005     
 7402.13 1173    23059    1.3951     1.39527    0.000172712 107      6016     
 7443.15 1175    23100    1.3951     1.39527    0.000172367 108      6033     
 7488.13 1177    23150    1.3951     1.39527    0.000172103 113      6052     
 7502.46 1180    23200    1.3951     1.39527    0.000172102 113      6057     
 7542.58 1183    23250    1.3951     1.39527    0.000172096 112      6074     
 7559.56 1185    23300    1.3951     1.39527    0.000171683 112      6081     
 7585.81 1188    23355    1.3951     1.39527    0.000171605 112      6091     
 7621.83 1190    23400    1.3951     1.39527    0.000170989 110      6111     
 7665.29 1193    23455    1.3951     1.39527    0.000170511 109      6129     
 7714.47 1195    23500    1.3951     1.39527    0.000170052 108      6149     
 7754.3  1198    23557    1.3951     1.39527    0.000169615 109      6166     
 7766.96 1200    23600    1.3951     1.39527    0.000169614 112      6171     
 7783.02 1203    23655    1.3951     1.39527    0.000169602 114      6177     
 7806.97 1205    23700    1.3951     1.39527    0.000169573 112      6187     
 7827.75 1208    23751    1.3951     1.39527    0.000169573 112      6194     
 7853.42 1211    23800    1.3951     1.39527    0.000169572 113      6204     
 7888    1213    23850    1.3951     1.39527    0.000169063 115      6219     
 7923.17 1216    23907    1.3951     1.39527    0.000168496 113      6233     
 7946.33 1218    23950    1.3951     1.39527    0.00016836  113      6242     
 7997.54 1221    24007    1.3951     1.39527    0.000167726 115      6261     
 8017.14 1223    24050    1.3951     1.39527    0.000167725 118      6268     
 8067.65 1225    24100    1.3951     1.39527    0.000167693 117      6286     
 8111.47 1228    24153    1.3951     1.39527    0.000167228 115      6299     
 8155.58 1230    24200    1.3951     1.39527    0.000167222 120      6316     
 8184.85 1233    24251    1.3951     1.39527    0.000167104 119      6325     
 8240.89 1236    24307    1.3951     1.39527    0.000166461 119      6345     
 8257.64 1238    24350    1.3951     1.39527    0.000166458 120      6350     
 8276.53 1241    24405    1.3951     1.39527    0.000166458 116      6357     
 8290.48 1243    24450    1.3951     1.39527    0.000166457 116      6362     
 8305.85 1246    24500    1.3951     1.39527    0.000166445 115      6367     
 8322.82 1248    24550    1.3951     1.39527    0.000166435 119      6375     
 8368.8  1251    24605    1.3951     1.39527    0.000165732 117      6394     
 8397.77 1253    24650    1.3951     1.39527    0.000165697 119      6405     
 8454.84 1255    24700    1.3951     1.39527    0.000165374 116      6426     
 8480.05 1258    24751    1.3951     1.39527    0.000165369 114      6433     
 8492.07 1261    24800    1.3951     1.39527    0.000165369 115      6437     
 8512.3  1263    24850    1.3951     1.39527    0.000165369 118      6443     
Writing policy file: ./2a9e5b9973ea_1266_8563.14.policy
Intermediate policy written(interval: 2000)
 8563.14 1266    24905    1.3951     1.39527    0.000164818 115      6461     
 8608.55 1268    24950    1.3951     1.39527    0.000164648 121      6479     
 8651.61 1270    25000    1.3951     1.39527    0.000164292 120      6495     
 8685.04 1273    25053    1.3951     1.39527    0.000163938 117      6506     
 8745.03 1275    25100    1.3951     1.39527    0.000163647 121      6530     
 8759.27 1278    25150    1.3951     1.39527    0.000163341 119      6534     
 8807.82 1281    25200    1.3951     1.39527    0.000163334 119      6552     
 8835.77 1283    25250    1.3951     1.39526    0.000162382 118      6562     
 8867.07 1286    25307    1.3951     1.39526    0.000162379 119      6574     
 8910.11 1288    25351    1.3951     1.39526    0.000162371 121      6590     
 8930.7  1291    25409    1.3951     1.39526    0.00016237  122      6597     
 8970.35 1293    25450    1.3951     1.39526    0.000162236 121      6612     
 8998.26 1296    25509    1.3951     1.39526    0.000162224 119      6621     
 9014.77 1298    25550    1.3951     1.39526    0.000162223 118      6626     
 9069.88 1301    25609    1.3951     1.39526    0.000161526 121      6648     
 9099.3  1303    25653    1.3951     1.39526    0.000161292 121      6661     
 9119.92 1305    25700    1.3951     1.39526    0.000161292 116      6668     
 9137.59 1308    25755    1.3951     1.39526    0.000161292 113      6676     
 9164.84 1310    25800    1.3951     1.39526    0.000161292 115      6685     
 9205.8  1313    25859    1.3951     1.39526    0.000161266 118      6700     
 9220.65 1315    25900    1.3951     1.39526    0.000161256 115      6705     
 9239.85 1317    25950    1.3951     1.39526    0.000161256 117      6712     
 9267.28 1320    26000    1.3951     1.39526    0.000161247 118      6721     
 9311.86 1323    26059    1.3951     1.39526    0.000160781 118      6734     
 9362.88 1325    26100    1.3951     1.39526    0.000160557 120      6751     
 9408.92 1328    26159    1.3951     1.39526    0.000160169 120      6768     
 9432.52 1330    26200    1.3951     1.39526    0.000160167 122      6776     
 9457.03 1333    26255    1.3951     1.39526    0.000160167 122      6783     
 9510.36 1335    26300    1.3951     1.39526    0.000159936 124      6801     
 9557.84 1338    26355    1.3951     1.39526    0.000159573 120      6816     
 9604.08 1340    26400    1.3951     1.39526    0.000159569 120      6830     
 9627.45 1343    26455    1.3951     1.39526    0.000159345 123      6838     
 9653.55 1345    26500    1.3951     1.39526    0.000159345 119      6845     
 9677.02 1348    26555    1.3951     1.39526    0.000159155 120      6856     
 9715.38 1350    26600    1.3951     1.39526    0.000158894 122      6868     
 9745.03 1353    26657    1.3951     1.39526    0.000158892 121      6877     
 9791.96 1355    26700    1.3951     1.39526    0.000158884 123      6891     
 9825.01 1358    26753    1.3951     1.39526    0.000158619 120      6901     
 9847.5  1360    26800    1.3951     1.39526    0.000158586 121      6907     
 9873.7  1363    26851    1.3951     1.39526    0.000158176 122      6915     
 9893.17 1365    26900    1.3951     1.39526    0.000158176 120      6921     
 9905.92 1368    26951    1.3951     1.39526    0.000158176 119      6924     
 9938.1  1370    27000    1.3951     1.39526    0.000158175 121      6936     
 9967.59 1373    27053    1.3951     1.39526    0.000157984 120      6944     
 10002.1 1376    27100    1.3951     1.39526    0.000157976 119      6956     
 10036.4 1378    27151    1.3951     1.39526    0.00015744  120      6969     
 10085   1380    27200    1.3951     1.39526    0.000157434 120      6985     
 10106.7 1383    27250    1.3951     1.39526    0.000157427 117      6994     
 10157.1 1385    27300    1.3951     1.39526    0.00015714  124      7013     
 10188.7 1388    27351    1.3951     1.39526    0.000157133 121      7023     
 10268.8 1391    27400    1.3951     1.39526    0.000156493 123      7048     
 10300.6 1393    27450    1.3951     1.39526    0.000156308 122      7058     
 10318.8 1396    27507    1.3951     1.39526    0.000155758 123      7067     
 10344.6 1398    27550    1.3951     1.39526    0.000155757 123      7077     
 10373.7 1401    27603    1.3951     1.39526    0.000155755 124      7085     
 10407.1 1403    27650    1.3951     1.39526    0.000155742 128      7098     
 10450.9 1406    27703    1.3951     1.39526    0.000155468 123      7110     
 10470.7 1408    27750    1.3951     1.39526    0.000155468 123      7116     
 10510   1410    27800    1.3951     1.39526    0.000155467 127      7134     
 10543.7 1413    27850    1.3951     1.39526    0.000155189 127      7146     
Writing policy file: ./2a9e5b9973ea_1416_10581.3.policy
Intermediate policy written(interval: 2000)
 10581.3 1416    27903    1.3951     1.39526    0.000154987 127      7159     
-------------------------------------------------------------------------------

SARSOP finishing ...
  Preset timeout reached
  Timeout     : 10000.000000s
  Actual Time : 10581.320000s

-------------------------------------------------------------------------------
 Time   |#Trial |#Backup |LBound    |UBound    |Precision  |#Alphas |#Beliefs  
-------------------------------------------------------------------------------
 10581.3 1416    27903    1.3951     1.39526    0.000154987 127      7159     
-------------------------------------------------------------------------------

Writing out policy ...
  output file : ./2a9e5b9973ea.policyx

