
Loading the model ...
  input file   : /home/rstudio/pomdp-solutions-library/2a9e1510445b.pomdpx
  loading time : 4.73s 

SARSOP initializing ...
  initialization time : 1381.95s

-------------------------------------------------------------------------------
 Time   |#Trial |#Backup |LBound    |UBound    |Precision  |#Alphas |#Beliefs  
-------------------------------------------------------------------------------
 1381.95 0       0        0.64332    1.43322    0.789904    100      1        
 1386.91 3       55       0.992077   1.36677    0.374696    13       27       
 1405.86 5       100      1.15523    1.36675    0.211524    14       53       
 1434.56 8       155      1.24216    1.36671    0.124542    13       73       
 1456.07 10      200      1.26595    1.3667     0.100746    17       87       
 1506.18 13      257      1.30655    1.36664    0.0600979   13       108      
 1553.23 15      300      1.32069    1.36662    0.0459307   15       125      
 1643.95 17      350      1.32728    1.36661    0.0393265   13       152      
 1702.76 20      401      1.3391     1.36655    0.0274471   13       167      
 1796.95 22      450      1.34526    1.36651    0.0212584   13       189      
 1898.88 25      505      1.34938    1.36649    0.0171021   12       208      
 2014.83 27      550      1.352      1.36644    0.0144361   14       230      
 2158.97 30      607      1.35533    1.3664     0.0110655   14       254      
 2291.26 32      650      1.35711    1.36635    0.00924143  16       276      
 2476.64 35      707      1.35867    1.36631    0.00764447  18       302      
 2655.2  37      750      1.35945    1.36629    0.00684035  18       325      
 2856.54 40      805      1.3604     1.36623    0.00583503  18       347      
 3073.83 42      850      1.361      1.3662     0.00520431  22       371      
 3323.94 45      909      1.3616     1.36616    0.00455733  23       396      
Writing policy file: ./2a9e1510445b_47_3515.96.policy
Intermediate policy written(interval: 2000)
 3515.96 47      950      1.36193    1.36613    0.00419937  24       415      
 3857.23 50      1009     1.36234    1.3661     0.00376313  23       444      
 4066.66 52      1050     1.3626     1.36608    0.00347409  24       463      
 4377.91 55      1103     1.363      1.36602    0.00301717  27       487      
 4656.08 57      1150     1.36323    1.366      0.00277261  28       511      
 4969.99 60      1203     1.36342    1.36597    0.00255443  28       533      
 5302.04 62      1250     1.36358    1.36596    0.00237376  28       558      
Writing policy file: ./2a9e1510445b_65_5704.3.policy
Intermediate policy written(interval: 2000)
 5704.3  65      1303     1.36377    1.36593    0.00215742  30       581      
 6076.74 67      1350     1.3639     1.3659     0.0020056   30       605      
 6447.13 70      1403     1.36405    1.36589    0.00183651  36       626      
 6936.04 72      1450     1.36419    1.36588    0.00169637  35       650      
 7352.49 75      1505     1.36431    1.36586    0.00155471  38       672      
Writing policy file: ./2a9e1510445b_77_7806.72.policy
Intermediate policy written(interval: 2000)
 7806.72 77      1550     1.36437    1.36585    0.00147783  38       696      
 8283.33 80      1607     1.36447    1.36582    0.00134913  43       721      
 8672.45 82      1650     1.36452    1.36581    0.00129446  43       742      
 9258.15 85      1709     1.3646     1.36579    0.00119753  41       768      
 9688.94 87      1750     1.36462    1.36578    0.00115673  43       787      
Writing policy file: ./2a9e1510445b_89_10389.2.policy
Intermediate policy written(interval: 2000)
 10389.2 89      1800     1.36465    1.36577    0.0011145   43       813      
-------------------------------------------------------------------------------

SARSOP finishing ...
  Preset timeout reached
  Timeout     : 10000.000000s
  Actual Time : 10389.170000s

-------------------------------------------------------------------------------
 Time   |#Trial |#Backup |LBound    |UBound    |Precision  |#Alphas |#Beliefs  
-------------------------------------------------------------------------------
 10389.2 89      1800     1.36465    1.36577    0.0011145   43       813      
-------------------------------------------------------------------------------

Writing out policy ...
  output file : ./2a9e1510445b.policyx

