
Loading the model ...
  input file   : /home/rstudio/pomdp-solutions-library/2a9f7cafdc4c.pomdpx
  loading time : 5.14s 

SARSOP initializing ...
  initialization time : 685.05s

-------------------------------------------------------------------------------
 Time   |#Trial |#Backup |LBound    |UBound    |Precision  |#Alphas |#Beliefs  
-------------------------------------------------------------------------------
 685.05  0       0        0.84933    1.43891    0.589579    100      1        
 692.65  2       50       1.14221    1.32651    0.1843      135      31       
 704.58  5       101      1.23224    1.32635    0.0941166   42       52       
 723.38  7       150      1.26994    1.3263     0.0563613   23       80       
 747.03  9       200      1.28586    1.32619    0.0403357   24       106      
 772.72  12      259      1.29812    1.32606    0.0279344   21       130      
 796.53  14      301      1.30403    1.32599    0.0219612   24       150      
 827.58  16      350      1.30714    1.32594    0.0187956   23       175      
 864.83  19      400      1.30967    1.32591    0.0162341   23       201      
 904.03  21      461      1.31272    1.32585    0.0131252   25       224      
 947.66  23      500      1.31326    1.32583    0.0125733   23       248      
 993.53  24      550      1.31438    1.3258     0.0114152   23       271      
 1039.36 26      600      1.3151     1.32576    0.0106537   25       294      
 1085.81 28      650      1.31595    1.32573    0.00977879  28       316      
 1131.57 30      700      1.31636    1.3257     0.00934449  24       336      
 1187.66 32      751      1.31666    1.32568    0.00902136  27       358      
 1254.39 34      807      1.31687    1.32565    0.00877278  28       383      
 1318.55 36      861      1.31718    1.32563    0.00845193  29       405      
 1383.87 37      900      1.3173     1.32562    0.00831942  34       427      
 1435.23 39      950      1.31749    1.32561    0.00811437  32       444      
 1495.82 41      1000     1.31763    1.32559    0.00796399  33       463      
 1586.28 43      1055     1.31779    1.32558    0.00778589  33       489      
 1675.83 45      1111     1.31819    1.32554    0.00735362  31       515      
 1763.11 46      1150     1.3183     1.32554    0.00723749  32       538      
 1834.54 48      1200     1.31839    1.32553    0.007134    35       556      
 1923.12 50      1253     1.31846    1.32552    0.00705942  37       578      
 2033.26 52      1309     1.31851    1.3255     0.00698937  36       603      
 2164.55 53      1350     1.31854    1.3255     0.00695622  36       630      
 2255.16 55      1400     1.31857    1.32547    0.00689393  38       648      
 2354.08 57      1450     1.31866    1.32545    0.00678789  38       667      
 2470.98 59      1501     1.3187     1.32544    0.00674171  35       689      
 2603.22 61      1555     1.31874    1.32544    0.00669392  36       713      
Writing policy file: ./2a9f7cafdc4c_63_2715.71.policy
Intermediate policy written(interval: 2000)
 2715.71 63      1611     1.31877    1.32543    0.00665826  44       734      
 2849.26 64      1650     1.31878    1.32543    0.00664344  45       757      
 2961.1  66      1700     1.3188     1.32542    0.00662665  49       775      
 3063.76 68      1750     1.31882    1.32541    0.00658649  41       792      
 3202.18 70      1803     1.31885    1.3254     0.00654381  46       813      
 3341.86 72      1855     1.31887    1.32539    0.00652     47       833      
 3497.82 74      1907     1.31889    1.32538    0.0064925   46       854      
 3668.17 76      1961     1.31891    1.32538    0.00646972  46       877      
 3846.69 77      2000     1.31892    1.32537    0.00645925  52       902      
 3994.62 79      2050     1.31905    1.32534    0.00629436  57       923      
 4128.86 81      2100     1.31906    1.32531    0.00625091  53       942      
 4275.95 83      2150     1.31907    1.32531    0.00623496  46       962      
 4418.02 85      2201     1.3191     1.3253     0.0062064   41       982      
 4595.6  87      2257     1.31911    1.3253     0.00619075  55       1007     
Writing policy file: ./2a9f7cafdc4c_88_4777.59.policy
Intermediate policy written(interval: 2000)
 4777.59 89      2300     1.31914    1.32529    0.00615022  54       1032     
 4921.18 90      2350     1.31919    1.32528    0.00609236  46       1051     
 5088.86 92      2400     1.31924    1.32528    0.00604092  44       1072     
 5289.37 94      2451     1.31927    1.32527    0.00599921  44       1094     
 5545.1  96      2507     1.3193     1.32526    0.00596242  44       1120     
 5796.64 98      2563     1.31931    1.32526    0.0059452   49       1144     
 5983.18 99      2600     1.31932    1.32526    0.00593706  51       1162     
 6178.04 101     2650     1.31933    1.32525    0.00591814  45       1180     
 6404.5  103     2701     1.31935    1.32525    0.0058995   47       1201     
 6678.93 105     2757     1.31936    1.32524    0.00588662  50       1225     
Writing policy file: ./2a9f7cafdc4c_107_6923.45.policy
Intermediate policy written(interval: 2000)
 6923.45 107     2811     1.31937    1.32524    0.0058693   46       1247     
 7158.62 108     2850     1.31937    1.32523    0.00586316  51       1270     
 7336.96 110     2900     1.31938    1.32523    0.00585772  54       1288     
 7520.03 112     2950     1.31938    1.32523    0.00584836  57       1306     
 7747.25 114     3001     1.31939    1.32523    0.00584189  57       1328     
 7984.18 116     3053     1.3194     1.32523    0.00583236  55       1351     
 8232.85 118     3109     1.3194     1.32521    0.00581203  56       1376     
 8469.45 120     3150     1.3194     1.32521    0.00580724  55       1399     
 8651.66 121     3200     1.31944    1.3252     0.0057606   60       1418     
 8868.23 123     3250     1.31944    1.32519    0.00575028  56       1439     
Writing policy file: ./2a9f7cafdc4c_125_9049.4.policy
Intermediate policy written(interval: 2000)
 9049.4  125     3300     1.31945    1.32519    0.00574185  56       1459     
 9212.97 127     3350     1.31945    1.32519    0.0057388   65       1478     
 9402.41 129     3401     1.31945    1.32518    0.00573255  65       1500     
 9594.43 131     3455     1.31945    1.32518    0.00572919  71       1523     
 9781.68 133     3507     1.31946    1.32518    0.00572662  66       1546     
 9951.57 135     3563     1.31949    1.32518    0.00568763  53       1568     
 10074.7 136     3600     1.31952    1.32518    0.00565838  55       1588     
 10182.1 138     3650     1.31954    1.32517    0.00563605  53       1606     
 10310.1 140     3701     1.31956    1.32517    0.00561155  51       1627     
 10448.3 142     3755     1.31957    1.32516    0.00559481  52       1650     
 10575.8 144     3811     1.31958    1.32516    0.00557931  51       1672     
 10708.2 145     3850     1.31958    1.32516    0.00557394  56       1695     
 10808.6 147     3900     1.3196     1.32515    0.00555583  56       1712     
 10924.9 149     3951     1.3196     1.32515    0.00554228  51       1732     
Writing policy file: ./2a9f7cafdc4c_151_11063.8.policy
Intermediate policy written(interval: 2000)
 11063.8 151     4003     1.31961    1.32514    0.00552673  57       1754     
-------------------------------------------------------------------------------

SARSOP finishing ...
  Preset timeout reached
  Timeout     : 10000.000000s
  Actual Time : 11063.840000s

-------------------------------------------------------------------------------
 Time   |#Trial |#Backup |LBound    |UBound    |Precision  |#Alphas |#Beliefs  
-------------------------------------------------------------------------------
 11063.8 151     4003     1.31961    1.32514    0.00552673  57       1754     
-------------------------------------------------------------------------------

Writing out policy ...
  output file : ./2a9f7cafdc4c.policyx

