
Loading the model ...
  input file   : /home/rstudio/pomdp-solutions-library/2a9f594a021a.pomdpx
  loading time : 5.37s 

SARSOP initializing ...
  initialization time : 1547.40s

-------------------------------------------------------------------------------
 Time   |#Trial |#Backup |LBound    |UBound    |Precision  |#Alphas |#Beliefs  
-------------------------------------------------------------------------------
 1547.4  0       0        1.93198    4.24558    2.3136      100      1        
 1556.71 2       50       2.95504    4.07267    1.11763     15       30       
 1586.35 5       109      3.53623    4.07261    0.536373    20       52       
 1642.33 7       153      3.70702    4.07258    0.365553    18       74       
 1715.75 9       200      3.80303    4.07251    0.269484    14       97       
 1830.68 11      250      3.88088    4.07247    0.191582    18       123      
 1969.19 14      300      3.92447    4.07241    0.147944    17       148      
 2123.52 16      359      3.96938    4.07232    0.102935    12       172      
 2205.06 17      400      3.97828    4.07228    0.0939978   14       183      
 2370.83 19      450      3.99175    4.07226    0.0805046   10       204      
 2621.46 21      511      4.01105    4.07216    0.0611094   13       232      
 2853.82 23      559      4.019      4.07212    0.0531235   14       255      
 3143.41 25      609      4.02659    4.07205    0.0454595   15       280      
 3409.88 27      657      4.03179    4.07201    0.0402194   15       302      
Writing policy file: ./2a9f594a021a_29_3791.12.policy
Intermediate policy written(interval: 2000)
 3791.12 29      715      4.03796    4.07194    0.0339786   16       328      
 4044.46 30      750      4.0402     4.07192    0.031721    18       345      
 4482.54 31      800      4.04326    4.07187    0.0286095   25       371      
 4952.18 32      850      4.0459     4.07185    0.0259416   27       397      
 5357.25 34      913      4.04932    4.0718     0.0224733   24       418      
Writing policy file: ./2a9f594a021a_35_5843.62.policy
Intermediate policy written(interval: 2000)
 5843.62 35      950      4.05018    4.07178    0.0215983   25       441      
 6410.32 37      1005     4.05304    4.07173    0.0186889   24       462      
 6805.74 38      1051     4.05438    4.0717     0.0173238   24       477      
 7448.32 40      1109     4.05603    4.07167    0.0156412   22       501      
Writing policy file: ./2a9f594a021a_41_8243.99.policy
Intermediate policy written(interval: 2000)
 8243.99 41      1150     4.0566     4.07166    0.015058    27       529      
 8642.27 43      1203     4.05824    4.07158    0.0133327   25       546      
 9220.02 45      1250     4.05892    4.07155    0.0126232   30       574      
 9580.04 46      1300     4.05992    4.07149    0.0115745   27       594      
 9991.02 48      1359     4.06076    4.07146    0.0106967   33       620      
Writing policy file: ./2a9f594a021a_49_10363.policy
Intermediate policy written(interval: 2000)
 10363   49      1400     4.06109    4.07145    0.0103553   34       647      
-------------------------------------------------------------------------------

SARSOP finishing ...
  Preset timeout reached
  Timeout     : 10000.000000s
  Actual Time : 10362.970000s

-------------------------------------------------------------------------------
 Time   |#Trial |#Backup |LBound    |UBound    |Precision  |#Alphas |#Beliefs  
-------------------------------------------------------------------------------
 10363   49      1400     4.06109    4.07145    0.0103553   34       647      
-------------------------------------------------------------------------------

Writing out policy ...
  output file : ./2a9f594a021a.policyx

