
Loading the model ...
  input file   : /home/rstudio/pomdp-solutions-library/2aa069275b76.pomdpx
  loading time : 5.05s 

SARSOP initializing ...
  initialization time : 712.16s

-------------------------------------------------------------------------------
 Time   |#Trial |#Backup |LBound    |UBound    |Precision  |#Alphas |#Beliefs  
-------------------------------------------------------------------------------
 712.16  0       0        1.90223    3.0233     1.12107     100      1        
 715.24  4       55       2.70881    2.90323    0.194422    18       29       
 718.36  6       100      2.78481    2.90314    0.118332    40       47       
 723.31  8       150      2.80286    2.90311    0.10025     44       69       
 734.16  10      203      2.8402     2.90293    0.062727    28       91       
 746.26  12      250      2.85354    2.90282    0.049276    28       118      
 757.47  15      301      2.86753    2.90267    0.0351459   24       140      
 775.1   17      350      2.87297    2.90257    0.0296016   27       167      
 792.68  19      400      2.87956    2.90249    0.0229351   26       191      
 815.74  22      459      2.88302    2.90239    0.0193671   21       217      
 837.38  24      500      2.88493    2.9023     0.0173689   21       239      
 865.2   26      550      2.8874     2.90223    0.0148359   25       266      
 886.71  28      609      2.88942    2.90218    0.0127581   33       289      
 917.75  30      650      2.88993    2.90217    0.0122431   41       313      
 945.05  31      700      2.89079    2.90213    0.0113387   29       336      
 978.01  33      761      2.89203    2.90208    0.0100543   41       361      
 1008.48 35      805      2.8924     2.90206    0.00965546  41       381      
 1037.89 37      850      2.89265    2.90203    0.00938564  33       401      
 1085.49 39      900      2.89289    2.90199    0.00910503  34       430      
 1121.19 42      957      2.89329    2.90194    0.00864478  35       450      
 1173.78 43      1000     2.89336    2.90193    0.00857191  37       481      
 1191.93 45      1053     2.89379    2.90191    0.00811554  40       493      
 1231.57 47      1100     2.89396    2.9019     0.00793821  41       514      
 1281.5  49      1150     2.8941     2.90186    0.00775796  40       538      
 1337.29 52      1200     2.89423    2.90184    0.00761397  40       564      
 1387.17 54      1259     2.89448    2.9018     0.00732564  40       586      
 1443.1  56      1303     2.89459    2.90177    0.00718592  35       607      
 1488.07 58      1350     2.89471    2.90176    0.00704632  36       626      
 1551.61 60      1400     2.8948     2.90174    0.00693433  39       650      
 1616.86 63      1461     2.8949     2.90172    0.00681863  40       674      
 1674.47 65      1507     2.89497    2.90171    0.00673958  43       694      
 1745.74 67      1551     2.89515    2.90167    0.00652061  43       716      
 1815.45 69      1600     2.89518    2.90164    0.00645155  44       738      
 1891.42 71      1650     2.89521    2.90163    0.00641679  46       761      
 1960.49 73      1705     2.89542    2.90162    0.00619903  43       783      
 2031.06 75      1751     2.89549    2.9016     0.00611358  48       804      
 2118.23 77      1800     2.89552    2.9016     0.00607505  56       829      
 2206.33 79      1850     2.89555    2.90157    0.00601739  48       853      
 2296.17 81      1900     2.89557    2.90156    0.00598852  56       877      
 2386.12 83      1950     2.89562    2.90155    0.00593413  58       900      
 2482.76 86      2011     2.89565    2.90152    0.00586689  59       923      
 2570.93 88      2061     2.8957     2.90151    0.00580771  55       945      
 2662.86 90      2107     2.89572    2.90151    0.00578349  63       966      
Writing policy file: ./2aa069275b76_92_2753.52.policy
Intermediate policy written(interval: 2000)
 2753.52 92      2153     2.89575    2.9015     0.00575558  50       986      
 2852.41 94      2200     2.89577    2.90149    0.0057225   50       1008     
 2953.28 96      2250     2.89586    2.90145    0.00559201  52       1030     
 3077.76 98      2300     2.89587    2.90144    0.00557863  51       1055     
 3201.43 100     2350     2.89588    2.90144    0.00555537  57       1078     
 3333.41 102     2400     2.89593    2.90143    0.00550272  52       1102     
 3446.17 105     2450     2.89595    2.9014     0.00545841  56       1122     
 3554.45 107     2509     2.89596    2.9014     0.00544372  50       1143     
 3656.5  109     2559     2.89598    2.90139    0.00541224  60       1161     
 3774.06 111     2607     2.896      2.90139    0.00538568  61       1181     
 3903.68 113     2653     2.89601    2.90138    0.00537313  69       1200     
 4076.59 115     2705     2.89604    2.90137    0.00532678  61       1224     
 4199.82 117     2751     2.89605    2.90136    0.00531011  61       1244     
 4343.08 119     2800     2.89606    2.90136    0.00529749  67       1268     
 4507.21 121     2850     2.8961     2.90135    0.00524924  59       1292     
 4651.14 123     2903     2.89614    2.90134    0.00520095  55       1313     
Writing policy file: ./2aa069275b76_125_4793.48.policy
Intermediate policy written(interval: 2000)
 4793.48 125     2953     2.89617    2.90134    0.00517338  54       1336     
 4978.15 127     3007     2.89619    2.90133    0.00513635  62       1361     
 5122.54 129     3059     2.8962     2.90132    0.00511936  64       1382     
 5274.36 131     3107     2.89622    2.90132    0.00509498  68       1403     
 5406.54 133     3151     2.89623    2.90131    0.00507865  69       1422     
 5580.99 135     3200     2.89625    2.9013     0.00504238  73       1445     
 5755.38 137     3250     2.89626    2.90129    0.00503093  73       1469     
 5947.73 139     3300     2.89626    2.90129    0.00502475  76       1492     
 6131.35 141     3350     2.89627    2.90129    0.00501747  76       1514     
 6328.34 144     3411     2.89628    2.90128    0.00500379  74       1536     
 6514.2  146     3459     2.89629    2.90128    0.00498911  74       1557     
 6686.73 148     3505     2.89629    2.90127    0.00498443  80       1577     
Writing policy file: ./2aa069275b76_150_6886.59.policy
Intermediate policy written(interval: 2000)
 6886.59 150     3551     2.89629    2.90127    0.00498088  86       1598     
 7102.97 152     3600     2.89629    2.90127    0.00497846  93       1619     
 7319.56 154     3650     2.89629    2.90127    0.00497359  85       1642     
 7553.74 156     3700     2.8963     2.90126    0.00496236  93       1664     
 7731.43 159     3759     2.89631    2.90125    0.00494047  87       1681     
 7892.54 161     3809     2.89631    2.90125    0.00493872  92       1700     
 8062.52 162     3850     2.89631    2.90125    0.0049348   104      1719     
 8245.49 165     3911     2.89631    2.90124    0.00492946  94       1738     
 8418.32 167     3950     2.89632    2.90122    0.00490383  90       1761     
 8556.68 169     4011     2.89632    2.90122    0.00489169  84       1781     
 8716.07 171     4057     2.89633    2.90121    0.0048852   93       1801     
 8856.6  173     4103     2.89633    2.90121    0.00488177  103      1820     
Writing policy file: ./2aa069275b76_175_9009.48.policy
Intermediate policy written(interval: 2000)
 9009.48 175     4155     2.89633    2.90121    0.0048755   97       1842     
 9162.39 177     4211     2.89634    2.9012     0.004857    79       1864     
 9304.22 179     4257     2.89635    2.9012     0.00485228  88       1884     
 9426.03 181     4301     2.89635    2.9012     0.00484935  93       1903     
 9576.17 183     4350     2.89635    2.90119    0.00483617  98       1926     
 9697.33 185     4400     2.89638    2.90117    0.00479807  77       1945     
 9885.03 187     4450     2.89638    2.90117    0.00479227  77       1969     
 10028.7 189     4500     2.89638    2.90117    0.00478719  77       1993     
 10158   192     4561     2.89639    2.90117    0.00478151  89       2015     
 10290   194     4607     2.89639    2.90117    0.00477637  92       2035     
 10423.9 196     4651     2.89641    2.90115    0.00474452  94       2054     
 10589.5 198     4700     2.89641    2.90115    0.00474034  96       2077     
 10749.8 200     4753     2.89642    2.90115    0.0047293   85       2100     
 10862.2 202     4800     2.89642    2.90114    0.00472452  81       2119     
 10995.7 204     4850     2.89642    2.90114    0.00471674  81       2141     
Writing policy file: ./2aa069275b76_206_11142.3.policy
Intermediate policy written(interval: 2000)
 11142.3 206     4900     2.89643    2.90114    0.00471138  94       2166     
-------------------------------------------------------------------------------

SARSOP finishing ...
  Preset timeout reached
  Timeout     : 10000.000000s
  Actual Time : 11142.260000s

-------------------------------------------------------------------------------
 Time   |#Trial |#Backup |LBound    |UBound    |Precision  |#Alphas |#Beliefs  
-------------------------------------------------------------------------------
 11142.3 206     4900     2.89643    2.90114    0.00471138  94       2166     
-------------------------------------------------------------------------------

Writing out policy ...
  output file : ./2aa069275b76.policyx

