
Loading the model ...
  input file   : /home/rstudio/pomdp-solutions-library/2aa033ad0633.pomdpx
  loading time : 4.81s 

SARSOP initializing ...
  initialization time : 922.71s

-------------------------------------------------------------------------------
 Time   |#Trial |#Backup |LBound    |UBound    |Precision  |#Alphas |#Beliefs  
-------------------------------------------------------------------------------
 922.71  0       0        3.56194    7.39474    3.8328      100      1        
 929.06  3       50       6.6671     7.11676    0.449661    41       24       
 937.47  5       101      6.78099    7.1166     0.335604    36       40       
 977.22  7       150      6.89454    7.11639    0.22185     29       69       
 1022.5  10      207      6.97875    7.11596    0.137219    29       92       
 1084.31 12      251      6.99904    7.1157     0.116659    31       114      
 1171.94 14      300      7.02471    7.11546    0.0907442   22       142      
 1275.72 17      361      7.04091    7.11508    0.0741741   26       168      
 1365.97 19      405      7.05017    7.11492    0.0647557   16       188      
 1464.7  21      450      7.05581    7.11471    0.0588986   21       208      
 1627.2  23      500      7.05843    7.11453    0.0561059   25       236      
 1792.89 26      559      7.06386    7.11417    0.0503072   18       262      
 1935.28 28      603      7.06721    7.11392    0.0467082   16       283      
 2103.52 30      650      7.07174    7.11383    0.0420898   16       307      
 2294.04 32      700      7.07384    7.11365    0.0398082   21       330      
 2519.01 34      750      7.07602    7.11354    0.0375177   21       355      
 2737.54 36      800      7.07752    7.11346    0.0359336   21       379      
Writing policy file: ./2aa033ad0633_38_2976.29.policy
Intermediate policy written(interval: 2000)
 2976.29 38      850      7.07828    7.11339    0.0351125   23       402      
 3234.17 41      911      7.07981    7.11316    0.0333497   20       426      
 3493.19 43      959      7.08095    7.11302    0.0320666   23       448      
 3769.28 45      1007     7.08161    7.11293    0.0313259   24       470      
 4080.62 47      1055     7.0822     7.11282    0.0306259   25       492      
 4361.19 49      1103     7.08258    7.11279    0.030207    27       511      
 4700.5  51      1151     7.08304    7.11266    0.0296197   27       532      
Writing policy file: ./2aa033ad0633_53_5078.51.policy
Intermediate policy written(interval: 2000)
 5078.51 53      1200     7.08366    7.11257    0.0289072   32       554      
 5439.48 55      1250     7.08398    7.11251    0.0285248   29       577      
 5824    57      1300     7.08417    7.11246    0.0282911   33       599      
 6279.56 59      1350     7.08443    7.11242    0.0279929   41       622      
 6805.12 61      1400     7.08474    7.1124     0.0276582   29       646      
Writing policy file: ./2aa033ad0633_63_7374.82.policy
Intermediate policy written(interval: 2000)
 7374.82 63      1450     7.08508    7.11226    0.0271823   31       670      
 7859.56 66      1511     7.08536    7.11221    0.026844    36       690      
 8369.43 68      1559     7.08555    7.11218    0.0266382   35       711      
 8903.76 70      1605     7.08564    7.11215    0.0265076   40       731      
Writing policy file: ./2aa033ad0633_72_9573.63.policy
Intermediate policy written(interval: 2000)
 9573.63 72      1653     7.08592    7.11198    0.0260618   39       755      
 10193.2 74      1701     7.08686    7.11187    0.0250116   32       777      
 10774   76      1750     7.08697    7.11185    0.0248847   35       797      
 11452.9 78      1800     7.08708    7.11175    0.0246628   35       819      
Writing policy file: ./2aa033ad0633_80_12156.policy
Intermediate policy written(interval: 2000)
 12156   80      1850     7.08721    7.11172    0.0245163   33       842      
-------------------------------------------------------------------------------

SARSOP finishing ...
  Preset timeout reached
  Timeout     : 10000.000000s
  Actual Time : 12155.990000s

-------------------------------------------------------------------------------
 Time   |#Trial |#Backup |LBound    |UBound    |Precision  |#Alphas |#Beliefs  
-------------------------------------------------------------------------------
 12156   80      1850     7.08721    7.11172    0.0245163   33       842      
-------------------------------------------------------------------------------

Writing out policy ...
  output file : ./2aa033ad0633.policyx

