
Loading the model ...
  input file   : /home/rstudio/pomdp-solutions-library/2aa17cafdc4c.pomdpx
  loading time : 5.06s 

SARSOP initializing ...
  initialization time : 683.79s

-------------------------------------------------------------------------------
 Time   |#Trial |#Backup |LBound    |UBound    |Precision  |#Alphas |#Beliefs  
-------------------------------------------------------------------------------
 683.79  0       0        0.504454   0.742647   0.238193    100      1        
 742.44  1       50       0.562939   0.678188   0.115248    148      33       
 789.66  3       100      0.58875    0.677806   0.0890556   60       47       
 924.8   5       161      0.595855   0.677562   0.0817071   42       74       
 1079.4  6       200      0.598158   0.677477   0.0793187   29       96       
 1232.11 8       253      0.603516   0.677359   0.0738426   33       115      
 1548.52 10      313      0.60659    0.677213   0.0706232   34       141      
 1744.07 11      350      0.607266   0.677145   0.069879    40       156      
 2142.36 13      403      0.60773    0.67708    0.0693493   36       176      
Writing policy file: ./2aa17cafdc4c_15_2767.62.policy
Intermediate policy written(interval: 2000)
 2767.62 15      461      0.608742   0.677013   0.0682714   38       200      
 3406.76 16      500      0.608865   0.676988   0.0681231   42       221      
 3912.78 18      550      0.609415   0.676936   0.0675207   41       237      
Writing policy file: ./2aa17cafdc4c_20_4802.21.policy
Intermediate policy written(interval: 2000)
 4802.21 20      605      0.609622   0.67692    0.0672972   52       262      
 5272.72 22      661      0.610545   0.676859   0.066314    37       284      
 6015.09 23      700      0.610917   0.676759   0.0658419   39       305      
 6477.47 25      750      0.611687   0.676734   0.0650464   32       323      
Writing policy file: ./2aa17cafdc4c_27_7330.6.policy
Intermediate policy written(interval: 2000)
 7330.6  27      803      0.61214    0.676706   0.0645664   33       343      
 8534.76 29      859      0.612343   0.6767     0.0643567   42       366      
Writing policy file: ./2aa17cafdc4c_30_9351.64.policy
Intermediate policy written(interval: 2000)
 9351.64 30      900      0.612582   0.676699   0.0641166   43       388      
 10004.8 32      950      0.612739   0.676681   0.0639424   40       404      
 10626.9 34      1001     0.613819   0.676495   0.0626763   39       423      
Writing policy file: ./2aa17cafdc4c_36_11414.7.policy
Intermediate policy written(interval: 2000)
 11414.7 36      1057     0.614022   0.676493   0.0624717   40       446      
-------------------------------------------------------------------------------

SARSOP finishing ...
  Preset timeout reached
  Timeout     : 10000.000000s
  Actual Time : 11414.730000s

-------------------------------------------------------------------------------
 Time   |#Trial |#Backup |LBound    |UBound    |Precision  |#Alphas |#Beliefs  
-------------------------------------------------------------------------------
 11414.7 36      1057     0.614022   0.676493   0.0624717   40       446      
-------------------------------------------------------------------------------

Writing out policy ...
  output file : ./2aa17cafdc4c.policyx

