
Loading the model ...
  input file   : /home/rstudio/pomdp-solutions-library/2aa172e9e89.pomdpx
  loading time : 4.13s 

SARSOP initializing ...
  initialization time : 876.53s

-------------------------------------------------------------------------------
 Time   |#Trial |#Backup |LBound    |UBound    |Precision  |#Alphas |#Beliefs  
-------------------------------------------------------------------------------
 876.53  0       0        0.760028   1.865      1.10498     100      1        
 880.51  3       59       1.31076    1.77753    0.46677     11       28       
 887.1   5       100      1.47139    1.77703    0.305643    16       46       
 901.83  8       157      1.58192    1.77656    0.194641    18       70       
 918.89  10      200      1.62413    1.77638    0.152245    16       91       
 946.21  13      257      1.6599     1.77606    0.116159    14       115      
 970.7   15      300      1.67709    1.7759     0.098814    15       135      
 1002.7  18      351      1.68825    1.77581    0.0875643   18       156      
 1044.08 21      405      1.69576    1.77563    0.0798624   17       180      
 1094.19 24      450      1.6974     1.77552    0.0781271   22       204      
 1136.35 26      500      1.70499    1.77548    0.0704928   18       225      
 1185.3  29      550      1.71106    1.77539    0.0643364   20       244      
 1251.31 32      603      1.71396    1.7753     0.0613469   21       267      
 1311.93 35      653      1.71547    1.77523    0.0597657   24       288      
 1382.22 38      703      1.71671    1.77518    0.0584618   27       310      
 1450.12 41      751      1.71983    1.7751     0.0552622   28       331      
 1520.14 44      800      1.72163    1.77502    0.0533972   30       351      
 1605.94 47      850      1.72198    1.77495    0.0529697   36       374      
 1702.42 50      900      1.72276    1.77494    0.0521754   35       397      
 1799.01 53      950      1.7248     1.77488    0.0500774   31       420      
 1890.25 57      1007     1.72606    1.77479    0.0487286   31       440      
 1992.01 60      1053     1.72676    1.77476    0.0480047   31       459      
 2086.22 63      1101     1.72784    1.77465    0.0468091   39       479      
 2204.36 66      1150     1.72827    1.77462    0.0463505   39       501      
 2327.6  69      1200     1.72886    1.77459    0.0457284   37       524      
 2436.48 73      1255     1.72932    1.77453    0.0452072   42       543      
 2549.35 76      1300     1.72984    1.77448    0.0446454   46       562      
 2687.04 80      1355     1.73011    1.77445    0.0443398   53       583      
 2821.92 83      1400     1.73035    1.77442    0.0440699   53       603      
Writing policy file: ./2aa172e9e89_87_2965.39.policy
Intermediate policy written(interval: 2000)
 2965.39 87      1453     1.73054    1.77436    0.0438212   50       622      
 3122.9  90      1500     1.7307     1.77432    0.0436182   53       645      
 3275.15 94      1553     1.73111    1.77429    0.0431875   56       664      
 3419.75 97      1600     1.73116    1.77427    0.0431025   64       683      
 3592.26 101     1653     1.73131    1.7742     0.0428895   66       703      
 3772.6  104     1700     1.7321     1.77416    0.0420568   59       724      
 3937.78 108     1753     1.73235    1.7741     0.0417531   50       743      
 4124.34 111     1800     1.73246    1.77409    0.0416288   55       764      
 4290.85 115     1851     1.73275    1.77407    0.0413141   56       783      
 4505.23 119     1900     1.73297    1.77403    0.0410659   55       806      
 4653.78 122     1950     1.73319    1.77398    0.0407894   61       822      
 4885.11 126     2005     1.73334    1.77396    0.0406134   64       843      
Writing policy file: ./2aa172e9e89_129_5073.85.policy
Intermediate policy written(interval: 2000)
 5073.85 129     2050     1.73383    1.77392    0.0400939   65       861      
 5259.33 133     2103     1.73398    1.7739     0.0399213   63       880      
 5474.88 137     2150     1.73404    1.77388    0.0398455   71       901      
 5688.83 140     2200     1.73416    1.77382    0.0396611   62       921      
 5855.39 144     2250     1.73424    1.7738     0.0395525   62       939      
 6017.86 148     2301     1.73432    1.77379    0.0394633   69       956      
 6203.79 152     2351     1.73438    1.77377    0.0393979   75       974      
 6433.8  156     2403     1.73447    1.77375    0.0392802   72       994      
 6644.99 160     2453     1.73456    1.77372    0.0391596   77       1012     
 6910.09 164     2500     1.73475    1.77371    0.038953    85       1031     
Writing policy file: ./2aa172e9e89_167_7127.77.policy
Intermediate policy written(interval: 2000)
 7127.77 167     2550     1.7348     1.77366    0.0388664   89       1048     
 7340.48 171     2600     1.73486    1.77365    0.0387876   81       1064     
 7607.06 175     2650     1.73493    1.77363    0.0387075   82       1082     
 7831.09 179     2700     1.73501    1.77363    0.0386186   82       1100     
 8049.44 183     2750     1.73508    1.77358    0.0384995   78       1118     
 8319.27 187     2800     1.73515    1.77357    0.0384235   88       1137     
 8531.5  192     2850     1.7352     1.77356    0.0383637   93       1155     
 8744.44 196     2905     1.73525    1.77355    0.0382995   82       1171     
 9037.38 200     2955     1.7354     1.77351    0.0381129   83       1190     
Writing policy file: ./2aa172e9e89_204_9302.93.policy
Intermediate policy written(interval: 2000)
 9302.93 204     3003     1.73544    1.77349    0.0380486   82       1206     
 9528.05 208     3051     1.73547    1.77348    0.038017    89       1222     
 9781.89 212     3100     1.7358     1.77347    0.0376765   98       1240     
 10034   216     3150     1.73584    1.77346    0.0376199   96       1260     
 10255.3 220     3200     1.73607    1.77278    0.0367117   103      1278     
 10513.1 224     3255     1.73612    1.77276    0.036634    105      1298     
 10718   227     3300     1.73618    1.77274    0.0365647   100      1316     
 10922.2 231     3350     1.7362     1.77274    0.0365421   94       1334     
 11108.1 235     3400     1.73623    1.77274    0.0365072   91       1351     
 11265.8 239     3450     1.73624    1.77273    0.0364883   103      1367     
Writing policy file: ./2aa172e9e89_243_11417.7.policy
Intermediate policy written(interval: 2000)
 11417.7 243     3500     1.73629    1.77269    0.0364015   97       1384     
-------------------------------------------------------------------------------

SARSOP finishing ...
  Preset timeout reached
  Timeout     : 10000.000000s
  Actual Time : 11417.720000s

-------------------------------------------------------------------------------
 Time   |#Trial |#Backup |LBound    |UBound    |Precision  |#Alphas |#Beliefs  
-------------------------------------------------------------------------------
 11417.7 243     3500     1.73629    1.77269    0.0364015   97       1384     
-------------------------------------------------------------------------------

Writing out policy ...
  output file : ./2aa172e9e89.policyx

