
Loading the model ...
  input file   : /home/rstudio/pomdp-solutions-library/2aa1d75444c.pomdpx
  loading time : 3.54s 

SARSOP initializing ...
  initialization time : 291.66s

-------------------------------------------------------------------------------
 Time   |#Trial |#Backup |LBound    |UBound    |Precision  |#Alphas |#Beliefs  
-------------------------------------------------------------------------------
 291.66  0       0        1.25993    1.95289    0.69296     100      1        
 293.6   4       50       1.65606    1.86339    0.207325    137      27       
 296.44  8       100      1.71572    1.86209    0.146376    168      51       
 301.29  11      153      1.7509     1.86118    0.110273    93       74       
 308.32  14      207      1.76651    1.8602     0.0936904   77       99       
 314.5   17      257      1.77503    1.8595     0.0844648   68       123      
 321.13  20      300      1.78119    1.8591     0.077919    49       147      
 327.55  22      350      1.78721    1.85824    0.0710246   59       170      
 335.24  25      400      1.78932    1.85789    0.0685769   62       193      
 345.1   28      450      1.79352    1.85717    0.0636515   53       216      
 353.57  31      501      1.79442    1.85712    0.0626928   63       236      
 369.64  34      550      1.79798    1.85687    0.0588814   55       264      
 380.59  36      601      1.79823    1.85686    0.0586287   54       282      
 393.51  39      655      1.79838    1.85683    0.0584509   61       306      
 411.71  41      700      1.80021    1.85677    0.0565582   61       329      
 428.69  44      750      1.8022     1.85648    0.0542885   69       351      
 448.32  47      809      1.80231    1.85648    0.0541653   95       376      
 465.82  49      850      1.80233    1.85646    0.0541377   103      395      
 494.18  52      900      1.80233    1.85646    0.0541287   119      421      
 518.1   54      953      1.80234    1.85645    0.0541156   133      439      
 551.19  56      1000     1.80234    1.85645    0.0541085   150      465      
 580.8   59      1055     1.80237    1.85643    0.0540616   138      485      
 614.82  61      1100     1.80296    1.85639    0.0534359   95       507      
 665.9   64      1155     1.80401    1.85578    0.0517761   107      532      
 702.79  66      1200     1.80402    1.85577    0.0517508   120      554      
 739.82  69      1255     1.80411    1.85575    0.0516421   89       577      
 781.54  71      1300     1.80412    1.85574    0.0516176   97       600      
 815.09  74      1350     1.80413    1.85573    0.0516011   113      619      
 860.87  77      1405     1.80416    1.85572    0.0515602   86       643      
 910.38  79      1450     1.80523    1.8553     0.0500707   97       664      
 958.55  82      1503     1.80524    1.85529    0.0500548   110      685      
 1014.01 84      1550     1.80525    1.85528    0.0500267   110      709      
 1059.64 87      1601     1.80526    1.85527    0.050015    128      727      
 1119.27 90      1657     1.80528    1.85526    0.0499845   119      752      
 1170.82 92      1700     1.80529    1.85526    0.0499719   113      772      
 1236.26 95      1755     1.80532    1.85525    0.049936    96       795      
 1314.22 97      1800     1.80619    1.85506    0.048863    125      819      
 1387.94 100     1857     1.80624    1.85505    0.0488074   143      840      
 1452.81 102     1900     1.80624    1.85505    0.0488042   145      862      
 1521.27 105     1953     1.80625    1.85504    0.0487978   165      882      
 1597.14 108     2007     1.80625    1.85504    0.0487853   145      904      
 1664.22 110     2050     1.80625    1.85503    0.0487812   158      925      
 1737.69 113     2103     1.80626    1.85503    0.0487718   170      945      
 1812.61 115     2150     1.80626    1.85503    0.0487685   164      968      
 1891    118     2200     1.80627    1.85503    0.0487553   171      988      
 1982.81 121     2251     1.80641    1.8549     0.0484924   187      1009     
 2084.25 124     2307     1.80641    1.8549     0.0484869   209      1032     
 2154.76 127     2357     1.80642    1.85489    0.0484723   209      1053     
 2240.39 129     2400     1.80642    1.85489    0.048465    196      1074     
Writing policy file: ./2aa1d75444c_132_2332.15.policy
Intermediate policy written(interval: 2000)
 2332.15 132     2450     1.80719    1.85483    0.0476377   204      1094     
 2430.22 135     2503     1.8072     1.85483    0.0476321   188      1114     
 2529.37 138     2550     1.8072     1.85483    0.0476252   184      1138     
 2586.85 140     2600     1.80742    1.85482    0.0473961   163      1156     
 2657    143     2653     1.80748    1.85481    0.0473358   148      1175     
 2744.43 146     2700     1.80748    1.85481    0.0473323   162      1199     
 2812.19 148     2751     1.8075     1.85481    0.0473097   183      1217     
 2915.22 151     2809     1.8075     1.8548     0.0473028   206      1242     
 2997.49 153     2850     1.80801    1.85443    0.0464146   218      1261     
 3079.41 156     2903     1.80802    1.85442    0.0464087   199      1281     
 3172.04 158     2950     1.80802    1.85442    0.046406    210      1303     
 3265    161     3003     1.80802    1.85442    0.0464036   227      1322     
 3357.85 163     3050     1.80805    1.85442    0.0463715   239      1344     
 3442.44 166     3100     1.80807    1.85441    0.0463484   263      1361     
 3548.03 169     3153     1.80807    1.85441    0.0463419   259      1382     
 3670.93 171     3200     1.80807    1.85441    0.0463405   274      1406     
 3755.51 174     3250     1.80807    1.85441    0.0463372   289      1422     
 3880.21 177     3307     1.80807    1.85441    0.046336    300      1446     
 3989.21 179     3350     1.8081     1.8544     0.0462957   290      1464     
 4105    182     3403     1.80811    1.8544     0.0462915   302      1484     
 4231.56 185     3457     1.80811    1.8544     0.0462897   297      1505     
Writing policy file: ./2aa1d75444c_187_4352.1.policy
Intermediate policy written(interval: 2000)
 4352.1  187     3500     1.80811    1.85439    0.0462863   290      1524     
 4472.23 190     3551     1.80811    1.85439    0.0462839   306      1542     
 4610.77 193     3607     1.80811    1.85439    0.0462812   327      1564     
 4728.03 195     3650     1.80811    1.85439    0.0462792   321      1584     
 4857.89 198     3700     1.8084     1.85435    0.0459477   330      1602     
 5018.4  201     3757     1.80841    1.85435    0.0459447   340      1624     
 5148.31 203     3800     1.80841    1.85435    0.0459426   347      1644     
 5266.14 206     3850     1.80841    1.85435    0.0459416   354      1661     
 5426.6  209     3905     1.80841    1.85435    0.0459391   368      1683     
 5581.37 211     3951     1.80842    1.85435    0.045927    370      1702     
 5744.59 214     4000     1.80842    1.85435    0.0459229   254      1725     
 5849.18 216     4050     1.80843    1.85434    0.0459195   239      1742     
 6000.61 219     4105     1.80843    1.85434    0.045909    236      1765     
 6131.74 221     4150     1.80848    1.85434    0.0458594   229      1786     
 6259.47 224     4201     1.80849    1.85434    0.0458527   231      1804     
Writing policy file: ./2aa1d75444c_226_6434.87.policy
Intermediate policy written(interval: 2000)
 6434.87 227     4250     1.8085     1.85434    0.0458424   243      1827     
 6556.88 229     4300     1.8085     1.85434    0.0458374   238      1845     
 6694.86 232     4351     1.8085     1.85433    0.0458347   233      1863     
 6851.09 235     4403     1.8085     1.85433    0.0458325   239      1884     
 7020.45 238     4459     1.80851    1.85433    0.0458231   248      1908     
 7161.46 240     4500     1.80851    1.85433    0.0458182   240      1927     
 7330.41 243     4553     1.80853    1.85433    0.0457962   240      1947     
 7494.98 246     4609     1.80854    1.85433    0.0457896   237      1970     
 7671.59 248     4650     1.80926    1.85414    0.0448839   235      1989     
 7857.15 251     4705     1.80927    1.85413    0.0448632   242      2011     
 8033.93 254     4750     1.80927    1.85413    0.0448606   255      2032     
 8186.99 256     4800     1.80927    1.85413    0.0448589   273      2051     
 8368.61 259     4855     1.80929    1.85413    0.0448404   270      2071     
Writing policy file: ./2aa1d75444c_261_8547.81.policy
Intermediate policy written(interval: 2000)
 8547.81 261     4900     1.80929    1.85413    0.0448396   283      2093     
 8715.33 264     4953     1.8093     1.85412    0.0448236   299      2111     
 8905.55 267     5009     1.8093     1.85412    0.0448222   298      2133     
 9043.85 269     5050     1.8093     1.85412    0.0448212   313      2149     
 9208.58 272     5103     1.8093     1.85412    0.0448202   319      2170     
 9378.05 274     5150     1.80931    1.85412    0.0448163   336      2192     
 9499.08 277     5200     1.80932    1.85412    0.0447991   343      2208     
 9663.23 280     5257     1.80932    1.85412    0.0447978   362      2231     
 9794.17 282     5300     1.80932    1.85412    0.0447961   328      2252     
 9900.76 285     5351     1.80932    1.85412    0.0447957   325      2269     
 10025.8 288     5405     1.80932    1.85412    0.0447953   332      2290     
 10130.1 290     5450     1.80932    1.85411    0.044793    318      2313     
 10215.9 293     5501     1.80932    1.85411    0.0447885   343      2329     
 10327.8 296     5557     1.80933    1.85411    0.0447862   322      2351     
 10415.6 298     5600     1.80933    1.85411    0.0447855   320      2372     
 10494.2 301     5650     1.80933    1.85411    0.0447836   325      2390     
Writing policy file: ./2aa1d75444c_304_10577.policy
Intermediate policy written(interval: 2000)
 10577   304     5700     1.80933    1.85411    0.0447812   338      2408     
-------------------------------------------------------------------------------

SARSOP finishing ...
  Preset timeout reached
  Timeout     : 10000.000000s
  Actual Time : 10577.000000s

-------------------------------------------------------------------------------
 Time   |#Trial |#Backup |LBound    |UBound    |Precision  |#Alphas |#Beliefs  
-------------------------------------------------------------------------------
 10577   304     5700     1.80933    1.85411    0.0447812   338      2408     
-------------------------------------------------------------------------------

Writing out policy ...
  output file : ./2aa1d75444c.policyx

