
Loading the model ...
  input file   : /home/rstudio/pomdp-solutions-library/2aa26f7e45e1.pomdpx
  loading time : 3.76s 

SARSOP initializing ...
  initialization time : 883.98s

-------------------------------------------------------------------------------
 Time   |#Trial |#Backup |LBound    |UBound    |Precision  |#Alphas |#Beliefs  
-------------------------------------------------------------------------------
 883.98  0       0        0.951762   2.25067    1.29891     100      1        
 888.26  3       59       1.57917    2.15375    0.574578    13       28       
 894.7   5       100      1.75976    2.15303    0.39327     13       46       
 908.15  8       159      1.8896     2.15258    0.262977    15       71       
 922.06  10      200      1.9514     2.15224    0.200835    14       90       
 949.96  13      259      1.99704    2.15195    0.154905    17       115      
 972.13  15      300      2.01902    2.1518     0.132774    14       134      
 1005.46 18      353      2.03326    2.15156    0.118297    18       156      
 1041.8  21      407      2.04706    2.15145    0.104394    15       178      
 1079.07 23      450      2.05255    2.15141    0.098852    20       200      
 1119.08 26      500      2.0632     2.15126    0.0880565   22       220      
 1162.46 29      551      2.06995    2.15119    0.0812373   20       238      
 1217.53 32      603      2.07583    2.15103    0.0751997   21       261      
 1270.17 35      651      2.07837    2.15096    0.072593    24       281      
 1327.55 38      700      2.08184    2.15091    0.0690719   29       302      
 1386.62 41      750      2.0838     2.15086    0.0670657   26       322      
 1451.19 44      800      2.08723    2.15081    0.0635837   29       342      
 1525.22 47      850      2.08933    2.15068    0.0613471   32       364      
 1580.83 51      907      2.09225    2.15057    0.0583169   34       381      
 1642.8  54      951      2.09335    2.15048    0.0571278   34       399      
 1712.91 58      1000     2.09393    2.15045    0.0565215   34       419      
 1780.12 61      1050     2.09508    2.15038    0.0552984   42       435      
 1871.96 65      1105     2.09573    2.15035    0.0546243   45       455      
 1947.57 68      1150     2.09611    2.15027    0.0541632   45       474      
 2053.84 72      1203     2.0966     2.1502     0.0535997   50       494      
 2147.28 75      1250     2.09686    2.15017    0.0533177   49       513      
 2250.65 79      1301     2.09724    2.1501     0.0528572   48       531      
 2376.65 83      1350     2.0975     2.15008    0.0525816   46       551      
 2465.44 86      1400     2.09862    2.15005    0.0514349   52       566      
 2597.87 90      1455     2.09914    2.14999    0.0508536   45       586      
 2705.6  93      1500     2.09957    2.14996    0.0503899   50       606      
 2816.13 97      1550     2.09983    2.14994    0.0501016   47       623      
Writing policy file: ./2aa26f7e45e1_101_2932.15.policy
Intermediate policy written(interval: 2000)
 2932.15 101     1600     2.10004    2.14992    0.0498846   50       640      
 3056.39 105     1650     2.10028    2.1499     0.0496183   55       658      
 3200.15 109     1700     2.1004     2.14987    0.0494718   59       676      
 3329.72 113     1750     2.10086    2.14985    0.0489884   63       692      
 3468.25 117     1800     2.10106    2.14984    0.0487762   52       710      
 3608.38 122     1855     2.10127    2.14975    0.0484796   61       728      
 3760.31 126     1903     2.10139    2.14973    0.0483462   69       744      
 3887.84 130     1951     2.10149    2.14969    0.0481983   64       760      
 4032.56 134     2001     2.10158    2.14967    0.0480936   67       777      
 4181.51 138     2051     2.10167    2.14964    0.0479726   71       794      
 4322.3  142     2101     2.10175    2.14964    0.0478895   70       811      
 4449.84 146     2150     2.10181    2.14959    0.0477877   75       825      
 4605.05 150     2200     2.10188    2.14958    0.0477044   75       843      
 4795.93 154     2250     2.10203    2.14953    0.0474967   76       863      
Writing policy file: ./2aa26f7e45e1_159_4944.65.policy
Intermediate policy written(interval: 2000)
 4944.65 159     2305     2.10216    2.14951    0.0473506   76       878      
 5072.42 163     2353     2.10223    2.14949    0.04726     74       893      
 5250.12 167     2401     2.10225    2.14949    0.0472309   82       909      
 5427.85 171     2450     2.10281    2.14947    0.0466567   90       924      
 5596.29 175     2500     2.10292    2.14946    0.0465361   70       941      
 5802.7  179     2550     2.10299    2.14946    0.0464699   64       959      
 5993.78 184     2605     2.10308    2.14941    0.0463314   62       975      
 6168.29 188     2653     2.10318    2.1494     0.0462271   69       991      
 6331.44 192     2701     2.10322    2.14938    0.0461651   72       1006     
 6508.33 196     2750     2.10334    2.14938    0.0460353   76       1022     
 6741.12 200     2800     2.10376    2.14856    0.0447945   80       1043     
 6940.54 204     2851     2.10385    2.14855    0.0447041   71       1060     
Writing policy file: ./2aa26f7e45e1_208_7094.02.policy
Intermediate policy written(interval: 2000)
 7094.02 208     2901     2.10392    2.14854    0.0446225   69       1075     
 7246.58 212     2950     2.104      2.14853    0.0445391   79       1091     
 7405.23 216     3000     2.10404    2.14853    0.0444853   81       1108     
 7566.59 220     3050     2.10408    2.14852    0.044436    80       1126     
 7735.54 224     3100     2.10411    2.14851    0.0443904   94       1142     
 7916.52 228     3150     2.10419    2.14847    0.0442815   100      1158     
 8054.61 232     3200     2.10421    2.14846    0.0442498   102      1173     
 8230.61 236     3250     2.10422    2.14846    0.0442345   103      1191     
 8382.1  240     3300     2.10425    2.14843    0.0441838   105      1207     
 8558.63 245     3355     2.10427    2.14842    0.0441429   108      1223     
 8713.66 249     3403     2.10433    2.14841    0.0440758   102      1238     
 8867.48 253     3451     2.10435    2.14841    0.0440534   92       1253     
 9021.94 257     3500     2.10438    2.14834    0.0439684   93       1269     
Writing policy file: ./2aa26f7e45e1_261_9170.91.policy
Intermediate policy written(interval: 2000)
 9170.91 261     3550     2.10439    2.14833    0.0439419   89       1286     
 9321.62 265     3600     2.10447    2.14832    0.0438513   105      1301     
 9443.17 269     3650     2.10449    2.14832    0.0438289   112      1317     
 9595.53 273     3700     2.10472    2.14831    0.0435914   108      1333     
 9722.12 278     3755     2.10475    2.14831    0.0435596   105      1348     
 9824.73 282     3803     2.10481    2.1483     0.0434864   88       1363     
 9944.53 286     3851     2.1051     2.14829    0.0431983   95       1379     
 10067.2 290     3900     2.10513    2.14828    0.0431459   92       1394     
 10181.8 294     3950     2.10526    2.14823    0.0429717   84       1412     
 10285.1 298     4000     2.10529    2.14823    0.042937    93       1426     
 10404.3 302     4050     2.10535    2.14822    0.0428653   85       1443     
 10501.9 307     4105     2.10539    2.14821    0.0428227   98       1458     
 10631.9 311     4151     2.10558    2.1478     0.0422223   99       1473     
 10747.6 315     4200     2.10563    2.14778    0.0421515   95       1489     
 10861.3 319     4250     2.10572    2.14777    0.0420492   97       1506     
 11003.1 323     4300     2.10575    2.14776    0.0420089   96       1523     
 11129   327     4350     2.10579    2.14775    0.0419661   97       1540     
Writing policy file: ./2aa26f7e45e1_331_11273.1.policy
Intermediate policy written(interval: 2000)
 11273.1 331     4400     2.1058     2.14772    0.0419235   102      1556     
-------------------------------------------------------------------------------

SARSOP finishing ...
  Preset timeout reached
  Timeout     : 10000.000000s
  Actual Time : 11273.150000s

-------------------------------------------------------------------------------
 Time   |#Trial |#Backup |LBound    |UBound    |Precision  |#Alphas |#Beliefs  
-------------------------------------------------------------------------------
 11273.1 331     4400     2.1058     2.14772    0.0419235   102      1556     
-------------------------------------------------------------------------------

Writing out policy ...
  output file : ./2aa26f7e45e1.policyx

