
Loading the model ...
  input file   : /home/rstudio/pomdp-solutions-library/2aa2295f003.pomdpx
  loading time : 3.93s 

SARSOP initializing ...
  initialization time : 312.55s

-------------------------------------------------------------------------------
 Time   |#Trial |#Backup |LBound    |UBound    |Precision  |#Alphas |#Beliefs  
-------------------------------------------------------------------------------
 312.55  0       0        1.52514    2.36692    0.841777    100      1        
 313.95  5       59       2.04029    2.26791    0.227614    37       28       
 316.06  8       100      2.08802    2.26704    0.179018    50       51       
 320.5   10      150      2.11137    2.26623    0.154866    70       75       
 325.69  13      200      2.13788    2.26499    0.127109    70       96       
 333.04  16      250      2.14513    2.26455    0.119424    64       121      
 340.6   19      300      2.15927    2.26295    0.103676    52       143      
 351.43  22      355      2.16576    2.26252    0.0967618   66       167      
 362.52  24      400      2.16626    2.26247    0.0962068   42       192      
 373.81  27      450      2.17197    2.26145    0.0894727   37       214      
 387.28  30      500      2.17634    2.26103    0.0846924   48       238      
 401.44  33      550      2.17794    2.26033    0.0823923   59       258      
 422.42  35      600      2.17829    2.26032    0.0820351   71       285      
 436.81  38      650      2.17844    2.2603     0.0818641   87       303      
 462.66  40      700      2.17866    2.26029    0.0816299   55       330      
 476.97  43      750      2.18486    2.25992    0.0750552   47       351      
 500.88  46      800      2.18763    2.25969    0.0720598   58       373      
 527.41  49      855      2.18785    2.25966    0.0718141   78       396      
 556.06  51      900      2.18787    2.25966    0.0717878   101      418      
 581.54  54      950      2.18798    2.25964    0.0716582   81       439      
 618.99  57      1007     2.19042    2.25932    0.0689044   77       463      
 650.24  59      1050     2.19051    2.25932    0.068805    92       483      
 682.34  62      1103     2.19058    2.25931    0.0687261   89       505      
 727.9   64      1150     2.19062    2.2593     0.0686756   83       531      
 764     67      1200     2.19068    2.25929    0.0686031   102      550      
 826.97  70      1250     2.19168    2.25871    0.0670382   129      577      
 869.13  72      1305     2.19169    2.25871    0.0670141   163      596      
 923     74      1350     2.1917     2.2587     0.0670036   172      618      
 974.52  77      1400     2.19181    2.2587     0.0668864   122      638      
 1045.91 80      1455     2.19297    2.25864    0.0656672   97       661      
 1094.28 82      1500     2.19412    2.25856    0.0644383   88       683      
 1149.77 85      1555     2.19416    2.25856    0.0644022   107      704      
 1199.95 87      1600     2.19422    2.25855    0.0643354   115      725      
 1267.89 90      1659     2.1943     2.25855    0.0642497   116      748      
 1322.62 92      1701     2.19432    2.25854    0.0642132   131      766      
 1404.89 94      1750     2.19434    2.25853    0.0641856   143      792      
 1458.34 97      1803     2.19544    2.25798    0.0625405   162      811      
 1533.71 99      1850     2.19544    2.25798    0.0625329   174      833      
 1607.65 102     1909     2.19547    2.25795    0.0624862   203      856      
 1670.28 104     1951     2.19547    2.25795    0.0624823   217      874      
 1754.53 106     2000     2.19547    2.25795    0.0624769   222      897      
 1828.96 109     2053     2.19549    2.25794    0.0624597   231      917      
 1898.43 111     2100     2.19549    2.25794    0.0624518   235      939      
 2002.46 114     2150     2.19549    2.25794    0.062444    221      963      
 2078.85 116     2203     2.1955     2.25793    0.0624378   245      980      
 2169.24 118     2250     2.1955     2.25792    0.0624274   264      1002     
 2283.19 121     2300     2.1955     2.25791    0.0624059   275      1026     
Writing policy file: ./2aa2295f003_123_2365.27.policy
Intermediate policy written(interval: 2000)
 2365.27 123     2353     2.19551    2.2579     0.0623945   289      1044     
 2458.09 125     2400     2.19551    2.2579     0.0623887   295      1064     
 2570.02 127     2450     2.19551    2.2579     0.062385    305      1089     
 2652.87 130     2501     2.19551    2.2579     0.0623835   313      1105     
 2782.95 132     2550     2.19551    2.25789    0.0623815   335      1129     
 2880.72 135     2603     2.19551    2.25789    0.0623775   355      1146     
 3017.46 137     2650     2.19552    2.25789    0.0623731   359      1169     
 3157.75 140     2709     2.19552    2.25789    0.0623705   388      1190     
 3263.19 142     2750     2.19552    2.25789    0.0623698   408      1208     
 3439.67 144     2800     2.19552    2.25789    0.0623677   420      1233     
 3547.86 147     2850     2.19553    2.25788    0.0623428   402      1252     
 3702.11 150     2900     2.19582    2.25769    0.0618664   283      1276     
 3805.44 152     2955     2.19594    2.25767    0.0617365   184      1295     
 3913.37 154     3000     2.19596    2.25767    0.0617131   177      1315     
 4020.6  157     3050     2.19597    2.25767    0.0616945   180      1336     
 4173.82 160     3109     2.19677    2.2574     0.0606289   179      1360     
 4280.55 162     3151     2.19678    2.25739    0.0606193   203      1377     
Writing policy file: ./2aa2295f003_165_4400.12.policy
Intermediate policy written(interval: 2000)
 4400.12 165     3207     2.19682    2.25739    0.0605717   159      1400     
 4507.26 167     3250     2.19693    2.25739    0.0604621   146      1418     
 4621.95 170     3301     2.19741    2.25727    0.0598623   142      1438     
 4790.65 172     3350     2.19876    2.25678    0.0580234   160      1465     
 4902.93 175     3403     2.19879    2.25677    0.0579798   178      1482     
 5046.35 177     3450     2.1988     2.25677    0.0579742   195      1505     
 5170.62 180     3507     2.19896    2.25676    0.0578028   161      1525     
 5261.2  182     3550     2.19898    2.25676    0.0577776   178      1542     
 5397.47 185     3600     2.19898    2.25676    0.0577751   207      1568     
 5507.38 187     3655     2.199      2.25676    0.0577601   222      1586     
 5612.28 189     3700     2.199      2.25675    0.0577577   237      1607     
 5725.92 192     3755     2.19969    2.25673    0.0570391   161      1628     
 5821.65 194     3800     2.19993    2.25673    0.056803    152      1649     
 5914.46 197     3855     2.19999    2.25673    0.0567437   174      1668     
 6006.79 199     3900     2.20001    2.25672    0.0567118   179      1687     
 6116.76 202     3950     2.20002    2.25672    0.0566996   196      1711     
 6195.07 204     4001     2.20004    2.2567     0.0566646   199      1728     
 6312.71 206     4050     2.20004    2.2567     0.0566595   219      1752     
 6377.62 209     4100     2.20005    2.2567     0.0566461   229      1769     
Writing policy file: ./2aa2295f003_212_6509.75.policy
Intermediate policy written(interval: 2000)
 6509.75 212     4159     2.20008    2.2567     0.0566156   204      1792     
 6617.93 214     4201     2.20009    2.25669    0.0566016   216      1809     
 6770.95 217     4259     2.2001     2.25669    0.0565952   235      1832     
 6861.73 219     4300     2.2001     2.25669    0.0565912   233      1850     
 6997.58 222     4353     2.20012    2.25669    0.056571    238      1870     
 7130.28 224     4400     2.20012    2.25669    0.0565651   237      1893     
 7251.76 227     4453     2.20013    2.25668    0.0565502   249      1910     
 7407.28 229     4500     2.20014    2.25668    0.0565382   230      1932     
 7522.26 232     4551     2.20017    2.25668    0.0565035   202      1950     
 7652.02 235     4605     2.2002     2.25667    0.0564665   185      1972     
 7809.66 237     4650     2.20023    2.25667    0.056441    193      1992     
 7958.63 240     4701     2.20024    2.25667    0.0564264   205      2010     
 8093.65 243     4757     2.20025    2.25667    0.0564177   213      2032     
 8250.16 245     4800     2.20025    2.25666    0.056414    204      2053     
 8377.65 248     4850     2.20026    2.25666    0.0564042   214      2069     
Writing policy file: ./2aa2295f003_251_8537.58.policy
Intermediate policy written(interval: 2000)
 8537.58 251     4905     2.2003     2.25666    0.0563538   213      2089     
 8723.62 253     4950     2.20031    2.25666    0.0563464   226      2111     
 8865.05 256     5000     2.20032    2.25666    0.0563354   243      2127     
 9089.66 259     5059     2.20035    2.25665    0.0563023   263      2151     
 9239.1  261     5100     2.20035    2.25665    0.0563006   265      2169     
 9425.73 264     5150     2.20167    2.25642    0.05475     259      2189     
 9649.21 266     5200     2.20167    2.25642    0.0547427   269      2213     
 9817.35 269     5253     2.20167    2.25641    0.0547406   280      2231     
 10011.6 271     5300     2.20168    2.25641    0.0547382   304      2252     
 10214.7 274     5357     2.20168    2.25641    0.0547354   332      2273     
 10384.5 276     5400     2.20168    2.25641    0.0547346   343      2292     
Writing policy file: ./2aa2295f003_279_10574.6.policy
Intermediate policy written(interval: 2000)
 10574.6 279     5455     2.20168    2.25641    0.054734    363      2312     
-------------------------------------------------------------------------------

SARSOP finishing ...
  Preset timeout reached
  Timeout     : 10000.000000s
  Actual Time : 10574.590000s

-------------------------------------------------------------------------------
 Time   |#Trial |#Backup |LBound    |UBound    |Precision  |#Alphas |#Beliefs  
-------------------------------------------------------------------------------
 10574.6 279     5455     2.20168    2.25641    0.054734    363      2312     
-------------------------------------------------------------------------------

Writing out policy ...
  output file : ./2aa2295f003.policyx

