
Loading the model ...
  input file   : /home/rstudio/pomdp-solutions-library/2aa26c51d11c.pomdpx
  loading time : 3.88s 

SARSOP initializing ...
  initialization time : 291.84s

-------------------------------------------------------------------------------
 Time   |#Trial |#Backup |LBound    |UBound    |Precision  |#Alphas |#Beliefs  
-------------------------------------------------------------------------------
 291.84  0       0        0.896146   1.46772    0.571575    100      1        
 294.8   2       51       1.08515    1.35246    0.26731     137      27       
 304.88  4       111      1.10534    1.35098    0.245639    96       57       
 316.32  5       150      1.11821    1.35023    0.23202     53       81       
 325.48  7       201      1.15306    1.3491     0.196037    39       102      
 345.02  9       261      1.16235    1.34826    0.185916    48       132      
 362.43  10      300      1.16966    1.34775    0.178084    36       156      
 377.57  12      350      1.1788     1.34734    0.168532    38       175      
 406.8   14      409      1.18558    1.34693    0.161348    42       203      
 431.28  15      450      1.19152    1.34654    0.155012    43       228      
 452.78  17      500      1.19846    1.34608    0.147621    49       248      
 491.52  19      561      1.20757    1.34584    0.138276    37       277      
 527.62  20      600      1.21037    1.34546    0.135094    48       300      
 560.3   22      655      1.21226    1.34524    0.132985    55       321      
 611.8   23      700      1.21419    1.34514    0.13095     58       349      
 641.52  25      751      1.21794    1.34499    0.127057    39       367      
 702.32  27      815      1.22011    1.34484    0.124737    74       397      
 740.14  28      850      1.22021    1.34481    0.124604    99       414      
 811.22  30      911      1.22037    1.34481    0.124434    138      441      
 868.73  31      950      1.22047    1.34479    0.124324    153      462      
 947.94  33      1007     1.22056    1.34478    0.124223    176      485      
 1043.68 34      1050     1.22056    1.34477    0.124209    190      511      
 1118.33 36      1103     1.22194    1.34472    0.12278     113      530      
 1233.7  37      1150     1.22205    1.34472    0.122668    125      559      
 1290.86 39      1200     1.22209    1.34472    0.12263     134      574      
 1400.54 41      1263     1.22369    1.3447     0.121005    105      602      
 1481.98 42      1300     1.22378    1.3447     0.120915    115      622      
 1591.04 44      1359     1.22552    1.34451    0.118988    80       648      
 1694.53 45      1400     1.22667    1.3442     0.11753     77       672      
 1795.53 47      1455     1.22739    1.34405    0.116657    93       694      
 1914.17 48      1500     1.22763    1.34404    0.116408    111      721      
 1986.88 50      1551     1.22775    1.34399    0.116234    150      738      
 2128.95 52      1615     1.22777    1.34398    0.116211    202      767      
 2217.51 53      1650     1.22778    1.34398    0.116203    224      785      
Writing policy file: ./2aa26c51d11c_55_2348.25.policy
Intermediate policy written(interval: 2000)
 2348.25 55      1711     1.2288     1.34383    0.115031    156      812      
 2451.19 56      1750     1.22901    1.34377    0.114766    133      834      
 2562.14 58      1807     1.2298     1.34377    0.11397     126      857      
 2707.59 59      1850     1.22983    1.3437     0.113873    142      883      
 2811.85 61      1903     1.23142    1.34362    0.112203    124      902      
 2976.37 62      1950     1.23159    1.34362    0.112028    130      931      
 3063.18 64      2000     1.23202    1.34362    0.111597    161      946      
 3241.46 66      2063     1.23206    1.34362    0.111557    206      974      
 3357.96 67      2100     1.23207    1.34362    0.111548    228      992      
 3548.51 69      2159     1.23207    1.34362    0.111544    258      1016     
 3717.39 70      2200     1.23207    1.34362    0.111543    286      1038     
 3861.46 72      2255     1.23211    1.34362    0.11151     308      1058     
 4060.46 73      2300     1.23211    1.34362    0.111507    326      1084     
 4184.69 75      2351     1.23238    1.34362    0.11124     311      1100     
Writing policy file: ./2aa26c51d11c_77_4402.86.policy
Intermediate policy written(interval: 2000)
 4402.86 77      2415     1.23471    1.34352    0.108813    88       1129     
 4536.13 78      2450     1.23533    1.34346    0.108132    98       1147     
 4740.67 80      2511     1.23646    1.34343    0.106962    125      1174     
 4893.97 81      2550     1.23653    1.34342    0.106888    147      1195     
 5081.28 83      2607     1.2367     1.3434     0.106703    183      1218     
 5292.26 84      2650     1.23678    1.3434     0.106621    201      1243     
 5460.48 86      2703     1.23679    1.34339    0.106598    215      1262     
 5710.67 87      2750     1.23679    1.34339    0.106598    233      1291     
 5846.67 89      2800     1.2368     1.34336    0.106568    217      1305     
 6107.54 91      2863     1.23694    1.34334    0.106396    224      1334     
 6295.41 92      2900     1.23695    1.34332    0.106375    232      1353     
Writing policy file: ./2aa26c51d11c_94_6537.96.policy
Intermediate policy written(interval: 2000)
 6537.96 94      2959     1.23697    1.34332    0.106346    266      1378     
 6773.47 95      3000     1.23705    1.34332    0.10627     291      1401     
 6989.43 97      3055     1.23842    1.3432     0.104781    163      1422     
 7279.44 98      3100     1.23854    1.34318    0.104644    158      1449     
 7472.81 100     3151     1.23897    1.34315    0.104186    167      1465     
 7783.59 102     3215     1.23943    1.34312    0.103692    172      1494     
 7960.8  103     3250     1.23947    1.34312    0.10365     183      1511     
 8226.93 105     3311     1.23974    1.343      0.103256    223      1536     
 8467.89 106     3350     1.23975    1.343      0.10325     249      1557     
Writing policy file: ./2aa26c51d11c_108_8690.2.policy
Intermediate policy written(interval: 2000)
 8690.2  108     3407     1.24004    1.343      0.102958    261      1578     
 8960.9  109     3450     1.24006    1.34299    0.102924    263      1602     
 9196.33 111     3503     1.24007    1.34299    0.102912    280      1620     
 9518.26 112     3550     1.24008    1.34299    0.102911    277      1648     
 9673.72 114     3600     1.24008    1.34299    0.10291     287      1662     
 9986.6  116     3663     1.24072    1.34298    0.102261    188      1689     
 10174.7 117     3700     1.24075    1.34298    0.102234    207      1707     
 10435.3 119     3759     1.24078    1.34298    0.102208    220      1731     
 10683.1 120     3800     1.24078    1.34298    0.102205    236      1751     
Writing policy file: ./2aa26c51d11c_122_10946.9.policy
Intermediate policy written(interval: 2000)
 10946.9 122     3855     1.24081    1.34298    0.102164    268      1770     
-------------------------------------------------------------------------------

SARSOP finishing ...
  Preset timeout reached
  Timeout     : 10000.000000s
  Actual Time : 10946.870000s

-------------------------------------------------------------------------------
 Time   |#Trial |#Backup |LBound    |UBound    |Precision  |#Alphas |#Beliefs  
-------------------------------------------------------------------------------
 10946.9 122     3855     1.24081    1.34298    0.102164    268      1770     
-------------------------------------------------------------------------------

Writing out policy ...
  output file : ./2aa26c51d11c.policyx

