
Loading the model ...
  input file   : /home/rstudio/pomdp-solutions-library/2aa36c51d11c.pomdpx
  loading time : 3.40s 

SARSOP initializing ...
  initialization time : 287.48s

-------------------------------------------------------------------------------
 Time   |#Trial |#Backup |LBound    |UBound    |Precision  |#Alphas |#Beliefs  
-------------------------------------------------------------------------------
 287.48  0       0        1.26079    2.23048    0.969689    100      1        
 290.34  3       53       1.70746    2.0682     0.360744    140      28       
 301.55  4       100      1.71857    2.06581    0.347235    98       59       
 312.07  6       150      1.72975    2.06225    0.332495    95       77       
 338.52  8       215      1.74447    2.06102    0.316554    65       109      
 355.61  9       250      1.7466     2.06061    0.314005    74       128      
 389.38  11      315      1.75756    2.05976    0.302194    43       158      
 415.65  12      350      1.76097    2.05948    0.298509    46       178      
 449.32  14      409      1.77199    2.05779    0.285804    41       203      
 488.4   15      450      1.7795     2.05765    0.278154    50       227      
 526.5   17      507      1.79349    2.0572     0.263705    38       250      
 577.96  18      550      1.79503    2.05712    0.262087    50       276      
 616.16  20      603      1.7968     2.05706    0.260262    38       295      
 683.41  21      650      1.7976     2.05706    0.259462    51       325      
 722.59  23      701      1.80518    2.05693    0.251759    25       342      
 795.17  25      765      1.80885    2.05646    0.247603    35       372      
 845.37  26      800      1.80969    2.05642    0.24673     38       390      
 926.76  28      865      1.81532    2.05587    0.24055     36       419      
 976.95  29      900      1.81595    2.05587    0.23992     40       436      
 1077.5  31      965      1.8165     2.05572    0.239218    59       466      
 1136.7  32      1000     1.81895    2.05536    0.23641     34       483      
 1236.47 34      1065     1.82397    2.05532    0.231347    42       513      
 1295.1  35      1100     1.82461    2.05532    0.230712    48       528      
 1415.36 37      1163     1.82498    2.05532    0.230331    76       556      
 1492.34 38      1200     1.82532    2.05512    0.229798    86       574      
 1619.02 40      1263     1.83106    2.05503    0.223975    36       602      
 1706.19 41      1300     1.83267    2.055      0.22233     38       620      
 1844.52 43      1363     1.8359     2.05486    0.218962    51       648      
 1941.06 44      1400     1.83613    2.05486    0.218723    67       667      
 2084.69 46      1459     1.83627    2.05485    0.218587    105      692      
 2230.44 47      1500     1.8363     2.05485    0.218557    130      716      
Writing policy file: ./2aa36c51d11c_49_2378.96.policy
Intermediate policy written(interval: 2000)
 2378.96 49      1557     1.83634    2.05485    0.21851     115      738      
 2538.07 50      1600     1.83637    2.05485    0.218483    134      761      
 2659.61 52      1653     1.83639    2.05485    0.218459    165      778      
 2884.89 53      1700     1.8364     2.05485    0.218451    182      806      
 3025.8  55      1753     1.83664    2.05461    0.21797     198      823      
 3280.54 56      1800     1.83673    2.05461    0.217872    203      851      
 3403.08 58      1851     1.84147    2.05451    0.213039    34       865      
 3632.79 60      1915     1.84599    2.0543     0.208311    41       893      
 3774.56 61      1950     1.84626    2.05426    0.208001    58       911      
 4003.38 63      2013     1.84684    2.05407    0.207235    77       939      
 4147.98 64      2050     1.84733    2.05402    0.206695    66       958      
 4352.06 66      2109     1.84833    2.05399    0.205665    88       983      
Writing policy file: ./2aa36c51d11c_67_4523.56.policy
Intermediate policy written(interval: 2000)
 4523.56 67      2150     1.84847    2.05398    0.205507    99       1004     
 4716.02 69      2207     1.84855    2.05398    0.205424    104      1025     
 4910.57 70      2250     1.8494     2.05395    0.204546    66       1049     
 5102.17 72      2307     1.84996    2.05383    0.203865    91       1071     
 5326.72 73      2350     1.85052    2.05365    0.203132    92       1095     
 5525.65 75      2405     1.85079    2.05365    0.202851    105      1116     
 5805.28 76      2450     1.85083    2.05364    0.202813    139      1144     
 5997.61 78      2503     1.85093    2.05364    0.202716    148      1162     
 6322.51 79      2550     1.85307    2.05361    0.200536    65       1191     
 6484.29 81      2600     1.85441    2.05351    0.199095    76       1206     
Writing policy file: ./2aa36c51d11c_83_6774.99.policy
Intermediate policy written(interval: 2000)
 6774.99 83      2663     1.85565    2.05334    0.197692    61       1235     
 6970.33 84      2700     1.85573    2.05334    0.197606    79       1252     
 7247.25 86      2761     1.85587    2.05328    0.197414    97       1278     
 7433.38 87      2800     1.85591    2.05328    0.197371    118      1295     
 7685.17 89      2859     1.85754    2.05327    0.195731    59       1318     
 7929.23 90      2900     1.85805    2.0528     0.194756    75       1338     
 8210.33 92      2959     1.85884    2.05275    0.193914    70       1361     
 8479.99 93      3000     1.85917    2.05274    0.193566    81       1384     
 8732.62 95      3055     1.85935    2.05272    0.193367    106      1405     
Writing policy file: ./2aa36c51d11c_96_9040.99.policy
Intermediate policy written(interval: 2000)
 9040.99 96      3100     1.85942    2.05272    0.193306    123      1430     
 9272.78 98      3151     1.85962    2.05272    0.193099    143      1446     
 9654.78 99      3200     1.85979    2.05272    0.19293     155      1473     
 9841.45 101     3251     1.85994    2.05272    0.192781    172      1486     
 10234.1 103     3315     1.85994    2.05272    0.192778    191      1512     
 10422.9 104     3350     1.85995    2.05272    0.192771    213      1524     
 10840.1 106     3415     1.8605     2.05272    0.19222     148      1552     
Writing policy file: ./2aa36c51d11c_107_11074.policy
Intermediate policy written(interval: 2000)
 11074   107     3450     1.86061    2.05272    0.192106    145      1567     
-------------------------------------------------------------------------------

SARSOP finishing ...
  Preset timeout reached
  Timeout     : 10000.000000s
  Actual Time : 11073.960000s

-------------------------------------------------------------------------------
 Time   |#Trial |#Backup |LBound    |UBound    |Precision  |#Alphas |#Beliefs  
-------------------------------------------------------------------------------
 11074   107     3450     1.86061    2.05272    0.192106    145      1567     
-------------------------------------------------------------------------------

Writing out policy ...
  output file : ./2aa36c51d11c.policyx

