
Loading the model ...
  input file   : /home/rstudio/pomdp-solutions-library/2aa32b9c8d62.pomdpx
  loading time : 3.68s 

SARSOP initializing ...
  initialization time : 839.51s

-------------------------------------------------------------------------------
 Time   |#Trial |#Backup |LBound    |UBound    |Precision  |#Alphas |#Beliefs  
-------------------------------------------------------------------------------
 839.51  0       0        0.555562   1.5472     0.991635    100      1        
 860.68  1       50       0.637802   1.40801    0.770205    116      29       
 881.67  3       107      0.686067   1.40671    0.720647    15       44       
 914.12  4       150      0.727088   1.40629    0.679202    10       60       
 938.42  6       209      0.766182   1.40412    0.637935    10       69       
 978.2   7       250      0.798648   1.40375    0.605098    9        84       
 1026.19 9       309      0.845037   1.40159    0.556555    12       101      
 1060.57 10      350      0.856557   1.40078    0.54422     14       112      
 1120.23 12      405      0.896311   1.39897    0.502656    12       128      
 1214.69 13      450      0.920795   1.39881    0.478014    14       151      
 1292.77 15      501      0.954984   1.39791    0.442925    21       167      
 1404.67 17      565      0.977369   1.39725    0.419882    38       188      
 1479.48 18      600      0.988562   1.39665    0.408087    13       200      
 1641.58 20      661      1.01698    1.39606    0.379082    29       225      
 1760.44 21      700      1.03287    1.39569    0.362822    20       241      
 1928.03 23      757      1.06128    1.39559    0.334303    27       262      
 2081.27 24      800      1.0738     1.39549    0.321694    15       280      
 2201.88 26      853      1.09851    1.39494    0.296426    29       294      
 2420.73 27      900      1.10452    1.39481    0.290287    22       317      
 2557.3  29      951      1.13036    1.3943     0.263941    31       331      
 2735.18 31      1000     1.14001    1.39409    0.254081    15       348      
Writing policy file: ./2aa32b9c8d62_32_2859.39.policy
Intermediate policy written(interval: 2000)
 2859.39 32      1050     1.15894    1.39382    0.234878    17       360      
 3066.91 34      1100     1.16627    1.39359    0.227319    16       380      
 3205.06 35      1151     1.1826     1.39292    0.210322    18       393      
 3443.36 36      1200     1.19042    1.39263    0.202209    19       414      
 3618.28 38      1253     1.20255    1.39217    0.189617    23       428      
 3808.25 39      1300     1.20785    1.39209    0.184238    19       443      
 4012.74 41      1355     1.21816    1.39188    0.173715    29       458      
 4313.56 42      1400     1.22212    1.39171    0.169594    24       479      
 4568.48 44      1457     1.22834    1.39143    0.163092    23       496      
Writing policy file: ./2aa32b9c8d62_45_4913.7.policy
Intermediate policy written(interval: 2000)
 4913.7  45      1500     1.23237    1.3913     0.158931    20       518      
 5272.73 47      1559     1.23905    1.39101    0.151963    36       539      
 5360.49 48      1600     1.24093    1.39097    0.150049    21       544      
 5712.99 50      1661     1.24732    1.39077    0.143445    28       565      
 6017.88 51      1700     1.25037    1.39064    0.140266    17       580      
 6457.1  53      1763     1.25481    1.3905     0.135688    31       602      
 6640.15 54      1800     1.25679    1.39041    0.133617    21       610      
Writing policy file: ./2aa32b9c8d62_56_7060.22.policy
Intermediate policy written(interval: 2000)
 7060.22 56      1865     1.26066    1.39037    0.129706    20       631      
 7331    57      1900     1.26381    1.39024    0.126422    30       643      
 7785.77 59      1950     1.26564    1.39013    0.124493    28       664      
 8080.31 60      2001     1.26894    1.38957    0.120637    34       677      
 8511.1  61      2050     1.27065    1.38938    0.118726    44       697      
 8739.81 63      2103     1.27203    1.38934    0.117313    36       707      
Writing policy file: ./2aa32b9c8d62_64_9135.42.policy
Intermediate policy written(interval: 2000)
 9135.42 64      2150     1.27273    1.38928    0.116549    37       728      
 9399.36 66      2205     1.27402    1.38924    0.115219    36       743      
 9755.2  67      2250     1.27452    1.38924    0.114712    32       764      
 10027.3 69      2307     1.27682    1.38919    0.112366    33       781      
 10322.4 70      2350     1.27789    1.38907    0.111183    25       797      
 10636.8 72      2409     1.27932    1.38905    0.109731    38       816      
 10849.9 73      2450     1.27982    1.38905    0.109228    27       828      
Writing policy file: ./2aa32b9c8d62_75_11135.9.policy
Intermediate policy written(interval: 2000)
 11135.9 75      2511     1.28095    1.38905    0.1081      33       848      
-------------------------------------------------------------------------------

SARSOP finishing ...
  Preset timeout reached
  Timeout     : 10000.000000s
  Actual Time : 11135.910000s

-------------------------------------------------------------------------------
 Time   |#Trial |#Backup |LBound    |UBound    |Precision  |#Alphas |#Beliefs  
-------------------------------------------------------------------------------
 11135.9 75      2511     1.28095    1.38905    0.1081      33       848      
-------------------------------------------------------------------------------

Writing out policy ...
  output file : ./2aa32b9c8d62.policyx

