
Loading the model ...
  input file   : /home/rstudio/pomdp-solutions-library/2aa3295f003.pomdpx
  loading time : 3.87s 

SARSOP initializing ...
  initialization time : 301.42s

-------------------------------------------------------------------------------
 Time   |#Trial |#Backup |LBound    |UBound    |Precision  |#Alphas |#Beliefs  
-------------------------------------------------------------------------------
 301.42  0       0        1.93533    2.97084    1.03551     100      1        
 304     4       50       2.59441    2.85006    0.255647    133      30       
 307.24  6       100      2.63668    2.84884    0.212158    151      50       
 313.44  9       157      2.67355    2.84726    0.173714    82       76       
 319.65  11      200      2.69623    2.84663    0.150397    71       101      
 326.88  14      250      2.71262    2.84543    0.132814    55       121      
 339.14  16      300      2.71512    2.84504    0.129928    72       150      
 348.99  19      355      2.72094    2.84406    0.123125    76       171      
 361.22  21      401      2.72291    2.84354    0.12063     57       192      
 377.31  23      450      2.72593    2.84267    0.116745    74       219      
 394.13  26      509      2.72896    2.84226    0.113301    44       244      
 408.49  28      551      2.73547    2.84179    0.10632     40       263      
 427.68  30      600      2.73843    2.84102    0.102589    41       290      
 446.1   33      655      2.74203    2.84096    0.0989289   45       312      
 469.9   35      700      2.74638    2.84029    0.0939115   47       335      
 497.92  37      750      2.74684    2.84027    0.0934383   71       362      
 519.7   40      811      2.74977    2.83989    0.0901169   56       385      
 544.11  42      855      2.75242    2.83922    0.0868057   64       406      
 566.65  44      900      2.75257    2.83921    0.086639    70       428      
 600.36  46      950      2.7527     2.83919    0.0864931   55       453      
 632.69  49      1000     2.75451    2.83912    0.0846047   69       476      
 664.34  51      1055     2.75679    2.83849    0.0816925   71       497      
 693.25  53      1101     2.75692    2.83846    0.0815413   88       517      
 735.92  55      1150     2.75734    2.83824    0.0809017   95       540      
 777.43  57      1200     2.75736    2.83823    0.0808763   122      563      
 820.02  59      1250     2.7576     2.83823    0.0806328   118      587      
 867.79  61      1300     2.75843    2.83793    0.0794903   114      612      
 910.73  63      1350     2.75855    2.8379     0.0793568   105      636      
 953.21  66      1409     2.75859    2.83788    0.0792969   116      657      
 1000.18 68      1457     2.7586     2.83788    0.0792799   138      679      
 1047.08 70      1503     2.75867    2.83787    0.0791948   90       701      
 1104.9  72      1550     2.76043    2.83727    0.076836    90       724      
 1152.06 74      1600     2.76094    2.83726    0.0763125   83       749      
 1210    77      1657     2.7613     2.83717    0.0758735   97       771      
 1265.85 79      1703     2.76256    2.83714    0.0745778   111      792      
 1316.45 81      1750     2.76258    2.83712    0.0745495   125      813      
 1377.59 83      1800     2.76258    2.83712    0.0745443   134      837      
 1443.39 86      1850     2.76264    2.83712    0.0744854   157      859      
 1505    88      1909     2.76313    2.83707    0.0739356   157      881      
 1565.85 90      1955     2.76473    2.8368     0.0720683   172      902      
 1633.07 92      2003     2.76475    2.83679    0.0720426   173      923      
 1700.21 94      2051     2.76476    2.83679    0.0720288   177      944      
 1770.25 96      2100     2.7648     2.83679    0.0719948   178      966      
 1849.9  98      2150     2.76517    2.8367     0.071526    158      989      
 1920    100     2200     2.76634    2.83668    0.0703389   133      1013     
 2004.58 102     2250     2.76695    2.83663    0.0696712   148      1036     
 2078.16 104     2300     2.767      2.83662    0.069625    155      1058     
 2149.47 106     2350     2.76701    2.83661    0.0696012   170      1078     
 2228.24 108     2400     2.76707    2.83659    0.0695263   183      1101     
Writing policy file: ./2aa3295f003_110_2314.29.policy
Intermediate policy written(interval: 2000)
 2314.29 110     2450     2.76709    2.83659    0.0695003   181      1124     
 2406.95 112     2500     2.7671     2.83659    0.0694887   189      1148     
 2498.53 114     2550     2.76711    2.83658    0.0694778   197      1169     
 2593.93 116     2600     2.76711    2.83658    0.0694741   213      1190     
 2688.1  118     2650     2.76712    2.83658    0.0694624   230      1210     
 2806.19 120     2700     2.76714    2.83658    0.0694406   182      1233     
 2912.43 123     2750     2.76751    2.83654    0.0690277   116      1254     
 3032.32 125     2809     2.76957    2.83627    0.0667012   111      1277     
 3148.76 127     2859     2.76961    2.83627    0.0666651   131      1298     
 3266.09 129     2909     2.76963    2.83627    0.066639    145      1320     
 3383.66 131     2957     2.76964    2.83626    0.0666184   150      1341     
 3507.04 133     3009     2.76966    2.83626    0.0665955   152      1364     
 3643.07 135     3061     2.76969    2.83625    0.0665637   154      1387     
 3756.45 137     3109     2.76969    2.83625    0.0665576   175      1407     
 3890.15 139     3157     2.76969    2.83625    0.0665568   180      1428     
 4028.68 141     3205     2.76977    2.83624    0.0664708   187      1448     
 4165.56 143     3255     2.76978    2.83624    0.0664628   215      1469     
 4295.97 145     3305     2.76979    2.83624    0.0664523   230      1490     
Writing policy file: ./2aa3295f003_147_4454.31.policy
Intermediate policy written(interval: 2000)
 4454.31 147     3355     2.76979    2.83624    0.0664472   250      1511     
 4614.49 149     3405     2.76979    2.83623    0.0664412   266      1532     
 4750.23 151     3451     2.76979    2.83623    0.0664377   266      1551     
 4919.31 153     3500     2.7698     2.83623    0.0664309   281      1572     
 5091.1  155     3550     2.77007    2.83619    0.0661248   247      1595     
 5234.8  157     3600     2.77013    2.83619    0.0660594   199      1617     
 5392.58 159     3650     2.77014    2.83619    0.0660517   188      1638     
 5555.17 161     3700     2.77014    2.83619    0.0660463   203      1661     
 5725.08 163     3750     2.77014    2.83619    0.0660443   221      1684     
 5872.18 166     3811     2.77015    2.83618    0.0660327   250      1704     
 6026.92 168     3861     2.77016    2.83618    0.0660283   265      1725     
 6186.15 170     3909     2.77017    2.83618    0.0660145   274      1745     
 6354.34 172     3957     2.77017    2.83618    0.0660103   278      1765     
Writing policy file: ./2aa3295f003_174_6564.84.policy
Intermediate policy written(interval: 2000)
 6564.84 174     4007     2.7704     2.83617    0.0657676   289      1787     
 6715.54 176     4053     2.7704     2.83617    0.0657657   290      1806     
 6866.42 178     4100     2.7704     2.83617    0.0657646   302      1826     
 7035.76 180     4150     2.7704     2.83616    0.0657606   304      1848     
 7211.56 182     4200     2.7704     2.83616    0.06576     305      1869     
 7391.28 184     4250     2.7704     2.83616    0.0657578   322      1891     
 7578.61 186     4300     2.77041    2.83616    0.0657521   333      1913     
 7759.32 188     4350     2.77042    2.83616    0.0657408   343      1936     
 7981.51 190     4400     2.77085    2.83605    0.0652058   354      1959     
 8144.23 193     4461     2.77085    2.83605    0.0652027   373      1978     
 8309.3  195     4507     2.77086    2.83605    0.065197    376      1997     
 8502.42 197     4557     2.7709     2.83605    0.0651555   276      2019     
Writing policy file: ./2aa3295f003_199_8706.77.policy
Intermediate policy written(interval: 2000)
 8706.77 199     4605     2.77175    2.83558    0.0638292   190      2040     
 8852.58 201     4651     2.77178    2.83558    0.0638012   152      2059     
 9033.65 203     4700     2.77195    2.83554    0.0635886   139      2085     
 9211.43 205     4750     2.77199    2.83554    0.063551    147      2107     
 9358.47 208     4800     2.772      2.83553    0.0635345   171      2127     
 9444.81 210     4853     2.77205    2.83553    0.063484    160      2144     
 9622.37 212     4901     2.77233    2.83534    0.0630124   158      2167     
 9763.86 214     4950     2.77235    2.83533    0.0629824   146      2187     
 9915.07 216     5000     2.77236    2.83533    0.0629727   160      2210     
 10050   218     5050     2.77239    2.83533    0.0629352   170      2233     
 10177   220     5100     2.77378    2.83528    0.0615064   170      2254     
 10308.6 222     5150     2.77385    2.83528    0.0614315   179      2277     
 10442.8 224     5200     2.77389    2.83528    0.0613951   190      2299     
 10548.9 227     5250     2.77389    2.83528    0.0613893   211      2319     
 10653.4 229     5309     2.77421    2.83523    0.0610203   196      2339     
Writing policy file: ./2aa3295f003_231_10762.8.policy
Intermediate policy written(interval: 2000)
 10762.8 231     5357     2.77442    2.83514    0.060723    182      2360     
-------------------------------------------------------------------------------

SARSOP finishing ...
  Preset timeout reached
  Timeout     : 10000.000000s
  Actual Time : 10762.770000s

-------------------------------------------------------------------------------
 Time   |#Trial |#Backup |LBound    |UBound    |Precision  |#Alphas |#Beliefs  
-------------------------------------------------------------------------------
 10762.8 231     5357     2.77442    2.83514    0.060723    182      2360     
-------------------------------------------------------------------------------

Writing out policy ...
  output file : ./2aa3295f003.policyx

