
Loading the model ...
  input file   : /home/rstudio/pomdp-ram/notebook/compare_policies_alphas/compare_policies.pomdpx
  loading time : 4.28s 

SARSOP initializing ...
  initialization time : 764.85s

-------------------------------------------------------------------------------
 Time   |#Trial |#Backup |LBound    |UBound    |Precision  |#Alphas |#Beliefs  
-------------------------------------------------------------------------------
 764.85  0       0        2.23559    3.86851    1.63292     100      1        
 774.22  3       53       2.84787    3.43067    0.582797    20       28       
 793.44  5       100      3.01103    3.42864    0.417609    20       53       
 824.74  7       150      3.09906    3.42699    0.327933    17       80       
 865.46  10      211      3.16779    3.42463    0.256833    18       107      
 912.35  12      261      3.19498    3.42362    0.228641    17       132      
 968.91  14      311      3.21357    3.42232    0.208746    16       157      
 1035.22 16      350      3.21812    3.42186    0.203743    16       182      
 1104.97 17      400      3.22424    3.42057    0.196324    18       205      
 1186.1  19      450      3.23025    3.41913    0.188882    22       230      
 1273.58 22      511      3.23849    3.4181     0.179612    17       254      
 1369.71 24      550      3.24007    3.41684    0.176772    20       278      
 1472.4  26      600      3.24214    3.41636    0.174221    25       301      
 1593.46 27      650      3.24347    3.41561    0.172138    31       325      
 1711.67 29      700      3.24471    3.41496    0.170255    28       348      
 1822.13 31      750      3.24823    3.41386    0.165639    26       371      
 1942.44 33      800      3.24957    3.4134     0.16383     27       393      
 2069.23 35      850      3.25038    3.41303    0.162652    31       415      
 2228.54 37      903      3.25105    3.41182    0.160764    31       440      
 2365.12 39      953      3.25221    3.41145    0.159237    29       463      
 2525.85 41      1007     3.25277    3.41107    0.158296    32       488      
 2685.48 43      1057     3.25347    3.41071    0.157236    29       511      
 2867.26 45      1109     3.25389    3.41023    0.156335    33       535      
 3036.42 47      1161     3.25419    3.41008    0.155881    39       558      
 3223.01 49      1200     3.25439    3.40994    0.155551    44       582      
 3408.55 50      1250     3.25633    3.4094     0.153067    42       606      
 3547.5  52      1300     3.25717    3.40889    0.151714    36       628      
 3699.16 54      1350     3.25777    3.4084     0.150626    45       650      
 3876.43 56      1400     3.25809    3.40783    0.149746    41       674      
 4044.83 58      1450     3.25836    3.40737    0.149012    46       695      
 4228.82 60      1500     3.25857    3.40721    0.148639    45       718      
 4427.59 62      1550     3.25868    3.40709    0.148415    43       741      
 4643.2  64      1601     3.25883    3.40689    0.148065    47       764      
 4866.91 66      1651     3.26062    3.40675    0.146128    51       787      
 5061.26 68      1703     3.26103    3.40641    0.145374    47       810      
 5295.11 70      1755     3.26129    3.40628    0.144997    43       834      
 5536.39 72      1807     3.26148    3.40614    0.144663    43       857      
 5796.05 74      1855     3.2617     3.40583    0.144131    38       879      
 6046.16 76      1905     3.26184    3.40575    0.143908    43       900      
 6330.94 78      1955     3.26201    3.40569    0.143677    39       923      
 6637.08 80      2007     3.26209    3.40547    0.143385    52       946      
 6974.9  82      2055     3.26229    3.40528    0.14299     49       969      
 7341.96 84      2105     3.26246    3.40472    0.142262    51       992      
 7775.01 86      2157     3.26347    3.40425    0.14078     48       1017     
 8226.3  88      2209     3.26355    3.40419    0.140645    55       1040     
 8759.06 90      2261     3.26364    3.40404    0.140396    59       1064     
 9337.14 92      2300     3.26368    3.40398    0.140304    66       1088     
 9944.48 94      2350     3.26372    3.40391    0.140185    75       1111     
 10600.1 95      2400     3.26373    3.40376    0.140026    89       1134     
-------------------------------------------------------------------------------

SARSOP finishing ...
  Preset timeout reached
  Timeout     : 10000.000000s
  Actual Time : 10600.060000s

-------------------------------------------------------------------------------
 Time   |#Trial |#Backup |LBound    |UBound    |Precision  |#Alphas |#Beliefs  
-------------------------------------------------------------------------------
 10600.1 95      2400     3.26373    3.40376    0.140026    89       1134     
-------------------------------------------------------------------------------

Writing out policy ...
  output file : compare_policies_alphas/compare_policies.policyx

