
Loading the model ...
  input file   : /home/rstudio/pomdp-solutions-library/tuna/564713463fd.pomdpx
  loading time : 23.22s 

SARSOP initializing ...
  initialization time : 17306.11s

-------------------------------------------------------------------------------
 Time   |#Trial |#Backup |LBound    |UBound    |Precision  |#Alphas |#Beliefs  
-------------------------------------------------------------------------------
 17306.1 0       0        2.57121    3.82643    1.25522     100      1        
 17352.5 3       50       3.44361    3.80847    0.364857    147      30       
 17427.2 5       100      3.54435    3.80844    0.26409     92       49       
 17542.3 6       150      3.59518    3.80844    0.213257    108      82       
 17649.2 8       209      3.65256    3.80843    0.155865    69       100      
 17749.9 9       250      3.66294    3.80843    0.145489    52       123      
 17846.2 10      300      3.68553    3.80843    0.122894    57       151      
 18011.5 12      363      3.72122    3.8079     0.0866756   60       175      
 18193.3 13      415      3.72784    3.80789    0.0800535   53       200      
Writing policy file: tuna//564713463fd_14_18351.9.policy
Intermediate policy written(interval: 1000)
 18351.9 14      453      3.72958    3.80789    0.0783113   59       218      
 18648.1 16      511      3.73883    3.80789    0.069063    48       246      
 18983.8 17      550      3.7474     3.80771    0.060314    42       272      
 19253.1 19      605      3.75053    3.80771    0.0571806   41       291      
 19321.5 19      650      3.75053    3.80771    0.0571806   56       336      
Writing policy file: tuna//564713463fd_19_19406.6.policy
Intermediate policy written(interval: 1000)
 19406.6 19      700      3.75053    3.80771    0.0571806   51       386      
 19477.4 20      829      3.75111    3.8077     0.0565841   57       403      
 19484.9 20      830      3.75111    3.8077     0.0565841   57       404      
 19581.9 21      859      3.76027    3.8077     0.0474308   62       417      
 19888.8 22      911      3.76176    3.8077     0.045936    67       442      
 20204   23      955      3.76345    3.8077     0.0442457   65       464      
Writing policy file: tuna//564713463fd_24_20606.7.policy
Intermediate policy written(interval: 1000)
 20606.7 24      1000     3.76887    3.80721    0.0383387   71       488      
Memory limit reached, trying to write out policy

-------------------------------------------------------------------------------
 Time   |#Trial |#Backup |LBound    |UBound    |Precision  |#Alphas |#Beliefs  
-------------------------------------------------------------------------------
 20641.1 24      1002     3.76887    3.80721    0.0383387   73       489      
-------------------------------------------------------------------------------

Writing out policy ...
  output file : tuna//564713463fd.policyx

