
Loading the model ...
  input file   : /root/pomdpplus/inst/notebook/tuna-100/404d2c6c11.pomdpx
  loading time : 4.14s 

SARSOP initializing ...
  initialization time : 782.07s

-------------------------------------------------------------------------------
 Time   |#Trial |#Backup |LBound    |UBound    |Precision  |#Alphas |#Beliefs  
-------------------------------------------------------------------------------
 782.07  0       0        1.7601     2.55391    0.793808    100      1        
 787.91  3       50       2.2466     2.54124    0.294638    146      28       
 799.69  5       100      2.33191    2.54087    0.208959    84       52       
 814.88  7       167      2.3936     2.54086    0.147261    111      81       
 828.05  8       200      2.4126     2.54086    0.12826     94       99       
 833.96  8       250      2.4126     2.54086    0.12826     87       149      
 838.77  9       347      2.42606    2.54085    0.114792    78       170      
 840.8   9       350      2.42606    2.54085    0.114792    67       173      
 865.79  10      400      2.44095    2.54084    0.0998926   55       202      
 892.89  12      467      2.46579    2.54071    0.0749167   61       228      
 915.63  13      500      2.46767    2.5407     0.0730358   63       245      
 936.46  15      555      2.48698    2.5407     0.0537252   57       270      
 966.41  16      603      2.49005    2.5407     0.0506498   61       293      
 1021.25 17      650      2.49124    2.5407     0.0494607   63       321      
 1073.44 19      719      2.50345    2.54062    0.0371693   55       348      
 1083    19      750      2.50345    2.54062    0.0371693   55       379      
 1101.07 19      800      2.50345    2.54062    0.0371693   54       429      
 1122.6  19      850      2.50345    2.54062    0.0371693   68       479      
 1126.5  20      983      2.50427    2.5406     0.0363288   69       479      
 1128.98 20      984      2.50427    2.5406     0.0363288   70       480      
 1165.98 20      1000     2.50427    2.5406     0.0363288   79       496      
 1216.11 22      1059     2.50562    2.5406     0.0349765   78       515      
 1289.21 24      1111     2.51052    2.54049    0.0299712   74       540      
 1347.02 25      1150     2.5114     2.54049    0.0290907   77       559      
 1405.65 26      1200     2.51158    2.54049    0.0289128   63       588      
 1436.07 26      1250     2.51158    2.54049    0.0289128   69       638      
 1464.51 27      1391     2.51285    2.54049    0.0276375   89       675      
 1467.21 27      1392     2.51285    2.54049    0.0276375   90       676      
 1489.49 27      1400     2.51285    2.54049    0.0276375   91       684      
 1564.69 29      1459     2.51377    2.54049    0.0267128   85       708      
 1663.12 30      1500     2.51622    2.54012    0.0239029   94       734      
 1756.76 32      1550     2.51634    2.54012    0.0237781   94       760      
 1827.51 33      1603     2.51669    2.54012    0.0234316   87       777      
 1876.4  33      1650     2.51669    2.54012    0.0234316   85       824      
 1928.13 33      1700     2.51669    2.54012    0.0234316   90       874      
 1949.24 34      1825     2.51692    2.54012    0.023205    106      887      
 1953.46 34      1826     2.51692    2.54012    0.023205    107      888      
 2012.77 35      1857     2.51712    2.54012    0.0229986   103      902      
 2068.56 36      1900     2.51781    2.54012    0.0223113   109      916      
 2169.77 38      1975     2.52055    2.54012    0.0195733   108      945      
 2268.17 39      2023     2.52057    2.54012    0.019545    108      968      
 2358.41 40      2065     2.52063    2.54012    0.0194853   106      987      
 2445.44 41      2103     2.52083    2.54012    0.0192857   104      1005     
 2582.41 42      2150     2.52101    2.54012    0.0191121   114      1031     
 2702.62 44      2205     2.52115    2.54012    0.0189639   115      1052     
 2874.24 45      2250     2.52336    2.54004    0.0166845   118      1080     
 2994.29 46      2300     2.52348    2.54004    0.0165617   119      1101     
 3139.81 47      2350     2.52349    2.54004    0.0165494   118      1124     
 3305.29 48      2400     2.52353    2.54004    0.016516    118      1149     
 3480.43 49      2450     2.52358    2.54004    0.0164645   113      1175     
 3640.73 51      2519     2.52379    2.54004    0.0162504   112      1198     
 3778.86 52      2559     2.52391    2.54004    0.0161333   124      1216     
 3919.83 53      2600     2.52393    2.54004    0.0161141   119      1235     
 4156.44 54      2650     2.52393    2.54004    0.016113    112      1265     
 4316.3  56      2711     2.52409    2.54004    0.0159483   119      1287     
 4374.59 56      2750     2.52409    2.54004    0.0159483   104      1326     
 4445.65 56      2800     2.52409    2.54004    0.0159483   99       1376     
 4486.81 57      2937     2.52415    2.54003    0.0158853   105      1399     
 4494.19 57      2938     2.52415    2.54003    0.0158853   106      1400     
 4583.6  57      2950     2.52415    2.54003    0.0158853   114      1412     
 4744.28 59      3011     2.52418    2.54003    0.0158571   110      1434     
 4898.84 60      3050     2.52422    2.54003    0.0158164   111      1454     
 5112.83 62      3113     2.52507    2.53995    0.0148842   120      1482     
 5268.27 63      3159     2.52511    2.53995    0.0148429   124      1503     
 5431.04 64      3205     2.52523    2.53995    0.0147217   116      1525     
 5576.46 65      3250     2.52524    2.53995    0.0147132   117      1546     
 5774.44 66      3300     2.52525    2.53995    0.014704    127      1573     
Writing policy file: tuna-100/404d2c6c11_67_5974.32.policy
Intermediate policy written(interval: 5000)
 5974.32 67      3350     2.52526    2.53995    0.0146951   129      1600     
 6148.01 69      3417     2.5253     2.53995    0.0146497   120      1624     
 6263.65 70      3457     2.52531    2.53995    0.0146396   117      1643     
 6447.03 71      3500     2.52534    2.53995    0.0146106   120      1665     
 6669.86 72      3550     2.52535    2.53995    0.0146011   129      1694     
 6818.75 74      3609     2.52539    2.53995    0.0145574   125      1712     
 6980.16 75      3650     2.5254     2.53995    0.014548    132      1732     
 7235.21 76      3700     2.52542    2.53995    0.0145259   131      1762     
 7400.34 78      3757     2.52544    2.53995    0.0145067   126      1780     
 7617.33 79      3800     2.52552    2.53995    0.0144284   123      1802     
 7895.21 81      3867     2.52554    2.53995    0.0144065   120      1829     
 8071.07 82      3903     2.52554    2.53995    0.0144041   123      1845     
 8394.27 83      3950     2.52554    2.53995    0.0144039   137      1872     
 8660.02 85      4009     2.52555    2.53995    0.0143961   138      1893     
 8959.82 86      4050     2.52556    2.53995    0.0143864   135      1914     
 9341.88 88      4113     2.5256     2.53994    0.0143476   142      1940     
 9639.27 89      4150     2.52561    2.53994    0.014338    131      1959     
 10067   91      4215     2.52561    2.53994    0.014337    135      1987     
 10320   92      4250     2.52561    2.53994    0.0143359   137      2003     
 10765.4 94      4315     2.52561    2.53994    0.0143353   130      2032     
Writing policy file: tuna-100/404d2c6c11_95_11019.3.policy
Intermediate policy written(interval: 5000)
 11019.3 95      4350     2.52561    2.53994    0.0143308   139      2048     
 11497   97      4413     2.52564    2.53994    0.0143047   136      2075     
 11827.4 98      4450     2.52564    2.53994    0.0143018   144      2094     
 12282.4 100     4509     2.52565    2.53994    0.0142972   137      2119     
 12568.3 101     4550     2.52565    2.53994    0.014296    136      2141     
 12684.5 101     4600     2.52565    2.53994    0.014296    142      2191     
 12807.5 101     4650     2.52565    2.53994    0.014296    152      2241     
 12850.7 102     4781     2.52573    2.53994    0.0142169   158      2251     
 12869.5 102     4782     2.52573    2.53994    0.0142169   159      2252     
 13122.8 103     4813     2.52573    2.53994    0.0142096   162      2266     
 13444.5 104     4850     2.52574    2.53994    0.0142051   156      2284     
 13908.9 106     4911     2.52574    2.53994    0.0142019   162      2309     
 14299.9 107     4950     2.52574    2.53994    0.0142015   161      2329     
 14736.6 109     5007     2.52576    2.53994    0.0141805   156      2351     
 15205.3 110     5050     2.52576    2.53994    0.0141788   166      2373     
 15597   112     5103     2.52576    2.53994    0.0141778   169      2391     
Writing policy file: tuna-100/404d2c6c11_114_16206.2.policy
Intermediate policy written(interval: 5000)
 16206.2 114     5165     2.52577    2.53994    0.0141765   163      2418     
 16564.1 115     5200     2.52577    2.53994    0.0141725   162      2434     
 17158.6 117     5259     2.52577    2.53994    0.0141719   164      2459     
 17749.9 118     5300     2.52577    2.53994    0.0141688   171      2482     
 18218.5 120     5350     2.52645    2.53989    0.0134338   185      2500     
 18858.3 121     5400     2.52645    2.53988    0.0134322   193      2526     
 19591.5 122     5450     2.52645    2.53988    0.0134321   193      2553     
 20234.2 124     5519     2.52645    2.53988    0.0134319   189      2577     
 20760.3 125     5561     2.52645    2.53988    0.0134318   199      2596     
Writing policy file: tuna-100/404d2c6c11_126_21273.9.policy
Intermediate policy written(interval: 5000)
 21273.9 126     5603     2.52645    2.53988    0.0134318   191      2614     
 21990.8 127     5650     2.52645    2.53988    0.0134317   201      2638     
 22823.4 128     5700     2.52645    2.53988    0.0134316   184      2666     
 23459.5 130     5763     2.52645    2.53988    0.0134315   184      2686     
 24020.4 131     5803     2.52645    2.53988    0.0134315   177      2704     
 24821.9 132     5850     2.52645    2.53988    0.0134314   171      2729     
 25500.1 133     5900     2.52649    2.53988    0.0133933   156      2757     
 25911.9 135     5959     2.5265     2.53988    0.013383    151      2774     
Writing policy file: tuna-100/404d2c6c11_136_26350.4.policy
Intermediate policy written(interval: 5000)
 26350.4 136     6000     2.5265     2.53988    0.0133823   159      2793     
 27013.6 137     6050     2.5265     2.53988    0.0133821   163      2822     
 27461.9 139     6111     2.5265     2.53988    0.0133799   180      2842     
 27827.3 140     6150     2.5265     2.53988    0.0133797   189      2859     
 28476.1 141     6200     2.52651    2.53988    0.0133791   199      2889     
 28893.3 143     6259     2.52651    2.53988    0.0133787   188      2908     
 29334.4 144     6300     2.52651    2.53988    0.0133787   196      2928     
 29977.6 146     6350     2.52651    2.53988    0.0133778   193      2957     
 30335   147     6405     2.52652    2.53988    0.0133634   187      2973     
 30793.9 148     6450     2.52652    2.53988    0.0133631   189      2996     
 31296.7 150     6515     2.52652    2.53988    0.0133622   190      3020     
Writing policy file: tuna-100/404d2c6c11_151_31637.1.policy
Intermediate policy written(interval: 5000)
 31637.1 151     6551     2.52652    2.53988    0.013362    178      3036     
 32290.8 152     6600     2.52652    2.53988    0.0133617   175      3064     
 32781.7 154     6659     2.52653    2.53988    0.0133578   170      3084     
 33256.8 155     6700     2.52653    2.53988    0.0133576   179      3104     
 33945.8 157     6765     2.52653    2.53988    0.0133502   181      3130     
 34412.6 158     6801     2.52653    2.53988    0.0133501   187      3146     
 35269   159     6850     2.52653    2.53988    0.01335     189      3176     
 35742.1 161     6905     2.52654    2.53988    0.0133445   193      3192     
 36491.4 162     6950     2.52654    2.53988    0.0133436   202      3216     
Writing policy file: tuna-100/404d2c6c11_164_37227.8.policy
Intermediate policy written(interval: 5000)
 37227.8 164     7011     2.52654    2.53988    0.0133435   206      3239     
 37790.5 165     7050     2.52654    2.53988    0.013342    216      3256     
 38575   167     7115     2.52657    2.53988    0.0133137   200      3284     
 39001.3 168     7150     2.52659    2.53988    0.0132902   190      3300     
 39865   169     7200     2.5266     2.53988    0.0132742   184      3331     
 40337.7 171     7253     2.52662    2.53987    0.0132582   191      3346     
 41002   172     7300     2.52667    2.53987    0.0132064   192      3371     
 41622.5 174     7363     2.52667    2.53987    0.013206    196      3394     
 42074.2 175     7401     2.52667    2.53987    0.0132059   194      3411     
Writing policy file: tuna-100/404d2c6c11_176_42928.1.policy
Intermediate policy written(interval: 5000)
 42928.1 176     7450     2.52667    2.53987    0.0132058   203      3439     
 43521.2 178     7509     2.52667    2.53987    0.0132051   219      3459     
 44133.3 179     7550     2.52667    2.53987    0.0132047   230      3479     
 45006.3 181     7617     2.52667    2.53987    0.0132046   224      3506     
 45551   182     7653     2.52667    2.53987    0.0132036   225      3523     
 46385.2 183     7700     2.52667    2.53987    0.0132035   223      3547     
 47102.6 185     7759     2.52667    2.53987    0.0132021   219      3568     
 47818.7 186     7800     2.52667    2.53987    0.013202    215      3588     
Writing policy file: tuna-100/404d2c6c11_188_48760.3.policy
Intermediate policy written(interval: 5000)
 48760.3 188     7863     2.52668    2.53987    0.013195    214      3613     
 49380.4 189     7900     2.52668    2.53987    0.0131949   224      3629     
 50510.9 191     7950     2.52668    2.53987    0.0131949   227      3658     
 51122.1 192     8001     2.52668    2.53987    0.0131946   225      3673     
 52301.5 193     8050     2.52668    2.53987    0.0131944   216      3702     
 52953.8 195     8103     2.52669    2.53987    0.0131841   214      3718     
Writing policy file: tuna-100/404d2c6c11_196_54005.2.policy
Intermediate policy written(interval: 5000)
 54005.2 196     8150     2.52669    2.53987    0.0131835   207      3745     
-------------------------------------------------------------------------------

SARSOP finishing ...
  Preset timeout reached
  Timeout     : 50000.000000s
  Actual Time : 54005.230000s

-------------------------------------------------------------------------------
 Time   |#Trial |#Backup |LBound    |UBound    |Precision  |#Alphas |#Beliefs  
-------------------------------------------------------------------------------
 54005.2 196     8150     2.52669    2.53987    0.0131835   207      3745     
-------------------------------------------------------------------------------

Writing out policy ...
  output file : tuna-100/404d2c6c11.policyx

