
Loading the model ...
  input file   : /home/rstudio/pomdp-solutions-library/tuna/55e713463fd.pomdpx
  loading time : 21.83s 

SARSOP initializing ...
  initialization time : 16092.77s

-------------------------------------------------------------------------------
 Time   |#Trial |#Backup |LBound    |UBound    |Precision  |#Alphas |#Beliefs  
-------------------------------------------------------------------------------
 16092.8 0       0        1.7601     2.5537     0.7936      100      1        
 16096.9 2       50       2.29652    2.54132    0.244799    146      34       
 16100.1 3       105      2.31861    2.54132    0.222716    201      47       
 16119.3 5       175      2.41396    2.54131    0.127353    114      81       
 16125.7 6       203      2.42963    2.54131    0.111682    122      95       
 16137.1 8       265      2.46889    2.5413     0.0724083   114      126      
 16148.7 9       313      2.48278    2.5413     0.0585152   79       150      
 16150.7 9       350      2.48278    2.5413     0.0585152   79       185      
 16154.7 10      469      2.48738    2.5413     0.0539178   66       187      
 16154.9 10      470      2.48738    2.5413     0.0539178   56       187      
 16164.3 11      521      2.49438    2.5413     0.0469201   49       205      
 16172.6 12      555      2.50422    2.54129    0.0370706   36       222      
 16186.2 13      600      2.50818    2.54129    0.0331092   36       247      
 16201   15      659      2.51431    2.54128    0.0269676   27       273      
 16207.7 16      700      2.52042    2.54128    0.0208546   31       296      
 16221.3 17      750      2.52367    2.54127    0.0176057   30       320      
 16237.9 18      800      2.52537    2.54127    0.0158926   30       346      
 16257.2 20      867      2.5285     2.54126    0.0127627   27       373      
 16257.9 20      900      2.5285     2.54126    0.0127627   42       373      
 16259.6 20      950      2.5285     2.54126    0.0127627   45       381      
 16263.2 21      1035     2.52972    2.54126    0.0115436   41       382      
 16271.7 21      1050     2.52972    2.54126    0.0115436   43       397      
 16289.2 22      1100     2.53096    2.54126    0.0102981   41       421      
 16310.8 23      1150     2.53218    2.54126    0.00907937  41       447      
 16321.2 24      1200     2.53288    2.54125    0.00836771  41       460      
 16332.8 25      1250     2.53416    2.54125    0.0070919   40       477      
 16348.6 26      1305     2.53457    2.54125    0.00668506  37       498      
 16373.1 27      1365     2.53503    2.54125    0.00621528  36       528      
 16399.5 28      1423     2.53557    2.54125    0.00567442  41       557      
 16423.1 28      1450     2.53557    2.54125    0.00567442  44       584      
 16430.9 29      1500     2.53602    2.54124    0.00522362  39       588      
 16437.1 30      1611     2.53617    2.54124    0.00507268  50       589      
 16438.6 30      1612     2.53617    2.54124    0.00507268  51       590      
 16472.5 31      1685     2.53643    2.54123    0.00480252  58       625      
 16483   31      1700     2.53643    2.54123    0.00480252  58       637      
 16507.4 32      1757     2.53653    2.54123    0.00470456  54       658      
 16546.8 33      1823     2.53673    2.54123    0.00449964  58       691      
 16577.3 33      1850     2.53673    2.54123    0.00449964  51       718      
 16600.5 34      1900     2.53694    2.54122    0.00428305  52       733      
 16645.1 35      1967     2.53706    2.54122    0.00415785  53       763      
 16689   35      2000     2.53706    2.54122    0.00415785  53       796      
 16709.9 36      2050     2.53719    2.54121    0.00402298  52       809      
 16756.3 37      2115     2.53729    2.54121    0.00392311  55       837      
 16807.5 37      2150     2.53729    2.54121    0.00392311  52       872      
 16825.5 38      2200     2.5374     2.54121    0.00381114  53       884      
 16872.3 39      2265     2.53747    2.54121    0.00373414  49       910      
 16874.5 39      2300     2.53747    2.54121    0.00373414  52       911      
 16891   40      2429     2.53768    2.54121    0.00352583  67       951      
 16893.2 40      2430     2.53768    2.54121    0.00352583  66       952      
 16915.4 40      2450     2.53768    2.54121    0.00352583  62       972      
 16948.8 41      2515     2.53775    2.5412     0.00345283  67       994      
 16996   41      2550     2.53775    2.5412     0.00345283  75       1029     
 17012.8 42      2601     2.53786    2.5412     0.00334035  70       1036     
 17083   43      2689     2.53794    2.5412     0.003253    68       1080     
Writing policy file: tuna//55e713463fd_43_17099.4.policy
Intermediate policy written(interval: 1000)
 17099.4 43      2700     2.53794    2.5412     0.003253    72       1091     
 17159.7 44      2779     2.538      2.54119    0.00319909  66       1124     
 17191   44      2800     2.538      2.54119    0.00319909  66       1144     
 17242.8 45      2869     2.53803    2.54119    0.0031667   66       1168     
 17297.4 45      2900     2.53803    2.54119    0.0031667   79       1199     
 17333   46      2959     2.53808    2.54119    0.00311371  66       1213     
 17411.7 46      3000     2.53808    2.54119    0.00311371  69       1254     
 17430.8 47      3050     2.53812    2.54119    0.00307031  69       1259     
 17535   48      3141     2.53816    2.54118    0.00302434  65       1304     
 17553.8 48      3150     2.53816    2.54118    0.00302434  67       1313     
 17648.3 49      3235     2.53821    2.54118    0.00296306  66       1350     
 17676   49      3250     2.53821    2.54118    0.00296306  65       1364     
 17761   50      3331     2.53823    2.54118    0.00294467  63       1397     
 17801.9 50      3350     2.53823    2.54118    0.00294467  68       1416     
 17885.4 51      3425     2.53826    2.54117    0.0029083   63       1444     
 17941.4 51      3450     2.53826    2.54117    0.0029083   68       1469     
 18018   52      3519     2.53829    2.54117    0.00287442  61       1491     
 18092.6 52      3550     2.53829    2.54117    0.00287442  77       1522     
Writing policy file: tuna//55e713463fd_53_18150.8.policy
Intermediate policy written(interval: 1000)
 18150.8 53      3613     2.53832    2.54116    0.00284125  69       1538     
 18251.1 53      3650     2.53832    2.54116    0.00284125  67       1575     
 18295.1 54      3709     2.53837    2.54116    0.00279141  70       1585     
 18394.8 54      3750     2.53837    2.54116    0.00279141  78       1626     
 18424.8 55      3807     2.53838    2.54116    0.00278164  75       1633     
 18536.3 55      3850     2.53838    2.54116    0.00278164  68       1676     
 18564.5 56      3905     2.53839    2.54116    0.00277404  70       1682     
 18692.5 56      3950     2.53839    2.54116    0.00277404  71       1727     
 18715.8 57      4005     2.53841    2.54116    0.00275048  67       1731     
Memory limit reached, trying to write out policy

-------------------------------------------------------------------------------
 Time   |#Trial |#Backup |LBound    |UBound    |Precision  |#Alphas |#Beliefs  
-------------------------------------------------------------------------------
 18722.5 57      4010     2.53841    2.54116    0.00275048  72       1734     
-------------------------------------------------------------------------------

Writing out policy ...
  output file : tuna//55e713463fd.policyx

